07/18/2022 02:58:44 - INFO - __main__ - **************** MODEL CONFIGURATION ****************
07/18/2022 02:58:44 - INFO - __main__ - bart_training             -->   True
07/18/2022 02:58:44 - INFO - __main__ - device                    -->   0
07/18/2022 02:58:44 - INFO - __main__ - group_beam                -->   True
07/18/2022 02:58:44 - INFO - __main__ - if_then                   -->   False
07/18/2022 02:58:44 - INFO - __main__ - inductor                  -->   rule
07/18/2022 02:58:44 - INFO - __main__ - log_dir                   -->   logs_new_new/
07/18/2022 02:58:44 - INFO - __main__ - log_name                  -->   debug
07/18/2022 02:58:44 - INFO - __main__ - mlm_training              -->   True
07/18/2022 02:58:44 - INFO - __main__ - task                      -->   semeval
07/18/2022 02:58:44 - INFO - __main__ - **************** MODEL CONFIGURATION ****************
07/18/2022 03:02:02 - INFO - __main__ - **************** MODEL CONFIGURATION ****************
07/18/2022 03:02:02 - INFO - __main__ - bart_training             -->   True
07/18/2022 03:02:02 - INFO - __main__ - device                    -->   0
07/18/2022 03:02:02 - INFO - __main__ - group_beam                -->   True
07/18/2022 03:02:02 - INFO - __main__ - if_then                   -->   False
07/18/2022 03:02:02 - INFO - __main__ - inductor                  -->   rule
07/18/2022 03:02:02 - INFO - __main__ - log_dir                   -->   logs_new_new/
07/18/2022 03:02:02 - INFO - __main__ - log_name                  -->   debug
07/18/2022 03:02:02 - INFO - __main__ - mlm_training              -->   True
07/18/2022 03:02:02 - INFO - __main__ - task                      -->   openrule155
07/18/2022 03:02:02 - INFO - __main__ - **************** MODEL CONFIGURATION ****************
07/18/2022 03:10:03 - INFO - __main__ - **************** MODEL CONFIGURATION ****************
07/18/2022 03:10:03 - INFO - __main__ - bart_training             -->   True
07/18/2022 03:10:03 - INFO - __main__ - device                    -->   0
07/18/2022 03:10:03 - INFO - __main__ - group_beam                -->   True
07/18/2022 03:10:03 - INFO - __main__ - if_then                   -->   False
07/18/2022 03:10:03 - INFO - __main__ - inductor                  -->   rule
07/18/2022 03:10:03 - INFO - __main__ - log_dir                   -->   logs_new_new/
07/18/2022 03:10:03 - INFO - __main__ - log_name                  -->   debug
07/18/2022 03:10:03 - INFO - __main__ - mlm_training              -->   True
07/18/2022 03:10:03 - INFO - __main__ - task                      -->   openrule155
07/18/2022 03:10:03 - INFO - __main__ - **************** MODEL CONFIGURATION ****************
07/18/2022 03:13:30 - INFO - __main__ - **************** MODEL CONFIGURATION ****************
07/18/2022 03:13:30 - INFO - __main__ - bart_training             -->   True
07/18/2022 03:13:30 - INFO - __main__ - device                    -->   0
07/18/2022 03:13:30 - INFO - __main__ - group_beam                -->   True
07/18/2022 03:13:30 - INFO - __main__ - if_then                   -->   False
07/18/2022 03:13:30 - INFO - __main__ - inductor                  -->   rule
07/18/2022 03:13:30 - INFO - __main__ - log_dir                   -->   logs_new_new/
07/18/2022 03:13:30 - INFO - __main__ - log_name                  -->   debug
07/18/2022 03:13:30 - INFO - __main__ - mlm_training              -->   True
07/18/2022 03:13:30 - INFO - __main__ - task                      -->   openrule155
07/18/2022 03:13:30 - INFO - __main__ - **************** MODEL CONFIGURATION ****************
07/18/2022 03:15:36 - INFO - __main__ - **************** MODEL CONFIGURATION ****************
07/18/2022 03:15:36 - INFO - __main__ - bart_training             -->   True
07/18/2022 03:15:36 - INFO - __main__ - device                    -->   0
07/18/2022 03:15:36 - INFO - __main__ - group_beam                -->   True
07/18/2022 03:15:36 - INFO - __main__ - if_then                   -->   False
07/18/2022 03:15:36 - INFO - __main__ - inductor                  -->   rule
07/18/2022 03:15:36 - INFO - __main__ - log_dir                   -->   logs_new_new/
07/18/2022 03:15:36 - INFO - __main__ - log_name                  -->   debug
07/18/2022 03:15:36 - INFO - __main__ - mlm_training              -->   True
07/18/2022 03:15:36 - INFO - __main__ - task                      -->   openrule155
07/18/2022 03:15:36 - INFO - __main__ - **************** MODEL CONFIGURATION ****************
07/18/2022 03:28:51 - INFO - __main__ - **************** MODEL CONFIGURATION ****************
07/18/2022 03:28:51 - INFO - __main__ - bart_training             -->   True
07/18/2022 03:28:51 - INFO - __main__ - device                    -->   0
07/18/2022 03:28:51 - INFO - __main__ - group_beam                -->   True
07/18/2022 03:28:51 - INFO - __main__ - if_then                   -->   False
07/18/2022 03:28:51 - INFO - __main__ - inductor                  -->   rule
07/18/2022 03:28:51 - INFO - __main__ - log_dir                   -->   logs_new_new/
07/18/2022 03:28:51 - INFO - __main__ - log_name                  -->   debug
07/18/2022 03:28:51 - INFO - __main__ - mlm_training              -->   True
07/18/2022 03:28:51 - INFO - __main__ - task                      -->   openrule155
07/18/2022 03:28:51 - INFO - __main__ - **************** MODEL CONFIGURATION ****************
07/18/2022 03:30:05 - INFO - __main__ - **************** MODEL CONFIGURATION ****************
07/18/2022 03:30:05 - INFO - __main__ - bart_training             -->   True
07/18/2022 03:30:05 - INFO - __main__ - device                    -->   0
07/18/2022 03:30:05 - INFO - __main__ - group_beam                -->   True
07/18/2022 03:30:05 - INFO - __main__ - if_then                   -->   False
07/18/2022 03:30:05 - INFO - __main__ - inductor                  -->   rule
07/18/2022 03:30:05 - INFO - __main__ - log_dir                   -->   logs_new_new/
07/18/2022 03:30:05 - INFO - __main__ - log_name                  -->   debug
07/18/2022 03:30:05 - INFO - __main__ - mlm_training              -->   True
07/18/2022 03:30:05 - INFO - __main__ - task                      -->   openrule155
07/18/2022 03:30:05 - INFO - __main__ - **************** MODEL CONFIGURATION ****************
07/18/2022 03:32:29 - INFO - __main__ - **************** MODEL CONFIGURATION ****************
07/18/2022 03:32:29 - INFO - __main__ - bart_training             -->   True
07/18/2022 03:32:29 - INFO - __main__ - device                    -->   0
07/18/2022 03:32:29 - INFO - __main__ - group_beam                -->   True
07/18/2022 03:32:29 - INFO - __main__ - if_then                   -->   False
07/18/2022 03:32:29 - INFO - __main__ - inductor                  -->   rule
07/18/2022 03:32:29 - INFO - __main__ - log_dir                   -->   logs_new_new/
07/18/2022 03:32:29 - INFO - __main__ - log_name                  -->   debug
07/18/2022 03:32:29 - INFO - __main__ - mlm_training              -->   True
07/18/2022 03:32:29 - INFO - __main__ - task                      -->   openrule155
07/18/2022 03:32:29 - INFO - __main__ - **************** MODEL CONFIGURATION ****************
07/18/2022 03:45:29 - INFO - __main__ - **************** MODEL CONFIGURATION ****************
07/18/2022 03:45:29 - INFO - __main__ - bart_training             -->   True
07/18/2022 03:45:29 - INFO - __main__ - device                    -->   0
07/18/2022 03:45:29 - INFO - __main__ - group_beam                -->   True
07/18/2022 03:45:29 - INFO - __main__ - if_then                   -->   False
07/18/2022 03:45:29 - INFO - __main__ - inductor                  -->   rule
07/18/2022 03:45:29 - INFO - __main__ - log_dir                   -->   logs_new_new/
07/18/2022 03:45:29 - INFO - __main__ - log_name                  -->   debug
07/18/2022 03:45:29 - INFO - __main__ - mlm_training              -->   True
07/18/2022 03:45:29 - INFO - __main__ - task                      -->   openrule155
07/18/2022 03:45:29 - INFO - __main__ - **************** MODEL CONFIGURATION ****************
07/18/2022 08:48:50 - INFO - __main__ - **************** MODEL CONFIGURATION ****************
07/18/2022 08:48:50 - INFO - __main__ - bart_training             -->   True
07/18/2022 08:48:50 - INFO - __main__ - device                    -->   0
07/18/2022 08:48:50 - INFO - __main__ - group_beam                -->   True
07/18/2022 08:48:50 - INFO - __main__ - if_then                   -->   False
07/18/2022 08:48:50 - INFO - __main__ - inductor                  -->   rule
07/18/2022 08:48:50 - INFO - __main__ - log_dir                   -->   logs_new_new/
07/18/2022 08:48:50 - INFO - __main__ - log_name                  -->   debug
07/18/2022 08:48:50 - INFO - __main__ - mlm_training              -->   True
07/18/2022 08:48:50 - INFO - __main__ - task                      -->   openrule155
07/18/2022 08:48:50 - INFO - __main__ - **************** MODEL CONFIGURATION ****************
07/18/2022 08:52:42 - INFO - __main__ - **************** MODEL CONFIGURATION ****************
07/18/2022 08:52:42 - INFO - __main__ - bart_training             -->   True
07/18/2022 08:52:42 - INFO - __main__ - device                    -->   0
07/18/2022 08:52:42 - INFO - __main__ - group_beam                -->   True
07/18/2022 08:52:42 - INFO - __main__ - if_then                   -->   False
07/18/2022 08:52:42 - INFO - __main__ - inductor                  -->   rule
07/18/2022 08:52:42 - INFO - __main__ - log_dir                   -->   logs_new_new/
07/18/2022 08:52:42 - INFO - __main__ - log_name                  -->   debug
07/18/2022 08:52:42 - INFO - __main__ - mlm_training              -->   True
07/18/2022 08:52:42 - INFO - __main__ - task                      -->   openrule155
07/18/2022 08:52:42 - INFO - __main__ - **************** MODEL CONFIGURATION ****************
07/18/2022 08:55:33 - INFO - __main__ - **************** MODEL CONFIGURATION ****************
07/18/2022 08:55:33 - INFO - __main__ - bart_training             -->   True
07/18/2022 08:55:33 - INFO - __main__ - device                    -->   0
07/18/2022 08:55:33 - INFO - __main__ - group_beam                -->   True
07/18/2022 08:55:33 - INFO - __main__ - if_then                   -->   False
07/18/2022 08:55:33 - INFO - __main__ - inductor                  -->   rule
07/18/2022 08:55:33 - INFO - __main__ - log_dir                   -->   logs_new_new/
07/18/2022 08:55:33 - INFO - __main__ - log_name                  -->   debug
07/18/2022 08:55:33 - INFO - __main__ - mlm_training              -->   True
07/18/2022 08:55:33 - INFO - __main__ - task                      -->   openrule155
07/18/2022 08:55:33 - INFO - __main__ - **************** MODEL CONFIGURATION ****************
07/18/2022 08:59:19 - INFO - __main__ - **************** MODEL CONFIGURATION ****************
07/18/2022 08:59:19 - INFO - __main__ - bart_training             -->   True
07/18/2022 08:59:19 - INFO - __main__ - device                    -->   0
07/18/2022 08:59:19 - INFO - __main__ - group_beam                -->   True
07/18/2022 08:59:19 - INFO - __main__ - if_then                   -->   False
07/18/2022 08:59:19 - INFO - __main__ - inductor                  -->   rule
07/18/2022 08:59:19 - INFO - __main__ - log_dir                   -->   logs_new_new/
07/18/2022 08:59:19 - INFO - __main__ - log_name                  -->   debug
07/18/2022 08:59:19 - INFO - __main__ - mlm_training              -->   True
07/18/2022 08:59:19 - INFO - __main__ - task                      -->   openrule155
07/18/2022 08:59:19 - INFO - __main__ - **************** MODEL CONFIGURATION ****************
07/18/2022 09:06:33 - INFO - __main__ - ***********Input************
07/18/2022 09:06:33 - INFO - __main__ - <mask> acts in <mask>.
07/18/2022 09:06:33 - INFO - __main__ - *********Hypothesis*********
07/18/2022 09:06:33 - INFO - __main__ - <mask> is the largest and most powerful service in <mask>.
07/18/2022 09:06:33 - INFO - __main__ - <mask> uses the term to refer to <mask>.
07/18/2022 09:06:33 - INFO - __main__ - <mask> operates several different types of aircraft in <mask>.
07/18/2022 09:06:33 - INFO - __main__ - <mask> has a number of different types of aircraft in <mask>.
07/18/2022 09:06:33 - INFO - __main__ - <mask> has a large number of special operations units in <mask>.
07/18/2022 09:06:33 - INFO - __main__ - <mask> is a major provider of post-secondary education in <mask>.
07/18/2022 09:06:33 - INFO - __main__ - <mask> has its headquarters in <mask>.
07/18/2022 09:06:33 - INFO - __main__ - <mask> was founded in <mask>.
07/18/2022 09:06:33 - INFO - __main__ - <mask> is the professional association for <mask>.
07/18/2022 09:06:33 - INFO - __main__ - <mask> is the national organization of <mask>.
07/18/2022 09:06:33 - INFO - __main__ - ****************************
07/18/2022 09:06:33 - INFO - __main__ - *********References*********
07/18/2022 09:06:33 - INFO - __main__ - ['<mask> is a member of <mask>.', '<mask> participates in <mask>.', '<mask> performs in <mask>.', '<mask> plays a role in <mask>.', '<mask> creates <mask>.']
07/18/2022 09:06:33 - INFO - __main__ - ****************************
07/18/2022 09:14:10 - INFO - __main__ - **************** MODEL CONFIGURATION ****************
07/18/2022 09:14:10 - INFO - __main__ - bart_training             -->   True
07/18/2022 09:14:10 - INFO - __main__ - device                    -->   0
07/18/2022 09:14:10 - INFO - __main__ - group_beam                -->   True
07/18/2022 09:14:10 - INFO - __main__ - if_then                   -->   False
07/18/2022 09:14:10 - INFO - __main__ - inductor                  -->   rule
07/18/2022 09:14:10 - INFO - __main__ - log_dir                   -->   logs_new_new/
07/18/2022 09:14:10 - INFO - __main__ - log_name                  -->   debug
07/18/2022 09:14:10 - INFO - __main__ - mlm_training              -->   True
07/18/2022 09:14:10 - INFO - __main__ - task                      -->   openrule155
07/18/2022 09:14:10 - INFO - __main__ - **************** MODEL CONFIGURATION ****************
07/18/2022 09:17:15 - INFO - __main__ - **************** MODEL CONFIGURATION ****************
07/18/2022 09:17:15 - INFO - __main__ - bart_training             -->   True
07/18/2022 09:17:15 - INFO - __main__ - device                    -->   0
07/18/2022 09:17:15 - INFO - __main__ - group_beam                -->   True
07/18/2022 09:17:15 - INFO - __main__ - if_then                   -->   False
07/18/2022 09:17:15 - INFO - __main__ - inductor                  -->   rule
07/18/2022 09:17:15 - INFO - __main__ - log_dir                   -->   logs_new_new/
07/18/2022 09:17:15 - INFO - __main__ - log_name                  -->   debug
07/18/2022 09:17:15 - INFO - __main__ - mlm_training              -->   True
07/18/2022 09:17:15 - INFO - __main__ - task                      -->   openrule155
07/18/2022 09:17:15 - INFO - __main__ - **************** MODEL CONFIGURATION ****************
07/18/2022 09:20:34 - INFO - __main__ - **************** MODEL CONFIGURATION ****************
07/18/2022 09:20:34 - INFO - __main__ - bart_training             -->   True
07/18/2022 09:20:34 - INFO - __main__ - device                    -->   0
07/18/2022 09:20:34 - INFO - __main__ - group_beam                -->   True
07/18/2022 09:20:34 - INFO - __main__ - if_then                   -->   False
07/18/2022 09:20:34 - INFO - __main__ - inductor                  -->   rule
07/18/2022 09:20:34 - INFO - __main__ - log_dir                   -->   logs_new_new/
07/18/2022 09:20:34 - INFO - __main__ - log_name                  -->   debug
07/18/2022 09:20:34 - INFO - __main__ - mlm_training              -->   True
07/18/2022 09:20:34 - INFO - __main__ - task                      -->   openrule155
07/18/2022 09:20:34 - INFO - __main__ - **************** MODEL CONFIGURATION ****************
07/18/2022 09:24:00 - INFO - __main__ - ***********Input************
07/18/2022 09:24:00 - INFO - __main__ - <mask> acts in <mask>.
07/18/2022 09:24:00 - INFO - __main__ - *********Hypothesis*********
07/18/2022 09:24:00 - INFO - __main__ - <mask>'s who in <mask>.
07/18/2022 09:24:00 - INFO - __main__ - <mask> was a member of <mask>.
07/18/2022 09:24:00 - INFO - __main__ - <mask> is the member of <mask>.
07/18/2022 09:24:00 - INFO - __main__ - <mask> is a member of <mask>.
07/18/2022 09:24:00 - INFO - __main__ - <mask> is a current member of <mask>.
07/18/2022 09:24:00 - INFO - __main__ - <mask> has been a member of <mask>.
07/18/2022 09:24:00 - INFO - __main__ - <mask> women's national softball team is the national team of <mask>.
07/18/2022 09:24:00 - INFO - __main__ - <mask> was born in <mask>.
07/18/2022 09:24:00 - INFO - __main__ - <mask> was a member of the <mask>.
07/18/2022 09:24:00 - INFO - __main__ - <mask> is the former deputy commander of <mask>.
07/18/2022 09:24:00 - INFO - __main__ - ****************************
07/18/2022 09:24:00 - INFO - __main__ - *********References*********
07/18/2022 09:24:00 - INFO - __main__ - ['<mask> is a member of <mask>.', '<mask> participates in <mask>.', '<mask> performs in <mask>.', '<mask> plays a role in <mask>.', '<mask> creates <mask>.']
07/18/2022 09:24:00 - INFO - __main__ - ****************************
07/18/2022 09:25:17 - INFO - __main__ - ***********Input************
07/18/2022 09:25:17 - INFO - __main__ - <mask> are geographically distributed in <mask>.
07/18/2022 09:25:17 - INFO - __main__ - *********Hypothesis*********
07/18/2022 09:25:17 - INFO - __main__ - <mask> are the most diverse ethnic group in <mask>.
07/18/2022 09:25:17 - INFO - __main__ - <mask> were not allowed to enter <mask>.
07/18/2022 09:25:17 - INFO - __main__ - <mask> are the largest ethnic group in <mask>.
07/18/2022 09:25:17 - INFO - __main__ - <mask> are a minority in <mask>.
07/18/2022 09:25:17 - INFO - __main__ - <mask> have been introduced to <mask>.
07/18/2022 09:25:17 - INFO - __main__ - <mask> are the largest and most diverse group of mammals in <mask>.
07/18/2022 09:25:17 - INFO - __main__ - <mask> of the neotropics and <mask>.
07/18/2022 09:25:17 - INFO - __main__ - <mask> is a monotypic moth genus found in <mask>.
07/18/2022 09:25:17 - INFO - __main__ - <mask> is a genus of flies native to <mask>.
07/18/2022 09:25:17 - INFO - __main__ - <mask> are the largest group of people living in <mask>.
07/18/2022 09:25:17 - INFO - __main__ - ****************************
07/18/2022 09:25:17 - INFO - __main__ - *********References*********
07/18/2022 09:25:17 - INFO - __main__ - ['<mask> are located in <mask>.', '<mask> live in <mask>.', '<mask> is a species unique only in <mask>.']
07/18/2022 09:25:17 - INFO - __main__ - ****************************
07/18/2022 09:27:20 - INFO - __main__ - ***********Input************
07/18/2022 09:27:20 - INFO - __main__ - <mask> believe in <mask>.
07/18/2022 09:27:20 - INFO - __main__ - *********Hypothesis*********
07/18/2022 09:27:20 - INFO - __main__ - <mask> is a signatory to <mask>.
07/18/2022 09:27:20 - INFO - __main__ - <mask> is a signatory of <mask>.
07/18/2022 09:27:20 - INFO - __main__ - <mask> has been a major source of <mask>.
07/18/2022 09:27:20 - INFO - __main__ - <mask> parish church is dedicated to <mask>.
07/18/2022 09:27:20 - INFO - __main__ - <mask> in the village is dedicated to <mask>.
07/18/2022 09:27:20 - INFO - __main__ - <mask>, however, have been accused of violating <mask>.
07/18/2022 09:27:20 - INFO - __main__ - <mask> believe that the human rights of the people are protected by <mask>.
07/18/2022 09:27:20 - INFO - __main__ - <mask> are not bound by <mask>.
07/18/2022 09:27:20 - INFO - __main__ - <mask> are not allowed to be involved in the creation of <mask>.
07/18/2022 09:27:20 - INFO - __main__ - <mask> of the population professed <mask>.
07/18/2022 09:27:20 - INFO - __main__ - ****************************
07/18/2022 09:27:20 - INFO - __main__ - *********References*********
07/18/2022 09:27:20 - INFO - __main__ - ['the religion of <mask> is <mask>.', '<mask> created <mask>.', '<mask> obeys the rule that listed in <mask>.']
07/18/2022 09:27:20 - INFO - __main__ - ****************************
07/19/2022 11:57:22 - INFO - __main__ - **************** MODEL CONFIGURATION ****************
07/19/2022 11:57:22 - INFO - __main__ - bart_training             -->   True
07/19/2022 11:57:22 - INFO - __main__ - device                    -->   0
07/19/2022 11:57:22 - INFO - __main__ - group_beam                -->   True
07/19/2022 11:57:22 - INFO - __main__ - if_then                   -->   False
07/19/2022 11:57:22 - INFO - __main__ - inductor                  -->   rule
07/19/2022 11:57:22 - INFO - __main__ - log_dir                   -->   logs_new_new/
07/19/2022 11:57:22 - INFO - __main__ - log_name                  -->   debug
07/19/2022 11:57:22 - INFO - __main__ - mlm_training              -->   True
07/19/2022 11:57:22 - INFO - __main__ - task                      -->   openrule155
07/19/2022 11:57:22 - INFO - __main__ - **************** MODEL CONFIGURATION ****************
07/19/2022 12:00:25 - INFO - __main__ - **************** MODEL CONFIGURATION ****************
07/19/2022 12:00:25 - INFO - __main__ - bart_training             -->   True
07/19/2022 12:00:25 - INFO - __main__ - device                    -->   0
07/19/2022 12:00:25 - INFO - __main__ - group_beam                -->   True
07/19/2022 12:00:25 - INFO - __main__ - if_then                   -->   False
07/19/2022 12:00:25 - INFO - __main__ - inductor                  -->   rule
07/19/2022 12:00:25 - INFO - __main__ - log_dir                   -->   logs_new_new/
07/19/2022 12:00:25 - INFO - __main__ - log_name                  -->   debug
07/19/2022 12:00:25 - INFO - __main__ - mlm_training              -->   True
07/19/2022 12:00:25 - INFO - __main__ - task                      -->   openrule155
07/19/2022 12:00:25 - INFO - __main__ - **************** MODEL CONFIGURATION ****************
07/19/2022 12:03:00 - INFO - __main__ - **************** MODEL CONFIGURATION ****************
07/19/2022 12:03:00 - INFO - __main__ - bart_training             -->   True
07/19/2022 12:03:00 - INFO - __main__ - device                    -->   0
07/19/2022 12:03:00 - INFO - __main__ - group_beam                -->   True
07/19/2022 12:03:00 - INFO - __main__ - if_then                   -->   False
07/19/2022 12:03:00 - INFO - __main__ - inductor                  -->   rule
07/19/2022 12:03:00 - INFO - __main__ - log_dir                   -->   logs_new_new/
07/19/2022 12:03:00 - INFO - __main__ - log_name                  -->   debug
07/19/2022 12:03:00 - INFO - __main__ - mlm_training              -->   True
07/19/2022 12:03:00 - INFO - __main__ - task                      -->   openrule155
07/19/2022 12:03:00 - INFO - __main__ - **************** MODEL CONFIGURATION ****************
