07/19/2022 11:11:04 - INFO - __main__ - **************** MODEL CONFIGURATION ****************
07/19/2022 11:11:04 - INFO - __main__ - bart_training             -->   True
07/19/2022 11:11:04 - INFO - __main__ - device                    -->   3
07/19/2022 11:11:04 - INFO - __main__ - group_beam                -->   True
07/19/2022 11:11:04 - INFO - __main__ - if_then                   -->   False
07/19/2022 11:11:04 - INFO - __main__ - inductor                  -->   rule
07/19/2022 11:11:04 - INFO - __main__ - log_dir                   -->   logs_new_new/
07/19/2022 11:11:04 - INFO - __main__ - log_name                  -->   openrule155-k5-check
07/19/2022 11:11:04 - INFO - __main__ - mlm_training              -->   True
07/19/2022 11:11:04 - INFO - __main__ - task                      -->   openrule155
07/19/2022 11:11:04 - INFO - __main__ - **************** MODEL CONFIGURATION ****************
07/19/2022 11:13:07 - INFO - __main__ - ***********Input************
07/19/2022 11:13:07 - INFO - __main__ - <mask> acts in <mask>.
07/19/2022 11:13:07 - INFO - __main__ - *********Hypothesis*********
07/19/2022 11:13:07 - INFO - __main__ - <mask> is the largest military service in <mask>.
07/19/2022 11:13:07 - INFO - __main__ - <mask> is the largest military force in <mask>.
07/19/2022 11:13:07 - INFO - __main__ - <mask> is the professional theatre school in <mask>.
07/19/2022 11:13:07 - INFO - __main__ - <mask> is a professional theatre school in <mask>.
07/19/2022 11:13:07 - INFO - __main__ - <mask> is a professional theatre company based in <mask>.
07/19/2022 11:13:07 - INFO - __main__ - <mask> has its headquarters in <mask>.
07/19/2022 11:13:07 - INFO - __main__ - <mask> is a non-profit organization that is funded by <mask>.
07/19/2022 11:13:07 - INFO - __main__ - <mask> is a film and television academy in <mask>.
07/19/2022 11:13:07 - INFO - __main__ - <mask> participated in <mask>.
07/19/2022 11:13:07 - INFO - __main__ - <mask> has participated in <mask>.
07/19/2022 11:13:07 - INFO - __main__ - ****************************
07/19/2022 11:13:07 - INFO - __main__ - *********References*********
07/19/2022 11:13:07 - INFO - __main__ - ['<mask> is a member of <mask>.', '<mask> participates in <mask>.', '<mask> performs in <mask>.', '<mask> plays a role in <mask>.', '<mask> creates <mask>.']
07/19/2022 11:13:07 - INFO - __main__ - ****************************
07/19/2022 11:13:43 - INFO - __main__ - ***********Input************
07/19/2022 11:13:43 - INFO - __main__ - <mask> are geographically distributed in <mask>.
07/19/2022 11:13:43 - INFO - __main__ - *********Hypothesis*********
07/19/2022 11:13:43 - INFO - __main__ - <mask> were not allowed to enter <mask>.
07/19/2022 11:13:43 - INFO - __main__ - <mask> are a large group of people who live in <mask>.
07/19/2022 11:13:43 - INFO - __main__ - <mask> were among the earliest settlers in <mask>.
07/19/2022 11:13:43 - INFO - __main__ - <mask> are the most diverse group of people in <mask>.
07/19/2022 11:13:43 - INFO - __main__ - <mask> are a minority in <mask>.
07/19/2022 11:13:43 - INFO - __main__ - <mask> are the largest group of people living in <mask>.
07/19/2022 11:13:43 - INFO - __main__ - <mask> from the neotropics and <mask>.
07/19/2022 11:13:43 - INFO - __main__ - <mask> of the neotropics and <mask>.
07/19/2022 11:13:43 - INFO - __main__ - <mask> (moths) of <mask>.
07/19/2022 11:13:43 - INFO - __main__ - <mask> are the largest ethnic group in <mask>.
07/19/2022 11:13:43 - INFO - __main__ - ****************************
07/19/2022 11:13:43 - INFO - __main__ - *********References*********
07/19/2022 11:13:43 - INFO - __main__ - ['<mask> are located in <mask>.', '<mask> live in <mask>.', '<mask> is a species unique only in <mask>.']
07/19/2022 11:13:43 - INFO - __main__ - ****************************
07/19/2022 11:14:27 - INFO - __main__ - ***********Input************
07/19/2022 11:14:27 - INFO - __main__ - <mask> believe in <mask>.
07/19/2022 11:14:27 - INFO - __main__ - *********Hypothesis*********
07/19/2022 11:14:27 - INFO - __main__ - <mask> is a signatory to <mask>.
07/19/2022 11:14:27 - INFO - __main__ - <mask> has a number of different interpretations of <mask>.
07/19/2022 11:14:27 - INFO - __main__ - <mask> has been a strong supporter of <mask>.
07/19/2022 11:14:27 - INFO - __main__ - <mask> is a signatory of <mask>.
07/19/2022 11:14:27 - INFO - __main__ - <mask> has been a leading advocate of <mask>.
07/19/2022 11:14:27 - INFO - __main__ - <mask> do not believe in <mask>.
07/19/2022 11:14:27 - INFO - __main__ - <mask> believe that <mask>.
07/19/2022 11:14:27 - INFO - __main__ - <mask> believe in <mask>.
07/19/2022 11:14:27 - INFO - __main__ - <mask> believe that the human rights of the people are protected by <mask>.
07/19/2022 11:14:27 - INFO - __main__ - <mask> are not bound by <mask>.
07/19/2022 11:14:27 - INFO - __main__ - ****************************
07/19/2022 11:14:27 - INFO - __main__ - *********References*********
07/19/2022 11:14:27 - INFO - __main__ - ['the religion of <mask> is <mask>.', '<mask> created <mask>.', '<mask> obeys the rule that listed in <mask>.']
07/19/2022 11:14:27 - INFO - __main__ - ****************************
07/19/2022 11:15:39 - INFO - __main__ - ***********Input************
07/19/2022 11:15:39 - INFO - __main__ - <mask> belongs to <mask>.
07/19/2022 11:15:39 - INFO - __main__ - *********Hypothesis*********
07/19/2022 11:15:39 - INFO - __main__ - <mask> is a member of <mask>.
07/19/2022 11:15:39 - INFO - __main__ - <mask> has been a member of <mask>.
07/19/2022 11:15:39 - INFO - __main__ - <mask> is a parish church of <mask>.
07/19/2022 11:15:39 - INFO - __main__ - <mask> is a parish church in <mask>.
07/19/2022 11:15:39 - INFO - __main__ - <mask> is the member of <mask>.
07/19/2022 11:15:39 - INFO - __main__ - <mask> is the largest denomination in <mask>.
07/19/2022 11:15:39 - INFO - __main__ - <mask> is the church of <mask>.
07/19/2022 11:15:39 - INFO - __main__ - <mask> has a close relationship with <mask>.
07/19/2022 11:15:39 - INFO - __main__ - <mask> is a territory of <mask>.
07/19/2022 11:15:39 - INFO - __main__ - <mask> is a country in <mask>.
07/19/2022 11:15:39 - INFO - __main__ - ****************************
07/19/2022 11:15:39 - INFO - __main__ - *********References*********
07/19/2022 11:15:39 - INFO - __main__ - ['<mask> is owned by <mask>', '<mask> is located in <mask>', '<mask> is a member of <mask>.', '<mask> is in the group of <mask>.', '<mask> is a part of <mask>.']
07/19/2022 11:15:39 - INFO - __main__ - ****************************
07/19/2022 11:17:13 - INFO - __main__ - ***********Input************
07/19/2022 11:17:13 - INFO - __main__ - <mask> comes after <mask>.
07/19/2022 11:17:13 - INFO - __main__ - *********Hypothesis*********
07/19/2022 11:17:13 - INFO - __main__ - <mask> is the upper house of <mask>.
07/19/2022 11:17:13 - INFO - __main__ - <mask> is the largest employer in <mask>.
07/19/2022 11:17:13 - INFO - __main__ - <mask> is a major source of <mask>.
07/19/2022 11:17:13 - INFO - __main__ - <mask> has a similar system to <mask>.
07/19/2022 11:17:13 - INFO - __main__ - <mask> is a major source of information for <mask>.
07/19/2022 11:17:13 - INFO - __main__ - <mask> is a translation of <mask>.
07/19/2022 11:17:13 - INFO - __main__ - <mask> is a major source of the <mask>.
07/19/2022 11:17:13 - INFO - __main__ - <mask>, however, was not a part of <mask>.
07/19/2022 11:17:13 - INFO - __main__ - <mask> is the son of actor <mask>.
07/19/2022 11:17:13 - INFO - __main__ - <mask>: st. martin's press, <mask>.
07/19/2022 11:17:13 - INFO - __main__ - ****************************
07/19/2022 11:17:13 - INFO - __main__ - *********References*********
07/19/2022 11:17:13 - INFO - __main__ - ['<mask> happens after <mask>', 'the prerequisite of <mask> is <mask>.']
07/19/2022 11:17:13 - INFO - __main__ - ****************************
07/19/2022 11:19:01 - INFO - __main__ - ***********Input************
07/19/2022 11:19:01 - INFO - __main__ - <mask> comes before <mask>.
07/19/2022 11:19:01 - INFO - __main__ - *********Hypothesis*********
07/19/2022 11:19:01 - INFO - __main__ - <mask> is the upper house of <mask>.
07/19/2022 11:19:01 - INFO - __main__ - <mask> had no jurisdiction over <mask>.
07/19/2022 11:19:01 - INFO - __main__ - <mask> is the lower house of <mask>.
07/19/2022 11:19:01 - INFO - __main__ - <mask> passed a resolution in support of <mask>.
07/19/2022 11:19:01 - INFO - __main__ - <mask> has a similar role to <mask>.
07/19/2022 11:19:01 - INFO - __main__ - <mask>: a guide to the texts of <mask>.
07/19/2022 11:19:01 - INFO - __main__ - <mask> is a major source of <mask>.
07/19/2022 11:19:01 - INFO - __main__ - <mask> is a major of <mask>.
07/19/2022 11:19:01 - INFO - __main__ - <mask> was originally intended to be a continuation of <mask>.
07/19/2022 11:19:01 - INFO - __main__ - <mask> is a translation of <mask>.
07/19/2022 11:19:01 - INFO - __main__ - ****************************
07/19/2022 11:19:01 - INFO - __main__ - *********References*********
07/19/2022 11:19:01 - INFO - __main__ - ['<mask> is the prerequisite of <mask>.', 'the following event of <mask> is <mask>.', 'the sequel of <mask> is <mask>.']
07/19/2022 11:19:01 - INFO - __main__ - ****************************
07/19/2022 11:19:45 - INFO - __main__ - ***********Input************
07/19/2022 11:19:45 - INFO - __main__ - <mask> crosses <mask>.
07/19/2022 11:19:45 - INFO - __main__ - *********Hypothesis*********
07/19/2022 11:19:45 - INFO - __main__ - <mask> runs along the west side of <mask>.
07/19/2022 11:19:45 - INFO - __main__ - <mask> runs along the south side of <mask>.
07/19/2022 11:19:45 - INFO - __main__ - <mask> runs along <mask>.
07/19/2022 11:19:45 - INFO - __main__ - <mask> passes through the village, paralleling <mask>.
07/19/2022 11:19:45 - INFO - __main__ - <mask> passes through the town, and <mask>.
07/19/2022 11:19:45 - INFO - __main__ - <mask> passes through <mask>.
07/19/2022 11:19:45 - INFO - __main__ - <mask> is located on the west side of <mask>.
07/19/2022 11:19:45 - INFO - __main__ - <mask> crosses the town <mask>.
07/19/2022 11:19:45 - INFO - __main__ - <mask> passes through the town <mask>.
07/19/2022 11:19:45 - INFO - __main__ - <mask> was originally designated as <mask>.
07/19/2022 11:19:45 - INFO - __main__ - ****************************
07/19/2022 11:19:45 - INFO - __main__ - *********References*********
07/19/2022 11:19:45 - INFO - __main__ - ['<mask> goes to the other side of <mask>.']
07/19/2022 11:19:45 - INFO - __main__ - ****************************
