07/21/2022 02:55:00 - INFO - __main__ - **************** MODEL CONFIGURATION ****************
07/21/2022 02:55:00 - INFO - __main__ - bart_training             -->   True
07/21/2022 02:55:00 - INFO - __main__ - device                    -->   9
07/21/2022 02:55:00 - INFO - __main__ - group_beam                -->   True
07/21/2022 02:55:00 - INFO - __main__ - if_then                   -->   False
07/21/2022 02:55:00 - INFO - __main__ - inductor                  -->   rule
07/21/2022 02:55:00 - INFO - __main__ - log_dir                   -->   logs_new_new/
07/21/2022 02:55:00 - INFO - __main__ - log_name                  -->   openrule155-mc+gs+dpp
07/21/2022 02:55:00 - INFO - __main__ - mlm_training              -->   True
07/21/2022 02:55:00 - INFO - __main__ - task                      -->   openrule155
07/21/2022 02:55:00 - INFO - __main__ - **************** MODEL CONFIGURATION ****************
07/21/2022 02:58:11 - INFO - __main__ - **************** MODEL CONFIGURATION ****************
07/21/2022 02:58:11 - INFO - __main__ - bart_training             -->   True
07/21/2022 02:58:11 - INFO - __main__ - device                    -->   9
07/21/2022 02:58:11 - INFO - __main__ - group_beam                -->   True
07/21/2022 02:58:11 - INFO - __main__ - if_then                   -->   False
07/21/2022 02:58:11 - INFO - __main__ - inductor                  -->   rule
07/21/2022 02:58:11 - INFO - __main__ - log_dir                   -->   logs_new_new/
07/21/2022 02:58:11 - INFO - __main__ - log_name                  -->   openrule155-mc+gs+dpp
07/21/2022 02:58:11 - INFO - __main__ - mlm_training              -->   True
07/21/2022 02:58:11 - INFO - __main__ - task                      -->   openrule155
07/21/2022 02:58:11 - INFO - __main__ - **************** MODEL CONFIGURATION ****************
