07/19/2022 11:01:46 - INFO - __main__ - **************** MODEL CONFIGURATION ****************
07/19/2022 11:01:46 - INFO - __main__ - bart_training             -->   True
07/19/2022 11:01:46 - INFO - __main__ - device                    -->   3
07/19/2022 11:01:46 - INFO - __main__ - group_beam                -->   True
07/19/2022 11:01:46 - INFO - __main__ - if_then                   -->   False
07/19/2022 11:01:46 - INFO - __main__ - inductor                  -->   rule
07/19/2022 11:01:46 - INFO - __main__ - log_dir                   -->   logs_new_new/
07/19/2022 11:01:46 - INFO - __main__ - log_name                  -->   openrule155-gs+dpp
07/19/2022 11:01:46 - INFO - __main__ - mlm_training              -->   True
07/19/2022 11:01:46 - INFO - __main__ - task                      -->   openrule155
07/19/2022 11:01:46 - INFO - __main__ - **************** MODEL CONFIGURATION ****************
07/19/2022 11:03:52 - INFO - __main__ - ***********Input************
07/19/2022 11:03:52 - INFO - __main__ - <mask> acts in <mask>.
07/19/2022 11:03:52 - INFO - __main__ - *********Hypothesis*********
07/19/2022 11:03:52 - INFO - __main__ - <mask> is a military service that is a component of <mask>.
07/19/2022 11:03:52 - INFO - __main__ - <mask> was a major component of <mask>.
07/19/2022 11:03:52 - INFO - __main__ - <mask> is the only house of <mask>.
07/19/2022 11:03:52 - INFO - __main__ - <mask> is the largest military reserve force in <mask>.
07/19/2022 11:03:52 - INFO - __main__ - <mask> is a largest and most powerful organization in <mask>.
07/19/2022 11:03:52 - INFO - __main__ - <mask> was a major force in <mask>.
07/19/2022 11:03:52 - INFO - __main__ - <mask> is the oldest continuously operating professional theatre in <mask>.
07/19/2022 11:03:52 - INFO - __main__ - <mask> has a temple in <mask>.
07/19/2022 11:03:52 - INFO - __main__ - <mask> participated in <mask>.
07/19/2022 11:03:52 - INFO - __main__ - <mask> is the largest and most successful in <mask>.
07/19/2022 11:03:52 - INFO - __main__ - ****************************
07/19/2022 11:03:52 - INFO - __main__ - *********References*********
07/19/2022 11:03:52 - INFO - __main__ - ['<mask> is a member of <mask>.', '<mask> participates in <mask>.', '<mask> performs in <mask>.', '<mask> plays a role in <mask>.', '<mask> creates <mask>.']
07/19/2022 11:03:52 - INFO - __main__ - ****************************
07/19/2022 11:04:28 - INFO - __main__ - ***********Input************
07/19/2022 11:04:28 - INFO - __main__ - <mask> are geographically distributed in <mask>.
07/19/2022 11:04:28 - INFO - __main__ - *********Hypothesis*********
07/19/2022 11:04:28 - INFO - __main__ - <mask> were not allowed to enter <mask>.
07/19/2022 11:04:28 - INFO - __main__ - <mask> are a minority in <mask>.
07/19/2022 11:04:28 - INFO - __main__ - <mask>, however, were not allowed to enter <mask>.
07/19/2022 11:04:28 - INFO - __main__ - <mask> are the most diverse ethnic group in <mask>.
07/19/2022 11:04:28 - INFO - __main__ - <mask> are the largest ethnic group in <mask>.
07/19/2022 11:04:28 - INFO - __main__ - <mask> are a large group of people who live in <mask>.
07/19/2022 11:04:28 - INFO - __main__ - <mask> of the neotropics and <mask>.
07/19/2022 11:04:28 - INFO - __main__ - <mask> (moths) of <mask>.
07/19/2022 11:04:28 - INFO - __main__ - <mask> have been the most successful team in <mask>.
07/19/2022 11:04:28 - INFO - __main__ - <mask> are a largest ethnic group in <mask>.
07/19/2022 11:04:28 - INFO - __main__ - ****************************
07/19/2022 11:04:28 - INFO - __main__ - *********References*********
07/19/2022 11:04:28 - INFO - __main__ - ['<mask> are located in <mask>.', '<mask> live in <mask>.', '<mask> is a species unique only in <mask>.']
07/19/2022 11:04:28 - INFO - __main__ - ****************************
