07/28/2022 02:56:33 - INFO - __main__ - **************** MODEL CONFIGURATION ****************
07/28/2022 02:56:33 - INFO - __main__ - bart_training             -->   True
07/28/2022 02:56:33 - INFO - __main__ - device                    -->   0
07/28/2022 02:56:33 - INFO - __main__ - dpp                       -->   False
07/28/2022 02:56:33 - INFO - __main__ - group_beam                -->   True
07/28/2022 02:56:33 - INFO - __main__ - if_then                   -->   False
07/28/2022 02:56:33 - INFO - __main__ - inductor                  -->   rule
07/28/2022 02:56:33 - INFO - __main__ - log_dir                   -->   logs_new_new_new_new/
07/28/2022 02:56:33 - INFO - __main__ - log_name                  -->   debug
07/28/2022 02:56:33 - INFO - __main__ - mcgs                      -->   False
07/28/2022 02:56:33 - INFO - __main__ - mlm_training              -->   True
07/28/2022 02:56:33 - INFO - __main__ - task                      -->   openrule155
07/28/2022 02:56:33 - INFO - __main__ - **************** MODEL CONFIGURATION ****************
07/28/2022 03:05:28 - INFO - __main__ - **************** MODEL CONFIGURATION ****************
07/28/2022 03:05:28 - INFO - __main__ - bart_training             -->   True
07/28/2022 03:05:28 - INFO - __main__ - device                    -->   0
07/28/2022 03:05:28 - INFO - __main__ - dpp                       -->   False
07/28/2022 03:05:28 - INFO - __main__ - group_beam                -->   True
07/28/2022 03:05:28 - INFO - __main__ - if_then                   -->   False
07/28/2022 03:05:28 - INFO - __main__ - inductor                  -->   rule
07/28/2022 03:05:28 - INFO - __main__ - log_dir                   -->   logs_new_new_new_new/
07/28/2022 03:05:28 - INFO - __main__ - log_name                  -->   debug
07/28/2022 03:05:28 - INFO - __main__ - mcgs                      -->   False
07/28/2022 03:05:28 - INFO - __main__ - mlm_training              -->   True
07/28/2022 03:05:28 - INFO - __main__ - task                      -->   openrule155
07/28/2022 03:05:28 - INFO - __main__ - **************** MODEL CONFIGURATION ****************
08/01/2022 03:50:47 - INFO - __main__ - **************** MODEL CONFIGURATION ****************
08/01/2022 03:50:47 - INFO - __main__ - bart_training             -->   True
08/01/2022 03:50:47 - INFO - __main__ - device                    -->   0
08/01/2022 03:50:47 - INFO - __main__ - dpp                       -->   False
08/01/2022 03:50:47 - INFO - __main__ - group_beam                -->   True
08/01/2022 03:50:47 - INFO - __main__ - if_then                   -->   False
08/01/2022 03:50:47 - INFO - __main__ - inductor                  -->   rule
08/01/2022 03:50:47 - INFO - __main__ - log_dir                   -->   logs_new_new_new_new/
08/01/2022 03:50:47 - INFO - __main__ - log_name                  -->   debug
08/01/2022 03:50:47 - INFO - __main__ - mcgs                      -->   False
08/01/2022 03:50:47 - INFO - __main__ - mlm_training              -->   True
08/01/2022 03:50:47 - INFO - __main__ - task                      -->   openrule155
08/01/2022 03:50:47 - INFO - __main__ - **************** MODEL CONFIGURATION ****************
08/01/2022 04:06:23 - INFO - __main__ - **************** MODEL CONFIGURATION ****************
08/01/2022 04:06:23 - INFO - __main__ - bart_training             -->   True
08/01/2022 04:06:23 - INFO - __main__ - device                    -->   0
08/01/2022 04:06:23 - INFO - __main__ - dpp                       -->   False
08/01/2022 04:06:23 - INFO - __main__ - group_beam                -->   True
08/01/2022 04:06:23 - INFO - __main__ - if_then                   -->   False
08/01/2022 04:06:23 - INFO - __main__ - inductor                  -->   rule
08/01/2022 04:06:23 - INFO - __main__ - log_dir                   -->   logs_new_new_new_new/
08/01/2022 04:06:23 - INFO - __main__ - log_name                  -->   debug
08/01/2022 04:06:23 - INFO - __main__ - mcgs                      -->   False
08/01/2022 04:06:23 - INFO - __main__ - mlm_training              -->   True
08/01/2022 04:06:23 - INFO - __main__ - task                      -->   openrule155
08/01/2022 04:06:23 - INFO - __main__ - **************** MODEL CONFIGURATION ****************
08/01/2022 06:04:10 - INFO - __main__ - **************** MODEL CONFIGURATION ****************
08/01/2022 06:04:10 - INFO - __main__ - bart_training             -->   True
08/01/2022 06:04:10 - INFO - __main__ - device                    -->   0
08/01/2022 06:04:10 - INFO - __main__ - dpp                       -->   False
08/01/2022 06:04:10 - INFO - __main__ - group_beam                -->   True
08/01/2022 06:04:10 - INFO - __main__ - if_then                   -->   False
08/01/2022 06:04:10 - INFO - __main__ - inductor                  -->   rule
08/01/2022 06:04:10 - INFO - __main__ - log_dir                   -->   logs_new_new_new_new/
08/01/2022 06:04:10 - INFO - __main__ - log_name                  -->   debug
08/01/2022 06:04:10 - INFO - __main__ - mcgs                      -->   False
08/01/2022 06:04:10 - INFO - __main__ - mlm_training              -->   True
08/01/2022 06:04:10 - INFO - __main__ - task                      -->   openrule155
08/01/2022 06:04:10 - INFO - __main__ - **************** MODEL CONFIGURATION ****************
