08/05/2022 07:05:45 - INFO - __main__ - **************** MODEL CONFIGURATION ****************
08/05/2022 07:05:45 - INFO - __main__ - bart_training             -->   True
08/05/2022 07:05:45 - INFO - __main__ - device                    -->   0
08/05/2022 07:05:45 - INFO - __main__ - dpp                       -->   True
08/05/2022 07:05:45 - INFO - __main__ - group_beam                -->   True
08/05/2022 07:05:45 - INFO - __main__ - if_then                   -->   False
08/05/2022 07:05:45 - INFO - __main__ - inductor                  -->   rule
08/05/2022 07:05:45 - INFO - __main__ - log_dir                   -->   logs_new_new_new_new/
08/05/2022 07:05:45 - INFO - __main__ - log_name                  -->   fewrel-k*k+p10+mc+bgs+dpp
08/05/2022 07:05:45 - INFO - __main__ - mcgs                      -->   True
08/05/2022 07:05:45 - INFO - __main__ - mlm_training              -->   True
08/05/2022 07:05:45 - INFO - __main__ - task                      -->   fewrel
08/05/2022 07:05:45 - INFO - __main__ - **************** MODEL CONFIGURATION ****************
08/05/2022 07:08:44 - INFO - __main__ - ***********Input************
08/05/2022 07:08:44 - INFO - __main__ - his guitar work on the title track is credited as what first drew <mask> to him , who two years later invited allman to join him as part of <mask> .
08/05/2022 07:08:44 - INFO - __main__ - *********Hypothesis*********
08/05/2022 07:08:44 - INFO - __main__ - <mask> is a member of <mask>.
08/05/2022 07:08:44 - INFO - __main__ - <mask>: a biography of the guitarist and life of <mask>.
08/05/2022 07:08:44 - INFO - __main__ - <mask>, the guitarist, was born in <mask>.
08/05/2022 07:08:44 - INFO - __main__ - <mask>'s father was a member of <mask>.
08/05/2022 07:08:44 - INFO - __main__ - <mask> was a member of <mask>.
08/05/2022 07:08:44 - INFO - __main__ - <mask> is the lead singer of <mask>.
08/05/2022 07:08:44 - INFO - __main__ - <mask> had been a member of <mask>.
08/05/2022 07:08:44 - INFO - __main__ - <mask> was a fan of <mask>.
08/05/2022 07:08:44 - INFO - __main__ - <mask> rock band, <mask>.
08/05/2022 07:08:44 - INFO - __main__ - <mask> rock band <mask>.
08/05/2022 07:08:44 - INFO - __main__ - ****************************
08/05/2022 07:08:44 - INFO - __main__ - *********References*********
08/05/2022 07:08:44 - INFO - __main__ - ['<mask> is a member of <mask>.']
08/05/2022 07:08:44 - INFO - __main__ - ****************************
08/05/2022 07:09:37 - INFO - __main__ - ***********Input************
08/05/2022 07:09:37 - INFO - __main__ - in the summer of 1944 it opposed the <mask> ’s <mask> during the lvov - sandomir strategic offensive operation ( 13 july - 29 august 1944 ) .
08/05/2022 07:09:37 - INFO - __main__ - *********Hypothesis*********
08/05/2022 07:09:37 - INFO - __main__ - <mask> was a major target for <mask>.
08/05/2022 07:09:37 - INFO - __main__ - <mask>'s official name was <mask>.
08/05/2022 07:09:37 - INFO - __main__ - <mask>'s main concern was to maintain the strength of the new <mask>.
08/05/2022 07:09:37 - INFO - __main__ - <mask> was the only major power to have a regular <mask>.
08/05/2022 07:09:37 - INFO - __main__ - <mask> was furious and ordered him to be arrested and executed by <mask>.
08/05/2022 07:09:37 - INFO - __main__ - <mask> was a member of the secret police <mask>.
08/05/2022 07:09:37 - INFO - __main__ - <mask> had the rank of colonel and was the head of <mask>.
08/05/2022 07:09:37 - INFO - __main__ - <mask>, however, was not ready to accept the new <mask>.
08/05/2022 07:09:37 - INFO - __main__ - <mask> was the main intelligence agency of the former <mask>.
08/05/2022 07:09:37 - INFO - __main__ - <mask> was the capital of the newly formed <mask>.
08/05/2022 07:09:37 - INFO - __main__ - ****************************
08/05/2022 07:09:37 - INFO - __main__ - *********References*********
08/05/2022 07:09:37 - INFO - __main__ - ['<mask> is part of <mask>.']
08/05/2022 07:09:37 - INFO - __main__ - ****************************
08/05/2022 07:10:30 - INFO - __main__ - ***********Input************
08/05/2022 07:10:30 - INFO - __main__ - the singles released from " <mask> " were " <mask> " , " stuck with me " , " brain stew / jaded " , and " walking contradiction " .
08/05/2022 07:10:30 - INFO - __main__ - *********Hypothesis*********
08/05/2022 07:10:30 - INFO - __main__ - <mask> is a compilation album by the band <mask>.
08/05/2022 07:10:30 - INFO - __main__ - <mask> is the debut studio album by the band <mask>.
08/05/2022 07:10:30 - INFO - __main__ - <mask> is a compilation album by <mask>.
08/05/2022 07:10:30 - INFO - __main__ - <mask> the mood is the debut album by the band <mask>.
08/05/2022 07:10:30 - INFO - __main__ - <mask> a boy is a compilation album by the band <mask>.
08/05/2022 07:10:30 - INFO - __main__ - <mask>'s lead single, "<mask>.
08/05/2022 07:10:30 - INFO - __main__ - <mask> was released with the song "<mask>.
08/05/2022 07:10:30 - INFO - __main__ - <mask> was released with the single "<mask>.
08/05/2022 07:10:30 - INFO - __main__ - <mask> released with "<mask>.
08/05/2022 07:10:30 - INFO - __main__ - <mask> includes a new song, "<mask>.
08/05/2022 07:10:30 - INFO - __main__ - ****************************
08/05/2022 07:10:30 - INFO - __main__ - *********References*********
08/05/2022 07:10:30 - INFO - __main__ - ['<mask> is part of <mask>.']
08/05/2022 07:10:30 - INFO - __main__ - ****************************
08/05/2022 07:10:49 - INFO - __main__ - ***********Input************
08/05/2022 07:10:49 - INFO - __main__ - the occupancy of the show surpassed the <mask> films <mask> and freaky ali .
08/05/2022 07:10:49 - INFO - __main__ - *********Hypothesis*********
08/05/2022 07:10:49 - INFO - __main__ - <mask> is the language of the state and the official language is <mask>.
08/05/2022 07:10:49 - INFO - __main__ - <mask> has a long history of using the term <mask>.
08/05/2022 07:10:49 - INFO - __main__ - <mask>'s most popular music is the music of <mask>.
08/05/2022 07:10:49 - INFO - __main__ - <mask>, i'm sorry, <mask>.
08/05/2022 07:10:49 - INFO - __main__ - <mask> women don't want to be married to a man like <mask>.
08/05/2022 07:10:49 - INFO - __main__ - <mask> soldiers weren't going to let you go, <mask>.
08/05/2022 07:10:49 - INFO - __main__ - <mask> soldiers had been killed in the war, <mask>.
08/05/2022 07:10:49 - INFO - __main__ - <mask> law doesn't allow you to be a <mask>.
08/05/2022 07:10:49 - INFO - __main__ - <mask> flag, i'm <mask>.
08/05/2022 07:10:49 - INFO - __main__ - <mask> citizens are not allowed to be in the country illegally, <mask>.
08/05/2022 07:10:49 - INFO - __main__ - ****************************
08/05/2022 07:10:49 - INFO - __main__ - *********References*********
08/05/2022 07:10:49 - INFO - __main__ - ['the original language of <mask> is <mask>.']
08/05/2022 07:10:49 - INFO - __main__ - ****************************
08/05/2022 07:11:30 - INFO - __main__ - ***********Input************
08/05/2022 07:11:30 - INFO - __main__ - it broadcasts mostly english language news and current affairs and also broadcasts <mask> the daily rté 1 <mask> language news television programme .
08/05/2022 07:11:30 - INFO - __main__ - *********Hypothesis*********
08/05/2022 07:11:30 - INFO - __main__ - <mask> is the only station in the country that broadcasts in <mask>.
08/05/2022 07:11:30 - INFO - __main__ - <mask> is a registered trademark of the company, and is registered in <mask>.
08/05/2022 07:11:30 - INFO - __main__ - <mask> has been translated into several languages, including <mask>.
08/05/2022 07:11:30 - INFO - __main__ - <mask>, which broadcasts in <mask>.
08/05/2022 07:11:30 - INFO - __main__ - <mask> is a radio station broadcasting in <mask>.
08/05/2022 07:11:30 - INFO - __main__ - <mask> broadcasts the show in <mask>.
08/05/2022 07:11:30 - INFO - __main__ - <mask> course, he wasn't <mask>.
08/05/2022 07:11:30 - INFO - __main__ - <mask> is a surname of <mask>.
08/05/2022 07:11:30 - INFO - __main__ - <mask>: the official language of the country is <mask>.
08/05/2022 07:11:30 - INFO - __main__ - <mask> has a number of official languages, including <mask>.
08/05/2022 07:11:30 - INFO - __main__ - ****************************
08/05/2022 07:11:30 - INFO - __main__ - *********References*********
08/05/2022 07:11:30 - INFO - __main__ - ['the original language of <mask> is <mask>.']
08/05/2022 07:11:30 - INFO - __main__ - ****************************
08/05/2022 07:12:10 - INFO - __main__ - ***********Input************
08/05/2022 07:12:10 - INFO - __main__ - in 2009 to mark the 125th anniversary of the <mask> he was named by the irish news as one of the all - time best 125 footballers from <mask> .
08/05/2022 07:12:10 - INFO - __main__ - *********Hypothesis*********
08/05/2022 07:12:10 - INFO - __main__ - <mask>, the governing body of association football in <mask>.
08/05/2022 07:12:10 - INFO - __main__ - <mask> is the governing body for football in <mask>.
08/05/2022 07:12:10 - INFO - __main__ - <mask> (ifa) is the governing body of association football in <mask>.
08/05/2022 07:12:10 - INFO - __main__ - <mask> is the governing body of gaelic football in <mask>.
08/05/2022 07:12:10 - INFO - __main__ - <mask> is the governing body for gaelic football in <mask>.
08/05/2022 07:12:10 - INFO - __main__ - <mask> is a county in the north of <mask>.
08/05/2022 07:12:10 - INFO - __main__ - <mask> is the largest city in the south of <mask>.
08/05/2022 07:12:10 - INFO - __main__ - <mask> is a city in the north of <mask>.
08/05/2022 07:12:10 - INFO - __main__ - <mask> is the national governing body for gaelic football in <mask>.
08/05/2022 07:12:10 - INFO - __main__ - <mask> competitions are held in every county in <mask>.
08/05/2022 07:12:10 - INFO - __main__ - ****************************
08/05/2022 07:12:10 - INFO - __main__ - *********References*********
08/05/2022 07:12:10 - INFO - __main__ - ['<mask> is a member of <mask>.']
08/05/2022 07:12:10 - INFO - __main__ - ****************************
08/05/2022 07:13:12 - INFO - __main__ - ***********Input************
08/05/2022 07:13:12 - INFO - __main__ - as a sergeant in the australian imperial force , mcgee was awarded the victoria cross for his actions in the <mask> — part of the <mask> — on 4 october 1917 .
08/05/2022 07:13:12 - INFO - __main__ - *********Hypothesis*********
08/05/2022 07:13:12 - INFO - __main__ - <mask>, and the former <mask>.
08/05/2022 07:13:12 - INFO - __main__ - <mask>'s brigade was then sent to <mask>.
08/05/2022 07:13:12 - INFO - __main__ - <mask> was then ordered to proceed to <mask>.
08/05/2022 07:13:12 - INFO - __main__ - <mask> was a small town on the river <mask>.
08/05/2022 07:13:12 - INFO - __main__ - <mask> is the largest city in <mask>.
08/05/2022 07:13:12 - INFO - __main__ - <mask> and the <mask>.
08/05/2022 07:13:12 - INFO - __main__ - <mask> and the allied <mask>.
08/05/2022 07:13:12 - INFO - __main__ - <mask> is a town in the southern <mask>.
08/05/2022 07:13:12 - INFO - __main__ - <mask> is a small town in the southern <mask>.
08/05/2022 07:13:12 - INFO - __main__ - <mask> was a country that had been torn apart by <mask>.
08/05/2022 07:13:12 - INFO - __main__ - ****************************
08/05/2022 07:13:12 - INFO - __main__ - *********References*********
08/05/2022 07:13:12 - INFO - __main__ - ['<mask> is part of <mask>.']
08/05/2022 07:13:12 - INFO - __main__ - ****************************
08/05/2022 07:14:02 - INFO - __main__ - ***********Input************
08/05/2022 07:14:02 - INFO - __main__ - petrovic made her on – screen debut with a small role in " <mask> " , a 2007 <mask> film directed by milčo mančevski .
08/05/2022 07:14:02 - INFO - __main__ - *********Hypothesis*********
08/05/2022 07:14:02 - INFO - __main__ - <mask>'s name means "the city of the stars" in <mask>.
08/05/2022 07:14:02 - INFO - __main__ - <mask>'s name means "city of the city" in <mask>.
08/05/2022 07:14:02 - INFO - __main__ - <mask> is the most important city in <mask>.
08/05/2022 07:14:02 - INFO - __main__ - <mask> is the capital of the country and the official language is <mask>.
08/05/2022 07:14:02 - INFO - __main__ - <mask> has a number of dialects of <mask>.
08/05/2022 07:14:02 - INFO - __main__ - <mask> and his family, who spoke <mask>.
08/05/2022 07:14:02 - INFO - __main__ - <mask>, a woman who was a translator of <mask>.
08/05/2022 07:14:02 - INFO - __main__ - <mask> you, my dear, and i am proud to be <mask>.
08/05/2022 07:14:02 - INFO - __main__ - <mask> a proud and proud <mask>.
08/05/2022 07:14:02 - INFO - __main__ - <mask> has a large number of dialects of <mask>.
08/05/2022 07:14:02 - INFO - __main__ - ****************************
08/05/2022 07:14:02 - INFO - __main__ - *********References*********
08/05/2022 07:14:02 - INFO - __main__ - ['the original language of <mask> is <mask>.']
08/05/2022 07:14:02 - INFO - __main__ - ****************************
08/05/2022 07:14:58 - INFO - __main__ - ***********Input************
08/05/2022 07:14:58 - INFO - __main__ - the film is a remake of <mask> movie " <mask> " , starring krishnam raju , jayasudha in the lead roles .
08/05/2022 07:14:58 - INFO - __main__ - *********Hypothesis*********
08/05/2022 07:14:58 - INFO - __main__ - <mask> version was directed by <mask>.
08/05/2022 07:14:58 - INFO - __main__ - <mask> version of the film was directed by <mask>.
08/05/2022 07:14:58 - INFO - __main__ - <mask> is the official language of <mask>.
08/05/2022 07:14:58 - INFO - __main__ - <mask> is the native language of <mask>.
08/05/2022 07:14:58 - INFO - __main__ - <mask> is the mother tongue of the people and the main language is <mask>.
08/05/2022 07:14:58 - INFO - __main__ - <mask> film is directed by <mask>.
08/05/2022 07:14:58 - INFO - __main__ - <mask> film industry is the largest industry in <mask>.
08/05/2022 07:14:58 - INFO - __main__ - <mask> version of the song <mask>.
08/05/2022 07:14:58 - INFO - __main__ - <mask> version of <mask>.
08/05/2022 07:14:58 - INFO - __main__ - <mask> television series, <mask>.
08/05/2022 07:14:58 - INFO - __main__ - ****************************
08/05/2022 07:14:58 - INFO - __main__ - *********References*********
08/05/2022 07:14:58 - INFO - __main__ - ['the original language of <mask> is <mask>.']
08/05/2022 07:14:58 - INFO - __main__ - ****************************
08/05/2022 07:15:48 - INFO - __main__ - ***********Input************
08/05/2022 07:15:48 - INFO - __main__ - fear and trembling ( original title : <mask> ) is a 2003 <mask> film based on the novel of the same name by amélie nothomb .
08/05/2022 07:15:48 - INFO - __main__ - *********Hypothesis*********
08/05/2022 07:15:48 - INFO - __main__ - <mask>: editions de l'université de paris, in <mask>.
08/05/2022 07:15:48 - INFO - __main__ - <mask>, where he studied law and <mask>.
08/05/2022 07:15:48 - INFO - __main__ - <mask>, however, that he will not be able to speak <mask>.
08/05/2022 07:15:48 - INFO - __main__ - <mask> was translated into <mask>.
08/05/2022 07:15:48 - INFO - __main__ - <mask> is the debut studio album by <mask>.
08/05/2022 07:15:48 - INFO - __main__ - <mask> is a novel written in <mask>.
08/05/2022 07:15:48 - INFO - __main__ - <mask>, meaning "of the man" in <mask>.
08/05/2022 07:15:48 - INFO - __main__ - <mask>, meaning "of the lady" in <mask>.
08/05/2022 07:15:48 - INFO - __main__ - <mask> is a feminine given name in <mask>.
08/05/2022 07:15:48 - INFO - __main__ - <mask> of the consequences of his actions, he refused to speak <mask>.
08/05/2022 07:15:48 - INFO - __main__ - ****************************
08/05/2022 07:15:48 - INFO - __main__ - *********References*********
08/05/2022 07:15:48 - INFO - __main__ - ['the original language of <mask> is <mask>.']
08/05/2022 07:15:48 - INFO - __main__ - ****************************
08/05/2022 07:16:49 - INFO - __main__ - ***********Input************
08/05/2022 07:16:49 - INFO - __main__ - <mask> ( born 10 january 1990 ) is a german footballer who plays as a <mask> for spvgg unterhaching .
08/05/2022 07:16:49 - INFO - __main__ - *********Hypothesis*********
08/05/2022 07:16:49 - INFO - __main__ - <mask>, where he plays as a <mask>.
08/05/2022 07:16:49 - INFO - __main__ - <mask> signed him as a <mask>.
08/05/2022 07:16:49 - INFO - __main__ - <mask> played as a <mask>.
08/05/2022 07:16:49 - INFO - __main__ - <mask>, professional footballer, <mask>.
08/05/2022 07:16:49 - INFO - __main__ - <mask>, footballer who plays as a <mask>.
08/05/2022 07:16:49 - INFO - __main__ - <mask> is a <mask>.
08/05/2022 07:16:49 - INFO - __main__ - <mask> started his career as a <mask>.
08/05/2022 07:16:49 - INFO - __main__ - <mask>, where he played as a <mask>.
08/05/2022 07:16:49 - INFO - __main__ - <mask>'s most prolific player was a <mask>.
08/05/2022 07:16:49 - INFO - __main__ - <mask>'s main position is as a <mask>.
08/05/2022 07:16:49 - INFO - __main__ - ****************************
08/05/2022 07:16:49 - INFO - __main__ - *********References*********
08/05/2022 07:16:49 - INFO - __main__ - ['<mask> plays in <mask> position.']
08/05/2022 07:16:49 - INFO - __main__ - ****************************
08/05/2022 07:17:44 - INFO - __main__ - ***********Input************
08/05/2022 07:17:44 - INFO - __main__ - wester ross is well known for its mountain scenery , especially the <mask> which includes such peaks as beinn eighe and <mask> .
08/05/2022 07:17:44 - INFO - __main__ - *********Hypothesis*********
08/05/2022 07:17:44 - INFO - __main__ - <mask> was born in <mask>.
08/05/2022 07:17:44 - INFO - __main__ - <mask> is a short form of <mask>.
08/05/2022 07:17:44 - INFO - __main__ - <mask> was born in the village of <mask>.
08/05/2022 07:17:44 - INFO - __main__ - <mask> is a surname, derived from the gaelic word <mask>.
08/05/2022 07:17:44 - INFO - __main__ - <mask>, the highest point of the island, is <mask>.
08/05/2022 07:17:44 - INFO - __main__ - <mask>'s name is derived from <mask>.
08/05/2022 07:17:44 - INFO - __main__ - <mask> was a son of <mask>.
08/05/2022 07:17:44 - INFO - __main__ - <mask> lies to the north of <mask>.
08/05/2022 07:17:44 - INFO - __main__ - <mask> is a small village on the north side of the island of <mask>.
08/05/2022 07:17:44 - INFO - __main__ - <mask> is the son of the late lord <mask>.
08/05/2022 07:17:44 - INFO - __main__ - ****************************
08/05/2022 07:17:44 - INFO - __main__ - *********References*********
08/05/2022 07:17:44 - INFO - __main__ - ['<mask> is part of <mask>.']
08/05/2022 07:17:44 - INFO - __main__ - ****************************
08/05/2022 07:18:37 - INFO - __main__ - ***********Input************
08/05/2022 07:18:37 - INFO - __main__ - <mask> ( born 23 august 1994 ) is an afghan international footballer who plays as a <mask> .
08/05/2022 07:18:37 - INFO - __main__ - *********Hypothesis*********
08/05/2022 07:18:37 - INFO - __main__ - <mask> is a right-footed <mask>.
08/05/2022 07:18:37 - INFO - __main__ - <mask> began his career with persepolis as a <mask>.
08/05/2022 07:18:37 - INFO - __main__ - <mask>'s most prominent position is as a <mask>.
08/05/2022 07:18:37 - INFO - __main__ - <mask>'s most capped <mask>.
08/05/2022 07:18:37 - INFO - __main__ - <mask> national football team player, <mask>.
08/05/2022 07:18:37 - INFO - __main__ - <mask> international footballer who plays as a <mask>.
08/05/2022 07:18:37 - INFO - __main__ - <mask> started his career as a <mask>.
08/05/2022 07:18:37 - INFO - __main__ - <mask> plays as a <mask>.
08/05/2022 07:18:37 - INFO - __main__ - <mask> played as a <mask>.
08/05/2022 07:18:37 - INFO - __main__ - <mask> is a <mask>.
08/05/2022 07:18:37 - INFO - __main__ - ****************************
08/05/2022 07:18:37 - INFO - __main__ - *********References*********
08/05/2022 07:18:37 - INFO - __main__ - ['<mask> plays in <mask> position.']
08/05/2022 07:18:37 - INFO - __main__ - ****************************
08/05/2022 07:19:23 - INFO - __main__ - ***********Input************
08/05/2022 07:19:23 - INFO - __main__ - the company was formed by steve nardelli and <mask> of the psychedelic prog band <mask> .
08/05/2022 07:19:23 - INFO - __main__ - *********Hypothesis*********
08/05/2022 07:19:23 - INFO - __main__ - <mask> has been a member of <mask>.
08/05/2022 07:19:23 - INFO - __main__ - <mask> had been a fan of <mask>.
08/05/2022 07:19:23 - INFO - __main__ - <mask>, the founder of <mask>.
08/05/2022 07:19:23 - INFO - __main__ - <mask> was a member of <mask>.
08/05/2022 07:19:23 - INFO - __main__ - <mask> was an <mask>.
08/05/2022 07:19:23 - INFO - __main__ - <mask> was a good-looking <mask>.
08/05/2022 07:19:23 - INFO - __main__ - <mask> is a former <mask>.
08/05/2022 07:19:23 - INFO - __main__ - <mask> debut album by <mask>.
08/05/2022 07:19:23 - INFO - __main__ - <mask>, i am <mask>.
08/05/2022 07:19:23 - INFO - __main__ - <mask> rock band <mask>.
08/05/2022 07:19:23 - INFO - __main__ - ****************************
08/05/2022 07:19:23 - INFO - __main__ - *********References*********
08/05/2022 07:19:23 - INFO - __main__ - ['<mask> is a member of <mask>.']
08/05/2022 07:19:23 - INFO - __main__ - ****************************
08/05/2022 07:20:21 - INFO - __main__ - ***********Input************
08/05/2022 07:20:21 - INFO - __main__ - the <mask> ( ) metro station is located on the red line of the <mask> .
08/05/2022 07:20:21 - INFO - __main__ - *********Hypothesis*********
08/05/2022 07:20:21 - INFO - __main__ - <mask> is served by the <mask>.
08/05/2022 07:20:21 - INFO - __main__ - <mask> is a station on the <mask>.
08/05/2022 07:20:21 - INFO - __main__ - <mask>'s metro system is called <mask>.
08/05/2022 07:20:21 - INFO - __main__ - <mask> is a station of <mask>.
08/05/2022 07:20:21 - INFO - __main__ - <mask> metro station is a station of <mask>.
08/05/2022 07:20:21 - INFO - __main__ - <mask> metro is a rapid transit system, a branch of <mask>.
08/05/2022 07:20:21 - INFO - __main__ - <mask> metro and <mask>.
08/05/2022 07:20:21 - INFO - __main__ - <mask> is the main station of <mask>.
08/05/2022 07:20:21 - INFO - __main__ - <mask> is served by <mask>.
08/05/2022 07:20:21 - INFO - __main__ - <mask> metro, and <mask>.
08/05/2022 07:20:21 - INFO - __main__ - ****************************
08/05/2022 07:20:21 - INFO - __main__ - *********References*********
08/05/2022 07:20:21 - INFO - __main__ - ['<mask> is part of <mask>.']
08/05/2022 07:20:21 - INFO - __main__ - ****************************
08/05/2022 07:20:49 - INFO - __main__ - ***********Input************
08/05/2022 07:20:49 - INFO - __main__ - kane 's ultimate version was introduced in " ultimate x - men " # 76 , where he is once again a partner to <mask> , domino and the other <mask> team members .
08/05/2022 07:20:49 - INFO - __main__ - *********Hypothesis*********
08/05/2022 07:20:49 - INFO - __main__ - <mask>: the rise of the <mask>.
08/05/2022 07:20:49 - INFO - __main__ - <mask> #1-2, and the original <mask>.
08/05/2022 07:20:49 - INFO - __main__ - <mask> had been a member of the original <mask>.
08/05/2022 07:20:49 - INFO - __main__ - <mask>, you're not going to be able to stop the other <mask>.
08/05/2022 07:20:49 - INFO - __main__ - <mask>'s face was still red from the beating he 'd taken from <mask>.
08/05/2022 07:20:49 - INFO - __main__ - <mask>'s eyes were wide as he stared at the group of <mask>.
08/05/2022 07:20:49 - INFO - __main__ - <mask> wasn't sure what to make of the new <mask>.
08/05/2022 07:20:49 - INFO - __main__ - <mask> was a member of the elite group of <mask>.
08/05/2022 07:20:49 - INFO - __main__ - <mask> looked at the other <mask>.
08/05/2022 07:20:49 - INFO - __main__ - <mask> and i were the only ones who knew about <mask>.
08/05/2022 07:20:49 - INFO - __main__ - ****************************
08/05/2022 07:20:49 - INFO - __main__ - *********References*********
08/05/2022 07:20:49 - INFO - __main__ - ['<mask> is a member of <mask>.']
08/05/2022 07:20:49 - INFO - __main__ - ****************************
08/05/2022 07:22:03 - INFO - __main__ - ***********Input************
08/05/2022 07:22:03 - INFO - __main__ - <mask> ( born 15 december 1990 in plymouth , trinidad and tobago ) , is an international football player from trinidad and tobagosoca warriors who plays as a <mask> for juticalpa .
08/05/2022 07:22:03 - INFO - __main__ - *********Hypothesis*********
08/05/2022 07:22:03 - INFO - __main__ - <mask> played as a <mask>.
08/05/2022 07:22:03 - INFO - __main__ - <mask> is a <mask>.
08/05/2022 07:22:03 - INFO - __main__ - <mask>, and played as a <mask>.
08/05/2022 07:22:03 - INFO - __main__ - <mask> is a midfielder who plays as a <mask>.
08/05/2022 07:22:03 - INFO - __main__ - <mask> was a tall, strong <mask>.
08/05/2022 07:22:03 - INFO - __main__ - <mask> started his career as a <mask>.
08/05/2022 07:22:03 - INFO - __main__ - <mask> as a <mask>.
08/05/2022 07:22:03 - INFO - __main__ - <mask>, who plays as a <mask>.
08/05/2022 07:22:03 - INFO - __main__ - <mask> football player, <mask>.
08/05/2022 07:22:03 - INFO - __main__ - <mask> and played as a <mask>.
08/05/2022 07:22:03 - INFO - __main__ - ****************************
08/05/2022 07:22:03 - INFO - __main__ - *********References*********
08/05/2022 07:22:03 - INFO - __main__ - ['<mask> plays in <mask> position.']
08/05/2022 07:22:03 - INFO - __main__ - ****************************
08/05/2022 07:22:55 - INFO - __main__ - ***********Input************
08/05/2022 07:22:55 - INFO - __main__ - <mask> ( born 14 september 1995 ) is a scottish professional footballer who plays as a <mask> for kilmarnock , on loan from newcastle united .
08/05/2022 07:22:55 - INFO - __main__ - *********Hypothesis*********
08/05/2022 07:22:55 - INFO - __main__ - <mask> is a former professional <mask>.
08/05/2022 07:22:55 - INFO - __main__ - <mask>'s father was a <mask>.
08/05/2022 07:22:55 - INFO - __main__ - <mask> was a tall, lean, and muscular <mask>.
08/05/2022 07:22:55 - INFO - __main__ - <mask> was a big man, a tall, lean <mask>.
08/05/2022 07:22:55 - INFO - __main__ - <mask> is a small, stocky <mask>.
08/05/2022 07:22:55 - INFO - __main__ - <mask>, professional footballer who plays as a <mask>.
08/05/2022 07:22:55 - INFO - __main__ - <mask>, footballer who plays as a <mask>.
08/05/2022 07:22:55 - INFO - __main__ - <mask> – for services to the community as a <mask>.
08/05/2022 07:22:55 - INFO - __main__ - <mask> was a right-handed <mask>.
08/05/2022 07:22:55 - INFO - __main__ - <mask> is a former professional footballer who played as a <mask>.
08/05/2022 07:22:55 - INFO - __main__ - ****************************
08/05/2022 07:22:55 - INFO - __main__ - *********References*********
08/05/2022 07:22:55 - INFO - __main__ - ['<mask> plays in <mask> position.']
08/05/2022 07:22:55 - INFO - __main__ - ****************************
08/05/2022 07:23:54 - INFO - __main__ - ***********Input************
08/05/2022 07:23:54 - INFO - __main__ - <mask> ( 15 september 1930 – 12 january 2006 ) was a swiss football <mask> who played for switzerland in the 1962 fifa world cup .
08/05/2022 07:23:54 - INFO - __main__ - *********Hypothesis*********
08/05/2022 07:23:54 - INFO - __main__ - <mask>'s most successful <mask>.
08/05/2022 07:23:54 - INFO - __main__ - <mask> started his career as a <mask>.
08/05/2022 07:23:54 - INFO - __main__ - <mask>, footballer who plays as a <mask>.
08/05/2022 07:23:54 - INFO - __main__ - <mask> was a very good <mask>.
08/05/2022 07:23:54 - INFO - __main__ - <mask> was a talented <mask>.
08/05/2022 07:23:54 - INFO - __main__ - <mask> was a versatile <mask>.
08/05/2022 07:23:54 - INFO - __main__ - <mask> is a former professional basketball <mask>.
08/05/2022 07:23:54 - INFO - __main__ - <mask> is a <mask>.
08/05/2022 07:23:54 - INFO - __main__ - <mask>, where he was a key <mask>.
08/05/2022 07:23:54 - INFO - __main__ - <mask> is a right-footed <mask>.
08/05/2022 07:23:54 - INFO - __main__ - ****************************
08/05/2022 07:23:54 - INFO - __main__ - *********References*********
08/05/2022 07:23:54 - INFO - __main__ - ['<mask> plays in <mask> position.']
08/05/2022 07:23:54 - INFO - __main__ - ****************************
08/05/2022 07:24:47 - INFO - __main__ - ***********Input************
08/05/2022 07:24:47 - INFO - __main__ - he belonged to the <mask> , of <mask> and bernard silvestris .
08/05/2022 07:24:47 - INFO - __main__ - *********Hypothesis*********
08/05/2022 07:24:47 - INFO - __main__ - <mask> was a capital of <mask>.
08/05/2022 07:24:47 - INFO - __main__ - <mask>, and of <mask>.
08/05/2022 07:24:47 - INFO - __main__ - <mask> et de <mask>.
08/05/2022 07:24:47 - INFO - __main__ - <mask> is a family name, meaning "son of <mask>.
08/05/2022 07:24:47 - INFO - __main__ - <mask> is the name of the region of <mask>.
08/05/2022 07:24:47 - INFO - __main__ - <mask> was a member of <mask>.
08/05/2022 07:24:47 - INFO - __main__ - <mask> was a son of the <mask>.
08/05/2022 07:24:47 - INFO - __main__ - <mask> was a son of <mask>.
08/05/2022 07:24:47 - INFO - __main__ - <mask> was a member of the <mask>.
08/05/2022 07:24:47 - INFO - __main__ - <mask> had been a member of the <mask>.
08/05/2022 07:24:47 - INFO - __main__ - ****************************
08/05/2022 07:24:47 - INFO - __main__ - *********References*********
08/05/2022 07:24:47 - INFO - __main__ - ['<mask> is a member of <mask>.']
08/05/2022 07:24:47 - INFO - __main__ - ****************************
08/05/2022 07:24:47 - INFO - __main__ - Task: fewrel
08/05/2022 07:24:47 - INFO - __main__ - bleu-4: 0.01946215129262908
08/05/2022 07:24:47 - INFO - __main__ - bleu-3: 0.03493444531122206
08/05/2022 07:24:47 - INFO - __main__ - bleu-2: 0.11401774170001312
08/05/2022 07:24:47 - INFO - __main__ - bleu-1: 0.3141421055869857
08/05/2022 07:24:47 - INFO - __main__ - METEOR: 0.2820072211321865
08/05/2022 07:24:47 - INFO - __main__ - ROUGE-L: 0.42676672471835003
08/05/2022 07:24:47 - INFO - __main__ - entailment score(mean-mean): 0.2520199219074311
08/05/2022 07:24:47 - INFO - __main__ - entailment score(mean-max): 0.661647007893771
08/05/2022 07:24:47 - INFO - __main__ - entailment score(mean-min): 0.0019652902070447452
08/05/2022 07:24:47 - INFO - __main__ - self-BLEU-2: 0.8853400548947775
08/05/2022 07:24:47 - INFO - __main__ - avg: 0.19855506495689776
08/05/2022 07:24:47 - INFO - __main__ - *******************************************************
08/05/2022 07:24:47 - INFO - __main__ - *******************************************************
08/05/2022 07:24:47 - INFO - __main__ - *******************************************************
