07/26/2022 09:36:23 - INFO - __main__ - **************** MODEL CONFIGURATION ****************
07/26/2022 09:36:23 - INFO - __main__ - bart_training             -->   True
07/26/2022 09:36:23 - INFO - __main__ - device                    -->   0
07/26/2022 09:36:23 - INFO - __main__ - dpp                       -->   True
07/26/2022 09:36:23 - INFO - __main__ - group_beam                -->   True
07/26/2022 09:36:23 - INFO - __main__ - if_then                   -->   False
07/26/2022 09:36:23 - INFO - __main__ - inductor                  -->   rule
07/26/2022 09:36:23 - INFO - __main__ - log_dir                   -->   logs_new_new_new_new/
07/26/2022 09:36:23 - INFO - __main__ - log_name                  -->   fewrel-k*k+mc+gs+dpp
07/26/2022 09:36:23 - INFO - __main__ - mcgs                      -->   True
07/26/2022 09:36:23 - INFO - __main__ - mlm_training              -->   True
07/26/2022 09:36:23 - INFO - __main__ - task                      -->   fewrel
07/26/2022 09:36:23 - INFO - __main__ - **************** MODEL CONFIGURATION ****************
07/26/2022 09:37:57 - INFO - __main__ - **************** MODEL CONFIGURATION ****************
07/26/2022 09:37:57 - INFO - __main__ - bart_training             -->   True
07/26/2022 09:37:57 - INFO - __main__ - device                    -->   0
07/26/2022 09:37:57 - INFO - __main__ - dpp                       -->   True
07/26/2022 09:37:57 - INFO - __main__ - group_beam                -->   True
07/26/2022 09:37:57 - INFO - __main__ - if_then                   -->   False
07/26/2022 09:37:57 - INFO - __main__ - inductor                  -->   rule
07/26/2022 09:37:57 - INFO - __main__ - log_dir                   -->   logs_new_new_new_new/
07/26/2022 09:37:57 - INFO - __main__ - log_name                  -->   fewrel-k*k+mc+gs+dpp
07/26/2022 09:37:57 - INFO - __main__ - mcgs                      -->   True
07/26/2022 09:37:57 - INFO - __main__ - mlm_training              -->   True
07/26/2022 09:37:57 - INFO - __main__ - task                      -->   fewrel
07/26/2022 09:37:57 - INFO - __main__ - **************** MODEL CONFIGURATION ****************
07/26/2022 09:39:47 - INFO - __main__ - ***********Input************
07/26/2022 09:39:47 - INFO - __main__ - his guitar work on the title track is credited as what first drew <mask> to him , who two years later invited allman to join him as part of <mask> .
07/26/2022 09:39:47 - INFO - __main__ - *********Hypothesis*********
07/26/2022 09:39:47 - INFO - __main__ - <mask>, you're not a member of <mask>.
07/26/2022 09:39:47 - INFO - __main__ - <mask>'s father was a member of <mask>.
07/26/2022 09:39:47 - INFO - __main__ - <mask> was a member of <mask>.
07/26/2022 09:39:47 - INFO - __main__ - <mask>, the drummer of <mask>.
07/26/2022 09:39:47 - INFO - __main__ - <mask> was the lead singer of <mask>.
07/26/2022 09:39:47 - INFO - __main__ - <mask> is a song by <mask>.
07/26/2022 09:39:47 - INFO - __main__ - <mask> is the lead singer of <mask>.
07/26/2022 09:39:47 - INFO - __main__ - <mask> is the lead guitarist for <mask>.
07/26/2022 09:39:47 - INFO - __main__ - <mask> had been a member of <mask>.
07/26/2022 09:39:47 - INFO - __main__ - <mask> and his band were known as <mask>.
07/26/2022 09:39:47 - INFO - __main__ - ****************************
07/26/2022 09:39:47 - INFO - __main__ - *********References*********
07/26/2022 09:39:47 - INFO - __main__ - ['<mask> is a member of <mask>.']
07/26/2022 09:39:47 - INFO - __main__ - ****************************
07/26/2022 09:39:54 - INFO - __main__ - ***********Input************
07/26/2022 09:39:54 - INFO - __main__ - in the summer of 1944 it opposed the <mask> ’s <mask> during the lvov - sandomir strategic offensive operation ( 13 july - 29 august 1944 ) .
07/26/2022 09:39:54 - INFO - __main__ - *********Hypothesis*********
07/26/2022 09:39:54 - INFO - __main__ - <mask> was the only major power to have a regular <mask>.
07/26/2022 09:39:54 - INFO - __main__ - <mask> troops were not allowed to enter the city, and the city was taken by <mask>.
07/26/2022 09:39:54 - INFO - __main__ - <mask> soldiers and civilians were killed in the fighting, as well as the entire <mask>.
07/26/2022 09:39:54 - INFO - __main__ - <mask> forces were defeated and the city was taken by <mask>.
07/26/2022 09:39:54 - INFO - __main__ - <mask>, however, had no intention of attacking <mask>.
07/26/2022 09:39:54 - INFO - __main__ - <mask> were not allowed to fly in the newly formed <mask>.
07/26/2022 09:39:54 - INFO - __main__ - <mask> used the airfield as a base for their <mask>.
07/26/2022 09:39:54 - INFO - __main__ - <mask> in the area were not able to stop the advancing <mask>.
07/26/2022 09:39:54 - INFO - __main__ - ****************************
07/26/2022 09:39:54 - INFO - __main__ - *********References*********
07/26/2022 09:39:54 - INFO - __main__ - ['<mask> is part of <mask>.']
07/26/2022 09:39:54 - INFO - __main__ - ****************************
07/26/2022 09:40:01 - INFO - __main__ - ***********Input************
07/26/2022 09:40:01 - INFO - __main__ - the singles released from " <mask> " were " <mask> " , " stuck with me " , " brain stew / jaded " , and " walking contradiction " .
07/26/2022 09:40:01 - INFO - __main__ - *********Hypothesis*********
07/26/2022 09:40:01 - INFO - __main__ - <mask> was originally titled <mask>.
07/26/2022 09:40:01 - INFO - __main__ - <mask> is a compilation album by the in <mask>.
07/26/2022 09:40:01 - INFO - __main__ - <mask> – a song by <mask>.
07/26/2022 09:40:01 - INFO - __main__ - <mask> is the sequel to <mask>.
07/26/2022 09:40:01 - INFO - __main__ - <mask> is a live album by <mask>.
07/26/2022 09:40:01 - INFO - __main__ - <mask> is a compilation album by <mask>.
07/26/2022 09:40:01 - INFO - __main__ - <mask> is a sequel to <mask>.
07/26/2022 09:40:01 - INFO - __main__ - <mask> is a debut studio album by the band <mask>.
07/26/2022 09:40:01 - INFO - __main__ - <mask>: the story of <mask>.
07/26/2022 09:40:01 - INFO - __main__ - <mask> was followed by "<mask>.
07/26/2022 09:40:01 - INFO - __main__ - ****************************
07/26/2022 09:40:01 - INFO - __main__ - *********References*********
07/26/2022 09:40:01 - INFO - __main__ - ['<mask> is part of <mask>.']
07/26/2022 09:40:01 - INFO - __main__ - ****************************
07/26/2022 09:40:06 - INFO - __main__ - ***********Input************
07/26/2022 09:40:06 - INFO - __main__ - the occupancy of the show surpassed the <mask> films <mask> and freaky ali .
07/26/2022 09:40:06 - INFO - __main__ - *********Hypothesis*********
07/26/2022 09:40:06 - INFO - __main__ - <mask>s weren't allowed to be <mask>.
07/26/2022 09:40:06 - INFO - __main__ - <mask>s are the most dangerous people in the world, and i'm not <mask>.
07/26/2022 09:40:06 - INFO - __main__ - <mask>-born children are more likely to be born <mask>.
07/26/2022 09:40:06 - INFO - __main__ - <mask>, i said, and he nodded, and i realized he was <mask>.
07/26/2022 09:40:06 - INFO - __main__ - <mask>, he thought, but not native <mask>.
07/26/2022 09:40:06 - INFO - __main__ - <mask> or not, i was <mask>.
07/26/2022 09:40:06 - INFO - __main__ - <mask> food wasn't the only thing that was <mask>.
07/26/2022 09:40:06 - INFO - __main__ - <mask> cuisine is a lot more than just <mask>.
07/26/2022 09:40:06 - INFO - __main__ - <mask> citizens, and the majority of them were <mask>.
07/26/2022 09:40:06 - INFO - __main__ - <mask>ized, i mean, i'm <mask>.
07/26/2022 09:40:06 - INFO - __main__ - ****************************
07/26/2022 09:40:06 - INFO - __main__ - *********References*********
07/26/2022 09:40:06 - INFO - __main__ - ['the original language of <mask> is <mask>.']
07/26/2022 09:40:06 - INFO - __main__ - ****************************
07/26/2022 09:40:11 - INFO - __main__ - ***********Input************
07/26/2022 09:40:11 - INFO - __main__ - it broadcasts mostly english language news and current affairs and also broadcasts <mask> the daily rté 1 <mask> language news television programme .
07/26/2022 09:40:11 - INFO - __main__ - *********Hypothesis*********
07/26/2022 09:40:11 - INFO - __main__ - <mask>, which broadcasts in <mask>.
07/26/2022 09:40:11 - INFO - __main__ - <mask> is a radio station broadcasting in <mask>.
07/26/2022 09:40:11 - INFO - __main__ - <mask> broadcasts the show in <mask>.
07/26/2022 09:40:11 - INFO - __main__ - <mask>-speaking students are required to take a course in <mask>.
07/26/2022 09:40:11 - INFO - __main__ - <mask>-language versions of the show are broadcast in <mask>.
07/26/2022 09:40:11 - INFO - __main__ - <mask> was spoken by the majority of the population, and the majority spoke <mask>.
07/26/2022 09:40:11 - INFO - __main__ - <mask> language is taught in all schools, and the majority of the students are fluent in <mask>.
07/26/2022 09:40:11 - INFO - __main__ - <mask> is the official language, and the majority of the population speaks <mask>.
07/26/2022 09:40:11 - INFO - __main__ - <mask> is the official language of the country, and the official languages of the region are <mask>.
07/26/2022 09:40:11 - INFO - __main__ - <mask> is the language of instruction, and the school offers courses in <mask>.
07/26/2022 09:40:11 - INFO - __main__ - ****************************
07/26/2022 09:40:11 - INFO - __main__ - *********References*********
07/26/2022 09:40:11 - INFO - __main__ - ['the original language of <mask> is <mask>.']
07/26/2022 09:40:11 - INFO - __main__ - ****************************
07/26/2022 09:40:16 - INFO - __main__ - ***********Input************
07/26/2022 09:40:16 - INFO - __main__ - in 2009 to mark the 125th anniversary of the <mask> he was named by the irish news as one of the all - time best 125 footballers from <mask> .
07/26/2022 09:40:16 - INFO - __main__ - *********Hypothesis*********
07/26/2022 09:40:16 - INFO - __main__ - <mask>'s main aim is to promote the sport of association football in <mask>.
07/26/2022 09:40:16 - INFO - __main__ - <mask> was founded to promote the sport of association football in <mask>.
07/26/2022 09:40:16 - INFO - __main__ - <mask> is the governing body for the sport of association football in <mask>.
07/26/2022 09:40:16 - INFO - __main__ - <mask>'s main aim is to promote the sport of gaelic football in <mask>.
07/26/2022 09:40:16 - INFO - __main__ - <mask> is the national governing body for gaelic football in <mask>.
07/26/2022 09:40:16 - INFO - __main__ - <mask> is the governing body for gaelic football in <mask>.
07/26/2022 09:40:16 - INFO - __main__ - <mask> is a major sport in <mask>.
07/26/2022 09:40:16 - INFO - __main__ - <mask> has been a major source of income for the island of <mask>.
07/26/2022 09:40:16 - INFO - __main__ - <mask> football is the most popular sport in <mask>.
07/26/2022 09:40:16 - INFO - __main__ - <mask> competitions are held in every county in <mask>.
07/26/2022 09:40:16 - INFO - __main__ - ****************************
07/26/2022 09:40:16 - INFO - __main__ - *********References*********
07/26/2022 09:40:16 - INFO - __main__ - ['<mask> is a member of <mask>.']
07/26/2022 09:40:16 - INFO - __main__ - ****************************
07/26/2022 09:40:22 - INFO - __main__ - ***********Input************
07/26/2022 09:40:22 - INFO - __main__ - as a sergeant in the australian imperial force , mcgee was awarded the victoria cross for his actions in the <mask> — part of the <mask> — on 4 october 1917 .
07/26/2022 09:40:22 - INFO - __main__ - *********Hypothesis*********
07/26/2022 09:40:22 - INFO - __main__ - <mask>'s brigade was then sent to <mask>.
07/26/2022 09:40:22 - INFO - __main__ - <mask>'s brigade fought in the subsequent <mask>.
07/26/2022 09:40:22 - INFO - __main__ - <mask> was the last major battle of the entire <mask>.
07/26/2022 09:40:22 - INFO - __main__ - <mask> was part of <mask>.
07/26/2022 09:40:22 - INFO - __main__ - <mask> was a major part of the victorious <mask>.
07/26/2022 09:40:22 - INFO - __main__ - <mask> fought in the <mask>.
07/26/2022 09:40:22 - INFO - __main__ - <mask> fought in <mask>.
07/26/2022 09:40:22 - INFO - __main__ - <mask> was the last major battle of <mask>.
07/26/2022 09:40:22 - INFO - __main__ - <mask> was a major participant in the first <mask>.
07/26/2022 09:40:22 - INFO - __main__ - <mask> had been a part of <mask>.
07/26/2022 09:40:22 - INFO - __main__ - ****************************
07/26/2022 09:40:22 - INFO - __main__ - *********References*********
07/26/2022 09:40:22 - INFO - __main__ - ['<mask> is part of <mask>.']
07/26/2022 09:40:22 - INFO - __main__ - ****************************
07/26/2022 09:40:27 - INFO - __main__ - ***********Input************
07/26/2022 09:40:27 - INFO - __main__ - petrovic made her on – screen debut with a small role in " <mask> " , a 2007 <mask> film directed by milčo mančevski .
07/26/2022 09:40:27 - INFO - __main__ - *********Hypothesis*********
07/26/2022 09:40:27 - INFO - __main__ - <mask>, however, was not a <mask>.
07/26/2022 09:40:27 - INFO - __main__ - <mask> was a major influence on his <mask>.
07/26/2022 09:40:27 - INFO - __main__ - <mask>: the other side the other side <mask>.
07/26/2022 09:40:27 - INFO - __main__ - <mask> was a major influence on <mask>.
07/26/2022 09:40:27 - INFO - __main__ - <mask> is an example of a non-standard <mask>.
07/26/2022 09:40:27 - INFO - __main__ - <mask> has been translated into <mask>.
07/26/2022 09:40:27 - INFO - __main__ - <mask>'s name means "the one who is not afraid" in <mask>.
07/26/2022 09:40:27 - INFO - __main__ - <mask> is the name of a village in <mask>.
07/26/2022 09:40:27 - INFO - __main__ - <mask> is the only one of the group to be <mask>.
07/26/2022 09:40:27 - INFO - __main__ - <mask> is the only one of the group to be entirely <mask>.
07/26/2022 09:40:27 - INFO - __main__ - ****************************
07/26/2022 09:40:27 - INFO - __main__ - *********References*********
07/26/2022 09:40:27 - INFO - __main__ - ['the original language of <mask> is <mask>.']
07/26/2022 09:40:27 - INFO - __main__ - ****************************
07/26/2022 09:40:33 - INFO - __main__ - ***********Input************
07/26/2022 09:40:33 - INFO - __main__ - the film is a remake of <mask> movie " <mask> " , starring krishnam raju , jayasudha in the lead roles .
07/26/2022 09:40:33 - INFO - __main__ - *********Hypothesis*********
07/26/2022 09:40:33 - INFO - __main__ - <mask> was the language of the people of <mask>.
07/26/2022 09:40:33 - INFO - __main__ - <mask> version was titled as <mask>.
07/26/2022 09:40:33 - INFO - __main__ - <mask> version of the film was titled <mask>.
07/26/2022 09:40:33 - INFO - __main__ - <mask> version of the film was titled as <mask>.
07/26/2022 09:40:33 - INFO - __main__ - <mask> is the official language of <mask>.
07/26/2022 09:40:33 - INFO - __main__ - <mask> is the native language of <mask>.
07/26/2022 09:40:33 - INFO - __main__ - <mask> has a similar word, <mask>.
07/26/2022 09:40:33 - INFO - __main__ - <mask> film industry is the largest industry in <mask>.
07/26/2022 09:40:33 - INFO - __main__ - <mask> was spoken in the area and the name was changed to <mask>.
07/26/2022 09:40:33 - INFO - __main__ - <mask> literature is the most popular language in <mask>.
07/26/2022 09:40:33 - INFO - __main__ - ****************************
07/26/2022 09:40:33 - INFO - __main__ - *********References*********
07/26/2022 09:40:33 - INFO - __main__ - ['the original language of <mask> is <mask>.']
07/26/2022 09:40:33 - INFO - __main__ - ****************************
07/26/2022 09:40:38 - INFO - __main__ - ***********Input************
07/26/2022 09:40:38 - INFO - __main__ - fear and trembling ( original title : <mask> ) is a 2003 <mask> film based on the novel of the same name by amélie nothomb .
07/26/2022 09:40:38 - INFO - __main__ - *********Hypothesis*********
07/26/2022 09:40:38 - INFO - __main__ - <mask>, meaning "beautiful" in <mask>.
07/26/2022 09:40:38 - INFO - __main__ - <mask>'s name means "beautiful" in <mask>.
07/26/2022 09:40:38 - INFO - __main__ - <mask> means "lovely" or "beautiful" in <mask>.
07/26/2022 09:40:38 - INFO - __main__ - <mask> means "beautiful" in <mask>.
07/26/2022 09:40:38 - INFO - __main__ - <mask> is the plural form of félicie in <mask>.
07/26/2022 09:40:38 - INFO - __main__ - <mask> is the name of a female given name in <mask>.
07/26/2022 09:40:38 - INFO - __main__ - <mask> is a feminine given name in <mask>.
07/26/2022 09:40:38 - INFO - __main__ - <mask> was translated into <mask>.
07/26/2022 09:40:38 - INFO - __main__ - <mask> is the name of a song in <mask>.
07/26/2022 09:40:38 - INFO - __main__ - <mask> is a novel in <mask>.
07/26/2022 09:40:38 - INFO - __main__ - ****************************
07/26/2022 09:40:38 - INFO - __main__ - *********References*********
07/26/2022 09:40:38 - INFO - __main__ - ['the original language of <mask> is <mask>.']
07/26/2022 09:40:38 - INFO - __main__ - ****************************
07/26/2022 09:40:44 - INFO - __main__ - ***********Input************
07/26/2022 09:40:44 - INFO - __main__ - <mask> ( born 10 january 1990 ) is a german footballer who plays as a <mask> for spvgg unterhaching .
07/26/2022 09:40:44 - INFO - __main__ - *********Hypothesis*********
07/26/2022 09:40:44 - INFO - __main__ - <mask>, professional footballer <mask>.
07/26/2022 09:40:44 - INFO - __main__ - <mask>, footballer who plays as a <mask>.
07/26/2022 09:40:44 - INFO - __main__ - <mask> started his career as a <mask>.
07/26/2022 09:40:44 - INFO - __main__ - <mask> plays as a <mask>.
07/26/2022 09:40:44 - INFO - __main__ - <mask> played as a <mask>.
07/26/2022 09:40:44 - INFO - __main__ - <mask> is a <mask>.
07/26/2022 09:40:44 - INFO - __main__ - ****************************
07/26/2022 09:40:44 - INFO - __main__ - *********References*********
07/26/2022 09:40:44 - INFO - __main__ - ['<mask> plays in <mask> position.']
07/26/2022 09:40:44 - INFO - __main__ - ****************************
07/26/2022 09:40:51 - INFO - __main__ - ***********Input************
07/26/2022 09:40:51 - INFO - __main__ - wester ross is well known for its mountain scenery , especially the <mask> which includes such peaks as beinn eighe and <mask> .
07/26/2022 09:40:51 - INFO - __main__ - *********Hypothesis*********
07/26/2022 09:40:51 - INFO - __main__ - <mask>, the highest point in the county, is <mask>.
07/26/2022 09:40:51 - INFO - __main__ - <mask> lies to the west of <mask>.
07/26/2022 09:40:51 - INFO - __main__ - <mask> has its own name, <mask>.
07/26/2022 09:40:51 - INFO - __main__ - <mask> was the son of the <mask>.
07/26/2022 09:40:51 - INFO - __main__ - <mask> is a short form of the <mask>.
07/26/2022 09:40:51 - INFO - __main__ - <mask> was the son of <mask>.
07/26/2022 09:40:51 - INFO - __main__ - <mask>, including the highest point in the county, <mask>.
07/26/2022 09:40:51 - INFO - __main__ - <mask> is a short form of <mask>.
07/26/2022 09:40:51 - INFO - __main__ - <mask> is the son of the late lord <mask>.
07/26/2022 09:40:51 - INFO - __main__ - <mask> is a surname, derived from the gaelic word <mask>.
07/26/2022 09:40:51 - INFO - __main__ - ****************************
07/26/2022 09:40:51 - INFO - __main__ - *********References*********
07/26/2022 09:40:51 - INFO - __main__ - ['<mask> is part of <mask>.']
07/26/2022 09:40:51 - INFO - __main__ - ****************************
07/26/2022 09:40:56 - INFO - __main__ - ***********Input************
07/26/2022 09:40:56 - INFO - __main__ - <mask> ( born 23 august 1994 ) is an afghan international footballer who plays as a <mask> .
07/26/2022 09:40:56 - INFO - __main__ - *********Hypothesis*********
07/26/2022 09:40:56 - INFO - __main__ - <mask>, formerly a <mask>.
07/26/2022 09:40:56 - INFO - __main__ - <mask> was an attacking <mask>.
07/26/2022 09:40:56 - INFO - __main__ - <mask> started his career as a <mask>.
07/26/2022 09:40:56 - INFO - __main__ - <mask> plays as a <mask>.
07/26/2022 09:40:56 - INFO - __main__ - <mask> played as a <mask>.
07/26/2022 09:40:56 - INFO - __main__ - <mask> is a <mask>.
07/26/2022 09:40:56 - INFO - __main__ - ****************************
07/26/2022 09:40:56 - INFO - __main__ - *********References*********
07/26/2022 09:40:56 - INFO - __main__ - ['<mask> plays in <mask> position.']
07/26/2022 09:40:56 - INFO - __main__ - ****************************
07/26/2022 09:41:02 - INFO - __main__ - ***********Input************
07/26/2022 09:41:02 - INFO - __main__ - the company was formed by steve nardelli and <mask> of the psychedelic prog band <mask> .
07/26/2022 09:41:02 - INFO - __main__ - *********Hypothesis*********
07/26/2022 09:41:02 - INFO - __main__ - <mask>, the lead singer of <mask>.
07/26/2022 09:41:02 - INFO - __main__ - <mask> was an <mask>.
07/26/2022 09:41:02 - INFO - __main__ - <mask> was a member of <mask>.
07/26/2022 09:41:02 - INFO - __main__ - <mask> was a member of the <mask>.
07/26/2022 09:41:02 - INFO - __main__ - <mask> is a member of <mask>.
07/26/2022 09:41:02 - INFO - __main__ - <mask> is a member of the <mask>.
07/26/2022 09:41:02 - INFO - __main__ - <mask> is a former member of <mask>.
07/26/2022 09:41:02 - INFO - __main__ - <mask> is a former <mask>.
07/26/2022 09:41:02 - INFO - __main__ - <mask> had been a member of <mask>.
07/26/2022 09:41:02 - INFO - __main__ - <mask> had been a member of the <mask>.
07/26/2022 09:41:02 - INFO - __main__ - ****************************
07/26/2022 09:41:02 - INFO - __main__ - *********References*********
07/26/2022 09:41:02 - INFO - __main__ - ['<mask> is a member of <mask>.']
07/26/2022 09:41:02 - INFO - __main__ - ****************************
07/26/2022 09:41:07 - INFO - __main__ - ***********Input************
07/26/2022 09:41:07 - INFO - __main__ - the <mask> ( ) metro station is located on the red line of the <mask> .
07/26/2022 09:41:07 - INFO - __main__ - *********Hypothesis*********
07/26/2022 09:41:07 - INFO - __main__ - <mask>'s metro system is the <mask>.
07/26/2022 09:41:07 - INFO - __main__ - <mask> metro station is a station on the <mask>.
07/26/2022 09:41:07 - INFO - __main__ - <mask> is served by the <mask>.
07/26/2022 09:41:07 - INFO - __main__ - <mask> is a station of <mask>.
07/26/2022 09:41:07 - INFO - __main__ - <mask> metro station is a station on the line <mask>.
07/26/2022 09:41:07 - INFO - __main__ - <mask> metro station is a station of <mask>.
07/26/2022 09:41:07 - INFO - __main__ - <mask> metro is a rapid transit system, operated by <mask>.
07/26/2022 09:41:07 - INFO - __main__ - <mask>: deutsche oper <mask>.
07/26/2022 09:41:07 - INFO - __main__ - <mask> is the home of <mask>.
07/26/2022 09:41:07 - INFO - __main__ - <mask> is a station on <mask>.
07/26/2022 09:41:07 - INFO - __main__ - ****************************
07/26/2022 09:41:07 - INFO - __main__ - *********References*********
07/26/2022 09:41:07 - INFO - __main__ - ['<mask> is part of <mask>.']
07/26/2022 09:41:07 - INFO - __main__ - ****************************
07/26/2022 09:41:13 - INFO - __main__ - ***********Input************
07/26/2022 09:41:13 - INFO - __main__ - kane 's ultimate version was introduced in " ultimate x - men " # 76 , where he is once again a partner to <mask> , domino and the other <mask> team members .
07/26/2022 09:41:13 - INFO - __main__ - *********Hypothesis*********
07/26/2022 09:41:13 - INFO - __main__ - <mask>, you're not going to be able to stop the other <mask>.
07/26/2022 09:41:13 - INFO - __main__ - <mask>'s face was still red from the beating he 'd taken from <mask>.
07/26/2022 09:41:13 - INFO - __main__ - <mask>'s eyes were wide as he stared at the group of <mask>.
07/26/2022 09:41:13 - INFO - __main__ - <mask> wasn't sure what to make of the new <mask>.
07/26/2022 09:41:13 - INFO - __main__ - <mask> was a member of the elite group of <mask>.
07/26/2022 09:41:13 - INFO - __main__ - <mask> looked at the other <mask>.
07/26/2022 09:41:13 - INFO - __main__ - <mask> had been a member of the original <mask>.
07/26/2022 09:41:13 - INFO - __main__ - <mask> and i were the only ones who knew about <mask>.
07/26/2022 09:41:13 - INFO - __main__ - ****************************
07/26/2022 09:41:13 - INFO - __main__ - *********References*********
07/26/2022 09:41:13 - INFO - __main__ - ['<mask> is a member of <mask>.']
07/26/2022 09:41:13 - INFO - __main__ - ****************************
07/26/2022 09:41:22 - INFO - __main__ - ***********Input************
07/26/2022 09:41:22 - INFO - __main__ - <mask> ( born 15 december 1990 in plymouth , trinidad and tobago ) , is an international football player from trinidad and tobagosoca warriors who plays as a <mask> for juticalpa .
07/26/2022 09:41:22 - INFO - __main__ - *********Hypothesis*********
07/26/2022 09:41:22 - INFO - __main__ - <mask>, footballer who plays as a <mask>.
07/26/2022 09:41:22 - INFO - __main__ - <mask> was the team's <mask>.
07/26/2022 09:41:22 - INFO - __main__ - <mask> started his career as a <mask>.
07/26/2022 09:41:22 - INFO - __main__ - <mask> was a <mask>.
07/26/2022 09:41:22 - INFO - __main__ - <mask> played as a <mask>.
07/26/2022 09:41:22 - INFO - __main__ - <mask>: forward and <mask>.
07/26/2022 09:41:22 - INFO - __main__ - <mask> is a <mask>.
07/26/2022 09:41:22 - INFO - __main__ - ****************************
07/26/2022 09:41:22 - INFO - __main__ - *********References*********
07/26/2022 09:41:22 - INFO - __main__ - ['<mask> plays in <mask> position.']
07/26/2022 09:41:22 - INFO - __main__ - ****************************
07/26/2022 09:41:28 - INFO - __main__ - ***********Input************
07/26/2022 09:41:28 - INFO - __main__ - <mask> ( born 14 september 1995 ) is a scottish professional footballer who plays as a <mask> for kilmarnock , on loan from newcastle united .
07/26/2022 09:41:28 - INFO - __main__ - *********Hypothesis*********
07/26/2022 09:41:28 - INFO - __main__ - <mask>, professional footballer who plays as a <mask>.
07/26/2022 09:41:28 - INFO - __main__ - <mask> – former professional <mask>.
07/26/2022 09:41:28 - INFO - __main__ - <mask>, professional footballer, <mask>.
07/26/2022 09:41:28 - INFO - __main__ - <mask>, footballer who plays as a <mask>.
07/26/2022 09:41:28 - INFO - __main__ - <mask> – for services to the community as a <mask>.
07/26/2022 09:41:28 - INFO - __main__ - <mask> was the club's most successful <mask>.
07/26/2022 09:41:28 - INFO - __main__ - <mask> was a right-handed <mask>.
07/26/2022 09:41:28 - INFO - __main__ - <mask> played as a <mask>.
07/26/2022 09:41:28 - INFO - __main__ - <mask> is a former professional <mask>.
07/26/2022 09:41:28 - INFO - __main__ - <mask> is a <mask>.
07/26/2022 09:41:28 - INFO - __main__ - ****************************
07/26/2022 09:41:28 - INFO - __main__ - *********References*********
07/26/2022 09:41:28 - INFO - __main__ - ['<mask> plays in <mask> position.']
07/26/2022 09:41:28 - INFO - __main__ - ****************************
07/26/2022 09:41:36 - INFO - __main__ - ***********Input************
07/26/2022 09:41:36 - INFO - __main__ - <mask> ( 15 september 1930 – 12 january 2006 ) was a swiss football <mask> who played for switzerland in the 1962 fifa world cup .
07/26/2022 09:41:36 - INFO - __main__ - *********Hypothesis*********
07/26/2022 09:41:36 - INFO - __main__ - <mask>, footballer who plays as a <mask>.
07/26/2022 09:41:36 - INFO - __main__ - <mask> is a versatile <mask>.
07/26/2022 09:41:36 - INFO - __main__ - <mask>: he plays as a <mask>.
07/26/2022 09:41:36 - INFO - __main__ - <mask>, who played as a <mask>.
07/26/2022 09:41:36 - INFO - __main__ - <mask> was a versatile <mask>.
07/26/2022 09:41:36 - INFO - __main__ - <mask> played as a <mask>.
07/26/2022 09:41:36 - INFO - __main__ - <mask> started his career as a <mask>.
07/26/2022 09:41:36 - INFO - __main__ - <mask> is a <mask>.
07/26/2022 09:41:36 - INFO - __main__ - <mask> is a professional <mask>.
07/26/2022 09:41:36 - INFO - __main__ - <mask>, professional footballer <mask>.
07/26/2022 09:41:36 - INFO - __main__ - ****************************
07/26/2022 09:41:36 - INFO - __main__ - *********References*********
07/26/2022 09:41:36 - INFO - __main__ - ['<mask> plays in <mask> position.']
07/26/2022 09:41:36 - INFO - __main__ - ****************************
07/26/2022 09:41:41 - INFO - __main__ - ***********Input************
07/26/2022 09:41:41 - INFO - __main__ - he belonged to the <mask> , of <mask> and bernard silvestris .
07/26/2022 09:41:41 - INFO - __main__ - *********Hypothesis*********
07/26/2022 09:41:41 - INFO - __main__ - <mask>, et al., eds., <mask>.
07/26/2022 09:41:41 - INFO - __main__ - <mask> p. s. <mask>.
07/26/2022 09:41:41 - INFO - __main__ - <mask> b. baxteri <mask>.
07/26/2022 09:41:41 - INFO - __main__ - <mask> bicolor is a species of orchid endemic to <mask>.
07/26/2022 09:41:41 - INFO - __main__ - <mask>, which was a part of <mask>.
07/26/2022 09:41:41 - INFO - __main__ - <mask> was a part of <mask>.
07/26/2022 09:41:41 - INFO - __main__ - <mask> was a name for the region of <mask>.
07/26/2022 09:41:41 - INFO - __main__ - <mask> is the most important and most important language in <mask>.
07/26/2022 09:41:41 - INFO - __main__ - <mask> k. kalmak, <mask>.
07/26/2022 09:41:41 - INFO - __main__ - <mask>    <mask>.
07/26/2022 09:41:41 - INFO - __main__ - ****************************
07/26/2022 09:41:41 - INFO - __main__ - *********References*********
07/26/2022 09:41:41 - INFO - __main__ - ['<mask> is a member of <mask>.']
07/26/2022 09:41:41 - INFO - __main__ - ****************************
07/26/2022 09:41:42 - INFO - __main__ - Task: fewrel
07/26/2022 09:41:42 - INFO - __main__ - bleu-4: 0.023836420506353113
07/26/2022 09:41:42 - INFO - __main__ - bleu-3: 0.047638651638270614
07/26/2022 09:41:42 - INFO - __main__ - bleu-2: 0.13505594877453994
07/26/2022 09:41:42 - INFO - __main__ - bleu-1: 0.33260280683981297
07/26/2022 09:41:42 - INFO - __main__ - METEOR: 0.30653615366716835
07/26/2022 09:41:42 - INFO - __main__ - ROUGE-L: 0.43894113435909105
07/26/2022 09:41:42 - INFO - __main__ - entailment score(mean-mean): 0.307368089253322
07/26/2022 09:41:42 - INFO - __main__ - entailment score(mean-max): 0.6835970560437999
07/26/2022 09:41:42 - INFO - __main__ - entailment score(mean-min): 0.0070799683016957715
07/26/2022 09:41:42 - INFO - __main__ - self-BLEU-2: 0.878139557748748
07/26/2022 09:41:42 - INFO - __main__ - avg: 0.21410185263087267
07/26/2022 09:41:42 - INFO - __main__ - *******************************************************
07/26/2022 09:41:42 - INFO - __main__ - *******************************************************
07/26/2022 09:41:42 - INFO - __main__ - *******************************************************
