08/06/2022 08:59:44 - INFO - __main__ - **************** MODEL CONFIGURATION ****************
08/06/2022 08:59:44 - INFO - __main__ - bart_training             -->   True
08/06/2022 08:59:44 - INFO - __main__ - device                    -->   5
08/06/2022 08:59:44 - INFO - __main__ - dpp                       -->   True
08/06/2022 08:59:44 - INFO - __main__ - group_beam                -->   True
08/06/2022 08:59:44 - INFO - __main__ - if_then                   -->   False
08/06/2022 08:59:44 - INFO - __main__ - inductor                  -->   rule
08/06/2022 08:59:44 - INFO - __main__ - log_dir                   -->   logs_new_new_new_new/
08/06/2022 08:59:44 - INFO - __main__ - log_name                  -->   google-k*k+p10+mc+bgs+dpp
08/06/2022 08:59:44 - INFO - __main__ - mcgs                      -->   True
08/06/2022 08:59:44 - INFO - __main__ - mlm_training              -->   True
08/06/2022 08:59:44 - INFO - __main__ - task                      -->   google-re
08/06/2022 08:59:44 - INFO - __main__ - **************** MODEL CONFIGURATION ****************
08/06/2022 09:01:47 - INFO - __main__ - ***********Input************
08/06/2022 09:01:47 - INFO - __main__ - <mask> (b. 1954 in <mask>) is a best-selling American author of romance novels .
08/06/2022 09:01:47 - INFO - __main__ - *********Hypothesis*********
08/06/2022 09:01:47 - INFO - __main__ - <mask> is a writer and artist based in <mask>.
08/06/2022 09:01:47 - INFO - __main__ - <mask> is a singer-songwriter from <mask>.
08/06/2022 09:01:47 - INFO - __main__ - <mask> is the largest city in the state of <mask>.
08/06/2022 09:01:47 - INFO - __main__ - <mask>, director, lived in <mask>.
08/06/2022 09:01:47 - INFO - __main__ - <mask>'s largest city is the capital, <mask>.
08/06/2022 09:01:47 - INFO - __main__ - <mask> is a writer and editor based in <mask>.
08/06/2022 09:01:47 - INFO - __main__ - <mask> was born in <mask>.
08/06/2022 09:01:47 - INFO - __main__ - <mask> was born and raised in <mask>.
08/06/2022 09:01:47 - INFO - __main__ - <mask> was a young woman who was living in <mask>.
08/06/2022 09:01:47 - INFO - __main__ - <mask> is a successful actress in <mask>.
08/06/2022 09:01:47 - INFO - __main__ - ****************************
08/06/2022 09:01:47 - INFO - __main__ - *********References*********
08/06/2022 09:01:47 - INFO - __main__ - ['the place where <mask> was born is <mask>.']
08/06/2022 09:01:47 - INFO - __main__ - ****************************
08/06/2022 09:02:52 - INFO - __main__ - ***********Input************
08/06/2022 09:02:52 - INFO - __main__ - <mask> (born c.<mask> Chapel Hill, North Carolina) is an American director and designer of experimental theatre from New York City .
08/06/2022 09:02:52 - INFO - __main__ - *********Hypothesis*********
08/06/2022 09:02:52 - INFO - __main__ - <mask>, and of north carolina theatre in <mask>.
08/06/2022 09:02:52 - INFO - __main__ - <mask>: a biography, <mask>.
08/06/2022 09:02:52 - INFO - __main__ - <mask>, professor of physics, <mask>.
08/06/2022 09:02:52 - INFO - __main__ - <mask> is the largest city in the state, followed by <mask>.
08/06/2022 09:02:52 - INFO - __main__ - <mask> was born in <mask>.
08/06/2022 09:02:52 - INFO - __main__ - <mask>, professor of history, <mask>.
08/06/2022 09:02:52 - INFO - __main__ - <mask> was born and raised in <mask>.
08/06/2022 09:02:52 - INFO - __main__ - <mask> (born in <mask>.
08/06/2022 09:02:52 - INFO - __main__ - <mask> is a professor of history at <mask>.
08/06/2022 09:02:52 - INFO - __main__ - <mask> is located in the city of <mask>.
08/06/2022 09:02:52 - INFO - __main__ - ****************************
08/06/2022 09:02:52 - INFO - __main__ - *********References*********
08/06/2022 09:02:52 - INFO - __main__ - ['the date when <mask> was born is <mask>.']
08/06/2022 09:02:52 - INFO - __main__ - ****************************
08/06/2022 09:03:55 - INFO - __main__ - ***********Input************
08/06/2022 09:03:55 - INFO - __main__ - <mask> (born c <mask>) is a former softball player and coach .
08/06/2022 09:03:55 - INFO - __main__ - *********Hypothesis*********
08/06/2022 09:03:55 - INFO - __main__ - <mask> was born in the village of <mask>.
08/06/2022 09:03:55 - INFO - __main__ - <mask> is the son of the former footballer <mask>.
08/06/2022 09:03:55 - INFO - __main__ - <mask> (san francisco <mask>.
08/06/2022 09:03:55 - INFO - __main__ - <mask>: museum of modern art, <mask>.
08/06/2022 09:03:55 - INFO - __main__ - <mask>, ny: st. martin's, <mask>.
08/06/2022 09:03:55 - INFO - __main__ - <mask> is the largest city in the state of <mask>.
08/06/2022 09:03:55 - INFO - __main__ - <mask> was born in <mask>.
08/06/2022 09:03:55 - INFO - __main__ - <mask>, ( ) <mask>.
08/06/2022 09:03:55 - INFO - __main__ - <mask> this because my wife ( <mask>.
08/06/2022 09:03:55 - INFO - __main__ - <mask> it because i ( <mask>.
08/06/2022 09:03:55 - INFO - __main__ - ****************************
08/06/2022 09:03:55 - INFO - __main__ - *********References*********
08/06/2022 09:03:55 - INFO - __main__ - ['the date when <mask> was born is <mask>.']
08/06/2022 09:03:55 - INFO - __main__ - ****************************
08/06/2022 09:04:33 - INFO - __main__ - ***********Input************
08/06/2022 09:04:33 - INFO - __main__ - <mask> (1738--1811) was a British composer and organist born in <mask> .
08/06/2022 09:04:33 - INFO - __main__ - *********Hypothesis*********
08/06/2022 09:04:33 - INFO - __main__ - <mask>,, lately deputy chief constable, city of <mask>.
08/06/2022 09:04:33 - INFO - __main__ - <mask>,, lord mayor of <mask>.
08/06/2022 09:04:33 - INFO - __main__ - <mask>,, chief constable, city of <mask>.
08/06/2022 09:04:33 - INFO - __main__ - <mask>, a prominent lawyer, was born in <mask>.
08/06/2022 09:04:33 - INFO - __main__ - <mask> was born and raised in <mask>.
08/06/2022 09:04:33 - INFO - __main__ - <mask> was born and died in <mask>.
08/06/2022 09:04:33 - INFO - __main__ - <mask> was a merchant and politician in <mask>.
08/06/2022 09:04:33 - INFO - __main__ - <mask> is a former professional footballer who played for <mask>.
08/06/2022 09:04:33 - INFO - __main__ - <mask> was born in <mask>.
08/06/2022 09:04:33 - INFO - __main__ - <mask>,, chief superintendent, metropolitan police, <mask>.
08/06/2022 09:04:33 - INFO - __main__ - ****************************
08/06/2022 09:04:33 - INFO - __main__ - *********References*********
08/06/2022 09:04:33 - INFO - __main__ - ['the place where <mask> was born is <mask>.']
08/06/2022 09:04:33 - INFO - __main__ - ****************************
08/06/2022 09:05:27 - INFO - __main__ - ***********Input************
08/06/2022 09:05:27 - INFO - __main__ - <mask> (b. February 11, 1955, <mask>, Tennessee - d July 2, 2007, Tiburon, California) was an American artist .
08/06/2022 09:05:27 - INFO - __main__ - *********Hypothesis*********
08/06/2022 09:05:27 - INFO - __main__ - <mask>, jr. was born in <mask>.
08/06/2022 09:05:27 - INFO - __main__ - <mask> was the last union general to be killed in <mask>.
08/06/2022 09:05:27 - INFO - __main__ - <mask> was born in the <mask>.
08/06/2022 09:05:27 - INFO - __main__ - <mask> is a native of <mask>.
08/06/2022 09:05:27 - INFO - __main__ - <mask> was born in <mask>.
08/06/2022 09:05:27 - INFO - __main__ - <mask> was born and raised in <mask>.
08/06/2022 09:05:27 - INFO - __main__ - <mask> was a native of <mask>.
08/06/2022 09:05:27 - INFO - __main__ - <mask>, a prominent lawyer, was born in <mask>.
08/06/2022 09:05:27 - INFO - __main__ - <mask> the city of <mask>.
08/06/2022 09:05:27 - INFO - __main__ - <mask>, a former mayor of <mask>.
08/06/2022 09:05:27 - INFO - __main__ - ****************************
08/06/2022 09:05:27 - INFO - __main__ - *********References*********
08/06/2022 09:05:27 - INFO - __main__ - ['the place where <mask> was born is <mask>.']
08/06/2022 09:05:27 - INFO - __main__ - ****************************
08/06/2022 09:06:20 - INFO - __main__ - ***********Input************
08/06/2022 09:06:20 - INFO - __main__ - <mask> (c. <mask> - 25 August 1785) was a British diplomat and politician who sat in the House of Commons between 1762 and 1774 .
08/06/2022 09:06:20 - INFO - __main__ - *********Hypothesis*********
08/06/2022 09:06:20 - INFO - __main__ - <mask> was a member of the council in <mask>.
08/06/2022 09:06:20 - INFO - __main__ - <mask>, founded in <mask>.
08/06/2022 09:06:20 - INFO - __main__ - <mask> was founded in <mask>.
08/06/2022 09:06:20 - INFO - __main__ - <mask> elected him a fellow in <mask>.
08/06/2022 09:06:20 - INFO - __main__ - <mask>: printed for the society of antiquaries, <mask>.
08/06/2022 09:06:20 - INFO - __main__ - <mask>: printed for the duke of york, <mask>.
08/06/2022 09:06:20 - INFO - __main__ - <mask> was born in the village in <mask>.
08/06/2022 09:06:20 - INFO - __main__ - <mask> had been a member of the council since <mask>.
08/06/2022 09:06:20 - INFO - __main__ - <mask> was born in <mask>.
08/06/2022 09:06:20 - INFO - __main__ - <mask>, who died in <mask>.
08/06/2022 09:06:20 - INFO - __main__ - ****************************
08/06/2022 09:06:20 - INFO - __main__ - *********References*********
08/06/2022 09:06:20 - INFO - __main__ - ['the date when <mask> was born is <mask>.']
08/06/2022 09:06:20 - INFO - __main__ - ****************************
08/06/2022 09:07:49 - INFO - __main__ - ***********Input************
08/06/2022 09:07:49 - INFO - __main__ - <mask> (born December 28th, <mask>) is a United States of America Democratic political consultant and activist who has worked on six presidential campaigns, served as Policy Director for the Speaker of the House in Connecticut, and served as the National Coordinated Campaign Director for both the 1992 and 1996 Presidential campaigns of Bill Clinton .
08/06/2022 09:07:49 - INFO - __main__ - *********Hypothesis*********
08/06/2022 09:07:49 - INFO - __main__ - <mask>, who was a member of the committee, was elected president in <mask>.
08/06/2022 09:07:49 - INFO - __main__ - <mask>, jr. was born in <mask>.
08/06/2022 09:07:49 - INFO - __main__ - <mask> was born in the town in <mask>.
08/06/2022 09:07:49 - INFO - __main__ - <mask> became a member of the board in <mask>.
08/06/2022 09:07:49 - INFO - __main__ - <mask>, who had been the editor since <mask>.
08/06/2022 09:07:49 - INFO - __main__ - <mask> was born in <mask>.
08/06/2022 09:07:49 - INFO - __main__ - <mask> was appointed as the new president in <mask>.
08/06/2022 09:07:49 - INFO - __main__ - <mask> has been the editor-in-chief since <mask>.
08/06/2022 09:07:49 - INFO - __main__ - <mask> has been a member of the board of directors since <mask>.
08/06/2022 09:07:49 - INFO - __main__ - <mask>, a former member of the group, was elected president in <mask>.
08/06/2022 09:07:49 - INFO - __main__ - ****************************
08/06/2022 09:07:49 - INFO - __main__ - *********References*********
08/06/2022 09:07:49 - INFO - __main__ - ['the date when <mask> was born is <mask>.']
08/06/2022 09:07:49 - INFO - __main__ - ****************************
08/06/2022 09:09:11 - INFO - __main__ - ***********Input************
08/06/2022 09:09:11 - INFO - __main__ - <mask> (born <mask> in Vlorë, Albania) is a singer who at fourtheen moved to Pistoia, Italy were he remains with his parents and three brothers .
08/06/2022 09:09:11 - INFO - __main__ - *********Hypothesis*********
08/06/2022 09:09:11 - INFO - __main__ - <mask>'s main rival is <mask>.
08/06/2022 09:09:11 - INFO - __main__ - <mask> is the birthplace of <mask>.
08/06/2022 09:09:11 - INFO - __main__ - <mask> is the home of <mask>.
08/06/2022 09:09:11 - INFO - __main__ - <mask> is a village in the municipality of <mask>.
08/06/2022 09:09:11 - INFO - __main__ - <mask> is the main town of <mask>.
08/06/2022 09:09:11 - INFO - __main__ - <mask> was born in <mask>.
08/06/2022 09:09:11 - INFO - __main__ - <mask> is the capital of the province of <mask>.
08/06/2022 09:09:11 - INFO - __main__ - <mask> is a small town in the municipality of <mask>.
08/06/2022 09:09:11 - INFO - __main__ - <mask> is the son of <mask>.
08/06/2022 09:09:11 - INFO - __main__ - <mask> is a younger brother of <mask>.
08/06/2022 09:09:11 - INFO - __main__ - ****************************
08/06/2022 09:09:11 - INFO - __main__ - *********References*********
08/06/2022 09:09:11 - INFO - __main__ - ['the date when <mask> was born is <mask>.']
08/06/2022 09:09:11 - INFO - __main__ - ****************************
08/06/2022 09:10:01 - INFO - __main__ - ***********Input************
08/06/2022 09:10:01 - INFO - __main__ - <mask> (born 27 September 1974, in <mask>, India) is a former Indian cricketer .
08/06/2022 09:10:01 - INFO - __main__ - *********Hypothesis*********
08/06/2022 09:10:01 - INFO - __main__ - <mask> is a film director from <mask>.
08/06/2022 09:10:01 - INFO - __main__ - <mask> is a film producer and director from <mask>.
08/06/2022 09:10:01 - INFO - __main__ - <mask> has its headquarters in <mask>.
08/06/2022 09:10:01 - INFO - __main__ - <mask> (ica) is headquartered in <mask>.
08/06/2022 09:10:01 - INFO - __main__ - <mask> is the largest party in <mask>.
08/06/2022 09:10:01 - INFO - __main__ - <mask>, a lawyer, was born in <mask>.
08/06/2022 09:10:01 - INFO - __main__ - <mask> was born in <mask>.
08/06/2022 09:10:01 - INFO - __main__ - <mask> was born and brought up in <mask>.
08/06/2022 09:10:01 - INFO - __main__ - <mask> is a young man who lives in <mask>.
08/06/2022 09:10:01 - INFO - __main__ - <mask> has a strong presence in <mask>.
08/06/2022 09:10:01 - INFO - __main__ - ****************************
08/06/2022 09:10:01 - INFO - __main__ - *********References*********
08/06/2022 09:10:01 - INFO - __main__ - ['the place where <mask> was born is <mask>.']
08/06/2022 09:10:01 - INFO - __main__ - ****************************
08/06/2022 09:10:49 - INFO - __main__ - ***********Input************
08/06/2022 09:10:49 - INFO - __main__ - <mask> (1806-1867) was an American physician, born in <mask>, Massachusetts .
08/06/2022 09:10:49 - INFO - __main__ - *********Hypothesis*********
08/06/2022 09:10:49 - INFO - __main__ - <mask> is a former professional rugby league footballer who played for <mask>.
08/06/2022 09:10:49 - INFO - __main__ - <mask>, which is based in <mask>.
08/06/2022 09:10:49 - INFO - __main__ - <mask>, who was a prominent local businessman, was born in <mask>.
08/06/2022 09:10:49 - INFO - __main__ - <mask>, a prominent local businessman, was born in <mask>.
08/06/2022 09:10:49 - INFO - __main__ - <mask> was born and raised in <mask>.
08/06/2022 09:10:49 - INFO - __main__ - <mask>, a prominent lawyer, was born in <mask>.
08/06/2022 09:10:49 - INFO - __main__ - <mask>, a lawyer, was born in <mask>.
08/06/2022 09:10:49 - INFO - __main__ - <mask> was born in <mask>.
08/06/2022 09:10:49 - INFO - __main__ - <mask> is the current mayor of <mask>.
08/06/2022 09:10:49 - INFO - __main__ - <mask>, the son of a wealthy merchant, was born in <mask>.
08/06/2022 09:10:49 - INFO - __main__ - ****************************
08/06/2022 09:10:49 - INFO - __main__ - *********References*********
08/06/2022 09:10:49 - INFO - __main__ - ['the place where <mask> was born is <mask>.']
08/06/2022 09:10:49 - INFO - __main__ - ****************************
08/06/2022 09:11:34 - INFO - __main__ - ***********Input************
08/06/2022 09:11:34 - INFO - __main__ - A Conservative, the Honourable <mask> served until his death in 1871 in <mask>, Ontario .
08/06/2022 09:11:34 - INFO - __main__ - *********Hypothesis*********
08/06/2022 09:11:34 - INFO - __main__ - <mask> was born and raised in the east end of <mask>.
08/06/2022 09:11:34 - INFO - __main__ - <mask> was born and raised in the suburbs of <mask>.
08/06/2022 09:11:34 - INFO - __main__ - <mask>'s father was a lawyer and a prominent lawyer in <mask>.
08/06/2022 09:11:34 - INFO - __main__ - <mask> was a prominent lawyer and politician in <mask>.
08/06/2022 09:11:34 - INFO - __main__ - <mask> was a member of the board of directors of the city of <mask>.
08/06/2022 09:11:34 - INFO - __main__ - <mask> was born and raised in <mask>.
08/06/2022 09:11:34 - INFO - __main__ - <mask>, who was born in <mask>.
08/06/2022 09:11:34 - INFO - __main__ - <mask> was born in <mask>.
08/06/2022 09:11:34 - INFO - __main__ - <mask>, and former mayor of <mask>.
08/06/2022 09:11:34 - INFO - __main__ - <mask> and former mayor of <mask>.
08/06/2022 09:11:34 - INFO - __main__ - ****************************
08/06/2022 09:11:34 - INFO - __main__ - *********References*********
08/06/2022 09:11:34 - INFO - __main__ - ['the place where <mask> died is <mask>.']
08/06/2022 09:11:34 - INFO - __main__ - ****************************
08/06/2022 09:12:21 - INFO - __main__ - ***********Input************
08/06/2022 09:12:21 - INFO - __main__ - <mask> died at <mask> BC December 20, 1959 age 85 .
08/06/2022 09:12:21 - INFO - __main__ - *********Hypothesis*********
08/06/2022 09:12:21 - INFO - __main__ - <mask> is a major tourist attraction in <mask>.
08/06/2022 09:12:21 - INFO - __main__ - <mask> is located approximately north of <mask>.
08/06/2022 09:12:21 - INFO - __main__ - <mask> is a popular destination for tourists from <mask>.
08/06/2022 09:12:21 - INFO - __main__ - <mask> was born and raised in the suburbs of <mask>.
08/06/2022 09:12:21 - INFO - __main__ - <mask> was born and raised in <mask>.
08/06/2022 09:12:21 - INFO - __main__ - <mask> is a former professional ice hockey player from <mask>.
08/06/2022 09:12:21 - INFO - __main__ - <mask> was born in <mask>.
08/06/2022 09:12:21 - INFO - __main__ - <mask> was born and raised in the city of <mask>.
08/06/2022 09:12:21 - INFO - __main__ - <mask> is a former professional ice hockey player who played for <mask>.
08/06/2022 09:12:21 - INFO - __main__ - <mask> has been a long-time resident of <mask>.
08/06/2022 09:12:21 - INFO - __main__ - ****************************
08/06/2022 09:12:21 - INFO - __main__ - *********References*********
08/06/2022 09:12:21 - INFO - __main__ - ['the place where <mask> died is <mask>.']
08/06/2022 09:12:21 - INFO - __main__ - ****************************
08/06/2022 09:13:23 - INFO - __main__ - ***********Input************
08/06/2022 09:13:23 - INFO - __main__ - Considered by some in the art world to be one of the last of the Surrealists, <mask> died in his home in <mask> on April 25, 2008, aged 99 Donati's health had been failing since involved, as a passenger, in a taxi accident in July, 2007 .
08/06/2022 09:13:23 - INFO - __main__ - *********Hypothesis*********
08/06/2022 09:13:23 - INFO - __main__ - <mask> troops were sent to the area, but they were defeated and retreated to <mask>.
08/06/2022 09:13:23 - INFO - __main__ - <mask> law requires that the pope be a citizen of <mask>.
08/06/2022 09:13:23 - INFO - __main__ - <mask> citizens were not allowed to vote in the elections, and the election was held in <mask>.
08/06/2022 09:13:23 - INFO - __main__ - <mask>'s work was not confined to <mask>.
08/06/2022 09:13:23 - INFO - __main__ - <mask>'s father was a lawyer and his mother a teacher in <mask>.
08/06/2022 09:13:23 - INFO - __main__ - <mask> was born in the city of <mask>.
08/06/2022 09:13:23 - INFO - __main__ - <mask> was born and died in <mask>.
08/06/2022 09:13:23 - INFO - __main__ - <mask> is a surname originating from the city of <mask>.
08/06/2022 09:13:23 - INFO - __main__ - <mask> is a native of the city of <mask>.
08/06/2022 09:13:23 - INFO - __main__ - <mask> had been a member of the accademia di belle arti in <mask>.
08/06/2022 09:13:23 - INFO - __main__ - ****************************
08/06/2022 09:13:23 - INFO - __main__ - *********References*********
08/06/2022 09:13:23 - INFO - __main__ - ['the place where <mask> died is <mask>.']
08/06/2022 09:13:23 - INFO - __main__ - ****************************
08/06/2022 09:14:06 - INFO - __main__ - ***********Input************
08/06/2022 09:14:06 - INFO - __main__ - <mask> died of pneumonia in 1990 at his home in <mask>, California .
08/06/2022 09:14:06 - INFO - __main__ - *********Hypothesis*********
08/06/2022 09:14:06 - INFO - __main__ - <mask> was born in <mask>.
08/06/2022 09:14:06 - INFO - __main__ - <mask> was born and raised in <mask>.
08/06/2022 09:14:06 - INFO - __main__ - <mask>'s father was a successful real estate broker in <mask>.
08/06/2022 09:14:06 - INFO - __main__ - <mask> began his career as a session musician in <mask>.
08/06/2022 09:14:06 - INFO - __main__ - <mask> is a film director and producer based in <mask>.
08/06/2022 09:14:06 - INFO - __main__ - <mask> is a slang term for <mask>.
08/06/2022 09:14:06 - INFO - __main__ - <mask> is a native of <mask>.
08/06/2022 09:14:06 - INFO - __main__ - <mask> has been a resident of <mask>.
08/06/2022 09:14:06 - INFO - __main__ - <mask>, a prominent author, lived in <mask>.
08/06/2022 09:14:06 - INFO - __main__ - <mask> pop singer and actress from <mask>.
08/06/2022 09:14:06 - INFO - __main__ - ****************************
08/06/2022 09:14:06 - INFO - __main__ - *********References*********
08/06/2022 09:14:06 - INFO - __main__ - ['the place where <mask> died is <mask>.']
08/06/2022 09:14:06 - INFO - __main__ - ****************************
08/06/2022 09:15:04 - INFO - __main__ - ***********Input************
08/06/2022 09:15:04 - INFO - __main__ - <mask> died in 1888 in <mask>, Germany and is buried, together with his wife, Sophie in Weißensee .
08/06/2022 09:15:04 - INFO - __main__ - *********Hypothesis*********
08/06/2022 09:15:04 - INFO - __main__ - <mask> was a member of the city council of <mask>.
08/06/2022 09:15:04 - INFO - __main__ - <mask> is located approximately south of <mask>.
08/06/2022 09:15:04 - INFO - __main__ - <mask>'s father was a lawyer in <mask>.
08/06/2022 09:15:04 - INFO - __main__ - <mask> was born in the city of <mask>.
08/06/2022 09:15:04 - INFO - __main__ - <mask> was born and died in <mask>.
08/06/2022 09:15:04 - INFO - __main__ - <mask>'s family moved to <mask>.
08/06/2022 09:15:04 - INFO - __main__ - <mask> was born in <mask>.
08/06/2022 09:15:04 - INFO - __main__ - <mask> is located approximately north of <mask>.
08/06/2022 09:15:04 - INFO - __main__ - <mask> is a district of <mask>.
08/06/2022 09:15:04 - INFO - __main__ - <mask> died in <mask>.
08/06/2022 09:15:04 - INFO - __main__ - ****************************
08/06/2022 09:15:04 - INFO - __main__ - *********References*********
08/06/2022 09:15:04 - INFO - __main__ - ['the place where <mask> died is <mask>.']
08/06/2022 09:15:04 - INFO - __main__ - ****************************
08/06/2022 09:15:04 - INFO - __main__ - Task: google-re
08/06/2022 09:15:04 - INFO - __main__ - bleu-4: 6.219103957226254e-79
08/06/2022 09:15:04 - INFO - __main__ - bleu-3: 0.04056132656632282
08/06/2022 09:15:04 - INFO - __main__ - bleu-2: 0.07930840202258031
08/06/2022 09:15:04 - INFO - __main__ - bleu-1: 0.3215327749289641
08/06/2022 09:15:04 - INFO - __main__ - METEOR: 0.23280151435516566
08/06/2022 09:15:04 - INFO - __main__ - ROUGE-L: 0.37086849969202906
08/06/2022 09:15:04 - INFO - __main__ - entailment score(mean-mean): 0.11022288075442097
08/06/2022 09:15:04 - INFO - __main__ - entailment score(mean-max): 0.6455535131196181
08/06/2022 09:15:04 - INFO - __main__ - entailment score(mean-min): 0.001264353459070359
08/06/2022 09:15:04 - INFO - __main__ - self-BLEU-2: 0.8788547509094257
08/06/2022 09:15:04 - INFO - __main__ - avg: 0.1741787529275103
08/06/2022 09:15:04 - INFO - __main__ - *******************************************************
08/06/2022 09:15:04 - INFO - __main__ - *******************************************************
08/06/2022 09:15:04 - INFO - __main__ - *******************************************************
