07/26/2022 09:36:23 - INFO - __main__ - **************** MODEL CONFIGURATION ****************
07/26/2022 09:36:23 - INFO - __main__ - bart_training             -->   True
07/26/2022 09:36:23 - INFO - __main__ - device                    -->   5
07/26/2022 09:36:23 - INFO - __main__ - dpp                       -->   True
07/26/2022 09:36:23 - INFO - __main__ - group_beam                -->   True
07/26/2022 09:36:23 - INFO - __main__ - if_then                   -->   False
07/26/2022 09:36:23 - INFO - __main__ - inductor                  -->   rule
07/26/2022 09:36:23 - INFO - __main__ - log_dir                   -->   logs_new_new_new_new/
07/26/2022 09:36:23 - INFO - __main__ - log_name                  -->   google-k*k+mc+gs+dpp
07/26/2022 09:36:23 - INFO - __main__ - mcgs                      -->   True
07/26/2022 09:36:23 - INFO - __main__ - mlm_training              -->   True
07/26/2022 09:36:23 - INFO - __main__ - task                      -->   google-re
07/26/2022 09:36:23 - INFO - __main__ - **************** MODEL CONFIGURATION ****************
07/26/2022 09:37:58 - INFO - __main__ - **************** MODEL CONFIGURATION ****************
07/26/2022 09:37:58 - INFO - __main__ - bart_training             -->   True
07/26/2022 09:37:58 - INFO - __main__ - device                    -->   5
07/26/2022 09:37:58 - INFO - __main__ - dpp                       -->   True
07/26/2022 09:37:58 - INFO - __main__ - group_beam                -->   True
07/26/2022 09:37:58 - INFO - __main__ - if_then                   -->   False
07/26/2022 09:37:58 - INFO - __main__ - inductor                  -->   rule
07/26/2022 09:37:58 - INFO - __main__ - log_dir                   -->   logs_new_new_new_new/
07/26/2022 09:37:58 - INFO - __main__ - log_name                  -->   google-k*k+mc+gs+dpp
07/26/2022 09:37:58 - INFO - __main__ - mcgs                      -->   True
07/26/2022 09:37:58 - INFO - __main__ - mlm_training              -->   True
07/26/2022 09:37:58 - INFO - __main__ - task                      -->   google-re
07/26/2022 09:37:58 - INFO - __main__ - **************** MODEL CONFIGURATION ****************
