08/05/2022 07:05:45 - INFO - __main__ - **************** MODEL CONFIGURATION ****************
08/05/2022 07:05:45 - INFO - __main__ - bart_training             -->   True
08/05/2022 07:05:45 - INFO - __main__ - device                    -->   6
08/05/2022 07:05:45 - INFO - __main__ - dpp                       -->   True
08/05/2022 07:05:45 - INFO - __main__ - group_beam                -->   True
08/05/2022 07:05:45 - INFO - __main__ - if_then                   -->   False
08/05/2022 07:05:45 - INFO - __main__ - inductor                  -->   rule
08/05/2022 07:05:45 - INFO - __main__ - log_dir                   -->   logs_new_new_new_new/
08/05/2022 07:05:45 - INFO - __main__ - log_name                  -->   semeval-k*k+p10+mc+bgs+dpp
08/05/2022 07:05:45 - INFO - __main__ - mcgs                      -->   True
08/05/2022 07:05:45 - INFO - __main__ - mlm_training              -->   True
08/05/2022 07:05:45 - INFO - __main__ - task                      -->   semeval
08/05/2022 07:05:45 - INFO - __main__ - **************** MODEL CONFIGURATION ****************
08/05/2022 07:09:13 - INFO - __main__ - ***********Input************
08/05/2022 07:09:13 - INFO - __main__ - much of the <mask> evaporated from the <mask> without ever reaching the ground .
08/05/2022 07:09:13 - INFO - __main__ - *********Hypothesis*********
08/05/2022 07:09:13 - INFO - __main__ - <mask> personnel are sent to <mask>.
08/05/2022 07:09:13 - INFO - __main__ - <mask> has a much more diverse climate than our <mask>.
08/05/2022 07:09:13 - INFO - __main__ - <mask>: the times literary supplement, <mask>.
08/05/2022 07:09:13 - INFO - __main__ - <mask>: simon and schuster, <mask>.
08/05/2022 07:09:13 - INFO - __main__ - <mask> is the only city on <mask>.
08/05/2022 07:09:13 - INFO - __main__ - <mask> has a higher density of water than <mask>.
08/05/2022 07:09:13 - INFO - __main__ - <mask>'s most famous mountain range is the northern <mask>.
08/05/2022 07:09:13 - INFO - __main__ - <mask>, in the northern <mask>.
08/05/2022 07:09:13 - INFO - __main__ - <mask>, a small town in the northern <mask>.
08/05/2022 07:09:13 - INFO - __main__ - <mask> et du <mask>.
08/05/2022 07:09:13 - INFO - __main__ - ****************************
08/05/2022 07:09:13 - INFO - __main__ - *********References*********
08/05/2022 07:09:13 - INFO - __main__ - ['<mask> is originated from <mask>.']
08/05/2022 07:09:13 - INFO - __main__ - ****************************
08/05/2022 07:10:17 - INFO - __main__ - ***********Input************
08/05/2022 07:10:17 - INFO - __main__ - dolf oehler , a leader in the leftist <mask> of heine <mask> since the 1970s , gathered a group of likeminded critics for this symposium .
08/05/2022 07:10:17 - INFO - __main__ - *********Hypothesis*********
08/05/2022 07:10:17 - INFO - __main__ - <mask> der welt in <mask>.
08/05/2022 07:10:17 - INFO - __main__ - <mask> (literature) is the literary language of <mask>.
08/05/2022 07:10:17 - INFO - __main__ - <mask> is a type of collective municipality in <mask>.
08/05/2022 07:10:17 - INFO - __main__ - <mask> (collective municipality) is a term used in <mask>.
08/05/2022 07:10:17 - INFO - __main__ - <mask> is the oldest literary magazine in <mask>.
08/05/2022 07:10:17 - INFO - __main__ - <mask> is the largest city in <mask>.
08/05/2022 07:10:17 - INFO - __main__ - <mask> is a city in <mask>.
08/05/2022 07:10:17 - INFO - __main__ - <mask> is a literary magazine published in <mask>.
08/05/2022 07:10:17 - INFO - __main__ - <mask> der deutschen welt in <mask>.
08/05/2022 07:10:17 - INFO - __main__ - <mask> der deutschen kirche in <mask>.
08/05/2022 07:10:17 - INFO - __main__ - ****************************
08/05/2022 07:10:17 - INFO - __main__ - *********References*********
08/05/2022 07:10:17 - INFO - __main__ - ['<mask> is the collection of <mask>.']
08/05/2022 07:10:17 - INFO - __main__ - ****************************
08/05/2022 07:11:08 - INFO - __main__ - ***********Input************
08/05/2022 07:11:08 - INFO - __main__ - the cornish pirates have signed a <mask> to tackle <mask> as part of their commitment to save energy and reduce their environmental footprint .
08/05/2022 07:11:08 - INFO - __main__ - *********Hypothesis*********
08/05/2022 07:11:08 - INFO - __main__ - <mask> government has been criticised for its inaction on <mask>.
08/05/2022 07:11:08 - INFO - __main__ - <mask>: the pledge to action on <mask>.
08/05/2022 07:11:08 - INFO - __main__ - <mask> to the future: a new approach to <mask>.
08/05/2022 07:11:08 - INFO - __main__ - <mask> to protect <mask>.
08/05/2022 07:11:08 - INFO - __main__ - <mask> to be a leader in <mask>.
08/05/2022 07:11:08 - INFO - __main__ - <mask> to action: a new approach to <mask>.
08/05/2022 07:11:08 - INFO - __main__ - <mask> is a global campaign to raise awareness of <mask>.
08/05/2022 07:11:08 - INFO - __main__ - <mask> has been a strong advocate for <mask>.
08/05/2022 07:11:08 - INFO - __main__ - <mask> for the future: the future of <mask>.
08/05/2022 07:11:08 - INFO - __main__ - <mask>: centre for the study of <mask>.
08/05/2022 07:11:08 - INFO - __main__ - ****************************
08/05/2022 07:11:08 - INFO - __main__ - *********References*********
08/05/2022 07:11:08 - INFO - __main__ - ['the topic of <mask> is <mask>.']
08/05/2022 07:11:08 - INFO - __main__ - ****************************
08/05/2022 07:11:55 - INFO - __main__ - ***********Input************
08/05/2022 07:11:55 - INFO - __main__ - the <mask> of the <mask> is lined with more than 3 cm thick castable refractory material .
08/05/2022 07:11:55 - INFO - __main__ - *********Hypothesis*********
08/05/2022 07:11:55 - INFO - __main__ - <mask> of the <mask>.
08/05/2022 07:11:55 - INFO - __main__ - <mask>, which is located on the north side of <mask>.
08/05/2022 07:11:55 - INFO - __main__ - <mask> was a member of the school's <mask>.
08/05/2022 07:11:55 - INFO - __main__ - <mask> was a member of the local <mask>.
08/05/2022 07:11:55 - INFO - __main__ - <mask> is the most common, followed by <mask>.
08/05/2022 07:11:55 - INFO - __main__ - <mask> was built on the site of the former <mask>.
08/05/2022 07:11:55 - INFO - __main__ - <mask> of the population of the world live in the <mask>.
08/05/2022 07:11:55 - INFO - __main__ - <mask> of the population is concentrated on the surface of <mask>.
08/05/2022 07:11:55 - INFO - __main__ - <mask> of the building is the former <mask>.
08/05/2022 07:11:55 - INFO - __main__ - <mask> of the world's population is concentrated on <mask>.
08/05/2022 07:11:55 - INFO - __main__ - ****************************
08/05/2022 07:11:55 - INFO - __main__ - *********References*********
08/05/2022 07:11:55 - INFO - __main__ - ['<mask> is the component of <mask>.']
08/05/2022 07:11:55 - INFO - __main__ - ****************************
08/05/2022 07:12:24 - INFO - __main__ - ***********Input************
08/05/2022 07:12:24 - INFO - __main__ - the <mask> , made up of one or more <mask> , encloses an ovary that contains the ovules , or potential seeds .
08/05/2022 07:12:24 - INFO - __main__ - *********Hypothesis*********
08/05/2022 07:12:24 - INFO - __main__ - <mask>, and the other countries, and their <mask>.
08/05/2022 07:12:24 - INFO - __main__ - <mask> has the right to regulate the use of its airspace by other <mask>.
08/05/2022 07:12:24 - INFO - __main__ - <mask>, or the <mask>.
08/05/2022 07:12:24 - INFO - __main__ - <mask>) is a genus of <mask>.
08/05/2022 07:12:24 - INFO - __main__ - <mask> isul is a species of <mask>.
08/05/2022 07:12:24 - INFO - __main__ - <mask> is a genus of <mask>.
08/05/2022 07:12:24 - INFO - __main__ - <mask> cells are the cells that are produced by the female <mask>.
08/05/2022 07:12:24 - INFO - __main__ - <mask> was the only country to have a national anthem in <mask>.
08/05/2022 07:12:24 - INFO - __main__ - <mask> was the only country to have a national anthem in its <mask>.
08/05/2022 07:12:24 - INFO - __main__ - <mask> is one of the world's largest <mask>.
08/05/2022 07:12:24 - INFO - __main__ - ****************************
08/05/2022 07:12:24 - INFO - __main__ - *********References*********
08/05/2022 07:12:24 - INFO - __main__ - ['<mask> is the component of <mask>.']
08/05/2022 07:12:24 - INFO - __main__ - ****************************
08/05/2022 07:13:16 - INFO - __main__ - ***********Input************
08/05/2022 07:13:16 - INFO - __main__ - <mask> appear by <mask> when circumstances prevent their appearance in person .
08/05/2022 07:13:16 - INFO - __main__ - *********Hypothesis*********
08/05/2022 07:13:16 - INFO - __main__ - <mask> to be a member of the group who is using <mask>.
08/05/2022 07:13:16 - INFO - __main__ - <mask>, who are the main antagonists of <mask>.
08/05/2022 07:13:16 - INFO - __main__ - <mask>: the story of <mask>.
08/05/2022 07:13:16 - INFO - __main__ - <mask> are able to communicate with each other via <mask>.
08/05/2022 07:13:16 - INFO - __main__ - <mask> are a group of friends who meet on <mask>.
08/05/2022 07:13:16 - INFO - __main__ - <mask> are the main antagonists of <mask>.
08/05/2022 07:13:16 - INFO - __main__ - <mask> is a video game developed by <mask>.
08/05/2022 07:13:16 - INFO - __main__ - <mask> is the home of <mask>.
08/05/2022 07:13:16 - INFO - __main__ - <mask> are not mentioned in <mask>.
08/05/2022 07:13:16 - INFO - __main__ - <mask> are mentioned in <mask>.
08/05/2022 07:13:16 - INFO - __main__ - ****************************
08/05/2022 07:13:16 - INFO - __main__ - *********References*********
08/05/2022 07:13:16 - INFO - __main__ - ['<mask> is the instrument of <mask>.']
08/05/2022 07:13:16 - INFO - __main__ - ****************************
08/05/2022 07:14:13 - INFO - __main__ - ***********Input************
08/05/2022 07:14:13 - INFO - __main__ - most of the <mask> has been about the <mask> he used .
08/05/2022 07:14:13 - INFO - __main__ - *********Hypothesis*********
08/05/2022 07:14:13 - INFO - __main__ - <mask>: the story of a <mask>.
08/05/2022 07:14:13 - INFO - __main__ - <mask> has a <mask>.
08/05/2022 07:14:13 - INFO - __main__ - <mask>: a study of the <mask>.
08/05/2022 07:14:13 - INFO - __main__ - <mask>, and the <mask>.
08/05/2022 07:14:13 - INFO - __main__ - <mask>'s work was mainly in <mask>.
08/05/2022 07:14:13 - INFO - __main__ - <mask> was a member of the board of directors of <mask>.
08/05/2022 07:14:13 - INFO - __main__ - <mask>: a study of a <mask>.
08/05/2022 07:14:13 - INFO - __main__ - <mask> is a name derived from <mask>.
08/05/2022 07:14:13 - INFO - __main__ - <mask>: the rise and fall of <mask>.
08/05/2022 07:14:13 - INFO - __main__ - <mask> is a member of the <mask>.
08/05/2022 07:14:13 - INFO - __main__ - ****************************
08/05/2022 07:14:13 - INFO - __main__ - *********References*********
08/05/2022 07:14:13 - INFO - __main__ - ['the topic of <mask> is <mask>.']
08/05/2022 07:14:13 - INFO - __main__ - ****************************
08/05/2022 07:15:15 - INFO - __main__ - ***********Input************
08/05/2022 07:15:15 - INFO - __main__ - a <mask> of pygmy <mask> is now a critical economic mainstay , even as generations of migrants develop innovative tourism products and create new export markets .
08/05/2022 07:15:15 - INFO - __main__ - *********Hypothesis*********
08/05/2022 07:15:15 - INFO - __main__ - <mask>, the site is a sacred site for the hopi <mask>.
08/05/2022 07:15:15 - INFO - __main__ - <mask> of the native americans and <mask>.
08/05/2022 07:15:15 - INFO - __main__ - <mask>, and the influx of <mask>.
08/05/2022 07:15:15 - INFO - __main__ - <mask> of the great plains <mask>.
08/05/2022 07:15:15 - INFO - __main__ - <mask> is the largest and most widely spoken language in <mask>.
08/05/2022 07:15:15 - INFO - __main__ - <mask> is a major source of water for <mask>.
08/05/2022 07:15:15 - INFO - __main__ - <mask> has been a major contributor to the development of the sport in <mask>.
08/05/2022 07:15:15 - INFO - __main__ - <mask> is a source of many diseases and diseases of the indigenous <mask>.
08/05/2022 07:15:15 - INFO - __main__ - <mask> has a long history of conflict with <mask>.
08/05/2022 07:15:15 - INFO - __main__ - <mask> of the sons of the american revolution, <mask>.
08/05/2022 07:15:15 - INFO - __main__ - ****************************
08/05/2022 07:15:15 - INFO - __main__ - *********References*********
08/05/2022 07:15:15 - INFO - __main__ - ['<mask> is the collection of <mask>.']
08/05/2022 07:15:15 - INFO - __main__ - ****************************
08/05/2022 07:16:08 - INFO - __main__ - ***********Input************
08/05/2022 07:16:08 - INFO - __main__ - a human <mask> was found in a <mask> of menudo soup .
08/05/2022 07:16:08 - INFO - __main__ - *********Hypothesis*********
08/05/2022 07:16:08 - INFO - __main__ - <mask>, which is a <mask>.
08/05/2022 07:16:08 - INFO - __main__ - <mask>, and the club's <mask>.
08/05/2022 07:16:08 - INFO - __main__ - <mask> is a superhero team based in <mask>.
08/05/2022 07:16:08 - INFO - __main__ - <mask>'s father was a native <mask>.
08/05/2022 07:16:08 - INFO - __main__ - <mask> has a large number of indigenous languages, most of which are <mask>.
08/05/2022 07:16:08 - INFO - __main__ - <mask> has been the most successful <mask>.
08/05/2022 07:16:08 - INFO - __main__ - <mask>'s father was a <mask>.
08/05/2022 07:16:08 - INFO - __main__ - <mask> is a surname of <mask>.
08/05/2022 07:16:08 - INFO - __main__ - <mask> was the only one of the group to be <mask>.
08/05/2022 07:16:08 - INFO - __main__ - <mask>: a new genus of <mask>.
08/05/2022 07:16:08 - INFO - __main__ - ****************************
08/05/2022 07:16:08 - INFO - __main__ - *********References*********
08/05/2022 07:16:08 - INFO - __main__ - ['<mask> is contained in <mask>.']
08/05/2022 07:16:08 - INFO - __main__ - ****************************
08/05/2022 07:16:57 - INFO - __main__ - ***********Input************
08/05/2022 07:16:57 - INFO - __main__ - skype , a free software , allows a <mask> of multiple computer <mask> to join in an online conference call without incurring any telephone costs .
08/05/2022 07:16:57 - INFO - __main__ - *********Hypothesis*********
08/05/2022 07:16:57 - INFO - __main__ - <mask>s are often used to connect to other <mask>.
08/05/2022 07:16:57 - INFO - __main__ - <mask> is a common term for the network of <mask>.
08/05/2022 07:16:57 - INFO - __main__ - <mask> addresses are used to communicate with other <mask>.
08/05/2022 07:16:57 - INFO - __main__ - <mask> addresses are not always the same as the physical <mask>.
08/05/2022 07:16:57 - INFO - __main__ - <mask> address translation is a technique used to transfer data between different <mask>.
08/05/2022 07:16:57 - INFO - __main__ - <mask> of the allocation of <mask>.
08/05/2022 07:16:57 - INFO - __main__ - <mask>-side scripting is a programming language that is used by many <mask>.
08/05/2022 07:16:57 - INFO - __main__ - <mask>s are elected by the public, and are known as <mask>.
08/05/2022 07:16:57 - INFO - __main__ - <mask> is the name of the number of <mask>.
08/05/2022 07:16:57 - INFO - __main__ - <mask> of a number of different <mask>.
08/05/2022 07:16:57 - INFO - __main__ - ****************************
08/05/2022 07:16:57 - INFO - __main__ - *********References*********
08/05/2022 07:16:57 - INFO - __main__ - ['<mask> is the collection of <mask>.']
08/05/2022 07:16:57 - INFO - __main__ - ****************************
08/05/2022 07:17:33 - INFO - __main__ - ***********Input************
08/05/2022 07:17:33 - INFO - __main__ - two of the <mask> resulted in fatal co <mask> ( cohb levels of 55 % and 49 % ) .
08/05/2022 07:17:33 - INFO - __main__ - *********Hypothesis*********
08/05/2022 07:17:33 - INFO - __main__ - <mask> is the home of <mask>.
08/05/2022 07:17:33 - INFO - __main__ - <mask> is a member of the family of <mask>.
08/05/2022 07:17:33 - INFO - __main__ - <mask> is the most common form of <mask>.
08/05/2022 07:17:33 - INFO - __main__ - <mask> has been shown to interact with <mask>.
08/05/2022 07:17:33 - INFO - __main__ - <mask> melanogaster is a member of the family of flies <mask>.
08/05/2022 07:17:33 - INFO - __main__ - <mask> melanogaster has been shown to have a high affinity for <mask>.
08/05/2022 07:17:33 - INFO - __main__ - <mask> can be used to treat <mask>.
08/05/2022 07:17:33 - INFO - __main__ - <mask> is the most common type of <mask>.
08/05/2022 07:17:33 - INFO - __main__ - <mask> of the population has <mask>.
08/05/2022 07:17:33 - INFO - __main__ - <mask> of people with <mask>.
08/05/2022 07:17:33 - INFO - __main__ - ****************************
08/05/2022 07:17:33 - INFO - __main__ - *********References*********
08/05/2022 07:17:33 - INFO - __main__ - ['<mask> causes <mask>.']
08/05/2022 07:17:33 - INFO - __main__ - ****************************
08/05/2022 07:18:26 - INFO - __main__ - ***********Input************
08/05/2022 07:18:26 - INFO - __main__ - both her and her <mask> of pampered beverly hills <mask> learn valuable lessons in character , courage , and friendship with a super happy ending .
08/05/2022 07:18:26 - INFO - __main__ - *********Hypothesis*********
08/05/2022 07:18:26 - INFO - __main__ - <mask> is a place for all <mask>.
08/05/2022 07:18:26 - INFO - __main__ - <mask> is a sacred place for <mask>.
08/05/2022 07:18:26 - INFO - __main__ - <mask>, where he is in love with <mask>.
08/05/2022 07:18:26 - INFO - __main__ - <mask>) is a small town in the south of <mask>.
08/05/2022 07:18:26 - INFO - __main__ - <mask> who are not of a certain caste or creed are not eligible to vote in <mask>.
08/05/2022 07:18:26 - INFO - __main__ - <mask> of all religions are welcome to visit <mask>.
08/05/2022 07:18:26 - INFO - __main__ - <mask> have been involved in the construction of many of the tallest buildings in <mask>.
08/05/2022 07:18:26 - INFO - __main__ - <mask> are the largest ethnic group in <mask>.
08/05/2022 07:18:26 - INFO - __main__ - <mask> and the other <mask>.
08/05/2022 07:18:26 - INFO - __main__ - <mask> is a village, <mask>.
08/05/2022 07:18:26 - INFO - __main__ - ****************************
08/05/2022 07:18:26 - INFO - __main__ - *********References*********
08/05/2022 07:18:26 - INFO - __main__ - ['<mask> is the collection of <mask>.']
08/05/2022 07:18:26 - INFO - __main__ - ****************************
08/05/2022 07:19:13 - INFO - __main__ - ***********Input************
08/05/2022 07:19:13 - INFO - __main__ - yet this signing <mask> issued by the <mask> yesterday is the clearest signal yet that the administration wants to hold this option in reserve .
08/05/2022 07:19:13 - INFO - __main__ - *********Hypothesis*********
08/05/2022 07:19:13 - INFO - __main__ - <mask> was signed with the new <mask>.
08/05/2022 07:19:13 - INFO - __main__ - <mask>, which is headed by the <mask>.
08/05/2022 07:19:13 - INFO - __main__ - <mask> is the executive branch of government, headed by the <mask>.
08/05/2022 07:19:13 - INFO - __main__ - <mask> is required to be issued by <mask>.
08/05/2022 07:19:13 - INFO - __main__ - <mask> of battle: the battle of the bulge, <mask>.
08/05/2022 07:19:13 - INFO - __main__ - <mask> on the status of the government and <mask>.
08/05/2022 07:19:13 - INFO - __main__ - <mask> on the creation of a <mask>.
08/05/2022 07:19:13 - INFO - __main__ - <mask> of the secretary of state for <mask>.
08/05/2022 07:19:13 - INFO - __main__ - <mask>, and the <mask>.
08/05/2022 07:19:13 - INFO - __main__ - <mask> members are elected by the members of <mask>.
08/05/2022 07:19:13 - INFO - __main__ - ****************************
08/05/2022 07:19:13 - INFO - __main__ - *********References*********
08/05/2022 07:19:13 - INFO - __main__ - ['<mask> is the producer of <mask>.']
08/05/2022 07:19:13 - INFO - __main__ - ****************************
08/05/2022 07:20:07 - INFO - __main__ - ***********Input************
08/05/2022 07:20:07 - INFO - __main__ - the recent <mask> has been caused by the environmentally-induced <mask> of fish catches from the black sea .
08/05/2022 07:20:07 - INFO - __main__ - *********Hypothesis*********
08/05/2022 07:20:07 - INFO - __main__ - <mask>, the number of jews in the country increased by <mask>.
08/05/2022 07:20:07 - INFO - __main__ - <mask>) and the number of casualties was reduced by <mask>.
08/05/2022 07:20:07 - INFO - __main__ - <mask> is the largest source of oil, with a production capacity of <mask>.
08/05/2022 07:20:07 - INFO - __main__ - <mask> has a maximum depth of and a maximum salinity of <mask>.
08/05/2022 07:20:07 - INFO - __main__ - <mask> has a high rate of suicide, with a rate of <mask>.
08/05/2022 07:20:07 - INFO - __main__ - <mask>, a collection of essays on the subject of <mask>.
08/05/2022 07:20:07 - INFO - __main__ - <mask> oil is the most important export, accounting for <mask>.
08/05/2022 07:20:07 - INFO - __main__ - <mask> has a high percentage of people with disabilities, with a prevalence of <mask>.
08/05/2022 07:20:07 - INFO - __main__ - <mask>: the oil price drops by <mask>.
08/05/2022 07:20:07 - INFO - __main__ - <mask>: the number of casualties in the war was <mask>.
08/05/2022 07:20:07 - INFO - __main__ - ****************************
08/05/2022 07:20:07 - INFO - __main__ - *********References*********
08/05/2022 07:20:07 - INFO - __main__ - ['<mask> causes <mask>.']
08/05/2022 07:20:07 - INFO - __main__ - ****************************
08/05/2022 07:21:12 - INFO - __main__ - ***********Input************
08/05/2022 07:21:12 - INFO - __main__ - <mask> consisted of <mask> , dragoons and chevauxlegers .
08/05/2022 07:21:12 - INFO - __main__ - *********Hypothesis*********
08/05/2022 07:21:12 - INFO - __main__ - <mask> was to be the only <mask>.
08/05/2022 07:21:12 - INFO - __main__ - <mask>'s name means "guard" in <mask>.
08/05/2022 07:21:12 - INFO - __main__ - <mask>, and the <mask>.
08/05/2022 07:21:12 - INFO - __main__ - <mask>), and is pronounced in <mask>.
08/05/2022 07:21:12 - INFO - __main__ - <mask>, and translated into <mask>.
08/05/2022 07:21:12 - INFO - __main__ - <mask> was a <mask>.
08/05/2022 07:21:12 - INFO - __main__ - <mask>, which means "of the army" in <mask>.
08/05/2022 07:21:12 - INFO - __main__ - <mask>, and the new <mask>.
08/05/2022 07:21:12 - INFO - __main__ - <mask> soldiers, including <mask>.
08/05/2022 07:21:12 - INFO - __main__ - <mask> is a name derived from <mask>.
08/05/2022 07:21:12 - INFO - __main__ - ****************************
08/05/2022 07:21:12 - INFO - __main__ - *********References*********
08/05/2022 07:21:12 - INFO - __main__ - ['<mask> is the collection of <mask>.']
08/05/2022 07:21:12 - INFO - __main__ - ****************************
08/05/2022 07:22:19 - INFO - __main__ - ***********Input************
08/05/2022 07:22:19 - INFO - __main__ - there is a rubbery silicone <mask> , created by an american <mask> for a whispered 5,000 , pounds for exploring 3d visualisation and ways of removing tremor .
08/05/2022 07:22:19 - INFO - __main__ - *********Hypothesis*********
08/05/2022 07:22:19 - INFO - __main__ - <mask> is a young <mask>.
08/05/2022 07:22:19 - INFO - __main__ - <mask> is a small, white, <mask>.
08/05/2022 07:22:19 - INFO - __main__ - <mask>ns weren't allowed to be <mask>.
08/05/2022 07:22:19 - INFO - __main__ - <mask>ns are the most <mask>.
08/05/2022 07:22:19 - INFO - __main__ - <mask>nized, i mean, <mask>.
08/05/2022 07:22:19 - INFO - __main__ - <mask>, he said, and i am <mask>.
08/05/2022 07:22:19 - INFO - __main__ - <mask> was a country that wasnt <mask>.
08/05/2022 07:22:19 - INFO - __main__ - <mask> is not a country, and i am not <mask>.
08/05/2022 07:22:19 - INFO - __main__ - <mask> is an <mask>.
08/05/2022 07:22:19 - INFO - __main__ - <mask> is the most common form of the term <mask>.
08/05/2022 07:22:19 - INFO - __main__ - ****************************
08/05/2022 07:22:19 - INFO - __main__ - *********References*********
08/05/2022 07:22:19 - INFO - __main__ - ['<mask> is the producer of <mask>.']
08/05/2022 07:22:19 - INFO - __main__ - ****************************
08/05/2022 07:22:41 - INFO - __main__ - ***********Input************
08/05/2022 07:22:41 - INFO - __main__ - sensitive and robust , this active <mask> features a small metal and rubber button <mask> with a preamped pvdf film sensor inside .
08/05/2022 07:22:41 - INFO - __main__ - *********Hypothesis*********
08/05/2022 07:22:41 - INFO - __main__ - <mask> switching is a common technique used in <mask>.
08/05/2022 07:22:41 - INFO - __main__ - <mask> is the same as the standard <mask>.
08/05/2022 07:22:41 - INFO - __main__ - <mask> i: the mode of operation of a <mask>.
08/05/2022 07:22:41 - INFO - __main__ - <mask> and frequency of the signal are determined by the frequency of <mask>.
08/05/2022 07:22:41 - INFO - __main__ - <mask>'s screen is a full-screen <mask>.
08/05/2022 07:22:41 - INFO - __main__ - <mask> users can access the app through a dedicated <mask>.
08/05/2022 07:22:41 - INFO - __main__ - <mask> models have a full-screen <mask>.
08/05/2022 07:22:41 - INFO - __main__ - <mask> has a full-screen <mask>.
08/05/2022 07:22:41 - INFO - __main__ - <mask> 7s features a full-screen <mask>.
08/05/2022 07:22:41 - INFO - __main__ - <mask> 5s uses a touchscreen with <mask>.
08/05/2022 07:22:41 - INFO - __main__ - ****************************
08/05/2022 07:22:41 - INFO - __main__ - *********References*********
08/05/2022 07:22:41 - INFO - __main__ - ['<mask> is the component of <mask>.']
08/05/2022 07:22:41 - INFO - __main__ - ****************************
08/05/2022 07:23:41 - INFO - __main__ - ***********Input************
08/05/2022 07:23:41 - INFO - __main__ - the <mask> has assembled a <mask> of precious and base metal exploration prospects in ontario , saskatchewan , and the north west territories .
08/05/2022 07:23:41 - INFO - __main__ - *********Hypothesis*********
08/05/2022 07:23:41 - INFO - __main__ - <mask>, which has a similar <mask>.
08/05/2022 07:23:41 - INFO - __main__ - <mask>, and the following are from <mask>.
08/05/2022 07:23:41 - INFO - __main__ - <mask> (cgs) has a similar <mask>.
08/05/2022 07:23:41 - INFO - __main__ - <mask>, which is now in <mask>.
08/05/2022 07:23:41 - INFO - __main__ - <mask> of canada geology and mineralogy's <mask>.
08/05/2022 07:23:41 - INFO - __main__ - <mask>: the following is a partial <mask>.
08/05/2022 07:23:41 - INFO - __main__ - <mask>'s national team players and coaches – see <mask>.
08/05/2022 07:23:41 - INFO - __main__ - <mask> women's national soccer team – see <mask>.
08/05/2022 07:23:41 - INFO - __main__ - <mask> law enforcement is a <mask>.
08/05/2022 07:23:41 - INFO - __main__ - <mask> history, the american history <mask>.
08/05/2022 07:23:41 - INFO - __main__ - ****************************
08/05/2022 07:23:41 - INFO - __main__ - *********References*********
08/05/2022 07:23:41 - INFO - __main__ - ['<mask> is the producer of <mask>.']
08/05/2022 07:23:41 - INFO - __main__ - ****************************
08/05/2022 07:24:45 - INFO - __main__ - ***********Input************
08/05/2022 07:24:45 - INFO - __main__ - you placed two bare ends of the <mask> into a <mask> filled halfway with distilled water .
08/05/2022 07:24:45 - INFO - __main__ - *********Hypothesis*********
08/05/2022 07:24:45 - INFO - __main__ - <mask> was the name of a brand of <mask>.
08/05/2022 07:24:45 - INFO - __main__ - <mask> is the home of the band <mask>.
08/05/2022 07:24:45 - INFO - __main__ - <mask> is a brand of soft drinks made by <mask>.
08/05/2022 07:24:45 - INFO - __main__ - <mask> is a brand of <mask>.
08/05/2022 07:24:45 - INFO - __main__ - <mask>'s most famous and successful company is <mask>.
08/05/2022 07:24:45 - INFO - __main__ - <mask> is the largest producer of <mask>.
08/05/2022 07:24:45 - INFO - __main__ - <mask> is a type of <mask>.
08/05/2022 07:24:45 - INFO - __main__ - <mask> has been shown to interact with <mask>.
08/05/2022 07:24:45 - INFO - __main__ - <mask> is the most common type of <mask>.
08/05/2022 07:24:45 - INFO - __main__ - <mask> is a subgroup of <mask>.
08/05/2022 07:24:45 - INFO - __main__ - ****************************
08/05/2022 07:24:45 - INFO - __main__ - *********References*********
08/05/2022 07:24:45 - INFO - __main__ - ['<mask> was delievered to <mask>.']
08/05/2022 07:24:45 - INFO - __main__ - ****************************
08/05/2022 07:25:36 - INFO - __main__ - ***********Input************
08/05/2022 07:25:36 - INFO - __main__ - many <mask> have come from popular <mask> and tend to appear in different forms .
08/05/2022 07:25:36 - INFO - __main__ - *********Hypothesis*********
08/05/2022 07:25:36 - INFO - __main__ - <mask> is the official language of <mask>.
08/05/2022 07:25:36 - INFO - __main__ - <mask> is a major source of information on <mask>.
08/05/2022 07:25:36 - INFO - __main__ - <mask> are the most widely spoken language in <mask>.
08/05/2022 07:25:36 - INFO - __main__ - <mask> is one of the most popular and popular festivals in <mask>.
08/05/2022 07:25:36 - INFO - __main__ - <mask> is a popular and popular dance in <mask>.
08/05/2022 07:25:36 - INFO - __main__ - <mask> is a major festival in <mask>.
08/05/2022 07:25:36 - INFO - __main__ - <mask> have a number of different dialects of <mask>.
08/05/2022 07:25:36 - INFO - __main__ - <mask> are not allowed to speak <mask>.
08/05/2022 07:25:36 - INFO - __main__ - <mask> is a term used in <mask>.
08/05/2022 07:25:36 - INFO - __main__ - <mask> has been a major influence on <mask>.
08/05/2022 07:25:36 - INFO - __main__ - ****************************
08/05/2022 07:25:36 - INFO - __main__ - *********References*********
08/05/2022 07:25:36 - INFO - __main__ - ['<mask> is originated from <mask>.']
08/05/2022 07:25:36 - INFO - __main__ - ****************************
08/05/2022 07:26:39 - INFO - __main__ - ***********Input************
08/05/2022 07:26:39 - INFO - __main__ - the aircraft was written off in the <mask> due to the severe <mask> caused by the klm aircraft , and the resulting fire .
08/05/2022 07:26:39 - INFO - __main__ - *********Hypothesis*********
08/05/2022 07:26:39 - INFO - __main__ - <mask> is the only country to have a <mask>.
08/05/2022 07:26:39 - INFO - __main__ - <mask> was hit by a large amount of <mask>.
08/05/2022 07:26:39 - INFO - __main__ - <mask> is the only city in the world to have a <mask>.
08/05/2022 07:26:39 - INFO - __main__ - <mask> was the main target for <mask>.
08/05/2022 07:26:39 - INFO - __main__ - <mask> was a city of <mask>.
08/05/2022 07:26:39 - INFO - __main__ - <mask> was hit by a <mask>.
08/05/2022 07:26:39 - INFO - __main__ - <mask> is the only country in the world to have experienced an <mask>.
08/05/2022 07:26:39 - INFO - __main__ - <mask>, which was hit by <mask>.
08/05/2022 07:26:39 - INFO - __main__ - <mask> has a long history of <mask>.
08/05/2022 07:26:39 - INFO - __main__ - <mask> was a skilled surgeon and was able to treat the most serious <mask>.
08/05/2022 07:26:39 - INFO - __main__ - ****************************
08/05/2022 07:26:39 - INFO - __main__ - *********References*********
08/05/2022 07:26:39 - INFO - __main__ - ['<mask> causes <mask>.']
08/05/2022 07:26:39 - INFO - __main__ - ****************************
08/05/2022 07:27:20 - INFO - __main__ - ***********Input************
08/05/2022 07:27:20 - INFO - __main__ - the <mask> is france 's largest producer of sparkling <mask> outside of the champagne region .
08/05/2022 07:27:20 - INFO - __main__ - *********Hypothesis*********
08/05/2022 07:27:20 - INFO - __main__ - <mask>'s largest producer of sparkling wine is <mask>.
08/05/2022 07:27:20 - INFO - __main__ - <mask> has a number of wine regions, the most important of which is <mask>.
08/05/2022 07:27:20 - INFO - __main__ - <mask> has a large wine industry, especially in <mask>.
08/05/2022 07:27:20 - INFO - __main__ - <mask> is a region of the country of <mask>.
08/05/2022 07:27:20 - INFO - __main__ - <mask> is a wine region in <mask>.
08/05/2022 07:27:20 - INFO - __main__ - <mask>'s wine is a blend of red and white <mask>.
08/05/2022 07:27:20 - INFO - __main__ - <mask> was the main producer of <mask>.
08/05/2022 07:27:20 - INFO - __main__ - <mask> is the most important wine region in <mask>.
08/05/2022 07:27:20 - INFO - __main__ - <mask> is a wine region in the south of <mask>.
08/05/2022 07:27:20 - INFO - __main__ - <mask> has a higher proportion of white wines than <mask>.
08/05/2022 07:27:20 - INFO - __main__ - ****************************
08/05/2022 07:27:20 - INFO - __main__ - *********References*********
08/05/2022 07:27:20 - INFO - __main__ - ['<mask> is originated from <mask>.']
08/05/2022 07:27:20 - INFO - __main__ - ****************************
08/05/2022 07:28:09 - INFO - __main__ - ***********Input************
08/05/2022 07:28:09 - INFO - __main__ - the closely guarded raffles <mask> was locked in a <mask> that still remains onsite today .
08/05/2022 07:28:09 - INFO - __main__ - *********Hypothesis*********
08/05/2022 07:28:09 - INFO - __main__ - <mask> was a member of the band <mask>.
08/05/2022 07:28:09 - INFO - __main__ - <mask> a match against the team from <mask>.
08/05/2022 07:28:09 - INFO - __main__ - <mask>, and the white house <mask>.
08/05/2022 07:28:09 - INFO - __main__ - <mask>, and the doctor's <mask>.
08/05/2022 07:28:09 - INFO - __main__ - <mask> is a member of the band <mask>.
08/05/2022 07:28:09 - INFO - __main__ - <mask> is a fictional character in the video game <mask>.
08/05/2022 07:28:09 - INFO - __main__ - <mask> is a member of the group <mask>.
08/05/2022 07:28:09 - INFO - __main__ - <mask> has been a member of the band <mask>.
08/05/2022 07:28:09 - INFO - __main__ - <mask>'s work has been featured in the book <mask>.
08/05/2022 07:28:09 - INFO - __main__ - <mask> is a playable character in the video game <mask>.
08/05/2022 07:28:09 - INFO - __main__ - ****************************
08/05/2022 07:28:09 - INFO - __main__ - *********References*********
08/05/2022 07:28:09 - INFO - __main__ - ['<mask> was delievered to <mask>.']
08/05/2022 07:28:09 - INFO - __main__ - ****************************
08/05/2022 07:28:52 - INFO - __main__ - ***********Input************
08/05/2022 07:28:52 - INFO - __main__ - i grew up with <mask> in a <mask> .
08/05/2022 07:28:52 - INFO - __main__ - *********Hypothesis*********
08/05/2022 07:28:52 - INFO - __main__ - <mask> was the capital of the newly formed <mask>.
08/05/2022 07:28:52 - INFO - __main__ - <mask> was a <mask>.
08/05/2022 07:28:52 - INFO - __main__ - <mask> it in english, but i think it's <mask>.
08/05/2022 07:28:52 - INFO - __main__ - <mask> and anti-war movements in the united states and <mask>.
08/05/2022 07:28:52 - INFO - __main__ - <mask>, french, and <mask>.
08/05/2022 07:28:52 - INFO - __main__ - <mask>, european, and <mask>.
08/05/2022 07:28:52 - INFO - __main__ - <mask>, and i'm <mask>.
08/05/2022 07:28:52 - INFO - __main__ - <mask> was a great country, a great <mask>.
08/05/2022 07:28:52 - INFO - __main__ - <mask> is not a <mask>.
08/05/2022 07:28:52 - INFO - __main__ - <mask> is a <mask>.
08/05/2022 07:28:52 - INFO - __main__ - ****************************
08/05/2022 07:28:52 - INFO - __main__ - *********References*********
08/05/2022 07:28:52 - INFO - __main__ - ['<mask> is contained in <mask>.']
08/05/2022 07:28:52 - INFO - __main__ - ****************************
08/05/2022 07:29:39 - INFO - __main__ - ***********Input************
08/05/2022 07:29:39 - INFO - __main__ - the brick is aligned with the <mask> of the repaired <mask> .
08/05/2022 07:29:39 - INFO - __main__ - *********Hypothesis*********
08/05/2022 07:29:39 - INFO - __main__ - <mask> of the original <mask>.
08/05/2022 07:29:39 - INFO - __main__ - <mask> of the population was <mask>.
08/05/2022 07:29:39 - INFO - __main__ - <mask> is served by <mask>.
08/05/2022 07:29:39 - INFO - __main__ - <mask> is the most common, followed by <mask>.
08/05/2022 07:29:39 - INFO - __main__ - <mask> is the location of <mask>.
08/05/2022 07:29:39 - INFO - __main__ - <mask> of the station, the line passes under <mask>.
08/05/2022 07:29:39 - INFO - __main__ - <mask> of the population lives in <mask>.
08/05/2022 07:29:39 - INFO - __main__ - <mask> of the area is covered by <mask>.
08/05/2022 07:29:39 - INFO - __main__ - <mask> of the time, it is <mask>.
08/05/2022 07:29:39 - INFO - __main__ - <mask> is a common term for the whole of <mask>.
08/05/2022 07:29:39 - INFO - __main__ - ****************************
08/05/2022 07:29:39 - INFO - __main__ - *********References*********
08/05/2022 07:29:39 - INFO - __main__ - ['<mask> is the component of <mask>.']
08/05/2022 07:29:39 - INFO - __main__ - ****************************
08/05/2022 07:30:12 - INFO - __main__ - ***********Input************
08/05/2022 07:30:12 - INFO - __main__ - a <mask> who prepares baked <mask> as a profession is called a baker .
08/05/2022 07:30:12 - INFO - __main__ - *********Hypothesis*********
08/05/2022 07:30:12 - INFO - __main__ - <mask> version of <mask>.
08/05/2022 07:30:12 - INFO - __main__ - <mask> company that produces <mask>.
08/05/2022 07:30:12 - INFO - __main__ - <mask>-style rice cakes are similar to <mask>.
08/05/2022 07:30:12 - INFO - __main__ - <mask>'s most popular snack is <mask>.
08/05/2022 07:30:12 - INFO - __main__ - <mask> is the world's largest producer of <mask>.
08/05/2022 07:30:12 - INFO - __main__ - <mask> is the largest producer and marketer of <mask>.
08/05/2022 07:30:12 - INFO - __main__ - <mask> has a long history of producing <mask>.
08/05/2022 07:30:12 - INFO - __main__ - <mask> has a large market for <mask>.
08/05/2022 07:30:12 - INFO - __main__ - <mask>'s most popular snack is the krispies <mask>.
08/05/2022 07:30:12 - INFO - __main__ - <mask> version of the cereal <mask>.
08/05/2022 07:30:12 - INFO - __main__ - ****************************
08/05/2022 07:30:12 - INFO - __main__ - *********References*********
08/05/2022 07:30:12 - INFO - __main__ - ['<mask> is the producer of <mask>.']
08/05/2022 07:30:12 - INFO - __main__ - ****************************
08/05/2022 07:30:48 - INFO - __main__ - ***********Input************
08/05/2022 07:30:48 - INFO - __main__ - unit direct injection also injects fuel directly into the <mask> of the <mask> .
08/05/2022 07:30:48 - INFO - __main__ - *********Hypothesis*********
08/05/2022 07:30:48 - INFO - __main__ - <mask> was replaced by a new <mask>.
08/05/2022 07:30:48 - INFO - __main__ - <mask> is a variant of the <mask>.
08/05/2022 07:30:48 - INFO - __main__ - <mask> is a more powerful version of <mask>.
08/05/2022 07:30:48 - INFO - __main__ - <mask> engines were replaced by <mask>.
08/05/2022 07:30:48 - INFO - __main__ - <mask>, capital of <mask>.
08/05/2022 07:30:48 - INFO - __main__ - <mask> is the capital of <mask>.
08/05/2022 07:30:48 - INFO - __main__ - <mask> is a city in the south-eastern <mask>.
08/05/2022 07:30:48 - INFO - __main__ - <mask> is the standard fuel management system for <mask>.
08/05/2022 07:30:48 - INFO - __main__ - <mask> is the only person who can drive a <mask>.
08/05/2022 07:30:48 - INFO - __main__ - <mask> of the company's products are sold in <mask>.
08/05/2022 07:30:48 - INFO - __main__ - ****************************
08/05/2022 07:30:48 - INFO - __main__ - *********References*********
08/05/2022 07:30:48 - INFO - __main__ - ['<mask> is the component of <mask>.']
08/05/2022 07:30:48 - INFO - __main__ - ****************************
08/05/2022 07:31:37 - INFO - __main__ - ***********Input************
08/05/2022 07:31:37 - INFO - __main__ - <mask> start by reading <mask> - called blueprints - that show how electricity flows .
08/05/2022 07:31:37 - INFO - __main__ - *********Hypothesis*********
08/05/2022 07:31:37 - INFO - __main__ - <mask> were not allowed to participate in the drafting of <mask>.
08/05/2022 07:31:37 - INFO - __main__ - <mask> were given the task of designing and building the new <mask>.
08/05/2022 07:31:37 - INFO - __main__ - <mask> are responsible for the design and implementation of <mask>.
08/05/2022 07:31:37 - INFO - __main__ - <mask> and other professionals are required to submit their own <mask>.
08/05/2022 07:31:37 - INFO - __main__ - <mask> may be trained in the use of <mask>.
08/05/2022 07:31:37 - INFO - __main__ - <mask> are required to submit their <mask>.
08/05/2022 07:31:37 - INFO - __main__ - <mask> be used to create a set of <mask>.
08/05/2022 07:31:37 - INFO - __main__ - <mask> in transition: the making of america's <mask>.
08/05/2022 07:31:37 - INFO - __main__ - <mask> and the world: a history of <mask>.
08/05/2022 07:31:37 - INFO - __main__ - <mask> and their history, <mask>.
08/05/2022 07:31:37 - INFO - __main__ - ****************************
08/05/2022 07:31:37 - INFO - __main__ - *********References*********
08/05/2022 07:31:37 - INFO - __main__ - ['<mask> is the instrument of <mask>.']
08/05/2022 07:31:37 - INFO - __main__ - ****************************
08/05/2022 07:32:18 - INFO - __main__ - ***********Input************
08/05/2022 07:32:18 - INFO - __main__ - the most common <mask> were about <mask> and recycling .
08/05/2022 07:32:18 - INFO - __main__ - *********Hypothesis*********
08/05/2022 07:32:18 - INFO - __main__ - <mask>-based companies are the largest producers of <mask>.
08/05/2022 07:32:18 - INFO - __main__ - <mask> route 9 is a north–south highway in <mask>.
08/05/2022 07:32:18 - INFO - __main__ - <mask> highway 6 is a north–south highway in <mask>.
08/05/2022 07:32:18 - INFO - __main__ - <mask> is a member of <mask>.
08/05/2022 07:32:18 - INFO - __main__ - <mask> sessions are held on <mask>.
08/05/2022 07:32:18 - INFO - __main__ - <mask> is a registered charity under the uk act for <mask>.
08/05/2022 07:32:18 - INFO - __main__ - <mask> has been criticised for its lack of transparency in its work with <mask>.
08/05/2022 07:32:18 - INFO - __main__ - <mask> have a strong interest in <mask>.
08/05/2022 07:32:18 - INFO - __main__ - <mask> of the and <mask>.
08/05/2022 07:32:18 - INFO - __main__ - <mask> the questions of <mask>.
08/05/2022 07:32:18 - INFO - __main__ - ****************************
08/05/2022 07:32:18 - INFO - __main__ - *********References*********
08/05/2022 07:32:18 - INFO - __main__ - ['the topic of <mask> is <mask>.']
08/05/2022 07:32:18 - INFO - __main__ - ****************************
08/05/2022 07:33:09 - INFO - __main__ - ***********Input************
08/05/2022 07:33:09 - INFO - __main__ - as the <mask> sailed away from the <mask> one of the crew felt increasingly uneasy about some of the signs he observed .
08/05/2022 07:33:09 - INFO - __main__ - *********Hypothesis*********
08/05/2022 07:33:09 - INFO - __main__ - <mask> is a city in the southern <mask>.
08/05/2022 07:33:09 - INFO - __main__ - <mask> forces were sent to the southern <mask>.
08/05/2022 07:33:09 - INFO - __main__ - <mask> is a brand of soft drinks manufactured by <mask>.
08/05/2022 07:33:09 - INFO - __main__ - <mask> is a small town in the southern <mask>.
08/05/2022 07:33:09 - INFO - __main__ - <mask> was a member of the group <mask>.
08/05/2022 07:33:09 - INFO - __main__ - <mask> won the tournament, defeating the host <mask>.
08/05/2022 07:33:09 - INFO - __main__ - <mask>, a port in the southern <mask>.
08/05/2022 07:33:09 - INFO - __main__ - <mask>, a former municipality in the northern <mask>.
08/05/2022 07:33:09 - INFO - __main__ - <mask> is a former <mask>.
08/05/2022 07:33:09 - INFO - __main__ - <mask>: st. martin's press, <mask>.
08/05/2022 07:33:09 - INFO - __main__ - ****************************
08/05/2022 07:33:09 - INFO - __main__ - *********References*********
08/05/2022 07:33:09 - INFO - __main__ - ['<mask> is originated from <mask>.']
08/05/2022 07:33:09 - INFO - __main__ - ****************************
08/05/2022 07:33:20 - INFO - __main__ - ***********Input************
08/05/2022 07:33:20 - INFO - __main__ - i 'm importing old document <mask> into the new <mask> .
08/05/2022 07:33:20 - INFO - __main__ - *********Hypothesis*********
08/05/2022 07:33:20 - INFO - __main__ - <mask> the number of bytes in a <mask>.
08/05/2022 07:33:20 - INFO - __main__ - <mask> a type of <mask>.
08/05/2022 07:33:20 - INFO - __main__ - <mask> a free and open-source software <mask>.
08/05/2022 07:33:20 - INFO - __main__ - <mask>, i'm going to call you <mask>.
08/05/2022 07:33:20 - INFO - __main__ - <mask> was a <mask>.
08/05/2022 07:33:20 - INFO - __main__ - <mask> calls, i'm on my <mask>.
08/05/2022 07:33:20 - INFO - __main__ - <mask> : i have a <mask>.
08/05/2022 07:33:20 - INFO - __main__ - <mask> this article to help you understand the importance of <mask>.
08/05/2022 07:33:20 - INFO - __main__ - <mask> the whole thing on <mask>.
08/05/2022 07:33:20 - INFO - __main__ - <mask> a lot of articles for <mask>.
08/05/2022 07:33:20 - INFO - __main__ - ****************************
08/05/2022 07:33:20 - INFO - __main__ - *********References*********
08/05/2022 07:33:20 - INFO - __main__ - ['<mask> was delievered to <mask>.']
08/05/2022 07:33:20 - INFO - __main__ - ****************************
08/05/2022 07:34:13 - INFO - __main__ - ***********Input************
08/05/2022 07:34:13 - INFO - __main__ - he gave two <mask> to each <mask> .
08/05/2022 07:34:13 - INFO - __main__ - *********Hypothesis*********
08/05/2022 07:34:13 - INFO - __main__ - <mask> is the only country in the world where a person can be considered a <mask>.
08/05/2022 07:34:13 - INFO - __main__ - <mask>, and was a devout <mask>.
08/05/2022 07:34:13 - INFO - __main__ - <mask> were not allowed to speak <mask>.
08/05/2022 07:34:13 - INFO - __main__ - <mask> people were not allowed to speak <mask>.
08/05/2022 07:34:13 - INFO - __main__ - <mask> is the capital of <mask>.
08/05/2022 07:34:13 - INFO - __main__ - <mask> was a <mask>.
08/05/2022 07:34:13 - INFO - __main__ - <mask> is a novel by <mask>.
08/05/2022 07:34:13 - INFO - __main__ - <mask> has a large number of dialects of <mask>.
08/05/2022 07:34:13 - INFO - __main__ - <mask>'s population is predominantly <mask>.
08/05/2022 07:34:13 - INFO - __main__ - <mask> is a major centre for the study of <mask>.
08/05/2022 07:34:13 - INFO - __main__ - ****************************
08/05/2022 07:34:13 - INFO - __main__ - *********References*********
08/05/2022 07:34:13 - INFO - __main__ - ['<mask> was delievered to <mask>.']
08/05/2022 07:34:13 - INFO - __main__ - ****************************
08/05/2022 07:35:01 - INFO - __main__ - ***********Input************
08/05/2022 07:35:01 - INFO - __main__ - the first native tea <mask> were those made in the early thirteenth century by the <mask> to-shiro at his kiln in seto , aichi prefecture .
08/05/2022 07:35:01 - INFO - __main__ - *********Hypothesis*********
08/05/2022 07:35:01 - INFO - __main__ - <mask> is the most common language for the majority of people, followed by <mask>.
08/05/2022 07:35:01 - INFO - __main__ - <mask> is a tea company that produces tea in <mask>.
08/05/2022 07:35:01 - INFO - __main__ - <mask> is a masculine given name in <mask>.
08/05/2022 07:35:01 - INFO - __main__ - <mask>: the word "kami" means "the one who is" in <mask>.
08/05/2022 07:35:01 - INFO - __main__ - <mask>'s official language is the vernacular <mask>.
08/05/2022 07:35:01 - INFO - __main__ - <mask>'s national language is the hokkien language, which is closely related to <mask>.
08/05/2022 07:35:01 - INFO - __main__ - <mask> (jta) is a tea company that produces tea in <mask>.
08/05/2022 07:35:01 - INFO - __main__ - <mask> is the only country in the world that has a national anthem that is entirely in <mask>.
08/05/2022 07:35:01 - INFO - __main__ - <mask> has a long history of using the term "kami" in <mask>.
08/05/2022 07:35:01 - INFO - __main__ - <mask> has a large number of dialects of <mask>.
08/05/2022 07:35:01 - INFO - __main__ - ****************************
08/05/2022 07:35:01 - INFO - __main__ - *********References*********
08/05/2022 07:35:01 - INFO - __main__ - ['<mask> is the producer of <mask>.']
08/05/2022 07:35:01 - INFO - __main__ - ****************************
08/05/2022 07:35:29 - INFO - __main__ - ***********Input************
08/05/2022 07:35:29 - INFO - __main__ - entrepreneur creates a <mask> over 'amber alert ' <mask> .
08/05/2022 07:35:29 - INFO - __main__ - *********Hypothesis*********
08/05/2022 07:35:29 - INFO - __main__ - <mask>, and the <mask>.
08/05/2022 07:35:29 - INFO - __main__ - <mask> is the official name of <mask>.
08/05/2022 07:35:29 - INFO - __main__ - <mask> is the name of the city of <mask>.
08/05/2022 07:35:29 - INFO - __main__ - <mask>, he said, and i am <mask>.
08/05/2022 07:35:29 - INFO - __main__ - <mask>, and i'm <mask>.
08/05/2022 07:35:29 - INFO - __main__ - <mask> weren't allowed to be <mask>.
08/05/2022 07:35:29 - INFO - __main__ - <mask> – official <mask>.
08/05/2022 07:35:29 - INFO - __main__ - <mask> was originally a name for the'missing persons <mask>.
08/05/2022 07:35:29 - INFO - __main__ - <mask> or 'child <mask>.
08/05/2022 07:35:29 - INFO - __main__ - <mask> is a term used to describe the 'autumn <mask>.
08/05/2022 07:35:29 - INFO - __main__ - ****************************
08/05/2022 07:35:29 - INFO - __main__ - *********References*********
08/05/2022 07:35:29 - INFO - __main__ - ['the topic of <mask> is <mask>.']
08/05/2022 07:35:29 - INFO - __main__ - ****************************
08/05/2022 07:36:21 - INFO - __main__ - ***********Input************
08/05/2022 07:36:21 - INFO - __main__ - <mask> support by <mask> has a long tradition in open and distance learning .
08/05/2022 07:36:21 - INFO - __main__ - *********Hypothesis*********
08/05/2022 07:36:21 - INFO - __main__ - <mask> is a member of <mask>.
08/05/2022 07:36:21 - INFO - __main__ - <mask> the aim of promoting the development of <mask>.
08/05/2022 07:36:21 - INFO - __main__ - <mask>: the university is a member of <mask>.
08/05/2022 07:36:21 - INFO - __main__ - <mask> universities have a wide range of degrees, including <mask>.
08/05/2022 07:36:21 - INFO - __main__ - <mask> students can take courses at <mask>.
08/05/2022 07:36:21 - INFO - __main__ - <mask>: the official website of <mask>.
08/05/2022 07:36:21 - INFO - __main__ - <mask> is a public university, accredited by <mask>.
08/05/2022 07:36:21 - INFO - __main__ - <mask> public schools are operated by <mask>.
08/05/2022 07:36:21 - INFO - __main__ - <mask> schools are regulated by <mask>.
08/05/2022 07:36:21 - INFO - __main__ - <mask>: the school is accredited by <mask>.
08/05/2022 07:36:21 - INFO - __main__ - ****************************
08/05/2022 07:36:21 - INFO - __main__ - *********References*********
08/05/2022 07:36:21 - INFO - __main__ - ['<mask> is the instrument of <mask>.']
08/05/2022 07:36:21 - INFO - __main__ - ****************************
08/05/2022 07:37:10 - INFO - __main__ - ***********Input************
08/05/2022 07:37:10 - INFO - __main__ - hiroshima has rejected the demands of some citizens and victims groups that the newly renovated museum include an exhibition on japan 's `` aggressive role '' in world war ii , alongside the gruesome displays of the <mask> and devastation caused by the <mask> .
08/05/2022 07:37:10 - INFO - __main__ - *********Hypothesis*********
08/05/2022 07:37:10 - INFO - __main__ - <mask>'s parents were killed in the so-called <mask>.
08/05/2022 07:37:10 - INFO - __main__ - <mask>'s name means "the place of the sun" in <mask>.
08/05/2022 07:37:10 - INFO - __main__ - <mask>'s father was a former soldier who was killed by <mask>.
08/05/2022 07:37:10 - INFO - __main__ - <mask> was the only survivor of the entire <mask>.
08/05/2022 07:37:10 - INFO - __main__ - <mask> means "the place of the sun" in <mask>.
08/05/2022 07:37:10 - INFO - __main__ - <mask> means "beautiful" in <mask>.
08/05/2022 07:37:10 - INFO - __main__ - <mask> is the name of the town in <mask>.
08/05/2022 07:37:10 - INFO - __main__ - <mask> is a given name in <mask>.
08/05/2022 07:37:10 - INFO - __main__ - <mask> has been a vocal critic of <mask>.
08/05/2022 07:37:10 - INFO - __main__ - <mask> (written: 光山) is a surname in <mask>.
08/05/2022 07:37:10 - INFO - __main__ - ****************************
08/05/2022 07:37:10 - INFO - __main__ - *********References*********
08/05/2022 07:37:10 - INFO - __main__ - ['<mask> causes <mask>.']
08/05/2022 07:37:10 - INFO - __main__ - ****************************
08/05/2022 07:38:01 - INFO - __main__ - ***********Input************
08/05/2022 07:38:01 - INFO - __main__ - the <mask> was in a <mask> on the back of the wagon , and cold as it was , mr. huy waded to the wagon and fed it that night and the next morning .
08/05/2022 07:38:01 - INFO - __main__ - *********Hypothesis*********
08/05/2022 07:38:01 - INFO - __main__ - <mask>, youre a very good man, <mask>.
08/05/2022 07:38:01 - INFO - __main__ - <mask>, i'm sorry, <mask>.
08/05/2022 07:38:01 - INFO - __main__ - <mask>'s eyes widened as he looked at <mask>.
08/05/2022 07:38:01 - INFO - __main__ - <mask>'s eyes were on <mask>.
08/05/2022 07:38:01 - INFO - __main__ - <mask>'s eyes were fixed on the <mask>.
08/05/2022 07:38:01 - INFO - __main__ - <mask> wasn't sure what to say to <mask>.
08/05/2022 07:38:01 - INFO - __main__ - <mask> was still in the back seat of his <mask>.
08/05/2022 07:38:01 - INFO - __main__ - <mask> looked at the man, then at <mask>.
08/05/2022 07:38:01 - INFO - __main__ - <mask> had been the one who 'd told him about <mask>.
08/05/2022 07:38:01 - INFO - __main__ - <mask> and katie were in the back, with <mask>.
08/05/2022 07:38:01 - INFO - __main__ - ****************************
08/05/2022 07:38:01 - INFO - __main__ - *********References*********
08/05/2022 07:38:01 - INFO - __main__ - ['<mask> is contained in <mask>.']
08/05/2022 07:38:01 - INFO - __main__ - ****************************
08/05/2022 07:38:34 - INFO - __main__ - ***********Input************
08/05/2022 07:38:34 - INFO - __main__ - in ionic conduction charge carriers are affected by the electromagnetic <mask> from the <mask> by being attracted or repelled by the electric field .
08/05/2022 07:38:34 - INFO - __main__ - *********Hypothesis*********
08/05/2022 07:38:34 - INFO - __main__ - <mask> from the story of a young boy who is sent to <mask>.
08/05/2022 07:38:34 - INFO - __main__ - <mask> as a young boy who is sent to <mask>.
08/05/2022 07:38:34 - INFO - __main__ - <mask> is the only known non-magnetic field on <mask>.
08/05/2022 07:38:34 - INFO - __main__ - <mask> has been used in the study of the evolution of life on <mask>.
08/05/2022 07:38:34 - INFO - __main__ - <mask>'s mission is to provide a safe and reliable means of communication between the spacecraft and <mask>.
08/05/2022 07:38:34 - INFO - __main__ - <mask>'s magnetic field is much stronger than that of its <mask>.
08/05/2022 07:38:34 - INFO - __main__ - <mask> is the only planet that has a magnetic field that is stronger than that of our <mask>.
08/05/2022 07:38:34 - INFO - __main__ - <mask> is moving further away from the <mask>.
08/05/2022 07:38:34 - INFO - __main__ - <mask> is a small planet orbiting the far side of the solar system, near the far <mask>.
08/05/2022 07:38:34 - INFO - __main__ - <mask> has a much larger mass than our <mask>.
08/05/2022 07:38:34 - INFO - __main__ - ****************************
08/05/2022 07:38:34 - INFO - __main__ - *********References*********
08/05/2022 07:38:34 - INFO - __main__ - ['<mask> causes <mask>.']
08/05/2022 07:38:34 - INFO - __main__ - ****************************
08/05/2022 07:39:29 - INFO - __main__ - ***********Input************
08/05/2022 07:39:29 - INFO - __main__ - the <mask> are concerned with <mask> of speaking the language .
08/05/2022 07:39:29 - INFO - __main__ - *********Hypothesis*********
08/05/2022 07:39:29 - INFO - __main__ - <mask> was an important source of information for <mask>.
08/05/2022 07:39:29 - INFO - __main__ - <mask>: a study of <mask>.
08/05/2022 07:39:29 - INFO - __main__ - <mask> was awarded <mask>.
08/05/2022 07:39:29 - INFO - __main__ - <mask> people were not allowed to use <mask>.
08/05/2022 07:39:29 - INFO - __main__ - <mask>: an introduction to <mask>.
08/05/2022 07:39:29 - INFO - __main__ - <mask>: a guide to <mask>.
08/05/2022 07:39:29 - INFO - __main__ - <mask> is a name derived from <mask>.
08/05/2022 07:39:29 - INFO - __main__ - <mask> had a long history of resistance to <mask>.
08/05/2022 07:39:29 - INFO - __main__ - <mask>'s name is a reference to <mask>.
08/05/2022 07:39:29 - INFO - __main__ - <mask> were killed in <mask>.
08/05/2022 07:39:29 - INFO - __main__ - ****************************
08/05/2022 07:39:29 - INFO - __main__ - *********References*********
08/05/2022 07:39:29 - INFO - __main__ - ['the topic of <mask> is <mask>.']
08/05/2022 07:39:29 - INFO - __main__ - ****************************
08/05/2022 07:40:03 - INFO - __main__ - ***********Input************
08/05/2022 07:40:03 - INFO - __main__ - the bottles have leaked <mask> into the <mask> .
08/05/2022 07:40:03 - INFO - __main__ - *********Hypothesis*********
08/05/2022 07:40:03 - INFO - __main__ - <mask>, the president of the united states <mask>.
08/05/2022 07:40:03 - INFO - __main__ - <mask> it is a <mask>.
08/05/2022 07:40:03 - INFO - __main__ - <mask> in the <mask>.
08/05/2022 07:40:03 - INFO - __main__ - <mask> and the president of <mask>.
08/05/2022 07:40:03 - INFO - __main__ - <mask>, in the department of <mask>.
08/05/2022 07:40:03 - INFO - __main__ - <mask>, and the river <mask>.
08/05/2022 07:40:03 - INFO - __main__ - <mask> et du <mask>.
08/05/2022 07:40:03 - INFO - __main__ - <mask> was a great country, but it was a <mask>.
08/05/2022 07:40:03 - INFO - __main__ - <mask> claimed responsibility for the attack on <mask>.
08/05/2022 07:40:03 - INFO - __main__ - <mask> of the company's products are manufactured in <mask>.
08/05/2022 07:40:03 - INFO - __main__ - ****************************
08/05/2022 07:40:03 - INFO - __main__ - *********References*********
08/05/2022 07:40:03 - INFO - __main__ - ['<mask> was delievered to <mask>.']
08/05/2022 07:40:03 - INFO - __main__ - ****************************
08/05/2022 07:40:46 - INFO - __main__ - ***********Input************
08/05/2022 07:40:46 - INFO - __main__ - the <mask> is going away from the <mask> , pushing its cars to gain elevation .
08/05/2022 07:40:46 - INFO - __main__ - *********Hypothesis*********
08/05/2022 07:40:46 - INFO - __main__ - <mask> geological survey map of the continental <mask>.
08/05/2022 07:40:46 - INFO - __main__ - <mask>, and the <mask>.
08/05/2022 07:40:46 - INFO - __main__ - <mask> is the largest <mask>.
08/05/2022 07:40:46 - INFO - __main__ - <mask> is a major <mask>.
08/05/2022 07:40:46 - INFO - __main__ - <mask> is the largest city in the western <mask>.
08/05/2022 07:40:46 - INFO - __main__ - <mask>'s most famous mountain range is the pyrenees and <mask>.
08/05/2022 07:40:46 - INFO - __main__ - <mask> is the only country in the world to have a national park in the southern <mask>.
08/05/2022 07:40:46 - INFO - __main__ - <mask> is a country with a long history of glaciation, especially in the northern <mask>.
08/05/2022 07:40:46 - INFO - __main__ - <mask> is located in the southern <mask>.
08/05/2022 07:40:46 - INFO - __main__ - <mask> has a long history of racing in the northern <mask>.
08/05/2022 07:40:46 - INFO - __main__ - ****************************
08/05/2022 07:40:46 - INFO - __main__ - *********References*********
08/05/2022 07:40:46 - INFO - __main__ - ['<mask> is originated from <mask>.']
08/05/2022 07:40:46 - INFO - __main__ - ****************************
08/05/2022 07:41:18 - INFO - __main__ - ***********Input************
08/05/2022 07:41:18 - INFO - __main__ - they chose a <mask> that oven bakes the paint in a down draft paint <mask> .
08/05/2022 07:41:18 - INFO - __main__ - *********Hypothesis*********
08/05/2022 07:41:18 - INFO - __main__ - <mask> women aren't allowed to cook in an <mask>.
08/05/2022 07:41:18 - INFO - __main__ - <mask> food was the only thing that could be cooked in the <mask>.
08/05/2022 07:41:18 - INFO - __main__ - <mask> flag on the wall, <mask>.
08/05/2022 07:41:18 - INFO - __main__ - <mask> cuisine, and the way it was cooked in the <mask>.
08/05/2022 07:41:18 - INFO - __main__ - <mask> cuisine is a lot more than a simple <mask>.
08/05/2022 07:41:18 - INFO - __main__ - <mask> cuisine is a lot more than a microwave <mask>.
08/05/2022 07:41:18 - INFO - __main__ - <mask> cookbook, cookbook for <mask>.
08/05/2022 07:41:18 - INFO - __main__ - <mask>, and a portrait of <mask>.
08/05/2022 07:41:18 - INFO - __main__ - <mask>) is a painting by <mask>.
08/05/2022 07:41:18 - INFO - __main__ - <mask> is a <mask>.
08/05/2022 07:41:18 - INFO - __main__ - ****************************
08/05/2022 07:41:18 - INFO - __main__ - *********References*********
08/05/2022 07:41:18 - INFO - __main__ - ['<mask> is the instrument of <mask>.']
08/05/2022 07:41:18 - INFO - __main__ - ****************************
08/05/2022 07:42:19 - INFO - __main__ - ***********Input************
08/05/2022 07:42:19 - INFO - __main__ - the <mask> carefully chose <mask> to be used in a nihilistic approach to style .
08/05/2022 07:42:19 - INFO - __main__ - *********Hypothesis*********
08/05/2022 07:42:19 - INFO - __main__ - <mask> was born and died in <mask>.
08/05/2022 07:42:19 - INFO - __main__ - <mask> was a member of the académie française in <mask>.
08/05/2022 07:42:19 - INFO - __main__ - <mask> was a fan of <mask>.
08/05/2022 07:42:19 - INFO - __main__ - <mask> was a great admirer of <mask>.
08/05/2022 07:42:19 - INFO - __main__ - <mask> was born in <mask>.
08/05/2022 07:42:19 - INFO - __main__ - <mask> was a major influence on <mask>.
08/05/2022 07:42:19 - INFO - __main__ - <mask>, who was a student of <mask>.
08/05/2022 07:42:19 - INFO - __main__ - <mask>, however, was not a great success in <mask>.
08/05/2022 07:42:19 - INFO - __main__ - <mask> was the last major city to be completely destroyed by <mask>.
08/05/2022 07:42:19 - INFO - __main__ - <mask> is a popular tourist destination in <mask>.
08/05/2022 07:42:19 - INFO - __main__ - ****************************
08/05/2022 07:42:19 - INFO - __main__ - *********References*********
08/05/2022 07:42:19 - INFO - __main__ - ['<mask> is the instrument of <mask>.']
08/05/2022 07:42:19 - INFO - __main__ - ****************************
08/05/2022 07:42:52 - INFO - __main__ - ***********Input************
08/05/2022 07:42:52 - INFO - __main__ - the cost of <mask> delivered in a vessel <mask> is always high .
08/05/2022 07:42:52 - INFO - __main__ - *********Hypothesis*********
08/05/2022 07:42:52 - INFO - __main__ - <mask> was born in the village of <mask>.
08/05/2022 07:42:52 - INFO - __main__ - <mask> is the son of the former footballer <mask>.
08/05/2022 07:42:52 - INFO - __main__ - <mask> is a district of <mask>.
08/05/2022 07:42:52 - INFO - __main__ - <mask> is a country in the south of the <mask>.
08/05/2022 07:42:52 - INFO - __main__ - <mask> was born in <mask>.
08/05/2022 07:42:52 - INFO - __main__ - <mask> is a more efficient alternative to <mask>.
08/05/2022 07:42:52 - INFO - __main__ - <mask> is a major holiday in <mask>.
08/05/2022 07:42:52 - INFO - __main__ - <mask> is a member of the <mask>.
08/05/2022 07:42:52 - INFO - __main__ - <mask>, and the <mask>.
08/05/2022 07:42:52 - INFO - __main__ - <mask> is the most common, followed by <mask>.
08/05/2022 07:42:52 - INFO - __main__ - ****************************
08/05/2022 07:42:52 - INFO - __main__ - *********References*********
08/05/2022 07:42:52 - INFO - __main__ - ['<mask> is contained in <mask>.']
08/05/2022 07:42:52 - INFO - __main__ - ****************************
08/05/2022 07:43:37 - INFO - __main__ - ***********Input************
08/05/2022 07:43:37 - INFO - __main__ - the <mask> was full of furry orange-and-black <mask> -- kittens .
08/05/2022 07:43:37 - INFO - __main__ - *********Hypothesis*********
08/05/2022 07:43:37 - INFO - __main__ - <mask> was a <mask>.
08/05/2022 07:43:37 - INFO - __main__ - <mask>, ny: simon and schuster, <mask>.
08/05/2022 07:43:37 - INFO - __main__ - <mask> was an international event for <mask>.
08/05/2022 07:43:37 - INFO - __main__ - <mask> is a series of books about <mask>.
08/05/2022 07:43:37 - INFO - __main__ - <mask> is a website for <mask>.
08/05/2022 07:43:37 - INFO - __main__ - <mask> is a <mask>.
08/05/2022 07:43:37 - INFO - __main__ - <mask> is a fictional character in the television series <mask>.
08/05/2022 07:43:37 - INFO - __main__ - <mask> was a member of the band <mask>.
08/05/2022 07:43:37 - INFO - __main__ - <mask> has a large number of <mask>.
08/05/2022 07:43:37 - INFO - __main__ - <mask>), and is pronounced in <mask>.
08/05/2022 07:43:37 - INFO - __main__ - ****************************
08/05/2022 07:43:37 - INFO - __main__ - *********References*********
08/05/2022 07:43:37 - INFO - __main__ - ['<mask> is contained in <mask>.']
08/05/2022 07:43:37 - INFO - __main__ - ****************************
08/05/2022 07:43:38 - INFO - __main__ - Task: semeval
08/05/2022 07:43:38 - INFO - __main__ - bleu-4: 1.9982888198883486e-79
08/05/2022 07:43:38 - INFO - __main__ - bleu-3: 0.012366001887021546
08/05/2022 07:43:38 - INFO - __main__ - bleu-2: 0.08519543433779507
08/05/2022 07:43:38 - INFO - __main__ - bleu-1: 0.33643855449969867
08/05/2022 07:43:38 - INFO - __main__ - METEOR: 0.2930471120334419
08/05/2022 07:43:38 - INFO - __main__ - ROUGE-L: 0.4150351929146518
08/05/2022 07:43:38 - INFO - __main__ - entailment score(mean-mean): 0.10067908088274433
08/05/2022 07:43:38 - INFO - __main__ - entailment score(mean-max): 0.4812542719145616
08/05/2022 07:43:38 - INFO - __main__ - entailment score(mean-min): 0.0010684702945177884
08/05/2022 07:43:38 - INFO - __main__ - self-BLEU-2: 0.8711484090272675
08/05/2022 07:43:38 - INFO - __main__ - avg: 0.1903470492787682
08/05/2022 07:43:38 - INFO - __main__ - *******************************************************
08/05/2022 07:43:38 - INFO - __main__ - *******************************************************
08/05/2022 07:43:38 - INFO - __main__ - *******************************************************
