08/02/2022 05:01:34 - INFO - __main__ - **************** MODEL CONFIGURATION ****************
08/02/2022 05:01:34 - INFO - __main__ - batch_size                -->   32
08/02/2022 05:01:34 - INFO - __main__ - epochs                    -->   5
08/02/2022 05:01:34 - INFO - __main__ - generated_rules           -->   True
08/02/2022 05:01:34 - INFO - __main__ - learning_rate             -->   2e-05
08/02/2022 05:01:34 - INFO - __main__ - model                     -->   bert-base-uncased
08/02/2022 05:01:34 - INFO - __main__ - no_exp                    -->   False
08/02/2022 05:01:34 - INFO - __main__ - shuffle                   -->   False
08/02/2022 05:01:34 - INFO - __main__ - task                      -->   spouse
08/02/2022 05:01:34 - INFO - __main__ - **************** MODEL CONFIGURATION ****************
08/02/2022 05:01:43 - INFO - __main__ - Number of Example in data/spouse/train.txt: 22055
08/02/2022 05:01:43 - INFO - __main__ - Number of Example in data/spouse/test.txt: 2680
08/02/2022 05:03:29 - INFO - __main__ - [EPOCH -1] Accuracy: 0.2041044776119403 | F1-Score: 0.12041237113402062. (Number of Data 2680)
08/02/2022 05:42:13 - INFO - __main__ - [EPOCH 0] Accuracy: 0.9626865671641791 | F1-Score: 0.7297297297297297. (Number of Data 2680)
08/02/2022 06:20:57 - INFO - __main__ - [EPOCH 1] Accuracy: 0.9626865671641791 | F1-Score: 0.7093023255813953. (Number of Data 2680)
08/02/2022 06:59:38 - INFO - __main__ - [EPOCH 2] Accuracy: 0.9641791044776119 | F1-Score: 0.7257142857142855. (Number of Data 2680)
08/02/2022 07:38:20 - INFO - __main__ - [EPOCH 3] Accuracy: 0.9664179104477612 | F1-Score: 0.7272727272727272. (Number of Data 2680)
08/02/2022 08:17:01 - INFO - __main__ - [EPOCH 4] Accuracy: 0.9645522388059702 | F1-Score: 0.709480122324159. (Number of Data 2680)
08/02/2022 08:17:01 - INFO - __main__ - **************** MODEL CONFIGURATION ****************
08/02/2022 08:17:01 - INFO - __main__ - batch_size                -->   32
08/02/2022 08:17:01 - INFO - __main__ - epochs                    -->   5
08/02/2022 08:17:01 - INFO - __main__ - generated_rules           -->   True
08/02/2022 08:17:01 - INFO - __main__ - learning_rate             -->   2e-05
08/02/2022 08:17:01 - INFO - __main__ - model                     -->   bert-base-uncased
08/02/2022 08:17:01 - INFO - __main__ - no_exp                    -->   False
08/02/2022 08:17:01 - INFO - __main__ - shuffle                   -->   False
08/02/2022 08:17:01 - INFO - __main__ - task                      -->   spouse
08/02/2022 08:17:01 - INFO - __main__ - **************** MODEL CONFIGURATION ****************
08/02/2022 08:17:19 - INFO - __main__ - Number of Example in data/spouse/train.txt: 22055
08/02/2022 08:17:19 - INFO - __main__ - Number of Example in data/spouse/test.txt: 2680
08/02/2022 08:19:05 - INFO - __main__ - [EPOCH -1] Accuracy: 0.1455223880597015 | F1-Score: 0.12927756653992395. (Number of Data 2680)
08/02/2022 08:57:46 - INFO - __main__ - [EPOCH 0] Accuracy: 0.9652985074626865 | F1-Score: 0.7256637168141593. (Number of Data 2680)
08/02/2022 09:36:28 - INFO - __main__ - [EPOCH 1] Accuracy: 0.9656716417910448 | F1-Score: 0.7051282051282052. (Number of Data 2680)
08/02/2022 10:15:16 - INFO - __main__ - [EPOCH 2] Accuracy: 0.9630597014925373 | F1-Score: 0.6621160409556314. (Number of Data 2680)
08/02/2022 10:53:59 - INFO - __main__ - [EPOCH 3] Accuracy: 0.9690298507462687 | F1-Score: 0.7461773700305809. (Number of Data 2680)
08/02/2022 11:32:32 - INFO - __main__ - [EPOCH 4] Accuracy: 0.9675373134328358 | F1-Score: 0.7492795389048991. (Number of Data 2680)
08/02/2022 11:32:32 - INFO - __main__ - **************** MODEL CONFIGURATION ****************
08/02/2022 11:32:32 - INFO - __main__ - batch_size                -->   32
08/02/2022 11:32:32 - INFO - __main__ - epochs                    -->   5
08/02/2022 11:32:32 - INFO - __main__ - generated_rules           -->   True
08/02/2022 11:32:32 - INFO - __main__ - learning_rate             -->   2e-05
08/02/2022 11:32:32 - INFO - __main__ - model                     -->   bert-base-uncased
08/02/2022 11:32:32 - INFO - __main__ - no_exp                    -->   False
08/02/2022 11:32:32 - INFO - __main__ - shuffle                   -->   False
08/02/2022 11:32:32 - INFO - __main__ - task                      -->   spouse
08/02/2022 11:32:32 - INFO - __main__ - **************** MODEL CONFIGURATION ****************
08/02/2022 11:32:41 - INFO - __main__ - Number of Example in data/spouse/train.txt: 22055
08/02/2022 11:32:41 - INFO - __main__ - Number of Example in data/spouse/test.txt: 2680
08/02/2022 11:34:22 - INFO - __main__ - [EPOCH -1] Accuracy: 0.9279850746268656 | F1-Score: 0.0. (Number of Data 2680)
08/02/2022 12:12:49 - INFO - __main__ - [EPOCH 0] Accuracy: 0.9667910447761194 | F1-Score: 0.7405247813411079. (Number of Data 2680)
08/02/2022 12:51:12 - INFO - __main__ - [EPOCH 1] Accuracy: 0.9694029850746269 | F1-Score: 0.74375. (Number of Data 2680)
08/02/2022 13:29:36 - INFO - __main__ - [EPOCH 2] Accuracy: 0.9626865671641791 | F1-Score: 0.6855345911949686. (Number of Data 2680)
08/02/2022 14:08:01 - INFO - __main__ - [EPOCH 3] Accuracy: 0.9694029850746269 | F1-Score: 0.7573964497041421. (Number of Data 2680)
08/02/2022 14:46:26 - INFO - __main__ - [EPOCH 4] Accuracy: 0.9667910447761194 | F1-Score: 0.7478753541076486. (Number of Data 2680)
08/02/2022 14:46:26 - INFO - __main__ - **************** MODEL CONFIGURATION ****************
08/02/2022 14:46:26 - INFO - __main__ - batch_size                -->   32
08/02/2022 14:46:26 - INFO - __main__ - epochs                    -->   5
08/02/2022 14:46:26 - INFO - __main__ - generated_rules           -->   True
08/02/2022 14:46:26 - INFO - __main__ - learning_rate             -->   2e-05
08/02/2022 14:46:26 - INFO - __main__ - model                     -->   bert-base-uncased
08/02/2022 14:46:26 - INFO - __main__ - no_exp                    -->   False
08/02/2022 14:46:26 - INFO - __main__ - shuffle                   -->   False
08/02/2022 14:46:26 - INFO - __main__ - task                      -->   spouse
08/02/2022 14:46:26 - INFO - __main__ - **************** MODEL CONFIGURATION ****************
08/02/2022 14:46:37 - INFO - __main__ - Number of Example in data/spouse/train.txt: 22055
08/02/2022 14:46:37 - INFO - __main__ - Number of Example in data/spouse/test.txt: 2680
08/02/2022 14:48:16 - INFO - __main__ - [EPOCH -1] Accuracy: 0.4048507462686567 | F1-Score: 0.1094360692350642. (Number of Data 2680)
08/02/2022 15:26:42 - INFO - __main__ - [EPOCH 0] Accuracy: 0.9652985074626865 | F1-Score: 0.7102803738317758. (Number of Data 2680)
08/02/2022 16:05:06 - INFO - __main__ - [EPOCH 1] Accuracy: 0.9600746268656717 | F1-Score: 0.6951566951566951. (Number of Data 2680)
08/02/2022 16:43:32 - INFO - __main__ - [EPOCH 2] Accuracy: 0.9638059701492537 | F1-Score: 0.6734006734006734. (Number of Data 2680)
08/02/2022 17:21:56 - INFO - __main__ - [EPOCH 3] Accuracy: 0.9638059701492537 | F1-Score: 0.7252124645892352. (Number of Data 2680)
08/02/2022 18:00:20 - INFO - __main__ - [EPOCH 4] Accuracy: 0.9623134328358209 | F1-Score: 0.7262872628726287. (Number of Data 2680)
08/02/2022 18:00:20 - INFO - __main__ - **************** MODEL CONFIGURATION ****************
08/02/2022 18:00:20 - INFO - __main__ - batch_size                -->   32
08/02/2022 18:00:20 - INFO - __main__ - epochs                    -->   5
08/02/2022 18:00:20 - INFO - __main__ - generated_rules           -->   True
08/02/2022 18:00:20 - INFO - __main__ - learning_rate             -->   2e-05
08/02/2022 18:00:20 - INFO - __main__ - model                     -->   bert-base-uncased
08/02/2022 18:00:20 - INFO - __main__ - no_exp                    -->   False
08/02/2022 18:00:20 - INFO - __main__ - shuffle                   -->   False
08/02/2022 18:00:20 - INFO - __main__ - task                      -->   spouse
08/02/2022 18:00:20 - INFO - __main__ - **************** MODEL CONFIGURATION ****************
08/02/2022 18:00:30 - INFO - __main__ - Number of Example in data/spouse/train.txt: 22055
08/02/2022 18:00:30 - INFO - __main__ - Number of Example in data/spouse/test.txt: 2680
08/02/2022 18:02:09 - INFO - __main__ - [EPOCH -1] Accuracy: 0.07947761194029851 | F1-Score: 0.12980599647266314. (Number of Data 2680)
08/02/2022 18:40:34 - INFO - __main__ - [EPOCH 0] Accuracy: 0.969776119402985 | F1-Score: 0.761061946902655. (Number of Data 2680)
08/02/2022 19:18:58 - INFO - __main__ - [EPOCH 1] Accuracy: 0.9664179104477612 | F1-Score: 0.7321428571428571. (Number of Data 2680)
08/02/2022 19:57:23 - INFO - __main__ - [EPOCH 2] Accuracy: 0.9686567164179104 | F1-Score: 0.7586206896551724. (Number of Data 2680)
08/02/2022 20:35:46 - INFO - __main__ - [EPOCH 3] Accuracy: 0.9682835820895522 | F1-Score: 0.7477744807121662. (Number of Data 2680)
08/02/2022 21:14:10 - INFO - __main__ - [EPOCH 4] Accuracy: 0.9675373134328358 | F1-Score: 0.7463556851311953. (Number of Data 2680)
