07/22/2022 08:55:09 - INFO - __main__ - **************** MODEL CONFIGURATION ****************
07/22/2022 08:55:09 - INFO - __main__ - bart_training             -->   True
07/22/2022 08:55:09 - INFO - __main__ - device                    -->   0
07/22/2022 08:55:09 - INFO - __main__ - dpp                       -->   True
07/22/2022 08:55:09 - INFO - __main__ - group_beam                -->   True
07/22/2022 08:55:09 - INFO - __main__ - if_then                   -->   False
07/22/2022 08:55:09 - INFO - __main__ - inductor                  -->   rule
07/22/2022 08:55:09 - INFO - __main__ - log_dir                   -->   logs_new_new_new/
07/22/2022 08:55:09 - INFO - __main__ - log_name                  -->   debug
07/22/2022 08:55:09 - INFO - __main__ - mcgs                      -->   True
07/22/2022 08:55:09 - INFO - __main__ - mlm_training              -->   True
07/22/2022 08:55:09 - INFO - __main__ - task                      -->   openrule155
07/22/2022 08:55:09 - INFO - __main__ - **************** MODEL CONFIGURATION ****************
07/24/2022 07:40:19 - INFO - __main__ - **************** MODEL CONFIGURATION ****************
07/24/2022 07:40:19 - INFO - __main__ - bart_training             -->   True
07/24/2022 07:40:19 - INFO - __main__ - device                    -->   0
07/24/2022 07:40:19 - INFO - __main__ - dpp                       -->   True
07/24/2022 07:40:19 - INFO - __main__ - group_beam                -->   True
07/24/2022 07:40:19 - INFO - __main__ - if_then                   -->   False
07/24/2022 07:40:19 - INFO - __main__ - inductor                  -->   rule
07/24/2022 07:40:19 - INFO - __main__ - log_dir                   -->   logs_new_new_new/
07/24/2022 07:40:19 - INFO - __main__ - log_name                  -->   debug
07/24/2022 07:40:19 - INFO - __main__ - mcgs                      -->   True
07/24/2022 07:40:19 - INFO - __main__ - mlm_training              -->   True
07/24/2022 07:40:19 - INFO - __main__ - task                      -->   openrule155
07/24/2022 07:40:19 - INFO - __main__ - **************** MODEL CONFIGURATION ****************
07/25/2022 04:44:04 - INFO - __main__ - **************** MODEL CONFIGURATION ****************
07/25/2022 04:44:04 - INFO - __main__ - bart_training             -->   True
07/25/2022 04:44:04 - INFO - __main__ - device                    -->   0
07/25/2022 04:44:04 - INFO - __main__ - dpp                       -->   False
07/25/2022 04:44:04 - INFO - __main__ - group_beam                -->   True
07/25/2022 04:44:04 - INFO - __main__ - if_then                   -->   False
07/25/2022 04:44:04 - INFO - __main__ - inductor                  -->   rule
07/25/2022 04:44:04 - INFO - __main__ - log_dir                   -->   logs_new_new_new/
07/25/2022 04:44:04 - INFO - __main__ - log_name                  -->   debug
07/25/2022 04:44:04 - INFO - __main__ - mcgs                      -->   False
07/25/2022 04:44:04 - INFO - __main__ - mlm_training              -->   True
07/25/2022 04:44:04 - INFO - __main__ - task                      -->   openrule155
07/25/2022 04:44:04 - INFO - __main__ - **************** MODEL CONFIGURATION ****************
07/25/2022 04:45:26 - INFO - __main__ - ***********Input************
07/25/2022 04:45:26 - INFO - __main__ - <mask> acts in <mask>.
07/25/2022 04:45:26 - INFO - __main__ - *********Hypothesis*********
07/25/2022 04:45:26 - INFO - __main__ - <mask> is the largest of the of <mask>.
07/25/2022 04:45:26 - INFO - __main__ - <mask> was formed to provide air defense for <mask>.
07/25/2022 04:45:26 - INFO - __main__ - <mask> is the only air force to have a permanent base in <mask>.
07/25/2022 04:45:26 - INFO - __main__ - <mask> is the largest military service in <mask>.
07/25/2022 04:45:26 - INFO - __main__ - <mask> has a long history of using aircraft aircraft in <mask>.
07/25/2022 04:45:26 - INFO - __main__ - <mask> had been in <mask>.
07/25/2022 04:45:26 - INFO - __main__ - <mask> was founded as the first air force college in <mask>.
07/25/2022 04:45:26 - INFO - __main__ - <mask> is the only military academy in <mask>.
07/25/2022 04:45:26 - INFO - __main__ - <mask> is the oldest military academy in <mask>.
07/25/2022 04:45:26 - INFO - __main__ - <mask> is the oldest and largest military academy in <mask>.
07/25/2022 04:45:26 - INFO - __main__ - ****************************
07/25/2022 04:45:26 - INFO - __main__ - *********References*********
07/25/2022 04:45:26 - INFO - __main__ - ['<mask> is a member of <mask>.', '<mask> participates in <mask>.', '<mask> performs in <mask>.', '<mask> plays a role in <mask>.', '<mask> creates <mask>.']
07/25/2022 04:45:26 - INFO - __main__ - ****************************
07/25/2022 07:54:59 - INFO - __main__ - **************** MODEL CONFIGURATION ****************
07/25/2022 07:54:59 - INFO - __main__ - bart_training             -->   True
07/25/2022 07:54:59 - INFO - __main__ - device                    -->   0
07/25/2022 07:54:59 - INFO - __main__ - dpp                       -->   False
07/25/2022 07:54:59 - INFO - __main__ - group_beam                -->   True
07/25/2022 07:54:59 - INFO - __main__ - if_then                   -->   False
07/25/2022 07:54:59 - INFO - __main__ - inductor                  -->   rule
07/25/2022 07:54:59 - INFO - __main__ - log_dir                   -->   logs_new_new_new/
07/25/2022 07:54:59 - INFO - __main__ - log_name                  -->   debug
07/25/2022 07:54:59 - INFO - __main__ - mcgs                      -->   False
07/25/2022 07:54:59 - INFO - __main__ - mlm_training              -->   True
07/25/2022 07:54:59 - INFO - __main__ - task                      -->   openrule155
07/25/2022 07:54:59 - INFO - __main__ - **************** MODEL CONFIGURATION ****************
07/25/2022 08:05:32 - INFO - __main__ - **************** MODEL CONFIGURATION ****************
07/25/2022 08:05:32 - INFO - __main__ - bart_training             -->   True
07/25/2022 08:05:32 - INFO - __main__ - device                    -->   0
07/25/2022 08:05:32 - INFO - __main__ - dpp                       -->   False
07/25/2022 08:05:32 - INFO - __main__ - group_beam                -->   True
07/25/2022 08:05:32 - INFO - __main__ - if_then                   -->   False
07/25/2022 08:05:32 - INFO - __main__ - inductor                  -->   rule
07/25/2022 08:05:32 - INFO - __main__ - log_dir                   -->   logs_new_new_new/
07/25/2022 08:05:32 - INFO - __main__ - log_name                  -->   debug
07/25/2022 08:05:32 - INFO - __main__ - mcgs                      -->   False
07/25/2022 08:05:32 - INFO - __main__ - mlm_training              -->   True
07/25/2022 08:05:32 - INFO - __main__ - task                      -->   openrule155
07/25/2022 08:05:32 - INFO - __main__ - **************** MODEL CONFIGURATION ****************
07/26/2022 09:28:48 - INFO - __main__ - **************** MODEL CONFIGURATION ****************
07/26/2022 09:28:48 - INFO - __main__ - bart_training             -->   True
07/26/2022 09:28:48 - INFO - __main__ - device                    -->   0
07/26/2022 09:28:48 - INFO - __main__ - dpp                       -->   False
07/26/2022 09:28:48 - INFO - __main__ - group_beam                -->   True
07/26/2022 09:28:48 - INFO - __main__ - if_then                   -->   False
07/26/2022 09:28:48 - INFO - __main__ - inductor                  -->   rule
07/26/2022 09:28:48 - INFO - __main__ - log_dir                   -->   logs_new_new_new/
07/26/2022 09:28:48 - INFO - __main__ - log_name                  -->   debug
07/26/2022 09:28:48 - INFO - __main__ - mcgs                      -->   False
07/26/2022 09:28:48 - INFO - __main__ - mlm_training              -->   True
07/26/2022 09:28:48 - INFO - __main__ - task                      -->   openrule155
07/26/2022 09:28:48 - INFO - __main__ - **************** MODEL CONFIGURATION ****************
07/26/2022 09:31:03 - INFO - __main__ - ***********Input************
07/26/2022 09:31:03 - INFO - __main__ - <mask> acts in <mask>.
07/26/2022 09:31:03 - INFO - __main__ - *********Hypothesis*********
07/26/2022 09:31:03 - INFO - __main__ - <mask> was founded as the first air force college in <mask>.
07/26/2022 09:31:03 - INFO - __main__ - <mask> is the only military academy in <mask>.
07/26/2022 09:31:03 - INFO - __main__ - <mask> is the oldest military academy in <mask>.
07/26/2022 09:31:03 - INFO - __main__ - <mask> is the oldest and largest military academy in <mask>.
07/26/2022 09:31:03 - INFO - __main__ - <mask> is a military academy in <mask>.
07/26/2022 09:31:03 - INFO - __main__ - <mask> (usaf academy) is a military academy in <mask>.
07/26/2022 09:31:03 - INFO - __main__ - <mask> (usaaf) is the oldest military academy in <mask>.
07/26/2022 09:31:03 - INFO - __main__ - ****************************
07/26/2022 09:31:03 - INFO - __main__ - *********References*********
07/26/2022 09:31:03 - INFO - __main__ - ['<mask> is a member of <mask>.', '<mask> participates in <mask>.', '<mask> performs in <mask>.', '<mask> plays a role in <mask>.', '<mask> creates <mask>.']
07/26/2022 09:31:03 - INFO - __main__ - ****************************
