07/22/2022 07:31:49 - INFO - __main__ - **************** MODEL CONFIGURATION ****************
07/22/2022 07:31:49 - INFO - __main__ - bart_training             -->   True
07/22/2022 07:31:49 - INFO - __main__ - device                    -->   0
07/22/2022 07:31:49 - INFO - __main__ - group_beam                -->   True
07/22/2022 07:31:49 - INFO - __main__ - if_then                   -->   False
07/22/2022 07:31:49 - INFO - __main__ - inductor                  -->   rule
07/22/2022 07:31:49 - INFO - __main__ - log_dir                   -->   logs_new_new_new/
07/22/2022 07:31:49 - INFO - __main__ - log_name                  -->   fewrel-k*k+mc+gs+dpp
07/22/2022 07:31:49 - INFO - __main__ - mlm_training              -->   True
07/22/2022 07:31:49 - INFO - __main__ - task                      -->   fewrel
07/22/2022 07:31:49 - INFO - __main__ - **************** MODEL CONFIGURATION ****************
07/22/2022 07:33:08 - INFO - __main__ - ***********Input************
07/22/2022 07:33:08 - INFO - __main__ - his guitar work on the title track is credited as what first drew <mask> to him , who two years later invited allman to join him as part of <mask> .
07/22/2022 07:33:08 - INFO - __main__ - *********Hypothesis*********
07/22/2022 07:33:08 - INFO - __main__ - <mask>, you're not a member of <mask>.
07/22/2022 07:33:08 - INFO - __main__ - <mask>'s father was a member of <mask>.
07/22/2022 07:33:08 - INFO - __main__ - <mask>'s father had been a member of <mask>.
07/22/2022 07:33:08 - INFO - __main__ - <mask> was a member of <mask>.
07/22/2022 07:33:08 - INFO - __main__ - <mask> and his band were a cover band of <mask>.
07/22/2022 07:33:08 - INFO - __main__ - <mask> is the lead singer of <mask>.
07/22/2022 07:33:08 - INFO - __main__ - <mask> is a song by <mask>.
07/22/2022 07:33:08 - INFO - __main__ - <mask> had been a member of <mask>.
07/22/2022 07:33:08 - INFO - __main__ - <mask> and his band were known as <mask>.
07/22/2022 07:33:08 - INFO - __main__ - <mask> and his allman brothers band/ <mask>.
07/22/2022 07:33:08 - INFO - __main__ - ****************************
07/22/2022 07:33:08 - INFO - __main__ - *********References*********
07/22/2022 07:33:08 - INFO - __main__ - ['<mask> is a member of <mask>.']
07/22/2022 07:33:08 - INFO - __main__ - ****************************
07/22/2022 07:33:15 - INFO - __main__ - ***********Input************
07/22/2022 07:33:15 - INFO - __main__ - in the summer of 1944 it opposed the <mask> ’s <mask> during the lvov - sandomir strategic offensive operation ( 13 july - 29 august 1944 ) .
07/22/2022 07:33:15 - INFO - __main__ - *********Hypothesis*********
07/22/2022 07:33:15 - INFO - __main__ - <mask>, which was the main opponent of the new <mask>.
07/22/2022 07:33:15 - INFO - __main__ - <mask>'s main goal was to destroy the entire <mask>.
07/22/2022 07:33:15 - INFO - __main__ - <mask> was the only major power to have a regular <mask>.
07/22/2022 07:33:15 - INFO - __main__ - <mask> forces were to be replaced by <mask>.
07/22/2022 07:33:15 - INFO - __main__ - <mask> and its allies were able to defeat the advancing <mask>.
07/22/2022 07:33:15 - INFO - __main__ - <mask> forces were to be replaced by the red <mask>.
07/22/2022 07:33:15 - INFO - __main__ - <mask>, however, had no intention of attacking <mask>.
07/22/2022 07:33:15 - INFO - __main__ - <mask> were not allowed to fly in the newly formed <mask>.
07/22/2022 07:33:15 - INFO - __main__ - <mask> used the airfield as a base for their <mask>.
07/22/2022 07:33:15 - INFO - __main__ - <mask> in the area were not able to stop the advancing <mask>.
07/22/2022 07:33:15 - INFO - __main__ - ****************************
07/22/2022 07:33:15 - INFO - __main__ - *********References*********
07/22/2022 07:33:15 - INFO - __main__ - ['<mask> is part of <mask>.']
07/22/2022 07:33:15 - INFO - __main__ - ****************************
07/22/2022 07:33:22 - INFO - __main__ - ***********Input************
07/22/2022 07:33:22 - INFO - __main__ - the singles released from " <mask> " were " <mask> " , " stuck with me " , " brain stew / jaded " , and " walking contradiction " .
07/22/2022 07:33:22 - INFO - __main__ - *********Hypothesis*********
07/22/2022 07:33:22 - INFO - __main__ - <mask>: the best of the beatles, "<mask>.
07/22/2022 07:33:22 - INFO - __main__ - <mask> was followed by "<mask>.
07/22/2022 07:33:22 - INFO - __main__ - <mask> features a cover of "<mask>.
07/22/2022 07:33:22 - INFO - __main__ - <mask>: the best of <mask>.
07/22/2022 07:33:22 - INFO - __main__ - <mask> was originally titled <mask>.
07/22/2022 07:33:22 - INFO - __main__ - <mask> was followed by <mask>.
07/22/2022 07:33:22 - INFO - __main__ - <mask> is the follow-up to <mask>.
07/22/2022 07:33:22 - INFO - __main__ - <mask>: the other side of <mask>.
07/22/2022 07:33:22 - INFO - __main__ - <mask> is a compilation album by the band <mask>.
07/22/2022 07:33:22 - INFO - __main__ - <mask> is a compilation album by <mask>.
07/22/2022 07:33:22 - INFO - __main__ - ****************************
07/22/2022 07:33:22 - INFO - __main__ - *********References*********
07/22/2022 07:33:22 - INFO - __main__ - ['<mask> is part of <mask>.']
07/22/2022 07:33:22 - INFO - __main__ - ****************************
07/22/2022 07:33:24 - INFO - __main__ - ***********Input************
07/22/2022 07:33:24 - INFO - __main__ - the occupancy of the show surpassed the <mask> films <mask> and freaky ali .
07/22/2022 07:33:24 - INFO - __main__ - *********Hypothesis*********
07/22/2022 07:33:24 - INFO - __main__ - <mask>s are not allowed to be called <mask>.
07/22/2022 07:33:24 - INFO - __main__ - <mask>-born children are more likely to be born <mask>.
07/22/2022 07:33:24 - INFO - __main__ - <mask> soldiers were often called by their nickname, which was <mask>.
07/22/2022 07:33:24 - INFO - __main__ - <mask> citizenship was granted to all citizens of the state who were not native <mask>.
07/22/2022 07:33:24 - INFO - __main__ - <mask> citizens are not allowed to be called <mask>.
07/22/2022 07:33:24 - INFO - __main__ - ****************************
07/22/2022 07:33:24 - INFO - __main__ - *********References*********
07/22/2022 07:33:24 - INFO - __main__ - ['the original language of <mask> is <mask>.']
07/22/2022 07:33:24 - INFO - __main__ - ****************************
07/22/2022 07:33:28 - INFO - __main__ - ***********Input************
07/22/2022 07:33:28 - INFO - __main__ - it broadcasts mostly english language news and current affairs and also broadcasts <mask> the daily rté 1 <mask> language news television programme .
07/22/2022 07:33:28 - INFO - __main__ - *********Hypothesis*********
07/22/2022 07:33:28 - INFO - __main__ - <mask>, which broadcasts in <mask>.
07/22/2022 07:33:28 - INFO - __main__ - <mask>, however, continued to broadcast the series in <mask>.
07/22/2022 07:33:28 - INFO - __main__ - <mask> was the only international radio station to broadcast in <mask>.
07/22/2022 07:33:28 - INFO - __main__ - <mask> is an international radio station broadcasting in <mask>.
07/22/2022 07:33:28 - INFO - __main__ - <mask> is a radio station broadcasting in <mask>.
07/22/2022 07:33:28 - INFO - __main__ - <mask> has a news service that broadcasts in <mask>.
07/22/2022 07:33:28 - INFO - __main__ - <mask> broadcasts the show in <mask>.
07/22/2022 07:33:28 - INFO - __main__ - <mask> broadcasts the entire series in <mask>.
07/22/2022 07:33:28 - INFO - __main__ - <mask> is a television channel broadcasting in <mask>.
07/22/2022 07:33:28 - INFO - __main__ - <mask> broadcasts in both the standard and high definition versions of <mask>.
07/22/2022 07:33:28 - INFO - __main__ - ****************************
07/22/2022 07:33:28 - INFO - __main__ - *********References*********
07/22/2022 07:33:28 - INFO - __main__ - ['the original language of <mask> is <mask>.']
07/22/2022 07:33:28 - INFO - __main__ - ****************************
07/22/2022 07:33:33 - INFO - __main__ - ***********Input************
07/22/2022 07:33:33 - INFO - __main__ - in 2009 to mark the 125th anniversary of the <mask> he was named by the irish news as one of the all - time best 125 footballers from <mask> .
07/22/2022 07:33:33 - INFO - __main__ - *********Hypothesis*********
07/22/2022 07:33:33 - INFO - __main__ - <mask>'s main aim is to promote the sport of gaelic football in <mask>.
07/22/2022 07:33:33 - INFO - __main__ - <mask> was a major source of income for the people of <mask>.
07/22/2022 07:33:33 - INFO - __main__ - <mask> is the official gaelic game of <mask>.
07/22/2022 07:33:33 - INFO - __main__ - <mask> is the national governing body for gaelic football in <mask>.
07/22/2022 07:33:33 - INFO - __main__ - <mask> is the governing body for gaelic football in <mask>.
07/22/2022 07:33:33 - INFO - __main__ - <mask> is a major sport in <mask>.
07/22/2022 07:33:33 - INFO - __main__ - <mask> has been a major source of income for the island of <mask>.
07/22/2022 07:33:33 - INFO - __main__ - <mask> football is the most popular sport in <mask>.
07/22/2022 07:33:33 - INFO - __main__ - <mask> competitions are played on a regional basis in <mask>.
07/22/2022 07:33:33 - INFO - __main__ - <mask> competitions are held in every county in <mask>.
07/22/2022 07:33:33 - INFO - __main__ - ****************************
07/22/2022 07:33:33 - INFO - __main__ - *********References*********
07/22/2022 07:33:33 - INFO - __main__ - ['<mask> is a member of <mask>.']
07/22/2022 07:33:33 - INFO - __main__ - ****************************
07/22/2022 07:33:39 - INFO - __main__ - ***********Input************
07/22/2022 07:33:39 - INFO - __main__ - as a sergeant in the australian imperial force , mcgee was awarded the victoria cross for his actions in the <mask> — part of the <mask> — on 4 october 1917 .
07/22/2022 07:33:39 - INFO - __main__ - *********Hypothesis*********
07/22/2022 07:33:39 - INFO - __main__ - <mask>, which was the last major battle of <mask>.
07/22/2022 07:33:39 - INFO - __main__ - <mask>'s most famous work is his <mask>.
07/22/2022 07:33:39 - INFO - __main__ - <mask>'s brigade was then sent to <mask>.
07/22/2022 07:33:39 - INFO - __main__ - <mask>'s brigade was part of the victorious <mask>.
07/22/2022 07:33:39 - INFO - __main__ - <mask>'s brigade fought in the subsequent <mask>.
07/22/2022 07:33:39 - INFO - __main__ - <mask> was part of <mask>.
07/22/2022 07:33:39 - INFO - __main__ - <mask> was a major part of the victorious <mask>.
07/22/2022 07:33:39 - INFO - __main__ - <mask> was a major battle of the first <mask>.
07/22/2022 07:33:39 - INFO - __main__ - <mask> fought in <mask>.
07/22/2022 07:33:39 - INFO - __main__ - <mask> was the last major battle of the entire <mask>.
07/22/2022 07:33:39 - INFO - __main__ - ****************************
07/22/2022 07:33:39 - INFO - __main__ - *********References*********
07/22/2022 07:33:39 - INFO - __main__ - ['<mask> is part of <mask>.']
07/22/2022 07:33:39 - INFO - __main__ - ****************************
07/22/2022 07:33:47 - INFO - __main__ - ***********Input************
07/22/2022 07:33:47 - INFO - __main__ - petrovic made her on – screen debut with a small role in " <mask> " , a 2007 <mask> film directed by milčo mančevski .
07/22/2022 07:33:47 - INFO - __main__ - *********Hypothesis*********
07/22/2022 07:33:47 - INFO - __main__ - <mask> is the name of a number of places in <mask>.
07/22/2022 07:33:47 - INFO - __main__ - <mask> is a masculine given name in <mask>.
07/22/2022 07:33:47 - INFO - __main__ - <mask> has been translated into several languages, including <mask>.
07/22/2022 07:33:47 - INFO - __main__ - <mask>, in which the main character is a <mask>.
07/22/2022 07:33:47 - INFO - __main__ - <mask> is an album by <mask>.
07/22/2022 07:33:47 - INFO - __main__ - <mask> is a short story in <mask>.
07/22/2022 07:33:47 - INFO - __main__ - <mask>'s name means "city of the stars" in <mask>.
07/22/2022 07:33:47 - INFO - __main__ - <mask> is the capital of the country and the official language is <mask>.
07/22/2022 07:33:47 - INFO - __main__ - <mask> has a large number of dialects of <mask>.
07/22/2022 07:33:47 - INFO - __main__ - <mask>: the story of the <mask>.
07/22/2022 07:33:47 - INFO - __main__ - ****************************
07/22/2022 07:33:47 - INFO - __main__ - *********References*********
07/22/2022 07:33:47 - INFO - __main__ - ['the original language of <mask> is <mask>.']
07/22/2022 07:33:47 - INFO - __main__ - ****************************
07/22/2022 07:33:52 - INFO - __main__ - ***********Input************
07/22/2022 07:33:52 - INFO - __main__ - the film is a remake of <mask> movie " <mask> " , starring krishnam raju , jayasudha in the lead roles .
07/22/2022 07:33:52 - INFO - __main__ - *********Hypothesis*********
07/22/2022 07:33:52 - INFO - __main__ - <mask> was used as the medium of instruction in <mask>.
07/22/2022 07:33:52 - INFO - __main__ - <mask> was his native language and he was a native of <mask>.
07/22/2022 07:33:52 - INFO - __main__ - <mask> is the official language of <mask>.
07/22/2022 07:33:52 - INFO - __main__ - <mask> is the local language in <mask>.
07/22/2022 07:33:52 - INFO - __main__ - <mask> has been the official language of <mask>.
07/22/2022 07:33:52 - INFO - __main__ - <mask> has a similar word order to <mask>.
07/22/2022 07:33:52 - INFO - __main__ - <mask> has a similar word <mask>.
07/22/2022 07:33:52 - INFO - __main__ - <mask> film industry is the largest industry in <mask>.
07/22/2022 07:33:52 - INFO - __main__ - <mask> film industry is a major industry in <mask>.
07/22/2022 07:33:52 - INFO - __main__ - <mask> and telugu are the official languages of <mask>.
07/22/2022 07:33:52 - INFO - __main__ - ****************************
07/22/2022 07:33:52 - INFO - __main__ - *********References*********
07/22/2022 07:33:52 - INFO - __main__ - ['the original language of <mask> is <mask>.']
07/22/2022 07:33:52 - INFO - __main__ - ****************************
07/22/2022 07:33:59 - INFO - __main__ - ***********Input************
07/22/2022 07:33:59 - INFO - __main__ - fear and trembling ( original title : <mask> ) is a 2003 <mask> film based on the novel of the same name by amélie nothomb .
07/22/2022 07:33:59 - INFO - __main__ - *********Hypothesis*********
07/22/2022 07:33:59 - INFO - __main__ - <mask>, which means "the light" in <mask>.
07/22/2022 07:33:59 - INFO - __main__ - <mask> means "the light" in <mask>.
07/22/2022 07:33:59 - INFO - __main__ - <mask>'s name means "beautiful" in <mask>.
07/22/2022 07:33:59 - INFO - __main__ - <mask> means "lovely" or "beautiful" in <mask>.
07/22/2022 07:33:59 - INFO - __main__ - <mask> means "beautiful" in <mask>.
07/22/2022 07:33:59 - INFO - __main__ - <mask> is the name of a female given name in <mask>.
07/22/2022 07:33:59 - INFO - __main__ - <mask> means "the one who is not afraid" in <mask>.
07/22/2022 07:33:59 - INFO - __main__ - <mask> is the name of a number of books in <mask>.
07/22/2022 07:33:59 - INFO - __main__ - <mask> is a feminine given name in <mask>.
07/22/2022 07:33:59 - INFO - __main__ - <mask> has been translated into <mask>.
07/22/2022 07:33:59 - INFO - __main__ - ****************************
07/22/2022 07:33:59 - INFO - __main__ - *********References*********
07/22/2022 07:33:59 - INFO - __main__ - ['the original language of <mask> is <mask>.']
07/22/2022 07:33:59 - INFO - __main__ - ****************************
07/22/2022 07:34:05 - INFO - __main__ - ***********Input************
07/22/2022 07:34:05 - INFO - __main__ - <mask> ( born 10 january 1990 ) is a german footballer who plays as a <mask> for spvgg unterhaching .
07/22/2022 07:34:05 - INFO - __main__ - *********Hypothesis*********
07/22/2022 07:34:05 - INFO - __main__ - <mask>, professional footballer <mask>.
07/22/2022 07:34:05 - INFO - __main__ - <mask> plays as a <mask>.
07/22/2022 07:34:05 - INFO - __main__ - <mask>, footballer who plays as a <mask>.
07/22/2022 07:34:05 - INFO - __main__ - <mask> started his career as a <mask>.
07/22/2022 07:34:05 - INFO - __main__ - <mask> played as a <mask>.
07/22/2022 07:34:05 - INFO - __main__ - <mask> is a <mask>.
07/22/2022 07:34:05 - INFO - __main__ - ****************************
07/22/2022 07:34:05 - INFO - __main__ - *********References*********
07/22/2022 07:34:05 - INFO - __main__ - ['<mask> plays in <mask> position.']
07/22/2022 07:34:05 - INFO - __main__ - ****************************
07/22/2022 07:34:12 - INFO - __main__ - ***********Input************
07/22/2022 07:34:12 - INFO - __main__ - wester ross is well known for its mountain scenery , especially the <mask> which includes such peaks as beinn eighe and <mask> .
07/22/2022 07:34:12 - INFO - __main__ - *********Hypothesis*********
07/22/2022 07:34:12 - INFO - __main__ - <mask> lies to the west of <mask>.
07/22/2022 07:34:12 - INFO - __main__ - <mask>, a tidal estuary in <mask>.
07/22/2022 07:34:12 - INFO - __main__ - <mask> is a small freshwater estuary in <mask>.
07/22/2022 07:34:12 - INFO - __main__ - <mask>'s name is a corruption of <mask>.
07/22/2022 07:34:12 - INFO - __main__ - <mask> is the son of the <mask>.
07/22/2022 07:34:12 - INFO - __main__ - <mask> is a variant of <mask>.
07/22/2022 07:34:12 - INFO - __main__ - <mask> is a short form of <mask>.
07/22/2022 07:34:12 - INFO - __main__ - <mask> na nóg is a mountain of the island of <mask>.
07/22/2022 07:34:12 - INFO - __main__ - <mask> is the son of the late lord <mask>.
07/22/2022 07:34:12 - INFO - __main__ - <mask> is a surname, derived from the gaelic word <mask>.
07/22/2022 07:34:12 - INFO - __main__ - ****************************
07/22/2022 07:34:12 - INFO - __main__ - *********References*********
07/22/2022 07:34:12 - INFO - __main__ - ['<mask> is part of <mask>.']
07/22/2022 07:34:12 - INFO - __main__ - ****************************
07/22/2022 07:34:18 - INFO - __main__ - ***********Input************
07/22/2022 07:34:18 - INFO - __main__ - <mask> ( born 23 august 1994 ) is an afghan international footballer who plays as a <mask> .
07/22/2022 07:34:18 - INFO - __main__ - *********Hypothesis*********
07/22/2022 07:34:18 - INFO - __main__ - <mask> started his career as a <mask>.
07/22/2022 07:34:18 - INFO - __main__ - <mask> plays as a <mask>.
07/22/2022 07:34:18 - INFO - __main__ - <mask> played as a <mask>.
07/22/2022 07:34:18 - INFO - __main__ - <mask> is a <mask>.
07/22/2022 07:34:18 - INFO - __main__ - ****************************
07/22/2022 07:34:18 - INFO - __main__ - *********References*********
07/22/2022 07:34:18 - INFO - __main__ - ['<mask> plays in <mask> position.']
07/22/2022 07:34:18 - INFO - __main__ - ****************************
07/22/2022 07:34:23 - INFO - __main__ - ***********Input************
07/22/2022 07:34:23 - INFO - __main__ - the company was formed by steve nardelli and <mask> of the psychedelic prog band <mask> .
07/22/2022 07:34:23 - INFO - __main__ - *********Hypothesis*********
07/22/2022 07:34:23 - INFO - __main__ - <mask>, the leader of the <mask>.
07/22/2022 07:34:23 - INFO - __main__ - <mask>, the lead singer of <mask>.
07/22/2022 07:34:23 - INFO - __main__ - <mask>, lead singer and guitarist of <mask>.
07/22/2022 07:34:23 - INFO - __main__ - <mask> was an <mask>.
07/22/2022 07:34:23 - INFO - __main__ - <mask> was a member of <mask>.
07/22/2022 07:34:23 - INFO - __main__ - <mask> was a member of the <mask>.
07/22/2022 07:34:23 - INFO - __main__ - <mask> is the lead guitarist for <mask>.
07/22/2022 07:34:23 - INFO - __main__ - <mask> is a member of <mask>.
07/22/2022 07:34:23 - INFO - __main__ - <mask> is a member of the band <mask>.
07/22/2022 07:34:23 - INFO - __main__ - <mask> is a former <mask>.
07/22/2022 07:34:23 - INFO - __main__ - ****************************
07/22/2022 07:34:23 - INFO - __main__ - *********References*********
07/22/2022 07:34:23 - INFO - __main__ - ['<mask> is a member of <mask>.']
07/22/2022 07:34:23 - INFO - __main__ - ****************************
07/22/2022 07:34:28 - INFO - __main__ - ***********Input************
07/22/2022 07:34:28 - INFO - __main__ - the <mask> ( ) metro station is located on the red line of the <mask> .
07/22/2022 07:34:28 - INFO - __main__ - *********Hypothesis*********
07/22/2022 07:34:28 - INFO - __main__ - <mask> is a station of the <mask>.
07/22/2022 07:34:28 - INFO - __main__ - <mask>'s metro system is a part of the <mask>.
07/22/2022 07:34:28 - INFO - __main__ - <mask> metro station is a station on the line of <mask>.
07/22/2022 07:34:28 - INFO - __main__ - <mask> metro station is a station of the <mask>.
07/22/2022 07:34:28 - INFO - __main__ - <mask> metro station is a station of <mask>.
07/22/2022 07:34:28 - INFO - __main__ - <mask> is the terminus of the line of <mask>.
07/22/2022 07:34:28 - INFO - __main__ - <mask> is served by the minsk–minsk <mask>.
07/22/2022 07:34:28 - INFO - __main__ - <mask> was a station on the <mask>.
07/22/2022 07:34:28 - INFO - __main__ - <mask> is the headquarters of <mask>.
07/22/2022 07:34:28 - INFO - __main__ - <mask> is a station of <mask>.
07/22/2022 07:34:28 - INFO - __main__ - ****************************
07/22/2022 07:34:28 - INFO - __main__ - *********References*********
07/22/2022 07:34:28 - INFO - __main__ - ['<mask> is part of <mask>.']
07/22/2022 07:34:28 - INFO - __main__ - ****************************
07/22/2022 07:34:34 - INFO - __main__ - ***********Input************
07/22/2022 07:34:34 - INFO - __main__ - kane 's ultimate version was introduced in " ultimate x - men " # 76 , where he is once again a partner to <mask> , domino and the other <mask> team members .
07/22/2022 07:34:34 - INFO - __main__ - *********Hypothesis*********
07/22/2022 07:34:34 - INFO - __main__ - <mask>, you're not going to be able to stop the other <mask>.
07/22/2022 07:34:34 - INFO - __main__ - <mask>'s face was still red from the beating he 'd taken from <mask>.
07/22/2022 07:34:34 - INFO - __main__ - <mask>'s eyes were wide as he stared at the group of <mask>.
07/22/2022 07:34:34 - INFO - __main__ - <mask> wasn't sure what to make of the new <mask>.
07/22/2022 07:34:34 - INFO - __main__ - <mask> was a member of the elite group of <mask>.
07/22/2022 07:34:34 - INFO - __main__ - <mask> looked at the other <mask>.
07/22/2022 07:34:34 - INFO - __main__ - <mask> had been a member of the original <mask>.
07/22/2022 07:34:34 - INFO - __main__ - <mask> and i were the only ones who knew about <mask>.
07/22/2022 07:34:34 - INFO - __main__ - ****************************
07/22/2022 07:34:34 - INFO - __main__ - *********References*********
07/22/2022 07:34:34 - INFO - __main__ - ['<mask> is a member of <mask>.']
07/22/2022 07:34:34 - INFO - __main__ - ****************************
07/22/2022 07:34:43 - INFO - __main__ - ***********Input************
07/22/2022 07:34:43 - INFO - __main__ - <mask> ( born 15 december 1990 in plymouth , trinidad and tobago ) , is an international football player from trinidad and tobagosoca warriors who plays as a <mask> for juticalpa .
07/22/2022 07:34:43 - INFO - __main__ - *********Hypothesis*********
07/22/2022 07:34:43 - INFO - __main__ - <mask> was the team's <mask>.
07/22/2022 07:34:43 - INFO - __main__ - <mask> played as a <mask>.
07/22/2022 07:34:43 - INFO - __main__ - <mask>: forward and <mask>.
07/22/2022 07:34:43 - INFO - __main__ - <mask>, footballer who plays as a <mask>.
07/22/2022 07:34:43 - INFO - __main__ - <mask> started his career as a <mask>.
07/22/2022 07:34:43 - INFO - __main__ - <mask> is a <mask>.
07/22/2022 07:34:43 - INFO - __main__ - ****************************
07/22/2022 07:34:43 - INFO - __main__ - *********References*********
07/22/2022 07:34:43 - INFO - __main__ - ['<mask> plays in <mask> position.']
07/22/2022 07:34:43 - INFO - __main__ - ****************************
07/22/2022 07:34:48 - INFO - __main__ - ***********Input************
07/22/2022 07:34:48 - INFO - __main__ - <mask> ( born 14 september 1995 ) is a scottish professional footballer who plays as a <mask> for kilmarnock , on loan from newcastle united .
07/22/2022 07:34:48 - INFO - __main__ - *********Hypothesis*********
07/22/2022 07:34:48 - INFO - __main__ - <mask> – former professional <mask>.
07/22/2022 07:34:48 - INFO - __main__ - <mask>, footballer who plays as a <mask>.
07/22/2022 07:34:48 - INFO - __main__ - <mask> – professional footballer who plays as a <mask>.
07/22/2022 07:34:48 - INFO - __main__ - <mask> – for services to the community as a <mask>.
07/22/2022 07:34:48 - INFO - __main__ - <mask> was an all-ireland runner-up as a <mask>.
07/22/2022 07:34:48 - INFO - __main__ - <mask> was a right-handed <mask>.
07/22/2022 07:34:48 - INFO - __main__ - <mask> played as a <mask>.
07/22/2022 07:34:48 - INFO - __main__ - <mask> is a professional footballer who plays as a <mask>.
07/22/2022 07:34:48 - INFO - __main__ - <mask> is a former professional footballer who played as <mask>.
07/22/2022 07:34:48 - INFO - __main__ - <mask> is a former professional <mask>.
07/22/2022 07:34:48 - INFO - __main__ - ****************************
07/22/2022 07:34:48 - INFO - __main__ - *********References*********
07/22/2022 07:34:48 - INFO - __main__ - ['<mask> plays in <mask> position.']
07/22/2022 07:34:48 - INFO - __main__ - ****************************
07/22/2022 07:34:54 - INFO - __main__ - ***********Input************
07/22/2022 07:34:54 - INFO - __main__ - <mask> ( 15 september 1930 – 12 january 2006 ) was a swiss football <mask> who played for switzerland in the 1962 fifa world cup .
07/22/2022 07:34:54 - INFO - __main__ - *********Hypothesis*********
07/22/2022 07:34:54 - INFO - __main__ - <mask>, footballer who plays as a <mask>.
07/22/2022 07:34:54 - INFO - __main__ - <mask> started his career as a <mask>.
07/22/2022 07:34:54 - INFO - __main__ - <mask> played as a <mask>.
07/22/2022 07:34:54 - INFO - __main__ - <mask> is a former <mask>.
07/22/2022 07:34:54 - INFO - __main__ - <mask> is a <mask>.
07/22/2022 07:34:54 - INFO - __main__ - ****************************
07/22/2022 07:34:54 - INFO - __main__ - *********References*********
07/22/2022 07:34:54 - INFO - __main__ - ['<mask> plays in <mask> position.']
07/22/2022 07:34:54 - INFO - __main__ - ****************************
07/22/2022 07:34:59 - INFO - __main__ - ***********Input************
07/22/2022 07:34:59 - INFO - __main__ - he belonged to the <mask> , of <mask> and bernard silvestris .
07/22/2022 07:34:59 - INFO - __main__ - *********Hypothesis*********
07/22/2022 07:34:59 - INFO - __main__ - <mask>'s name is synonymous with <mask>.
07/22/2022 07:34:59 - INFO - __main__ - <mask> was a member of <mask>.
07/22/2022 07:34:59 - INFO - __main__ - <mask> is a genus of moths in <mask>.
07/22/2022 07:34:59 - INFO - __main__ - <mask> p. p., <mask>.
07/22/2022 07:34:59 - INFO - __main__ - <mask> is the only official language of <mask>.
07/22/2022 07:34:59 - INFO - __main__ - <mask> is the most common name for <mask>.
07/22/2022 07:34:59 - INFO - __main__ - <mask>: the name is <mask>.
07/22/2022 07:34:59 - INFO - __main__ - <mask> is the most common name for the <mask>.
07/22/2022 07:34:59 - INFO - __main__ - <mask>, a., et al., <mask>.
07/22/2022 07:34:59 - INFO - __main__ - <mask> l. l., <mask>.
07/22/2022 07:34:59 - INFO - __main__ - ****************************
07/22/2022 07:34:59 - INFO - __main__ - *********References*********
07/22/2022 07:34:59 - INFO - __main__ - ['<mask> is a member of <mask>.']
07/22/2022 07:34:59 - INFO - __main__ - ****************************
07/22/2022 07:34:59 - INFO - __main__ - Task: fewrel
07/22/2022 07:34:59 - INFO - __main__ - bleu-4: 0.02733129917917945
07/22/2022 07:34:59 - INFO - __main__ - bleu-3: 0.0476199567318134
07/22/2022 07:34:59 - INFO - __main__ - bleu-2: 0.14223053568055583
07/22/2022 07:34:59 - INFO - __main__ - bleu-1: 0.3422512033840659
07/22/2022 07:34:59 - INFO - __main__ - METEOR: 0.32212155290974814
07/22/2022 07:34:59 - INFO - __main__ - ROUGE-L: 0.44770072731399724
07/22/2022 07:34:59 - INFO - __main__ - entailment score(mean-mean): 0.27203022335492405
07/22/2022 07:34:59 - INFO - __main__ - entailment score(mean-max): 0.6713905850308948
07/22/2022 07:34:59 - INFO - __main__ - entailment score(mean-min): 0.018845649084687464
07/22/2022 07:34:59 - INFO - __main__ - self-BLEU-2: 0.8710735538549412
07/22/2022 07:34:59 - INFO - __main__ - avg: 0.22154254586655997
07/22/2022 07:34:59 - INFO - __main__ - *******************************************************
07/22/2022 07:34:59 - INFO - __main__ - *******************************************************
07/22/2022 07:34:59 - INFO - __main__ - *******************************************************
