07/23/2022 03:05:46 - INFO - __main__ - **************** MODEL CONFIGURATION ****************
07/23/2022 03:05:46 - INFO - __main__ - bart_training             -->   True
07/23/2022 03:05:46 - INFO - __main__ - device                    -->   0
07/23/2022 03:05:46 - INFO - __main__ - dpp                       -->   True
07/23/2022 03:05:46 - INFO - __main__ - group_beam                -->   True
07/23/2022 03:05:46 - INFO - __main__ - if_then                   -->   False
07/23/2022 03:05:46 - INFO - __main__ - inductor                  -->   rule
07/23/2022 03:05:46 - INFO - __main__ - log_dir                   -->   logs_new_new_new/
07/23/2022 03:05:46 - INFO - __main__ - log_name                  -->   fewrel-mc+gs+dpp
07/23/2022 03:05:46 - INFO - __main__ - mcgs                      -->   True
07/23/2022 03:05:46 - INFO - __main__ - mlm_training              -->   True
07/23/2022 03:05:46 - INFO - __main__ - task                      -->   fewrel
07/23/2022 03:05:46 - INFO - __main__ - **************** MODEL CONFIGURATION ****************
07/23/2022 03:06:58 - INFO - __main__ - ***********Input************
07/23/2022 03:06:58 - INFO - __main__ - his guitar work on the title track is credited as what first drew <mask> to him , who two years later invited allman to join him as part of <mask> .
07/23/2022 03:06:58 - INFO - __main__ - *********Hypothesis*********
07/23/2022 03:06:58 - INFO - __main__ - <mask>, you're not a member of <mask>.
07/23/2022 03:06:58 - INFO - __main__ - <mask>'s father was a member of <mask>.
07/23/2022 03:06:58 - INFO - __main__ - <mask> was a member of <mask>.
07/23/2022 03:06:58 - INFO - __main__ - <mask>, the drummer of <mask>.
07/23/2022 03:06:58 - INFO - __main__ - <mask> was the lead singer of <mask>.
07/23/2022 03:06:58 - INFO - __main__ - <mask> is a song by the rockman <mask>.
07/23/2022 03:06:58 - INFO - __main__ - <mask> is a song by <mask>.
07/23/2022 03:06:58 - INFO - __main__ - <mask> is the lead singer of <mask>.
07/23/2022 03:06:58 - INFO - __main__ - <mask> had been a member of <mask>.
07/23/2022 03:06:58 - INFO - __main__ - <mask> and his band were known as <mask>.
07/23/2022 03:06:58 - INFO - __main__ - ****************************
07/23/2022 03:06:58 - INFO - __main__ - *********References*********
07/23/2022 03:06:58 - INFO - __main__ - ['<mask> is a member of <mask>.']
07/23/2022 03:06:58 - INFO - __main__ - ****************************
07/23/2022 03:07:05 - INFO - __main__ - ***********Input************
07/23/2022 03:07:05 - INFO - __main__ - in the summer of 1944 it opposed the <mask> ’s <mask> during the lvov - sandomir strategic offensive operation ( 13 july - 29 august 1944 ) .
07/23/2022 03:07:05 - INFO - __main__ - *********Hypothesis*********
07/23/2022 03:07:05 - INFO - __main__ - <mask>: the name of the new <mask>.
07/23/2022 03:07:05 - INFO - __main__ - <mask>, however, was not a unified <mask>.
07/23/2022 03:07:05 - INFO - __main__ - <mask>'s military forces were in the process of being replaced by the new <mask>.
07/23/2022 03:07:05 - INFO - __main__ - <mask> was the only major power to have a regular <mask>.
07/23/2022 03:07:05 - INFO - __main__ - <mask> troops, however, were not as well trained as the regular <mask>.
07/23/2022 03:07:05 - INFO - __main__ - <mask> soldiers and civilians were killed, wounded, or captured by <mask>.
07/23/2022 03:07:05 - INFO - __main__ - <mask> forces were to be replaced by <mask>.
07/23/2022 03:07:05 - INFO - __main__ - <mask> were not allowed to fly in the newly formed <mask>.
07/23/2022 03:07:05 - INFO - __main__ - <mask> used the airfield as a base for their <mask>.
07/23/2022 03:07:05 - INFO - __main__ - <mask> in the area were not able to stop the advancing <mask>.
07/23/2022 03:07:05 - INFO - __main__ - ****************************
07/23/2022 03:07:05 - INFO - __main__ - *********References*********
07/23/2022 03:07:05 - INFO - __main__ - ['<mask> is part of <mask>.']
07/23/2022 03:07:05 - INFO - __main__ - ****************************
07/23/2022 03:07:12 - INFO - __main__ - ***********Input************
07/23/2022 03:07:12 - INFO - __main__ - the singles released from " <mask> " were " <mask> " , " stuck with me " , " brain stew / jaded " , and " walking contradiction " .
07/23/2022 03:07:12 - INFO - __main__ - *********Hypothesis*********
07/23/2022 03:07:12 - INFO - __main__ - <mask>: a life of <mask>.
07/23/2022 03:07:12 - INFO - __main__ - <mask> is the debut studio album by <mask>.
07/23/2022 03:07:12 - INFO - __main__ - <mask>: the best of <mask>.
07/23/2022 03:07:12 - INFO - __main__ - <mask> was followed by <mask>.
07/23/2022 03:07:12 - INFO - __main__ - <mask>: the other side <mask>.
07/23/2022 03:07:12 - INFO - __main__ - <mask> is the debut album by <mask>.
07/23/2022 03:07:12 - INFO - __main__ - <mask> is a compilation album by <mask>.
07/23/2022 03:07:12 - INFO - __main__ - <mask> was released on <mask>.
07/23/2022 03:07:12 - INFO - __main__ - <mask>: the best thing <mask>.
07/23/2022 03:07:12 - INFO - __main__ - ****************************
07/23/2022 03:07:12 - INFO - __main__ - *********References*********
07/23/2022 03:07:12 - INFO - __main__ - ['<mask> is part of <mask>.']
07/23/2022 03:07:12 - INFO - __main__ - ****************************
07/23/2022 03:07:15 - INFO - __main__ - ***********Input************
07/23/2022 03:07:15 - INFO - __main__ - the occupancy of the show surpassed the <mask> films <mask> and freaky ali .
07/23/2022 03:07:15 - INFO - __main__ - *********Hypothesis*********
07/23/2022 03:07:15 - INFO - __main__ - <mask>'s version is a parody of <mask>.
07/23/2022 03:07:15 - INFO - __main__ - <mask>'s most popular and popular film is <mask>.
07/23/2022 03:07:15 - INFO - __main__ - <mask> made a cameo appearance in the film <mask>.
07/23/2022 03:07:15 - INFO - __main__ - <mask> has been a major influence on <mask>.
07/23/2022 03:07:15 - INFO - __main__ - <mask> has a long history of using the word <mask>.
07/23/2022 03:07:15 - INFO - __main__ - <mask>'s most popular actor is <mask>.
07/23/2022 03:07:15 - INFO - __main__ - <mask> has a lot of great actors like <mask>.
07/23/2022 03:07:15 - INFO - __main__ - <mask> film director and producer <mask>.
07/23/2022 03:07:15 - INFO - __main__ - <mask> actor, director and producer <mask>.
07/23/2022 03:07:15 - INFO - __main__ - <mask> actor and director <mask>.
07/23/2022 03:07:15 - INFO - __main__ - ****************************
07/23/2022 03:07:15 - INFO - __main__ - *********References*********
07/23/2022 03:07:15 - INFO - __main__ - ['the original language of <mask> is <mask>.']
07/23/2022 03:07:15 - INFO - __main__ - ****************************
07/23/2022 03:07:19 - INFO - __main__ - ***********Input************
07/23/2022 03:07:19 - INFO - __main__ - it broadcasts mostly english language news and current affairs and also broadcasts <mask> the daily rté 1 <mask> language news television programme .
07/23/2022 03:07:19 - INFO - __main__ - *********Hypothesis*********
07/23/2022 03:07:19 - INFO - __main__ - <mask>, which broadcasts in <mask>.
07/23/2022 03:07:19 - INFO - __main__ - <mask>, however, continued to broadcast the series in <mask>.
07/23/2022 03:07:19 - INFO - __main__ - <mask> was the only international radio station to broadcast in <mask>.
07/23/2022 03:07:19 - INFO - __main__ - <mask> is an international radio station broadcasting in <mask>.
07/23/2022 03:07:19 - INFO - __main__ - <mask> is a radio station broadcasting in <mask>.
07/23/2022 03:07:19 - INFO - __main__ - <mask> has a news service that broadcasts in <mask>.
07/23/2022 03:07:19 - INFO - __main__ - <mask> broadcasts the show in <mask>.
07/23/2022 03:07:19 - INFO - __main__ - <mask> broadcasts the entire series in <mask>.
07/23/2022 03:07:19 - INFO - __main__ - <mask>, the official news agency of the country, is published in <mask>.
07/23/2022 03:07:19 - INFO - __main__ - <mask> is a national television channel broadcasting in <mask>.
07/23/2022 03:07:19 - INFO - __main__ - ****************************
07/23/2022 03:07:19 - INFO - __main__ - *********References*********
07/23/2022 03:07:19 - INFO - __main__ - ['the original language of <mask> is <mask>.']
07/23/2022 03:07:19 - INFO - __main__ - ****************************
07/23/2022 03:07:23 - INFO - __main__ - ***********Input************
07/23/2022 03:07:23 - INFO - __main__ - in 2009 to mark the 125th anniversary of the <mask> he was named by the irish news as one of the all - time best 125 footballers from <mask> .
07/23/2022 03:07:23 - INFO - __main__ - *********Hypothesis*********
07/23/2022 03:07:23 - INFO - __main__ - <mask>'s main aim is to promote the sport of gaelic football in <mask>.
07/23/2022 03:07:23 - INFO - __main__ - <mask> was a major source of income for the people of <mask>.
07/23/2022 03:07:23 - INFO - __main__ - <mask> is the official gaelic game of <mask>.
07/23/2022 03:07:23 - INFO - __main__ - <mask> is the national governing body for gaelic football in <mask>.
07/23/2022 03:07:23 - INFO - __main__ - <mask> is the governing body for gaelic football in <mask>.
07/23/2022 03:07:23 - INFO - __main__ - <mask> is a major sport in <mask>.
07/23/2022 03:07:23 - INFO - __main__ - <mask> has been a major source of income for the island of <mask>.
07/23/2022 03:07:23 - INFO - __main__ - <mask> football is the most popular sport in <mask>.
07/23/2022 03:07:23 - INFO - __main__ - <mask> competitions are played on a regional basis in <mask>.
07/23/2022 03:07:23 - INFO - __main__ - <mask> competitions are held in every county in <mask>.
07/23/2022 03:07:23 - INFO - __main__ - ****************************
07/23/2022 03:07:23 - INFO - __main__ - *********References*********
07/23/2022 03:07:23 - INFO - __main__ - ['<mask> is a member of <mask>.']
07/23/2022 03:07:23 - INFO - __main__ - ****************************
07/23/2022 03:07:30 - INFO - __main__ - ***********Input************
07/23/2022 03:07:30 - INFO - __main__ - as a sergeant in the australian imperial force , mcgee was awarded the victoria cross for his actions in the <mask> — part of the <mask> — on 4 october 1917 .
07/23/2022 03:07:30 - INFO - __main__ - *********Hypothesis*********
07/23/2022 03:07:30 - INFO - __main__ - <mask>'s final battle was <mask>.
07/23/2022 03:07:30 - INFO - __main__ - <mask>'s brigade was then sent to <mask>.
07/23/2022 03:07:30 - INFO - __main__ - <mask>'s brigade fought in the subsequent <mask>.
07/23/2022 03:07:30 - INFO - __main__ - <mask> was the last major battle of the entire <mask>.
07/23/2022 03:07:30 - INFO - __main__ - <mask> was part of <mask>.
07/23/2022 03:07:30 - INFO - __main__ - <mask> was a major part of the victorious <mask>.
07/23/2022 03:07:30 - INFO - __main__ - <mask> was a major part of the <mask>.
07/23/2022 03:07:30 - INFO - __main__ - <mask> was a major battle in the early <mask>.
07/23/2022 03:07:30 - INFO - __main__ - <mask> fought in <mask>.
07/23/2022 03:07:30 - INFO - __main__ - <mask> and the <mask>.
07/23/2022 03:07:30 - INFO - __main__ - ****************************
07/23/2022 03:07:30 - INFO - __main__ - *********References*********
07/23/2022 03:07:30 - INFO - __main__ - ['<mask> is part of <mask>.']
07/23/2022 03:07:30 - INFO - __main__ - ****************************
07/23/2022 03:07:36 - INFO - __main__ - ***********Input************
07/23/2022 03:07:36 - INFO - __main__ - petrovic made her on – screen debut with a small role in " <mask> " , a 2007 <mask> film directed by milčo mančevski .
07/23/2022 03:07:36 - INFO - __main__ - *********Hypothesis*********
07/23/2022 03:07:36 - INFO - __main__ - <mask>'s name means "the one who is brave" in <mask>.
07/23/2022 03:07:36 - INFO - __main__ - <mask>'s father was a priest and his mother was <mask>.
07/23/2022 03:07:36 - INFO - __main__ - <mask>'s name means "city of the stars" in <mask>.
07/23/2022 03:07:36 - INFO - __main__ - <mask> is the most popular language in the country, followed by <mask>.
07/23/2022 03:07:36 - INFO - __main__ - <mask> is the capital of the country and the official language is <mask>.
07/23/2022 03:07:36 - INFO - __main__ - <mask> has a large number of dialects of <mask>.
07/23/2022 03:07:36 - INFO - __main__ - <mask>'s name means "the one who is the most beautiful" in <mask>.
07/23/2022 03:07:36 - INFO - __main__ - <mask> was born in a family of <mask>.
07/23/2022 03:07:36 - INFO - __main__ - <mask> is the name of a number of people in <mask>.
07/23/2022 03:07:36 - INFO - __main__ - <mask> is a surname, meaning "the one who is a shepherd" in <mask>.
07/23/2022 03:07:36 - INFO - __main__ - ****************************
07/23/2022 03:07:36 - INFO - __main__ - *********References*********
07/23/2022 03:07:36 - INFO - __main__ - ['the original language of <mask> is <mask>.']
07/23/2022 03:07:36 - INFO - __main__ - ****************************
07/23/2022 03:07:42 - INFO - __main__ - ***********Input************
07/23/2022 03:07:42 - INFO - __main__ - the film is a remake of <mask> movie " <mask> " , starring krishnam raju , jayasudha in the lead roles .
07/23/2022 03:07:42 - INFO - __main__ - *********Hypothesis*********
07/23/2022 03:07:42 - INFO - __main__ - <mask> was spoken by the majority of the population, followed by <mask>.
07/23/2022 03:07:42 - INFO - __main__ - <mask> version of the film was titled <mask>.
07/23/2022 03:07:42 - INFO - __main__ - <mask> is the official language of <mask>.
07/23/2022 03:07:42 - INFO - __main__ - <mask> is the native language of <mask>.
07/23/2022 03:07:42 - INFO - __main__ - <mask> is the mother tongue of the people and the main language is <mask>.
07/23/2022 03:07:42 - INFO - __main__ - <mask> has a similar word <mask>.
07/23/2022 03:07:42 - INFO - __main__ - <mask> has a similar system to <mask>.
07/23/2022 03:07:42 - INFO - __main__ - <mask> film industry is the largest industry in <mask>.
07/23/2022 03:07:42 - INFO - __main__ - <mask> literature is the language of the epic <mask>.
07/23/2022 03:07:42 - INFO - __main__ - <mask> is the language of the epic <mask>.
07/23/2022 03:07:42 - INFO - __main__ - ****************************
07/23/2022 03:07:42 - INFO - __main__ - *********References*********
07/23/2022 03:07:42 - INFO - __main__ - ['the original language of <mask> is <mask>.']
07/23/2022 03:07:42 - INFO - __main__ - ****************************
07/23/2022 03:07:47 - INFO - __main__ - ***********Input************
07/23/2022 03:07:47 - INFO - __main__ - fear and trembling ( original title : <mask> ) is a 2003 <mask> film based on the novel of the same name by amélie nothomb .
07/23/2022 03:07:47 - INFO - __main__ - *********Hypothesis*********
07/23/2022 03:07:47 - INFO - __main__ - <mask>, meaning "beautiful" in <mask>.
07/23/2022 03:07:47 - INFO - __main__ - <mask>'s name means "beautiful" in <mask>.
07/23/2022 03:07:47 - INFO - __main__ - <mask> means "lovely" or "beautiful" in <mask>.
07/23/2022 03:07:47 - INFO - __main__ - <mask> means "beautiful" in <mask>.
07/23/2022 03:07:47 - INFO - __main__ - <mask> is the name of a female given name in <mask>.
07/23/2022 03:07:47 - INFO - __main__ - <mask>, meaning "the one who is not afraid" in <mask>.
07/23/2022 03:07:47 - INFO - __main__ - <mask>'s name means "the one who is not afraid" in <mask>.
07/23/2022 03:07:47 - INFO - __main__ - <mask> means "the one who is not afraid" in <mask>.
07/23/2022 03:07:47 - INFO - __main__ - <mask> is the name of a number of books in <mask>.
07/23/2022 03:07:47 - INFO - __main__ - <mask> is a feminine given name in <mask>.
07/23/2022 03:07:47 - INFO - __main__ - ****************************
07/23/2022 03:07:47 - INFO - __main__ - *********References*********
07/23/2022 03:07:47 - INFO - __main__ - ['the original language of <mask> is <mask>.']
07/23/2022 03:07:47 - INFO - __main__ - ****************************
07/23/2022 03:07:54 - INFO - __main__ - ***********Input************
07/23/2022 03:07:54 - INFO - __main__ - <mask> ( born 10 january 1990 ) is a german footballer who plays as a <mask> for spvgg unterhaching .
07/23/2022 03:07:54 - INFO - __main__ - *********Hypothesis*********
07/23/2022 03:07:54 - INFO - __main__ - <mask>, professional footballer, <mask>.
07/23/2022 03:07:54 - INFO - __main__ - <mask>, footballer who plays as a <mask>.
07/23/2022 03:07:54 - INFO - __main__ - <mask> was a <mask>.
07/23/2022 03:07:54 - INFO - __main__ - <mask> started his career as a <mask>.
07/23/2022 03:07:54 - INFO - __main__ - <mask> played as a <mask>.
07/23/2022 03:07:54 - INFO - __main__ - <mask> is a <mask>.
07/23/2022 03:07:54 - INFO - __main__ - <mask>: forward and <mask>.
07/23/2022 03:07:54 - INFO - __main__ - <mask> plays as a <mask>.
07/23/2022 03:07:54 - INFO - __main__ - ****************************
07/23/2022 03:07:54 - INFO - __main__ - *********References*********
07/23/2022 03:07:54 - INFO - __main__ - ['<mask> plays in <mask> position.']
07/23/2022 03:07:54 - INFO - __main__ - ****************************
07/23/2022 03:08:00 - INFO - __main__ - ***********Input************
07/23/2022 03:08:00 - INFO - __main__ - wester ross is well known for its mountain scenery , especially the <mask> which includes such peaks as beinn eighe and <mask> .
07/23/2022 03:08:00 - INFO - __main__ - *********Hypothesis*********
07/23/2022 03:08:00 - INFO - __main__ - <mask>: a view from <mask>.
07/23/2022 03:08:00 - INFO - __main__ - <mask>: a short walk from <mask>.
07/23/2022 03:08:00 - INFO - __main__ - <mask> – the forth and forth north of <mask>.
07/23/2022 03:08:00 - INFO - __main__ - <mask> to the west of <mask>.
07/23/2022 03:08:00 - INFO - __main__ - <mask> is located to the north of <mask>.
07/23/2022 03:08:00 - INFO - __main__ - <mask> and the surrounding area is known as <mask>.
07/23/2022 03:08:00 - INFO - __main__ - <mask>'s name is derived from <mask>.
07/23/2022 03:08:00 - INFO - __main__ - <mask> was the son of <mask>.
07/23/2022 03:08:00 - INFO - __main__ - <mask> is a short form of <mask>.
07/23/2022 03:08:00 - INFO - __main__ - <mask> has been the subject of several works by <mask>.
07/23/2022 03:08:00 - INFO - __main__ - ****************************
07/23/2022 03:08:00 - INFO - __main__ - *********References*********
07/23/2022 03:08:00 - INFO - __main__ - ['<mask> is part of <mask>.']
07/23/2022 03:08:00 - INFO - __main__ - ****************************
07/23/2022 03:08:06 - INFO - __main__ - ***********Input************
07/23/2022 03:08:06 - INFO - __main__ - <mask> ( born 23 august 1994 ) is an afghan international footballer who plays as a <mask> .
07/23/2022 03:08:06 - INFO - __main__ - *********Hypothesis*********
07/23/2022 03:08:06 - INFO - __main__ - <mask> started his career as a <mask>.
07/23/2022 03:08:06 - INFO - __main__ - <mask> plays as a <mask>.
07/23/2022 03:08:06 - INFO - __main__ - <mask> played as a <mask>.
07/23/2022 03:08:06 - INFO - __main__ - <mask> is a <mask>.
07/23/2022 03:08:06 - INFO - __main__ - <mask> began his career as a <mask>.
07/23/2022 03:08:06 - INFO - __main__ - ****************************
07/23/2022 03:08:06 - INFO - __main__ - *********References*********
07/23/2022 03:08:06 - INFO - __main__ - ['<mask> plays in <mask> position.']
07/23/2022 03:08:06 - INFO - __main__ - ****************************
07/23/2022 03:08:11 - INFO - __main__ - ***********Input************
07/23/2022 03:08:11 - INFO - __main__ - the company was formed by steve nardelli and <mask> of the psychedelic prog band <mask> .
07/23/2022 03:08:11 - INFO - __main__ - *********Hypothesis*********
07/23/2022 03:08:11 - INFO - __main__ - <mask> was an <mask>.
07/23/2022 03:08:11 - INFO - __main__ - <mask> was a member of <mask>.
07/23/2022 03:08:11 - INFO - __main__ - <mask> was a member of the <mask>.
07/23/2022 03:08:11 - INFO - __main__ - <mask> is a native <mask>.
07/23/2022 03:08:11 - INFO - __main__ - <mask> is a member of the <mask>.
07/23/2022 03:08:11 - INFO - __main__ - <mask> is a former <mask>.
07/23/2022 03:08:11 - INFO - __main__ - <mask> had been a member of the <mask>.
07/23/2022 03:08:11 - INFO - __main__ - <mask> and his wife were <mask>.
07/23/2022 03:08:11 - INFO - __main__ - <mask> and his brother were <mask>.
07/23/2022 03:08:11 - INFO - __main__ - ****************************
07/23/2022 03:08:11 - INFO - __main__ - *********References*********
07/23/2022 03:08:11 - INFO - __main__ - ['<mask> is a member of <mask>.']
07/23/2022 03:08:11 - INFO - __main__ - ****************************
07/23/2022 03:08:18 - INFO - __main__ - ***********Input************
07/23/2022 03:08:18 - INFO - __main__ - the <mask> ( ) metro station is located on the red line of the <mask> .
07/23/2022 03:08:18 - INFO - __main__ - *********Hypothesis*********
07/23/2022 03:08:18 - INFO - __main__ - <mask>: deutsche oper <mask>.
07/23/2022 03:08:18 - INFO - __main__ - <mask> station is a metro station on line 1 of <mask>.
07/23/2022 03:08:18 - INFO - __main__ - <mask> metro station is a station on the södra line of <mask>.
07/23/2022 03:08:18 - INFO - __main__ - <mask> is a station on line 1 of <mask>.
07/23/2022 03:08:18 - INFO - __main__ - <mask> is a metro station on line 1 of <mask>.
07/23/2022 03:08:18 - INFO - __main__ - <mask> metro station is a station on the line <mask>.
07/23/2022 03:08:18 - INFO - __main__ - <mask> metro station is a station of <mask>.
07/23/2022 03:08:18 - INFO - __main__ - <mask> metro is a rapid transit system, a branch of <mask>.
07/23/2022 03:08:18 - INFO - __main__ - <mask> metro station is a station on the planned <mask>.
07/23/2022 03:08:18 - INFO - __main__ - <mask> is a station on the planned <mask>.
07/23/2022 03:08:18 - INFO - __main__ - ****************************
07/23/2022 03:08:18 - INFO - __main__ - *********References*********
07/23/2022 03:08:18 - INFO - __main__ - ['<mask> is part of <mask>.']
07/23/2022 03:08:18 - INFO - __main__ - ****************************
07/23/2022 03:08:23 - INFO - __main__ - ***********Input************
07/23/2022 03:08:23 - INFO - __main__ - kane 's ultimate version was introduced in " ultimate x - men " # 76 , where he is once again a partner to <mask> , domino and the other <mask> team members .
07/23/2022 03:08:23 - INFO - __main__ - *********Hypothesis*********
07/23/2022 03:08:23 - INFO - __main__ - <mask>, you're not going to be able to stop the other <mask>.
07/23/2022 03:08:23 - INFO - __main__ - <mask>'s face was still red from the beating he 'd taken from <mask>.
07/23/2022 03:08:23 - INFO - __main__ - <mask>'s eyes were wide as he stared at the group of <mask>.
07/23/2022 03:08:23 - INFO - __main__ - <mask> wasn't sure what to make of the new <mask>.
07/23/2022 03:08:23 - INFO - __main__ - <mask> was a member of the elite group of <mask>.
07/23/2022 03:08:23 - INFO - __main__ - <mask> looked at the other <mask>.
07/23/2022 03:08:23 - INFO - __main__ - <mask> had been a member of the original <mask>.
07/23/2022 03:08:23 - INFO - __main__ - <mask> and i were the only ones who knew about <mask>.
07/23/2022 03:08:23 - INFO - __main__ - ****************************
07/23/2022 03:08:23 - INFO - __main__ - *********References*********
07/23/2022 03:08:23 - INFO - __main__ - ['<mask> is a member of <mask>.']
07/23/2022 03:08:23 - INFO - __main__ - ****************************
07/23/2022 03:08:32 - INFO - __main__ - ***********Input************
07/23/2022 03:08:32 - INFO - __main__ - <mask> ( born 15 december 1990 in plymouth , trinidad and tobago ) , is an international football player from trinidad and tobagosoca warriors who plays as a <mask> for juticalpa .
07/23/2022 03:08:32 - INFO - __main__ - *********Hypothesis*********
07/23/2022 03:08:32 - INFO - __main__ - <mask> started his career as a <mask>.
07/23/2022 03:08:32 - INFO - __main__ - <mask> is a <mask>.
07/23/2022 03:08:32 - INFO - __main__ - <mask> played as a <mask>.
07/23/2022 03:08:32 - INFO - __main__ - ****************************
07/23/2022 03:08:32 - INFO - __main__ - *********References*********
07/23/2022 03:08:32 - INFO - __main__ - ['<mask> plays in <mask> position.']
07/23/2022 03:08:32 - INFO - __main__ - ****************************
07/23/2022 03:08:38 - INFO - __main__ - ***********Input************
07/23/2022 03:08:38 - INFO - __main__ - <mask> ( born 14 september 1995 ) is a scottish professional footballer who plays as a <mask> for kilmarnock , on loan from newcastle united .
07/23/2022 03:08:38 - INFO - __main__ - *********Hypothesis*********
07/23/2022 03:08:38 - INFO - __main__ - <mask>, professional footballer, <mask>.
07/23/2022 03:08:38 - INFO - __main__ - <mask> played as a <mask>.
07/23/2022 03:08:38 - INFO - __main__ - <mask> is a former professional <mask>.
07/23/2022 03:08:38 - INFO - __main__ - <mask> – former professional football <mask>.
07/23/2022 03:08:38 - INFO - __main__ - <mask>, professional footballer who plays as a <mask>.
07/23/2022 03:08:38 - INFO - __main__ - <mask>, footballer who plays as a <mask>.
07/23/2022 03:08:38 - INFO - __main__ - <mask> – former professional <mask>.
07/23/2022 03:08:38 - INFO - __main__ - <mask> was the club's most successful <mask>.
07/23/2022 03:08:38 - INFO - __main__ - <mask> is a professional footballer who plays as a <mask>.
07/23/2022 03:08:38 - INFO - __main__ - <mask> is a former professional footballer who played as a <mask>.
07/23/2022 03:08:38 - INFO - __main__ - ****************************
07/23/2022 03:08:38 - INFO - __main__ - *********References*********
07/23/2022 03:08:38 - INFO - __main__ - ['<mask> plays in <mask> position.']
07/23/2022 03:08:38 - INFO - __main__ - ****************************
07/23/2022 03:08:45 - INFO - __main__ - ***********Input************
07/23/2022 03:08:45 - INFO - __main__ - <mask> ( 15 september 1930 – 12 january 2006 ) was a swiss football <mask> who played for switzerland in the 1962 fifa world cup .
07/23/2022 03:08:45 - INFO - __main__ - *********Hypothesis*********
07/23/2022 03:08:45 - INFO - __main__ - <mask>, professional footballer, played <mask>.
07/23/2022 03:08:45 - INFO - __main__ - <mask> started his career as a <mask>.
07/23/2022 03:08:45 - INFO - __main__ - <mask>, footballer who plays as a <mask>.
07/23/2022 03:08:45 - INFO - __main__ - <mask> played as a <mask>.
07/23/2022 03:08:45 - INFO - __main__ - <mask> is a <mask>.
07/23/2022 03:08:45 - INFO - __main__ - <mask>, professional footballer, <mask>.
07/23/2022 03:08:45 - INFO - __main__ - <mask> was a <mask>.
07/23/2022 03:08:45 - INFO - __main__ - ****************************
07/23/2022 03:08:45 - INFO - __main__ - *********References*********
07/23/2022 03:08:45 - INFO - __main__ - ['<mask> plays in <mask> position.']
07/23/2022 03:08:45 - INFO - __main__ - ****************************
07/23/2022 03:08:51 - INFO - __main__ - ***********Input************
07/23/2022 03:08:51 - INFO - __main__ - he belonged to the <mask> , of <mask> and bernard silvestris .
07/23/2022 03:08:51 - INFO - __main__ - *********Hypothesis*********
07/23/2022 03:08:51 - INFO - __main__ - <mask> lutea is a species of orchid native to <mask>.
07/23/2022 03:08:51 - INFO - __main__ - <mask> is a genus of flowering plants native to <mask>.
07/23/2022 03:08:51 - INFO - __main__ - <mask>, which was then part of <mask>.
07/23/2022 03:08:51 - INFO - __main__ - <mask>'s name was changed to <mask>.
07/23/2022 03:08:51 - INFO - __main__ - <mask> was the name of a state in <mask>.
07/23/2022 03:08:51 - INFO - __main__ - <mask> was a part of <mask>.
07/23/2022 03:08:51 - INFO - __main__ - <mask> of bad kreuznach, now part of <mask>.
07/23/2022 03:08:51 - INFO - __main__ - <mask> was an early member of <mask>.
07/23/2022 03:08:51 - INFO - __main__ - <mask> is a genus of moths of <mask>.
07/23/2022 03:08:51 - INFO - __main__ - <mask>, m., & s. <mask>.
07/23/2022 03:08:51 - INFO - __main__ - ****************************
07/23/2022 03:08:51 - INFO - __main__ - *********References*********
07/23/2022 03:08:51 - INFO - __main__ - ['<mask> is a member of <mask>.']
07/23/2022 03:08:51 - INFO - __main__ - ****************************
07/23/2022 03:08:51 - INFO - __main__ - Task: fewrel
07/23/2022 03:08:51 - INFO - __main__ - bleu-4: 0.016620206266649916
07/23/2022 03:08:51 - INFO - __main__ - bleu-3: 0.04458125222829819
07/23/2022 03:08:51 - INFO - __main__ - bleu-2: 0.13121453380837664
07/23/2022 03:08:51 - INFO - __main__ - bleu-1: 0.3314793341417676
07/23/2022 03:08:51 - INFO - __main__ - METEOR: 0.308775156810875
07/23/2022 03:08:51 - INFO - __main__ - ROUGE-L: 0.43463895454832374
07/23/2022 03:08:51 - INFO - __main__ - entailment score(mean-mean): 0.24411078663113625
07/23/2022 03:08:51 - INFO - __main__ - entailment score(mean-max): 0.6667699866811745
07/23/2022 03:08:51 - INFO - __main__ - entailment score(mean-min): 0.018859429580334108
07/23/2022 03:08:51 - INFO - __main__ - self-BLEU-2: 0.8811308128128094
07/23/2022 03:08:51 - INFO - __main__ - avg: 0.2112182396340485
07/23/2022 03:08:51 - INFO - __main__ - *******************************************************
07/23/2022 03:08:51 - INFO - __main__ - *******************************************************
07/23/2022 03:08:51 - INFO - __main__ - *******************************************************
07/23/2022 03:09:12 - INFO - __main__ - **************** MODEL CONFIGURATION ****************
07/23/2022 03:09:12 - INFO - __main__ - bart_training             -->   True
07/23/2022 03:09:12 - INFO - __main__ - device                    -->   0
07/23/2022 03:09:12 - INFO - __main__ - dpp                       -->   True
07/23/2022 03:09:12 - INFO - __main__ - group_beam                -->   True
07/23/2022 03:09:12 - INFO - __main__ - if_then                   -->   False
07/23/2022 03:09:12 - INFO - __main__ - inductor                  -->   rule
07/23/2022 03:09:12 - INFO - __main__ - log_dir                   -->   logs_new_new_new/
07/23/2022 03:09:12 - INFO - __main__ - log_name                  -->   fewrel-mc+gs+dpp
07/23/2022 03:09:12 - INFO - __main__ - mcgs                      -->   True
07/23/2022 03:09:12 - INFO - __main__ - mlm_training              -->   True
07/23/2022 03:09:12 - INFO - __main__ - task                      -->   fewrel
07/23/2022 03:09:12 - INFO - __main__ - **************** MODEL CONFIGURATION ****************
07/23/2022 03:10:28 - INFO - __main__ - ***********Input************
07/23/2022 03:10:28 - INFO - __main__ - his guitar work on the title track is credited as what first drew <mask> to him , who two years later invited allman to join him as part of <mask> .
07/23/2022 03:10:28 - INFO - __main__ - *********Hypothesis*********
07/23/2022 03:10:28 - INFO - __main__ - <mask>, you're not a member of <mask>.
07/23/2022 03:10:28 - INFO - __main__ - <mask>'s father was a member of <mask>.
07/23/2022 03:10:28 - INFO - __main__ - <mask> was a member of <mask>.
07/23/2022 03:10:28 - INFO - __main__ - <mask>, the lead singer of <mask>.
07/23/2022 03:10:28 - INFO - __main__ - <mask> was the drummer for the rock band <mask>.
07/23/2022 03:10:28 - INFO - __main__ - <mask> is a song by <mask>.
07/23/2022 03:10:28 - INFO - __main__ - <mask> had been a fan of <mask>.
07/23/2022 03:10:28 - INFO - __main__ - <mask> is the lead singer of <mask>.
07/23/2022 03:10:28 - INFO - __main__ - <mask> had been a member of <mask>.
07/23/2022 03:10:28 - INFO - __main__ - <mask> and his band were known as <mask>.
07/23/2022 03:10:28 - INFO - __main__ - ****************************
07/23/2022 03:10:28 - INFO - __main__ - *********References*********
07/23/2022 03:10:28 - INFO - __main__ - ['<mask> is a member of <mask>.']
07/23/2022 03:10:28 - INFO - __main__ - ****************************
07/23/2022 03:10:35 - INFO - __main__ - ***********Input************
07/23/2022 03:10:35 - INFO - __main__ - in the summer of 1944 it opposed the <mask> ’s <mask> during the lvov - sandomir strategic offensive operation ( 13 july - 29 august 1944 ) .
07/23/2022 03:10:35 - INFO - __main__ - *********Hypothesis*********
07/23/2022 03:10:35 - INFO - __main__ - <mask>, however, was not a unified <mask>.
07/23/2022 03:10:35 - INFO - __main__ - <mask>'s military forces were in turn replaced by the new <mask>.
07/23/2022 03:10:35 - INFO - __main__ - <mask> was the only major power to have a regular <mask>.
07/23/2022 03:10:35 - INFO - __main__ - <mask> troops were not allowed to enter the city, and the city was taken by <mask>.
07/23/2022 03:10:35 - INFO - __main__ - <mask> soldiers and civilians were killed in the fighting, as well as the entire <mask>.
07/23/2022 03:10:35 - INFO - __main__ - <mask> forces were defeated and the city was taken by <mask>.
07/23/2022 03:10:35 - INFO - __main__ - <mask>, however, had no intention of attacking <mask>.
07/23/2022 03:10:35 - INFO - __main__ - <mask> were not allowed to fly in the newly formed <mask>.
07/23/2022 03:10:35 - INFO - __main__ - <mask> used the airfield as a base for their <mask>.
07/23/2022 03:10:35 - INFO - __main__ - <mask> in the area were not able to stop the advancing <mask>.
07/23/2022 03:10:35 - INFO - __main__ - ****************************
07/23/2022 03:10:35 - INFO - __main__ - *********References*********
07/23/2022 03:10:35 - INFO - __main__ - ['<mask> is part of <mask>.']
07/23/2022 03:10:35 - INFO - __main__ - ****************************
07/23/2022 03:10:42 - INFO - __main__ - ***********Input************
07/23/2022 03:10:42 - INFO - __main__ - the singles released from " <mask> " were " <mask> " , " stuck with me " , " brain stew / jaded " , and " walking contradiction " .
07/23/2022 03:10:42 - INFO - __main__ - *********Hypothesis*********
07/23/2022 03:10:42 - INFO - __main__ - <mask> is a compilation album by <mask>.
07/23/2022 03:10:42 - INFO - __main__ - <mask> – a song by <mask>.
07/23/2022 03:10:42 - INFO - __main__ - <mask>, "the end" and "<mask>.
07/23/2022 03:10:42 - INFO - __main__ - <mask> is the sequel to <mask>.
07/23/2022 03:10:42 - INFO - __main__ - <mask> is a sequel to the original <mask>.
07/23/2022 03:10:42 - INFO - __main__ - <mask> is a follow-up to <mask>.
07/23/2022 03:10:42 - INFO - __main__ - <mask>: the story of <mask>.
07/23/2022 03:10:42 - INFO - __main__ - <mask> was originally titled <mask>.
07/23/2022 03:10:42 - INFO - __main__ - <mask> is the debut studio album by the band <mask>.
07/23/2022 03:10:42 - INFO - __main__ - <mask> is a compilation album by the band <mask>.
07/23/2022 03:10:42 - INFO - __main__ - ****************************
07/23/2022 03:10:42 - INFO - __main__ - *********References*********
07/23/2022 03:10:42 - INFO - __main__ - ['<mask> is part of <mask>.']
07/23/2022 03:10:42 - INFO - __main__ - ****************************
07/23/2022 03:10:44 - INFO - __main__ - ***********Input************
07/23/2022 03:10:44 - INFO - __main__ - the occupancy of the show surpassed the <mask> films <mask> and freaky ali .
07/23/2022 03:10:44 - INFO - __main__ - *********Hypothesis*********
07/23/2022 03:10:44 - INFO - __main__ - <mask> women's basketball is a big part of my life, <mask>.
07/23/2022 03:10:44 - INFO - __main__ - <mask> troops were sent to the area to help with the search for <mask>.
07/23/2022 03:10:44 - INFO - __main__ - <mask> soldiers are trained in the use of the rifle, <mask>.
07/23/2022 03:10:44 - INFO - __main__ - <mask> football is a great sport, <mask>.
07/23/2022 03:10:44 - INFO - __main__ - <mask> football fans are not going to be happy about this, <mask>.
07/23/2022 03:10:44 - INFO - __main__ - ****************************
07/23/2022 03:10:44 - INFO - __main__ - *********References*********
07/23/2022 03:10:44 - INFO - __main__ - ['the original language of <mask> is <mask>.']
07/23/2022 03:10:44 - INFO - __main__ - ****************************
07/23/2022 03:10:46 - INFO - __main__ - ***********Input************
07/23/2022 03:10:46 - INFO - __main__ - it broadcasts mostly english language news and current affairs and also broadcasts <mask> the daily rté 1 <mask> language news television programme .
07/23/2022 03:10:46 - INFO - __main__ - *********Hypothesis*********
07/23/2022 03:10:46 - INFO - __main__ - <mask>, which broadcasts in <mask>.
07/23/2022 03:10:46 - INFO - __main__ - <mask>, however, continued to broadcast the series in <mask>.
07/23/2022 03:10:46 - INFO - __main__ - <mask> was the only international radio station to broadcast in <mask>.
07/23/2022 03:10:46 - INFO - __main__ - <mask> is an international radio station broadcasting in <mask>.
07/23/2022 03:10:46 - INFO - __main__ - <mask> is a radio station broadcasting in <mask>.
07/23/2022 03:10:46 - INFO - __main__ - <mask> has a news service that broadcasts in <mask>.
07/23/2022 03:10:46 - INFO - __main__ - <mask> broadcasts the show in <mask>.
07/23/2022 03:10:46 - INFO - __main__ - <mask> broadcasts the entire series in <mask>.
07/23/2022 03:10:46 - INFO - __main__ - ****************************
07/23/2022 03:10:46 - INFO - __main__ - *********References*********
07/23/2022 03:10:46 - INFO - __main__ - ['the original language of <mask> is <mask>.']
07/23/2022 03:10:46 - INFO - __main__ - ****************************
07/23/2022 03:10:51 - INFO - __main__ - ***********Input************
07/23/2022 03:10:51 - INFO - __main__ - in 2009 to mark the 125th anniversary of the <mask> he was named by the irish news as one of the all - time best 125 footballers from <mask> .
07/23/2022 03:10:51 - INFO - __main__ - *********Hypothesis*********
07/23/2022 03:10:51 - INFO - __main__ - <mask>'s main aim is to promote the sport of gaelic football in <mask>.
07/23/2022 03:10:51 - INFO - __main__ - <mask> was a major source of income for the people of <mask>.
07/23/2022 03:10:51 - INFO - __main__ - <mask> is the official gaelic game of <mask>.
07/23/2022 03:10:51 - INFO - __main__ - <mask> is the national governing body for gaelic football in <mask>.
07/23/2022 03:10:51 - INFO - __main__ - <mask> is the governing body for gaelic football in <mask>.
07/23/2022 03:10:51 - INFO - __main__ - <mask> is a major sport in <mask>.
07/23/2022 03:10:51 - INFO - __main__ - <mask> has been a major source of income for the island of <mask>.
07/23/2022 03:10:51 - INFO - __main__ - <mask> football is the most popular sport in <mask>.
07/23/2022 03:10:51 - INFO - __main__ - <mask> competitions are played on a regional basis in <mask>.
07/23/2022 03:10:51 - INFO - __main__ - <mask> competitions are held in every county in <mask>.
07/23/2022 03:10:51 - INFO - __main__ - ****************************
07/23/2022 03:10:51 - INFO - __main__ - *********References*********
07/23/2022 03:10:51 - INFO - __main__ - ['<mask> is a member of <mask>.']
07/23/2022 03:10:51 - INFO - __main__ - ****************************
07/23/2022 03:10:57 - INFO - __main__ - ***********Input************
07/23/2022 03:10:57 - INFO - __main__ - as a sergeant in the australian imperial force , mcgee was awarded the victoria cross for his actions in the <mask> — part of the <mask> — on 4 october 1917 .
07/23/2022 03:10:57 - INFO - __main__ - *********Hypothesis*********
07/23/2022 03:10:57 - INFO - __main__ - <mask>, which was the last major battle of <mask>.
07/23/2022 03:10:57 - INFO - __main__ - <mask>'s most famous work is his <mask>.
07/23/2022 03:10:57 - INFO - __main__ - <mask>'s brigade was then sent to <mask>.
07/23/2022 03:10:57 - INFO - __main__ - <mask>'s brigade was part of the victorious <mask>.
07/23/2022 03:10:57 - INFO - __main__ - <mask>'s brigade fought in the subsequent <mask>.
07/23/2022 03:10:57 - INFO - __main__ - <mask> was part of <mask>.
07/23/2022 03:10:57 - INFO - __main__ - <mask> was a major part of the victorious <mask>.
07/23/2022 03:10:57 - INFO - __main__ - <mask> was a major battle of the first <mask>.
07/23/2022 03:10:57 - INFO - __main__ - <mask> fought in <mask>.
07/23/2022 03:10:57 - INFO - __main__ - <mask> was the last major battle of the entire <mask>.
07/23/2022 03:10:57 - INFO - __main__ - ****************************
07/23/2022 03:10:57 - INFO - __main__ - *********References*********
07/23/2022 03:10:57 - INFO - __main__ - ['<mask> is part of <mask>.']
07/23/2022 03:10:57 - INFO - __main__ - ****************************
07/23/2022 03:11:02 - INFO - __main__ - ***********Input************
07/23/2022 03:11:02 - INFO - __main__ - petrovic made her on – screen debut with a small role in " <mask> " , a 2007 <mask> film directed by milčo mančevski .
07/23/2022 03:11:02 - INFO - __main__ - *********Hypothesis*********
07/23/2022 03:11:02 - INFO - __main__ - <mask>, however, is a <mask>.
07/23/2022 03:11:02 - INFO - __main__ - <mask> was a very popular and popular <mask>.
07/23/2022 03:11:02 - INFO - __main__ - <mask> is the only one of the group to be <mask>.
07/23/2022 03:11:02 - INFO - __main__ - <mask> is a single-player campaign in <mask>.
07/23/2022 03:11:02 - INFO - __main__ - <mask> has been translated into several <mask>.
07/23/2022 03:11:02 - INFO - __main__ - <mask>'s name means "the place of the sun" in <mask>.
07/23/2022 03:11:02 - INFO - __main__ - <mask> means "the land" in <mask>.
07/23/2022 03:11:02 - INFO - __main__ - <mask> is the only known example of a word that is not <mask>.
07/23/2022 03:11:02 - INFO - __main__ - <mask> is a common name for the region in <mask>.
07/23/2022 03:11:02 - INFO - __main__ - <mask> has been a popular destination for tourists, and the local language is <mask>.
07/23/2022 03:11:02 - INFO - __main__ - ****************************
07/23/2022 03:11:02 - INFO - __main__ - *********References*********
07/23/2022 03:11:02 - INFO - __main__ - ['the original language of <mask> is <mask>.']
07/23/2022 03:11:02 - INFO - __main__ - ****************************
07/23/2022 03:11:08 - INFO - __main__ - ***********Input************
07/23/2022 03:11:08 - INFO - __main__ - the film is a remake of <mask> movie " <mask> " , starring krishnam raju , jayasudha in the lead roles .
07/23/2022 03:11:08 - INFO - __main__ - *********Hypothesis*********
07/23/2022 03:11:08 - INFO - __main__ - <mask> was spoken by the majority of the population, followed by <mask>.
07/23/2022 03:11:08 - INFO - __main__ - <mask> version of the film was titled as <mask>.
07/23/2022 03:11:08 - INFO - __main__ - <mask> version is titled as <mask>.
07/23/2022 03:11:08 - INFO - __main__ - <mask> is the official language, but there are some exceptions such as <mask>.
07/23/2022 03:11:08 - INFO - __main__ - <mask> is the mother tongue of the people and the main language is <mask>.
07/23/2022 03:11:08 - INFO - __main__ - <mask> has a similar system to <mask>.
07/23/2022 03:11:08 - INFO - __main__ - <mask> film was dubbed in telugu as <mask>.
07/23/2022 03:11:08 - INFO - __main__ - <mask> film industry is well known for its films in <mask>.
07/23/2022 03:11:08 - INFO - __main__ - <mask> film industry has been a major influence on <mask>.
07/23/2022 03:11:08 - INFO - __main__ - <mask> literature is known as "kannadiga <mask>.
07/23/2022 03:11:08 - INFO - __main__ - ****************************
07/23/2022 03:11:08 - INFO - __main__ - *********References*********
07/23/2022 03:11:08 - INFO - __main__ - ['the original language of <mask> is <mask>.']
07/23/2022 03:11:08 - INFO - __main__ - ****************************
07/23/2022 03:11:13 - INFO - __main__ - ***********Input************
07/23/2022 03:11:13 - INFO - __main__ - fear and trembling ( original title : <mask> ) is a 2003 <mask> film based on the novel of the same name by amélie nothomb .
07/23/2022 03:11:13 - INFO - __main__ - *********Hypothesis*********
07/23/2022 03:11:13 - INFO - __main__ - <mask>, meaning "beautiful" in <mask>.
07/23/2022 03:11:13 - INFO - __main__ - <mask>'s name means "beautiful" in <mask>.
07/23/2022 03:11:13 - INFO - __main__ - <mask> means "lovely" or "beautiful" in <mask>.
07/23/2022 03:11:13 - INFO - __main__ - <mask> means "beautiful" in <mask>.
07/23/2022 03:11:13 - INFO - __main__ - <mask> is the plural form of félicie in <mask>.
07/23/2022 03:11:13 - INFO - __main__ - <mask> is the name of a female given name in <mask>.
07/23/2022 03:11:13 - INFO - __main__ - <mask> is a feminine given name in <mask>.
07/23/2022 03:11:13 - INFO - __main__ - <mask> was translated into <mask>.
07/23/2022 03:11:13 - INFO - __main__ - <mask> is the name of a song in <mask>.
07/23/2022 03:11:13 - INFO - __main__ - <mask> is a novel in <mask>.
07/23/2022 03:11:13 - INFO - __main__ - ****************************
07/23/2022 03:11:13 - INFO - __main__ - *********References*********
07/23/2022 03:11:13 - INFO - __main__ - ['the original language of <mask> is <mask>.']
07/23/2022 03:11:13 - INFO - __main__ - ****************************
07/23/2022 03:11:19 - INFO - __main__ - ***********Input************
07/23/2022 03:11:19 - INFO - __main__ - <mask> ( born 10 january 1990 ) is a german footballer who plays as a <mask> for spvgg unterhaching .
07/23/2022 03:11:19 - INFO - __main__ - *********Hypothesis*********
07/23/2022 03:11:19 - INFO - __main__ - <mask> plays as a <mask>.
07/23/2022 03:11:19 - INFO - __main__ - <mask>, professional footballer, <mask>.
07/23/2022 03:11:19 - INFO - __main__ - <mask> started his career as a <mask>.
07/23/2022 03:11:19 - INFO - __main__ - <mask> played as a <mask>.
07/23/2022 03:11:19 - INFO - __main__ - <mask>, footballer who plays as a <mask>.
07/23/2022 03:11:19 - INFO - __main__ - <mask> is a former <mask>.
07/23/2022 03:11:19 - INFO - __main__ - <mask> is a <mask>.
07/23/2022 03:11:19 - INFO - __main__ - ****************************
07/23/2022 03:11:19 - INFO - __main__ - *********References*********
07/23/2022 03:11:19 - INFO - __main__ - ['<mask> plays in <mask> position.']
07/23/2022 03:11:19 - INFO - __main__ - ****************************
07/23/2022 03:11:25 - INFO - __main__ - ***********Input************
07/23/2022 03:11:25 - INFO - __main__ - wester ross is well known for its mountain scenery , especially the <mask> which includes such peaks as beinn eighe and <mask> .
07/23/2022 03:11:25 - INFO - __main__ - *********Hypothesis*********
07/23/2022 03:11:25 - INFO - __main__ - <mask> lies to the west of <mask>.
07/23/2022 03:11:25 - INFO - __main__ - <mask>' family were originally from <mask>.
07/23/2022 03:11:25 - INFO - __main__ - <mask> was born in the village of <mask>.
07/23/2022 03:11:25 - INFO - __main__ - <mask> is a small village on the north side of the island of <mask>.
07/23/2022 03:11:25 - INFO - __main__ - <mask> was a son of <mask>.
07/23/2022 03:11:25 - INFO - __main__ - <mask> is an old name for <mask>.
07/23/2022 03:11:25 - INFO - __main__ - <mask> is a small village on the western side of the island of <mask>.
07/23/2022 03:11:25 - INFO - __main__ - <mask> na nóg is a mountain of the island of <mask>.
07/23/2022 03:11:25 - INFO - __main__ - <mask> is the son of the late lord <mask>.
07/23/2022 03:11:25 - INFO - __main__ - <mask> is a surname, derived from the gaelic word <mask>.
07/23/2022 03:11:25 - INFO - __main__ - ****************************
07/23/2022 03:11:25 - INFO - __main__ - *********References*********
07/23/2022 03:11:25 - INFO - __main__ - ['<mask> is part of <mask>.']
07/23/2022 03:11:25 - INFO - __main__ - ****************************
07/23/2022 03:11:31 - INFO - __main__ - ***********Input************
07/23/2022 03:11:31 - INFO - __main__ - <mask> ( born 23 august 1994 ) is an afghan international footballer who plays as a <mask> .
07/23/2022 03:11:31 - INFO - __main__ - *********Hypothesis*********
07/23/2022 03:11:31 - INFO - __main__ - <mask>, formerly a <mask>.
07/23/2022 03:11:31 - INFO - __main__ - <mask> was an attacking <mask>.
07/23/2022 03:11:31 - INFO - __main__ - <mask> started his career as a <mask>.
07/23/2022 03:11:31 - INFO - __main__ - <mask> plays as a <mask>.
07/23/2022 03:11:31 - INFO - __main__ - <mask> played as a <mask>.
07/23/2022 03:11:31 - INFO - __main__ - <mask> is a <mask>.
07/23/2022 03:11:31 - INFO - __main__ - <mask> began his career as a <mask>.
07/23/2022 03:11:31 - INFO - __main__ - ****************************
07/23/2022 03:11:31 - INFO - __main__ - *********References*********
07/23/2022 03:11:31 - INFO - __main__ - ['<mask> plays in <mask> position.']
07/23/2022 03:11:31 - INFO - __main__ - ****************************
07/23/2022 03:11:36 - INFO - __main__ - ***********Input************
07/23/2022 03:11:36 - INFO - __main__ - the company was formed by steve nardelli and <mask> of the psychedelic prog band <mask> .
07/23/2022 03:11:36 - INFO - __main__ - *********Hypothesis*********
07/23/2022 03:11:36 - INFO - __main__ - <mask>, you are an <mask>.
07/23/2022 03:11:36 - INFO - __main__ - <mask>, you are a native <mask>.
07/23/2022 03:11:36 - INFO - __main__ - <mask>, the president of the united states, is an <mask>.
07/23/2022 03:11:36 - INFO - __main__ - <mask>, the man who had been the one to tell me i was <mask>.
07/23/2022 03:11:36 - INFO - __main__ - <mask> was a native ofan <mask>.
07/23/2022 03:11:36 - INFO - __main__ - <mask> was a native <mask>.
07/23/2022 03:11:36 - INFO - __main__ - <mask> was a good-looking <mask>.
07/23/2022 03:11:36 - INFO - __main__ - <mask> is an <mask>.
07/23/2022 03:11:36 - INFO - __main__ - <mask> had been a native <mask>.
07/23/2022 03:11:36 - INFO - __main__ - <mask> and his family were <mask>.
07/23/2022 03:11:36 - INFO - __main__ - ****************************
07/23/2022 03:11:36 - INFO - __main__ - *********References*********
07/23/2022 03:11:36 - INFO - __main__ - ['<mask> is a member of <mask>.']
07/23/2022 03:11:36 - INFO - __main__ - ****************************
07/23/2022 03:11:41 - INFO - __main__ - ***********Input************
07/23/2022 03:11:41 - INFO - __main__ - the <mask> ( ) metro station is located on the red line of the <mask> .
07/23/2022 03:11:41 - INFO - __main__ - *********Hypothesis*********
07/23/2022 03:11:41 - INFO - __main__ - <mask>'s metro system is the <mask>.
07/23/2022 03:11:41 - INFO - __main__ - <mask> metro station is a station on the <mask>.
07/23/2022 03:11:41 - INFO - __main__ - <mask> metro station is a station of <mask>.
07/23/2022 03:11:41 - INFO - __main__ - <mask> metro is the name of several lines of <mask>.
07/23/2022 03:11:41 - INFO - __main__ - <mask> is served by the <mask>.
07/23/2022 03:11:41 - INFO - __main__ - <mask> is a station of the <mask>.
07/23/2022 03:11:41 - INFO - __main__ - <mask> is a station of the novgoroda metro and <mask>.
07/23/2022 03:11:41 - INFO - __main__ - <mask> metro is a rapid transit system, a branch of <mask>.
07/23/2022 03:11:41 - INFO - __main__ - <mask>: deutsche oper <mask>.
07/23/2022 03:11:41 - INFO - __main__ - <mask> is the home of <mask>.
07/23/2022 03:11:41 - INFO - __main__ - ****************************
07/23/2022 03:11:41 - INFO - __main__ - *********References*********
07/23/2022 03:11:41 - INFO - __main__ - ['<mask> is part of <mask>.']
07/23/2022 03:11:41 - INFO - __main__ - ****************************
07/23/2022 03:11:46 - INFO - __main__ - ***********Input************
07/23/2022 03:11:46 - INFO - __main__ - kane 's ultimate version was introduced in " ultimate x - men " # 76 , where he is once again a partner to <mask> , domino and the other <mask> team members .
07/23/2022 03:11:46 - INFO - __main__ - *********Hypothesis*********
07/23/2022 03:11:46 - INFO - __main__ - <mask>, you're not going to be able to stop the other <mask>.
07/23/2022 03:11:46 - INFO - __main__ - <mask>'s face was still red from the beating he 'd taken from <mask>.
07/23/2022 03:11:46 - INFO - __main__ - <mask>'s eyes were wide as he stared at the group of <mask>.
07/23/2022 03:11:46 - INFO - __main__ - <mask> wasn't sure what to make of the new <mask>.
07/23/2022 03:11:46 - INFO - __main__ - <mask> was a member of the elite group of <mask>.
07/23/2022 03:11:46 - INFO - __main__ - <mask> looked at the other <mask>.
07/23/2022 03:11:46 - INFO - __main__ - <mask> had been a member of the original <mask>.
07/23/2022 03:11:46 - INFO - __main__ - <mask> and i were the only ones who knew about <mask>.
07/23/2022 03:11:46 - INFO - __main__ - ****************************
07/23/2022 03:11:46 - INFO - __main__ - *********References*********
07/23/2022 03:11:46 - INFO - __main__ - ['<mask> is a member of <mask>.']
07/23/2022 03:11:46 - INFO - __main__ - ****************************
07/23/2022 03:11:54 - INFO - __main__ - ***********Input************
07/23/2022 03:11:54 - INFO - __main__ - <mask> ( born 15 december 1990 in plymouth , trinidad and tobago ) , is an international football player from trinidad and tobagosoca warriors who plays as a <mask> for juticalpa .
07/23/2022 03:11:54 - INFO - __main__ - *********Hypothesis*********
07/23/2022 03:11:54 - INFO - __main__ - <mask>: forward and <mask>.
07/23/2022 03:11:54 - INFO - __main__ - <mask> was a <mask>.
07/23/2022 03:11:54 - INFO - __main__ - <mask> played as a <mask>.
07/23/2022 03:11:54 - INFO - __main__ - <mask> started his career as a <mask>.
07/23/2022 03:11:54 - INFO - __main__ - <mask> is a <mask>.
07/23/2022 03:11:54 - INFO - __main__ - ****************************
07/23/2022 03:11:54 - INFO - __main__ - *********References*********
07/23/2022 03:11:54 - INFO - __main__ - ['<mask> plays in <mask> position.']
07/23/2022 03:11:54 - INFO - __main__ - ****************************
07/23/2022 03:11:59 - INFO - __main__ - ***********Input************
07/23/2022 03:11:59 - INFO - __main__ - <mask> ( born 14 september 1995 ) is a scottish professional footballer who plays as a <mask> for kilmarnock , on loan from newcastle united .
07/23/2022 03:11:59 - INFO - __main__ - *********Hypothesis*********
07/23/2022 03:11:59 - INFO - __main__ - <mask>, footballer who plays as a <mask>.
07/23/2022 03:11:59 - INFO - __main__ - <mask> – former professional footballer, <mask>.
07/23/2022 03:11:59 - INFO - __main__ - <mask> was the club's most successful <mask>.
07/23/2022 03:11:59 - INFO - __main__ - <mask> was a right-footed <mask>.
07/23/2022 03:11:59 - INFO - __main__ - <mask> played as a <mask>.
07/23/2022 03:11:59 - INFO - __main__ - <mask> is a former professional <mask>.
07/23/2022 03:11:59 - INFO - __main__ - <mask> – former <mask>.
07/23/2022 03:11:59 - INFO - __main__ - <mask>, professional footballer, <mask>.
07/23/2022 03:11:59 - INFO - __main__ - <mask>, professional footballer who plays as a <mask>.
07/23/2022 03:11:59 - INFO - __main__ - <mask> – former professional <mask>.
07/23/2022 03:11:59 - INFO - __main__ - ****************************
07/23/2022 03:11:59 - INFO - __main__ - *********References*********
07/23/2022 03:11:59 - INFO - __main__ - ['<mask> plays in <mask> position.']
07/23/2022 03:11:59 - INFO - __main__ - ****************************
07/23/2022 03:12:06 - INFO - __main__ - ***********Input************
07/23/2022 03:12:06 - INFO - __main__ - <mask> ( 15 september 1930 – 12 january 2006 ) was a swiss football <mask> who played for switzerland in the 1962 fifa world cup .
07/23/2022 03:12:06 - INFO - __main__ - *********Hypothesis*********
07/23/2022 03:12:06 - INFO - __main__ - <mask> is a professional <mask>.
07/23/2022 03:12:06 - INFO - __main__ - <mask> is a <mask>.
07/23/2022 03:12:06 - INFO - __main__ - <mask>, professional footballer, <mask>.
07/23/2022 03:12:06 - INFO - __main__ - <mask> was a <mask>.
07/23/2022 03:12:06 - INFO - __main__ - <mask>: he plays as a <mask>.
07/23/2022 03:12:06 - INFO - __main__ - <mask>, footballer who plays as a <mask>.
07/23/2022 03:12:06 - INFO - __main__ - <mask> started his career as a <mask>.
07/23/2022 03:12:06 - INFO - __main__ - <mask> played as a <mask>.
07/23/2022 03:12:06 - INFO - __main__ - ****************************
07/23/2022 03:12:06 - INFO - __main__ - *********References*********
07/23/2022 03:12:06 - INFO - __main__ - ['<mask> plays in <mask> position.']
07/23/2022 03:12:06 - INFO - __main__ - ****************************
07/23/2022 03:12:12 - INFO - __main__ - ***********Input************
07/23/2022 03:12:12 - INFO - __main__ - he belonged to the <mask> , of <mask> and bernard silvestris .
07/23/2022 03:12:12 - INFO - __main__ - *********Hypothesis*********
07/23/2022 03:12:12 - INFO - __main__ - <mask> is a surname, meaning "son of <mask>.
07/23/2022 03:12:12 - INFO - __main__ - <mask> is a genus of flowering plants native to <mask>.
07/23/2022 03:12:12 - INFO - __main__ - <mask> is the name given to <mask>.
07/23/2022 03:12:12 - INFO - __main__ - <mask>, the name of the family of <mask>.
07/23/2022 03:12:12 - INFO - __main__ - <mask> was a family name of <mask>.
07/23/2022 03:12:12 - INFO - __main__ - <mask> is a family of <mask>.
07/23/2022 03:12:12 - INFO - __main__ - <mask>: the name is derived from the <mask>.
07/23/2022 03:12:12 - INFO - __main__ - <mask>, the name of the family of the <mask>.
07/23/2022 03:12:12 - INFO - __main__ - <mask> was a family name of the <mask>.
07/23/2022 03:12:12 - INFO - __main__ - <mask> is a family of the <mask>.
07/23/2022 03:12:12 - INFO - __main__ - ****************************
07/23/2022 03:12:12 - INFO - __main__ - *********References*********
07/23/2022 03:12:12 - INFO - __main__ - ['<mask> is a member of <mask>.']
07/23/2022 03:12:12 - INFO - __main__ - ****************************
07/23/2022 03:12:13 - INFO - __main__ - Task: fewrel
07/23/2022 03:12:13 - INFO - __main__ - bleu-4: 0.010080185795830348
07/23/2022 03:12:13 - INFO - __main__ - bleu-3: 0.03022238207477166
07/23/2022 03:12:13 - INFO - __main__ - bleu-2: 0.11460601669289636
07/23/2022 03:12:13 - INFO - __main__ - bleu-1: 0.3156091780620538
07/23/2022 03:12:13 - INFO - __main__ - METEOR: 0.2920221570084609
07/23/2022 03:12:13 - INFO - __main__ - ROUGE-L: 0.4305802787770471
07/23/2022 03:12:13 - INFO - __main__ - entailment score(mean-mean): 0.2451086093576501
07/23/2022 03:12:13 - INFO - __main__ - entailment score(mean-max): 0.6137661084881983
07/23/2022 03:12:13 - INFO - __main__ - entailment score(mean-min): 0.006434769971565402
07/23/2022 03:12:13 - INFO - __main__ - self-BLEU-2: 0.8718274113871741
07/23/2022 03:12:13 - INFO - __main__ - avg: 0.19885336640184334
07/23/2022 03:12:13 - INFO - __main__ - *******************************************************
07/23/2022 03:12:13 - INFO - __main__ - *******************************************************
07/23/2022 03:12:13 - INFO - __main__ - *******************************************************
07/23/2022 03:15:34 - INFO - __main__ - **************** MODEL CONFIGURATION ****************
07/23/2022 03:15:34 - INFO - __main__ - bart_training             -->   True
07/23/2022 03:15:34 - INFO - __main__ - device                    -->   0
07/23/2022 03:15:34 - INFO - __main__ - dpp                       -->   True
07/23/2022 03:15:34 - INFO - __main__ - group_beam                -->   True
07/23/2022 03:15:34 - INFO - __main__ - if_then                   -->   False
07/23/2022 03:15:34 - INFO - __main__ - inductor                  -->   rule
07/23/2022 03:15:34 - INFO - __main__ - log_dir                   -->   logs_new_new_new/
07/23/2022 03:15:34 - INFO - __main__ - log_name                  -->   fewrel-mc+gs+dpp
07/23/2022 03:15:34 - INFO - __main__ - mcgs                      -->   True
07/23/2022 03:15:34 - INFO - __main__ - mlm_training              -->   True
07/23/2022 03:15:34 - INFO - __main__ - task                      -->   fewrel
07/23/2022 03:15:34 - INFO - __main__ - **************** MODEL CONFIGURATION ****************
07/23/2022 03:17:43 - INFO - __main__ - **************** MODEL CONFIGURATION ****************
07/23/2022 03:17:43 - INFO - __main__ - bart_training             -->   True
07/23/2022 03:17:43 - INFO - __main__ - device                    -->   0
07/23/2022 03:17:43 - INFO - __main__ - dpp                       -->   True
07/23/2022 03:17:43 - INFO - __main__ - group_beam                -->   True
07/23/2022 03:17:43 - INFO - __main__ - if_then                   -->   False
07/23/2022 03:17:43 - INFO - __main__ - inductor                  -->   rule
07/23/2022 03:17:43 - INFO - __main__ - log_dir                   -->   logs_new_new_new/
07/23/2022 03:17:43 - INFO - __main__ - log_name                  -->   fewrel-mc+gs+dpp
07/23/2022 03:17:43 - INFO - __main__ - mcgs                      -->   True
07/23/2022 03:17:43 - INFO - __main__ - mlm_training              -->   True
07/23/2022 03:17:43 - INFO - __main__ - task                      -->   fewrel
07/23/2022 03:17:43 - INFO - __main__ - **************** MODEL CONFIGURATION ****************
07/23/2022 03:19:21 - INFO - __main__ - ***********Input************
07/23/2022 03:19:21 - INFO - __main__ - his guitar work on the title track is credited as what first drew <mask> to him , who two years later invited allman to join him as part of <mask> .
07/23/2022 03:19:21 - INFO - __main__ - *********Hypothesis*********
07/23/2022 03:19:21 - INFO - __main__ - <mask>'s voice sounded like a member of <mask>.
07/23/2022 03:19:21 - INFO - __main__ - <mask>'s father was a member of <mask>.
07/23/2022 03:19:21 - INFO - __main__ - <mask>'s father had been a member of <mask>.
07/23/2022 03:19:21 - INFO - __main__ - <mask> was a member of <mask>.
07/23/2022 03:19:21 - INFO - __main__ - <mask> is the lead singer of <mask>.
07/23/2022 03:19:21 - INFO - __main__ - <mask> is a song by <mask>.
07/23/2022 03:19:21 - INFO - __main__ - <mask> had been a member of <mask>.
07/23/2022 03:19:21 - INFO - __main__ - <mask> had been a fan of <mask>.
07/23/2022 03:19:21 - INFO - __main__ - <mask> and his band were known as <mask>.
07/23/2022 03:19:21 - INFO - __main__ - <mask> and his allman brothers band/ <mask>.
07/23/2022 03:19:21 - INFO - __main__ - ****************************
07/23/2022 03:19:21 - INFO - __main__ - *********References*********
07/23/2022 03:19:21 - INFO - __main__ - ['<mask> is a member of <mask>.']
07/23/2022 03:19:21 - INFO - __main__ - ****************************
07/23/2022 03:19:48 - INFO - __main__ - ***********Input************
07/23/2022 03:19:48 - INFO - __main__ - in the summer of 1944 it opposed the <mask> ’s <mask> during the lvov - sandomir strategic offensive operation ( 13 july - 29 august 1944 ) .
07/23/2022 03:19:48 - INFO - __main__ - *********Hypothesis*********
07/23/2022 03:19:48 - INFO - __main__ - <mask>, however, was not ready to fight the entire <mask>.
07/23/2022 03:19:48 - INFO - __main__ - <mask> was the only country to have a regular <mask>.
07/23/2022 03:19:48 - INFO - __main__ - <mask> troops were not allowed to enter the city, and the city was taken by <mask>.
07/23/2022 03:19:48 - INFO - __main__ - <mask> military forces were not able to stop the advancing <mask>.
07/23/2022 03:19:48 - INFO - __main__ - <mask> forces were defeated and the city was taken by <mask>.
07/23/2022 03:19:48 - INFO - __main__ - ****************************
07/23/2022 03:19:48 - INFO - __main__ - *********References*********
07/23/2022 03:19:48 - INFO - __main__ - ['<mask> is part of <mask>.']
07/23/2022 03:19:48 - INFO - __main__ - ****************************
07/23/2022 03:20:20 - INFO - __main__ - ***********Input************
07/23/2022 03:20:20 - INFO - __main__ - the singles released from " <mask> " were " <mask> " , " stuck with me " , " brain stew / jaded " , and " walking contradiction " .
07/23/2022 03:20:20 - INFO - __main__ - *********Hypothesis*********
07/23/2022 03:20:20 - INFO - __main__ - <mask> was originally titled <mask>.
07/23/2022 03:20:20 - INFO - __main__ - <mask> is the debut studio album by the band <mask>.
07/23/2022 03:20:20 - INFO - __main__ - <mask> is a compilation album by the band <mask>.
07/23/2022 03:20:20 - INFO - __main__ - <mask> is the debut studio album by <mask>.
07/23/2022 03:20:20 - INFO - __main__ - <mask> is the debut album by <mask>.
07/23/2022 03:20:20 - INFO - __main__ - <mask> (stylized as <mask>.
07/23/2022 03:20:20 - INFO - __main__ - <mask>: the best of <mask>.
07/23/2022 03:20:20 - INFO - __main__ - <mask> was followed by <mask>.
07/23/2022 03:20:20 - INFO - __main__ - <mask> is the follow-up to <mask>.
07/23/2022 03:20:20 - INFO - __main__ - <mask> is a compilation album by <mask>.
07/23/2022 03:20:20 - INFO - __main__ - ****************************
07/23/2022 03:20:20 - INFO - __main__ - *********References*********
07/23/2022 03:20:20 - INFO - __main__ - ['<mask> is part of <mask>.']
07/23/2022 03:20:20 - INFO - __main__ - ****************************
07/23/2022 03:20:25 - INFO - __main__ - ***********Input************
07/23/2022 03:20:25 - INFO - __main__ - the occupancy of the show surpassed the <mask> films <mask> and freaky ali .
07/23/2022 03:20:25 - INFO - __main__ - *********Hypothesis*********
07/23/2022 03:20:25 - INFO - __main__ - no proper relation hypothesis
07/23/2022 03:20:25 - INFO - __main__ - ****************************
07/23/2022 03:20:25 - INFO - __main__ - *********References*********
07/23/2022 03:20:25 - INFO - __main__ - ['the original language of <mask> is <mask>.']
07/23/2022 03:20:25 - INFO - __main__ - ****************************
07/23/2022 03:20:25 - WARNING - __main__ - Skip self-bleu-2 in example: the occupancy of the show surpassed the <mask> films <mask> and freaky ali ..
07/23/2022 03:20:51 - INFO - __main__ - ***********Input************
07/23/2022 03:20:51 - INFO - __main__ - it broadcasts mostly english language news and current affairs and also broadcasts <mask> the daily rté 1 <mask> language news television programme .
07/23/2022 03:20:51 - INFO - __main__ - *********Hypothesis*********
07/23/2022 03:20:51 - INFO - __main__ - no proper relation hypothesis
07/23/2022 03:20:51 - INFO - __main__ - ****************************
07/23/2022 03:20:51 - INFO - __main__ - *********References*********
07/23/2022 03:20:51 - INFO - __main__ - ['the original language of <mask> is <mask>.']
07/23/2022 03:20:51 - INFO - __main__ - ****************************
07/23/2022 03:20:51 - WARNING - __main__ - Skip self-bleu-2 in example: it broadcasts mostly english language news and current affairs and also broadcasts <mask> the daily rté 1 <mask> language news television programme ..
07/23/2022 03:21:14 - INFO - __main__ - ***********Input************
07/23/2022 03:21:14 - INFO - __main__ - in 2009 to mark the 125th anniversary of the <mask> he was named by the irish news as one of the all - time best 125 footballers from <mask> .
07/23/2022 03:21:14 - INFO - __main__ - *********Hypothesis*********
07/23/2022 03:21:14 - INFO - __main__ - <mask>'s main aim is to promote the sport of gaelic football in <mask>.
07/23/2022 03:21:14 - INFO - __main__ - <mask> was a major source of income for the people of <mask>.
07/23/2022 03:21:14 - INFO - __main__ - <mask> is the official gaelic game of <mask>.
07/23/2022 03:21:14 - INFO - __main__ - <mask> is the national governing body for gaelic football in <mask>.
07/23/2022 03:21:14 - INFO - __main__ - <mask> is the governing body for gaelic football in <mask>.
07/23/2022 03:21:14 - INFO - __main__ - <mask> is a major sport in <mask>.
07/23/2022 03:21:14 - INFO - __main__ - <mask> has been a major source of income for the island of <mask>.
07/23/2022 03:21:14 - INFO - __main__ - <mask> football is the most popular sport in <mask>.
07/23/2022 03:21:14 - INFO - __main__ - <mask> competitions are played on a regional basis in <mask>.
07/23/2022 03:21:14 - INFO - __main__ - <mask> competitions are held in every county in <mask>.
07/23/2022 03:21:14 - INFO - __main__ - ****************************
07/23/2022 03:21:14 - INFO - __main__ - *********References*********
07/23/2022 03:21:14 - INFO - __main__ - ['<mask> is a member of <mask>.']
07/23/2022 03:21:14 - INFO - __main__ - ****************************
07/23/2022 03:21:52 - INFO - __main__ - ***********Input************
07/23/2022 03:21:52 - INFO - __main__ - as a sergeant in the australian imperial force , mcgee was awarded the victoria cross for his actions in the <mask> — part of the <mask> — on 4 october 1917 .
07/23/2022 03:21:52 - INFO - __main__ - *********Hypothesis*********
07/23/2022 03:21:52 - INFO - __main__ - <mask>'s brigade was then sent to <mask>.
07/23/2022 03:21:52 - INFO - __main__ - <mask>'s brigade fought in the subsequent <mask>.
07/23/2022 03:21:52 - INFO - __main__ - <mask> was the last major battle of the entire <mask>.
07/23/2022 03:21:52 - INFO - __main__ - <mask> was part of <mask>.
07/23/2022 03:21:52 - INFO - __main__ - <mask> was a major part of the victorious <mask>.
07/23/2022 03:21:52 - INFO - __main__ - <mask> fought in <mask>.
07/23/2022 03:21:52 - INFO - __main__ - ****************************
07/23/2022 03:21:52 - INFO - __main__ - *********References*********
07/23/2022 03:21:52 - INFO - __main__ - ['<mask> is part of <mask>.']
07/23/2022 03:21:52 - INFO - __main__ - ****************************
07/23/2022 03:22:10 - INFO - __main__ - ***********Input************
07/23/2022 03:22:10 - INFO - __main__ - petrovic made her on – screen debut with a small role in " <mask> " , a 2007 <mask> film directed by milčo mančevski .
07/23/2022 03:22:10 - INFO - __main__ - *********Hypothesis*********
07/23/2022 03:22:10 - INFO - __main__ - <mask>, however, was not a <mask>.
07/23/2022 03:22:10 - INFO - __main__ - <mask>'s name means "the one who is brave" in <mask>.
07/23/2022 03:22:10 - INFO - __main__ - <mask>'s name means "the great" in <mask>.
07/23/2022 03:22:10 - INFO - __main__ - <mask>'s father was a priest and his mother was <mask>.
07/23/2022 03:22:10 - INFO - __main__ - <mask>'s father was a doctor and his mother was a <mask>.
07/23/2022 03:22:10 - INFO - __main__ - <mask> is the only known person to have written a poem in <mask>.
07/23/2022 03:22:10 - INFO - __main__ - <mask> is the name of a number of people in <mask>.
07/23/2022 03:22:10 - INFO - __main__ - <mask>'s name means "city of the stars" in <mask>.
07/23/2022 03:22:10 - INFO - __main__ - <mask> is the capital of the country and the official language is <mask>.
07/23/2022 03:22:10 - INFO - __main__ - <mask> has a large number of dialects of <mask>.
07/23/2022 03:22:10 - INFO - __main__ - ****************************
07/23/2022 03:22:10 - INFO - __main__ - *********References*********
07/23/2022 03:22:10 - INFO - __main__ - ['the original language of <mask> is <mask>.']
07/23/2022 03:22:10 - INFO - __main__ - ****************************
07/23/2022 03:22:26 - INFO - __main__ - ***********Input************
07/23/2022 03:22:26 - INFO - __main__ - the film is a remake of <mask> movie " <mask> " , starring krishnam raju , jayasudha in the lead roles .
07/23/2022 03:22:26 - INFO - __main__ - *********Hypothesis*********
07/23/2022 03:22:26 - INFO - __main__ - <mask>, and later, <mask>.
07/23/2022 03:22:26 - INFO - __main__ - <mask> was the language of the people of <mask>.
07/23/2022 03:22:26 - INFO - __main__ - <mask> was spoken in the region, and later <mask>.
07/23/2022 03:22:26 - INFO - __main__ - <mask> version of the film was titled <mask>.
07/23/2022 03:22:26 - INFO - __main__ - <mask> is the official language, but there are some exceptions such as <mask>.
07/23/2022 03:22:26 - INFO - __main__ - <mask> is the official language of <mask>.
07/23/2022 03:22:26 - INFO - __main__ - <mask> is the mother tongue of the people and the main language is <mask>.
07/23/2022 03:22:26 - INFO - __main__ - <mask> has a similar system to <mask>.
07/23/2022 03:22:26 - INFO - __main__ - <mask> film industry is well known for its films in <mask>.
07/23/2022 03:22:26 - INFO - __main__ - <mask> film industry is the largest industry in <mask>.
07/23/2022 03:22:26 - INFO - __main__ - ****************************
07/23/2022 03:22:26 - INFO - __main__ - *********References*********
07/23/2022 03:22:26 - INFO - __main__ - ['the original language of <mask> is <mask>.']
07/23/2022 03:22:26 - INFO - __main__ - ****************************
07/23/2022 03:22:45 - INFO - __main__ - ***********Input************
07/23/2022 03:22:45 - INFO - __main__ - fear and trembling ( original title : <mask> ) is a 2003 <mask> film based on the novel of the same name by amélie nothomb .
07/23/2022 03:22:45 - INFO - __main__ - *********Hypothesis*********
07/23/2022 03:22:45 - INFO - __main__ - <mask>, meaning "beautiful" in <mask>.
07/23/2022 03:22:45 - INFO - __main__ - <mask>'s name means "beautiful" in <mask>.
07/23/2022 03:22:45 - INFO - __main__ - <mask> means "lovely" or "beautiful" in <mask>.
07/23/2022 03:22:45 - INFO - __main__ - <mask> means "beautiful" in <mask>.
07/23/2022 03:22:45 - INFO - __main__ - <mask> is the name of a female given name in <mask>.
07/23/2022 03:22:45 - INFO - __main__ - <mask>, meaning "the one who is not" in <mask>.
07/23/2022 03:22:45 - INFO - __main__ - <mask>'s name means "the one who is not afraid" in <mask>.
07/23/2022 03:22:45 - INFO - __main__ - <mask> means "love and" in <mask>.
07/23/2022 03:22:45 - INFO - __main__ - <mask> is the name of a number of books in <mask>.
07/23/2022 03:22:45 - INFO - __main__ - <mask> is a feminine given name in <mask>.
07/23/2022 03:22:45 - INFO - __main__ - ****************************
07/23/2022 03:22:45 - INFO - __main__ - *********References*********
07/23/2022 03:22:45 - INFO - __main__ - ['the original language of <mask> is <mask>.']
07/23/2022 03:22:45 - INFO - __main__ - ****************************
07/23/2022 03:23:01 - INFO - __main__ - ***********Input************
07/23/2022 03:23:01 - INFO - __main__ - <mask> ( born 10 january 1990 ) is a german footballer who plays as a <mask> for spvgg unterhaching .
07/23/2022 03:23:01 - INFO - __main__ - *********Hypothesis*********
07/23/2022 03:23:01 - INFO - __main__ - <mask>: forward and <mask>.
07/23/2022 03:23:01 - INFO - __main__ - <mask>, professional footballer, <mask>.
07/23/2022 03:23:01 - INFO - __main__ - <mask>, footballer who plays as a <mask>.
07/23/2022 03:23:01 - INFO - __main__ - <mask> played as a <mask>.
07/23/2022 03:23:01 - INFO - __main__ - ****************************
07/23/2022 03:23:01 - INFO - __main__ - *********References*********
07/23/2022 03:23:01 - INFO - __main__ - ['<mask> plays in <mask> position.']
07/23/2022 03:23:01 - INFO - __main__ - ****************************
07/23/2022 03:23:21 - INFO - __main__ - ***********Input************
07/23/2022 03:23:21 - INFO - __main__ - wester ross is well known for its mountain scenery , especially the <mask> which includes such peaks as beinn eighe and <mask> .
07/23/2022 03:23:21 - INFO - __main__ - *********Hypothesis*********
07/23/2022 03:23:21 - INFO - __main__ - <mask> was succeeded by <mask>.
07/23/2022 03:23:21 - INFO - __main__ - <mask> is the son of the former footballer <mask>.
07/23/2022 03:23:21 - INFO - __main__ - <mask> is sometimes spelled <mask>.
07/23/2022 03:23:21 - INFO - __main__ - <mask> is a variant of <mask>.
07/23/2022 03:23:21 - INFO - __main__ - <mask> is a masculine given name, a variant of <mask>.
07/23/2022 03:23:21 - INFO - __main__ - <mask>'s mother was the daughter of john and mary (née mcbride) <mask>.
07/23/2022 03:23:21 - INFO - __main__ - <mask> was the son of john and ann (née mckeown) <mask>.
07/23/2022 03:23:21 - INFO - __main__ - <mask> na nóg is a mountain of the island of <mask>.
07/23/2022 03:23:21 - INFO - __main__ - <mask> is the son of the late lord <mask>.
07/23/2022 03:23:21 - INFO - __main__ - <mask> is a surname, derived from the gaelic word <mask>.
07/23/2022 03:23:21 - INFO - __main__ - ****************************
07/23/2022 03:23:21 - INFO - __main__ - *********References*********
07/23/2022 03:23:21 - INFO - __main__ - ['<mask> is part of <mask>.']
07/23/2022 03:23:21 - INFO - __main__ - ****************************
07/23/2022 03:23:34 - INFO - __main__ - ***********Input************
07/23/2022 03:23:34 - INFO - __main__ - <mask> ( born 23 august 1994 ) is an afghan international footballer who plays as a <mask> .
07/23/2022 03:23:34 - INFO - __main__ - *********Hypothesis*********
07/23/2022 03:23:34 - INFO - __main__ - <mask> started his career as a <mask>.
07/23/2022 03:23:34 - INFO - __main__ - <mask> plays as a <mask>.
07/23/2022 03:23:34 - INFO - __main__ - <mask> played as a <mask>.
07/23/2022 03:23:34 - INFO - __main__ - <mask> is a <mask>.
07/23/2022 03:23:34 - INFO - __main__ - ****************************
07/23/2022 03:23:34 - INFO - __main__ - *********References*********
07/23/2022 03:23:34 - INFO - __main__ - ['<mask> plays in <mask> position.']
07/23/2022 03:23:34 - INFO - __main__ - ****************************
07/23/2022 03:23:46 - INFO - __main__ - ***********Input************
07/23/2022 03:23:46 - INFO - __main__ - the company was formed by steve nardelli and <mask> of the psychedelic prog band <mask> .
07/23/2022 03:23:46 - INFO - __main__ - *********Hypothesis*********
07/23/2022 03:23:46 - INFO - __main__ - <mask>, you are an <mask>.
07/23/2022 03:23:46 - INFO - __main__ - <mask>, the president of the united states, is an <mask>.
07/23/2022 03:23:46 - INFO - __main__ - <mask>, the man who had been the one to tell me i was <mask>.
07/23/2022 03:23:46 - INFO - __main__ - <mask> was a native <mask>.
07/23/2022 03:23:46 - INFO - __main__ - <mask> was a good-looking <mask>.
07/23/2022 03:23:46 - INFO - __main__ - <mask> is an <mask>.
07/23/2022 03:23:46 - INFO - __main__ - <mask> had been a native <mask>.
07/23/2022 03:23:46 - INFO - __main__ - ****************************
07/23/2022 03:23:46 - INFO - __main__ - *********References*********
07/23/2022 03:23:46 - INFO - __main__ - ['<mask> is a member of <mask>.']
07/23/2022 03:23:46 - INFO - __main__ - ****************************
07/23/2022 03:23:57 - INFO - __main__ - ***********Input************
07/23/2022 03:23:57 - INFO - __main__ - the <mask> ( ) metro station is located on the red line of the <mask> .
07/23/2022 03:23:57 - INFO - __main__ - *********Hypothesis*********
07/23/2022 03:23:57 - INFO - __main__ - <mask> metro station is a station of <mask>.
07/23/2022 03:23:57 - INFO - __main__ - <mask> is a station of the novgoroda metro and <mask>.
07/23/2022 03:23:57 - INFO - __main__ - <mask>'s metro is a rapid transit system, similar to that of <mask>.
07/23/2022 03:23:57 - INFO - __main__ - <mask> metro station is a station on <mask>.
07/23/2022 03:23:57 - INFO - __main__ - <mask> metro is the only metro station on the entire <mask>.
07/23/2022 03:23:57 - INFO - __main__ - <mask> metro is a rapid transit system, a branch of <mask>.
07/23/2022 03:23:57 - INFO - __main__ - <mask> is the terminus of the line of <mask>.
07/23/2022 03:23:57 - INFO - __main__ - <mask> is an underground station of <mask>.
07/23/2022 03:23:57 - INFO - __main__ - <mask> is a station of <mask>.
07/23/2022 03:23:57 - INFO - __main__ - ****************************
07/23/2022 03:23:57 - INFO - __main__ - *********References*********
07/23/2022 03:23:57 - INFO - __main__ - ['<mask> is part of <mask>.']
07/23/2022 03:23:57 - INFO - __main__ - ****************************
07/23/2022 03:24:28 - INFO - __main__ - ***********Input************
07/23/2022 03:24:28 - INFO - __main__ - kane 's ultimate version was introduced in " ultimate x - men " # 76 , where he is once again a partner to <mask> , domino and the other <mask> team members .
07/23/2022 03:24:28 - INFO - __main__ - *********Hypothesis*********
07/23/2022 03:24:28 - INFO - __main__ - <mask>, you're not going to be able to stop the other <mask>.
07/23/2022 03:24:28 - INFO - __main__ - <mask>'s face was still red from the beating he 'd taken from <mask>.
07/23/2022 03:24:28 - INFO - __main__ - <mask>'s eyes were wide as he stared at the group of <mask>.
07/23/2022 03:24:28 - INFO - __main__ - <mask> wasn't sure what to make of the new <mask>.
07/23/2022 03:24:28 - INFO - __main__ - <mask> was a member of the elite group of <mask>.
07/23/2022 03:24:28 - INFO - __main__ - <mask> looked at the other <mask>.
07/23/2022 03:24:28 - INFO - __main__ - <mask> had been a member of the original <mask>.
07/23/2022 03:24:28 - INFO - __main__ - <mask> and i were the only ones who knew about <mask>.
07/23/2022 03:24:28 - INFO - __main__ - ****************************
07/23/2022 03:24:28 - INFO - __main__ - *********References*********
07/23/2022 03:24:28 - INFO - __main__ - ['<mask> is a member of <mask>.']
07/23/2022 03:24:28 - INFO - __main__ - ****************************
07/23/2022 03:25:30 - INFO - __main__ - ***********Input************
07/23/2022 03:25:30 - INFO - __main__ - <mask> ( born 15 december 1990 in plymouth , trinidad and tobago ) , is an international football player from trinidad and tobagosoca warriors who plays as a <mask> for juticalpa .
07/23/2022 03:25:30 - INFO - __main__ - *********Hypothesis*********
07/23/2022 03:25:30 - INFO - __main__ - <mask>, a right <mask>.
07/23/2022 03:25:30 - INFO - __main__ - <mask> was the team's starting left <mask>.
07/23/2022 03:25:30 - INFO - __main__ - <mask> was the team's regular <mask>.
07/23/2022 03:25:30 - INFO - __main__ - <mask> started as a right <mask>.
07/23/2022 03:25:30 - INFO - __main__ - <mask> is a left-handed <mask>.
07/23/2022 03:25:30 - INFO - __main__ - <mask> was named the team's most valuable <mask>.
07/23/2022 03:25:30 - INFO - __main__ - <mask> was the team's starting <mask>.
07/23/2022 03:25:30 - INFO - __main__ - <mask> was a <mask>.
07/23/2022 03:25:30 - INFO - __main__ - <mask> is a left <mask>.
07/23/2022 03:25:30 - INFO - __main__ - <mask> is a <mask>.
07/23/2022 03:25:30 - INFO - __main__ - ****************************
07/23/2022 03:25:30 - INFO - __main__ - *********References*********
07/23/2022 03:25:30 - INFO - __main__ - ['<mask> plays in <mask> position.']
07/23/2022 03:25:30 - INFO - __main__ - ****************************
07/23/2022 03:25:58 - INFO - __main__ - ***********Input************
07/23/2022 03:25:58 - INFO - __main__ - <mask> ( born 14 september 1995 ) is a scottish professional footballer who plays as a <mask> for kilmarnock , on loan from newcastle united .
07/23/2022 03:25:58 - INFO - __main__ - *********Hypothesis*********
07/23/2022 03:25:58 - INFO - __main__ - <mask> – professional footballer who plays as a <mask>.
07/23/2022 03:25:58 - INFO - __main__ - <mask> is a professional footballer who plays as a <mask>.
07/23/2022 03:25:58 - INFO - __main__ - <mask> is a former professional footballer who played as a <mask>.
07/23/2022 03:25:58 - INFO - __main__ - <mask> – for services to the community as a <mask>.
07/23/2022 03:25:58 - INFO - __main__ - <mask>, professional footballer, <mask>.
07/23/2022 03:25:58 - INFO - __main__ - <mask>, footballer who plays as a <mask>.
07/23/2022 03:25:58 - INFO - __main__ - <mask> was the club's most successful <mask>.
07/23/2022 03:25:58 - INFO - __main__ - <mask> was a right-handed <mask>.
07/23/2022 03:25:58 - INFO - __main__ - <mask> played as a <mask>.
07/23/2022 03:25:58 - INFO - __main__ - <mask> is a former professional <mask>.
07/23/2022 03:25:58 - INFO - __main__ - ****************************
07/23/2022 03:25:58 - INFO - __main__ - *********References*********
07/23/2022 03:25:58 - INFO - __main__ - ['<mask> plays in <mask> position.']
07/23/2022 03:25:58 - INFO - __main__ - ****************************
07/23/2022 03:26:22 - INFO - __main__ - ***********Input************
07/23/2022 03:26:22 - INFO - __main__ - <mask> ( 15 september 1930 – 12 january 2006 ) was a swiss football <mask> who played for switzerland in the 1962 fifa world cup .
07/23/2022 03:26:22 - INFO - __main__ - *********Hypothesis*********
07/23/2022 03:26:22 - INFO - __main__ - <mask>, professional footballer, <mask>.
07/23/2022 03:26:22 - INFO - __main__ - <mask> was a <mask>.
07/23/2022 03:26:22 - INFO - __main__ - <mask> played as a <mask>.
07/23/2022 03:26:22 - INFO - __main__ - <mask> started his career as a <mask>.
07/23/2022 03:26:22 - INFO - __main__ - <mask> is a <mask>.
07/23/2022 03:26:22 - INFO - __main__ - ****************************
07/23/2022 03:26:22 - INFO - __main__ - *********References*********
07/23/2022 03:26:22 - INFO - __main__ - ['<mask> plays in <mask> position.']
07/23/2022 03:26:22 - INFO - __main__ - ****************************
07/23/2022 03:26:29 - INFO - __main__ - ***********Input************
07/23/2022 03:26:29 - INFO - __main__ - he belonged to the <mask> , of <mask> and bernard silvestris .
07/23/2022 03:26:29 - INFO - __main__ - *********Hypothesis*********
07/23/2022 03:26:29 - INFO - __main__ - <mask>, which was then part of <mask>.
07/23/2022 03:26:29 - INFO - __main__ - <mask>'s territory is now part of <mask>.
07/23/2022 03:26:29 - INFO - __main__ - <mask>'s name was changed to <mask>.
07/23/2022 03:26:29 - INFO - __main__ - <mask> was the name of a state in <mask>.
07/23/2022 03:26:29 - INFO - __main__ - <mask> was a part of <mask>.
07/23/2022 03:26:29 - INFO - __main__ - <mask> of bad kreuznach, now part of <mask>.
07/23/2022 03:26:29 - INFO - __main__ - <mask> is a historical region in <mask>.
07/23/2022 03:26:29 - INFO - __main__ - <mask> and its territories were then annexed by <mask>.
07/23/2022 03:26:29 - INFO - __main__ - <mask> p. peregrinus <mask>.
07/23/2022 03:26:29 - INFO - __main__ - <mask> b. baxteri <mask>.
07/23/2022 03:26:29 - INFO - __main__ - ****************************
07/23/2022 03:26:29 - INFO - __main__ - *********References*********
07/23/2022 03:26:29 - INFO - __main__ - ['<mask> is a member of <mask>.']
07/23/2022 03:26:29 - INFO - __main__ - ****************************
07/23/2022 03:26:29 - INFO - __main__ - Task: fewrel
07/23/2022 03:26:29 - INFO - __main__ - bleu-4: 0.013830540160274426
07/23/2022 03:26:29 - INFO - __main__ - bleu-3: 0.030686815396477437
07/23/2022 03:26:29 - INFO - __main__ - bleu-2: 0.11929224772876779
07/23/2022 03:26:29 - INFO - __main__ - bleu-1: 0.310947071893021
07/23/2022 03:26:29 - INFO - __main__ - METEOR: 0.29595295392633764
07/23/2022 03:26:29 - INFO - __main__ - ROUGE-L: 0.4218448354764144
07/23/2022 03:26:29 - INFO - __main__ - entailment score(mean-mean): 0.20717652637135567
07/23/2022 03:26:29 - INFO - __main__ - entailment score(mean-max): 0.5793080404051579
07/23/2022 03:26:29 - INFO - __main__ - entailment score(mean-min): 0.027819571867621563
07/23/2022 03:26:29 - INFO - __main__ - self-BLEU-2: 0.861329498460592
07/23/2022 03:26:29 - INFO - __main__ - avg: 0.19875907743021545
07/23/2022 03:26:29 - INFO - __main__ - *******************************************************
07/23/2022 03:26:29 - INFO - __main__ - *******************************************************
07/23/2022 03:26:29 - INFO - __main__ - *******************************************************
