07/22/2022 08:19:49 - INFO - __main__ - **************** MODEL CONFIGURATION ****************
07/22/2022 08:19:49 - INFO - __main__ - bart_training             -->   True
07/22/2022 08:19:49 - INFO - __main__ - device                    -->   0
07/22/2022 08:19:49 - INFO - __main__ - group_beam                -->   True
07/22/2022 08:19:49 - INFO - __main__ - if_then                   -->   False
07/22/2022 08:19:49 - INFO - __main__ - inductor                  -->   rule
07/22/2022 08:19:49 - INFO - __main__ - log_dir                   -->   logs_new_new_new/
07/22/2022 08:19:49 - INFO - __main__ - log_name                  -->   fewrel-k*k+mc+gs
07/22/2022 08:19:49 - INFO - __main__ - mlm_training              -->   True
07/22/2022 08:19:49 - INFO - __main__ - task                      -->   fewrel
07/22/2022 08:19:49 - INFO - __main__ - **************** MODEL CONFIGURATION ****************
07/22/2022 08:21:13 - INFO - __main__ - ***********Input************
07/22/2022 08:21:13 - INFO - __main__ - his guitar work on the title track is credited as what first drew <mask> to him , who two years later invited allman to join him as part of <mask> .
07/22/2022 08:21:13 - INFO - __main__ - *********Hypothesis*********
07/22/2022 08:21:13 - INFO - __main__ - <mask>, you're not a member of <mask>.
07/22/2022 08:21:13 - INFO - __main__ - <mask>'s father was a member of <mask>.
07/22/2022 08:21:13 - INFO - __main__ - <mask> was a member of <mask>.
07/22/2022 08:21:13 - INFO - __main__ - <mask>, you're a fan of <mask>.
07/22/2022 08:21:13 - INFO - __main__ - <mask>, the lead singer of <mask>.
07/22/2022 08:21:13 - INFO - __main__ - <mask>'s voice was like the sound of <mask>.
07/22/2022 08:21:13 - INFO - __main__ - <mask> was the drummer for the rock band <mask>.
07/22/2022 08:21:13 - INFO - __main__ - <mask> is an album by the rock band <mask>.
07/22/2022 08:21:13 - INFO - __main__ - <mask> is a song by <mask>.
07/22/2022 08:21:13 - INFO - __main__ - <mask> had never been a fan of <mask>.
07/22/2022 08:21:13 - INFO - __main__ - ****************************
07/22/2022 08:21:13 - INFO - __main__ - *********References*********
07/22/2022 08:21:13 - INFO - __main__ - ['<mask> is a member of <mask>.']
07/22/2022 08:21:13 - INFO - __main__ - ****************************
07/22/2022 08:21:20 - INFO - __main__ - ***********Input************
07/22/2022 08:21:20 - INFO - __main__ - in the summer of 1944 it opposed the <mask> ’s <mask> during the lvov - sandomir strategic offensive operation ( 13 july - 29 august 1944 ) .
07/22/2022 08:21:20 - INFO - __main__ - *********Hypothesis*********
07/22/2022 08:21:20 - INFO - __main__ - <mask>: the name of the new <mask>.
07/22/2022 08:21:20 - INFO - __main__ - <mask>, however, was not a unified <mask>.
07/22/2022 08:21:20 - INFO - __main__ - <mask>'s main goal was to destroy the entire <mask>.
07/22/2022 08:21:20 - INFO - __main__ - <mask> was the only major power to have a regular <mask>.
07/22/2022 08:21:20 - INFO - __main__ - <mask> forces were to be replaced by <mask>.
07/22/2022 08:21:20 - INFO - __main__ - <mask> and its allies were able to defeat the advancing <mask>.
07/22/2022 08:21:20 - INFO - __main__ - <mask> troops, however, were not as well trained as the regular <mask>.
07/22/2022 08:21:20 - INFO - __main__ - <mask> forces were to be replaced by the red <mask>.
07/22/2022 08:21:20 - INFO - __main__ - <mask>, however, had no intention of attacking <mask>.
07/22/2022 08:21:20 - INFO - __main__ - <mask> were not allowed to fly in the newly formed <mask>.
07/22/2022 08:21:20 - INFO - __main__ - ****************************
07/22/2022 08:21:20 - INFO - __main__ - *********References*********
07/22/2022 08:21:20 - INFO - __main__ - ['<mask> is part of <mask>.']
07/22/2022 08:21:20 - INFO - __main__ - ****************************
07/22/2022 08:21:27 - INFO - __main__ - ***********Input************
07/22/2022 08:21:27 - INFO - __main__ - the singles released from " <mask> " were " <mask> " , " stuck with me " , " brain stew / jaded " , and " walking contradiction " .
07/22/2022 08:21:27 - INFO - __main__ - *********Hypothesis*********
07/22/2022 08:21:27 - INFO - __main__ - <mask> was originally titled <mask>.
07/22/2022 08:21:27 - INFO - __main__ - <mask> is the debut studio album by the band <mask>.
07/22/2022 08:21:27 - INFO - __main__ - <mask> is a compilation album by the band <mask>.
07/22/2022 08:21:27 - INFO - __main__ - <mask>: the best side of <mask>.
07/22/2022 08:21:27 - INFO - __main__ - <mask> (2008) – <mask>.
07/22/2022 08:21:27 - INFO - __main__ - <mask> released a cover of "<mask>.
07/22/2022 08:21:27 - INFO - __main__ - <mask> included a cover of "<mask>.
07/22/2022 08:21:27 - INFO - __main__ - <mask> was preceded by the singles "<mask>.
07/22/2022 08:21:27 - INFO - __main__ - <mask> the other side., <mask>.
07/22/2022 08:21:27 - INFO - __main__ - <mask> is the debut album by <mask>.
07/22/2022 08:21:27 - INFO - __main__ - ****************************
07/22/2022 08:21:27 - INFO - __main__ - *********References*********
07/22/2022 08:21:27 - INFO - __main__ - ['<mask> is part of <mask>.']
07/22/2022 08:21:27 - INFO - __main__ - ****************************
07/22/2022 08:21:30 - INFO - __main__ - ***********Input************
07/22/2022 08:21:30 - INFO - __main__ - the occupancy of the show surpassed the <mask> films <mask> and freaky ali .
07/22/2022 08:21:30 - INFO - __main__ - *********Hypothesis*********
07/22/2022 08:21:30 - INFO - __main__ - <mask>'s most popular and popular animated film is <mask>.
07/22/2022 08:21:30 - INFO - __main__ - <mask>'s lion king series is aaddin, <mask>.
07/22/2022 08:21:30 - INFO - __main__ - <mask>'s animated film series is <mask>.
07/22/2022 08:21:30 - INFO - __main__ - <mask> was interested in developing a sequel to <mask>.
07/22/2022 08:21:30 - INFO - __main__ - <mask> is known for its animated films, including <mask>.
07/22/2022 08:21:30 - INFO - __main__ - <mask> has since released a number of sequels to <mask>.
07/22/2022 08:21:30 - INFO - __main__ - <mask> had previously used the same concept in <mask>.
07/22/2022 08:21:30 - INFO - __main__ - <mask>'s most famous film is <mask>.
07/22/2022 08:21:30 - INFO - __main__ - <mask> is the most popular genre of <mask>.
07/22/2022 08:21:30 - INFO - __main__ - <mask> has been known to use the term <mask>.
07/22/2022 08:21:30 - INFO - __main__ - ****************************
07/22/2022 08:21:30 - INFO - __main__ - *********References*********
07/22/2022 08:21:30 - INFO - __main__ - ['the original language of <mask> is <mask>.']
07/22/2022 08:21:30 - INFO - __main__ - ****************************
07/22/2022 08:21:34 - INFO - __main__ - ***********Input************
07/22/2022 08:21:34 - INFO - __main__ - it broadcasts mostly english language news and current affairs and also broadcasts <mask> the daily rté 1 <mask> language news television programme .
07/22/2022 08:21:34 - INFO - __main__ - *********Hypothesis*********
07/22/2022 08:21:34 - INFO - __main__ - <mask>, which broadcasts in <mask>.
07/22/2022 08:21:34 - INFO - __main__ - <mask>, however, continued to broadcast the series in <mask>.
07/22/2022 08:21:34 - INFO - __main__ - <mask> was the only international radio station to broadcast in <mask>.
07/22/2022 08:21:34 - INFO - __main__ - <mask> is an international radio station broadcasting in <mask>.
07/22/2022 08:21:34 - INFO - __main__ - <mask> is a radio station broadcasting in <mask>.
07/22/2022 08:21:34 - INFO - __main__ - <mask> has a news service that broadcasts in <mask>.
07/22/2022 08:21:34 - INFO - __main__ - <mask> broadcasts the show in <mask>.
07/22/2022 08:21:34 - INFO - __main__ - <mask> broadcasts the entire series in <mask>.
07/22/2022 08:21:34 - INFO - __main__ - <mask>, the official news agency of the country, is published in <mask>.
07/22/2022 08:21:34 - INFO - __main__ - <mask>, the country's national news agency, is published in <mask>.
07/22/2022 08:21:34 - INFO - __main__ - ****************************
07/22/2022 08:21:34 - INFO - __main__ - *********References*********
07/22/2022 08:21:34 - INFO - __main__ - ['the original language of <mask> is <mask>.']
07/22/2022 08:21:34 - INFO - __main__ - ****************************
07/22/2022 08:21:39 - INFO - __main__ - ***********Input************
07/22/2022 08:21:39 - INFO - __main__ - in 2009 to mark the 125th anniversary of the <mask> he was named by the irish news as one of the all - time best 125 footballers from <mask> .
07/22/2022 08:21:39 - INFO - __main__ - *********Hypothesis*********
07/22/2022 08:21:39 - INFO - __main__ - <mask>'s main aim is to promote the sport of association football in <mask>.
07/22/2022 08:21:39 - INFO - __main__ - <mask>'s aim is to promote and promote the sport of association football in <mask>.
07/22/2022 08:21:39 - INFO - __main__ - <mask> was founded to promote the sport of association football in <mask>.
07/22/2022 08:21:39 - INFO - __main__ - <mask> was formed as a result of a desire to promote the sport of association football in <mask>.
07/22/2022 08:21:39 - INFO - __main__ - <mask> is the only national governing body for football in <mask>.
07/22/2022 08:21:39 - INFO - __main__ - <mask> is the governing body for the sport of association football in <mask>.
07/22/2022 08:21:39 - INFO - __main__ - <mask> is a national association of football clubs in <mask>.
07/22/2022 08:21:39 - INFO - __main__ - <mask> has been a major influence on the development of the sport of association football in <mask>.
07/22/2022 08:21:39 - INFO - __main__ - <mask>'s main aim is to promote the sport of gaelic football in <mask>.
07/22/2022 08:21:39 - INFO - __main__ - <mask> was a major source of income for the people of <mask>.
07/22/2022 08:21:39 - INFO - __main__ - ****************************
07/22/2022 08:21:39 - INFO - __main__ - *********References*********
07/22/2022 08:21:39 - INFO - __main__ - ['<mask> is a member of <mask>.']
07/22/2022 08:21:39 - INFO - __main__ - ****************************
07/22/2022 08:21:45 - INFO - __main__ - ***********Input************
07/22/2022 08:21:45 - INFO - __main__ - as a sergeant in the australian imperial force , mcgee was awarded the victoria cross for his actions in the <mask> — part of the <mask> — on 4 october 1917 .
07/22/2022 08:21:45 - INFO - __main__ - *********Hypothesis*********
07/22/2022 08:21:45 - INFO - __main__ - <mask>'s brigade was then sent to <mask>.
07/22/2022 08:21:45 - INFO - __main__ - <mask>'s brigade fought in the subsequent <mask>.
07/22/2022 08:21:45 - INFO - __main__ - <mask> was then sent to <mask>.
07/22/2022 08:21:45 - INFO - __main__ - <mask> was the last major battle of the entire <mask>.
07/22/2022 08:21:45 - INFO - __main__ - <mask> was part of <mask>.
07/22/2022 08:21:45 - INFO - __main__ - <mask> was a major part of the victorious <mask>.
07/22/2022 08:21:45 - INFO - __main__ - <mask> fought in <mask>.
07/22/2022 08:21:45 - INFO - __main__ - ****************************
07/22/2022 08:21:45 - INFO - __main__ - *********References*********
07/22/2022 08:21:45 - INFO - __main__ - ['<mask> is part of <mask>.']
07/22/2022 08:21:45 - INFO - __main__ - ****************************
07/22/2022 08:21:50 - INFO - __main__ - ***********Input************
07/22/2022 08:21:50 - INFO - __main__ - petrovic made her on – screen debut with a small role in " <mask> " , a 2007 <mask> film directed by milčo mančevski .
07/22/2022 08:21:50 - INFO - __main__ - *********Hypothesis*********
07/22/2022 08:21:50 - INFO - __main__ - <mask> (,, ) is a literary magazine published in <mask>.
07/22/2022 08:21:50 - INFO - __main__ - <mask>: the history of the <mask>.
07/22/2022 08:21:50 - INFO - __main__ - <mask>, in the meantime, had been translated into <mask>.
07/22/2022 08:21:50 - INFO - __main__ - <mask>, however, was not a <mask>.
07/22/2022 08:21:50 - INFO - __main__ - <mask> was an important source for the development of <mask>.
07/22/2022 08:21:50 - INFO - __main__ - <mask> is the most popular and widely read newspaper in <mask>.
07/22/2022 08:21:50 - INFO - __main__ - <mask> is a name derived from <mask>.
07/22/2022 08:21:50 - INFO - __main__ - <mask> has been translated into several languages, including <mask>.
07/22/2022 08:21:50 - INFO - __main__ - <mask>: the history of <mask>.
07/22/2022 08:21:50 - INFO - __main__ - <mask>, however, was not a complete <mask>.
07/22/2022 08:21:50 - INFO - __main__ - ****************************
07/22/2022 08:21:50 - INFO - __main__ - *********References*********
07/22/2022 08:21:50 - INFO - __main__ - ['the original language of <mask> is <mask>.']
07/22/2022 08:21:50 - INFO - __main__ - ****************************
07/22/2022 08:21:56 - INFO - __main__ - ***********Input************
07/22/2022 08:21:56 - INFO - __main__ - the film is a remake of <mask> movie " <mask> " , starring krishnam raju , jayasudha in the lead roles .
07/22/2022 08:21:56 - INFO - __main__ - *********Hypothesis*********
07/22/2022 08:21:56 - INFO - __main__ - <mask> was the language of the people and the language spoken by <mask>.
07/22/2022 08:21:56 - INFO - __main__ - <mask> was spoken by the majority of the population, followed by <mask>.
07/22/2022 08:21:56 - INFO - __main__ - <mask> was his native language and he was a native of <mask>.
07/22/2022 08:21:56 - INFO - __main__ - <mask> version of the film was dubbed into telugu <mask>.
07/22/2022 08:21:56 - INFO - __main__ - <mask> version of the film was dubbed into <mask>.
07/22/2022 08:21:56 - INFO - __main__ - <mask> is the official language, but there are some exceptions such as <mask>.
07/22/2022 08:21:56 - INFO - __main__ - <mask> is the official language of <mask>.
07/22/2022 08:21:56 - INFO - __main__ - <mask> is the mother tongue of the people and the main language is <mask>.
07/22/2022 08:21:56 - INFO - __main__ - <mask> is spoken by a large number of people in <mask>.
07/22/2022 08:21:56 - INFO - __main__ - <mask> has a similar word order to <mask>.
07/22/2022 08:21:56 - INFO - __main__ - ****************************
07/22/2022 08:21:56 - INFO - __main__ - *********References*********
07/22/2022 08:21:56 - INFO - __main__ - ['the original language of <mask> is <mask>.']
07/22/2022 08:21:56 - INFO - __main__ - ****************************
07/22/2022 08:22:02 - INFO - __main__ - ***********Input************
07/22/2022 08:22:02 - INFO - __main__ - fear and trembling ( original title : <mask> ) is a 2003 <mask> film based on the novel of the same name by amélie nothomb .
07/22/2022 08:22:02 - INFO - __main__ - *********Hypothesis*********
07/22/2022 08:22:02 - INFO - __main__ - <mask>, meaning "the one who is the most beautiful" in <mask>.
07/22/2022 08:22:02 - INFO - __main__ - <mask> was a very popular and well-known character in <mask>.
07/22/2022 08:22:02 - INFO - __main__ - <mask> means "the one who is beautiful" in <mask>.
07/22/2022 08:22:02 - INFO - __main__ - <mask> means "the flower" in <mask>.
07/22/2022 08:22:02 - INFO - __main__ - <mask> (the fénelon) is a song in <mask>.
07/22/2022 08:22:02 - INFO - __main__ - <mask> means "lovely" in <mask>.
07/22/2022 08:22:02 - INFO - __main__ - <mask> means "beautiful" or "beautifully beautiful" in <mask>.
07/22/2022 08:22:02 - INFO - __main__ - <mask>, meaning "the one who is not" in <mask>.
07/22/2022 08:22:02 - INFO - __main__ - <mask>'s name means "the one who is not afraid" in <mask>.
07/22/2022 08:22:02 - INFO - __main__ - <mask> was a very popular and popular character in <mask>.
07/22/2022 08:22:02 - INFO - __main__ - ****************************
07/22/2022 08:22:02 - INFO - __main__ - *********References*********
07/22/2022 08:22:02 - INFO - __main__ - ['the original language of <mask> is <mask>.']
07/22/2022 08:22:02 - INFO - __main__ - ****************************
07/22/2022 08:22:08 - INFO - __main__ - ***********Input************
07/22/2022 08:22:08 - INFO - __main__ - <mask> ( born 10 january 1990 ) is a german footballer who plays as a <mask> for spvgg unterhaching .
07/22/2022 08:22:08 - INFO - __main__ - *********Hypothesis*********
07/22/2022 08:22:08 - INFO - __main__ - <mask>, professional footballer, <mask>.
07/22/2022 08:22:08 - INFO - __main__ - <mask>, footballer who plays as a <mask>.
07/22/2022 08:22:08 - INFO - __main__ - <mask> was the club's most successful <mask>.
07/22/2022 08:22:08 - INFO - __main__ - <mask> started his career as a <mask>.
07/22/2022 08:22:08 - INFO - __main__ - <mask> played as a <mask>.
07/22/2022 08:22:08 - INFO - __main__ - <mask> is a <mask>.
07/22/2022 08:22:08 - INFO - __main__ - ****************************
07/22/2022 08:22:08 - INFO - __main__ - *********References*********
07/22/2022 08:22:08 - INFO - __main__ - ['<mask> plays in <mask> position.']
07/22/2022 08:22:08 - INFO - __main__ - ****************************
07/22/2022 08:22:15 - INFO - __main__ - ***********Input************
07/22/2022 08:22:15 - INFO - __main__ - wester ross is well known for its mountain scenery , especially the <mask> which includes such peaks as beinn eighe and <mask> .
07/22/2022 08:22:15 - INFO - __main__ - *********Hypothesis*********
07/22/2022 08:22:15 - INFO - __main__ - <mask> lies to the west and north of <mask>.
07/22/2022 08:22:15 - INFO - __main__ - <mask> lies to the north of <mask>.
07/22/2022 08:22:15 - INFO - __main__ - <mask>'s name is a corruption of <mask>.
07/22/2022 08:22:15 - INFO - __main__ - <mask> was the son of <mask>.
07/22/2022 08:22:15 - INFO - __main__ - <mask> was originally a part of the parish of <mask>.
07/22/2022 08:22:15 - INFO - __main__ - <mask> – the highest point is <mask>.
07/22/2022 08:22:15 - INFO - __main__ - <mask> and its surrounding area are known as <mask>.
07/22/2022 08:22:15 - INFO - __main__ - <mask> is an old name for <mask>.
07/22/2022 08:22:15 - INFO - __main__ - <mask> is a variant form of <mask>.
07/22/2022 08:22:15 - INFO - __main__ - <mask> is a short form of <mask>.
07/22/2022 08:22:15 - INFO - __main__ - ****************************
07/22/2022 08:22:15 - INFO - __main__ - *********References*********
07/22/2022 08:22:15 - INFO - __main__ - ['<mask> is part of <mask>.']
07/22/2022 08:22:15 - INFO - __main__ - ****************************
07/22/2022 08:22:21 - INFO - __main__ - ***********Input************
07/22/2022 08:22:21 - INFO - __main__ - <mask> ( born 23 august 1994 ) is an afghan international footballer who plays as a <mask> .
07/22/2022 08:22:21 - INFO - __main__ - *********Hypothesis*********
07/22/2022 08:22:21 - INFO - __main__ - <mask> started his career as a <mask>.
07/22/2022 08:22:21 - INFO - __main__ - <mask> plays as a <mask>.
07/22/2022 08:22:21 - INFO - __main__ - <mask> played as a <mask>.
07/22/2022 08:22:21 - INFO - __main__ - <mask> is a <mask>.
07/22/2022 08:22:21 - INFO - __main__ - <mask> began his career as a <mask>.
07/22/2022 08:22:21 - INFO - __main__ - ****************************
07/22/2022 08:22:21 - INFO - __main__ - *********References*********
07/22/2022 08:22:21 - INFO - __main__ - ['<mask> plays in <mask> position.']
07/22/2022 08:22:21 - INFO - __main__ - ****************************
07/22/2022 08:22:27 - INFO - __main__ - ***********Input************
07/22/2022 08:22:27 - INFO - __main__ - the company was formed by steve nardelli and <mask> of the psychedelic prog band <mask> .
07/22/2022 08:22:27 - INFO - __main__ - *********Hypothesis*********
07/22/2022 08:22:27 - INFO - __main__ - <mask>, who was a former <mask>.
07/22/2022 08:22:27 - INFO - __main__ - <mask> was an original member of <mask>.
07/22/2022 08:22:27 - INFO - __main__ - <mask> was a member of <mask>.
07/22/2022 08:22:27 - INFO - __main__ - <mask> was a member of the <mask>.
07/22/2022 08:22:27 - INFO - __main__ - <mask> was a founding member of <mask>.
07/22/2022 08:22:27 - INFO - __main__ - <mask> is an <mask>.
07/22/2022 08:22:27 - INFO - __main__ - <mask> is a member of <mask>.
07/22/2022 08:22:27 - INFO - __main__ - <mask> is a former <mask>.
07/22/2022 08:22:27 - INFO - __main__ - <mask> had been a member of <mask>.
07/22/2022 08:22:27 - INFO - __main__ - ****************************
07/22/2022 08:22:27 - INFO - __main__ - *********References*********
07/22/2022 08:22:27 - INFO - __main__ - ['<mask> is a member of <mask>.']
07/22/2022 08:22:27 - INFO - __main__ - ****************************
07/22/2022 08:22:33 - INFO - __main__ - ***********Input************
07/22/2022 08:22:33 - INFO - __main__ - the <mask> ( ) metro station is located on the red line of the <mask> .
07/22/2022 08:22:33 - INFO - __main__ - *********Hypothesis*********
07/22/2022 08:22:33 - INFO - __main__ - <mask>: aer rundfunk <mask>.
07/22/2022 08:22:33 - INFO - __main__ - <mask>, a metro rundfunk metro.– <mask>.
07/22/2022 08:22:33 - INFO - __main__ - <mask> is the name of a station on <mask>.
07/22/2022 08:22:33 - INFO - __main__ - <mask> has been a frequent stop for <mask>.
07/22/2022 08:22:33 - INFO - __main__ - <mask>'s metro station is a station on the,, and <mask>.
07/22/2022 08:22:33 - INFO - __main__ - <mask> metro is the westernmost station of <mask>.
07/22/2022 08:22:33 - INFO - __main__ - <mask> metro is a rapid transit system, a branch of <mask>.
07/22/2022 08:22:33 - INFO - __main__ - <mask> is the nearest <mask>.
07/22/2022 08:22:33 - INFO - __main__ - <mask>'s rapid transit system is <mask>.
07/22/2022 08:22:33 - INFO - __main__ - <mask>'s metro system is the <mask>.
07/22/2022 08:22:33 - INFO - __main__ - ****************************
07/22/2022 08:22:33 - INFO - __main__ - *********References*********
07/22/2022 08:22:33 - INFO - __main__ - ['<mask> is part of <mask>.']
07/22/2022 08:22:33 - INFO - __main__ - ****************************
07/22/2022 08:22:38 - INFO - __main__ - ***********Input************
07/22/2022 08:22:38 - INFO - __main__ - kane 's ultimate version was introduced in " ultimate x - men " # 76 , where he is once again a partner to <mask> , domino and the other <mask> team members .
07/22/2022 08:22:38 - INFO - __main__ - *********Hypothesis*********
07/22/2022 08:22:38 - INFO - __main__ - <mask>, you're not going to be able to stop the other <mask>.
07/22/2022 08:22:38 - INFO - __main__ - <mask>'s face was still red from the beating he 'd taken from <mask>.
07/22/2022 08:22:38 - INFO - __main__ - <mask>'s eyes were wide as he stared at the group of <mask>.
07/22/2022 08:22:38 - INFO - __main__ - <mask> wasn't sure what to make of the new <mask>.
07/22/2022 08:22:38 - INFO - __main__ - <mask> was a member of the elite group of <mask>.
07/22/2022 08:22:38 - INFO - __main__ - <mask> looked at the other <mask>.
07/22/2022 08:22:38 - INFO - __main__ - <mask> had been a member of the original <mask>.
07/22/2022 08:22:38 - INFO - __main__ - <mask> and i were the only ones who knew about <mask>.
07/22/2022 08:22:38 - INFO - __main__ - ****************************
07/22/2022 08:22:38 - INFO - __main__ - *********References*********
07/22/2022 08:22:38 - INFO - __main__ - ['<mask> is a member of <mask>.']
07/22/2022 08:22:38 - INFO - __main__ - ****************************
07/22/2022 08:22:47 - INFO - __main__ - ***********Input************
07/22/2022 08:22:47 - INFO - __main__ - <mask> ( born 15 december 1990 in plymouth , trinidad and tobago ) , is an international football player from trinidad and tobagosoca warriors who plays as a <mask> for juticalpa .
07/22/2022 08:22:47 - INFO - __main__ - *********Hypothesis*********
07/22/2022 08:22:47 - INFO - __main__ - <mask> was the team's <mask>.
07/22/2022 08:22:47 - INFO - __main__ - <mask> played as a <mask>.
07/22/2022 08:22:47 - INFO - __main__ - <mask> started his career as a <mask>.
07/22/2022 08:22:47 - INFO - __main__ - <mask> is a <mask>.
07/22/2022 08:22:47 - INFO - __main__ - ****************************
07/22/2022 08:22:47 - INFO - __main__ - *********References*********
07/22/2022 08:22:47 - INFO - __main__ - ['<mask> plays in <mask> position.']
07/22/2022 08:22:47 - INFO - __main__ - ****************************
07/22/2022 08:22:53 - INFO - __main__ - ***********Input************
07/22/2022 08:22:53 - INFO - __main__ - <mask> ( born 14 september 1995 ) is a scottish professional footballer who plays as a <mask> for kilmarnock , on loan from newcastle united .
07/22/2022 08:22:53 - INFO - __main__ - *********Hypothesis*********
07/22/2022 08:22:53 - INFO - __main__ - <mask>, who played as a <mask>.
07/22/2022 08:22:53 - INFO - __main__ - <mask>, footballer who plays as a <mask>.
07/22/2022 08:22:53 - INFO - __main__ - <mask> – professional footballer who plays as a <mask>.
07/22/2022 08:22:53 - INFO - __main__ - <mask> – for services to the community as a <mask>.
07/22/2022 08:22:53 - INFO - __main__ - <mask> was the club's most successful <mask>.
07/22/2022 08:22:53 - INFO - __main__ - <mask> was a right-handed <mask>.
07/22/2022 08:22:53 - INFO - __main__ - <mask> played as a <mask>.
07/22/2022 08:22:53 - INFO - __main__ - <mask> is a professional footballer who plays as a <mask>.
07/22/2022 08:22:53 - INFO - __main__ - <mask> is a former professional footballer who played as a <mask>.
07/22/2022 08:22:53 - INFO - __main__ - <mask>: former professional <mask>.
07/22/2022 08:22:53 - INFO - __main__ - ****************************
07/22/2022 08:22:53 - INFO - __main__ - *********References*********
07/22/2022 08:22:53 - INFO - __main__ - ['<mask> plays in <mask> position.']
07/22/2022 08:22:53 - INFO - __main__ - ****************************
07/22/2022 08:23:00 - INFO - __main__ - ***********Input************
07/22/2022 08:23:00 - INFO - __main__ - <mask> ( 15 september 1930 – 12 january 2006 ) was a swiss football <mask> who played for switzerland in the 1962 fifa world cup .
07/22/2022 08:23:00 - INFO - __main__ - *********Hypothesis*********
07/22/2022 08:23:00 - INFO - __main__ - <mask>, footballer who plays as a <mask>.
07/22/2022 08:23:00 - INFO - __main__ - <mask> started his career as a <mask>.
07/22/2022 08:23:00 - INFO - __main__ - <mask> played as a <mask>.
07/22/2022 08:23:00 - INFO - __main__ - <mask> is a <mask>.
07/22/2022 08:23:00 - INFO - __main__ - <mask>, professional footballer <mask>.
07/22/2022 08:23:00 - INFO - __main__ - <mask> is a professional <mask>.
07/22/2022 08:23:00 - INFO - __main__ - ****************************
07/22/2022 08:23:00 - INFO - __main__ - *********References*********
07/22/2022 08:23:00 - INFO - __main__ - ['<mask> plays in <mask> position.']
07/22/2022 08:23:00 - INFO - __main__ - ****************************
07/22/2022 08:23:05 - INFO - __main__ - ***********Input************
07/22/2022 08:23:05 - INFO - __main__ - he belonged to the <mask> , of <mask> and bernard silvestris .
07/22/2022 08:23:05 - INFO - __main__ - *********Hypothesis*********
07/22/2022 08:23:05 - INFO - __main__ - <mask>, et al., eds., & <mask>.
07/22/2022 08:23:05 - INFO - __main__ - <mask> is the most widely used name for <mask>.
07/22/2022 08:23:05 - INFO - __main__ - <mask> is a monotypic genus of flowering plants,as in <mask>.
07/22/2022 08:23:05 - INFO - __main__ - <mask> is a genus of flowering plantscoreas in <mask>.
07/22/2022 08:23:05 - INFO - __main__ - <mask> has been used as a generic name for the entire <mask>.
07/22/2022 08:23:05 - INFO - __main__ - <mask>, the lamiy-like <mask>.
07/22/2022 08:23:05 - INFO - __main__ - <mask>, the ducal <mask>.
07/22/2022 08:23:05 - INFO - __main__ - <mask> l. l. of the <mask>.
07/22/2022 08:23:05 - INFO - __main__ - <mask>, the duchy and <mask>.
07/22/2022 08:23:05 - INFO - __main__ - <mask> was formerly a subfamily of <mask>.
07/22/2022 08:23:05 - INFO - __main__ - ****************************
07/22/2022 08:23:05 - INFO - __main__ - *********References*********
07/22/2022 08:23:05 - INFO - __main__ - ['<mask> is a member of <mask>.']
07/22/2022 08:23:05 - INFO - __main__ - ****************************
07/22/2022 08:23:06 - INFO - __main__ - Task: fewrel
07/22/2022 08:23:06 - INFO - __main__ - bleu-4: 0.01903747450039756
07/22/2022 08:23:06 - INFO - __main__ - bleu-3: 0.04255213078116679
07/22/2022 08:23:06 - INFO - __main__ - bleu-2: 0.11435982199348982
07/22/2022 08:23:06 - INFO - __main__ - bleu-1: 0.3173020065698038
07/22/2022 08:23:06 - INFO - __main__ - METEOR: 0.2890099899666471
07/22/2022 08:23:06 - INFO - __main__ - ROUGE-L: 0.42933216695382337
07/22/2022 08:23:06 - INFO - __main__ - entailment score(mean-mean): 0.21929894455756377
07/22/2022 08:23:06 - INFO - __main__ - entailment score(mean-max): 0.6278431500541046
07/22/2022 08:23:06 - INFO - __main__ - entailment score(mean-min): 0.007082576020729902
07/22/2022 08:23:06 - INFO - __main__ - self-BLEU-2: 0.872106580779534
07/22/2022 08:23:06 - INFO - __main__ - avg: 0.20193226512755472
07/22/2022 08:23:06 - INFO - __main__ - *******************************************************
07/22/2022 08:23:06 - INFO - __main__ - *******************************************************
07/22/2022 08:23:06 - INFO - __main__ - *******************************************************
