07/23/2022 06:23:38 - INFO - __main__ - **************** MODEL CONFIGURATION ****************
07/23/2022 06:23:38 - INFO - __main__ - bart_training             -->   True
07/23/2022 06:23:38 - INFO - __main__ - device                    -->   5
07/23/2022 06:23:38 - INFO - __main__ - dpp                       -->   True
07/23/2022 06:23:38 - INFO - __main__ - group_beam                -->   True
07/23/2022 06:23:38 - INFO - __main__ - if_then                   -->   False
07/23/2022 06:23:38 - INFO - __main__ - inductor                  -->   rule
07/23/2022 06:23:38 - INFO - __main__ - log_dir                   -->   logs_new_new_new/
07/23/2022 06:23:38 - INFO - __main__ - log_name                  -->   google-k*k+gs+dpp
07/23/2022 06:23:38 - INFO - __main__ - mcgs                      -->   True
07/23/2022 06:23:38 - INFO - __main__ - mlm_training              -->   True
07/23/2022 06:23:38 - INFO - __main__ - task                      -->   google-re
07/23/2022 06:23:38 - INFO - __main__ - **************** MODEL CONFIGURATION ****************
07/23/2022 06:25:00 - INFO - __main__ - ***********Input************
07/23/2022 06:25:00 - INFO - __main__ - <mask> (b. 1954 in <mask>) is a best-selling American author of romance novels .
07/23/2022 06:25:00 - INFO - __main__ - *********Hypothesis*********
07/23/2022 06:25:00 - INFO - __main__ - <mask>, a new city <mask>.
07/23/2022 06:25:00 - INFO - __main__ - <mask> is a writer and editor based in <mask>.
07/23/2022 06:25:00 - INFO - __main__ - <mask> was born in <mask>.
07/23/2022 06:25:00 - INFO - __main__ - <mask> was born and raised in <mask>.
07/23/2022 06:25:00 - INFO - __main__ - <mask> is an artist based in <mask>.
07/23/2022 06:25:00 - INFO - __main__ - <mask> is a writer and artist based in <mask>.
07/23/2022 06:25:00 - INFO - __main__ - <mask> is a former professional tennis player from <mask>.
07/23/2022 06:25:00 - INFO - __main__ - <mask> grew up in <mask>.
07/23/2022 06:25:00 - INFO - __main__ - ****************************
07/23/2022 06:25:00 - INFO - __main__ - *********References*********
07/23/2022 06:25:00 - INFO - __main__ - ['the place where <mask> was born is <mask>.']
07/23/2022 06:25:00 - INFO - __main__ - ****************************
07/23/2022 06:25:09 - INFO - __main__ - ***********Input************
07/23/2022 06:25:09 - INFO - __main__ - <mask> (born c.<mask> Chapel Hill, North Carolina) is an American director and designer of experimental theatre from New York City .
07/23/2022 06:25:09 - INFO - __main__ - *********Hypothesis*********
07/23/2022 06:25:09 - INFO - __main__ - <mask>, who was born in <mask>.
07/23/2022 06:25:09 - INFO - __main__ - <mask>, a former president, was elected in <mask>.
07/23/2022 06:25:09 - INFO - __main__ - <mask>, born in <mask>.
07/23/2022 06:25:09 - INFO - __main__ - <mask> y la paz, <mask>.
07/23/2022 06:25:09 - INFO - __main__ - <mask> was born in <mask>.
07/23/2022 06:25:09 - INFO - __main__ - <mask> was born <mask>.
07/23/2022 06:25:09 - INFO - __main__ - <mask> died in <mask>.
07/23/2022 06:25:09 - INFO - __main__ - <mask>, jr. (born in <mask>.
07/23/2022 06:25:09 - INFO - __main__ - <mask>, (born in <mask>.
07/23/2022 06:25:09 - INFO - __main__ - <mask> (born in <mask>.
07/23/2022 06:25:09 - INFO - __main__ - ****************************
07/23/2022 06:25:09 - INFO - __main__ - *********References*********
07/23/2022 06:25:09 - INFO - __main__ - ['the date when <mask> was born is <mask>.']
07/23/2022 06:25:09 - INFO - __main__ - ****************************
07/23/2022 06:25:15 - INFO - __main__ - ***********Input************
07/23/2022 06:25:15 - INFO - __main__ - <mask> (born c <mask>) is a former softball player and coach .
07/23/2022 06:25:15 - INFO - __main__ - *********Hypothesis*********
07/23/2022 06:25:15 - INFO - __main__ - no proper relation hypothesis
07/23/2022 06:25:15 - INFO - __main__ - ****************************
07/23/2022 06:25:15 - INFO - __main__ - *********References*********
07/23/2022 06:25:15 - INFO - __main__ - ['the date when <mask> was born is <mask>.']
07/23/2022 06:25:15 - INFO - __main__ - ****************************
07/23/2022 06:25:15 - WARNING - __main__ - Skip self-bleu-2 in example: <mask> (born c <mask>) is a former softball player and coach ..
07/23/2022 06:25:19 - INFO - __main__ - ***********Input************
07/23/2022 06:25:19 - INFO - __main__ - <mask> (1738--1811) was a British composer and organist born in <mask> .
07/23/2022 06:25:19 - INFO - __main__ - *********Hypothesis*********
07/23/2022 06:25:19 - INFO - __main__ - <mask>,, deputy chief constable, city of <mask>.
07/23/2022 06:25:19 - INFO - __main__ - <mask>, lately assistant superintendent of police, <mask>.
07/23/2022 06:25:19 - INFO - __main__ - <mask>,, chief constable, city of <mask>.
07/23/2022 06:25:19 - INFO - __main__ - <mask>, chief constable, city of <mask>.
07/23/2022 06:25:19 - INFO - __main__ - <mask>, a prominent local businessman, was born in <mask>.
07/23/2022 06:25:19 - INFO - __main__ - <mask> was born and died in <mask>.
07/23/2022 06:25:19 - INFO - __main__ - <mask> was a merchant and politician in <mask>.
07/23/2022 06:25:19 - INFO - __main__ - <mask> is a former professional footballer who played for <mask>.
07/23/2022 06:25:19 - INFO - __main__ - <mask>,, deputy mayor of <mask>.
07/23/2022 06:25:19 - INFO - __main__ - <mask> was born and raised in <mask>.
07/23/2022 06:25:19 - INFO - __main__ - ****************************
07/23/2022 06:25:19 - INFO - __main__ - *********References*********
07/23/2022 06:25:19 - INFO - __main__ - ['the place where <mask> was born is <mask>.']
07/23/2022 06:25:19 - INFO - __main__ - ****************************
07/23/2022 06:25:25 - INFO - __main__ - ***********Input************
07/23/2022 06:25:25 - INFO - __main__ - <mask> (b. February 11, 1955, <mask>, Tennessee - d July 2, 2007, Tiburon, California) was an American artist .
07/23/2022 06:25:25 - INFO - __main__ - *********Hypothesis*********
07/23/2022 06:25:25 - INFO - __main__ - <mask>, who was born in <mask>.
07/23/2022 06:25:25 - INFO - __main__ - <mask>, the first woman to be elected mayor of <mask>.
07/23/2022 06:25:25 - INFO - __main__ - <mask> is a writer and editor based in <mask>.
07/23/2022 06:25:25 - INFO - __main__ - <mask> is a former mayor of <mask>.
07/23/2022 06:25:25 - INFO - __main__ - <mask>, the daughter of a wealthy family, was raised in <mask>.
07/23/2022 06:25:25 - INFO - __main__ - <mask>, actress, was born in <mask>.
07/23/2022 06:25:25 - INFO - __main__ - <mask> was born in <mask>.
07/23/2022 06:25:25 - INFO - __main__ - <mask> was born and raised in <mask>.
07/23/2022 06:25:25 - INFO - __main__ - <mask> is a singer-songwriter from <mask>.
07/23/2022 06:25:25 - INFO - __main__ - <mask> is a former professional basketball player who played for <mask>.
07/23/2022 06:25:25 - INFO - __main__ - ****************************
07/23/2022 06:25:25 - INFO - __main__ - *********References*********
07/23/2022 06:25:25 - INFO - __main__ - ['the place where <mask> was born is <mask>.']
07/23/2022 06:25:25 - INFO - __main__ - ****************************
07/23/2022 06:25:30 - INFO - __main__ - ***********Input************
07/23/2022 06:25:30 - INFO - __main__ - <mask> (c. <mask> - 25 August 1785) was a British diplomat and politician who sat in the House of Commons between 1762 and 1774 .
07/23/2022 06:25:30 - INFO - __main__ - *********Hypothesis*********
07/23/2022 06:25:30 - INFO - __main__ - <mask>, who was a prominent local merchant, was born in <mask>.
07/23/2022 06:25:30 - INFO - __main__ - <mask>, a local merchant, was the owner of the house in <mask>.
07/23/2022 06:25:30 - INFO - __main__ - <mask> was the last surviving member of the family, who died in <mask>.
07/23/2022 06:25:30 - INFO - __main__ - <mask> was born in the village in <mask>.
07/23/2022 06:25:30 - INFO - __main__ - <mask> of st. mary's, who died in <mask>.
07/23/2022 06:25:30 - INFO - __main__ - <mask> had been a member of the council since <mask>.
07/23/2022 06:25:30 - INFO - __main__ - <mask> (1715–1772) was born in <mask>.
07/23/2022 06:25:30 - INFO - __main__ - <mask> was born in <mask>.
07/23/2022 06:25:30 - INFO - __main__ - <mask> died unmarried in <mask>.
07/23/2022 06:25:30 - INFO - __main__ - <mask> (1715–1792) was born in <mask>.
07/23/2022 06:25:30 - INFO - __main__ - ****************************
07/23/2022 06:25:30 - INFO - __main__ - *********References*********
07/23/2022 06:25:30 - INFO - __main__ - ['the date when <mask> was born is <mask>.']
07/23/2022 06:25:30 - INFO - __main__ - ****************************
07/23/2022 06:25:37 - INFO - __main__ - ***********Input************
07/23/2022 06:25:37 - INFO - __main__ - <mask> (born December 28th, <mask>) is a United States of America Democratic political consultant and activist who has worked on six presidential campaigns, served as Policy Director for the Speaker of the House in Connecticut, and served as the National Coordinated Campaign Director for both the 1992 and 1996 Presidential campaigns of Bill Clinton .
07/23/2022 06:25:37 - INFO - __main__ - *********Hypothesis*********
07/23/2022 06:25:37 - INFO - __main__ - <mask>, the history of the world, <mask>.
07/23/2022 06:25:37 - INFO - __main__ - <mask> was elected president in <mask>.
07/23/2022 06:25:37 - INFO - __main__ - <mask> was born in <mask>.
07/23/2022 06:25:37 - INFO - __main__ - <mask> was appointed as the new president in <mask>.
07/23/2022 06:25:37 - INFO - __main__ - <mask> joined the firm in <mask>.
07/23/2022 06:25:37 - INFO - __main__ - <mask> has been the editor-in-chief since <mask>.
07/23/2022 06:25:37 - INFO - __main__ - <mask> began his career as a journalist in <mask>.
07/23/2022 06:25:37 - INFO - __main__ - <mask> became the company's president in <mask>.
07/23/2022 06:25:37 - INFO - __main__ - <mask>, a former state senator, was elected in <mask>.
07/23/2022 06:25:37 - INFO - __main__ - ****************************
07/23/2022 06:25:37 - INFO - __main__ - *********References*********
07/23/2022 06:25:37 - INFO - __main__ - ['the date when <mask> was born is <mask>.']
07/23/2022 06:25:37 - INFO - __main__ - ****************************
07/23/2022 06:25:45 - INFO - __main__ - ***********Input************
07/23/2022 06:25:45 - INFO - __main__ - <mask> (born <mask> in Vlorë, Albania) is a singer who at fourtheen moved to Pistoia, Italy were he remains with his parents and three brothers .
07/23/2022 06:25:45 - INFO - __main__ - *********Hypothesis*********
07/23/2022 06:25:45 - INFO - __main__ - <mask> was born to <mask>.
07/23/2022 06:25:45 - INFO - __main__ - <mask> was born <mask>.
07/23/2022 06:25:45 - INFO - __main__ - <mask> is married to <mask>.
07/23/2022 06:25:45 - INFO - __main__ - ****************************
07/23/2022 06:25:45 - INFO - __main__ - *********References*********
07/23/2022 06:25:45 - INFO - __main__ - ['the date when <mask> was born is <mask>.']
07/23/2022 06:25:45 - INFO - __main__ - ****************************
07/23/2022 06:25:50 - INFO - __main__ - ***********Input************
07/23/2022 06:25:50 - INFO - __main__ - <mask> (born 27 September 1974, in <mask>, India) is a former Indian cricketer .
07/23/2022 06:25:50 - INFO - __main__ - *********Hypothesis*********
07/23/2022 06:25:50 - INFO - __main__ - <mask>, the son of a rich businessman, lives in <mask>.
07/23/2022 06:25:50 - INFO - __main__ - <mask> was born in <mask>.
07/23/2022 06:25:50 - INFO - __main__ - <mask> was born in a <mask>.
07/23/2022 06:25:50 - INFO - __main__ - <mask> was born and brought up in <mask>.
07/23/2022 06:25:50 - INFO - __main__ - <mask> started his career as a journalist in <mask>.
07/23/2022 06:25:50 - INFO - __main__ - <mask> is a young man who lives in <mask>.
07/23/2022 06:25:50 - INFO - __main__ - <mask> is a film director from <mask>.
07/23/2022 06:25:50 - INFO - __main__ - <mask> has been a resident of <mask>.
07/23/2022 06:25:50 - INFO - __main__ - <mask>, the director of the film, was born in <mask>.
07/23/2022 06:25:50 - INFO - __main__ - <mask> is a film director and producer based in <mask>.
07/23/2022 06:25:50 - INFO - __main__ - ****************************
07/23/2022 06:25:50 - INFO - __main__ - *********References*********
07/23/2022 06:25:50 - INFO - __main__ - ['the place where <mask> was born is <mask>.']
07/23/2022 06:25:50 - INFO - __main__ - ****************************
07/23/2022 06:25:55 - INFO - __main__ - ***********Input************
07/23/2022 06:25:55 - INFO - __main__ - <mask> (1806-1867) was an American physician, born in <mask>, Massachusetts .
07/23/2022 06:25:55 - INFO - __main__ - *********Hypothesis*********
07/23/2022 06:25:55 - INFO - __main__ - <mask>, the son of a wealthy merchant, was born in <mask>.
07/23/2022 06:25:55 - INFO - __main__ - <mask>, a prominent local businessman, was born in <mask>.
07/23/2022 06:25:55 - INFO - __main__ - <mask> was born and raised in <mask>.
07/23/2022 06:25:55 - INFO - __main__ - <mask> was a merchant and politician in <mask>.
07/23/2022 06:25:55 - INFO - __main__ - <mask> is an architect, who was born in <mask>.
07/23/2022 06:25:55 - INFO - __main__ - <mask> (1818–1896), who died in <mask>.
07/23/2022 06:25:55 - INFO - __main__ - <mask>, a prominent lawyer, was born in <mask>.
07/23/2022 06:25:55 - INFO - __main__ - <mask>, a lawyer, was born in <mask>.
07/23/2022 06:25:55 - INFO - __main__ - <mask> was born in <mask>.
07/23/2022 06:25:55 - INFO - __main__ - <mask> is the current mayor of <mask>.
07/23/2022 06:25:55 - INFO - __main__ - ****************************
07/23/2022 06:25:55 - INFO - __main__ - *********References*********
07/23/2022 06:25:55 - INFO - __main__ - ['the place where <mask> was born is <mask>.']
07/23/2022 06:25:55 - INFO - __main__ - ****************************
07/23/2022 06:25:59 - INFO - __main__ - ***********Input************
07/23/2022 06:25:59 - INFO - __main__ - A Conservative, the Honourable <mask> served until his death in 1871 in <mask>, Ontario .
07/23/2022 06:25:59 - INFO - __main__ - *********Hypothesis*********
07/23/2022 06:25:59 - INFO - __main__ - <mask> is a former member of the band <mask>.
07/23/2022 06:25:59 - INFO - __main__ - <mask>'s father was a lawyer in <mask>.
07/23/2022 06:25:59 - INFO - __main__ - <mask> was born and raised in <mask>.
07/23/2022 06:25:59 - INFO - __main__ - <mask> is a native of <mask>.
07/23/2022 06:25:59 - INFO - __main__ - <mask> began his career as a journalist in <mask>.
07/23/2022 06:25:59 - INFO - __main__ - <mask>'s father was a lawyer and a judge in <mask>.
07/23/2022 06:25:59 - INFO - __main__ - <mask>'s family had been involved in the lumber industry in <mask>.
07/23/2022 06:25:59 - INFO - __main__ - <mask> was born and raised in the city of <mask>.
07/23/2022 06:25:59 - INFO - __main__ - <mask> was a member of the board of directors of the city of <mask>.
07/23/2022 06:25:59 - INFO - __main__ - <mask> had been a member of the council for <mask>.
07/23/2022 06:25:59 - INFO - __main__ - ****************************
07/23/2022 06:25:59 - INFO - __main__ - *********References*********
07/23/2022 06:25:59 - INFO - __main__ - ['the place where <mask> died is <mask>.']
07/23/2022 06:25:59 - INFO - __main__ - ****************************
07/23/2022 06:26:03 - INFO - __main__ - ***********Input************
07/23/2022 06:26:03 - INFO - __main__ - <mask> died at <mask> BC December 20, 1959 age 85 .
07/23/2022 06:26:03 - INFO - __main__ - *********Hypothesis*********
07/23/2022 06:26:03 - INFO - __main__ - <mask>'s father was a lawyer in <mask>.
07/23/2022 06:26:03 - INFO - __main__ - <mask> was born and raised in <mask>.
07/23/2022 06:26:03 - INFO - __main__ - <mask> is a former mayor of <mask>.
07/23/2022 06:26:03 - INFO - __main__ - <mask>'s father was a lawyer and a prominent lawyer in <mask>.
07/23/2022 06:26:03 - INFO - __main__ - <mask>'s family moved to the city of <mask>.
07/23/2022 06:26:03 - INFO - __main__ - <mask> was born and raised in the suburbs of <mask>.
07/23/2022 06:26:03 - INFO - __main__ - <mask> was born and raised in the city of <mask>.
07/23/2022 06:26:03 - INFO - __main__ - <mask> is currently working as a freelance writer in <mask>.
07/23/2022 06:26:03 - INFO - __main__ - <mask> is a former member of the band <mask>.
07/23/2022 06:26:03 - INFO - __main__ - <mask> has been a long-time resident of <mask>.
07/23/2022 06:26:03 - INFO - __main__ - ****************************
07/23/2022 06:26:03 - INFO - __main__ - *********References*********
07/23/2022 06:26:03 - INFO - __main__ - ['the place where <mask> died is <mask>.']
07/23/2022 06:26:03 - INFO - __main__ - ****************************
07/23/2022 06:26:09 - INFO - __main__ - ***********Input************
07/23/2022 06:26:09 - INFO - __main__ - Considered by some in the art world to be one of the last of the Surrealists, <mask> died in his home in <mask> on April 25, 2008, aged 99 Donati's health had been failing since involved, as a passenger, in a taxi accident in July, 2007 .
07/23/2022 06:26:09 - INFO - __main__ - *********Hypothesis*********
07/23/2022 06:26:09 - INFO - __main__ - <mask>'s work is represented by the museo di storia civica in <mask>.
07/23/2022 06:26:09 - INFO - __main__ - <mask>'s work is represented by a number of public artworks in <mask>.
07/23/2022 06:26:09 - INFO - __main__ - <mask>'s father was a lawyer and his mother was a teacher in <mask>.
07/23/2022 06:26:09 - INFO - __main__ - <mask> was born in the city of <mask>.
07/23/2022 06:26:09 - INFO - __main__ - <mask> was born and died in <mask>.
07/23/2022 06:26:09 - INFO - __main__ - <mask> started his career as a journalist in <mask>.
07/23/2022 06:26:09 - INFO - __main__ - <mask> is a native of the city of <mask>.
07/23/2022 06:26:09 - INFO - __main__ - <mask> is a member of the accademia di belle arti di <mask>.
07/23/2022 06:26:09 - INFO - __main__ - <mask> began his career as a journalist in <mask>.
07/23/2022 06:26:09 - INFO - __main__ - ****************************
07/23/2022 06:26:09 - INFO - __main__ - *********References*********
07/23/2022 06:26:09 - INFO - __main__ - ['the place where <mask> died is <mask>.']
07/23/2022 06:26:09 - INFO - __main__ - ****************************
07/23/2022 06:26:12 - INFO - __main__ - ***********Input************
07/23/2022 06:26:12 - INFO - __main__ - <mask> died of pneumonia in 1990 at his home in <mask>, California .
07/23/2022 06:26:12 - INFO - __main__ - *********Hypothesis*********
07/23/2022 06:26:12 - INFO - __main__ - <mask>'s father was a successful real estate developer in <mask>.
07/23/2022 06:26:12 - INFO - __main__ - <mask>'s family moved to the city of <mask>.
07/23/2022 06:26:12 - INFO - __main__ - <mask> was born and raised in <mask>.
07/23/2022 06:26:12 - INFO - __main__ - <mask> is a native of <mask>.
07/23/2022 06:26:12 - INFO - __main__ - <mask> has been a resident of <mask>.
07/23/2022 06:26:12 - INFO - __main__ - <mask>'s father was a successful businessman in <mask>.
07/23/2022 06:26:12 - INFO - __main__ - <mask>'s family moved to <mask>.
07/23/2022 06:26:12 - INFO - __main__ - <mask> was raised in the suburbs of <mask>.
07/23/2022 06:26:12 - INFO - __main__ - <mask> currently lives with his family in <mask>.
07/23/2022 06:26:12 - INFO - __main__ - <mask> began his career as a professional dancer in <mask>.
07/23/2022 06:26:12 - INFO - __main__ - ****************************
07/23/2022 06:26:12 - INFO - __main__ - *********References*********
07/23/2022 06:26:12 - INFO - __main__ - ['the place where <mask> died is <mask>.']
07/23/2022 06:26:12 - INFO - __main__ - ****************************
07/23/2022 06:26:18 - INFO - __main__ - ***********Input************
07/23/2022 06:26:18 - INFO - __main__ - <mask> died in 1888 in <mask>, Germany and is buried, together with his wife, Sophie in Weißensee .
07/23/2022 06:26:18 - INFO - __main__ - *********Hypothesis*********
07/23/2022 06:26:18 - INFO - __main__ - <mask>'s father was a lawyer in <mask>.
07/23/2022 06:26:18 - INFO - __main__ - <mask>'s family moved to <mask>.
07/23/2022 06:26:18 - INFO - __main__ - <mask>'s family moved to a <mask>.
07/23/2022 06:26:18 - INFO - __main__ - <mask> was born in <mask>.
07/23/2022 06:26:18 - INFO - __main__ - <mask> was born and died in <mask>.
07/23/2022 06:26:18 - INFO - __main__ - <mask> studied law at the university of <mask>.
07/23/2022 06:26:18 - INFO - __main__ - <mask> is a native of <mask>.
07/23/2022 06:26:18 - INFO - __main__ - <mask> had been a member of the city council of <mask>.
07/23/2022 06:26:18 - INFO - __main__ - <mask> was born in the city of <mask>.
07/23/2022 06:26:18 - INFO - __main__ - <mask> was born in the <mask>.
07/23/2022 06:26:18 - INFO - __main__ - ****************************
07/23/2022 06:26:18 - INFO - __main__ - *********References*********
07/23/2022 06:26:18 - INFO - __main__ - ['the place where <mask> died is <mask>.']
07/23/2022 06:26:18 - INFO - __main__ - ****************************
07/23/2022 06:26:18 - INFO - __main__ - Task: google-re
07/23/2022 06:26:18 - INFO - __main__ - bleu-4: 5.918116638671543e-79
07/23/2022 06:26:18 - INFO - __main__ - bleu-3: 0.039228318492034044
07/23/2022 06:26:18 - INFO - __main__ - bleu-2: 0.08022853797173601
07/23/2022 06:26:18 - INFO - __main__ - bleu-1: 0.30571043423820743
07/23/2022 06:26:18 - INFO - __main__ - METEOR: 0.2260951687581617
07/23/2022 06:26:18 - INFO - __main__ - ROUGE-L: 0.36566103011328066
07/23/2022 06:26:18 - INFO - __main__ - entailment score(mean-mean): 0.11361272318829903
07/23/2022 06:26:18 - INFO - __main__ - entailment score(mean-max): 0.5471638342986505
07/23/2022 06:26:18 - INFO - __main__ - entailment score(mean-min): 0.0028922640786428625
07/23/2022 06:26:18 - INFO - __main__ - self-BLEU-2: 0.8833208862528373
07/23/2022 06:26:18 - INFO - __main__ - avg: 0.16948724826223663
07/23/2022 06:26:18 - INFO - __main__ - *******************************************************
07/23/2022 06:26:18 - INFO - __main__ - *******************************************************
07/23/2022 06:26:18 - INFO - __main__ - *******************************************************
