07/22/2022 08:19:49 - INFO - __main__ - **************** MODEL CONFIGURATION ****************
07/22/2022 08:19:49 - INFO - __main__ - bart_training             -->   True
07/22/2022 08:19:49 - INFO - __main__ - device                    -->   5
07/22/2022 08:19:49 - INFO - __main__ - group_beam                -->   True
07/22/2022 08:19:49 - INFO - __main__ - if_then                   -->   False
07/22/2022 08:19:49 - INFO - __main__ - inductor                  -->   rule
07/22/2022 08:19:49 - INFO - __main__ - log_dir                   -->   logs_new_new_new/
07/22/2022 08:19:49 - INFO - __main__ - log_name                  -->   google-k*k+mc+gs
07/22/2022 08:19:49 - INFO - __main__ - mlm_training              -->   True
07/22/2022 08:19:49 - INFO - __main__ - task                      -->   google-re
07/22/2022 08:19:49 - INFO - __main__ - **************** MODEL CONFIGURATION ****************
07/22/2022 08:21:16 - INFO - __main__ - ***********Input************
07/22/2022 08:21:16 - INFO - __main__ - <mask> (b. 1954 in <mask>) is a best-selling American author of romance novels .
07/22/2022 08:21:16 - INFO - __main__ - *********Hypothesis*********
07/22/2022 08:21:16 - INFO - __main__ - <mask>, actress, lives in <mask>.
07/22/2022 08:21:16 - INFO - __main__ - <mask> was born in <mask>.
07/22/2022 08:21:16 - INFO - __main__ - <mask> was born and raised in <mask>.
07/22/2022 08:21:16 - INFO - __main__ - <mask> lives and works in <mask>.
07/22/2022 08:21:16 - INFO - __main__ - <mask> is an artist based in <mask>.
07/22/2022 08:21:16 - INFO - __main__ - <mask> is a writer and artist based in <mask>.
07/22/2022 08:21:16 - INFO - __main__ - <mask> is a visual artist based in <mask>.
07/22/2022 08:21:16 - INFO - __main__ - <mask> is a singer-songwriter from <mask>.
07/22/2022 08:21:16 - INFO - __main__ - <mask> grew up in <mask>.
07/22/2022 08:21:16 - INFO - __main__ - <mask>, is a writer and editor based in <mask>.
07/22/2022 08:21:16 - INFO - __main__ - ****************************
07/22/2022 08:21:16 - INFO - __main__ - *********References*********
07/22/2022 08:21:16 - INFO - __main__ - ['the place where <mask> was born is <mask>.']
07/22/2022 08:21:16 - INFO - __main__ - ****************************
07/22/2022 08:21:25 - INFO - __main__ - ***********Input************
07/22/2022 08:21:25 - INFO - __main__ - <mask> (born c.<mask> Chapel Hill, North Carolina) is an American director and designer of experimental theatre from New York City .
07/22/2022 08:21:25 - INFO - __main__ - *********Hypothesis*********
07/22/2022 08:21:25 - INFO - __main__ - <mask> was born <mask>.
07/22/2022 08:21:25 - INFO - __main__ - <mask> died in <mask>.
07/22/2022 08:21:25 - INFO - __main__ - <mask>, (born in <mask>.
07/22/2022 08:21:25 - INFO - __main__ - <mask> (born in <mask>.
07/22/2022 08:21:25 - INFO - __main__ - <mask>, jr. (born <mask>.
07/22/2022 08:21:25 - INFO - __main__ - <mask>, a in <mask>.
07/22/2022 08:21:25 - INFO - __main__ - <mask> was born in <mask>.
07/22/2022 08:21:25 - INFO - __main__ - ****************************
07/22/2022 08:21:25 - INFO - __main__ - *********References*********
07/22/2022 08:21:25 - INFO - __main__ - ['the date when <mask> was born is <mask>.']
07/22/2022 08:21:25 - INFO - __main__ - ****************************
07/22/2022 08:21:34 - INFO - __main__ - ***********Input************
07/22/2022 08:21:34 - INFO - __main__ - <mask> (born c <mask>) is a former softball player and coach .
07/22/2022 08:21:34 - INFO - __main__ - *********Hypothesis*********
07/22/2022 08:21:34 - INFO - __main__ - <mask> (1931 an <mask>.
07/22/2022 08:21:34 - INFO - __main__ - ****************************
07/22/2022 08:21:34 - INFO - __main__ - *********References*********
07/22/2022 08:21:34 - INFO - __main__ - ['the date when <mask> was born is <mask>.']
07/22/2022 08:21:34 - INFO - __main__ - ****************************
07/22/2022 08:21:34 - WARNING - __main__ - Skip self-bleu-2 in example: <mask> (born c <mask>) is a former softball player and coach ..
07/22/2022 08:21:40 - INFO - __main__ - ***********Input************
07/22/2022 08:21:40 - INFO - __main__ - <mask> (1738--1811) was a British composer and organist born in <mask> .
07/22/2022 08:21:40 - INFO - __main__ - *********Hypothesis*********
07/22/2022 08:21:40 - INFO - __main__ - <mask> was born and raised in the east end of <mask>.
07/22/2022 08:21:40 - INFO - __main__ - <mask> (1790–1865), who died in <mask>.
07/22/2022 08:21:40 - INFO - __main__ - <mask>,, chief constable, city of <mask>.
07/22/2022 08:21:40 - INFO - __main__ - <mask>, superintendent of police, metropolitan police, <mask>.
07/22/2022 08:21:40 - INFO - __main__ - <mask>, chief superintendent, metropolitan police, <mask>.
07/22/2022 08:21:40 - INFO - __main__ - <mask> was the son of a merchant from <mask>.
07/22/2022 08:21:40 - INFO - __main__ - <mask> was born and raised in <mask>.
07/22/2022 08:21:40 - INFO - __main__ - <mask> was a successful merchant and politician in <mask>.
07/22/2022 08:21:40 - INFO - __main__ - <mask> is an artist and writer based in <mask>.
07/22/2022 08:21:40 - INFO - __main__ - <mask> is a former professional footballer who played for <mask>.
07/22/2022 08:21:40 - INFO - __main__ - ****************************
07/22/2022 08:21:40 - INFO - __main__ - *********References*********
07/22/2022 08:21:40 - INFO - __main__ - ['the place where <mask> was born is <mask>.']
07/22/2022 08:21:40 - INFO - __main__ - ****************************
07/22/2022 08:21:46 - INFO - __main__ - ***********Input************
07/22/2022 08:21:46 - INFO - __main__ - <mask> (b. February 11, 1955, <mask>, Tennessee - d July 2, 2007, Tiburon, California) was an American artist .
07/22/2022 08:21:46 - INFO - __main__ - *********Hypothesis*********
07/22/2022 08:21:46 - INFO - __main__ - <mask>, former mayor of <mask>.
07/22/2022 08:21:46 - INFO - __main__ - <mask> – of <mask>.
07/22/2022 08:21:46 - INFO - __main__ - <mask> is a former mayor of <mask>.
07/22/2022 08:21:46 - INFO - __main__ - <mask>, the first woman to serve as mayor of <mask>.
07/22/2022 08:21:46 - INFO - __main__ - <mask> is an attorney and former mayor of <mask>.
07/22/2022 08:21:46 - INFO - __main__ - <mask> is a native of <mask>.
07/22/2022 08:21:46 - INFO - __main__ - <mask>, a former mayor of <mask>.
07/22/2022 08:21:46 - INFO - __main__ - <mask> was born in <mask>.
07/22/2022 08:21:46 - INFO - __main__ - <mask> was born and raised in <mask>.
07/22/2022 08:21:46 - INFO - __main__ - <mask> is the current mayor of <mask>.
07/22/2022 08:21:46 - INFO - __main__ - ****************************
07/22/2022 08:21:46 - INFO - __main__ - *********References*********
07/22/2022 08:21:46 - INFO - __main__ - ['the place where <mask> was born is <mask>.']
07/22/2022 08:21:46 - INFO - __main__ - ****************************
07/22/2022 08:21:53 - INFO - __main__ - ***********Input************
07/22/2022 08:21:53 - INFO - __main__ - <mask> (c. <mask> - 25 August 1785) was a British diplomat and politician who sat in the House of Commons between 1762 and 1774 .
07/22/2022 08:21:53 - INFO - __main__ - *********Hypothesis*********
07/22/2022 08:21:53 - INFO - __main__ - <mask> died in <mask>.
07/22/2022 08:21:53 - INFO - __main__ - <mask>, who was a prominent local merchant, was born in the <mask>.
07/22/2022 08:21:53 - INFO - __main__ - <mask>, who was a prominent local merchant, was born in <mask>.
07/22/2022 08:21:53 - INFO - __main__ - <mask>, a prominent local merchant, was born here in <mask>.
07/22/2022 08:21:53 - INFO - __main__ - <mask>, a local merchant, was the owner of the house in <mask>.
07/22/2022 08:21:53 - INFO - __main__ - <mask> was the last surviving member of the family, who died in <mask>.
07/22/2022 08:21:53 - INFO - __main__ - <mask> was born in the village in <mask>.
07/22/2022 08:21:53 - INFO - __main__ - <mask> was appointed as a justice of the peace in <mask>.
07/22/2022 08:21:53 - INFO - __main__ - <mask> of st. mary's, who died in <mask>.
07/22/2022 08:21:53 - INFO - __main__ - <mask> had been a member of the council since <mask>.
07/22/2022 08:21:53 - INFO - __main__ - ****************************
07/22/2022 08:21:53 - INFO - __main__ - *********References*********
07/22/2022 08:21:53 - INFO - __main__ - ['the date when <mask> was born is <mask>.']
07/22/2022 08:21:53 - INFO - __main__ - ****************************
07/22/2022 08:22:01 - INFO - __main__ - ***********Input************
07/22/2022 08:22:01 - INFO - __main__ - <mask> (born December 28th, <mask>) is a United States of America Democratic political consultant and activist who has worked on six presidential campaigns, served as Policy Director for the Speaker of the House in Connecticut, and served as the National Coordinated Campaign Director for both the 1992 and 1996 Presidential campaigns of Bill Clinton .
07/22/2022 08:22:01 - INFO - __main__ - *********Hypothesis*********
07/22/2022 08:22:01 - INFO - __main__ - <mask>, who had been the editor since <mask>.
07/22/2022 08:22:01 - INFO - __main__ - <mask>, the history of the world, <mask>.
07/22/2022 08:22:01 - INFO - __main__ - <mask> was born in <mask>.
07/22/2022 08:22:01 - INFO - __main__ - <mask> was appointed as the new president in <mask>.
07/22/2022 08:22:01 - INFO - __main__ - <mask> is a retired professional basketball player who played in the nba from <mask>.
07/22/2022 08:22:01 - INFO - __main__ - <mask> has been the editor-in-chief since <mask>.
07/22/2022 08:22:01 - INFO - __main__ - <mask> began his career as a journalist in <mask>.
07/22/2022 08:22:01 - INFO - __main__ - <mask> became the company's president in <mask>.
07/22/2022 08:22:01 - INFO - __main__ - <mask>, a former member of the group, was elected as its president in <mask>.
07/22/2022 08:22:01 - INFO - __main__ - <mask> was the last surviving member of the original group, who died in <mask>.
07/22/2022 08:22:01 - INFO - __main__ - ****************************
07/22/2022 08:22:01 - INFO - __main__ - *********References*********
07/22/2022 08:22:01 - INFO - __main__ - ['the date when <mask> was born is <mask>.']
07/22/2022 08:22:01 - INFO - __main__ - ****************************
07/22/2022 08:22:10 - INFO - __main__ - ***********Input************
07/22/2022 08:22:10 - INFO - __main__ - <mask> (born <mask> in Vlorë, Albania) is a singer who at fourtheen moved to Pistoia, Italy were he remains with his parents and three brothers .
07/22/2022 08:22:10 - INFO - __main__ - *********Hypothesis*********
07/22/2022 08:22:10 - INFO - __main__ - <mask> is the son of thein <mask>.
07/22/2022 08:22:10 - INFO - __main__ - <mask> was born in the village of <mask>.
07/22/2022 08:22:10 - INFO - __main__ - <mask> was born in <mask>.
07/22/2022 08:22:10 - INFO - __main__ - <mask> is the younger brother of fellow footballer <mask>.
07/22/2022 08:22:10 - INFO - __main__ - <mask> is the son of the former footballer and manager <mask>.
07/22/2022 08:22:10 - INFO - __main__ - <mask> has a twin brother, <mask>.
07/22/2022 08:22:10 - INFO - __main__ - <mask>, son of <mask>.
07/22/2022 08:22:10 - INFO - __main__ - <mask> was a brother of <mask>.
07/22/2022 08:22:10 - INFO - __main__ - <mask> is the son of <mask>.
07/22/2022 08:22:10 - INFO - __main__ - <mask> is married to <mask>.
07/22/2022 08:22:10 - INFO - __main__ - ****************************
07/22/2022 08:22:10 - INFO - __main__ - *********References*********
07/22/2022 08:22:10 - INFO - __main__ - ['the date when <mask> was born is <mask>.']
07/22/2022 08:22:10 - INFO - __main__ - ****************************
07/22/2022 08:22:16 - INFO - __main__ - ***********Input************
07/22/2022 08:22:16 - INFO - __main__ - <mask> (born 27 September 1974, in <mask>, India) is a former Indian cricketer .
07/22/2022 08:22:16 - INFO - __main__ - *********Hypothesis*********
07/22/2022 08:22:16 - INFO - __main__ - <mask> was born in <mask>.
07/22/2022 08:22:16 - INFO - __main__ - <mask> is a young man who lives in <mask>.
07/22/2022 08:22:16 - INFO - __main__ - <mask>, a young man, is a young boy from <mask>.
07/22/2022 08:22:16 - INFO - __main__ - <mask> is an actor from <mask>.
07/22/2022 08:22:16 - INFO - __main__ - <mask> is a film director from <mask>.
07/22/2022 08:22:16 - INFO - __main__ - <mask>, a lawyer, was born in <mask>.
07/22/2022 08:22:16 - INFO - __main__ - <mask> was born and brought up in <mask>.
07/22/2022 08:22:16 - INFO - __main__ - <mask> started his career as a journalist and later moved to <mask>.
07/22/2022 08:22:16 - INFO - __main__ - <mask> lives with his family in <mask>.
07/22/2022 08:22:16 - INFO - __main__ - <mask> is an entrepreneur and lives in <mask>.
07/22/2022 08:22:16 - INFO - __main__ - ****************************
07/22/2022 08:22:16 - INFO - __main__ - *********References*********
07/22/2022 08:22:16 - INFO - __main__ - ['the place where <mask> was born is <mask>.']
07/22/2022 08:22:16 - INFO - __main__ - ****************************
07/22/2022 08:22:22 - INFO - __main__ - ***********Input************
07/22/2022 08:22:22 - INFO - __main__ - <mask> (1806-1867) was an American physician, born in <mask>, Massachusetts .
07/22/2022 08:22:22 - INFO - __main__ - *********Hypothesis*********
07/22/2022 08:22:22 - INFO - __main__ - <mask>, jr. was born in <mask>.
07/22/2022 08:22:22 - INFO - __main__ - <mask>, a prominent lawyer, was born in <mask>.
07/22/2022 08:22:22 - INFO - __main__ - <mask>, a lawyer, was born in <mask>.
07/22/2022 08:22:22 - INFO - __main__ - <mask> – of <mask>.
07/22/2022 08:22:22 - INFO - __main__ - <mask> (1836–1909), who died in <mask>.
07/22/2022 08:22:22 - INFO - __main__ - <mask>, who was a prominent local businessman, was born in <mask>.
07/22/2022 08:22:22 - INFO - __main__ - <mask>, was a lawyer and politician from <mask>.
07/22/2022 08:22:22 - INFO - __main__ - <mask>, a prominent local businessman, was born in <mask>.
07/22/2022 08:22:22 - INFO - __main__ - <mask> was born in <mask>.
07/22/2022 08:22:22 - INFO - __main__ - <mask> was born and raised in <mask>.
07/22/2022 08:22:22 - INFO - __main__ - ****************************
07/22/2022 08:22:22 - INFO - __main__ - *********References*********
07/22/2022 08:22:22 - INFO - __main__ - ['the place where <mask> was born is <mask>.']
07/22/2022 08:22:22 - INFO - __main__ - ****************************
07/22/2022 08:22:26 - INFO - __main__ - ***********Input************
07/22/2022 08:22:26 - INFO - __main__ - A Conservative, the Honourable <mask> served until his death in 1871 in <mask>, Ontario .
07/22/2022 08:22:26 - INFO - __main__ - *********Hypothesis*********
07/22/2022 08:22:26 - INFO - __main__ - <mask>'s family moved to <mask>.
07/22/2022 08:22:26 - INFO - __main__ - <mask> was born in the city of <mask>.
07/22/2022 08:22:26 - INFO - __main__ - <mask> is a resident of <mask>.
07/22/2022 08:22:26 - INFO - __main__ - <mask> is a native of <mask>.
07/22/2022 08:22:26 - INFO - __main__ - <mask> has been a prominent advocate for the arts in <mask>.
07/22/2022 08:22:26 - INFO - __main__ - <mask>'s father was a lawyer in <mask>.
07/22/2022 08:22:26 - INFO - __main__ - <mask>'s family moved to the suburbs of <mask>.
07/22/2022 08:22:26 - INFO - __main__ - <mask> was born and raised in <mask>.
07/22/2022 08:22:26 - INFO - __main__ - <mask> is currently a freelance writer based in <mask>.
07/22/2022 08:22:26 - INFO - __main__ - <mask> is a native of the city of <mask>.
07/22/2022 08:22:26 - INFO - __main__ - ****************************
07/22/2022 08:22:26 - INFO - __main__ - *********References*********
07/22/2022 08:22:26 - INFO - __main__ - ['the place where <mask> died is <mask>.']
07/22/2022 08:22:26 - INFO - __main__ - ****************************
07/22/2022 08:22:30 - INFO - __main__ - ***********Input************
07/22/2022 08:22:30 - INFO - __main__ - <mask> died at <mask> BC December 20, 1959 age 85 .
07/22/2022 08:22:30 - INFO - __main__ - *********Hypothesis*********
07/22/2022 08:22:30 - INFO - __main__ - <mask>'s work has been exhibited in galleries.vern of <mask>.
07/22/2022 08:22:30 - INFO - __main__ - <mask>'s father was a lawyer and a prominent figure in the city of <mask>.
07/22/2022 08:22:30 - INFO - __main__ - <mask>'s father was a lawyer and his mother was a teacher in <mask>.
07/22/2022 08:22:30 - INFO - __main__ - <mask>'s family moved to the city of <mask>.
07/22/2022 08:22:30 - INFO - __main__ - <mask> was born and raised in the suburbs of <mask>.
07/22/2022 08:22:30 - INFO - __main__ - <mask> was born and raised in the city of <mask>.
07/22/2022 08:22:30 - INFO - __main__ - <mask> was a member of the board of directors of the city of <mask>.
07/22/2022 08:22:30 - INFO - __main__ - <mask> is currently working on a new album in <mask>.
07/22/2022 08:22:30 - INFO - __main__ - <mask> is a former member of the band <mask>.
07/22/2022 08:22:30 - INFO - __main__ - <mask> has been a long-time resident of <mask>.
07/22/2022 08:22:30 - INFO - __main__ - ****************************
07/22/2022 08:22:30 - INFO - __main__ - *********References*********
07/22/2022 08:22:30 - INFO - __main__ - ['the place where <mask> died is <mask>.']
07/22/2022 08:22:30 - INFO - __main__ - ****************************
07/22/2022 08:22:37 - INFO - __main__ - ***********Input************
07/22/2022 08:22:37 - INFO - __main__ - Considered by some in the art world to be one of the last of the Surrealists, <mask> died in his home in <mask> on April 25, 2008, aged 99 Donati's health had been failing since involved, as a passenger, in a taxi accident in July, 2007 .
07/22/2022 08:22:37 - INFO - __main__ - *********Hypothesis*********
07/22/2022 08:22:37 - INFO - __main__ - <mask>'s work was not confined to <mask>.
07/22/2022 08:22:37 - INFO - __main__ - <mask>'s father was a lawyer and his mother a teacher in <mask>.
07/22/2022 08:22:37 - INFO - __main__ - <mask>'s family were well-known in <mask>.
07/22/2022 08:22:37 - INFO - __main__ - <mask> was born in the city of <mask>.
07/22/2022 08:22:37 - INFO - __main__ - <mask> was born and died in <mask>.
07/22/2022 08:22:37 - INFO - __main__ - <mask> is a surname originating from the city of <mask>.
07/22/2022 08:22:37 - INFO - __main__ - <mask> is a native of the city of <mask>.
07/22/2022 08:22:37 - INFO - __main__ - <mask> had been a member of the accademia di belle arti in <mask>.
07/22/2022 08:22:37 - INFO - __main__ - ****************************
07/22/2022 08:22:37 - INFO - __main__ - *********References*********
07/22/2022 08:22:37 - INFO - __main__ - ['the place where <mask> died is <mask>.']
07/22/2022 08:22:37 - INFO - __main__ - ****************************
07/22/2022 08:22:41 - INFO - __main__ - ***********Input************
07/22/2022 08:22:41 - INFO - __main__ - <mask> died of pneumonia in 1990 at his home in <mask>, California .
07/22/2022 08:22:41 - INFO - __main__ - *********Hypothesis*********
07/22/2022 08:22:41 - INFO - __main__ - <mask>'s father was a successful real estate developer in <mask>.
07/22/2022 08:22:41 - INFO - __main__ - <mask>'s family moved to <mask>.
07/22/2022 08:22:41 - INFO - __main__ - <mask> is currently a resident of <mask>.
07/22/2022 08:22:41 - INFO - __main__ - <mask> has been involved in the arts and culture in <mask>.
07/22/2022 08:22:41 - INFO - __main__ - <mask> grew up in the suburbs of <mask>.
07/22/2022 08:22:41 - INFO - __main__ - <mask> currently lives with his family in <mask>.
07/22/2022 08:22:41 - INFO - __main__ - <mask>'s father was a successful real estate broker in <mask>.
07/22/2022 08:22:41 - INFO - __main__ - <mask>'s family moved to the city of <mask>.
07/22/2022 08:22:41 - INFO - __main__ - <mask> was born and raised in <mask>.
07/22/2022 08:22:41 - INFO - __main__ - <mask> is a native of <mask>.
07/22/2022 08:22:41 - INFO - __main__ - ****************************
07/22/2022 08:22:41 - INFO - __main__ - *********References*********
07/22/2022 08:22:41 - INFO - __main__ - ['the place where <mask> died is <mask>.']
07/22/2022 08:22:41 - INFO - __main__ - ****************************
07/22/2022 08:22:47 - INFO - __main__ - ***********Input************
07/22/2022 08:22:47 - INFO - __main__ - <mask> died in 1888 in <mask>, Germany and is buried, together with his wife, Sophie in Weißensee .
07/22/2022 08:22:47 - INFO - __main__ - *********Hypothesis*********
07/22/2022 08:22:47 - INFO - __main__ - <mask>'s father was a lawyer in <mask>.
07/22/2022 08:22:47 - INFO - __main__ - <mask>'s family moved to the <mask>.
07/22/2022 08:22:47 - INFO - __main__ - <mask> was born and died in <mask>.
07/22/2022 08:22:47 - INFO - __main__ - <mask> is a native of <mask>.
07/22/2022 08:22:47 - INFO - __main__ - <mask> died in a hospital in <mask>.
07/22/2022 08:22:47 - INFO - __main__ - <mask> and his wife lived and worked in <mask>.
07/22/2022 08:22:47 - INFO - __main__ - <mask> was born in <mask>.
07/22/2022 08:22:47 - INFO - __main__ - <mask>'s family moved to <mask>.
07/22/2022 08:22:47 - INFO - __main__ - <mask> had been a member of the city council of <mask>.
07/22/2022 08:22:47 - INFO - __main__ - <mask> studied law at the university of <mask>.
07/22/2022 08:22:47 - INFO - __main__ - ****************************
07/22/2022 08:22:47 - INFO - __main__ - *********References*********
07/22/2022 08:22:47 - INFO - __main__ - ['the place where <mask> died is <mask>.']
07/22/2022 08:22:47 - INFO - __main__ - ****************************
07/22/2022 08:22:47 - INFO - __main__ - Task: google-re
07/22/2022 08:22:47 - INFO - __main__ - bleu-4: 5.0949744486294076e-79
07/22/2022 08:22:47 - INFO - __main__ - bleu-3: 0.033147616225080855
07/22/2022 08:22:47 - INFO - __main__ - bleu-2: 0.06800707132423958
07/22/2022 08:22:47 - INFO - __main__ - bleu-1: 0.301811306595259
07/22/2022 08:22:47 - INFO - __main__ - METEOR: 0.21901226787673722
07/22/2022 08:22:47 - INFO - __main__ - ROUGE-L: 0.3575678649771484
07/22/2022 08:22:47 - INFO - __main__ - entailment score(mean-mean): 0.08457166315431952
07/22/2022 08:22:47 - INFO - __main__ - entailment score(mean-max): 0.4598500618090232
07/22/2022 08:22:47 - INFO - __main__ - entailment score(mean-min): 0.0029067299503367392
07/22/2022 08:22:47 - INFO - __main__ - self-BLEU-2: 0.8800040268403196
07/22/2022 08:22:47 - INFO - __main__ - avg: 0.1632576878330775
07/22/2022 08:22:47 - INFO - __main__ - *******************************************************
07/22/2022 08:22:47 - INFO - __main__ - *******************************************************
07/22/2022 08:22:47 - INFO - __main__ - *******************************************************
