07/22/2022 07:31:49 - INFO - __main__ - **************** MODEL CONFIGURATION ****************
07/22/2022 07:31:49 - INFO - __main__ - bart_training             -->   True
07/22/2022 07:31:49 - INFO - __main__ - device                    -->   5
07/22/2022 07:31:49 - INFO - __main__ - group_beam                -->   True
07/22/2022 07:31:49 - INFO - __main__ - if_then                   -->   False
07/22/2022 07:31:49 - INFO - __main__ - inductor                  -->   rule
07/22/2022 07:31:49 - INFO - __main__ - log_dir                   -->   logs_new_new_new/
07/22/2022 07:31:49 - INFO - __main__ - log_name                  -->   google-k*k+mc+gs+dpp
07/22/2022 07:31:49 - INFO - __main__ - mlm_training              -->   True
07/22/2022 07:31:49 - INFO - __main__ - task                      -->   google-re
07/22/2022 07:31:49 - INFO - __main__ - **************** MODEL CONFIGURATION ****************
07/22/2022 07:33:14 - INFO - __main__ - ***********Input************
07/22/2022 07:33:14 - INFO - __main__ - <mask> (b. 1954 in <mask>) is a best-selling American author of romance novels .
07/22/2022 07:33:14 - INFO - __main__ - *********Hypothesis*********
07/22/2022 07:33:14 - INFO - __main__ - <mask>, actress, lived in <mask>.
07/22/2022 07:33:14 - INFO - __main__ - <mask> was born in <mask>.
07/22/2022 07:33:14 - INFO - __main__ - <mask> was born and raised in <mask>.
07/22/2022 07:33:14 - INFO - __main__ - <mask> lives and works in <mask>.
07/22/2022 07:33:14 - INFO - __main__ - <mask> is a writer and artist based in <mask>.
07/22/2022 07:33:14 - INFO - __main__ - <mask> is a singer-songwriter from <mask>.
07/22/2022 07:33:14 - INFO - __main__ - <mask>, is a writer and editor based in <mask>.
07/22/2022 07:33:14 - INFO - __main__ - <mask> lives in <mask>.
07/22/2022 07:33:14 - INFO - __main__ - <mask> is an artist based in <mask>.
07/22/2022 07:33:14 - INFO - __main__ - <mask> grew up in <mask>.
07/22/2022 07:33:14 - INFO - __main__ - ****************************
07/22/2022 07:33:14 - INFO - __main__ - *********References*********
07/22/2022 07:33:14 - INFO - __main__ - ['the place where <mask> was born is <mask>.']
07/22/2022 07:33:14 - INFO - __main__ - ****************************
07/22/2022 07:33:22 - INFO - __main__ - ***********Input************
07/22/2022 07:33:22 - INFO - __main__ - <mask> (born c.<mask> Chapel Hill, North Carolina) is an American director and designer of experimental theatre from New York City .
07/22/2022 07:33:22 - INFO - __main__ - *********Hypothesis*********
07/22/2022 07:33:22 - INFO - __main__ - <mask>, professor of history, university of <mask>.
07/22/2022 07:33:22 - INFO - __main__ - <mask>, professor of history, <mask>.
07/22/2022 07:33:22 - INFO - __main__ - <mask> is an author and professor of history and political science at <mask>.
07/22/2022 07:33:22 - INFO - __main__ - <mask>, a former professional baseball player, was born in <mask>.
07/22/2022 07:33:22 - INFO - __main__ - <mask> – for service to the community of <mask>.
07/22/2022 07:33:22 - INFO - __main__ - <mask> was born and raised in <mask>.
07/22/2022 07:33:22 - INFO - __main__ - <mask> was a prominent lawyer and politician in <mask>.
07/22/2022 07:33:22 - INFO - __main__ - <mask> (1868–1935), who died at <mask>.
07/22/2022 07:33:22 - INFO - __main__ - <mask>, a former mayor of <mask>.
07/22/2022 07:33:22 - INFO - __main__ - <mask> was born in <mask>.
07/22/2022 07:33:22 - INFO - __main__ - ****************************
07/22/2022 07:33:22 - INFO - __main__ - *********References*********
07/22/2022 07:33:22 - INFO - __main__ - ['the date when <mask> was born is <mask>.']
07/22/2022 07:33:22 - INFO - __main__ - ****************************
07/22/2022 07:33:29 - INFO - __main__ - ***********Input************
07/22/2022 07:33:29 - INFO - __main__ - <mask> (born c <mask>) is a former softball player and coach .
07/22/2022 07:33:29 - INFO - __main__ - *********Hypothesis*********
07/22/2022 07:33:29 - INFO - __main__ - <mask>: a woman's life in <mask>.
07/22/2022 07:33:29 - INFO - __main__ - <mask>, the history of <mask>.
07/22/2022 07:33:29 - INFO - __main__ - <mask>, professor of history, state university of <mask>.
07/22/2022 07:33:29 - INFO - __main__ - <mask> was born in <mask>.
07/22/2022 07:33:29 - INFO - __main__ - <mask> is an author and journalist from <mask>.
07/22/2022 07:33:29 - INFO - __main__ - <mask> is a writer, educator, and activist based in <mask>.
07/22/2022 07:33:29 - INFO - __main__ - <mask> is a writer and editor based in <mask>.
07/22/2022 07:33:29 - INFO - __main__ - ****************************
07/22/2022 07:33:29 - INFO - __main__ - *********References*********
07/22/2022 07:33:29 - INFO - __main__ - ['the date when <mask> was born is <mask>.']
07/22/2022 07:33:29 - INFO - __main__ - ****************************
07/22/2022 07:33:34 - INFO - __main__ - ***********Input************
07/22/2022 07:33:34 - INFO - __main__ - <mask> (1738--1811) was a British composer and organist born in <mask> .
07/22/2022 07:33:34 - INFO - __main__ - *********Hypothesis*********
07/22/2022 07:33:34 - INFO - __main__ - <mask>,, chief constable, city of <mask>.
07/22/2022 07:33:34 - INFO - __main__ - <mask>, chief superintendent, metropolitan police, <mask>.
07/22/2022 07:33:34 - INFO - __main__ - <mask> was a successful merchant and politician in <mask>.
07/22/2022 07:33:34 - INFO - __main__ - <mask> is a former professional footballer who played for <mask>.
07/22/2022 07:33:34 - INFO - __main__ - <mask>,, lately deputy chief constable, city of <mask>.
07/22/2022 07:33:34 - INFO - __main__ - <mask>, lately assistant secretary, her majesty's embassy, <mask>.
07/22/2022 07:33:34 - INFO - __main__ - <mask> was born in <mask>.
07/22/2022 07:33:34 - INFO - __main__ - <mask>,, deputy chief constable, city of <mask>.
07/22/2022 07:33:34 - INFO - __main__ - <mask>, the son of a wealthy merchant, was born in <mask>.
07/22/2022 07:33:34 - INFO - __main__ - <mask> was a merchant and politician in <mask>.
07/22/2022 07:33:34 - INFO - __main__ - ****************************
07/22/2022 07:33:34 - INFO - __main__ - *********References*********
07/22/2022 07:33:34 - INFO - __main__ - ['the place where <mask> was born is <mask>.']
07/22/2022 07:33:34 - INFO - __main__ - ****************************
07/22/2022 07:33:41 - INFO - __main__ - ***********Input************
07/22/2022 07:33:41 - INFO - __main__ - <mask> (b. February 11, 1955, <mask>, Tennessee - d July 2, 2007, Tiburon, California) was an American artist .
07/22/2022 07:33:41 - INFO - __main__ - *********Hypothesis*********
07/22/2022 07:33:41 - INFO - __main__ - <mask>, who was a nurse, was born in <mask>.
07/22/2022 07:33:41 - INFO - __main__ - <mask>, a former teacher, was born in <mask>.
07/22/2022 07:33:41 - INFO - __main__ - <mask> was born in <mask>.
07/22/2022 07:33:41 - INFO - __main__ - <mask> is a native of <mask>.
07/22/2022 07:33:41 - INFO - __main__ - <mask> (1868–1933) was born in <mask>.
07/22/2022 07:33:41 - INFO - __main__ - <mask>, the first woman to be elected mayor of <mask>.
07/22/2022 07:33:41 - INFO - __main__ - <mask>, a former mayor of <mask>.
07/22/2022 07:33:41 - INFO - __main__ - <mask>, the first woman to serve as mayor of <mask>.
07/22/2022 07:33:41 - INFO - __main__ - <mask> is a retired teacher from <mask>.
07/22/2022 07:33:41 - INFO - __main__ - <mask> is a former mayor of <mask>.
07/22/2022 07:33:41 - INFO - __main__ - ****************************
07/22/2022 07:33:41 - INFO - __main__ - *********References*********
07/22/2022 07:33:41 - INFO - __main__ - ['the place where <mask> was born is <mask>.']
07/22/2022 07:33:41 - INFO - __main__ - ****************************
07/22/2022 07:33:46 - INFO - __main__ - ***********Input************
07/22/2022 07:33:46 - INFO - __main__ - <mask> (c. <mask> - 25 August 1785) was a British diplomat and politician who sat in the House of Commons between 1762 and 1774 .
07/22/2022 07:33:46 - INFO - __main__ - *********Hypothesis*********
07/22/2022 07:33:46 - INFO - __main__ - <mask> was born in <mask>.
07/22/2022 07:33:46 - INFO - __main__ - <mask>, a prominent local merchant, was born in the town in <mask>.
07/22/2022 07:33:46 - INFO - __main__ - <mask>, a local merchant, was the owner of the house in <mask>.
07/22/2022 07:33:46 - INFO - __main__ - <mask> was the last surviving member of the family, who died in <mask>.
07/22/2022 07:33:46 - INFO - __main__ - <mask> was born in the village in <mask>.
07/22/2022 07:33:46 - INFO - __main__ - <mask> was appointed as master in <mask>.
07/22/2022 07:33:46 - INFO - __main__ - <mask> of st. mary's, who died in <mask>.
07/22/2022 07:33:46 - INFO - __main__ - <mask> had been a member of the council since <mask>.
07/22/2022 07:33:46 - INFO - __main__ - <mask> died in the house in <mask>.
07/22/2022 07:33:46 - INFO - __main__ - <mask>, who was a prominent local merchant, was born in <mask>.
07/22/2022 07:33:46 - INFO - __main__ - ****************************
07/22/2022 07:33:46 - INFO - __main__ - *********References*********
07/22/2022 07:33:46 - INFO - __main__ - ['the date when <mask> was born is <mask>.']
07/22/2022 07:33:46 - INFO - __main__ - ****************************
07/22/2022 07:33:54 - INFO - __main__ - ***********Input************
07/22/2022 07:33:54 - INFO - __main__ - <mask> (born December 28th, <mask>) is a United States of America Democratic political consultant and activist who has worked on six presidential campaigns, served as Policy Director for the Speaker of the House in Connecticut, and served as the National Coordinated Campaign Director for both the 1992 and 1996 Presidential campaigns of Bill Clinton .
07/22/2022 07:33:54 - INFO - __main__ - *********Hypothesis*********
07/22/2022 07:33:54 - INFO - __main__ - <mask> was born in <mask>.
07/22/2022 07:33:54 - INFO - __main__ - <mask>, who had been a member of the board since <mask>.
07/22/2022 07:33:54 - INFO - __main__ - <mask>, a former member of the group, was elected as its president in <mask>.
07/22/2022 07:33:54 - INFO - __main__ - <mask> was the last surviving member of the original group, who died in <mask>.
07/22/2022 07:33:54 - INFO - __main__ - <mask> is a former professional baseball player who played in the major leagues from <mask>.
07/22/2022 07:33:54 - INFO - __main__ - <mask> has been the editor-in-chief since <mask>.
07/22/2022 07:33:54 - INFO - __main__ - <mask> became the president in <mask>.
07/22/2022 07:33:54 - INFO - __main__ - <mask>, the history of the world, <mask>.
07/22/2022 07:33:54 - INFO - __main__ - <mask> is a former professional tennis player who competed in <mask>.
07/22/2022 07:33:54 - INFO - __main__ - <mask> became the editor in <mask>.
07/22/2022 07:33:54 - INFO - __main__ - ****************************
07/22/2022 07:33:54 - INFO - __main__ - *********References*********
07/22/2022 07:33:54 - INFO - __main__ - ['the date when <mask> was born is <mask>.']
07/22/2022 07:33:54 - INFO - __main__ - ****************************
07/22/2022 07:34:04 - INFO - __main__ - ***********Input************
07/22/2022 07:34:04 - INFO - __main__ - <mask> (born <mask> in Vlorë, Albania) is a singer who at fourtheen moved to Pistoia, Italy were he remains with his parents and three brothers .
07/22/2022 07:34:04 - INFO - __main__ - *********Hypothesis*********
07/22/2022 07:34:04 - INFO - __main__ - <mask> was born in the village of <mask>.
07/22/2022 07:34:04 - INFO - __main__ - <mask> was born in <mask>.
07/22/2022 07:34:04 - INFO - __main__ - <mask> is the son of the former footballer and manager <mask>.
07/22/2022 07:34:04 - INFO - __main__ - <mask> was the son of <mask>.
07/22/2022 07:34:04 - INFO - __main__ - <mask> is the son of the <mask>.
07/22/2022 07:34:04 - INFO - __main__ - <mask> is a village in the municipality of <mask>.
07/22/2022 07:34:04 - INFO - __main__ - <mask>: the life and times of <mask>.
07/22/2022 07:34:04 - INFO - __main__ - <mask>, a novel by <mask>.
07/22/2022 07:34:04 - INFO - __main__ - <mask> is the son of former prime minister <mask>.
07/22/2022 07:34:04 - INFO - __main__ - <mask> is married to the actress <mask>.
07/22/2022 07:34:04 - INFO - __main__ - ****************************
07/22/2022 07:34:04 - INFO - __main__ - *********References*********
07/22/2022 07:34:04 - INFO - __main__ - ['the date when <mask> was born is <mask>.']
07/22/2022 07:34:04 - INFO - __main__ - ****************************
07/22/2022 07:34:10 - INFO - __main__ - ***********Input************
07/22/2022 07:34:10 - INFO - __main__ - <mask> (born 27 September 1974, in <mask>, India) is a former Indian cricketer .
07/22/2022 07:34:10 - INFO - __main__ - *********Hypothesis*********
07/22/2022 07:34:10 - INFO - __main__ - <mask>, a lawyer, was born in <mask>.
07/22/2022 07:34:10 - INFO - __main__ - <mask> was born in <mask>.
07/22/2022 07:34:10 - INFO - __main__ - <mask> was born and brought up in <mask>.
07/22/2022 07:34:10 - INFO - __main__ - <mask> lives with his family in <mask>.
07/22/2022 07:34:10 - INFO - __main__ - <mask> is an actor from <mask>.
07/22/2022 07:34:10 - INFO - __main__ - <mask> is a young man who lives in <mask>.
07/22/2022 07:34:10 - INFO - __main__ - <mask>, a young man, is a young boy from <mask>.
07/22/2022 07:34:10 - INFO - __main__ - <mask> is a film director from <mask>.
07/22/2022 07:34:10 - INFO - __main__ - ****************************
07/22/2022 07:34:10 - INFO - __main__ - *********References*********
07/22/2022 07:34:10 - INFO - __main__ - ['the place where <mask> was born is <mask>.']
07/22/2022 07:34:10 - INFO - __main__ - ****************************
07/22/2022 07:34:16 - INFO - __main__ - ***********Input************
07/22/2022 07:34:16 - INFO - __main__ - <mask> (1806-1867) was an American physician, born in <mask>, Massachusetts .
07/22/2022 07:34:16 - INFO - __main__ - *********Hypothesis*********
07/22/2022 07:34:16 - INFO - __main__ - <mask>, lord mayor of <mask>.
07/22/2022 07:34:16 - INFO - __main__ - <mask> was born and died in <mask>.
07/22/2022 07:34:16 - INFO - __main__ - <mask> was a member of parliament (mp) for <mask>.
07/22/2022 07:34:16 - INFO - __main__ - <mask>, a prominent local businessman, was born in <mask>.
07/22/2022 07:34:16 - INFO - __main__ - <mask>, a prominent lawyer, was born in <mask>.
07/22/2022 07:34:16 - INFO - __main__ - <mask>, who was a prominent lawyer in <mask>.
07/22/2022 07:34:16 - INFO - __main__ - <mask> was born in <mask>.
07/22/2022 07:34:16 - INFO - __main__ - <mask> was born and raised in <mask>.
07/22/2022 07:34:16 - INFO - __main__ - <mask> was a lawyer and politician from <mask>.
07/22/2022 07:34:16 - INFO - __main__ - <mask> and his family lived in <mask>.
07/22/2022 07:34:16 - INFO - __main__ - ****************************
07/22/2022 07:34:16 - INFO - __main__ - *********References*********
07/22/2022 07:34:16 - INFO - __main__ - ['the place where <mask> was born is <mask>.']
07/22/2022 07:34:16 - INFO - __main__ - ****************************
07/22/2022 07:34:21 - INFO - __main__ - ***********Input************
07/22/2022 07:34:21 - INFO - __main__ - A Conservative, the Honourable <mask> served until his death in 1871 in <mask>, Ontario .
07/22/2022 07:34:21 - INFO - __main__ - *********Hypothesis*********
07/22/2022 07:34:21 - INFO - __main__ - <mask> was born and raised in the suburbs of <mask>.
07/22/2022 07:34:21 - INFO - __main__ - <mask> was a member of the board of directors of the city of <mask>.
07/22/2022 07:34:21 - INFO - __main__ - <mask> began his career as a journalist in <mask>.
07/22/2022 07:34:21 - INFO - __main__ - <mask>'s mother, who was a nurse, was a native of <mask>.
07/22/2022 07:34:21 - INFO - __main__ - <mask>'s father was a lawyer and a prominent lawyer in <mask>.
07/22/2022 07:34:21 - INFO - __main__ - <mask>'s family had been involved in the lumber industry in <mask>.
07/22/2022 07:34:21 - INFO - __main__ - <mask> was born and raised in <mask>.
07/22/2022 07:34:21 - INFO - __main__ - <mask> is a former member of the city council of <mask>.
07/22/2022 07:34:21 - INFO - __main__ - <mask> has been involved in a number of charitable organizations, including a number in <mask>.
07/22/2022 07:34:21 - INFO - __main__ - <mask> had been a prominent member of the labour movement in <mask>.
07/22/2022 07:34:21 - INFO - __main__ - ****************************
07/22/2022 07:34:21 - INFO - __main__ - *********References*********
07/22/2022 07:34:21 - INFO - __main__ - ['the place where <mask> died is <mask>.']
07/22/2022 07:34:21 - INFO - __main__ - ****************************
07/22/2022 07:34:25 - INFO - __main__ - ***********Input************
07/22/2022 07:34:25 - INFO - __main__ - <mask> died at <mask> BC December 20, 1959 age 85 .
07/22/2022 07:34:25 - INFO - __main__ - *********Hypothesis*********
07/22/2022 07:34:25 - INFO - __main__ - <mask>'s father was a lawyer in <mask>.
07/22/2022 07:34:25 - INFO - __main__ - <mask> was born and raised in <mask>.
07/22/2022 07:34:25 - INFO - __main__ - <mask> is a former mayor of <mask>.
07/22/2022 07:34:25 - INFO - __main__ - <mask>'s father was a lawyer and his mother was a teacher in <mask>.
07/22/2022 07:34:25 - INFO - __main__ - <mask>'s family moved to the city of <mask>.
07/22/2022 07:34:25 - INFO - __main__ - <mask> was born and raised in the suburbs of <mask>.
07/22/2022 07:34:25 - INFO - __main__ - <mask> was born and raised in the city of <mask>.
07/22/2022 07:34:25 - INFO - __main__ - <mask> is a former member of the band <mask>.
07/22/2022 07:34:25 - INFO - __main__ - <mask> has been a long-time resident of <mask>.
07/22/2022 07:34:25 - INFO - __main__ - <mask> began his career as a journalist in <mask>.
07/22/2022 07:34:25 - INFO - __main__ - ****************************
07/22/2022 07:34:25 - INFO - __main__ - *********References*********
07/22/2022 07:34:25 - INFO - __main__ - ['the place where <mask> died is <mask>.']
07/22/2022 07:34:25 - INFO - __main__ - ****************************
07/22/2022 07:34:32 - INFO - __main__ - ***********Input************
07/22/2022 07:34:32 - INFO - __main__ - Considered by some in the art world to be one of the last of the Surrealists, <mask> died in his home in <mask> on April 25, 2008, aged 99 Donati's health had been failing since involved, as a passenger, in a taxi accident in July, 2007 .
07/22/2022 07:34:32 - INFO - __main__ - *********Hypothesis*********
07/22/2022 07:34:32 - INFO - __main__ - <mask>'s work was not confined to <mask>.
07/22/2022 07:34:32 - INFO - __main__ - <mask>'s father was a lawyer and his mother a teacher in <mask>.
07/22/2022 07:34:32 - INFO - __main__ - <mask>'s family were well-known in <mask>.
07/22/2022 07:34:32 - INFO - __main__ - <mask> was born in the city of <mask>.
07/22/2022 07:34:32 - INFO - __main__ - <mask> was born and died in <mask>.
07/22/2022 07:34:32 - INFO - __main__ - <mask> is a surname originating from the city of <mask>.
07/22/2022 07:34:32 - INFO - __main__ - <mask> is a native of the city of <mask>.
07/22/2022 07:34:32 - INFO - __main__ - <mask> had been a member of the accademia di belle arti in <mask>.
07/22/2022 07:34:32 - INFO - __main__ - ****************************
07/22/2022 07:34:32 - INFO - __main__ - *********References*********
07/22/2022 07:34:32 - INFO - __main__ - ['the place where <mask> died is <mask>.']
07/22/2022 07:34:32 - INFO - __main__ - ****************************
07/22/2022 07:34:36 - INFO - __main__ - ***********Input************
07/22/2022 07:34:36 - INFO - __main__ - <mask> died of pneumonia in 1990 at his home in <mask>, California .
07/22/2022 07:34:36 - INFO - __main__ - *********Hypothesis*********
07/22/2022 07:34:36 - INFO - __main__ - <mask>'s father was a successful real estate broker in <mask>.
07/22/2022 07:34:36 - INFO - __main__ - <mask>'s family moved to the suburbs of <mask>.
07/22/2022 07:34:36 - INFO - __main__ - <mask> was born and raised in <mask>.
07/22/2022 07:34:36 - INFO - __main__ - <mask> is a native of <mask>.
07/22/2022 07:34:36 - INFO - __main__ - <mask> has been a resident of <mask>.
07/22/2022 07:34:36 - INFO - __main__ - <mask> had previously worked as an actor in <mask>.
07/22/2022 07:34:36 - INFO - __main__ - <mask> began his career as a session musician in <mask>.
07/22/2022 07:34:36 - INFO - __main__ - <mask> is currently based in <mask>.
07/22/2022 07:34:36 - INFO - __main__ - <mask> grew up in the suburbs of <mask>.
07/22/2022 07:34:36 - INFO - __main__ - <mask> currently lives with his wife and daughter in <mask>.
07/22/2022 07:34:36 - INFO - __main__ - ****************************
07/22/2022 07:34:36 - INFO - __main__ - *********References*********
07/22/2022 07:34:36 - INFO - __main__ - ['the place where <mask> died is <mask>.']
07/22/2022 07:34:36 - INFO - __main__ - ****************************
07/22/2022 07:34:42 - INFO - __main__ - ***********Input************
07/22/2022 07:34:42 - INFO - __main__ - <mask> died in 1888 in <mask>, Germany and is buried, together with his wife, Sophie in Weißensee .
07/22/2022 07:34:42 - INFO - __main__ - *********Hypothesis*********
07/22/2022 07:34:42 - INFO - __main__ - <mask>'s family was originally from <mask>.
07/22/2022 07:34:42 - INFO - __main__ - <mask> was born in the city of <mask>.
07/22/2022 07:34:42 - INFO - __main__ - <mask> was born and raised in <mask>.
07/22/2022 07:34:42 - INFO - __main__ - <mask> is a native of <mask>.
07/22/2022 07:34:42 - INFO - __main__ - <mask> has been a member of the city council of <mask>.
07/22/2022 07:34:42 - INFO - __main__ - <mask>'s father was a lawyer in <mask>.
07/22/2022 07:34:42 - INFO - __main__ - <mask>'s family moved to the <mask>.
07/22/2022 07:34:42 - INFO - __main__ - <mask> was born in the <mask>.
07/22/2022 07:34:42 - INFO - __main__ - <mask> is a surname originating from <mask>.
07/22/2022 07:34:42 - INFO - __main__ - <mask> was born and died in <mask>.
07/22/2022 07:34:42 - INFO - __main__ - ****************************
07/22/2022 07:34:42 - INFO - __main__ - *********References*********
07/22/2022 07:34:42 - INFO - __main__ - ['the place where <mask> died is <mask>.']
07/22/2022 07:34:42 - INFO - __main__ - ****************************
07/22/2022 07:34:42 - INFO - __main__ - Task: google-re
07/22/2022 07:34:42 - INFO - __main__ - bleu-4: 5.185792647846811e-79
07/22/2022 07:34:42 - INFO - __main__ - bleu-3: 0.034111573958620085
07/22/2022 07:34:42 - INFO - __main__ - bleu-2: 0.0710587999293951
07/22/2022 07:34:42 - INFO - __main__ - bleu-1: 0.30250885222051666
07/22/2022 07:34:42 - INFO - __main__ - METEOR: 0.21851669190970588
07/22/2022 07:34:42 - INFO - __main__ - ROUGE-L: 0.34616067686721624
07/22/2022 07:34:42 - INFO - __main__ - entailment score(mean-mean): 0.0806078517365219
07/22/2022 07:34:42 - INFO - __main__ - entailment score(mean-max): 0.535387762884299
07/22/2022 07:34:42 - INFO - __main__ - entailment score(mean-min): 0.000644667781307362
07/22/2022 07:34:42 - INFO - __main__ - self-BLEU-2: 0.8738400367676884
07/22/2022 07:34:42 - INFO - __main__ - avg: 0.162059432480909
07/22/2022 07:34:42 - INFO - __main__ - *******************************************************
07/22/2022 07:34:42 - INFO - __main__ - *******************************************************
07/22/2022 07:34:42 - INFO - __main__ - *******************************************************
07/22/2022 11:20:28 - INFO - __main__ - **************** MODEL CONFIGURATION ****************
07/22/2022 11:20:28 - INFO - __main__ - bart_training             -->   True
07/22/2022 11:20:28 - INFO - __main__ - device                    -->   5
07/22/2022 11:20:28 - INFO - __main__ - dpp                       -->   True
07/22/2022 11:20:28 - INFO - __main__ - group_beam                -->   True
07/22/2022 11:20:28 - INFO - __main__ - if_then                   -->   False
07/22/2022 11:20:28 - INFO - __main__ - inductor                  -->   rule
07/22/2022 11:20:28 - INFO - __main__ - log_dir                   -->   logs_new_new_new/
07/22/2022 11:20:28 - INFO - __main__ - log_name                  -->   google-k*k+mc+gs+dpp
07/22/2022 11:20:28 - INFO - __main__ - mcgs                      -->   True
07/22/2022 11:20:28 - INFO - __main__ - mlm_training              -->   True
07/22/2022 11:20:28 - INFO - __main__ - task                      -->   google-re
07/22/2022 11:20:28 - INFO - __main__ - **************** MODEL CONFIGURATION ****************
07/22/2022 11:21:57 - INFO - __main__ - ***********Input************
07/22/2022 11:21:57 - INFO - __main__ - <mask> (b. 1954 in <mask>) is a best-selling American author of romance novels .
07/22/2022 11:21:57 - INFO - __main__ - *********Hypothesis*********
07/22/2022 11:21:57 - INFO - __main__ - <mask>, actress, lives in <mask>.
07/22/2022 11:21:57 - INFO - __main__ - <mask> was born in <mask>.
07/22/2022 11:21:57 - INFO - __main__ - <mask> was born and raised in <mask>.
07/22/2022 11:21:57 - INFO - __main__ - <mask> lives and works in <mask>.
07/22/2022 11:21:57 - INFO - __main__ - <mask> is an artist based in <mask>.
07/22/2022 11:21:57 - INFO - __main__ - <mask> is a writer and artist based in <mask>.
07/22/2022 11:21:57 - INFO - __main__ - <mask> is a visual artist based in <mask>.
07/22/2022 11:21:57 - INFO - __main__ - <mask> is a singer-songwriter from <mask>.
07/22/2022 11:21:57 - INFO - __main__ - <mask> grew up in <mask>.
07/22/2022 11:21:57 - INFO - __main__ - <mask> lives in <mask>.
07/22/2022 11:21:57 - INFO - __main__ - ****************************
07/22/2022 11:21:57 - INFO - __main__ - *********References*********
07/22/2022 11:21:57 - INFO - __main__ - ['the place where <mask> was born is <mask>.']
07/22/2022 11:21:57 - INFO - __main__ - ****************************
07/22/2022 11:22:19 - INFO - __main__ - ***********Input************
07/22/2022 11:22:19 - INFO - __main__ - <mask> (born c.<mask> Chapel Hill, North Carolina) is an American director and designer of experimental theatre from New York City .
07/22/2022 11:22:19 - INFO - __main__ - *********Hypothesis*********
07/22/2022 11:22:19 - INFO - __main__ - <mask>, a former teacher, is a retired professor of psychology at <mask>.
07/22/2022 11:22:19 - INFO - __main__ - <mask> was born in <mask>.
07/22/2022 11:22:19 - INFO - __main__ - <mask> – for service to the community of <mask>.
07/22/2022 11:22:19 - INFO - __main__ - <mask> was born in raleigh.ruth williams <mask>.
07/22/2022 11:22:19 - INFO - __main__ - <mask> is a professor of history at <mask>.
07/22/2022 11:22:19 - INFO - __main__ - <mask>, professor of north carolina a. a. <mask>.
07/22/2022 11:22:19 - INFO - __main__ - <mask>, a former mayor of <mask>.
07/22/2022 11:22:19 - INFO - __main__ - <mask> was born and raised in <mask>.
07/22/2022 11:22:19 - INFO - __main__ - <mask> is a lawyer and politician from <mask>.
07/22/2022 11:22:19 - INFO - __main__ - <mask>, professor of north carolina history, <mask>.
07/22/2022 11:22:19 - INFO - __main__ - ****************************
07/22/2022 11:22:19 - INFO - __main__ - *********References*********
07/22/2022 11:22:19 - INFO - __main__ - ['the date when <mask> was born is <mask>.']
07/22/2022 11:22:19 - INFO - __main__ - ****************************
07/23/2022 02:38:57 - INFO - __main__ - **************** MODEL CONFIGURATION ****************
07/23/2022 02:38:57 - INFO - __main__ - bart_training             -->   True
07/23/2022 02:38:57 - INFO - __main__ - device                    -->   5
07/23/2022 02:38:57 - INFO - __main__ - dpp                       -->   True
07/23/2022 02:38:57 - INFO - __main__ - group_beam                -->   True
07/23/2022 02:38:57 - INFO - __main__ - if_then                   -->   False
07/23/2022 02:38:57 - INFO - __main__ - inductor                  -->   rule
07/23/2022 02:38:57 - INFO - __main__ - log_dir                   -->   logs_new_new_new/
07/23/2022 02:38:57 - INFO - __main__ - log_name                  -->   google-k*k+mc+gs+dpp
07/23/2022 02:38:57 - INFO - __main__ - mcgs                      -->   True
07/23/2022 02:38:57 - INFO - __main__ - mlm_training              -->   True
07/23/2022 02:38:57 - INFO - __main__ - task                      -->   google-re
07/23/2022 02:38:57 - INFO - __main__ - **************** MODEL CONFIGURATION ****************
07/23/2022 02:40:25 - INFO - __main__ - ***********Input************
07/23/2022 02:40:25 - INFO - __main__ - <mask> (b. 1954 in <mask>) is a best-selling American author of romance novels .
07/23/2022 02:40:25 - INFO - __main__ - *********Hypothesis*********
07/23/2022 02:40:25 - INFO - __main__ - <mask>, is a writer and artist based in <mask>.
07/23/2022 02:40:25 - INFO - __main__ - <mask>, actress, lives in <mask>.
07/23/2022 02:40:25 - INFO - __main__ - <mask> was born in <mask>.
07/23/2022 02:40:25 - INFO - __main__ - <mask> was born and raised in <mask>.
07/23/2022 02:40:25 - INFO - __main__ - <mask> lives in <mask>.
07/23/2022 02:40:25 - INFO - __main__ - <mask> is an artist based in <mask>.
07/23/2022 02:40:25 - INFO - __main__ - <mask> is a writer and artist based in <mask>.
07/23/2022 02:40:25 - INFO - __main__ - <mask> is a singer-songwriter from <mask>.
07/23/2022 02:40:25 - INFO - __main__ - <mask> grew up in <mask>.
07/23/2022 02:40:25 - INFO - __main__ - <mask>, is a, <mask>.
07/23/2022 02:40:25 - INFO - __main__ - ****************************
07/23/2022 02:40:25 - INFO - __main__ - *********References*********
07/23/2022 02:40:25 - INFO - __main__ - ['the place where <mask> was born is <mask>.']
07/23/2022 02:40:25 - INFO - __main__ - ****************************
07/23/2022 02:40:43 - INFO - __main__ - ***********Input************
07/23/2022 02:40:43 - INFO - __main__ - <mask> (born c.<mask> Chapel Hill, North Carolina) is an American director and designer of experimental theatre from New York City .
07/23/2022 02:40:43 - INFO - __main__ - *********Hypothesis*********
07/23/2022 02:40:43 - INFO - __main__ - <mask>, a former mayor of <mask>.
07/23/2022 02:40:43 - INFO - __main__ - <mask> was born in <mask>.
07/23/2022 02:40:43 - INFO - __main__ - <mask> was born and raised in <mask>.
07/23/2022 02:40:43 - INFO - __main__ - <mask> is a retired professional basketball player from <mask>.
07/23/2022 02:40:43 - INFO - __main__ - <mask>, professor of north carolina, <mask>.
07/23/2022 02:40:43 - INFO - __main__ - <mask> is a retired professional basketball player who played for the duke of <mask>.
07/23/2022 02:40:43 - INFO - __main__ - <mask>, professor of psychology, <mask>.
07/23/2022 02:40:43 - INFO - __main__ - <mask>, professor of history, <mask>.
07/23/2022 02:40:43 - INFO - __main__ - <mask> is a professor of psychology at <mask>.
07/23/2022 02:40:43 - INFO - __main__ - <mask> was born <mask>.
07/23/2022 02:40:43 - INFO - __main__ - ****************************
07/23/2022 02:40:43 - INFO - __main__ - *********References*********
07/23/2022 02:40:43 - INFO - __main__ - ['the date when <mask> was born is <mask>.']
07/23/2022 02:40:43 - INFO - __main__ - ****************************
07/23/2022 02:40:46 - INFO - __main__ - ***********Input************
07/23/2022 02:40:46 - INFO - __main__ - <mask> (born c <mask>) is a former softball player and coach .
07/23/2022 02:40:46 - INFO - __main__ - *********Hypothesis*********
07/23/2022 02:40:46 - INFO - __main__ - <mask> was born in <mask>.
07/23/2022 02:40:46 - INFO - __main__ - <mask> lives in <mask>.
07/23/2022 02:40:46 - INFO - __main__ - <mask> is an author, educator, and activist based in <mask>.
07/23/2022 02:40:46 - INFO - __main__ - <mask> is a writer and editor based in <mask>.
07/23/2022 02:40:46 - INFO - __main__ - <mask> is a psychologist based in <mask>.
07/23/2022 02:40:46 - INFO - __main__ - ****************************
07/23/2022 02:40:46 - INFO - __main__ - *********References*********
07/23/2022 02:40:46 - INFO - __main__ - ['the date when <mask> was born is <mask>.']
07/23/2022 02:40:46 - INFO - __main__ - ****************************
07/23/2022 02:40:52 - INFO - __main__ - ***********Input************
07/23/2022 02:40:52 - INFO - __main__ - <mask> (1738--1811) was a British composer and organist born in <mask> .
07/23/2022 02:40:52 - INFO - __main__ - *********Hypothesis*********
07/23/2022 02:40:52 - INFO - __main__ - <mask>,, deputy chief constable, city of <mask>.
07/23/2022 02:40:52 - INFO - __main__ - <mask>,, chief constable, city of <mask>.
07/23/2022 02:40:52 - INFO - __main__ - <mask>, a prominent lawyer, was born in <mask>.
07/23/2022 02:40:52 - INFO - __main__ - <mask> was born and died in <mask>.
07/23/2022 02:40:52 - INFO - __main__ - <mask> was a merchant and politician in <mask>.
07/23/2022 02:40:52 - INFO - __main__ - <mask> is a former professional footballer who played for <mask>.
07/23/2022 02:40:52 - INFO - __main__ - <mask>,, lately chief constable, city of <mask>.
07/23/2022 02:40:52 - INFO - __main__ - <mask> was born and raised in <mask>.
07/23/2022 02:40:52 - INFO - __main__ - <mask>,, deputy mayor of <mask>.
07/23/2022 02:40:52 - INFO - __main__ - <mask> was born in <mask>.
07/23/2022 02:40:52 - INFO - __main__ - ****************************
07/23/2022 02:40:52 - INFO - __main__ - *********References*********
07/23/2022 02:40:52 - INFO - __main__ - ['the place where <mask> was born is <mask>.']
07/23/2022 02:40:52 - INFO - __main__ - ****************************
07/23/2022 02:41:06 - INFO - __main__ - ***********Input************
07/23/2022 02:41:06 - INFO - __main__ - <mask> (b. February 11, 1955, <mask>, Tennessee - d July 2, 2007, Tiburon, California) was an American artist .
07/23/2022 02:41:06 - INFO - __main__ - *********Hypothesis*********
07/23/2022 02:41:06 - INFO - __main__ - <mask>, jr. was born in <mask>.
07/23/2022 02:41:06 - INFO - __main__ - <mask> is a former professional baseball player from <mask>.
07/23/2022 02:41:06 - INFO - __main__ - <mask> is an attorney and former mayor of <mask>.
07/23/2022 02:41:06 - INFO - __main__ - <mask>, the first woman to serve as mayor of <mask>.
07/23/2022 02:41:06 - INFO - __main__ - <mask>, a former mayor of <mask>.
07/23/2022 02:41:06 - INFO - __main__ - <mask>, who was a teacher, was born in <mask>.
07/23/2022 02:41:06 - INFO - __main__ - <mask>, the daughter of a wealthy family, was raised in <mask>.
07/23/2022 02:41:06 - INFO - __main__ - <mask> was born in <mask>.
07/23/2022 02:41:06 - INFO - __main__ - <mask> is a native of <mask>.
07/23/2022 02:41:06 - INFO - __main__ - <mask> is a former mayor of <mask>.
07/23/2022 02:41:06 - INFO - __main__ - ****************************
07/23/2022 02:41:06 - INFO - __main__ - *********References*********
07/23/2022 02:41:06 - INFO - __main__ - ['the place where <mask> was born is <mask>.']
07/23/2022 02:41:06 - INFO - __main__ - ****************************
07/23/2022 02:41:21 - INFO - __main__ - ***********Input************
07/23/2022 02:41:21 - INFO - __main__ - <mask> (c. <mask> - 25 August 1785) was a British diplomat and politician who sat in the House of Commons between 1762 and 1774 .
07/23/2022 02:41:21 - INFO - __main__ - *********Hypothesis*********
07/23/2022 02:41:21 - INFO - __main__ - <mask>, who was a prominent local merchant, died in <mask>.
07/23/2022 02:41:21 - INFO - __main__ - <mask> was born in <mask>.
07/23/2022 02:41:21 - INFO - __main__ - <mask>, who was a prominent local merchant, was born in <mask>.
07/23/2022 02:41:21 - INFO - __main__ - <mask>, a local merchant, was the owner of the house in <mask>.
07/23/2022 02:41:21 - INFO - __main__ - <mask> was the last surviving member of the family, who died in <mask>.
07/23/2022 02:41:21 - INFO - __main__ - <mask> was born in the village in <mask>.
07/23/2022 02:41:21 - INFO - __main__ - <mask> of st. mary's, who died in <mask>.
07/23/2022 02:41:21 - INFO - __main__ - <mask> had been a member of the council since <mask>.
07/23/2022 02:41:21 - INFO - __main__ - <mask> died in the house in <mask>.
07/23/2022 02:41:21 - INFO - __main__ - <mask>, who was born in <mask>.
07/23/2022 02:41:21 - INFO - __main__ - ****************************
07/23/2022 02:41:21 - INFO - __main__ - *********References*********
07/23/2022 02:41:21 - INFO - __main__ - ['the date when <mask> was born is <mask>.']
07/23/2022 02:41:21 - INFO - __main__ - ****************************
07/23/2022 02:44:54 - INFO - __main__ - ***********Input************
07/23/2022 02:44:54 - INFO - __main__ - <mask> (born December 28th, <mask>) is a United States of America Democratic political consultant and activist who has worked on six presidential campaigns, served as Policy Director for the Speaker of the House in Connecticut, and served as the National Coordinated Campaign Director for both the 1992 and 1996 Presidential campaigns of Bill Clinton .
07/23/2022 02:44:54 - INFO - __main__ - *********Hypothesis*********
07/23/2022 02:44:54 - INFO - __main__ - <mask>, who had been the editor since <mask>.
07/23/2022 02:44:54 - INFO - __main__ - <mask> died in <mask>.
07/23/2022 02:44:54 - INFO - __main__ - <mask>, who had been a member of the group since <mask>.
07/23/2022 02:44:54 - INFO - __main__ - <mask>, a former member of the group, was elected as its president in <mask>.
07/23/2022 02:44:54 - INFO - __main__ - <mask> was the last surviving member of the original band, who left in <mask>.
07/23/2022 02:44:54 - INFO - __main__ - <mask> was born in <mask>.
07/23/2022 02:44:54 - INFO - __main__ - <mask> is a former professional baseball player who played in the major leagues from <mask>.
07/23/2022 02:44:54 - INFO - __main__ - <mask> has been the editor-in-chief since <mask>.
07/23/2022 02:44:54 - INFO - __main__ - <mask> became the president in <mask>.
07/23/2022 02:44:54 - INFO - __main__ - <mask> was elected president in <mask>.
07/23/2022 02:44:54 - INFO - __main__ - ****************************
07/23/2022 02:44:54 - INFO - __main__ - *********References*********
07/23/2022 02:44:54 - INFO - __main__ - ['the date when <mask> was born is <mask>.']
07/23/2022 02:44:54 - INFO - __main__ - ****************************
07/23/2022 02:45:17 - INFO - __main__ - ***********Input************
07/23/2022 02:45:17 - INFO - __main__ - <mask> (born <mask> in Vlorë, Albania) is a singer who at fourtheen moved to Pistoia, Italy were he remains with his parents and three brothers .
07/23/2022 02:45:17 - INFO - __main__ - *********Hypothesis*********
07/23/2022 02:45:17 - INFO - __main__ - <mask>'s father was the poet <mask>.
07/23/2022 02:45:17 - INFO - __main__ - <mask> was the son of <mask>.
07/23/2022 02:45:17 - INFO - __main__ - <mask> was replaced by <mask>.
07/23/2022 02:45:17 - INFO - __main__ - <mask> is married to <mask>.
07/23/2022 02:45:17 - INFO - __main__ - <mask> was the son of the <mask>.
07/23/2022 02:45:17 - INFO - __main__ - <mask> is a younger brother of <mask>.
07/23/2022 02:45:17 - INFO - __main__ - <mask>: the life and times of <mask>.
07/23/2022 02:45:17 - INFO - __main__ - <mask>, son of former prime minister <mask>.
07/23/2022 02:45:17 - INFO - __main__ - <mask> was born in <mask>.
07/23/2022 02:45:17 - INFO - __main__ - <mask> is the son of former prime minister <mask>.
07/23/2022 02:45:17 - INFO - __main__ - ****************************
07/23/2022 02:45:17 - INFO - __main__ - *********References*********
07/23/2022 02:45:17 - INFO - __main__ - ['the date when <mask> was born is <mask>.']
07/23/2022 02:45:17 - INFO - __main__ - ****************************
07/23/2022 02:45:25 - INFO - __main__ - ***********Input************
07/23/2022 02:45:25 - INFO - __main__ - <mask> (born 27 September 1974, in <mask>, India) is a former Indian cricketer .
07/23/2022 02:45:25 - INFO - __main__ - *********Hypothesis*********
07/23/2022 02:45:25 - INFO - __main__ - <mask>, the son of a rich businessman, lives in <mask>.
07/23/2022 02:45:25 - INFO - __main__ - <mask>, a lawyer, was born in <mask>.
07/23/2022 02:45:25 - INFO - __main__ - <mask> was born in <mask>.
07/23/2022 02:45:25 - INFO - __main__ - <mask> was born and brought up in <mask>.
07/23/2022 02:45:25 - INFO - __main__ - <mask> is an entrepreneur and lives in <mask>.
07/23/2022 02:45:25 - INFO - __main__ - <mask> is a young man who lives in <mask>.
07/23/2022 02:45:25 - INFO - __main__ - <mask> is a film producer and director from <mask>.
07/23/2022 02:45:25 - INFO - __main__ - <mask> is a film director from <mask>.
07/23/2022 02:45:25 - INFO - __main__ - <mask> (raju) is a young man who lives in <mask>.
07/23/2022 02:45:25 - INFO - __main__ - <mask> is a retired police officer who lives in <mask>.
07/23/2022 02:45:25 - INFO - __main__ - ****************************
07/23/2022 02:45:25 - INFO - __main__ - *********References*********
07/23/2022 02:45:25 - INFO - __main__ - ['the place where <mask> was born is <mask>.']
07/23/2022 02:45:25 - INFO - __main__ - ****************************
07/23/2022 02:45:33 - INFO - __main__ - ***********Input************
07/23/2022 02:45:33 - INFO - __main__ - <mask> (1806-1867) was an American physician, born in <mask>, Massachusetts .
07/23/2022 02:45:33 - INFO - __main__ - *********Hypothesis*********
07/23/2022 02:45:33 - INFO - __main__ - <mask> is a former mayor of <mask>.
07/23/2022 02:45:33 - INFO - __main__ - <mask>, a prominent local businessman, was born in <mask>.
07/23/2022 02:45:33 - INFO - __main__ - <mask> was born in <mask>.
07/23/2022 02:45:33 - INFO - __main__ - <mask> was born and raised in <mask>.
07/23/2022 02:45:33 - INFO - __main__ - <mask> was an early settler of <mask>.
07/23/2022 02:45:33 - INFO - __main__ - <mask> is the current mayor of <mask>.
07/23/2022 02:45:33 - INFO - __main__ - <mask> is buried in the family cemetery in <mask>.
07/23/2022 02:45:33 - INFO - __main__ - <mask>, who was a prominent local businessman, was born in <mask>.
07/23/2022 02:45:33 - INFO - __main__ - <mask>, a local businessman, was a prominent figure in <mask>.
07/23/2022 02:45:33 - INFO - __main__ - <mask> was born and died in <mask>.
07/23/2022 02:45:33 - INFO - __main__ - ****************************
07/23/2022 02:45:33 - INFO - __main__ - *********References*********
07/23/2022 02:45:33 - INFO - __main__ - ['the place where <mask> was born is <mask>.']
07/23/2022 02:45:33 - INFO - __main__ - ****************************
07/23/2022 02:45:40 - INFO - __main__ - ***********Input************
07/23/2022 02:45:40 - INFO - __main__ - A Conservative, the Honourable <mask> served until his death in 1871 in <mask>, Ontario .
07/23/2022 02:45:40 - INFO - __main__ - *********Hypothesis*********
07/23/2022 02:45:40 - INFO - __main__ - <mask>'s family moved to <mask>.
07/23/2022 02:45:40 - INFO - __main__ - <mask> is a native of <mask>.
07/23/2022 02:45:40 - INFO - __main__ - <mask>'s father was a lawyer in <mask>.
07/23/2022 02:45:40 - INFO - __main__ - <mask> was born and raised in <mask>.
07/23/2022 02:45:40 - INFO - __main__ - <mask> was a prominent figure in the early development of <mask>.
07/23/2022 02:45:40 - INFO - __main__ - <mask>'s father was a lawyer and a prominent lawyer in <mask>.
07/23/2022 02:45:40 - INFO - __main__ - <mask>'s family moved to the city of <mask>.
07/23/2022 02:45:40 - INFO - __main__ - <mask> was born and raised in the suburbs of <mask>.
07/23/2022 02:45:40 - INFO - __main__ - <mask> was a prominent figure in the development of <mask>.
07/23/2022 02:45:40 - INFO - __main__ - <mask> is a former mayor of <mask>.
07/23/2022 02:45:40 - INFO - __main__ - ****************************
07/23/2022 02:45:40 - INFO - __main__ - *********References*********
07/23/2022 02:45:40 - INFO - __main__ - ['the place where <mask> died is <mask>.']
07/23/2022 02:45:40 - INFO - __main__ - ****************************
07/23/2022 02:45:44 - INFO - __main__ - ***********Input************
07/23/2022 02:45:44 - INFO - __main__ - <mask> died at <mask> BC December 20, 1959 age 85 .
07/23/2022 02:45:44 - INFO - __main__ - *********Hypothesis*********
07/23/2022 02:45:44 - INFO - __main__ - <mask>'s father was a lawyer in <mask>.
07/23/2022 02:45:44 - INFO - __main__ - <mask> was born and raised in <mask>.
07/23/2022 02:45:44 - INFO - __main__ - <mask> is a former mayor of <mask>.
07/23/2022 02:45:44 - INFO - __main__ - <mask>'s father was a lawyer and his mother was a teacher in <mask>.
07/23/2022 02:45:44 - INFO - __main__ - <mask>'s family moved to the city of <mask>.
07/23/2022 02:45:44 - INFO - __main__ - <mask> was born and raised in the suburbs of <mask>.
07/23/2022 02:45:44 - INFO - __main__ - <mask> was born and raised in the city of <mask>.
07/23/2022 02:45:44 - INFO - __main__ - <mask> is a former member of the band <mask>.
07/23/2022 02:45:44 - INFO - __main__ - <mask> has been a long-time resident of <mask>.
07/23/2022 02:45:44 - INFO - __main__ - <mask> began his career as a journalist in <mask>.
07/23/2022 02:45:44 - INFO - __main__ - ****************************
07/23/2022 02:45:44 - INFO - __main__ - *********References*********
07/23/2022 02:45:44 - INFO - __main__ - ['the place where <mask> died is <mask>.']
07/23/2022 02:45:44 - INFO - __main__ - ****************************
07/23/2022 02:46:35 - INFO - __main__ - ***********Input************
07/23/2022 02:46:35 - INFO - __main__ - Considered by some in the art world to be one of the last of the Surrealists, <mask> died in his home in <mask> on April 25, 2008, aged 99 Donati's health had been failing since involved, as a passenger, in a taxi accident in July, 2007 .
07/23/2022 02:46:35 - INFO - __main__ - *********Hypothesis*********
07/23/2022 02:46:35 - INFO - __main__ - <mask>'s work was not confined to <mask>.
07/23/2022 02:46:35 - INFO - __main__ - <mask>'s father was a lawyer and his mother a teacher in <mask>.
07/23/2022 02:46:35 - INFO - __main__ - <mask>'s family were well-known in <mask>.
07/23/2022 02:46:35 - INFO - __main__ - <mask> was born in the city of <mask>.
07/23/2022 02:46:35 - INFO - __main__ - <mask> was born and died in <mask>.
07/23/2022 02:46:35 - INFO - __main__ - <mask> is a surname originating from the city of <mask>.
07/23/2022 02:46:35 - INFO - __main__ - <mask> is a native of the city of <mask>.
07/23/2022 02:46:35 - INFO - __main__ - <mask> had been a member of the accademia di belle arti in <mask>.
07/23/2022 02:46:35 - INFO - __main__ - ****************************
07/23/2022 02:46:35 - INFO - __main__ - *********References*********
07/23/2022 02:46:35 - INFO - __main__ - ['the place where <mask> died is <mask>.']
07/23/2022 02:46:35 - INFO - __main__ - ****************************
07/23/2022 02:46:40 - INFO - __main__ - ***********Input************
07/23/2022 02:46:40 - INFO - __main__ - <mask> died of pneumonia in 1990 at his home in <mask>, California .
07/23/2022 02:46:40 - INFO - __main__ - *********Hypothesis*********
07/23/2022 02:46:40 - INFO - __main__ - <mask>'s father was a successful real estate broker in <mask>.
07/23/2022 02:46:40 - INFO - __main__ - <mask>'s family moved to the suburbs of <mask>.
07/23/2022 02:46:40 - INFO - __main__ - <mask> was born and raised in <mask>.
07/23/2022 02:46:40 - INFO - __main__ - <mask> is a native of <mask>.
07/23/2022 02:46:40 - INFO - __main__ - <mask> has been a resident of <mask>.
07/23/2022 02:46:40 - INFO - __main__ - <mask> had previously worked as an actor in <mask>.
07/23/2022 02:46:40 - INFO - __main__ - <mask> began his career as a session musician in <mask>.
07/23/2022 02:46:40 - INFO - __main__ - <mask> was born <mask>.
07/23/2022 02:46:40 - INFO - __main__ - <mask> was born and raised <mask>.
07/23/2022 02:46:40 - INFO - __main__ - <mask> grew up in the suburbs of <mask>.
07/23/2022 02:46:40 - INFO - __main__ - ****************************
07/23/2022 02:46:40 - INFO - __main__ - *********References*********
07/23/2022 02:46:40 - INFO - __main__ - ['the place where <mask> died is <mask>.']
07/23/2022 02:46:40 - INFO - __main__ - ****************************
07/23/2022 02:46:49 - INFO - __main__ - ***********Input************
07/23/2022 02:46:49 - INFO - __main__ - <mask> died in 1888 in <mask>, Germany and is buried, together with his wife, Sophie in Weißensee .
07/23/2022 02:46:49 - INFO - __main__ - *********Hypothesis*********
07/23/2022 02:46:49 - INFO - __main__ - <mask>'s main residence is in <mask>.
07/23/2022 02:46:49 - INFO - __main__ - <mask> is the son of a former mayor of <mask>.
07/23/2022 02:46:49 - INFO - __main__ - <mask> has a large number of museums and galleries in <mask>.
07/23/2022 02:46:49 - INFO - __main__ - <mask>'s father was a teacher in <mask>.
07/23/2022 02:46:49 - INFO - __main__ - <mask> was born in <mask>.
07/23/2022 02:46:49 - INFO - __main__ - <mask> was born and raised in <mask>.
07/23/2022 02:46:49 - INFO - __main__ - <mask> was born and died in <mask>.
07/23/2022 02:46:49 - INFO - __main__ - <mask> is a native of <mask>.
07/23/2022 02:46:49 - INFO - __main__ - <mask>'s father was a lawyer in <mask>.
07/23/2022 02:46:49 - INFO - __main__ - <mask> is a surname originating from <mask>.
07/23/2022 02:46:49 - INFO - __main__ - ****************************
07/23/2022 02:46:49 - INFO - __main__ - *********References*********
07/23/2022 02:46:49 - INFO - __main__ - ['the place where <mask> died is <mask>.']
07/23/2022 02:46:49 - INFO - __main__ - ****************************
07/23/2022 02:46:50 - INFO - __main__ - Task: google-re
07/23/2022 02:46:50 - INFO - __main__ - bleu-4: 5.723981202459841e-79
07/23/2022 02:46:50 - INFO - __main__ - bleu-3: 0.03780769490350196
07/23/2022 02:46:50 - INFO - __main__ - bleu-2: 0.07158457034701293
07/23/2022 02:46:50 - INFO - __main__ - bleu-1: 0.30725164622184076
07/23/2022 02:46:50 - INFO - __main__ - METEOR: 0.2207518454993203
07/23/2022 02:46:50 - INFO - __main__ - ROUGE-L: 0.3640015091557525
07/23/2022 02:46:50 - INFO - __main__ - entailment score(mean-mean): 0.09211559710421025
07/23/2022 02:46:50 - INFO - __main__ - entailment score(mean-max): 0.5382195660844445
07/23/2022 02:46:50 - INFO - __main__ - entailment score(mean-min): 0.0006801674183710323
07/23/2022 02:46:50 - INFO - __main__ - self-BLEU-2: 0.8821035190202379
07/23/2022 02:46:50 - INFO - __main__ - avg: 0.1668995443545714
07/23/2022 02:46:50 - INFO - __main__ - *******************************************************
07/23/2022 02:46:50 - INFO - __main__ - *******************************************************
07/23/2022 02:46:50 - INFO - __main__ - *******************************************************
07/23/2022 05:41:16 - INFO - __main__ - **************** MODEL CONFIGURATION ****************
07/23/2022 05:41:16 - INFO - __main__ - bart_training             -->   True
07/23/2022 05:41:16 - INFO - __main__ - device                    -->   5
07/23/2022 05:41:16 - INFO - __main__ - dpp                       -->   True
07/23/2022 05:41:16 - INFO - __main__ - group_beam                -->   True
07/23/2022 05:41:16 - INFO - __main__ - if_then                   -->   False
07/23/2022 05:41:16 - INFO - __main__ - inductor                  -->   rule
07/23/2022 05:41:16 - INFO - __main__ - log_dir                   -->   logs_new_new_new/
07/23/2022 05:41:16 - INFO - __main__ - log_name                  -->   google-k*k+mc+gs+dpp
07/23/2022 05:41:16 - INFO - __main__ - mcgs                      -->   True
07/23/2022 05:41:16 - INFO - __main__ - mlm_training              -->   True
07/23/2022 05:41:16 - INFO - __main__ - task                      -->   google-re
07/23/2022 05:41:16 - INFO - __main__ - **************** MODEL CONFIGURATION ****************
07/23/2022 05:42:46 - INFO - __main__ - ***********Input************
07/23/2022 05:42:46 - INFO - __main__ - <mask> (b. 1954 in <mask>) is a best-selling American author of romance novels .
07/23/2022 05:42:46 - INFO - __main__ - *********Hypothesis*********
07/23/2022 05:42:46 - INFO - __main__ - <mask> is a writer and editor based in <mask>.
07/23/2022 05:42:46 - INFO - __main__ - <mask>, actress, lives in <mask>.
07/23/2022 05:42:46 - INFO - __main__ - <mask> was born in <mask>.
07/23/2022 05:42:46 - INFO - __main__ - <mask> was born and raised in <mask>.
07/23/2022 05:42:46 - INFO - __main__ - <mask> lives in <mask>.
07/23/2022 05:42:46 - INFO - __main__ - <mask> is a writer and producer based in <mask>.
07/23/2022 05:42:46 - INFO - __main__ - <mask> is a singer-songwriter from <mask>.
07/23/2022 05:42:46 - INFO - __main__ - <mask> grew up in <mask>.
07/23/2022 05:42:46 - INFO - __main__ - <mask> is a writer, director, and producer based in <mask>.
07/23/2022 05:42:46 - INFO - __main__ - <mask> is a writer and artist based in <mask>.
07/23/2022 05:42:46 - INFO - __main__ - ****************************
07/23/2022 05:42:46 - INFO - __main__ - *********References*********
07/23/2022 05:42:46 - INFO - __main__ - ['the place where <mask> was born is <mask>.']
07/23/2022 05:42:46 - INFO - __main__ - ****************************
07/23/2022 05:43:10 - INFO - __main__ - ***********Input************
07/23/2022 05:43:10 - INFO - __main__ - <mask> (born c.<mask> Chapel Hill, North Carolina) is an American director and designer of experimental theatre from New York City .
07/23/2022 05:43:10 - INFO - __main__ - *********Hypothesis*********
07/23/2022 05:43:10 - INFO - __main__ - <mask>: a biography, <mask>.
07/23/2022 05:43:10 - INFO - __main__ - <mask>, professor of history, <mask>.
07/23/2022 05:43:10 - INFO - __main__ - <mask>, jr., professor of history, <mask>.
07/23/2022 05:43:10 - INFO - __main__ - <mask> is a professor of history at <mask>.
07/23/2022 05:43:10 - INFO - __main__ - <mask>, who was a member of the group, was born in <mask>.
07/23/2022 05:43:10 - INFO - __main__ - <mask>, a former professional basketball player, was born in <mask>.
07/23/2022 05:43:10 - INFO - __main__ - <mask> was born in <mask>.
07/23/2022 05:43:10 - INFO - __main__ - <mask> is a retired professional tennis player from <mask>.
07/23/2022 05:43:10 - INFO - __main__ - <mask>, a local businessman, was a key figure in the development of <mask>.
07/23/2022 05:43:10 - INFO - __main__ - <mask> was the son of a wealthy merchant in <mask>.
07/23/2022 05:43:10 - INFO - __main__ - ****************************
07/23/2022 05:43:10 - INFO - __main__ - *********References*********
07/23/2022 05:43:10 - INFO - __main__ - ['the date when <mask> was born is <mask>.']
07/23/2022 05:43:10 - INFO - __main__ - ****************************
07/23/2022 05:43:13 - INFO - __main__ - ***********Input************
07/23/2022 05:43:13 - INFO - __main__ - <mask> (born c <mask>) is a former softball player and coach .
07/23/2022 05:43:13 - INFO - __main__ - *********Hypothesis*********
07/23/2022 05:43:13 - INFO - __main__ - <mask>, who died <mask>.
07/23/2022 05:43:13 - INFO - __main__ - <mask> was born <mask>.
07/23/2022 05:43:13 - INFO - __main__ - ****************************
07/23/2022 05:43:13 - INFO - __main__ - *********References*********
07/23/2022 05:43:13 - INFO - __main__ - ['the date when <mask> was born is <mask>.']
07/23/2022 05:43:13 - INFO - __main__ - ****************************
07/23/2022 05:43:20 - INFO - __main__ - ***********Input************
07/23/2022 05:43:20 - INFO - __main__ - <mask> (1738--1811) was a British composer and organist born in <mask> .
07/23/2022 05:43:20 - INFO - __main__ - *********Hypothesis*********
07/23/2022 05:43:20 - INFO - __main__ - <mask>,, deputy chief constable, city of <mask>.
07/23/2022 05:43:20 - INFO - __main__ - <mask>, chief superintendent of police, metropolitan police, <mask>.
07/23/2022 05:43:20 - INFO - __main__ - <mask>, a prominent lawyer, was born in <mask>.
07/23/2022 05:43:20 - INFO - __main__ - <mask> was the son of a merchant in <mask>.
07/23/2022 05:43:20 - INFO - __main__ - <mask> was born and died in <mask>.
07/23/2022 05:43:20 - INFO - __main__ - <mask> was a merchant and politician in <mask>.
07/23/2022 05:43:20 - INFO - __main__ - <mask> is an artist, writer and curator based in <mask>.
07/23/2022 05:43:20 - INFO - __main__ - <mask> is a former professional footballer who played for <mask>.
07/23/2022 05:43:20 - INFO - __main__ - <mask> (1772–1835), who died in <mask>.
07/23/2022 05:43:20 - INFO - __main__ - <mask>, lately assistant superintendent of police, <mask>.
07/23/2022 05:43:20 - INFO - __main__ - ****************************
07/23/2022 05:43:20 - INFO - __main__ - *********References*********
07/23/2022 05:43:20 - INFO - __main__ - ['the place where <mask> was born is <mask>.']
07/23/2022 05:43:20 - INFO - __main__ - ****************************
07/23/2022 05:43:35 - INFO - __main__ - ***********Input************
07/23/2022 05:43:35 - INFO - __main__ - <mask> (b. February 11, 1955, <mask>, Tennessee - d July 2, 2007, Tiburon, California) was an American artist .
07/23/2022 05:43:35 - INFO - __main__ - *********Hypothesis*********
07/23/2022 05:43:35 - INFO - __main__ - <mask> was born and raised in <mask>.
07/23/2022 05:43:35 - INFO - __main__ - <mask> is the current mayor of <mask>.
07/23/2022 05:43:35 - INFO - __main__ - <mask>, a former mayor of <mask>.
07/23/2022 05:43:35 - INFO - __main__ - <mask> was born in <mask>.
07/23/2022 05:43:35 - INFO - __main__ - <mask> is an attorney and former mayor of <mask>.
07/23/2022 05:43:35 - INFO - __main__ - <mask> is a native of <mask>.
07/23/2022 05:43:35 - INFO - __main__ - <mask>, the first woman to be elected mayor of <mask>.
07/23/2022 05:43:35 - INFO - __main__ - <mask>, jr. was born in <mask>.
07/23/2022 05:43:35 - INFO - __main__ - <mask>, a prominent lawyer, was born in <mask>.
07/23/2022 05:43:35 - INFO - __main__ - <mask> is a former mayor of <mask>.
07/23/2022 05:43:35 - INFO - __main__ - ****************************
07/23/2022 05:43:35 - INFO - __main__ - *********References*********
07/23/2022 05:43:35 - INFO - __main__ - ['the place where <mask> was born is <mask>.']
07/23/2022 05:43:35 - INFO - __main__ - ****************************
07/23/2022 05:43:50 - INFO - __main__ - ***********Input************
07/23/2022 05:43:50 - INFO - __main__ - <mask> (c. <mask> - 25 August 1785) was a British diplomat and politician who sat in the House of Commons between 1762 and 1774 .
07/23/2022 05:43:50 - INFO - __main__ - *********Hypothesis*********
07/23/2022 05:43:50 - INFO - __main__ - <mask>, who was a prominent local merchant, died in <mask>.
07/23/2022 05:43:50 - INFO - __main__ - <mask>, a local merchant, was the owner of the house in <mask>.
07/23/2022 05:43:50 - INFO - __main__ - <mask> was the son of a local farmer and was born in <mask>.
07/23/2022 05:43:50 - INFO - __main__ - <mask> was born in the village in <mask>.
07/23/2022 05:43:50 - INFO - __main__ - <mask> was appointed as a justice of the peace in <mask>.
07/23/2022 05:43:50 - INFO - __main__ - <mask> of st. mary's, who died in <mask>.
07/23/2022 05:43:50 - INFO - __main__ - <mask> had been a member of the council since <mask>.
07/23/2022 05:43:50 - INFO - __main__ - <mask> died in the house in <mask>.
07/23/2022 05:43:50 - INFO - __main__ - <mask> (1715–1772) was born in <mask>.
07/23/2022 05:43:50 - INFO - __main__ - <mask> was born in <mask>.
07/23/2022 05:43:50 - INFO - __main__ - ****************************
07/23/2022 05:43:50 - INFO - __main__ - *********References*********
07/23/2022 05:43:50 - INFO - __main__ - ['the date when <mask> was born is <mask>.']
07/23/2022 05:43:50 - INFO - __main__ - ****************************
07/23/2022 05:47:24 - INFO - __main__ - ***********Input************
07/23/2022 05:47:24 - INFO - __main__ - <mask> (born December 28th, <mask>) is a United States of America Democratic political consultant and activist who has worked on six presidential campaigns, served as Policy Director for the Speaker of the House in Connecticut, and served as the National Coordinated Campaign Director for both the 1992 and 1996 Presidential campaigns of Bill Clinton .
07/23/2022 05:47:24 - INFO - __main__ - *********Hypothesis*********
07/23/2022 05:47:24 - INFO - __main__ - <mask>: the rise and fall of a new american family, <mask>.
07/23/2022 05:47:24 - INFO - __main__ - <mask>, a former member of the group, was elected president in <mask>.
07/23/2022 05:47:24 - INFO - __main__ - <mask> was the last surviving member of the original group, who died in <mask>.
07/23/2022 05:47:24 - INFO - __main__ - <mask> was elected as president in <mask>.
07/23/2022 05:47:24 - INFO - __main__ - <mask> has been the editor-in-chief since <mask>.
07/23/2022 05:47:24 - INFO - __main__ - <mask> became the president in <mask>.
07/23/2022 05:47:24 - INFO - __main__ - <mask> was born in <mask>.
07/23/2022 05:47:24 - INFO - __main__ - <mask>, who had been a member of the board since <mask>.
07/23/2022 05:47:24 - INFO - __main__ - <mask>, the history of the world, <mask>.
07/23/2022 05:47:24 - INFO - __main__ - <mask> was elected president in <mask>.
07/23/2022 05:47:24 - INFO - __main__ - ****************************
07/23/2022 05:47:24 - INFO - __main__ - *********References*********
07/23/2022 05:47:24 - INFO - __main__ - ['the date when <mask> was born is <mask>.']
07/23/2022 05:47:24 - INFO - __main__ - ****************************
07/23/2022 05:47:47 - INFO - __main__ - ***********Input************
07/23/2022 05:47:47 - INFO - __main__ - <mask> (born <mask> in Vlorë, Albania) is a singer who at fourtheen moved to Pistoia, Italy were he remains with his parents and three brothers .
07/23/2022 05:47:47 - INFO - __main__ - *********Hypothesis*********
07/23/2022 05:47:47 - INFO - __main__ - <mask>'s national football team is the national football side of <mask>.
07/23/2022 05:47:47 - INFO - __main__ - <mask> women's national handball team is the national hand ball team of <mask>.
07/23/2022 05:47:47 - INFO - __main__ - <mask> was the father of <mask>.
07/23/2022 05:47:47 - INFO - __main__ - <mask> is a younger brother of <mask>.
07/23/2022 05:47:47 - INFO - __main__ - <mask> was born in <mask>.
07/23/2022 05:47:47 - INFO - __main__ - <mask>, son of <mask>.
07/23/2022 05:47:47 - INFO - __main__ - <mask> was a brother of <mask>.
07/23/2022 05:47:47 - INFO - __main__ - <mask> is the son of former prime minister <mask>.
07/23/2022 05:47:47 - INFO - __main__ - <mask> is the son of former <mask>.
07/23/2022 05:47:47 - INFO - __main__ - <mask> is the son of <mask>.
07/23/2022 05:47:47 - INFO - __main__ - ****************************
07/23/2022 05:47:47 - INFO - __main__ - *********References*********
07/23/2022 05:47:47 - INFO - __main__ - ['the date when <mask> was born is <mask>.']
07/23/2022 05:47:47 - INFO - __main__ - ****************************
07/23/2022 05:47:54 - INFO - __main__ - ***********Input************
07/23/2022 05:47:54 - INFO - __main__ - <mask> (born 27 September 1974, in <mask>, India) is a former Indian cricketer .
07/23/2022 05:47:54 - INFO - __main__ - *********Hypothesis*********
07/23/2022 05:47:54 - INFO - __main__ - <mask> was born in <mask>.
07/23/2022 05:47:54 - INFO - __main__ - <mask> was born and brought up in <mask>.
07/23/2022 05:47:54 - INFO - __main__ - <mask> started his career as a journalist in <mask>.
07/23/2022 05:47:54 - INFO - __main__ - <mask> is a young man who lives in <mask>.
07/23/2022 05:47:54 - INFO - __main__ - <mask> is a film director from <mask>.
07/23/2022 05:47:54 - INFO - __main__ - <mask> has been a resident of <mask>.
07/23/2022 05:47:54 - INFO - __main__ - <mask> lives with his family in <mask>.
07/23/2022 05:47:54 - INFO - __main__ - <mask> is an actor from <mask>.
07/23/2022 05:47:54 - INFO - __main__ - <mask>, a lawyer, was born in <mask>.
07/23/2022 05:47:54 - INFO - __main__ - ****************************
07/23/2022 05:47:54 - INFO - __main__ - *********References*********
07/23/2022 05:47:54 - INFO - __main__ - ['the place where <mask> was born is <mask>.']
07/23/2022 05:47:54 - INFO - __main__ - ****************************
07/23/2022 05:48:02 - INFO - __main__ - ***********Input************
07/23/2022 05:48:02 - INFO - __main__ - <mask> (1806-1867) was an American physician, born in <mask>, Massachusetts .
07/23/2022 05:48:02 - INFO - __main__ - *********Hypothesis*********
07/23/2022 05:48:02 - INFO - __main__ - <mask>, a local businessman, was a prominent figure in <mask>.
07/23/2022 05:48:02 - INFO - __main__ - <mask> (1818–1896), who died in <mask>.
07/23/2022 05:48:02 - INFO - __main__ - <mask>, who was a priest in <mask>.
07/23/2022 05:48:02 - INFO - __main__ - <mask>, a prominent local businessman, was born in <mask>.
07/23/2022 05:48:02 - INFO - __main__ - <mask> was born in <mask>.
07/23/2022 05:48:02 - INFO - __main__ - <mask> was born and raised in <mask>.
07/23/2022 05:48:02 - INFO - __main__ - <mask> was an early settler of <mask>.
07/23/2022 05:48:02 - INFO - __main__ - <mask> is the current mayor of <mask>.
07/23/2022 05:48:02 - INFO - __main__ - <mask>, a prominent lawyer, was born in <mask>.
07/23/2022 05:48:02 - INFO - __main__ - <mask>, a lawyer, was born in <mask>.
07/23/2022 05:48:02 - INFO - __main__ - ****************************
07/23/2022 05:48:02 - INFO - __main__ - *********References*********
07/23/2022 05:48:02 - INFO - __main__ - ['the place where <mask> was born is <mask>.']
07/23/2022 05:48:02 - INFO - __main__ - ****************************
07/23/2022 05:48:10 - INFO - __main__ - ***********Input************
07/23/2022 05:48:10 - INFO - __main__ - A Conservative, the Honourable <mask> served until his death in 1871 in <mask>, Ontario .
07/23/2022 05:48:10 - INFO - __main__ - *********Hypothesis*********
07/23/2022 05:48:10 - INFO - __main__ - <mask>'s father was a lawyer in <mask>.
07/23/2022 05:48:10 - INFO - __main__ - <mask> was born and raised in <mask>.
07/23/2022 05:48:10 - INFO - __main__ - <mask> is a native of <mask>.
07/23/2022 05:48:10 - INFO - __main__ - <mask>'s father was a lawyer and a prominent lawyer in <mask>.
07/23/2022 05:48:10 - INFO - __main__ - <mask>'s father was a lawyer who practiced law in <mask>.
07/23/2022 05:48:10 - INFO - __main__ - <mask> was born and raised in the suburbs of <mask>.
07/23/2022 05:48:10 - INFO - __main__ - <mask> was a member of the board of directors of the city of <mask>.
07/23/2022 05:48:10 - INFO - __main__ - <mask> is currently a freelance writer and lives in <mask>.
07/23/2022 05:48:10 - INFO - __main__ - <mask> is a former member of the city council of <mask>.
07/23/2022 05:48:10 - INFO - __main__ - <mask> began his career as a journalist in <mask>.
07/23/2022 05:48:10 - INFO - __main__ - ****************************
07/23/2022 05:48:10 - INFO - __main__ - *********References*********
07/23/2022 05:48:10 - INFO - __main__ - ['the place where <mask> died is <mask>.']
07/23/2022 05:48:10 - INFO - __main__ - ****************************
07/23/2022 05:48:15 - INFO - __main__ - ***********Input************
07/23/2022 05:48:15 - INFO - __main__ - <mask> died at <mask> BC December 20, 1959 age 85 .
07/23/2022 05:48:15 - INFO - __main__ - *********Hypothesis*********
07/23/2022 05:48:15 - INFO - __main__ - <mask>'s father was a lawyer and his mother was a teacher in <mask>.
07/23/2022 05:48:15 - INFO - __main__ - <mask>'s family moved to the city of <mask>.
07/23/2022 05:48:15 - INFO - __main__ - <mask> was born and raised in the suburbs of <mask>.
07/23/2022 05:48:15 - INFO - __main__ - <mask> was born and raised in the city of <mask>.
07/23/2022 05:48:15 - INFO - __main__ - <mask> is a former member of the band <mask>.
07/23/2022 05:48:15 - INFO - __main__ - <mask> has been a long-time resident of <mask>.
07/23/2022 05:48:15 - INFO - __main__ - <mask> had previously been a member of the city council of <mask>.
07/23/2022 05:48:15 - INFO - __main__ - <mask> began his career as a journalist in <mask>.
07/23/2022 05:48:15 - INFO - __main__ - <mask> was born and raised in <mask>.
07/23/2022 05:48:15 - INFO - __main__ - <mask> is a former mayor of <mask>.
07/23/2022 05:48:15 - INFO - __main__ - ****************************
07/23/2022 05:48:15 - INFO - __main__ - *********References*********
07/23/2022 05:48:15 - INFO - __main__ - ['the place where <mask> died is <mask>.']
07/23/2022 05:48:15 - INFO - __main__ - ****************************
07/23/2022 05:49:08 - INFO - __main__ - ***********Input************
07/23/2022 05:49:08 - INFO - __main__ - Considered by some in the art world to be one of the last of the Surrealists, <mask> died in his home in <mask> on April 25, 2008, aged 99 Donati's health had been failing since involved, as a passenger, in a taxi accident in July, 2007 .
07/23/2022 05:49:08 - INFO - __main__ - *********Hypothesis*********
07/23/2022 05:49:08 - INFO - __main__ - <mask>'s work was not confined to <mask>.
07/23/2022 05:49:08 - INFO - __main__ - <mask>'s father was a lawyer and his mother a teacher in <mask>.
07/23/2022 05:49:08 - INFO - __main__ - <mask>'s family were well-known in <mask>.
07/23/2022 05:49:08 - INFO - __main__ - <mask> was born in the city of <mask>.
07/23/2022 05:49:08 - INFO - __main__ - <mask> was born and died in <mask>.
07/23/2022 05:49:08 - INFO - __main__ - <mask> is a surname originating from the city of <mask>.
07/23/2022 05:49:08 - INFO - __main__ - <mask> is a native of the city of <mask>.
07/23/2022 05:49:08 - INFO - __main__ - <mask> had been a member of the accademia di belle arti in <mask>.
07/23/2022 05:49:08 - INFO - __main__ - ****************************
07/23/2022 05:49:08 - INFO - __main__ - *********References*********
07/23/2022 05:49:08 - INFO - __main__ - ['the place where <mask> died is <mask>.']
07/23/2022 05:49:08 - INFO - __main__ - ****************************
07/23/2022 05:49:13 - INFO - __main__ - ***********Input************
07/23/2022 05:49:13 - INFO - __main__ - <mask> died of pneumonia in 1990 at his home in <mask>, California .
07/23/2022 05:49:13 - INFO - __main__ - *********Hypothesis*********
07/23/2022 05:49:13 - INFO - __main__ - <mask>'s father was a successful real estate broker in <mask>.
07/23/2022 05:49:13 - INFO - __main__ - <mask>'s family moved to the suburbs of <mask>.
07/23/2022 05:49:13 - INFO - __main__ - <mask> was born and raised in <mask>.
07/23/2022 05:49:13 - INFO - __main__ - <mask> is a native of <mask>.
07/23/2022 05:49:13 - INFO - __main__ - <mask> has been a resident of <mask>.
07/23/2022 05:49:13 - INFO - __main__ - <mask> began his career as a session musician in <mask>.
07/23/2022 05:49:13 - INFO - __main__ - <mask>'s family moved to <mask>.
07/23/2022 05:49:13 - INFO - __main__ - <mask> is currently a resident of <mask>.
07/23/2022 05:49:13 - INFO - __main__ - <mask> has been involved in the arts and culture in <mask>.
07/23/2022 05:49:13 - INFO - __main__ - <mask> was born and raised <mask>.
07/23/2022 05:49:13 - INFO - __main__ - ****************************
07/23/2022 05:49:13 - INFO - __main__ - *********References*********
07/23/2022 05:49:13 - INFO - __main__ - ['the place where <mask> died is <mask>.']
07/23/2022 05:49:13 - INFO - __main__ - ****************************
07/23/2022 05:49:22 - INFO - __main__ - ***********Input************
07/23/2022 05:49:22 - INFO - __main__ - <mask> died in 1888 in <mask>, Germany and is buried, together with his wife, Sophie in Weißensee .
07/23/2022 05:49:22 - INFO - __main__ - *********Hypothesis*********
07/23/2022 05:49:22 - INFO - __main__ - <mask>'s father was a lawyer in <mask>.
07/23/2022 05:49:22 - INFO - __main__ - <mask>'s family moved to a <mask>.
07/23/2022 05:49:22 - INFO - __main__ - <mask> was born and died in <mask>.
07/23/2022 05:49:22 - INFO - __main__ - <mask> studied law at the university of <mask>.
07/23/2022 05:49:22 - INFO - __main__ - <mask> is a native of <mask>.
07/23/2022 05:49:22 - INFO - __main__ - <mask> had been a member of the city council of <mask>.
07/23/2022 05:49:22 - INFO - __main__ - <mask> is a surname originating from <mask>.
07/23/2022 05:49:22 - INFO - __main__ - <mask> was born in the <mask>.
07/23/2022 05:49:22 - INFO - __main__ - <mask>'s family moved to <mask>.
07/23/2022 05:49:22 - INFO - __main__ - <mask> was born in <mask>.
07/23/2022 05:49:22 - INFO - __main__ - ****************************
07/23/2022 05:49:22 - INFO - __main__ - *********References*********
07/23/2022 05:49:22 - INFO - __main__ - ['the place where <mask> died is <mask>.']
07/23/2022 05:49:22 - INFO - __main__ - ****************************
07/23/2022 05:49:23 - INFO - __main__ - Task: google-re
07/23/2022 05:49:23 - INFO - __main__ - bleu-4: 4.632895480793124e-79
07/23/2022 05:49:23 - INFO - __main__ - bleu-3: 0.030664628364306244
07/23/2022 05:49:23 - INFO - __main__ - bleu-2: 0.07227387759875235
07/23/2022 05:49:23 - INFO - __main__ - bleu-1: 0.3096708385968261
07/23/2022 05:49:23 - INFO - __main__ - METEOR: 0.22268348414749872
07/23/2022 05:49:23 - INFO - __main__ - ROUGE-L: 0.35641802372318887
07/23/2022 05:49:23 - INFO - __main__ - entailment score(mean-mean): 0.0758777115560334
07/23/2022 05:49:23 - INFO - __main__ - entailment score(mean-max): 0.533417114118735
07/23/2022 05:49:23 - INFO - __main__ - entailment score(mean-min): 0.000947868875664426
07/23/2022 05:49:23 - INFO - __main__ - self-BLEU-2: 0.8591424275569267
07/23/2022 05:49:23 - INFO - __main__ - avg: 0.16528514207176204
07/23/2022 05:49:23 - INFO - __main__ - *******************************************************
07/23/2022 05:49:23 - INFO - __main__ - *******************************************************
07/23/2022 05:49:23 - INFO - __main__ - *******************************************************
07/23/2022 08:56:32 - INFO - __main__ - **************** MODEL CONFIGURATION ****************
07/23/2022 08:56:32 - INFO - __main__ - bart_training             -->   True
07/23/2022 08:56:32 - INFO - __main__ - device                    -->   5
07/23/2022 08:56:32 - INFO - __main__ - dpp                       -->   True
07/23/2022 08:56:32 - INFO - __main__ - group_beam                -->   True
07/23/2022 08:56:32 - INFO - __main__ - if_then                   -->   False
07/23/2022 08:56:32 - INFO - __main__ - inductor                  -->   rule
07/23/2022 08:56:32 - INFO - __main__ - log_dir                   -->   logs_new_new_new/
07/23/2022 08:56:32 - INFO - __main__ - log_name                  -->   google-k*k+mc+gs+dpp
07/23/2022 08:56:32 - INFO - __main__ - mcgs                      -->   True
07/23/2022 08:56:32 - INFO - __main__ - mlm_training              -->   True
07/23/2022 08:56:32 - INFO - __main__ - task                      -->   google-re
07/23/2022 08:56:32 - INFO - __main__ - **************** MODEL CONFIGURATION ****************
07/23/2022 08:58:01 - INFO - __main__ - ***********Input************
07/23/2022 08:58:01 - INFO - __main__ - <mask> (b. 1954 in <mask>) is a best-selling American author of romance novels .
07/23/2022 08:58:01 - INFO - __main__ - *********Hypothesis*********
07/23/2022 08:58:01 - INFO - __main__ - <mask> is a writer and editor based in <mask>.
07/23/2022 08:58:01 - INFO - __main__ - <mask> is an artist based in <mask>.
07/23/2022 08:58:01 - INFO - __main__ - <mask>, who was a singer, was born in <mask>.
07/23/2022 08:58:01 - INFO - __main__ - <mask> was born in <mask>.
07/23/2022 08:58:01 - INFO - __main__ - <mask> was born and raised in <mask>.
07/23/2022 08:58:01 - INFO - __main__ - <mask> lives in <mask>.
07/23/2022 08:58:01 - INFO - __main__ - <mask> is an artist living in <mask>.
07/23/2022 08:58:01 - INFO - __main__ - <mask> is a writer and artist based in <mask>.
07/23/2022 08:58:01 - INFO - __main__ - <mask> is a singer-songwriter from <mask>.
07/23/2022 08:58:01 - INFO - __main__ - <mask> grew up in <mask>.
07/23/2022 08:58:01 - INFO - __main__ - ****************************
07/23/2022 08:58:01 - INFO - __main__ - *********References*********
07/23/2022 08:58:01 - INFO - __main__ - ['the place where <mask> was born is <mask>.']
07/23/2022 08:58:01 - INFO - __main__ - ****************************
07/23/2022 08:58:12 - INFO - __main__ - ***********Input************
07/23/2022 08:58:12 - INFO - __main__ - <mask> (born c.<mask> Chapel Hill, North Carolina) is an American director and designer of experimental theatre from New York City .
07/23/2022 08:58:12 - INFO - __main__ - *********Hypothesis*********
07/23/2022 08:58:12 - INFO - __main__ - <mask>, professor of psychology, <mask>.
07/23/2022 08:58:12 - INFO - __main__ - <mask>, professor of history, <mask>.
07/23/2022 08:58:12 - INFO - __main__ - <mask>, associate professor of history, <mask>.
07/23/2022 08:58:12 - INFO - __main__ - <mask> is a professor of psychology at <mask>.
07/23/2022 08:58:12 - INFO - __main__ - <mask> is a professor at <mask>.
07/23/2022 08:58:12 - INFO - __main__ - <mask> is a native of <mask>.
07/23/2022 08:58:12 - INFO - __main__ - <mask> – in <mask>.
07/23/2022 08:58:12 - INFO - __main__ - <mask> was born <mask>.
07/23/2022 08:58:12 - INFO - __main__ - <mask> (chapel hill <mask>.
07/23/2022 08:58:12 - INFO - __main__ - ****************************
07/23/2022 08:58:12 - INFO - __main__ - *********References*********
07/23/2022 08:58:12 - INFO - __main__ - ['the date when <mask> was born is <mask>.']
07/23/2022 08:58:12 - INFO - __main__ - ****************************
07/23/2022 08:58:19 - INFO - __main__ - ***********Input************
07/23/2022 08:58:19 - INFO - __main__ - <mask> (born c <mask>) is a former softball player and coach .
07/23/2022 08:58:19 - INFO - __main__ - *********Hypothesis*********
07/23/2022 08:58:19 - INFO - __main__ - <mask>, is a former softball player and coach <mask>.
07/23/2022 08:58:19 - INFO - __main__ - <mask> (margaret smith softball player and coach coach and <mask>.
07/23/2022 08:58:19 - INFO - __main__ - <mask> ( is is a former softball player and coach <mask>.
07/23/2022 08:58:19 - INFO - __main__ - ****************************
07/23/2022 08:58:19 - INFO - __main__ - *********References*********
07/23/2022 08:58:19 - INFO - __main__ - ['the date when <mask> was born is <mask>.']
07/23/2022 08:58:19 - INFO - __main__ - ****************************
07/23/2022 08:58:24 - INFO - __main__ - ***********Input************
07/23/2022 08:58:24 - INFO - __main__ - <mask> (1738--1811) was a British composer and organist born in <mask> .
07/23/2022 08:58:24 - INFO - __main__ - *********Hypothesis*********
07/23/2022 08:58:24 - INFO - __main__ - <mask>,, chief constable, city of <mask>.
07/23/2022 08:58:24 - INFO - __main__ - <mask>, superintendent of police, metropolitan police, <mask>.
07/23/2022 08:58:24 - INFO - __main__ - <mask>, chief superintendent, metropolitan police, <mask>.
07/23/2022 08:58:24 - INFO - __main__ - <mask> was born and died in <mask>.
07/23/2022 08:58:24 - INFO - __main__ - <mask> was a merchant and politician in <mask>.
07/23/2022 08:58:24 - INFO - __main__ - <mask> is a former professional footballer who played for <mask>.
07/23/2022 08:58:24 - INFO - __main__ - <mask> (1772–1835), who died in <mask>.
07/23/2022 08:58:24 - INFO - __main__ - <mask>,, deputy mayor of <mask>.
07/23/2022 08:58:24 - INFO - __main__ - <mask> was born in <mask>.
07/23/2022 08:58:24 - INFO - __main__ - <mask>,, deputy chief constable, city of <mask>.
07/23/2022 08:58:24 - INFO - __main__ - ****************************
07/23/2022 08:58:24 - INFO - __main__ - *********References*********
07/23/2022 08:58:24 - INFO - __main__ - ['the place where <mask> was born is <mask>.']
07/23/2022 08:58:24 - INFO - __main__ - ****************************
07/23/2022 08:58:31 - INFO - __main__ - ***********Input************
07/23/2022 08:58:31 - INFO - __main__ - <mask> (b. February 11, 1955, <mask>, Tennessee - d July 2, 2007, Tiburon, California) was an American artist .
07/23/2022 08:58:31 - INFO - __main__ - *********Hypothesis*********
07/23/2022 08:58:31 - INFO - __main__ - <mask>, the founder of the city of <mask>.
07/23/2022 08:58:31 - INFO - __main__ - <mask> is an attorney and former mayor of <mask>.
07/23/2022 08:58:31 - INFO - __main__ - <mask> is a native of <mask>.
07/23/2022 08:58:31 - INFO - __main__ - <mask>, a former mayor of <mask>.
07/23/2022 08:58:31 - INFO - __main__ - <mask> was born in <mask>.
07/23/2022 08:58:31 - INFO - __main__ - <mask> was born and raised in <mask>.
07/23/2022 08:58:31 - INFO - __main__ - <mask> is the current mayor of <mask>.
07/23/2022 08:58:31 - INFO - __main__ - <mask> is buried at the family cemetery in <mask>.
07/23/2022 08:58:31 - INFO - __main__ - <mask> died in <mask>.
07/23/2022 08:58:31 - INFO - __main__ - <mask>, former mayor of <mask>.
07/23/2022 08:58:31 - INFO - __main__ - ****************************
07/23/2022 08:58:31 - INFO - __main__ - *********References*********
07/23/2022 08:58:31 - INFO - __main__ - ['the place where <mask> was born is <mask>.']
07/23/2022 08:58:31 - INFO - __main__ - ****************************
07/23/2022 08:58:36 - INFO - __main__ - ***********Input************
07/23/2022 08:58:36 - INFO - __main__ - <mask> (c. <mask> - 25 August 1785) was a British diplomat and politician who sat in the House of Commons between 1762 and 1774 .
07/23/2022 08:58:36 - INFO - __main__ - *********Hypothesis*********
07/23/2022 08:58:36 - INFO - __main__ - <mask>, who was a prominent local merchant, was born in <mask>.
07/23/2022 08:58:36 - INFO - __main__ - <mask>, a merchant, was born in <mask>.
07/23/2022 08:58:36 - INFO - __main__ - <mask>, a local merchant, was the owner of the house in <mask>.
07/23/2022 08:58:36 - INFO - __main__ - <mask> was the last surviving member of the family, who died in <mask>.
07/23/2022 08:58:36 - INFO - __main__ - <mask> was born in the village in <mask>.
07/23/2022 08:58:36 - INFO - __main__ - <mask> was appointed as a justice of the peace in <mask>.
07/23/2022 08:58:36 - INFO - __main__ - <mask> of st. mary's, who died in <mask>.
07/23/2022 08:58:36 - INFO - __main__ - <mask> had been a member of the council since <mask>.
07/23/2022 08:58:36 - INFO - __main__ - <mask> (1715–1772) was born in <mask>.
07/23/2022 08:58:36 - INFO - __main__ - <mask> was born in <mask>.
07/23/2022 08:58:36 - INFO - __main__ - ****************************
07/23/2022 08:58:36 - INFO - __main__ - *********References*********
07/23/2022 08:58:36 - INFO - __main__ - ['the date when <mask> was born is <mask>.']
07/23/2022 08:58:36 - INFO - __main__ - ****************************
07/23/2022 08:58:44 - INFO - __main__ - ***********Input************
07/23/2022 08:58:44 - INFO - __main__ - <mask> (born December 28th, <mask>) is a United States of America Democratic political consultant and activist who has worked on six presidential campaigns, served as Policy Director for the Speaker of the House in Connecticut, and served as the National Coordinated Campaign Director for both the 1992 and 1996 Presidential campaigns of Bill Clinton .
07/23/2022 08:58:44 - INFO - __main__ - *********Hypothesis*********
07/23/2022 08:58:44 - INFO - __main__ - <mask>, who had been the editor since <mask>.
07/23/2022 08:58:44 - INFO - __main__ - <mask>, a former professional baseball player, was born in <mask>.
07/23/2022 08:58:44 - INFO - __main__ - <mask> was born in <mask>.
07/23/2022 08:58:44 - INFO - __main__ - <mask> was appointed as the new president in <mask>.
07/23/2022 08:58:44 - INFO - __main__ - <mask> is a retired professional basketball player who played in the nba from <mask>.
07/23/2022 08:58:44 - INFO - __main__ - <mask> has been the editor-in-chief since <mask>.
07/23/2022 08:58:44 - INFO - __main__ - <mask> became the company's president in <mask>.
07/23/2022 08:58:44 - INFO - __main__ - <mask> (born ) is a former professional tennis player who played in <mask>.
07/23/2022 08:58:44 - INFO - __main__ - <mask> was elected president in <mask>.
07/23/2022 08:58:44 - INFO - __main__ - <mask>, the history of the world, <mask>.
07/23/2022 08:58:44 - INFO - __main__ - ****************************
07/23/2022 08:58:44 - INFO - __main__ - *********References*********
07/23/2022 08:58:44 - INFO - __main__ - ['the date when <mask> was born is <mask>.']
07/23/2022 08:58:44 - INFO - __main__ - ****************************
07/23/2022 08:58:53 - INFO - __main__ - ***********Input************
07/23/2022 08:58:53 - INFO - __main__ - <mask> (born <mask> in Vlorë, Albania) is a singer who at fourtheen moved to Pistoia, Italy were he remains with his parents and three brothers .
07/23/2022 08:58:53 - INFO - __main__ - *********Hypothesis*********
07/23/2022 08:58:53 - INFO - __main__ - <mask> was the son of a merchant and <mask>.
07/23/2022 08:58:53 - INFO - __main__ - <mask> was born in the village of <mask>.
07/23/2022 08:58:53 - INFO - __main__ - <mask> is married to <mask>.
07/23/2022 08:58:53 - INFO - __main__ - <mask> was born in <mask>.
07/23/2022 08:58:53 - INFO - __main__ - <mask> is a village in the former municipality of <mask>.
07/23/2022 08:58:53 - INFO - __main__ - <mask> railway station is located in <mask>.
07/23/2022 08:58:53 - INFO - __main__ - <mask> is the home stadium of <mask>.
07/23/2022 08:58:53 - INFO - __main__ - <mask> is a village in the municipality of <mask>.
07/23/2022 08:58:53 - INFO - __main__ - <mask> is the son of thein <mask>.
07/23/2022 08:58:53 - INFO - __main__ - <mask> is a younger brother of <mask>.
07/23/2022 08:58:53 - INFO - __main__ - ****************************
07/23/2022 08:58:53 - INFO - __main__ - *********References*********
07/23/2022 08:58:53 - INFO - __main__ - ['the date when <mask> was born is <mask>.']
07/23/2022 08:58:53 - INFO - __main__ - ****************************
07/23/2022 08:58:59 - INFO - __main__ - ***********Input************
07/23/2022 08:58:59 - INFO - __main__ - <mask> (born 27 September 1974, in <mask>, India) is a former Indian cricketer .
07/23/2022 08:58:59 - INFO - __main__ - *********Hypothesis*********
07/23/2022 08:58:59 - INFO - __main__ - <mask> is an entrepreneur and lives in <mask>.
07/23/2022 08:58:59 - INFO - __main__ - <mask> is a young man who lives in <mask>.
07/23/2022 08:58:59 - INFO - __main__ - <mask> is a film director from <mask>.
07/23/2022 08:58:59 - INFO - __main__ - <mask>, the son of a rich businessman, lives in <mask>.
07/23/2022 08:58:59 - INFO - __main__ - <mask>, a lawyer, was born in <mask>.
07/23/2022 08:58:59 - INFO - __main__ - <mask> was born in <mask>.
07/23/2022 08:58:59 - INFO - __main__ - <mask> was born and brought up in <mask>.
07/23/2022 08:58:59 - INFO - __main__ - <mask> started his career as a journalist in <mask>.
07/23/2022 08:58:59 - INFO - __main__ - <mask> lives with his family in <mask>.
07/23/2022 08:58:59 - INFO - __main__ - <mask> is a young man from <mask>.
07/23/2022 08:58:59 - INFO - __main__ - ****************************
07/23/2022 08:58:59 - INFO - __main__ - *********References*********
07/23/2022 08:58:59 - INFO - __main__ - ['the place where <mask> was born is <mask>.']
07/23/2022 08:58:59 - INFO - __main__ - ****************************
07/23/2022 08:59:05 - INFO - __main__ - ***********Input************
07/23/2022 08:59:05 - INFO - __main__ - <mask> (1806-1867) was an American physician, born in <mask>, Massachusetts .
07/23/2022 08:59:05 - INFO - __main__ - *********Hypothesis*********
07/23/2022 08:59:05 - INFO - __main__ - <mask>, who was a prominent local businessman, was born in <mask>.
07/23/2022 08:59:05 - INFO - __main__ - <mask>, the son of a wealthy merchant, was born in <mask>.
07/23/2022 08:59:05 - INFO - __main__ - <mask>, a prominent local businessman, was born in <mask>.
07/23/2022 08:59:05 - INFO - __main__ - <mask> was born in <mask>.
07/23/2022 08:59:05 - INFO - __main__ - <mask> was born and raised in <mask>.
07/23/2022 08:59:05 - INFO - __main__ - <mask> was an early settler of <mask>.
07/23/2022 08:59:05 - INFO - __main__ - <mask> is a former professional football player who played for <mask>.
07/23/2022 08:59:05 - INFO - __main__ - <mask> (1828–1896), who died in <mask>.
07/23/2022 08:59:05 - INFO - __main__ - <mask>, who was a prominent lawyer and judge in <mask>.
07/23/2022 08:59:05 - INFO - __main__ - <mask>, a lawyer, was born in <mask>.
07/23/2022 08:59:05 - INFO - __main__ - ****************************
07/23/2022 08:59:05 - INFO - __main__ - *********References*********
07/23/2022 08:59:05 - INFO - __main__ - ['the place where <mask> was born is <mask>.']
07/23/2022 08:59:05 - INFO - __main__ - ****************************
07/23/2022 08:59:10 - INFO - __main__ - ***********Input************
07/23/2022 08:59:10 - INFO - __main__ - A Conservative, the Honourable <mask> served until his death in 1871 in <mask>, Ontario .
07/23/2022 08:59:10 - INFO - __main__ - *********Hypothesis*********
07/23/2022 08:59:10 - INFO - __main__ - <mask> was born and raised in the suburbs of <mask>.
07/23/2022 08:59:10 - INFO - __main__ - <mask> was born and raised in the east end of <mask>.
07/23/2022 08:59:10 - INFO - __main__ - <mask> was a member of the board of directors of the city of <mask>.
07/23/2022 08:59:10 - INFO - __main__ - <mask> was born and raised in <mask>.
07/23/2022 08:59:10 - INFO - __main__ - <mask> was a prominent lawyer and politician in <mask>.
07/23/2022 08:59:10 - INFO - __main__ - <mask>'s father was a lawyer and a prominent lawyer in <mask>.
07/23/2022 08:59:10 - INFO - __main__ - <mask>'s family had been involved in the lumber industry in <mask>.
07/23/2022 08:59:10 - INFO - __main__ - <mask> is a former mayor of <mask>.
07/23/2022 08:59:10 - INFO - __main__ - <mask> has been involved in a number of charitable organizations, including a number in <mask>.
07/23/2022 08:59:10 - INFO - __main__ - <mask> had been a member of the city council in <mask>.
07/23/2022 08:59:10 - INFO - __main__ - ****************************
07/23/2022 08:59:10 - INFO - __main__ - *********References*********
07/23/2022 08:59:10 - INFO - __main__ - ['the place where <mask> died is <mask>.']
07/23/2022 08:59:10 - INFO - __main__ - ****************************
07/23/2022 08:59:14 - INFO - __main__ - ***********Input************
07/23/2022 08:59:14 - INFO - __main__ - <mask> died at <mask> BC December 20, 1959 age 85 .
07/23/2022 08:59:14 - INFO - __main__ - *********Hypothesis*********
07/23/2022 08:59:14 - INFO - __main__ - <mask>'s father was a lawyer and his mother was a teacher in <mask>.
07/23/2022 08:59:14 - INFO - __main__ - <mask>'s family moved to the city of <mask>.
07/23/2022 08:59:14 - INFO - __main__ - <mask> was born and raised in the suburbs of <mask>.
07/23/2022 08:59:14 - INFO - __main__ - <mask> was born and raised in the city of <mask>.
07/23/2022 08:59:14 - INFO - __main__ - <mask> is a former member of the band <mask>.
07/23/2022 08:59:14 - INFO - __main__ - <mask> has been a long-time resident of <mask>.
07/23/2022 08:59:14 - INFO - __main__ - <mask> began his career as a journalist in <mask>.
07/23/2022 08:59:14 - INFO - __main__ - <mask>'s father was a lawyer in <mask>.
07/23/2022 08:59:14 - INFO - __main__ - <mask> was born and raised in <mask>.
07/23/2022 08:59:14 - INFO - __main__ - <mask> is a former mayor of <mask>.
07/23/2022 08:59:14 - INFO - __main__ - ****************************
07/23/2022 08:59:14 - INFO - __main__ - *********References*********
07/23/2022 08:59:14 - INFO - __main__ - ['the place where <mask> died is <mask>.']
07/23/2022 08:59:14 - INFO - __main__ - ****************************
07/23/2022 08:59:21 - INFO - __main__ - ***********Input************
07/23/2022 08:59:21 - INFO - __main__ - Considered by some in the art world to be one of the last of the Surrealists, <mask> died in his home in <mask> on April 25, 2008, aged 99 Donati's health had been failing since involved, as a passenger, in a taxi accident in July, 2007 .
07/23/2022 08:59:21 - INFO - __main__ - *********Hypothesis*********
07/23/2022 08:59:21 - INFO - __main__ - <mask>'s work was not confined to <mask>.
07/23/2022 08:59:21 - INFO - __main__ - <mask>'s father was a lawyer and his mother a teacher in <mask>.
07/23/2022 08:59:21 - INFO - __main__ - <mask>'s family were well-known in <mask>.
07/23/2022 08:59:21 - INFO - __main__ - <mask> was born in the city of <mask>.
07/23/2022 08:59:21 - INFO - __main__ - <mask> was born and died in <mask>.
07/23/2022 08:59:21 - INFO - __main__ - <mask> is a surname originating from the city of <mask>.
07/23/2022 08:59:21 - INFO - __main__ - <mask> is a native of the city of <mask>.
07/23/2022 08:59:21 - INFO - __main__ - <mask> had been a member of the accademia di belle arti in <mask>.
07/23/2022 08:59:21 - INFO - __main__ - ****************************
07/23/2022 08:59:21 - INFO - __main__ - *********References*********
07/23/2022 08:59:21 - INFO - __main__ - ['the place where <mask> died is <mask>.']
07/23/2022 08:59:21 - INFO - __main__ - ****************************
07/23/2022 08:59:24 - INFO - __main__ - ***********Input************
07/23/2022 08:59:24 - INFO - __main__ - <mask> died of pneumonia in 1990 at his home in <mask>, California .
07/23/2022 08:59:24 - INFO - __main__ - *********Hypothesis*********
07/23/2022 08:59:24 - INFO - __main__ - <mask>'s father was a successful real estate broker in <mask>.
07/23/2022 08:59:24 - INFO - __main__ - <mask>'s family moved to the city of <mask>.
07/23/2022 08:59:24 - INFO - __main__ - <mask> was born and raised in <mask>.
07/23/2022 08:59:24 - INFO - __main__ - <mask> is a native of <mask>.
07/23/2022 08:59:24 - INFO - __main__ - <mask> has been a resident of <mask>.
07/23/2022 08:59:24 - INFO - __main__ - <mask> had previously been a member of the band <mask>.
07/23/2022 08:59:24 - INFO - __main__ - <mask> began his career as a session musician in <mask>.
07/23/2022 08:59:24 - INFO - __main__ - <mask>'s family moved to <mask>.
07/23/2022 08:59:24 - INFO - __main__ - <mask> is currently based in <mask>.
07/23/2022 08:59:24 - INFO - __main__ - <mask> currently lives with his family in <mask>.
07/23/2022 08:59:24 - INFO - __main__ - ****************************
07/23/2022 08:59:24 - INFO - __main__ - *********References*********
07/23/2022 08:59:24 - INFO - __main__ - ['the place where <mask> died is <mask>.']
07/23/2022 08:59:24 - INFO - __main__ - ****************************
07/23/2022 08:59:30 - INFO - __main__ - ***********Input************
07/23/2022 08:59:30 - INFO - __main__ - <mask> died in 1888 in <mask>, Germany and is buried, together with his wife, Sophie in Weißensee .
07/23/2022 08:59:30 - INFO - __main__ - *********Hypothesis*********
07/23/2022 08:59:30 - INFO - __main__ - <mask> died of a heart attack in <mask>.
07/23/2022 08:59:30 - INFO - __main__ - <mask>'s father was a lawyer in <mask>.
07/23/2022 08:59:30 - INFO - __main__ - <mask>'s family moved to <mask>.
07/23/2022 08:59:30 - INFO - __main__ - <mask> was born in <mask>.
07/23/2022 08:59:30 - INFO - __main__ - <mask> was born in the <mask>.
07/23/2022 08:59:30 - INFO - __main__ - <mask> was born and raised in <mask>.
07/23/2022 08:59:30 - INFO - __main__ - <mask> was born and died in <mask>.
07/23/2022 08:59:30 - INFO - __main__ - <mask> studied at the university of <mask>.
07/23/2022 08:59:30 - INFO - __main__ - <mask> is a native of <mask>.
07/23/2022 08:59:30 - INFO - __main__ - <mask> died in <mask>.
07/23/2022 08:59:30 - INFO - __main__ - ****************************
07/23/2022 08:59:30 - INFO - __main__ - *********References*********
07/23/2022 08:59:30 - INFO - __main__ - ['the place where <mask> died is <mask>.']
07/23/2022 08:59:30 - INFO - __main__ - ****************************
07/23/2022 08:59:31 - INFO - __main__ - Task: google-re
07/23/2022 08:59:31 - INFO - __main__ - bleu-4: 4.962149187829362e-79
07/23/2022 08:59:31 - INFO - __main__ - bleu-3: 0.032659159926850825
07/23/2022 08:59:31 - INFO - __main__ - bleu-2: 0.07044078744716785
07/23/2022 08:59:31 - INFO - __main__ - bleu-1: 0.3100098430568299
07/23/2022 08:59:31 - INFO - __main__ - METEOR: 0.2217305585839119
07/23/2022 08:59:31 - INFO - __main__ - ROUGE-L: 0.3576306783908509
07/23/2022 08:59:31 - INFO - __main__ - entailment score(mean-mean): 0.09290553518486766
07/23/2022 08:59:31 - INFO - __main__ - entailment score(mean-max): 0.5761981942070027
07/23/2022 08:59:31 - INFO - __main__ - entailment score(mean-min): 0.0032399005203236205
07/23/2022 08:59:31 - INFO - __main__ - self-BLEU-2: 0.8712699528464973
07/23/2022 08:59:31 - INFO - __main__ - avg: 0.16541183790093525
07/23/2022 08:59:31 - INFO - __main__ - *******************************************************
07/23/2022 08:59:31 - INFO - __main__ - *******************************************************
07/23/2022 08:59:31 - INFO - __main__ - *******************************************************
