07/22/2022 08:47:14 - INFO - __main__ - **************** MODEL CONFIGURATION ****************
07/22/2022 08:47:14 - INFO - __main__ - bart_training             -->   True
07/22/2022 08:47:14 - INFO - __main__ - device                    -->   5
07/22/2022 08:47:14 - INFO - __main__ - group_beam                -->   True
07/22/2022 08:47:14 - INFO - __main__ - if_then                   -->   False
07/22/2022 08:47:14 - INFO - __main__ - inductor                  -->   rule
07/22/2022 08:47:14 - INFO - __main__ - log_dir                   -->   logs_new_new_new/
07/22/2022 08:47:14 - INFO - __main__ - log_name                  -->   google-k*k+dpp
07/22/2022 08:47:14 - INFO - __main__ - mlm_training              -->   True
07/22/2022 08:47:14 - INFO - __main__ - task                      -->   google-re
07/22/2022 08:47:14 - INFO - __main__ - **************** MODEL CONFIGURATION ****************
07/22/2022 08:48:37 - INFO - __main__ - ***********Input************
07/22/2022 08:48:37 - INFO - __main__ - <mask> (b. 1954 in <mask>) is a best-selling American author of romance novels .
07/22/2022 08:48:37 - INFO - __main__ - *********Hypothesis*********
07/22/2022 08:48:37 - INFO - __main__ - <mask> was born and raised in <mask>.
07/22/2022 08:48:37 - INFO - __main__ - <mask> is a social psychologist based in <mask>.
07/22/2022 08:48:37 - INFO - __main__ - <mask>, the york city, <mask>.
07/22/2022 08:48:37 - INFO - __main__ - <mask>, the new city <mask>.
07/22/2022 08:48:37 - INFO - __main__ - <mask>, a york city <mask>.
07/22/2022 08:48:37 - INFO - __main__ - <mask> was born in <mask>.
07/22/2022 08:48:37 - INFO - __main__ - <mask> lives in <mask>.
07/22/2022 08:48:37 - INFO - __main__ - <mask> is an artist based in <mask>.
07/22/2022 08:48:37 - INFO - __main__ - <mask> is a writer and editor based in <mask>.
07/22/2022 08:48:37 - INFO - __main__ - <mask> grew up in <mask>.
07/22/2022 08:48:37 - INFO - __main__ - ****************************
07/22/2022 08:48:37 - INFO - __main__ - *********References*********
07/22/2022 08:48:37 - INFO - __main__ - ['the place where <mask> was born is <mask>.']
07/22/2022 08:48:37 - INFO - __main__ - ****************************
07/22/2022 08:48:45 - INFO - __main__ - ***********Input************
07/22/2022 08:48:45 - INFO - __main__ - <mask> (born c.<mask> Chapel Hill, North Carolina) is an American director and designer of experimental theatre from New York City .
07/22/2022 08:48:45 - INFO - __main__ - *********Hypothesis*********
07/22/2022 08:48:45 - INFO - __main__ - <mask>, who was born in <mask>.
07/22/2022 08:48:45 - INFO - __main__ - <mask>, born in <mask>.
07/22/2022 08:48:45 - INFO - __main__ - <mask>, a in the <mask>.
07/22/2022 08:48:45 - INFO - __main__ - <mask> y la paz, <mask>.
07/22/2022 08:48:45 - INFO - __main__ - <mask> was born in <mask>.
07/22/2022 08:48:45 - INFO - __main__ - <mask> was born <mask>.
07/22/2022 08:48:45 - INFO - __main__ - <mask> died in <mask>.
07/22/2022 08:48:45 - INFO - __main__ - <mask>, jr. (born in <mask>.
07/22/2022 08:48:45 - INFO - __main__ - <mask>, (born in <mask>.
07/22/2022 08:48:45 - INFO - __main__ - <mask> (born in <mask>.
07/22/2022 08:48:45 - INFO - __main__ - ****************************
07/22/2022 08:48:45 - INFO - __main__ - *********References*********
07/22/2022 08:48:45 - INFO - __main__ - ['the date when <mask> was born is <mask>.']
07/22/2022 08:48:45 - INFO - __main__ - ****************************
07/22/2022 08:48:52 - INFO - __main__ - ***********Input************
07/22/2022 08:48:52 - INFO - __main__ - <mask> (born c <mask>) is a former softball player and coach .
07/22/2022 08:48:52 - INFO - __main__ - *********Hypothesis*********
07/22/2022 08:48:52 - INFO - __main__ - no proper relation hypothesis
07/22/2022 08:48:52 - INFO - __main__ - ****************************
07/22/2022 08:48:52 - INFO - __main__ - *********References*********
07/22/2022 08:48:52 - INFO - __main__ - ['the date when <mask> was born is <mask>.']
07/22/2022 08:48:52 - INFO - __main__ - ****************************
07/22/2022 08:48:52 - WARNING - __main__ - Skip self-bleu-2 in example: <mask> (born c <mask>) is a former softball player and coach ..
07/22/2022 08:48:56 - INFO - __main__ - ***********Input************
07/22/2022 08:48:56 - INFO - __main__ - <mask> (1738--1811) was a British composer and organist born in <mask> .
07/22/2022 08:48:56 - INFO - __main__ - *********Hypothesis*********
07/22/2022 08:48:56 - INFO - __main__ - <mask>,, deputy chief constable, city of <mask>.
07/22/2022 08:48:56 - INFO - __main__ - <mask>,, chief constable, city of <mask>.
07/22/2022 08:48:56 - INFO - __main__ - <mask>, chief constable, city of <mask>.
07/22/2022 08:48:56 - INFO - __main__ - <mask>, a prominent local businessman, was born in <mask>.
07/22/2022 08:48:56 - INFO - __main__ - <mask> was the son of a merchant in <mask>.
07/22/2022 08:48:56 - INFO - __main__ - <mask> was born and died in <mask>.
07/22/2022 08:48:56 - INFO - __main__ - <mask> was a merchant and politician in <mask>.
07/22/2022 08:48:56 - INFO - __main__ - <mask> is an artist, writer and curator based in <mask>.
07/22/2022 08:48:56 - INFO - __main__ - <mask> is a former professional footballer who played for <mask>.
07/22/2022 08:48:56 - INFO - __main__ - <mask> (1772–1835), who died in <mask>.
07/22/2022 08:48:56 - INFO - __main__ - ****************************
07/22/2022 08:48:56 - INFO - __main__ - *********References*********
07/22/2022 08:48:56 - INFO - __main__ - ['the place where <mask> was born is <mask>.']
07/22/2022 08:48:56 - INFO - __main__ - ****************************
07/22/2022 08:49:02 - INFO - __main__ - ***********Input************
07/22/2022 08:49:02 - INFO - __main__ - <mask> (b. February 11, 1955, <mask>, Tennessee - d July 2, 2007, Tiburon, California) was an American artist .
07/22/2022 08:49:02 - INFO - __main__ - *********Hypothesis*********
07/22/2022 08:49:02 - INFO - __main__ - <mask>, the first woman to be elected mayor of <mask>.
07/22/2022 08:49:02 - INFO - __main__ - <mask> is a writer and editor based in <mask>.
07/22/2022 08:49:02 - INFO - __main__ - <mask> is a former mayor of <mask>.
07/22/2022 08:49:02 - INFO - __main__ - <mask>, the daughter of a wealthy family, grew up in <mask>.
07/22/2022 08:49:02 - INFO - __main__ - <mask>, the daughter of a wealthy family, was raised in <mask>.
07/22/2022 08:49:02 - INFO - __main__ - <mask>, actress, was born in <mask>.
07/22/2022 08:49:02 - INFO - __main__ - <mask> was born in <mask>.
07/22/2022 08:49:02 - INFO - __main__ - <mask> was born and raised in <mask>.
07/22/2022 08:49:02 - INFO - __main__ - <mask> is a singer-songwriter from <mask>.
07/22/2022 08:49:02 - INFO - __main__ - <mask> is a former professional basketball player who played for <mask>.
07/22/2022 08:49:02 - INFO - __main__ - ****************************
07/22/2022 08:49:02 - INFO - __main__ - *********References*********
07/22/2022 08:49:02 - INFO - __main__ - ['the place where <mask> was born is <mask>.']
07/22/2022 08:49:02 - INFO - __main__ - ****************************
07/22/2022 08:49:07 - INFO - __main__ - ***********Input************
07/22/2022 08:49:07 - INFO - __main__ - <mask> (c. <mask> - 25 August 1785) was a British diplomat and politician who sat in the House of Commons between 1762 and 1774 .
07/22/2022 08:49:07 - INFO - __main__ - *********Hypothesis*********
07/22/2022 08:49:07 - INFO - __main__ - <mask>, who was a prominent local merchant, was born in <mask>.
07/22/2022 08:49:07 - INFO - __main__ - <mask>, a prominent local merchant, was born here in <mask>.
07/22/2022 08:49:07 - INFO - __main__ - <mask>, a local merchant, was the owner of the house in <mask>.
07/22/2022 08:49:07 - INFO - __main__ - <mask> was the last surviving member of the family, who died in <mask>.
07/22/2022 08:49:07 - INFO - __main__ - <mask> was born in the village in <mask>.
07/22/2022 08:49:07 - INFO - __main__ - <mask> was appointed as a justice of the peace in <mask>.
07/22/2022 08:49:07 - INFO - __main__ - <mask> of st. mary's, who died in <mask>.
07/22/2022 08:49:07 - INFO - __main__ - <mask> had been a member of the council since <mask>.
07/22/2022 08:49:07 - INFO - __main__ - <mask> (1715–1772) was born in <mask>.
07/22/2022 08:49:07 - INFO - __main__ - <mask> was born in <mask>.
07/22/2022 08:49:07 - INFO - __main__ - ****************************
07/22/2022 08:49:07 - INFO - __main__ - *********References*********
07/22/2022 08:49:07 - INFO - __main__ - ['the date when <mask> was born is <mask>.']
07/22/2022 08:49:07 - INFO - __main__ - ****************************
07/22/2022 08:49:14 - INFO - __main__ - ***********Input************
07/22/2022 08:49:14 - INFO - __main__ - <mask> (born December 28th, <mask>) is a United States of America Democratic political consultant and activist who has worked on six presidential campaigns, served as Policy Director for the Speaker of the House in Connecticut, and served as the National Coordinated Campaign Director for both the 1992 and 1996 Presidential campaigns of Bill Clinton .
07/22/2022 08:49:14 - INFO - __main__ - *********Hypothesis*********
07/22/2022 08:49:14 - INFO - __main__ - <mask>, the history of the world, <mask>.
07/22/2022 08:49:14 - INFO - __main__ - <mask> was elected president in <mask>.
07/22/2022 08:49:14 - INFO - __main__ - <mask> was born in <mask>.
07/22/2022 08:49:14 - INFO - __main__ - <mask> was appointed as the new president in <mask>.
07/22/2022 08:49:14 - INFO - __main__ - <mask> joined the firm in <mask>.
07/22/2022 08:49:14 - INFO - __main__ - <mask> has been the editor-in-chief since <mask>.
07/22/2022 08:49:14 - INFO - __main__ - <mask> began his career as a journalist in <mask>.
07/22/2022 08:49:14 - INFO - __main__ - <mask> became the company's president in <mask>.
07/22/2022 08:49:14 - INFO - __main__ - <mask>, a former state senator, was elected in <mask>.
07/22/2022 08:49:14 - INFO - __main__ - <mask> became the president in <mask>.
07/22/2022 08:49:14 - INFO - __main__ - ****************************
07/22/2022 08:49:14 - INFO - __main__ - *********References*********
07/22/2022 08:49:14 - INFO - __main__ - ['the date when <mask> was born is <mask>.']
07/22/2022 08:49:14 - INFO - __main__ - ****************************
07/22/2022 08:49:22 - INFO - __main__ - ***********Input************
07/22/2022 08:49:22 - INFO - __main__ - <mask> (born <mask> in Vlorë, Albania) is a singer who at fourtheen moved to Pistoia, Italy were he remains with his parents and three brothers .
07/22/2022 08:49:22 - INFO - __main__ - *********Hypothesis*********
07/22/2022 08:49:22 - INFO - __main__ - <mask> was born to <mask>.
07/22/2022 08:49:22 - INFO - __main__ - <mask> was born <mask>.
07/22/2022 08:49:22 - INFO - __main__ - <mask> was born as <mask>.
07/22/2022 08:49:22 - INFO - __main__ - <mask> is married to <mask>.
07/22/2022 08:49:22 - INFO - __main__ - ****************************
07/22/2022 08:49:22 - INFO - __main__ - *********References*********
07/22/2022 08:49:22 - INFO - __main__ - ['the date when <mask> was born is <mask>.']
07/22/2022 08:49:22 - INFO - __main__ - ****************************
07/22/2022 08:49:27 - INFO - __main__ - ***********Input************
07/22/2022 08:49:27 - INFO - __main__ - <mask> (born 27 September 1974, in <mask>, India) is a former Indian cricketer .
07/22/2022 08:49:27 - INFO - __main__ - *********Hypothesis*********
07/22/2022 08:49:27 - INFO - __main__ - <mask> was born in <mask>.
07/22/2022 08:49:27 - INFO - __main__ - <mask> was born in a <mask>.
07/22/2022 08:49:27 - INFO - __main__ - <mask> was born and brought up in <mask>.
07/22/2022 08:49:27 - INFO - __main__ - <mask> started his career as a journalist in <mask>.
07/22/2022 08:49:27 - INFO - __main__ - <mask> is a young man who lives in <mask>.
07/22/2022 08:49:27 - INFO - __main__ - <mask> is a film director from <mask>.
07/22/2022 08:49:27 - INFO - __main__ - <mask>, who was the producer of the film, was born in <mask>.
07/22/2022 08:49:27 - INFO - __main__ - <mask>, the director of the film, was born in <mask>.
07/22/2022 08:49:27 - INFO - __main__ - <mask> is a film producer, director and screenwriter based in <mask>.
07/22/2022 08:49:27 - INFO - __main__ - <mask> is a film director and producer based in <mask>.
07/22/2022 08:49:27 - INFO - __main__ - ****************************
07/22/2022 08:49:27 - INFO - __main__ - *********References*********
07/22/2022 08:49:27 - INFO - __main__ - ['the place where <mask> was born is <mask>.']
07/22/2022 08:49:27 - INFO - __main__ - ****************************
07/22/2022 08:49:32 - INFO - __main__ - ***********Input************
07/22/2022 08:49:32 - INFO - __main__ - <mask> (1806-1867) was an American physician, born in <mask>, Massachusetts .
07/22/2022 08:49:32 - INFO - __main__ - *********Hypothesis*********
07/22/2022 08:49:32 - INFO - __main__ - <mask>, the son of a wealthy merchant, was born in <mask>.
07/22/2022 08:49:32 - INFO - __main__ - <mask>, a prominent local businessman, was born in <mask>.
07/22/2022 08:49:32 - INFO - __main__ - <mask> was born and raised in <mask>.
07/22/2022 08:49:32 - INFO - __main__ - <mask> was a merchant and politician in <mask>.
07/22/2022 08:49:32 - INFO - __main__ - <mask> was a lawyer and judge in <mask>.
07/22/2022 08:49:32 - INFO - __main__ - <mask> is an architect, who was born in <mask>.
07/22/2022 08:49:32 - INFO - __main__ - <mask> had been a prominent merchant and politician in <mask>.
07/22/2022 08:49:32 - INFO - __main__ - <mask> (1818–1896), who died in <mask>.
07/22/2022 08:49:32 - INFO - __main__ - <mask>, a prominent lawyer, was born in <mask>.
07/22/2022 08:49:32 - INFO - __main__ - <mask> was born in <mask>.
07/22/2022 08:49:32 - INFO - __main__ - ****************************
07/22/2022 08:49:32 - INFO - __main__ - *********References*********
07/22/2022 08:49:32 - INFO - __main__ - ['the place where <mask> was born is <mask>.']
07/22/2022 08:49:32 - INFO - __main__ - ****************************
07/22/2022 08:49:37 - INFO - __main__ - ***********Input************
07/22/2022 08:49:37 - INFO - __main__ - A Conservative, the Honourable <mask> served until his death in 1871 in <mask>, Ontario .
07/22/2022 08:49:37 - INFO - __main__ - *********Hypothesis*********
07/22/2022 08:49:37 - INFO - __main__ - <mask>'s family moved to <mask>.
07/22/2022 08:49:37 - INFO - __main__ - <mask> is a former member of the band <mask>.
07/22/2022 08:49:37 - INFO - __main__ - <mask>'s father was a lawyer in <mask>.
07/22/2022 08:49:37 - INFO - __main__ - <mask> was born and raised in <mask>.
07/22/2022 08:49:37 - INFO - __main__ - <mask> is a native of <mask>.
07/22/2022 08:49:37 - INFO - __main__ - <mask> began his career as a journalist in <mask>.
07/22/2022 08:49:37 - INFO - __main__ - <mask>'s father was a lawyer and a judge in <mask>.
07/22/2022 08:49:37 - INFO - __main__ - <mask>'s family had been involved in the lumber industry in <mask>.
07/22/2022 08:49:37 - INFO - __main__ - <mask> was born and raised in the city of <mask>.
07/22/2022 08:49:37 - INFO - __main__ - <mask> was a member of the board of directors of the city of <mask>.
07/22/2022 08:49:37 - INFO - __main__ - ****************************
07/22/2022 08:49:37 - INFO - __main__ - *********References*********
07/22/2022 08:49:37 - INFO - __main__ - ['the place where <mask> died is <mask>.']
07/22/2022 08:49:37 - INFO - __main__ - ****************************
07/22/2022 08:49:41 - INFO - __main__ - ***********Input************
07/22/2022 08:49:41 - INFO - __main__ - <mask> died at <mask> BC December 20, 1959 age 85 .
07/22/2022 08:49:41 - INFO - __main__ - *********Hypothesis*********
07/22/2022 08:49:41 - INFO - __main__ - <mask>'s father was a lawyer in <mask>.
07/22/2022 08:49:41 - INFO - __main__ - <mask> was born and raised in <mask>.
07/22/2022 08:49:41 - INFO - __main__ - <mask> is a former mayor of <mask>.
07/22/2022 08:49:41 - INFO - __main__ - <mask> has since been involved with the arts and culture in <mask>.
07/22/2022 08:49:41 - INFO - __main__ - <mask>'s father was a lawyer and a prominent lawyer in <mask>.
07/22/2022 08:49:41 - INFO - __main__ - <mask>'s family moved to the city of <mask>.
07/22/2022 08:49:41 - INFO - __main__ - <mask> was born and raised in the city of <mask>.
07/22/2022 08:49:41 - INFO - __main__ - <mask> is currently working as a freelance writer in <mask>.
07/22/2022 08:49:41 - INFO - __main__ - <mask> has been a long-time resident of <mask>.
07/22/2022 08:49:41 - INFO - __main__ - <mask> began his career as a journalist in <mask>.
07/22/2022 08:49:41 - INFO - __main__ - ****************************
07/22/2022 08:49:41 - INFO - __main__ - *********References*********
07/22/2022 08:49:41 - INFO - __main__ - ['the place where <mask> died is <mask>.']
07/22/2022 08:49:41 - INFO - __main__ - ****************************
07/22/2022 08:49:46 - INFO - __main__ - ***********Input************
07/22/2022 08:49:46 - INFO - __main__ - Considered by some in the art world to be one of the last of the Surrealists, <mask> died in his home in <mask> on April 25, 2008, aged 99 Donati's health had been failing since involved, as a passenger, in a taxi accident in July, 2007 .
07/22/2022 08:49:46 - INFO - __main__ - *********Hypothesis*********
07/22/2022 08:49:46 - INFO - __main__ - <mask>'s work is represented by the museo di storia civica in <mask>.
07/22/2022 08:49:46 - INFO - __main__ - <mask>'s work is represented by a number of public artworks in <mask>.
07/22/2022 08:49:46 - INFO - __main__ - <mask>'s father was a lawyer and his mother was a teacher in <mask>.
07/22/2022 08:49:46 - INFO - __main__ - <mask> was born in the city of <mask>.
07/22/2022 08:49:46 - INFO - __main__ - <mask> was born and died in <mask>.
07/22/2022 08:49:46 - INFO - __main__ - <mask> started his career as a journalist in <mask>.
07/22/2022 08:49:46 - INFO - __main__ - <mask> is a native of the city of <mask>.
07/22/2022 08:49:46 - INFO - __main__ - <mask> is a member of the accademia di belle arti di <mask>.
07/22/2022 08:49:46 - INFO - __main__ - <mask> began his career as a journalist in <mask>.
07/22/2022 08:49:46 - INFO - __main__ - ****************************
07/22/2022 08:49:46 - INFO - __main__ - *********References*********
07/22/2022 08:49:46 - INFO - __main__ - ['the place where <mask> died is <mask>.']
07/22/2022 08:49:46 - INFO - __main__ - ****************************
07/22/2022 08:49:50 - INFO - __main__ - ***********Input************
07/22/2022 08:49:50 - INFO - __main__ - <mask> died of pneumonia in 1990 at his home in <mask>, California .
07/22/2022 08:49:50 - INFO - __main__ - *********Hypothesis*********
07/22/2022 08:49:50 - INFO - __main__ - <mask>'s father was a successful real estate developer in <mask>.
07/22/2022 08:49:50 - INFO - __main__ - <mask>'s family moved to the city of <mask>.
07/22/2022 08:49:50 - INFO - __main__ - <mask> was born and raised in <mask>.
07/22/2022 08:49:50 - INFO - __main__ - <mask> is currently a freelance writer based in <mask>.
07/22/2022 08:49:50 - INFO - __main__ - <mask> is a native of <mask>.
07/22/2022 08:49:50 - INFO - __main__ - <mask> has been a resident of <mask>.
07/22/2022 08:49:50 - INFO - __main__ - <mask> had previously been a member of the band <mask>.
07/22/2022 08:49:50 - INFO - __main__ - <mask> began his career as a journalist in <mask>.
07/22/2022 08:49:50 - INFO - __main__ - <mask>'s family moved to <mask>.
07/22/2022 08:49:50 - INFO - __main__ - <mask> began his career as a professional dancer in <mask>.
07/22/2022 08:49:50 - INFO - __main__ - ****************************
07/22/2022 08:49:50 - INFO - __main__ - *********References*********
07/22/2022 08:49:50 - INFO - __main__ - ['the place where <mask> died is <mask>.']
07/22/2022 08:49:50 - INFO - __main__ - ****************************
07/22/2022 08:49:56 - INFO - __main__ - ***********Input************
07/22/2022 08:49:56 - INFO - __main__ - <mask> died in 1888 in <mask>, Germany and is buried, together with his wife, Sophie in Weißensee .
07/22/2022 08:49:56 - INFO - __main__ - *********Hypothesis*********
07/22/2022 08:49:56 - INFO - __main__ - <mask>'s father was a lawyer in <mask>.
07/22/2022 08:49:56 - INFO - __main__ - <mask> was born and died in <mask>.
07/22/2022 08:49:56 - INFO - __main__ - <mask> studied law at the university of <mask>.
07/22/2022 08:49:56 - INFO - __main__ - <mask> had been a member of the city council of <mask>.
07/22/2022 08:49:56 - INFO - __main__ - <mask> was born in the city of <mask>.
07/22/2022 08:49:56 - INFO - __main__ - <mask> was born and raised in <mask>.
07/22/2022 08:49:56 - INFO - __main__ - <mask> is a young man who lives in <mask>.
07/22/2022 08:49:56 - INFO - __main__ - <mask> died of tuberculosis in <mask>.
07/22/2022 08:49:56 - INFO - __main__ - <mask> and his wife lived in <mask>.
07/22/2022 08:49:56 - INFO - __main__ - <mask> was born in the <mask>.
07/22/2022 08:49:56 - INFO - __main__ - ****************************
07/22/2022 08:49:56 - INFO - __main__ - *********References*********
07/22/2022 08:49:56 - INFO - __main__ - ['the place where <mask> died is <mask>.']
07/22/2022 08:49:56 - INFO - __main__ - ****************************
07/22/2022 08:49:56 - INFO - __main__ - Task: google-re
07/22/2022 08:49:56 - INFO - __main__ - bleu-4: 5.69465695534288e-79
07/22/2022 08:49:56 - INFO - __main__ - bleu-3: 0.03797290249361872
07/22/2022 08:49:56 - INFO - __main__ - bleu-2: 0.08179660319161923
07/22/2022 08:49:56 - INFO - __main__ - bleu-1: 0.30432994592451373
07/22/2022 08:49:56 - INFO - __main__ - METEOR: 0.22920631932166602
07/22/2022 08:49:56 - INFO - __main__ - ROUGE-L: 0.36045660373440974
07/22/2022 08:49:56 - INFO - __main__ - entailment score(mean-mean): 0.11132271329177511
07/22/2022 08:49:56 - INFO - __main__ - entailment score(mean-max): 0.5797157765676578
07/22/2022 08:49:56 - INFO - __main__ - entailment score(mean-min): 0.0028521092603720414
07/22/2022 08:49:56 - INFO - __main__ - self-BLEU-2: 0.8828969239327228
07/22/2022 08:49:56 - INFO - __main__ - avg: 0.1689603957776379
07/22/2022 08:49:56 - INFO - __main__ - *******************************************************
07/22/2022 08:49:56 - INFO - __main__ - *******************************************************
07/22/2022 08:49:56 - INFO - __main__ - *******************************************************
