07/22/2022 08:03:22 - INFO - __main__ - **************** MODEL CONFIGURATION ****************
07/22/2022 08:03:22 - INFO - __main__ - bart_training             -->   True
07/22/2022 08:03:22 - INFO - __main__ - device                    -->   5
07/22/2022 08:03:22 - INFO - __main__ - group_beam                -->   True
07/22/2022 08:03:22 - INFO - __main__ - if_then                   -->   False
07/22/2022 08:03:22 - INFO - __main__ - inductor                  -->   rule
07/22/2022 08:03:22 - INFO - __main__ - log_dir                   -->   logs_new_new_new/
07/22/2022 08:03:22 - INFO - __main__ - log_name                  -->   google-k*k+rerun
07/22/2022 08:03:22 - INFO - __main__ - mlm_training              -->   True
07/22/2022 08:03:22 - INFO - __main__ - task                      -->   google-re
07/22/2022 08:03:22 - INFO - __main__ - **************** MODEL CONFIGURATION ****************
07/22/2022 08:04:57 - INFO - __main__ - ***********Input************
07/22/2022 08:04:57 - INFO - __main__ - <mask> (b. 1954 in <mask>) is a best-selling American author of romance novels .
07/22/2022 08:04:57 - INFO - __main__ - *********Hypothesis*********
07/22/2022 08:04:57 - INFO - __main__ - <mask> was born in <mask>.
07/22/2022 08:04:57 - INFO - __main__ - <mask> is an artist based in <mask>.
07/22/2022 08:04:57 - INFO - __main__ - <mask> was born and raised in <mask>.
07/22/2022 08:04:57 - INFO - __main__ - <mask> is a writer and editor based in <mask>.
07/22/2022 08:04:57 - INFO - __main__ - <mask> is a writer and artist based in <mask>.
07/22/2022 08:04:57 - INFO - __main__ - <mask> grew up in <mask>.
07/22/2022 08:04:57 - INFO - __main__ - <mask>, a york city <mask>.
07/22/2022 08:04:57 - INFO - __main__ - <mask> is a social psychologist based in <mask>.
07/22/2022 08:04:57 - INFO - __main__ - <mask> is a singer-songwriter from <mask>.
07/22/2022 08:04:57 - INFO - __main__ - <mask>, actress, lived in <mask>.
07/22/2022 08:04:57 - INFO - __main__ - ****************************
07/22/2022 08:04:57 - INFO - __main__ - *********References*********
07/22/2022 08:04:57 - INFO - __main__ - ['the place where <mask> was born is <mask>.']
07/22/2022 08:04:57 - INFO - __main__ - ****************************
07/22/2022 08:05:04 - INFO - __main__ - ***********Input************
07/22/2022 08:05:04 - INFO - __main__ - <mask> (born c.<mask> Chapel Hill, North Carolina) is an American director and designer of experimental theatre from New York City .
07/22/2022 08:05:04 - INFO - __main__ - *********Hypothesis*********
07/22/2022 08:05:04 - INFO - __main__ - <mask>, born in <mask>.
07/22/2022 08:05:04 - INFO - __main__ - <mask> was born in <mask>.
07/22/2022 08:05:04 - INFO - __main__ - <mask> was born <mask>.
07/22/2022 08:05:04 - INFO - __main__ - <mask> died in <mask>.
07/22/2022 08:05:04 - INFO - __main__ - <mask>, who was born in <mask>.
07/22/2022 08:05:04 - INFO - __main__ - <mask>, a in the <mask>.
07/22/2022 08:05:04 - INFO - __main__ - <mask> y la paz, <mask>.
07/22/2022 08:05:04 - INFO - __main__ - <mask>, a former president, was elected in <mask>.
07/22/2022 08:05:04 - INFO - __main__ - <mask>, who in the <mask>.
07/22/2022 08:05:04 - INFO - __main__ - <mask><mask> was the editor of the.
07/22/2022 08:05:04 - INFO - __main__ - ****************************
07/22/2022 08:05:04 - INFO - __main__ - *********References*********
07/22/2022 08:05:04 - INFO - __main__ - ['the date when <mask> was born is <mask>.']
07/22/2022 08:05:04 - INFO - __main__ - ****************************
07/22/2022 08:05:09 - INFO - __main__ - ***********Input************
07/22/2022 08:05:09 - INFO - __main__ - <mask> (born c <mask>) is a former softball player and coach .
07/22/2022 08:05:09 - INFO - __main__ - *********Hypothesis*********
07/22/2022 08:05:09 - INFO - __main__ - <mask> died on <mask>.
07/22/2022 08:05:09 - INFO - __main__ - <mask> was born on <mask>.
07/22/2022 08:05:09 - INFO - __main__ - <mask> died died <mask>.
07/22/2022 08:05:09 - INFO - __main__ - ****************************
07/22/2022 08:05:09 - INFO - __main__ - *********References*********
07/22/2022 08:05:09 - INFO - __main__ - ['the date when <mask> was born is <mask>.']
07/22/2022 08:05:09 - INFO - __main__ - ****************************
07/22/2022 08:05:13 - INFO - __main__ - ***********Input************
07/22/2022 08:05:13 - INFO - __main__ - <mask> (1738--1811) was a British composer and organist born in <mask> .
07/22/2022 08:05:13 - INFO - __main__ - *********Hypothesis*********
07/22/2022 08:05:13 - INFO - __main__ - <mask> was born and died in <mask>.
07/22/2022 08:05:13 - INFO - __main__ - <mask>, a prominent merchant, was born in <mask>.
07/22/2022 08:05:13 - INFO - __main__ - <mask>,, chief constable, city of <mask>.
07/22/2022 08:05:13 - INFO - __main__ - <mask> was a merchant and politician in <mask>.
07/22/2022 08:05:13 - INFO - __main__ - <mask> is an artist, writer and curator based in <mask>.
07/22/2022 08:05:13 - INFO - __main__ - <mask> (1772–1835), who died in <mask>.
07/22/2022 08:05:13 - INFO - __main__ - <mask>,, deputy mayor of <mask>.
07/22/2022 08:05:13 - INFO - __main__ - <mask> is a former professional footballer who played for <mask>.
07/22/2022 08:05:13 - INFO - __main__ - <mask> was the son of a merchant in <mask>.
07/22/2022 08:05:13 - INFO - __main__ - <mask>, chief superintendent of police, <mask>.
07/22/2022 08:05:13 - INFO - __main__ - ****************************
07/22/2022 08:05:13 - INFO - __main__ - *********References*********
07/22/2022 08:05:13 - INFO - __main__ - ['the place where <mask> was born is <mask>.']
07/22/2022 08:05:13 - INFO - __main__ - ****************************
07/22/2022 08:05:18 - INFO - __main__ - ***********Input************
07/22/2022 08:05:18 - INFO - __main__ - <mask> (b. February 11, 1955, <mask>, Tennessee - d July 2, 2007, Tiburon, California) was an American artist .
07/22/2022 08:05:18 - INFO - __main__ - *********Hypothesis*********
07/22/2022 08:05:18 - INFO - __main__ - <mask> is a writer and editor based in <mask>.
07/22/2022 08:05:18 - INFO - __main__ - <mask> was born in <mask>.
07/22/2022 08:05:18 - INFO - __main__ - <mask> is a former mayor of <mask>.
07/22/2022 08:05:18 - INFO - __main__ - <mask>, the first woman to be elected mayor of <mask>.
07/22/2022 08:05:18 - INFO - __main__ - <mask>, who was born in <mask>.
07/22/2022 08:05:18 - INFO - __main__ - <mask> was born and raised in <mask>.
07/22/2022 08:05:18 - INFO - __main__ - <mask>, former mayor of <mask>.
07/22/2022 08:05:18 - INFO - __main__ - ****************************
07/22/2022 08:05:18 - INFO - __main__ - *********References*********
07/22/2022 08:05:18 - INFO - __main__ - ['the place where <mask> was born is <mask>.']
07/22/2022 08:05:18 - INFO - __main__ - ****************************
07/22/2022 08:05:22 - INFO - __main__ - ***********Input************
07/22/2022 08:05:22 - INFO - __main__ - <mask> (c. <mask> - 25 August 1785) was a British diplomat and politician who sat in the House of Commons between 1762 and 1774 .
07/22/2022 08:05:22 - INFO - __main__ - *********Hypothesis*********
07/22/2022 08:05:22 - INFO - __main__ - <mask> was born in the village in <mask>.
07/22/2022 08:05:22 - INFO - __main__ - <mask>, a local merchant, was the owner of the house in <mask>.
07/22/2022 08:05:22 - INFO - __main__ - <mask> was the last surviving member of the family, who died in <mask>.
07/22/2022 08:05:22 - INFO - __main__ - <mask> was born in <mask>.
07/22/2022 08:05:22 - INFO - __main__ - <mask>, who was a prominent local merchant, was born in <mask>.
07/22/2022 08:05:22 - INFO - __main__ - <mask> had been a member of the council since <mask>.
07/22/2022 08:05:22 - INFO - __main__ - <mask> of st. mary's, who died in <mask>.
07/22/2022 08:05:22 - INFO - __main__ - <mask> (1715–1772) was born in <mask>.
07/22/2022 08:05:22 - INFO - __main__ - <mask> was appointed as a justice of the peace in <mask>.
07/22/2022 08:05:22 - INFO - __main__ - <mask>, a prominent local merchant, was born here in <mask>.
07/22/2022 08:05:22 - INFO - __main__ - ****************************
07/22/2022 08:05:22 - INFO - __main__ - *********References*********
07/22/2022 08:05:22 - INFO - __main__ - ['the date when <mask> was born is <mask>.']
07/22/2022 08:05:22 - INFO - __main__ - ****************************
07/22/2022 08:05:28 - INFO - __main__ - ***********Input************
07/22/2022 08:05:28 - INFO - __main__ - <mask> (born December 28th, <mask>) is a United States of America Democratic political consultant and activist who has worked on six presidential campaigns, served as Policy Director for the Speaker of the House in Connecticut, and served as the National Coordinated Campaign Director for both the 1992 and 1996 Presidential campaigns of Bill Clinton .
07/22/2022 08:05:28 - INFO - __main__ - *********Hypothesis*********
07/22/2022 08:05:28 - INFO - __main__ - <mask> was born in <mask>.
07/22/2022 08:05:28 - INFO - __main__ - <mask>, who had been a member of the group since <mask>.
07/22/2022 08:05:28 - INFO - __main__ - <mask> died in <mask>.
07/22/2022 08:05:28 - INFO - __main__ - <mask> became the first woman to be elected to the position in <mask>.
07/22/2022 08:05:28 - INFO - __main__ - <mask> has been the editor-in-chief since <mask>.
07/22/2022 08:05:28 - INFO - __main__ - <mask>, the history of the irish language, <mask>.
07/22/2022 08:05:28 - INFO - __main__ - <mask> was the last surviving member of the original cast, who died in.
07/22/2022 08:05:28 - INFO - __main__ - <mask>, a former member of the group, was elected as its president.
07/22/2022 08:05:28 - INFO - __main__ - ****************************
07/22/2022 08:05:28 - INFO - __main__ - *********References*********
07/22/2022 08:05:28 - INFO - __main__ - ['the date when <mask> was born is <mask>.']
07/22/2022 08:05:28 - INFO - __main__ - ****************************
07/22/2022 08:05:32 - INFO - __main__ - ***********Input************
07/22/2022 08:05:32 - INFO - __main__ - <mask> (born <mask> in Vlorë, Albania) is a singer who at fourtheen moved to Pistoia, Italy were he remains with his parents and three brothers .
07/22/2022 08:05:32 - INFO - __main__ - *********Hypothesis*********
07/22/2022 08:05:32 - INFO - __main__ - <mask> is married to <mask>.
07/22/2022 08:05:32 - INFO - __main__ - <mask> was born as <mask>.
07/22/2022 08:05:32 - INFO - __main__ - <mask> was born <mask>.
07/22/2022 08:05:32 - INFO - __main__ - <mask> is the son of augustin kovaçi.
07/22/2022 08:05:32 - INFO - __main__ - <mask> is the younger brother of augustin kovaç.
07/22/2022 08:05:32 - INFO - __main__ - <mask> was born in the kovaçići.
07/22/2022 08:05:32 - INFO - __main__ - <mask> was a brother of augustin kovaçi.
07/22/2022 08:05:32 - INFO - __main__ - <mask> is the father of the actor augustin kova.
07/22/2022 08:05:32 - INFO - __main__ - <mask> is the son of augustin gjergji.
07/22/2022 08:05:32 - INFO - __main__ - <mask> is the younger brother of augustin gjerg.
07/22/2022 08:05:32 - INFO - __main__ - ****************************
07/22/2022 08:05:32 - INFO - __main__ - *********References*********
07/22/2022 08:05:32 - INFO - __main__ - ['the date when <mask> was born is <mask>.']
07/22/2022 08:05:32 - INFO - __main__ - ****************************
07/22/2022 08:05:37 - INFO - __main__ - ***********Input************
07/22/2022 08:05:37 - INFO - __main__ - <mask> (born 27 September 1974, in <mask>, India) is a former Indian cricketer .
07/22/2022 08:05:37 - INFO - __main__ - *********Hypothesis*********
07/22/2022 08:05:37 - INFO - __main__ - <mask> was born in <mask>.
07/22/2022 08:05:37 - INFO - __main__ - <mask> is a film director and producer based in <mask>.
07/22/2022 08:05:37 - INFO - __main__ - <mask>, the director of the film, was born in <mask>.
07/22/2022 08:05:37 - INFO - __main__ - <mask> was born and brought up in <mask>.
07/22/2022 08:05:37 - INFO - __main__ - <mask> is a film producer, director and screenwriter based in <mask>.
07/22/2022 08:05:37 - INFO - __main__ - <mask> is a film director from <mask>.
07/22/2022 08:05:37 - INFO - __main__ - <mask> has been a resident of <mask>.
07/22/2022 08:05:37 - INFO - __main__ - <mask>, who was the producer of the film, was born in <mask>.
07/22/2022 08:05:37 - INFO - __main__ - <mask> is a young man who lives in <mask>.
07/22/2022 08:05:37 - INFO - __main__ - <mask> was born in a <mask>.
07/22/2022 08:05:37 - INFO - __main__ - ****************************
07/22/2022 08:05:37 - INFO - __main__ - *********References*********
07/22/2022 08:05:37 - INFO - __main__ - ['the place where <mask> was born is <mask>.']
07/22/2022 08:05:37 - INFO - __main__ - ****************************
07/22/2022 08:05:41 - INFO - __main__ - ***********Input************
07/22/2022 08:05:41 - INFO - __main__ - <mask> (1806-1867) was an American physician, born in <mask>, Massachusetts .
07/22/2022 08:05:41 - INFO - __main__ - *********Hypothesis*********
07/22/2022 08:05:41 - INFO - __main__ - <mask>, a prominent local businessman, was born in <mask>.
07/22/2022 08:05:41 - INFO - __main__ - <mask> was a merchant and politician in <mask>.
07/22/2022 08:05:41 - INFO - __main__ - <mask>, the son of a wealthy merchant, was born in <mask>.
07/22/2022 08:05:41 - INFO - __main__ - <mask> was born and raised in <mask>.
07/22/2022 08:05:41 - INFO - __main__ - <mask> (1818–1896), who died in <mask>.
07/22/2022 08:05:41 - INFO - __main__ - <mask> is an architect, who was born in <mask>.
07/22/2022 08:05:41 - INFO - __main__ - <mask> was a lawyer and judge in <mask>.
07/22/2022 08:05:41 - INFO - __main__ - <mask> had been a prominent merchant and politician in <mask>.
07/22/2022 08:05:41 - INFO - __main__ - <mask> was born in <mask>.
07/22/2022 08:05:41 - INFO - __main__ - <mask>, a prominent lawyer, was born in <mask>.
07/22/2022 08:05:41 - INFO - __main__ - ****************************
07/22/2022 08:05:41 - INFO - __main__ - *********References*********
07/22/2022 08:05:41 - INFO - __main__ - ['the place where <mask> was born is <mask>.']
07/22/2022 08:05:41 - INFO - __main__ - ****************************
07/22/2022 08:05:46 - INFO - __main__ - ***********Input************
07/22/2022 08:05:46 - INFO - __main__ - A Conservative, the Honourable <mask> served until his death in 1871 in <mask>, Ontario .
07/22/2022 08:05:46 - INFO - __main__ - *********Hypothesis*********
07/22/2022 08:05:46 - INFO - __main__ - <mask> was born and raised in <mask>.
07/22/2022 08:05:46 - INFO - __main__ - <mask>'s father was a lawyer and a judge in <mask>.
07/22/2022 08:05:46 - INFO - __main__ - <mask>'s father was a lawyer in <mask>.
07/22/2022 08:05:46 - INFO - __main__ - <mask> was born and raised in the <mask>.
07/22/2022 08:05:46 - INFO - __main__ - <mask>'s family had been involved in the lumber industry in <mask>.
07/22/2022 08:05:46 - INFO - __main__ - <mask> had been a member of the city council for <mask>.
07/22/2022 08:05:46 - INFO - __main__ - <mask> has been a long-time resident of <mask>.
07/22/2022 08:05:46 - INFO - __main__ - <mask> is a former mayor of <mask>.
07/22/2022 08:05:46 - INFO - __main__ - <mask> is a former member of the band <mask>.
07/22/2022 08:05:46 - INFO - __main__ - <mask> began his career as a journalist in <mask>.
07/22/2022 08:05:46 - INFO - __main__ - ****************************
07/22/2022 08:05:46 - INFO - __main__ - *********References*********
07/22/2022 08:05:46 - INFO - __main__ - ['the place where <mask> died is <mask>.']
07/22/2022 08:05:46 - INFO - __main__ - ****************************
07/22/2022 08:05:49 - INFO - __main__ - ***********Input************
07/22/2022 08:05:49 - INFO - __main__ - <mask> died at <mask> BC December 20, 1959 age 85 .
07/22/2022 08:05:49 - INFO - __main__ - *********Hypothesis*********
07/22/2022 08:05:49 - INFO - __main__ - <mask> was born and raised in <mask>.
07/22/2022 08:05:49 - INFO - __main__ - <mask> is a former mayor of <mask>.
07/22/2022 08:05:49 - INFO - __main__ - <mask>'s father was a lawyer in <mask>.
07/22/2022 08:05:49 - INFO - __main__ - <mask> has been a long-time resident of <mask>.
07/22/2022 08:05:49 - INFO - __main__ - <mask> is currently working as a freelance writer in <mask>.
07/22/2022 08:05:49 - INFO - __main__ - <mask>'s family moved to the city of <mask>.
07/22/2022 08:05:49 - INFO - __main__ - <mask> began his career as a journalist in <mask>.
07/22/2022 08:05:49 - INFO - __main__ - <mask> was born and raised in the city of <mask>.
07/22/2022 08:05:49 - INFO - __main__ - <mask> has since been involved with the arts and culture in <mask>.
07/22/2022 08:05:49 - INFO - __main__ - <mask>'s father was a lawyer and a prominent lawyer in <mask>.
07/22/2022 08:05:49 - INFO - __main__ - ****************************
07/22/2022 08:05:49 - INFO - __main__ - *********References*********
07/22/2022 08:05:49 - INFO - __main__ - ['the place where <mask> died is <mask>.']
07/22/2022 08:05:49 - INFO - __main__ - ****************************
07/22/2022 08:05:54 - INFO - __main__ - ***********Input************
07/22/2022 08:05:54 - INFO - __main__ - Considered by some in the art world to be one of the last of the Surrealists, <mask> died in his home in <mask> on April 25, 2008, aged 99 Donati's health had been failing since involved, as a passenger, in a taxi accident in July, 2007 .
07/22/2022 08:05:54 - INFO - __main__ - *********Hypothesis*********
07/22/2022 08:05:54 - INFO - __main__ - <mask> was born and died in <mask>.
07/22/2022 08:05:54 - INFO - __main__ - <mask>'s father was a lawyer and his mother was a teacher in <mask>.
07/22/2022 08:05:54 - INFO - __main__ - <mask> is a native of the city of <mask>.
07/22/2022 08:05:54 - INFO - __main__ - <mask> is a member of the accademia di belle arti di <mask>.
07/22/2022 08:05:54 - INFO - __main__ - <mask> was born in the city of <mask>.
07/22/2022 08:05:54 - INFO - __main__ - <mask>'s work is represented by a number of public artworks in <mask>.
07/22/2022 08:05:54 - INFO - __main__ - <mask> began his career as a journalist in <mask>.
07/22/2022 08:05:54 - INFO - __main__ - <mask>'s work is represented by the museo di storia civica in <mask>.
07/22/2022 08:05:54 - INFO - __main__ - <mask> started his career as a journalist in <mask>.
07/22/2022 08:05:54 - INFO - __main__ - ****************************
07/22/2022 08:05:54 - INFO - __main__ - *********References*********
07/22/2022 08:05:54 - INFO - __main__ - ['the place where <mask> died is <mask>.']
07/22/2022 08:05:54 - INFO - __main__ - ****************************
07/22/2022 08:05:58 - INFO - __main__ - ***********Input************
07/22/2022 08:05:58 - INFO - __main__ - <mask> died of pneumonia in 1990 at his home in <mask>, California .
07/22/2022 08:05:58 - INFO - __main__ - *********Hypothesis*********
07/22/2022 08:05:58 - INFO - __main__ - <mask> was born and raised in <mask>.
07/22/2022 08:05:58 - INFO - __main__ - <mask> is a native of <mask>.
07/22/2022 08:05:58 - INFO - __main__ - <mask>'s family moved to the city of <mask>.
07/22/2022 08:05:58 - INFO - __main__ - <mask>'s father was a successful businessman in <mask>.
07/22/2022 08:05:58 - INFO - __main__ - <mask> began his career as a radio announcer in <mask>.
07/22/2022 08:05:58 - INFO - __main__ - <mask>'s family moved to <mask>.
07/22/2022 08:05:58 - INFO - __main__ - <mask> has been a resident of <mask>.
07/22/2022 08:05:58 - INFO - __main__ - <mask> had previously been a member of the band <mask>.
07/22/2022 08:05:58 - INFO - __main__ - <mask> began his career as a lawyer in <mask>.
07/22/2022 08:05:58 - INFO - __main__ - <mask> is currently a freelance writer based in <mask>.
07/22/2022 08:05:58 - INFO - __main__ - ****************************
07/22/2022 08:05:58 - INFO - __main__ - *********References*********
07/22/2022 08:05:58 - INFO - __main__ - ['the place where <mask> died is <mask>.']
07/22/2022 08:05:58 - INFO - __main__ - ****************************
07/22/2022 08:06:02 - INFO - __main__ - ***********Input************
07/22/2022 08:06:02 - INFO - __main__ - <mask> died in 1888 in <mask>, Germany and is buried, together with his wife, Sophie in Weißensee .
07/22/2022 08:06:02 - INFO - __main__ - *********Hypothesis*********
07/22/2022 08:06:02 - INFO - __main__ - <mask> was born and died in <mask>.
07/22/2022 08:06:02 - INFO - __main__ - <mask>'s father was a lawyer in <mask>.
07/22/2022 08:06:02 - INFO - __main__ - <mask> is a young man who lives in <mask>.
07/22/2022 08:06:02 - INFO - __main__ - <mask> was born in the city of <mask>.
07/22/2022 08:06:02 - INFO - __main__ - <mask> died of a heart attack while on holiday in <mask>.
07/22/2022 08:06:02 - INFO - __main__ - <mask> is a young man living in <mask>.
07/22/2022 08:06:02 - INFO - __main__ - <mask> was born and raised in <mask>.
07/22/2022 08:06:02 - INFO - __main__ - <mask> and his wife lived in <mask>.
07/22/2022 08:06:02 - INFO - __main__ - <mask> is a member of the board of directors of the city of <mask>.
07/22/2022 08:06:02 - INFO - __main__ - <mask>'s family moved to <mask>.
07/22/2022 08:06:02 - INFO - __main__ - ****************************
07/22/2022 08:06:02 - INFO - __main__ - *********References*********
07/22/2022 08:06:02 - INFO - __main__ - ['the place where <mask> died is <mask>.']
07/22/2022 08:06:02 - INFO - __main__ - ****************************
07/22/2022 08:06:03 - INFO - __main__ - Task: google-re
07/22/2022 08:06:03 - INFO - __main__ - bleu-4: 5.894541029003854e-79
07/22/2022 08:06:03 - INFO - __main__ - bleu-3: 0.039262103250236664
07/22/2022 08:06:03 - INFO - __main__ - bleu-2: 0.08117597360913853
07/22/2022 08:06:03 - INFO - __main__ - bleu-1: 0.3050529434241767
07/22/2022 08:06:03 - INFO - __main__ - METEOR: 0.22979612407182376
07/22/2022 08:06:03 - INFO - __main__ - ROUGE-L: 0.3547282596953791
07/22/2022 08:06:03 - INFO - __main__ - entailment score(mean-mean): 0.10847587928461229
07/22/2022 08:06:03 - INFO - __main__ - entailment score(mean-max): 0.6377293411642313
07/22/2022 08:06:03 - INFO - __main__ - entailment score(mean-min): 0.0005506367369283301
07/22/2022 08:06:03 - INFO - __main__ - self-BLEU-2: 0.8792457674468397
07/22/2022 08:06:03 - INFO - __main__ - avg: 0.1683359006751258
07/22/2022 08:06:03 - INFO - __main__ - *******************************************************
07/22/2022 08:06:03 - INFO - __main__ - *******************************************************
07/22/2022 08:06:03 - INFO - __main__ - *******************************************************
