07/22/2022 08:47:14 - INFO - __main__ - **************** MODEL CONFIGURATION ****************
07/22/2022 08:47:14 - INFO - __main__ - bart_training             -->   True
07/22/2022 08:47:14 - INFO - __main__ - device                    -->   6
07/22/2022 08:47:14 - INFO - __main__ - group_beam                -->   True
07/22/2022 08:47:14 - INFO - __main__ - if_then                   -->   False
07/22/2022 08:47:14 - INFO - __main__ - inductor                  -->   rule
07/22/2022 08:47:14 - INFO - __main__ - log_dir                   -->   logs_new_new_new/
07/22/2022 08:47:14 - INFO - __main__ - log_name                  -->   semeval-k*k+dpp
07/22/2022 08:47:14 - INFO - __main__ - mlm_training              -->   True
07/22/2022 08:47:14 - INFO - __main__ - task                      -->   semeval
07/22/2022 08:47:14 - INFO - __main__ - **************** MODEL CONFIGURATION ****************
07/22/2022 08:48:35 - INFO - __main__ - ***********Input************
07/22/2022 08:48:35 - INFO - __main__ - much of the <mask> evaporated from the <mask> without ever reaching the ground .
07/22/2022 08:48:35 - INFO - __main__ - *********Hypothesis*********
07/22/2022 08:48:35 - INFO - __main__ - <mask>'s mother, who is a former nurse, is a doctor on <mask>.
07/22/2022 08:48:35 - INFO - __main__ - <mask>'s father is a scientist who has been sent to <mask>.
07/22/2022 08:48:35 - INFO - __main__ - <mask> was a member of the crew of the space shuttle enterprise, which crashed on <mask>.
07/22/2022 08:48:35 - INFO - __main__ - <mask> is the only one of the group who has survived the crash and returns to <mask>.
07/22/2022 08:48:35 - INFO - __main__ - <mask> is a young boy who is sent to <mask>.
07/22/2022 08:48:35 - INFO - __main__ - <mask> was a supercontinent that covered the entire <mask>.
07/22/2022 08:48:35 - INFO - __main__ - <mask> is the largest and most diverse supercontinent on <mask>.
07/22/2022 08:48:35 - INFO - __main__ - <mask>'s orbit is approximately the same as that of the <mask>.
07/22/2022 08:48:35 - INFO - __main__ - <mask> is a small planet orbiting the <mask>.
07/22/2022 08:48:35 - INFO - __main__ - <mask> is a small planet orbiting the star <mask>.
07/22/2022 08:48:35 - INFO - __main__ - ****************************
07/22/2022 08:48:35 - INFO - __main__ - *********References*********
07/22/2022 08:48:35 - INFO - __main__ - ['<mask> is originated from <mask>.']
07/22/2022 08:48:35 - INFO - __main__ - ****************************
07/22/2022 08:48:43 - INFO - __main__ - ***********Input************
07/22/2022 08:48:43 - INFO - __main__ - dolf oehler , a leader in the leftist <mask> of heine <mask> since the 1970s , gathered a group of likeminded critics for this symposium .
07/22/2022 08:48:43 - INFO - __main__ - *********Hypothesis*********
07/22/2022 08:48:43 - INFO - __main__ - <mask>-wing political parties are the largest political parties in <mask>.
07/22/2022 08:48:43 - INFO - __main__ - <mask>-wing parties were not allowed to participate in the elections in <mask>.
07/22/2022 08:48:43 - INFO - __main__ - <mask>-wing groups have been active in <mask>.
07/22/2022 08:48:43 - INFO - __main__ - <mask>, the party was a left-wing political party in <mask>.
07/22/2022 08:48:43 - INFO - __main__ - <mask> wing parties were the main opposition parties in <mask>.
07/22/2022 08:48:43 - INFO - __main__ - <mask> and right: the politics of the left in <mask>.
07/22/2022 08:48:43 - INFO - __main__ - <mask> and right-wing parties are not allowed to run candidates for office in <mask>.
07/22/2022 08:48:43 - INFO - __main__ - <mask>: a history of the <mask>.
07/22/2022 08:48:43 - INFO - __main__ - <mask>, a movement that was founded in <mask>.
07/22/2022 08:48:43 - INFO - __main__ - <mask> of the reformation: <mask>.
07/22/2022 08:48:43 - INFO - __main__ - ****************************
07/22/2022 08:48:43 - INFO - __main__ - *********References*********
07/22/2022 08:48:43 - INFO - __main__ - ['<mask> is the collection of <mask>.']
07/22/2022 08:48:43 - INFO - __main__ - ****************************
07/22/2022 08:48:49 - INFO - __main__ - ***********Input************
07/22/2022 08:48:49 - INFO - __main__ - the cornish pirates have signed a <mask> to tackle <mask> as part of their commitment to save energy and reduce their environmental footprint .
07/22/2022 08:48:49 - INFO - __main__ - *********Hypothesis*********
07/22/2022 08:48:49 - INFO - __main__ - <mask>-based emissions are emissions used to help reduce <mask>.
07/22/2022 08:48:49 - INFO - __main__ - <mask>, which is a form of <mask>.
07/22/2022 08:48:49 - INFO - __main__ - <mask>'s research focuses on the effects of <mask>.
07/22/2022 08:48:49 - INFO - __main__ - <mask> was a major contributor to <mask>.
07/22/2022 08:48:49 - INFO - __main__ - <mask> was a major contributor to the development of <mask>.
07/22/2022 08:48:49 - INFO - __main__ - <mask> to the <mask>.
07/22/2022 08:48:49 - INFO - __main__ - <mask> to the future: the and <mask>.
07/22/2022 08:48:49 - INFO - __main__ - <mask> to the future: <mask>.
07/22/2022 08:48:49 - INFO - __main__ - <mask> has been a major contributor to the development of <mask>.
07/22/2022 08:48:49 - INFO - __main__ - <mask> for the global of <mask>.
07/22/2022 08:48:49 - INFO - __main__ - ****************************
07/22/2022 08:48:49 - INFO - __main__ - *********References*********
07/22/2022 08:48:49 - INFO - __main__ - ['the topic of <mask> is <mask>.']
07/22/2022 08:48:49 - INFO - __main__ - ****************************
07/22/2022 08:48:54 - INFO - __main__ - ***********Input************
07/22/2022 08:48:54 - INFO - __main__ - the <mask> of the <mask> is lined with more than 3 cm thick castable refractory material .
07/22/2022 08:48:54 - INFO - __main__ - *********Hypothesis*********
07/22/2022 08:48:54 - INFO - __main__ - <mask>: the face of the <mask>.
07/22/2022 08:48:54 - INFO - __main__ - <mask> – a hamlet in the southeast part of <mask>.
07/22/2022 08:48:54 - INFO - __main__ - <mask> of the <mask>.
07/22/2022 08:48:54 - INFO - __main__ - <mask> is a large and well-known area of <mask>.
07/22/2022 08:48:54 - INFO - __main__ - <mask> has been the subject of several films, including the <mask>.
07/22/2022 08:48:54 - INFO - __main__ - <mask> has been the subject of several films, including <mask>.
07/22/2022 08:48:54 - INFO - __main__ - <mask>, which is located on the north side of <mask>.
07/22/2022 08:48:54 - INFO - __main__ - <mask>, which is located on the north side of the <mask>.
07/22/2022 08:48:54 - INFO - __main__ - <mask> was originally a part of <mask>.
07/22/2022 08:48:54 - INFO - __main__ - <mask> of the north <mask>.
07/22/2022 08:48:54 - INFO - __main__ - ****************************
07/22/2022 08:48:54 - INFO - __main__ - *********References*********
07/22/2022 08:48:54 - INFO - __main__ - ['<mask> is the component of <mask>.']
07/22/2022 08:48:54 - INFO - __main__ - ****************************
07/22/2022 08:48:59 - INFO - __main__ - ***********Input************
07/22/2022 08:48:59 - INFO - __main__ - the <mask> , made up of one or more <mask> , encloses an ovary that contains the ovules , or potential seeds .
07/22/2022 08:48:59 - INFO - __main__ - *********Hypothesis*********
07/22/2022 08:48:59 - INFO - __main__ - <mask>s and the <mask>.
07/22/2022 08:48:59 - INFO - __main__ - <mask>-associated cells (, <mask>.
07/22/2022 08:48:59 - INFO - __main__ - <mask> is a type of <mask>.
07/22/2022 08:48:59 - INFO - __main__ - <mask> is a genus of <mask>.
07/22/2022 08:48:59 - INFO - __main__ - <mask> cells are <mask>.
07/22/2022 08:48:59 - INFO - __main__ - <mask> cells are a type of <mask>.
07/22/2022 08:48:59 - INFO - __main__ - <mask> cells a genus of <mask>.
07/22/2022 08:48:59 - INFO - __main__ - <mask> and the <mask>.
07/22/2022 08:48:59 - INFO - __main__ - <mask> and ovary. are <mask>.
07/22/2022 08:48:59 - INFO - __main__ - <mask> and ovary <mask>.
07/22/2022 08:48:59 - INFO - __main__ - ****************************
07/22/2022 08:48:59 - INFO - __main__ - *********References*********
07/22/2022 08:48:59 - INFO - __main__ - ['<mask> is the component of <mask>.']
07/22/2022 08:48:59 - INFO - __main__ - ****************************
07/22/2022 08:49:05 - INFO - __main__ - ***********Input************
07/22/2022 08:49:05 - INFO - __main__ - <mask> appear by <mask> when circumstances prevent their appearance in person .
07/22/2022 08:49:05 - INFO - __main__ - *********Hypothesis*********
07/22/2022 08:49:05 - INFO - __main__ - <mask> have been featured in the series <mask>.
07/22/2022 08:49:05 - INFO - __main__ - <mask> are the main characters of the <mask>.
07/22/2022 08:49:05 - INFO - __main__ - <mask> are the main characters of <mask>.
07/22/2022 08:49:05 - INFO - __main__ - <mask> are a recurring theme in <mask>.
07/22/2022 08:49:05 - INFO - __main__ - <mask> and villains are the main characters of <mask>.
07/22/2022 08:49:05 - INFO - __main__ - <mask> was the only game to be released on the <mask>.
07/22/2022 08:49:05 - INFO - __main__ - <mask> is a social networking website that allows users to chat with each other via <mask>.
07/22/2022 08:49:05 - INFO - __main__ - <mask> is a series of video games that are played on <mask>.
07/22/2022 08:49:05 - INFO - __main__ - <mask> has been featured in a number of video games, including <mask>.
07/22/2022 08:49:05 - INFO - __main__ - <mask> fans were able to vote for their favorite characters via <mask>.
07/22/2022 08:49:05 - INFO - __main__ - ****************************
07/22/2022 08:49:05 - INFO - __main__ - *********References*********
07/22/2022 08:49:05 - INFO - __main__ - ['<mask> is the instrument of <mask>.']
07/22/2022 08:49:05 - INFO - __main__ - ****************************
07/22/2022 08:49:10 - INFO - __main__ - ***********Input************
07/22/2022 08:49:10 - INFO - __main__ - most of the <mask> has been about the <mask> he used .
07/22/2022 08:49:10 - INFO - __main__ - *********Hypothesis*********
07/22/2022 08:49:10 - INFO - __main__ - <mask>: a guide to the new testament <mask>.
07/22/2022 08:49:10 - INFO - __main__ - <mask>, a collection of short stories, and a <mask>.
07/22/2022 08:49:10 - INFO - __main__ - <mask>'s name was changed to the word of god <mask>.
07/22/2022 08:49:10 - INFO - __main__ - <mask> of the dead: a study of the <mask>.
07/22/2022 08:49:10 - INFO - __main__ - <mask> of revelation: a translation of the entire <mask>.
07/22/2022 08:49:10 - INFO - __main__ - <mask> and spirit: the story of the american <mask>.
07/22/2022 08:49:10 - INFO - __main__ - <mask>, and the use of <mask>.
07/22/2022 08:49:10 - INFO - __main__ - <mask>: the history of the <mask>.
07/22/2022 08:49:10 - INFO - __main__ - <mask>, and the <mask>.
07/22/2022 08:49:10 - INFO - __main__ - <mask> is a collection of books, including a <mask>.
07/22/2022 08:49:10 - INFO - __main__ - ****************************
07/22/2022 08:49:10 - INFO - __main__ - *********References*********
07/22/2022 08:49:10 - INFO - __main__ - ['the topic of <mask> is <mask>.']
07/22/2022 08:49:10 - INFO - __main__ - ****************************
07/22/2022 08:49:16 - INFO - __main__ - ***********Input************
07/22/2022 08:49:16 - INFO - __main__ - a <mask> of pygmy <mask> is now a critical economic mainstay , even as generations of migrants develop innovative tourism products and create new export markets .
07/22/2022 08:49:16 - INFO - __main__ - *********Hypothesis*********
07/22/2022 08:49:16 - INFO - __main__ - <mask>: a history of the navajo nation and its <mask>.
07/22/2022 08:49:16 - INFO - __main__ - <mask>, which is a place of refuge for <mask>.
07/22/2022 08:49:16 - INFO - __main__ - <mask> was named after the local <mask>.
07/22/2022 08:49:16 - INFO - __main__ - <mask> is a popular destination for tourists and <mask>.
07/22/2022 08:49:16 - INFO - __main__ - <mask> is a place of refuge for the local <mask>.
07/22/2022 08:49:16 - INFO - __main__ - <mask> has been a major source of income for the local <mask>.
07/22/2022 08:49:16 - INFO - __main__ - <mask>-based organizations are the most common form of social organization among <mask>.
07/22/2022 08:49:16 - INFO - __main__ - <mask> members are often referred to as <mask>.
07/22/2022 08:49:16 - INFO - __main__ - <mask> leaders have been criticized for their lack of support for <mask>.
07/22/2022 08:49:16 - INFO - __main__ - <mask> groups and individuals have formed to advocate for the rights of <mask>.
07/22/2022 08:49:16 - INFO - __main__ - ****************************
07/22/2022 08:49:16 - INFO - __main__ - *********References*********
07/22/2022 08:49:16 - INFO - __main__ - ['<mask> is the collection of <mask>.']
07/22/2022 08:49:16 - INFO - __main__ - ****************************
07/22/2022 08:49:23 - INFO - __main__ - ***********Input************
07/22/2022 08:49:23 - INFO - __main__ - a human <mask> was found in a <mask> of menudo soup .
07/22/2022 08:49:23 - INFO - __main__ - *********Hypothesis*********
07/22/2022 08:49:23 - INFO - __main__ - <mask>, a man who is <mask>.
07/22/2022 08:49:23 - INFO - __main__ - <mask>'s father was a white man, and his mother was <mask>.
07/22/2022 08:49:23 - INFO - __main__ - <mask> was the only one who was <mask>.
07/22/2022 08:49:23 - INFO - __main__ - <mask> is an anthropomorphic dog who is <mask>.
07/22/2022 08:49:23 - INFO - __main__ - <mask> has been described as a "macho" <mask>.
07/22/2022 08:49:23 - INFO - __main__ - <mask> artifacts were found in the area, including a skull of a <mask>.
07/22/2022 08:49:23 - INFO - __main__ - <mask>: a new <mask>.
07/22/2022 08:49:23 - INFO - __main__ - <mask>, the only known species of <mask>.
07/22/2022 08:49:23 - INFO - __main__ - <mask>, the only known <mask>.
07/22/2022 08:49:23 - INFO - __main__ - <mask> is a genus of <mask>.
07/22/2022 08:49:23 - INFO - __main__ - ****************************
07/22/2022 08:49:23 - INFO - __main__ - *********References*********
07/22/2022 08:49:23 - INFO - __main__ - ['<mask> is contained in <mask>.']
07/22/2022 08:49:23 - INFO - __main__ - ****************************
07/22/2022 08:49:29 - INFO - __main__ - ***********Input************
07/22/2022 08:49:29 - INFO - __main__ - skype , a free software , allows a <mask> of multiple computer <mask> to join in an online conference call without incurring any telephone costs .
07/22/2022 08:49:29 - INFO - __main__ - *********Hypothesis*********
07/22/2022 08:49:29 - INFO - __main__ - <mask>s are a type of social network that is used by <mask>.
07/22/2022 08:49:29 - INFO - __main__ - <mask>: this is a group of <mask>.
07/22/2022 08:49:29 - INFO - __main__ - <mask>: a group of <mask>.
07/22/2022 08:49:29 - INFO - __main__ - <mask> members are referred to as <mask>.
07/22/2022 08:49:29 - INFO - __main__ - <mask> is the name given to the group of <mask>.
07/22/2022 08:49:29 - INFO - __main__ - <mask> (ug) – a group of <mask>.
07/22/2022 08:49:29 - INFO - __main__ - <mask> (ug) is a group of <mask>.
07/22/2022 08:49:29 - INFO - __main__ - <mask>: the user can create and edit a list of <mask>.
07/22/2022 08:49:29 - INFO - __main__ - <mask> is a term used to refer to the number of <mask>.
07/22/2022 08:49:29 - INFO - __main__ - <mask> and server-side <mask>.
07/22/2022 08:49:29 - INFO - __main__ - ****************************
07/22/2022 08:49:29 - INFO - __main__ - *********References*********
07/22/2022 08:49:29 - INFO - __main__ - ['<mask> is the collection of <mask>.']
07/22/2022 08:49:29 - INFO - __main__ - ****************************
07/22/2022 08:49:34 - INFO - __main__ - ***********Input************
07/22/2022 08:49:34 - INFO - __main__ - two of the <mask> resulted in fatal co <mask> ( cohb levels of 55 % and 49 % ) .
07/22/2022 08:49:34 - INFO - __main__ - *********Hypothesis*********
07/22/2022 08:49:34 - INFO - __main__ - <mask> may be associated with a higher risk of developing <mask>.
07/22/2022 08:49:34 - INFO - __main__ - <mask> have been shown to interact with <mask>.
07/22/2022 08:49:34 - INFO - __main__ - <mask> can be used to determine the presence of <mask>.
07/22/2022 08:49:34 - INFO - __main__ - <mask> are the most common type of <mask>.
07/22/2022 08:49:34 - INFO - __main__ - <mask> may be a result of a mutation in <mask>.
07/22/2022 08:49:34 - INFO - __main__ - <mask> is the most common cause of <mask>.
07/22/2022 08:49:34 - INFO - __main__ - <mask> is a major cause of <mask>.
07/22/2022 08:49:34 - INFO - __main__ - <mask> is a common cause of <mask>.
07/22/2022 08:49:34 - INFO - __main__ - <mask> has been shown to interact with <mask>.
07/22/2022 08:49:34 - INFO - __main__ - <mask> can be used as a treatment for <mask>.
07/22/2022 08:49:34 - INFO - __main__ - ****************************
07/22/2022 08:49:34 - INFO - __main__ - *********References*********
07/22/2022 08:49:34 - INFO - __main__ - ['<mask> causes <mask>.']
07/22/2022 08:49:34 - INFO - __main__ - ****************************
07/22/2022 08:49:40 - INFO - __main__ - ***********Input************
07/22/2022 08:49:40 - INFO - __main__ - both her and her <mask> of pampered beverly hills <mask> learn valuable lessons in character , courage , and friendship with a super happy ending .
07/22/2022 08:49:40 - INFO - __main__ - *********Hypothesis*********
07/22/2022 08:49:40 - INFO - __main__ - <mask>: a fairy godmother who lives with <mask>.
07/22/2022 08:49:40 - INFO - __main__ - <mask>: a fairy godmother who is a friend of <mask>.
07/22/2022 08:49:40 - INFO - __main__ - <mask>, the fairy godmother of <mask>.
07/22/2022 08:49:40 - INFO - __main__ - <mask> – the fairy godmother is the fairy godmother of <mask>.
07/22/2022 08:49:40 - INFO - __main__ - <mask> is a fairy who lives with <mask>.
07/22/2022 08:49:40 - INFO - __main__ - <mask> is a fairy who is the mother of <mask>.
07/22/2022 08:49:40 - INFO - __main__ - <mask>'s name is derived from the name of the local <mask>.
07/22/2022 08:49:40 - INFO - __main__ - <mask> members were called "tribes" or "tribe" <mask>.
07/22/2022 08:49:40 - INFO - __main__ - <mask> is a name for a group of <mask>.
07/22/2022 08:49:40 - INFO - __main__ - <mask> chiefs were often called "chiefs" by <mask>.
07/22/2022 08:49:40 - INFO - __main__ - ****************************
07/22/2022 08:49:40 - INFO - __main__ - *********References*********
07/22/2022 08:49:40 - INFO - __main__ - ['<mask> is the collection of <mask>.']
07/22/2022 08:49:40 - INFO - __main__ - ****************************
07/22/2022 08:49:45 - INFO - __main__ - ***********Input************
07/22/2022 08:49:45 - INFO - __main__ - yet this signing <mask> issued by the <mask> yesterday is the clearest signal yet that the administration wants to hold this option in reserve .
07/22/2022 08:49:45 - INFO - __main__ - *********Hypothesis*********
07/22/2022 08:49:45 - INFO - __main__ - <mask> was restored and the building was renamed <mask>.
07/22/2022 08:49:45 - INFO - __main__ - <mask> of the <mask>.
07/22/2022 08:49:45 - INFO - __main__ - <mask> is a member of the board of directors of <mask>.
07/22/2022 08:49:45 - INFO - __main__ - <mask> on the establishment of a <mask>.
07/22/2022 08:49:45 - INFO - __main__ - <mask> on the establishment of a new <mask>.
07/22/2022 08:49:45 - INFO - __main__ - <mask>, signed with <mask>.
07/22/2022 08:49:45 - INFO - __main__ - <mask> with the government of <mask>.
07/22/2022 08:49:45 - INFO - __main__ - <mask> signed with <mask>.
07/22/2022 08:49:45 - INFO - __main__ - <mask> (mou) with <mask>.
07/22/2022 08:49:45 - INFO - __main__ - <mask> of the secretary of <mask>.
07/22/2022 08:49:45 - INFO - __main__ - ****************************
07/22/2022 08:49:45 - INFO - __main__ - *********References*********
07/22/2022 08:49:45 - INFO - __main__ - ['<mask> is the producer of <mask>.']
07/22/2022 08:49:45 - INFO - __main__ - ****************************
07/22/2022 08:49:51 - INFO - __main__ - ***********Input************
07/22/2022 08:49:51 - INFO - __main__ - the recent <mask> has been caused by the environmentally-induced <mask> of fish catches from the black sea .
07/22/2022 08:49:51 - INFO - __main__ - *********Hypothesis*********
07/22/2022 08:49:51 - INFO - __main__ - <mask> is the most common cause of <mask>.
07/22/2022 08:49:51 - INFO - __main__ - <mask> is an example of a global phenomenon that is <mask>.
07/22/2022 08:49:51 - INFO - __main__ - <mask> has been shown to have a significant effect on the rate of <mask>.
07/22/2022 08:49:51 - INFO - __main__ - <mask>: the total number of casualties in the war was <mask>.
07/22/2022 08:49:51 - INFO - __main__ - <mask>: the population of the city was reduced by <mask>.
07/22/2022 08:49:51 - INFO - __main__ - <mask>: the number of casualties in the war was <mask>.
07/22/2022 08:49:51 - INFO - __main__ - <mask>: military losses were <mask>.
07/22/2022 08:49:51 - INFO - __main__ - <mask>, the country's economy was devastated and unemployment reached <mask>.
07/22/2022 08:49:51 - INFO - __main__ - <mask> reduced the size of the navy by <mask>.
07/22/2022 08:49:51 - INFO - __main__ - <mask> and the subsequent economic crisis reduced the population by <mask>.
07/22/2022 08:49:51 - INFO - __main__ - ****************************
07/22/2022 08:49:51 - INFO - __main__ - *********References*********
07/22/2022 08:49:51 - INFO - __main__ - ['<mask> causes <mask>.']
07/22/2022 08:49:51 - INFO - __main__ - ****************************
07/22/2022 08:49:57 - INFO - __main__ - ***********Input************
07/22/2022 08:49:57 - INFO - __main__ - <mask> consisted of <mask> , dragoons and chevauxlegers .
07/22/2022 08:49:57 - INFO - __main__ - *********Hypothesis*********
07/22/2022 08:49:57 - INFO - __main__ - <mask>, the regiment 3rd <mask>.
07/22/2022 08:49:57 - INFO - __main__ - <mask> was a battalion <mask>.
07/22/2022 08:49:57 - INFO - __main__ - <mask> is a unit of <mask>.
07/22/2022 08:49:57 - INFO - __main__ - <mask>, the 2nd <mask>.
07/22/2022 08:49:57 - INFO - __main__ - <mask>, royal regiment <mask>.
07/22/2022 08:49:57 - INFO - __main__ - <mask>, the 1st <mask>.
07/22/2022 08:49:57 - INFO - __main__ - <mask> was a <mask>.
07/22/2022 08:49:57 - INFO - __main__ - <mask> was a battalion of <mask>.
07/22/2022 08:49:57 - INFO - __main__ - <mask> is a unit of the <mask>.
07/22/2022 08:49:57 - INFO - __main__ - <mask> (royal scots) was a <mask>.
07/22/2022 08:49:57 - INFO - __main__ - ****************************
07/22/2022 08:49:57 - INFO - __main__ - *********References*********
07/22/2022 08:49:57 - INFO - __main__ - ['<mask> is the collection of <mask>.']
07/22/2022 08:49:57 - INFO - __main__ - ****************************
07/22/2022 08:50:05 - INFO - __main__ - ***********Input************
07/22/2022 08:50:05 - INFO - __main__ - there is a rubbery silicone <mask> , created by an american <mask> for a whispered 5,000 , pounds for exploring 3d visualisation and ways of removing tremor .
07/22/2022 08:50:05 - INFO - __main__ - *********Hypothesis*********
07/22/2022 08:50:05 - INFO - __main__ - <mask>: the doctor is a young <mask>.
07/22/2022 08:50:05 - INFO - __main__ - <mask> is a very popular and popular game in the world of <mask>.
07/22/2022 08:50:05 - INFO - __main__ - <mask> is a new technology that the new <mask>.
07/22/2022 08:50:05 - INFO - __main__ - <mask> is a compilation album by <mask>.
07/22/2022 08:50:05 - INFO - __main__ - <mask>, who is a native <mask>.
07/22/2022 08:50:05 - INFO - __main__ - <mask>, who is a <mask>.
07/22/2022 08:50:05 - INFO - __main__ - <mask> was an <mask>.
07/22/2022 08:50:05 - INFO - __main__ - <mask> is a young <mask>.
07/22/2022 08:50:05 - INFO - __main__ - <mask> is a very good <mask>.
07/22/2022 08:50:05 - INFO - __main__ - <mask> is a <mask>.
07/22/2022 08:50:05 - INFO - __main__ - ****************************
07/22/2022 08:50:05 - INFO - __main__ - *********References*********
07/22/2022 08:50:05 - INFO - __main__ - ['<mask> is the producer of <mask>.']
07/22/2022 08:50:05 - INFO - __main__ - ****************************
07/22/2022 08:50:07 - INFO - __main__ - ***********Input************
07/22/2022 08:50:07 - INFO - __main__ - sensitive and robust , this active <mask> features a small metal and rubber button <mask> with a preamped pvdf film sensor inside .
07/22/2022 08:50:07 - INFO - __main__ - *********Hypothesis*********
07/22/2022 08:50:07 - INFO - __main__ - <mask> was originally developed as a means to replace the traditional <mask>.
07/22/2022 08:50:07 - INFO - __main__ - <mask> sensors are typically used to capture images with a <mask>.
07/22/2022 08:50:07 - INFO - __main__ - <mask> sensors are often used in conjunction with a <mask>.
07/22/2022 08:50:07 - INFO - __main__ - <mask> is the most common type of <mask>.
07/22/2022 08:50:07 - INFO - __main__ - <mask> is a type of digital camera that uses a <mask>.
07/22/2022 08:50:07 - INFO - __main__ - <mask> is a semiconductor technology that uses a single-chip <mask>.
07/22/2022 08:50:07 - INFO - __main__ - ****************************
07/22/2022 08:50:07 - INFO - __main__ - *********References*********
07/22/2022 08:50:07 - INFO - __main__ - ['<mask> is the component of <mask>.']
07/22/2022 08:50:07 - INFO - __main__ - ****************************
07/22/2022 08:50:13 - INFO - __main__ - ***********Input************
07/22/2022 08:50:13 - INFO - __main__ - the <mask> has assembled a <mask> of precious and base metal exploration prospects in ontario , saskatchewan , and the north west territories .
07/22/2022 08:50:13 - INFO - __main__ - *********Hypothesis*********
07/22/2022 08:50:13 - INFO - __main__ - <mask> is a member of the international association <mask>.
07/22/2022 08:50:13 - INFO - __main__ - <mask> has a <mask>.
07/22/2022 08:50:13 - INFO - __main__ - <mask> has a number of other services, including <mask>.
07/22/2022 08:50:13 - INFO - __main__ - <mask>-listed companies are listed in the following <mask>.
07/22/2022 08:50:13 - INFO - __main__ - <mask>: the main component of <mask>.
07/22/2022 08:50:13 - INFO - __main__ - <mask>'s main focus is on the development of the internet and <mask>.
07/22/2022 08:50:13 - INFO - __main__ - <mask> provides an online version of its <mask>.
07/22/2022 08:50:13 - INFO - __main__ - <mask> is the only company to have a full <mask>.
07/22/2022 08:50:13 - INFO - __main__ - <mask> is a member of the international <mask>.
07/22/2022 08:50:13 - INFO - __main__ - <mask> has a number of other services, including a <mask>.
07/22/2022 08:50:13 - INFO - __main__ - ****************************
07/22/2022 08:50:13 - INFO - __main__ - *********References*********
07/22/2022 08:50:13 - INFO - __main__ - ['<mask> is the producer of <mask>.']
07/22/2022 08:50:13 - INFO - __main__ - ****************************
07/22/2022 08:50:18 - INFO - __main__ - ***********Input************
07/22/2022 08:50:18 - INFO - __main__ - you placed two bare ends of the <mask> into a <mask> filled halfway with distilled water .
07/22/2022 08:50:18 - INFO - __main__ - *********Hypothesis*********
07/22/2022 08:50:18 - INFO - __main__ - <mask> is used in the packaging of <mask>.
07/22/2022 08:50:18 - INFO - __main__ - <mask> is the most common material used in <mask>.
07/22/2022 08:50:18 - INFO - __main__ - <mask> is a plastic material used in the <mask>.
07/22/2022 08:50:18 - INFO - __main__ - <mask>-based, non-alcoholic beverages are sold in <mask>.
07/22/2022 08:50:18 - INFO - __main__ - <mask>, which is a type of <mask>.
07/22/2022 08:50:18 - INFO - __main__ - <mask> in the form of a <mask>.
07/22/2022 08:50:18 - INFO - __main__ - <mask> has been used in the production of <mask>.
07/22/2022 08:50:18 - INFO - __main__ - <mask> and the other books are in <mask>.
07/22/2022 08:50:18 - INFO - __main__ - <mask> and other books are often used in the <mask>.
07/22/2022 08:50:18 - INFO - __main__ - <mask>: a1a1 a1 <mask>.
07/22/2022 08:50:18 - INFO - __main__ - ****************************
07/22/2022 08:50:18 - INFO - __main__ - *********References*********
07/22/2022 08:50:18 - INFO - __main__ - ['<mask> was delievered to <mask>.']
07/22/2022 08:50:18 - INFO - __main__ - ****************************
07/22/2022 08:50:23 - INFO - __main__ - ***********Input************
07/22/2022 08:50:23 - INFO - __main__ - many <mask> have come from popular <mask> and tend to appear in different forms .
07/22/2022 08:50:23 - INFO - __main__ - *********Hypothesis*********
07/22/2022 08:50:23 - INFO - __main__ - <mask> are the largest ethnic group in <mask>.
07/22/2022 08:50:23 - INFO - __main__ - <mask>-language manga is the most popular form of manga in <mask>.
07/22/2022 08:50:23 - INFO - __main__ - <mask> type-a fighting ships: a guide to the fighting ships of <mask>.
07/22/2022 08:50:23 - INFO - __main__ - <mask> manga is a genre of manga that is based on the <mask>.
07/22/2022 08:50:23 - INFO - __main__ - <mask> language and culture are a major influence on the <mask>.
07/22/2022 08:50:23 - INFO - __main__ - <mask> language and culture are a major influence on <mask>.
07/22/2022 08:50:23 - INFO - __main__ - <mask> is the official language of the government of <mask>.
07/22/2022 08:50:23 - INFO - __main__ - <mask> art has been influenced by the culture of <mask>.
07/22/2022 08:50:23 - INFO - __main__ - <mask> anime is the most popular form of <mask>.
07/22/2022 08:50:23 - INFO - __main__ - <mask> anime is the most popular form of anime in <mask>.
07/22/2022 08:50:23 - INFO - __main__ - ****************************
07/22/2022 08:50:23 - INFO - __main__ - *********References*********
07/22/2022 08:50:23 - INFO - __main__ - ['<mask> is originated from <mask>.']
07/22/2022 08:50:23 - INFO - __main__ - ****************************
07/22/2022 08:50:30 - INFO - __main__ - ***********Input************
07/22/2022 08:50:30 - INFO - __main__ - the aircraft was written off in the <mask> due to the severe <mask> caused by the klm aircraft , and the resulting fire .
07/22/2022 08:50:30 - INFO - __main__ - *********Hypothesis*********
07/22/2022 08:50:30 - INFO - __main__ - <mask>-based companies are now using the term <mask>.
07/22/2022 08:50:30 - INFO - __main__ - <mask> aircrews were trained to use the new <mask>.
07/22/2022 08:50:30 - INFO - __main__ - <mask>: the country's only <mask>.
07/22/2022 08:50:30 - INFO - __main__ - <mask>, however, is not a member of <mask>.
07/22/2022 08:50:30 - INFO - __main__ - <mask>, however, is not a <mask>.
07/22/2022 08:50:30 - INFO - __main__ - <mask> is the only country to have a <mask>.
07/22/2022 08:50:30 - INFO - __main__ - <mask> have been the only country to have a <mask>.
07/22/2022 08:50:30 - INFO - __main__ - <mask> has a long history of using <mask>.
07/22/2022 08:50:30 - INFO - __main__ - <mask> has a large number of <mask>.
07/22/2022 08:50:30 - INFO - __main__ - <mask> has a long history of <mask>.
07/22/2022 08:50:30 - INFO - __main__ - ****************************
07/22/2022 08:50:30 - INFO - __main__ - *********References*********
07/22/2022 08:50:30 - INFO - __main__ - ['<mask> causes <mask>.']
07/22/2022 08:50:30 - INFO - __main__ - ****************************
07/22/2022 08:50:38 - INFO - __main__ - ***********Input************
07/22/2022 08:50:38 - INFO - __main__ - the <mask> is france 's largest producer of sparkling <mask> outside of the champagne region .
07/22/2022 08:50:38 - INFO - __main__ - *********Hypothesis*********
07/22/2022 08:50:38 - INFO - __main__ - <mask> is known for its red <mask>.
07/22/2022 08:50:38 - INFO - __main__ - <mask> is famous for its <mask>.
07/22/2022 08:50:38 - INFO - __main__ - <mask> du châteay is <mask>.
07/22/2022 08:50:38 - INFO - __main__ - <mask> de la ville is a winery in <mask>.
07/22/2022 08:50:38 - INFO - __main__ - <mask> d'or is a winery in <mask>.
07/22/2022 08:50:38 - INFO - __main__ - <mask> is a wine region in <mask>.
07/22/2022 08:50:38 - INFO - __main__ - <mask> is the most important wine region in <mask>.
07/22/2022 08:50:38 - INFO - __main__ - <mask> is a wine region in the south of <mask>.
07/22/2022 08:50:38 - INFO - __main__ - <mask> is a commune in the department of <mask>.
07/22/2022 08:50:38 - INFO - __main__ - <mask> has been a major producer of <mask>.
07/22/2022 08:50:38 - INFO - __main__ - ****************************
07/22/2022 08:50:38 - INFO - __main__ - *********References*********
07/22/2022 08:50:38 - INFO - __main__ - ['<mask> is originated from <mask>.']
07/22/2022 08:50:38 - INFO - __main__ - ****************************
07/22/2022 08:50:44 - INFO - __main__ - ***********Input************
07/22/2022 08:50:44 - INFO - __main__ - the closely guarded raffles <mask> was locked in a <mask> that still remains onsite today .
07/22/2022 08:50:44 - INFO - __main__ - *********Hypothesis*********
07/22/2022 08:50:44 - INFO - __main__ - <mask> is currently the director of <mask>.
07/22/2022 08:50:44 - INFO - __main__ - <mask>'s work is included in the museum's <mask>.
07/22/2022 08:50:44 - INFO - __main__ - <mask>'s most notable work is <mask>.
07/22/2022 08:50:44 - INFO - __main__ - <mask>'s most notable work is his <mask>.
07/22/2022 08:50:44 - INFO - __main__ - <mask> was a member of the group <mask>.
07/22/2022 08:50:44 - INFO - __main__ - <mask> was a member of the board of <mask>.
07/22/2022 08:50:44 - INFO - __main__ - <mask> was a member of the board of directors of <mask>.
07/22/2022 08:50:44 - INFO - __main__ - <mask> is currently the director of special collections, <mask>.
07/22/2022 08:50:44 - INFO - __main__ - <mask> has been a regular contributor to the magazine <mask>.
07/22/2022 08:50:44 - INFO - __main__ - <mask> has been a member of several other organizations, including <mask>.
07/22/2022 08:50:44 - INFO - __main__ - ****************************
07/22/2022 08:50:44 - INFO - __main__ - *********References*********
07/22/2022 08:50:44 - INFO - __main__ - ['<mask> was delievered to <mask>.']
07/22/2022 08:50:44 - INFO - __main__ - ****************************
07/22/2022 08:50:50 - INFO - __main__ - ***********Input************
07/22/2022 08:50:50 - INFO - __main__ - i grew up with <mask> in a <mask> .
07/22/2022 08:50:50 - INFO - __main__ - *********Hypothesis*********
07/22/2022 08:50:50 - INFO - __main__ - <mask>, i'm not <mask>.
07/22/2022 08:50:50 - INFO - __main__ - <mask>'s voice was a little too <mask>.
07/22/2022 08:50:50 - INFO - __main__ - <mask> had never been to a <mask>.
07/22/2022 08:50:50 - INFO - __main__ - <mask>, he said, and i am <mask>.
07/22/2022 08:50:50 - INFO - __main__ - <mask> weren't allowed to be <mask>.
07/22/2022 08:50:50 - INFO - __main__ - <mask> are not allowed to be <mask>.
07/22/2022 08:50:50 - INFO - __main__ - <mask>, i'm not in <mask>.
07/22/2022 08:50:50 - INFO - __main__ - <mask>'s voice was a little <mask>.
07/22/2022 08:50:50 - INFO - __main__ - <mask> was a <mask>.
07/22/2022 08:50:50 - INFO - __main__ - <mask> had never been to <mask>.
07/22/2022 08:50:50 - INFO - __main__ - ****************************
07/22/2022 08:50:50 - INFO - __main__ - *********References*********
07/22/2022 08:50:50 - INFO - __main__ - ['<mask> is contained in <mask>.']
07/22/2022 08:50:50 - INFO - __main__ - ****************************
07/22/2022 08:50:54 - INFO - __main__ - ***********Input************
07/22/2022 08:50:54 - INFO - __main__ - the brick is aligned with the <mask> of the repaired <mask> .
07/22/2022 08:50:54 - INFO - __main__ - *********Hypothesis*********
07/22/2022 08:50:54 - INFO - __main__ - <mask>'s main objective was to secure the border with <mask>.
07/22/2022 08:50:54 - INFO - __main__ - <mask> and west: the history of the american <mask>.
07/22/2022 08:50:54 - INFO - __main__ - <mask> is the most common, followed by <mask>.
07/22/2022 08:50:54 - INFO - __main__ - <mask> is a subunit of <mask>.
07/22/2022 08:50:54 - INFO - __main__ - <mask> has been shown to interact with <mask>.
07/22/2022 08:50:54 - INFO - __main__ - <mask> has a more complex structure than <mask>.
07/22/2022 08:50:54 - INFO - __main__ - <mask> and l5 are the most common, followed by l6 and <mask>.
07/22/2022 08:50:54 - INFO - __main__ - <mask> was not as successful as the other <mask>.
07/22/2022 08:50:54 - INFO - __main__ - <mask> is a more popular destination for tourists than <mask>.
07/22/2022 08:50:54 - INFO - __main__ - <mask> has a higher rate of poverty than <mask>.
07/22/2022 08:50:54 - INFO - __main__ - ****************************
07/22/2022 08:50:54 - INFO - __main__ - *********References*********
07/22/2022 08:50:54 - INFO - __main__ - ['<mask> is the component of <mask>.']
07/22/2022 08:50:54 - INFO - __main__ - ****************************
07/22/2022 08:50:59 - INFO - __main__ - ***********Input************
07/22/2022 08:50:59 - INFO - __main__ - a <mask> who prepares baked <mask> as a profession is called a baker .
07/22/2022 08:50:59 - INFO - __main__ - *********Hypothesis*********
07/22/2022 08:50:59 - INFO - __main__ - <mask> people are known to eat a <mask>.
07/22/2022 08:50:59 - INFO - __main__ - <mask> is the main language of the city and the main food is <mask>.
07/22/2022 08:50:59 - INFO - __main__ - <mask> has a very rich tradition of <mask>.
07/22/2022 08:50:59 - INFO - __main__ - <mask> cuisine is known for its <mask>.
07/22/2022 08:50:59 - INFO - __main__ - <mask> cuisine is famous for its <mask>.
07/22/2022 08:50:59 - INFO - __main__ - <mask> cuisine includes many varieties of rice, including <mask>.
07/22/2022 08:50:59 - INFO - __main__ - <mask> restaurants are famous for their <mask>.
07/22/2022 08:50:59 - INFO - __main__ - <mask> food is popularly known as <mask>.
07/22/2022 08:50:59 - INFO - __main__ - <mask> dishes include chicken, beef, lamb, mutton, and <mask>.
07/22/2022 08:50:59 - INFO - __main__ - <mask> cuisine is known for its spicy <mask>.
07/22/2022 08:50:59 - INFO - __main__ - ****************************
07/22/2022 08:50:59 - INFO - __main__ - *********References*********
07/22/2022 08:50:59 - INFO - __main__ - ['<mask> is the producer of <mask>.']
07/22/2022 08:50:59 - INFO - __main__ - ****************************
07/22/2022 08:51:03 - INFO - __main__ - ***********Input************
07/22/2022 08:51:03 - INFO - __main__ - unit direct injection also injects fuel directly into the <mask> of the <mask> .
07/22/2022 08:51:03 - INFO - __main__ - *********Hypothesis*********
07/22/2022 08:51:03 - INFO - __main__ - <mask> is a variant of the <mask>.
07/22/2022 08:51:03 - INFO - __main__ - <mask> is a more powerful version of the <mask>.
07/22/2022 08:51:03 - INFO - __main__ - <mask> has been replaced by a new <mask>.
07/22/2022 08:51:03 - INFO - __main__ - <mask>, v8, and <mask>.
07/22/2022 08:51:03 - INFO - __main__ - <mask> was replaced by a new <mask>.
07/22/2022 08:51:03 - INFO - __main__ - <mask> is a variant of <mask>.
07/22/2022 08:51:03 - INFO - __main__ - <mask> is a more powerful version of <mask>.
07/22/2022 08:51:03 - INFO - __main__ - <mask> has been replaced by a <mask>.
07/22/2022 08:51:03 - INFO - __main__ - <mask> and v8 engines.<mask>.
07/22/2022 08:51:03 - INFO - __main__ - <mask> and v8 engines were replaced by <mask>.
07/22/2022 08:51:03 - INFO - __main__ - ****************************
07/22/2022 08:51:03 - INFO - __main__ - *********References*********
07/22/2022 08:51:03 - INFO - __main__ - ['<mask> is the component of <mask>.']
07/22/2022 08:51:03 - INFO - __main__ - ****************************
07/22/2022 08:51:09 - INFO - __main__ - ***********Input************
07/22/2022 08:51:09 - INFO - __main__ - <mask> start by reading <mask> - called blueprints - that show how electricity flows .
07/22/2022 08:51:09 - INFO - __main__ - *********Hypothesis*********
07/22/2022 08:51:09 - INFO - __main__ - <mask>' union is the largest employer in <mask>.
07/22/2022 08:51:09 - INFO - __main__ - <mask> and the workers: a history of their work and <mask>.
07/22/2022 08:51:09 - INFO - __main__ - <mask>'s books: the history of children's books and their <mask>.
07/22/2022 08:51:09 - INFO - __main__ - <mask>'s books are often published under the title <mask>.
07/22/2022 08:51:09 - INFO - __main__ - <mask>'s and youth's <mask>.
07/22/2022 08:51:09 - INFO - __main__ - <mask> in the world: the development of <mask>.
07/22/2022 08:51:09 - INFO - __main__ - <mask> can be enrolled in the school's <mask>.
07/22/2022 08:51:09 - INFO - __main__ - <mask> are encouraged to participate in the development of their own <mask>.
07/22/2022 08:51:09 - INFO - __main__ - <mask> and their families are not allowed to participate in <mask>.
07/22/2022 08:51:09 - INFO - __main__ - <mask> and the future: a guide to the future's <mask>.
07/22/2022 08:51:09 - INFO - __main__ - ****************************
07/22/2022 08:51:09 - INFO - __main__ - *********References*********
07/22/2022 08:51:09 - INFO - __main__ - ['<mask> is the instrument of <mask>.']
07/22/2022 08:51:09 - INFO - __main__ - ****************************
07/22/2022 08:51:15 - INFO - __main__ - ***********Input************
07/22/2022 08:51:15 - INFO - __main__ - the most common <mask> were about <mask> and recycling .
07/22/2022 08:51:15 - INFO - __main__ - *********Hypothesis*********
07/22/2022 08:51:15 - INFO - __main__ - <mask> were raised about the and <mask>.
07/22/2022 08:51:15 - INFO - __main__ - <mask> on the role of <mask>.
07/22/2022 08:51:15 - INFO - __main__ - <mask> have been raised about the effectiveness of <mask>.
07/22/2022 08:51:15 - INFO - __main__ - <mask> as to the nature of <mask>.
07/22/2022 08:51:15 - INFO - __main__ - <mask> and raised about <mask>.
07/22/2022 08:51:15 - INFO - __main__ - <mask> about the use of <mask>.
07/22/2022 08:51:15 - INFO - __main__ - <mask> to the question of <mask>.
07/22/2022 08:51:15 - INFO - __main__ - <mask> to questions about <mask>.
07/22/2022 08:51:15 - INFO - __main__ - <mask> the questions questions, <mask>.
07/22/2022 08:51:15 - INFO - __main__ - <mask> the people in <mask>.
07/22/2022 08:51:15 - INFO - __main__ - ****************************
07/22/2022 08:51:15 - INFO - __main__ - *********References*********
07/22/2022 08:51:15 - INFO - __main__ - ['the topic of <mask> is <mask>.']
07/22/2022 08:51:15 - INFO - __main__ - ****************************
07/22/2022 08:51:21 - INFO - __main__ - ***********Input************
07/22/2022 08:51:21 - INFO - __main__ - as the <mask> sailed away from the <mask> one of the crew felt increasingly uneasy about some of the signs he observed .
07/22/2022 08:51:21 - INFO - __main__ - *********Hypothesis*********
07/22/2022 08:51:21 - INFO - __main__ - <mask> was the last ship to be built in the <mask>.
07/22/2022 08:51:21 - INFO - __main__ - <mask> was the last ship to be built in <mask>.
07/22/2022 08:51:21 - INFO - __main__ - <mask> was the largest ship ever to be built in the <mask>.
07/22/2022 08:51:21 - INFO - __main__ - <mask> was the largest ship ever to be built in <mask>.
07/22/2022 08:51:21 - INFO - __main__ - <mask> then proceeded to the southern <mask>.
07/22/2022 08:51:21 - INFO - __main__ - <mask> was the largest ship ever to dock in <mask>.
07/22/2022 08:51:21 - INFO - __main__ - <mask> is a major tourist destination in <mask>.
07/22/2022 08:51:21 - INFO - __main__ - <mask> is a major tourist destination in the <mask>.
07/22/2022 08:51:21 - INFO - __main__ - <mask> has been a major contributor to the economy of <mask>.
07/22/2022 08:51:21 - INFO - __main__ - <mask> and other ships were ordered to return to the southern <mask>.
07/22/2022 08:51:21 - INFO - __main__ - ****************************
07/22/2022 08:51:21 - INFO - __main__ - *********References*********
07/22/2022 08:51:21 - INFO - __main__ - ['<mask> is originated from <mask>.']
07/22/2022 08:51:21 - INFO - __main__ - ****************************
07/22/2022 08:51:24 - INFO - __main__ - ***********Input************
07/22/2022 08:51:24 - INFO - __main__ - i 'm importing old document <mask> into the new <mask> .
07/22/2022 08:51:24 - INFO - __main__ - *********Hypothesis*********
07/22/2022 08:51:24 - INFO - __main__ - <mask>'s name was james <mask>.
07/22/2022 08:51:24 - INFO - __main__ - <mask>, you're the oner- <mask>.
07/22/2022 08:51:24 - INFO - __main__ - <mask>'s name was <mask>.
07/22/2022 08:51:24 - INFO - __main__ - <mask> was the only one who could get the information from <mask>.
07/22/2022 08:51:24 - INFO - __main__ - <mask> is a <mask>.
07/22/2022 08:51:24 - INFO - __main__ - <mask> has an official website at <mask>.
07/22/2022 08:51:24 - INFO - __main__ - <mask> had been a good friend of <mask>.
07/22/2022 08:51:24 - INFO - __main__ - <mask> and i are the only people who can see <mask>.
07/22/2022 08:51:24 - INFO - __main__ - ****************************
07/22/2022 08:51:24 - INFO - __main__ - *********References*********
07/22/2022 08:51:24 - INFO - __main__ - ['<mask> was delievered to <mask>.']
07/22/2022 08:51:24 - INFO - __main__ - ****************************
07/22/2022 08:51:29 - INFO - __main__ - ***********Input************
07/22/2022 08:51:29 - INFO - __main__ - he gave two <mask> to each <mask> .
07/22/2022 08:51:29 - INFO - __main__ - *********Hypothesis*********
07/22/2022 08:51:29 - INFO - __main__ - <mask> people are not allowed to speak <mask>.
07/22/2022 08:51:29 - INFO - __main__ - <mask> is a term for <mask>.
07/22/2022 08:51:29 - INFO - __main__ - <mask>, which are often used to teach the faith, are often written by a <mask>.
07/22/2022 08:51:29 - INFO - __main__ - <mask>, and other religious texts, are often used to teach that the person is a <mask>.
07/22/2022 08:51:29 - INFO - __main__ - <mask> have been found in the house, which is <mask>.
07/22/2022 08:51:29 - INFO - __main__ - <mask> are often used as a means of communication between people who are not <mask>.
07/22/2022 08:51:29 - INFO - __main__ - <mask> are not required to be <mask>.
07/22/2022 08:51:29 - INFO - __main__ - <mask> and other religious texts are required to be read by all students <mask>.
07/22/2022 08:51:29 - INFO - __main__ - <mask> and other religious texts are required to be read by all <mask>.
07/22/2022 08:51:29 - INFO - __main__ - <mask> and other religious books were confiscated and the population was forced to become <mask>.
07/22/2022 08:51:29 - INFO - __main__ - ****************************
07/22/2022 08:51:29 - INFO - __main__ - *********References*********
07/22/2022 08:51:29 - INFO - __main__ - ['<mask> was delievered to <mask>.']
07/22/2022 08:51:29 - INFO - __main__ - ****************************
07/22/2022 08:51:34 - INFO - __main__ - ***********Input************
07/22/2022 08:51:34 - INFO - __main__ - the first native tea <mask> were those made in the early thirteenth century by the <mask> to-shiro at his kiln in seto , aichi prefecture .
07/22/2022 08:51:34 - INFO - __main__ - *********Hypothesis*********
07/22/2022 08:51:34 - INFO - __main__ - <mask>, however, was not a part of <mask>.
07/22/2022 08:51:34 - INFO - __main__ - <mask>'s most famous and famous poet was <mask>.
07/22/2022 08:51:34 - INFO - __main__ - <mask> is the only region to have a single <mask>.
07/22/2022 08:51:34 - INFO - __main__ - <mask> is the most popular language in the <mask>.
07/22/2022 08:51:34 - INFO - __main__ - <mask> is the most popular language in <mask>.
07/22/2022 08:51:34 - INFO - __main__ - <mask> has a long history of <mask>.
07/22/2022 08:51:34 - INFO - __main__ - <mask> has a long history of being a <mask>.
07/22/2022 08:51:34 - INFO - __main__ - <mask> dialects are the most common dialects of <mask>.
07/22/2022 08:51:34 - INFO - __main__ - <mask> cuisine is a fusion of traditional and modern <mask>.
07/22/2022 08:51:34 - INFO - __main__ - <mask> is the official language of <mask>.
07/22/2022 08:51:34 - INFO - __main__ - ****************************
07/22/2022 08:51:34 - INFO - __main__ - *********References*********
07/22/2022 08:51:34 - INFO - __main__ - ['<mask> is the producer of <mask>.']
07/22/2022 08:51:34 - INFO - __main__ - ****************************
07/22/2022 08:51:38 - INFO - __main__ - ***********Input************
07/22/2022 08:51:38 - INFO - __main__ - entrepreneur creates a <mask> over 'amber alert ' <mask> .
07/22/2022 08:51:38 - INFO - __main__ - *********Hypothesis*********
07/22/2022 08:51:38 - INFO - __main__ - <mask> services are provided by companies that provide <mask>.
07/22/2022 08:51:38 - INFO - __main__ - <mask> calls are made over a mobile phone using <mask>.
07/22/2022 08:51:38 - INFO - __main__ - <mask> callers can use the phone to call their friends and family over <mask>.
07/22/2022 08:51:38 - INFO - __main__ - <mask> call is a form of <mask>.
07/22/2022 08:51:38 - INFO - __main__ - <mask>-printed models are available for the <mask>.
07/22/2022 08:51:38 - INFO - __main__ - <mask> printing is a technology that is used in the development of <mask>.
07/22/2022 08:51:38 - INFO - __main__ - <mask> printing has been used in the development of <mask>.
07/22/2022 08:51:38 - INFO - __main__ - <mask> models of the game were created using the <mask>.
07/22/2022 08:51:38 - INFO - __main__ - <mask> models of the game were created using the game <mask>.
07/22/2022 08:51:38 - INFO - __main__ - <mask> graphics are used to create the game's <mask>.
07/22/2022 08:51:38 - INFO - __main__ - ****************************
07/22/2022 08:51:38 - INFO - __main__ - *********References*********
07/22/2022 08:51:38 - INFO - __main__ - ['the topic of <mask> is <mask>.']
07/22/2022 08:51:38 - INFO - __main__ - ****************************
07/22/2022 08:51:43 - INFO - __main__ - ***********Input************
07/22/2022 08:51:43 - INFO - __main__ - <mask> support by <mask> has a long tradition in open and distance learning .
07/22/2022 08:51:43 - INFO - __main__ - *********Hypothesis*********
07/22/2022 08:51:43 - INFO - __main__ - <mask> media is a major part of <mask>.
07/22/2022 08:51:43 - INFO - __main__ - <mask> and university digital media are available at <mask>.
07/22/2022 08:51:43 - INFO - __main__ - <mask>: the official website of <mask>.
07/22/2022 08:51:43 - INFO - __main__ - <mask> students are encouraged to participate in <mask>.
07/22/2022 08:51:43 - INFO - __main__ - <mask> courses are offered by <mask>.
07/22/2022 08:51:43 - INFO - __main__ - <mask>-based learning is a term used by <mask>.
07/22/2022 08:51:43 - INFO - __main__ - <mask> resources are available from <mask>.
07/22/2022 08:51:43 - INFO - __main__ - <mask> research is conducted at <mask>.
07/22/2022 08:51:43 - INFO - __main__ - <mask> library of <mask>.
07/22/2022 08:51:43 - INFO - __main__ - <mask> and other digital media are available at <mask>.
07/22/2022 08:51:43 - INFO - __main__ - ****************************
07/22/2022 08:51:43 - INFO - __main__ - *********References*********
07/22/2022 08:51:43 - INFO - __main__ - ['<mask> is the instrument of <mask>.']
07/22/2022 08:51:43 - INFO - __main__ - ****************************
07/22/2022 08:51:48 - INFO - __main__ - ***********Input************
07/22/2022 08:51:48 - INFO - __main__ - hiroshima has rejected the demands of some citizens and victims groups that the newly renovated museum include an exhibition on japan 's `` aggressive role '' in world war ii , alongside the gruesome displays of the <mask> and devastation caused by the <mask> .
07/22/2022 08:51:48 - INFO - __main__ - *********Hypothesis*********
07/22/2022 08:51:48 - INFO - __main__ - <mask>'s name means "the island of the sun" in <mask>.
07/22/2022 08:51:48 - INFO - __main__ - <mask> is the name of the city in <mask>.
07/22/2022 08:51:48 - INFO - __main__ - <mask> is known as, meaning "the city of the sun" in <mask>.
07/22/2022 08:51:48 - INFO - __main__ - <mask> has a number of dialects of <mask>.
07/22/2022 08:51:48 - INFO - __main__ - <mask>: the history of the jews and <mask>.
07/22/2022 08:51:48 - INFO - __main__ - <mask> survivors were often forced to work in factories, and many were killed in <mask>.
07/22/2022 08:51:48 - INFO - __main__ - <mask> denial is a form of denial that is associated with <mask>.
07/22/2022 08:51:48 - INFO - __main__ - <mask>'s father was a <mask>.
07/22/2022 08:51:48 - INFO - __main__ - <mask> is a former member of the band <mask>.
07/22/2022 08:51:48 - INFO - __main__ - <mask> has been a vocal critic of <mask>.
07/22/2022 08:51:48 - INFO - __main__ - ****************************
07/22/2022 08:51:48 - INFO - __main__ - *********References*********
07/22/2022 08:51:48 - INFO - __main__ - ['<mask> causes <mask>.']
07/22/2022 08:51:48 - INFO - __main__ - ****************************
07/22/2022 08:51:53 - INFO - __main__ - ***********Input************
07/22/2022 08:51:53 - INFO - __main__ - the <mask> was in a <mask> on the back of the wagon , and cold as it was , mr. huy waded to the wagon and fed it that night and the next morning .
07/22/2022 08:51:53 - INFO - __main__ - *********Hypothesis*********
07/22/2022 08:51:53 - INFO - __main__ - <mask>, i'm going to get you a <mask>.
07/22/2022 08:51:53 - INFO - __main__ - <mask>'s eyes widened as he looked at <mask>.
07/22/2022 08:51:53 - INFO - __main__ - <mask>'s eyes widened as he looked at the <mask>.
07/22/2022 08:51:53 - INFO - __main__ - <mask>'s eyes narrowed, and he looked at the <mask>.
07/22/2022 08:51:53 - INFO - __main__ - <mask> had been a good friend of the <mask>.
07/22/2022 08:51:53 - INFO - __main__ - <mask> and the others were sitting in a <mask>.
07/22/2022 08:51:53 - INFO - __main__ - <mask>, and a <mask>.
07/22/2022 08:51:53 - INFO - __main__ - <mask> soldiers are in the back of <mask>.
07/22/2022 08:51:53 - INFO - __main__ - <mask> soldier, he said, pointing to a <mask>.
07/22/2022 08:51:53 - INFO - __main__ - <mask> officers in uniform were standing in front of <mask>.
07/22/2022 08:51:53 - INFO - __main__ - ****************************
07/22/2022 08:51:53 - INFO - __main__ - *********References*********
07/22/2022 08:51:53 - INFO - __main__ - ['<mask> is contained in <mask>.']
07/22/2022 08:51:53 - INFO - __main__ - ****************************
07/22/2022 08:51:57 - INFO - __main__ - ***********Input************
07/22/2022 08:51:57 - INFO - __main__ - in ionic conduction charge carriers are affected by the electromagnetic <mask> from the <mask> by being attracted or repelled by the electric field .
07/22/2022 08:51:57 - INFO - __main__ - *********Hypothesis*********
07/22/2022 08:51:57 - INFO - __main__ - <mask>, an energy source, is the source of energy for <mask>.
07/22/2022 08:51:57 - INFO - __main__ - <mask>'s mission is to protect the planet's <mask>.
07/22/2022 08:51:57 - INFO - __main__ - <mask>'s mission is to protect the planet's atmosphere and <mask>.
07/22/2022 08:51:57 - INFO - __main__ - <mask> was originally developed as a way to measure the magnetic field of the <mask>.
07/22/2022 08:51:57 - INFO - __main__ - <mask> was originally developed as a way to measure the magnetic field of <mask>.
07/22/2022 08:51:57 - INFO - __main__ - <mask> was created to provide a more accurate measurement of the magnetic field of a <mask>.
07/22/2022 08:51:57 - INFO - __main__ - <mask> is the only known planet to have a magnetic field that is stronger than that of <mask>.
07/22/2022 08:51:57 - INFO - __main__ - <mask> has been used in the study of the evolution of <mask>.
07/22/2022 08:51:57 - INFO - __main__ - <mask>'s mission is to find and destroy the alien race that has been attacking <mask>.
07/22/2022 08:51:57 - INFO - __main__ - <mask> is a major contributor to the formation of the ozone layer on <mask>.
07/22/2022 08:51:57 - INFO - __main__ - ****************************
07/22/2022 08:51:57 - INFO - __main__ - *********References*********
07/22/2022 08:51:57 - INFO - __main__ - ['<mask> causes <mask>.']
07/22/2022 08:51:57 - INFO - __main__ - ****************************
07/22/2022 08:52:03 - INFO - __main__ - ***********Input************
07/22/2022 08:52:03 - INFO - __main__ - the <mask> are concerned with <mask> of speaking the language .
07/22/2022 08:52:03 - INFO - __main__ - *********Hypothesis*********
07/22/2022 08:52:03 - INFO - __main__ - <mask>: the conquest and <mask>.
07/22/2022 08:52:03 - INFO - __main__ - <mask>: a history of <mask>.
07/22/2022 08:52:03 - INFO - __main__ - <mask>'s economic development: the development of <mask>.
07/22/2022 08:52:03 - INFO - __main__ - <mask> were not allowed to use <mask>.
07/22/2022 08:52:03 - INFO - __main__ - <mask>-speaking people are often referred to as <mask>.
07/22/2022 08:52:03 - INFO - __main__ - <mask>, and the word "france" is used to describe <mask>.
07/22/2022 08:52:03 - INFO - __main__ - <mask> literature, in particular, has been a major influence on the development of <mask>.
07/22/2022 08:52:03 - INFO - __main__ - <mask> is the official language, and the term "french" is used to describe <mask>.
07/22/2022 08:52:03 - INFO - __main__ - <mask> culture has been a source of controversy, with some critics questioning <mask>.
07/22/2022 08:52:03 - INFO - __main__ - <mask> cuisine is a fusion of the various cuisines of <mask>.
07/22/2022 08:52:03 - INFO - __main__ - ****************************
07/22/2022 08:52:03 - INFO - __main__ - *********References*********
07/22/2022 08:52:03 - INFO - __main__ - ['the topic of <mask> is <mask>.']
07/22/2022 08:52:03 - INFO - __main__ - ****************************
07/22/2022 08:52:06 - INFO - __main__ - ***********Input************
07/22/2022 08:52:06 - INFO - __main__ - the bottles have leaked <mask> into the <mask> .
07/22/2022 08:52:06 - INFO - __main__ - *********Hypothesis*********
07/22/2022 08:52:06 - INFO - __main__ - <mask> were born outside of <mask>.
07/22/2022 08:52:06 - INFO - __main__ - <mask> of the population were born outside <mask>.
07/22/2022 08:52:06 - INFO - __main__ - <mask> of the population are resident in <mask>.
07/22/2022 08:52:06 - INFO - __main__ - <mask> of people were born in <mask>.
07/22/2022 08:52:06 - INFO - __main__ - <mask>, the highest percentage of any country in <mask>.
07/22/2022 08:52:06 - INFO - __main__ - <mask> of the population is resident <mask>.
07/22/2022 08:52:06 - INFO - __main__ - <mask> of the population is resident in <mask>.
07/22/2022 08:52:06 - INFO - __main__ - <mask> of the company's products are sold in <mask>.
07/22/2022 08:52:06 - INFO - __main__ - <mask> of its members are from the <mask>.
07/22/2022 08:52:06 - INFO - __main__ - <mask> of all the world's population live in the <mask>.
07/22/2022 08:52:06 - INFO - __main__ - ****************************
07/22/2022 08:52:06 - INFO - __main__ - *********References*********
07/22/2022 08:52:06 - INFO - __main__ - ['<mask> was delievered to <mask>.']
07/22/2022 08:52:06 - INFO - __main__ - ****************************
07/22/2022 08:52:09 - INFO - __main__ - ***********Input************
07/22/2022 08:52:09 - INFO - __main__ - the <mask> is going away from the <mask> , pushing its cars to gain elevation .
07/22/2022 08:52:09 - INFO - __main__ - *********Hypothesis*********
07/22/2022 08:52:09 - INFO - __main__ - <mask>-based companies are not allowed to sell their products to <mask>.
07/22/2022 08:52:09 - INFO - __main__ - <mask>, and the rest of the world, and <mask>.
07/22/2022 08:52:09 - INFO - __main__ - <mask> military personnel are not allowed to use the term <mask>.
07/22/2022 08:52:09 - INFO - __main__ - <mask>, however, was not as successful as <mask>.
07/22/2022 08:52:09 - INFO - __main__ - <mask> was the only class to be run in <mask>.
07/22/2022 08:52:09 - INFO - __main__ - <mask> is an open wheel racing series based on the <mask>.
07/22/2022 08:52:09 - INFO - __main__ - <mask> is a racing series based on <mask>.
07/22/2022 08:52:09 - INFO - __main__ - <mask> has been a major influence on <mask>.
07/22/2022 08:52:09 - INFO - __main__ - <mask> cars were not allowed to use the same engines as <mask>.
07/22/2022 08:52:09 - INFO - __main__ - <mask> cars are often used in conjunction with <mask>.
07/22/2022 08:52:09 - INFO - __main__ - ****************************
07/22/2022 08:52:09 - INFO - __main__ - *********References*********
07/22/2022 08:52:09 - INFO - __main__ - ['<mask> is originated from <mask>.']
07/22/2022 08:52:09 - INFO - __main__ - ****************************
07/22/2022 08:52:12 - INFO - __main__ - ***********Input************
07/22/2022 08:52:12 - INFO - __main__ - they chose a <mask> that oven bakes the paint in a down draft paint <mask> .
07/22/2022 08:52:12 - INFO - __main__ - *********Hypothesis*********
07/22/2022 08:52:12 - INFO - __main__ - <mask>, which is a polymer, is a more expensive alternative to <mask>.
07/22/2022 08:52:12 - INFO - __main__ - <mask> was used to make <mask>.
07/22/2022 08:52:12 - INFO - __main__ - <mask> is the most common material used in the production of <mask>.
07/22/2022 08:52:12 - INFO - __main__ - <mask> is the most common material used in <mask>.
07/22/2022 08:52:12 - INFO - __main__ - <mask> is a synthetic polymer that is a polymerization of <mask>.
07/22/2022 08:52:12 - INFO - __main__ - <mask> has been used in the manufacture of <mask>.
07/22/2022 08:52:12 - INFO - __main__ - <mask>, pva, and <mask>.
07/22/2022 08:52:12 - INFO - __main__ - <mask> is the most common form of <mask>.
07/22/2022 08:52:12 - INFO - __main__ - <mask> is a variant of <mask>.
07/22/2022 08:52:12 - INFO - __main__ - <mask> has been used in the manufacture of poly-<mask>.
07/22/2022 08:52:12 - INFO - __main__ - ****************************
07/22/2022 08:52:12 - INFO - __main__ - *********References*********
07/22/2022 08:52:12 - INFO - __main__ - ['<mask> is the instrument of <mask>.']
07/22/2022 08:52:12 - INFO - __main__ - ****************************
07/22/2022 08:52:17 - INFO - __main__ - ***********Input************
07/22/2022 08:52:17 - INFO - __main__ - the <mask> carefully chose <mask> to be used in a nihilistic approach to style .
07/22/2022 08:52:17 - INFO - __main__ - *********Hypothesis*********
07/22/2022 08:52:17 - INFO - __main__ - <mask>, however, did not believe in <mask>.
07/22/2022 08:52:17 - INFO - __main__ - <mask>, however, did not believe in the existence of <mask>.
07/22/2022 08:52:17 - INFO - __main__ - <mask> were not only interested in <mask>.
07/22/2022 08:52:17 - INFO - __main__ - <mask> were not only interested in the jews, but <mask>.
07/22/2022 08:52:17 - INFO - __main__ - <mask> were known to have a strong belief in <mask>.
07/22/2022 08:52:17 - INFO - __main__ - <mask> viewed the jews as heretics and enemies of <mask>.
07/22/2022 08:52:17 - INFO - __main__ - <mask> used this as a pretext to attack <mask>.
07/22/2022 08:52:17 - INFO - __main__ - <mask> and the jews were not allowed to read <mask>.
07/22/2022 08:52:17 - INFO - __main__ - <mask> and other jews were not allowed to read or study <mask>.
07/22/2022 08:52:17 - INFO - __main__ - <mask>-style architecture was influenced by <mask>.
07/22/2022 08:52:17 - INFO - __main__ - ****************************
07/22/2022 08:52:17 - INFO - __main__ - *********References*********
07/22/2022 08:52:17 - INFO - __main__ - ['<mask> is the instrument of <mask>.']
07/22/2022 08:52:17 - INFO - __main__ - ****************************
07/22/2022 08:52:21 - INFO - __main__ - ***********Input************
07/22/2022 08:52:21 - INFO - __main__ - the cost of <mask> delivered in a vessel <mask> is always high .
07/22/2022 08:52:21 - INFO - __main__ - *********Hypothesis*********
07/22/2022 08:52:21 - INFO - __main__ - <mask> is the most common fuel in the <mask>.
07/22/2022 08:52:21 - INFO - __main__ - <mask> is being transported by rail and <mask>.
07/22/2022 08:52:21 - INFO - __main__ - <mask> has been used to power the <mask>.
07/22/2022 08:52:21 - INFO - __main__ - <mask> and condensate are the main products of <mask>.
07/22/2022 08:52:21 - INFO - __main__ - <mask> is the most common fuel in <mask>.
07/22/2022 08:52:21 - INFO - __main__ - <mask> is being transported by <mask>.
07/22/2022 08:52:21 - INFO - __main__ - <mask> is a major source of income for <mask>.
07/22/2022 08:52:21 - INFO - __main__ - <mask> is a major source of <mask>.
07/22/2022 08:52:21 - INFO - __main__ - <mask> has been used to power <mask>.
07/22/2022 08:52:21 - INFO - __main__ - <mask> is a variant of the <mask>.
07/22/2022 08:52:21 - INFO - __main__ - ****************************
07/22/2022 08:52:21 - INFO - __main__ - *********References*********
07/22/2022 08:52:21 - INFO - __main__ - ['<mask> is contained in <mask>.']
07/22/2022 08:52:21 - INFO - __main__ - ****************************
07/22/2022 08:52:25 - INFO - __main__ - ***********Input************
07/22/2022 08:52:25 - INFO - __main__ - the <mask> was full of furry orange-and-black <mask> -- kittens .
07/22/2022 08:52:25 - INFO - __main__ - *********Hypothesis*********
07/22/2022 08:52:25 - INFO - __main__ - <mask>-trained dogs are often used in the <mask>.
07/22/2022 08:52:25 - INFO - __main__ - <mask>, who was a <mask>.
07/22/2022 08:52:25 - INFO - __main__ - <mask> was a member of the family <mask>.
07/22/2022 08:52:25 - INFO - __main__ - <mask> was a member of the family of <mask>.
07/22/2022 08:52:25 - INFO - __main__ - <mask> of the dog is a series of books about the <mask>.
07/22/2022 08:52:25 - INFO - __main__ - <mask> is a <mask>.
07/22/2022 08:52:25 - INFO - __main__ - <mask> dogs have been shown to be more aggressive than <mask>.
07/22/2022 08:52:25 - INFO - __main__ - <mask> cats are the most common type of <mask>.
07/22/2022 08:52:25 - INFO - __main__ - <mask> cats are often used as pets, such as <mask>.
07/22/2022 08:52:25 - INFO - __main__ - <mask> and family members were not allowed to see <mask>.
07/22/2022 08:52:25 - INFO - __main__ - ****************************
07/22/2022 08:52:25 - INFO - __main__ - *********References*********
07/22/2022 08:52:25 - INFO - __main__ - ['<mask> is contained in <mask>.']
07/22/2022 08:52:25 - INFO - __main__ - ****************************
07/22/2022 08:52:25 - INFO - __main__ - Task: semeval
07/22/2022 08:52:25 - INFO - __main__ - bleu-4: 1.2509643855732512e-79
07/22/2022 08:52:25 - INFO - __main__ - bleu-3: 0.007465611470187958
07/22/2022 08:52:25 - INFO - __main__ - bleu-2: 0.06924898280802465
07/22/2022 08:52:25 - INFO - __main__ - bleu-1: 0.31252561031221693
07/22/2022 08:52:25 - INFO - __main__ - METEOR: 0.28039889423865705
07/22/2022 08:52:25 - INFO - __main__ - ROUGE-L: 0.3969082055575863
07/22/2022 08:52:25 - INFO - __main__ - entailment score(mean-mean): 0.12489921669967353
07/22/2022 08:52:25 - INFO - __main__ - entailment score(mean-max): 0.4834879669257336
07/22/2022 08:52:25 - INFO - __main__ - entailment score(mean-min): 0.0033358416099670447
07/22/2022 08:52:25 - INFO - __main__ - self-BLEU-2: 0.8821000808768018
07/22/2022 08:52:25 - INFO - __main__ - avg: 0.17775788406444548
07/22/2022 08:52:25 - INFO - __main__ - *******************************************************
07/22/2022 08:52:25 - INFO - __main__ - *******************************************************
07/22/2022 08:52:25 - INFO - __main__ - *******************************************************
