07/23/2022 06:23:38 - INFO - __main__ - **************** MODEL CONFIGURATION ****************
07/23/2022 06:23:38 - INFO - __main__ - bart_training             -->   True
07/23/2022 06:23:38 - INFO - __main__ - device                    -->   6
07/23/2022 06:23:38 - INFO - __main__ - dpp                       -->   True
07/23/2022 06:23:38 - INFO - __main__ - group_beam                -->   True
07/23/2022 06:23:38 - INFO - __main__ - if_then                   -->   False
07/23/2022 06:23:38 - INFO - __main__ - inductor                  -->   rule
07/23/2022 06:23:38 - INFO - __main__ - log_dir                   -->   logs_new_new_new/
07/23/2022 06:23:38 - INFO - __main__ - log_name                  -->   semeval-k*k+gs+dpp
07/23/2022 06:23:38 - INFO - __main__ - mcgs                      -->   True
07/23/2022 06:23:38 - INFO - __main__ - mlm_training              -->   True
07/23/2022 06:23:38 - INFO - __main__ - task                      -->   semeval
07/23/2022 06:23:38 - INFO - __main__ - **************** MODEL CONFIGURATION ****************
07/23/2022 06:24:59 - INFO - __main__ - ***********Input************
07/23/2022 06:24:59 - INFO - __main__ - much of the <mask> evaporated from the <mask> without ever reaching the ground .
07/23/2022 06:24:59 - INFO - __main__ - *********Hypothesis*********
07/23/2022 06:24:59 - INFO - __main__ - <mask>'s orbit is approximately the same as that of <mask>.
07/23/2022 06:24:59 - INFO - __main__ - <mask> is a small planet orbiting the star <mask>.
07/23/2022 06:24:59 - INFO - __main__ - <mask> has been a major influence on the development of the <mask>.
07/23/2022 06:24:59 - INFO - __main__ - <mask>'s father is a former professional footballer who played for <mask>.
07/23/2022 06:24:59 - INFO - __main__ - <mask> is the only known living member of the genus <mask>.
07/23/2022 06:24:59 - INFO - __main__ - <mask> was a supercontinent that covered the entire <mask>.
07/23/2022 06:24:59 - INFO - __main__ - <mask>'s orbit is approximately the same as that of the <mask>.
07/23/2022 06:24:59 - INFO - __main__ - <mask> is the only planet that is not a <mask>.
07/23/2022 06:24:59 - INFO - __main__ - <mask> is a small planet orbiting the <mask>.
07/23/2022 06:24:59 - INFO - __main__ - <mask> has been a major influence on the development of <mask>.
07/23/2022 06:24:59 - INFO - __main__ - ****************************
07/23/2022 06:24:59 - INFO - __main__ - *********References*********
07/23/2022 06:24:59 - INFO - __main__ - ['<mask> is originated from <mask>.']
07/23/2022 06:24:59 - INFO - __main__ - ****************************
07/23/2022 06:25:06 - INFO - __main__ - ***********Input************
07/23/2022 06:25:06 - INFO - __main__ - dolf oehler , a leader in the leftist <mask> of heine <mask> since the 1970s , gathered a group of likeminded critics for this symposium .
07/23/2022 06:25:06 - INFO - __main__ - *********Hypothesis*********
07/23/2022 06:25:06 - INFO - __main__ - <mask>: a history of the church- of <mask>.
07/23/2022 06:25:06 - INFO - __main__ - <mask> was a period of great change in <mask>.
07/23/2022 06:25:06 - INFO - __main__ - <mask> was a major factor in the decline of <mask>.
07/23/2022 06:25:06 - INFO - __main__ - <mask> theology was a major influence on <mask>.
07/23/2022 06:25:06 - INFO - __main__ - <mask> and the reformation: the history of <mask>.
07/23/2022 06:25:06 - INFO - __main__ - <mask>: a history of the <mask>.
07/23/2022 06:25:06 - INFO - __main__ - <mask>: a history of the german school of <mask>.
07/23/2022 06:25:06 - INFO - __main__ - <mask>, a movement that was founded in <mask>.
07/23/2022 06:25:06 - INFO - __main__ - <mask> of the reformation: <mask>.
07/23/2022 06:25:06 - INFO - __main__ - <mask> in the age of <mask>.
07/23/2022 06:25:06 - INFO - __main__ - ****************************
07/23/2022 06:25:06 - INFO - __main__ - *********References*********
07/23/2022 06:25:06 - INFO - __main__ - ['<mask> is the collection of <mask>.']
07/23/2022 06:25:06 - INFO - __main__ - ****************************
07/23/2022 06:25:11 - INFO - __main__ - ***********Input************
07/23/2022 06:25:11 - INFO - __main__ - the cornish pirates have signed a <mask> to tackle <mask> as part of their commitment to save energy and reduce their environmental footprint .
07/23/2022 06:25:11 - INFO - __main__ - *********Hypothesis*********
07/23/2022 06:25:11 - INFO - __main__ - <mask>, which is a form of <mask>.
07/23/2022 06:25:11 - INFO - __main__ - <mask>'s research focuses on the effects of <mask>.
07/23/2022 06:25:11 - INFO - __main__ - <mask> was a major contributor to the development of <mask>.
07/23/2022 06:25:11 - INFO - __main__ - <mask> to the <mask>.
07/23/2022 06:25:11 - INFO - __main__ - <mask> to the future: <mask>.
07/23/2022 06:25:11 - INFO - __main__ - <mask> to the future: a new approach to <mask>.
07/23/2022 06:25:11 - INFO - __main__ - <mask> to the future: a new approach to climate change <mask>.
07/23/2022 06:25:11 - INFO - __main__ - <mask> is a peer-reviewed scientific journal covering the field of <mask>.
07/23/2022 06:25:11 - INFO - __main__ - <mask> has been a major contributor to the development of <mask>.
07/23/2022 06:25:11 - INFO - __main__ - <mask> for the development of a new method of measuring <mask>.
07/23/2022 06:25:11 - INFO - __main__ - ****************************
07/23/2022 06:25:11 - INFO - __main__ - *********References*********
07/23/2022 06:25:11 - INFO - __main__ - ['the topic of <mask> is <mask>.']
07/23/2022 06:25:11 - INFO - __main__ - ****************************
07/23/2022 06:25:15 - INFO - __main__ - ***********Input************
07/23/2022 06:25:15 - INFO - __main__ - the <mask> of the <mask> is lined with more than 3 cm thick castable refractory material .
07/23/2022 06:25:15 - INFO - __main__ - *********Hypothesis*********
07/23/2022 06:25:15 - INFO - __main__ - <mask> of the <mask>.
07/23/2022 06:25:15 - INFO - __main__ - <mask> has been the subject of several films, including <mask>.
07/23/2022 06:25:15 - INFO - __main__ - <mask>: the main entrance to the building is from the south, facing <mask>.
07/23/2022 06:25:15 - INFO - __main__ - <mask>-facing windows are similar to those in the original <mask>.
07/23/2022 06:25:15 - INFO - __main__ - <mask> is a small village with a small <mask>.
07/23/2022 06:25:15 - INFO - __main__ - <mask> and rear of the building is a large <mask>.
07/23/2022 06:25:15 - INFO - __main__ - <mask> and back, the front of the building is crowned by a <mask>.
07/23/2022 06:25:15 - INFO - __main__ - <mask>, which is located on the north side of <mask>.
07/23/2022 06:25:15 - INFO - __main__ - <mask> was originally a part of <mask>.
07/23/2022 06:25:15 - INFO - __main__ - <mask> of the north <mask>.
07/23/2022 06:25:15 - INFO - __main__ - ****************************
07/23/2022 06:25:15 - INFO - __main__ - *********References*********
07/23/2022 06:25:15 - INFO - __main__ - ['<mask> is the component of <mask>.']
07/23/2022 06:25:15 - INFO - __main__ - ****************************
07/23/2022 06:25:20 - INFO - __main__ - ***********Input************
07/23/2022 06:25:20 - INFO - __main__ - the <mask> , made up of one or more <mask> , encloses an ovary that contains the ovules , or potential seeds .
07/23/2022 06:25:20 - INFO - __main__ - *********Hypothesis*********
07/23/2022 06:25:20 - INFO - __main__ - <mask>-manifolds are a special case of <mask>.
07/23/2022 06:25:20 - INFO - __main__ - <mask> is the set of all points in <mask>.
07/23/2022 06:25:20 - INFO - __main__ - <mask> is a genus of <mask>.
07/23/2022 06:25:20 - INFO - __main__ - <mask>'s work is often cited as a source of inspiration for the creation of <mask>.
07/23/2022 06:25:20 - INFO - __main__ - <mask> is a genus of bacteria, containing the single species <mask>.
07/23/2022 06:25:20 - INFO - __main__ - <mask> cells have been shown to interact with other <mask>.
07/23/2022 06:25:20 - INFO - __main__ - <mask> cells are the most common type of <mask>.
07/23/2022 06:25:20 - INFO - __main__ - <mask> cells are a type of cell that is a subset of <mask>.
07/23/2022 06:25:20 - INFO - __main__ - <mask> gland cells, <mask>.
07/23/2022 06:25:20 - INFO - __main__ - <mask> cell carcinoma is a rare genetic disorder that affects the cells of the female <mask>.
07/23/2022 06:25:20 - INFO - __main__ - ****************************
07/23/2022 06:25:20 - INFO - __main__ - *********References*********
07/23/2022 06:25:20 - INFO - __main__ - ['<mask> is the component of <mask>.']
07/23/2022 06:25:20 - INFO - __main__ - ****************************
07/23/2022 06:25:25 - INFO - __main__ - ***********Input************
07/23/2022 06:25:25 - INFO - __main__ - <mask> appear by <mask> when circumstances prevent their appearance in person .
07/23/2022 06:25:25 - INFO - __main__ - *********Hypothesis*********
07/23/2022 06:25:25 - INFO - __main__ - <mask> were created by <mask>.
07/23/2022 06:25:25 - INFO - __main__ - <mask> have been featured in the series, <mask>.
07/23/2022 06:25:25 - INFO - __main__ - <mask> have been featured in the series <mask>.
07/23/2022 06:25:25 - INFO - __main__ - <mask> are the main characters of the <mask>.
07/23/2022 06:25:25 - INFO - __main__ - <mask> are the main characters of <mask>.
07/23/2022 06:25:25 - INFO - __main__ - <mask> are a recurring theme in <mask>.
07/23/2022 06:25:25 - INFO - __main__ - <mask> and villains are the main characters of <mask>.
07/23/2022 06:25:25 - INFO - __main__ - <mask> is a social networking website that allows users to chat with each other via <mask>.
07/23/2022 06:25:25 - INFO - __main__ - <mask> is a series of video games that are played on <mask>.
07/23/2022 06:25:25 - INFO - __main__ - <mask> has been featured in a number of video games, including <mask>.
07/23/2022 06:25:25 - INFO - __main__ - ****************************
07/23/2022 06:25:25 - INFO - __main__ - *********References*********
07/23/2022 06:25:25 - INFO - __main__ - ['<mask> is the instrument of <mask>.']
07/23/2022 06:25:25 - INFO - __main__ - ****************************
07/23/2022 06:25:29 - INFO - __main__ - ***********Input************
07/23/2022 06:25:29 - INFO - __main__ - most of the <mask> has been about the <mask> he used .
07/23/2022 06:25:29 - INFO - __main__ - *********Hypothesis*********
07/23/2022 06:25:29 - INFO - __main__ - <mask>'s name is a play on the word <mask>.
07/23/2022 06:25:29 - INFO - __main__ - <mask> and the bibliography <mask>.
07/23/2022 06:25:29 - INFO - __main__ - <mask>: the history of the <mask>.
07/23/2022 06:25:29 - INFO - __main__ - <mask>: a guide to the literature of the <mask>.
07/23/2022 06:25:29 - INFO - __main__ - <mask>, and the use of the <mask>.
07/23/2022 06:25:29 - INFO - __main__ - <mask>, and the use of <mask>.
07/23/2022 06:25:29 - INFO - __main__ - <mask>, and the <mask>.
07/23/2022 06:25:29 - INFO - __main__ - <mask> is the most important source for the <mask>.
07/23/2022 06:25:29 - INFO - __main__ - <mask> is a collection of books, including a <mask>.
07/23/2022 06:25:29 - INFO - __main__ - <mask> and the <mask>.
07/23/2022 06:25:29 - INFO - __main__ - ****************************
07/23/2022 06:25:29 - INFO - __main__ - *********References*********
07/23/2022 06:25:29 - INFO - __main__ - ['the topic of <mask> is <mask>.']
07/23/2022 06:25:29 - INFO - __main__ - ****************************
07/23/2022 06:25:34 - INFO - __main__ - ***********Input************
07/23/2022 06:25:34 - INFO - __main__ - a <mask> of pygmy <mask> is now a critical economic mainstay , even as generations of migrants develop innovative tourism products and create new export markets .
07/23/2022 06:25:34 - INFO - __main__ - *********Hypothesis*********
07/23/2022 06:25:34 - INFO - __main__ - <mask>: the great lakes, <mask>.
07/23/2022 06:25:34 - INFO - __main__ - <mask> for the protection of the ancient <mask>.
07/23/2022 06:25:34 - INFO - __main__ - <mask>, which is a place of refuge for <mask>.
07/23/2022 06:25:34 - INFO - __main__ - <mask> was named after the local <mask>.
07/23/2022 06:25:34 - INFO - __main__ - <mask> is a popular destination for tourists and <mask>.
07/23/2022 06:25:34 - INFO - __main__ - <mask> is a place of refuge for the local <mask>.
07/23/2022 06:25:34 - INFO - __main__ - <mask> has been a major source of income for the local <mask>.
07/23/2022 06:25:34 - INFO - __main__ - <mask>-based organizations are the most common form of social organization among <mask>.
07/23/2022 06:25:34 - INFO - __main__ - <mask> members are often referred to as <mask>.
07/23/2022 06:25:34 - INFO - __main__ - <mask> leaders have been criticized for their lack of support for <mask>.
07/23/2022 06:25:34 - INFO - __main__ - ****************************
07/23/2022 06:25:34 - INFO - __main__ - *********References*********
07/23/2022 06:25:34 - INFO - __main__ - ['<mask> is the collection of <mask>.']
07/23/2022 06:25:34 - INFO - __main__ - ****************************
07/23/2022 06:25:39 - INFO - __main__ - ***********Input************
07/23/2022 06:25:39 - INFO - __main__ - a human <mask> was found in a <mask> of menudo soup .
07/23/2022 06:25:39 - INFO - __main__ - *********Hypothesis*********
07/23/2022 06:25:39 - INFO - __main__ - <mask>, a man who is <mask>.
07/23/2022 06:25:39 - INFO - __main__ - <mask>'s father was a white man, and his mother was <mask>.
07/23/2022 06:25:39 - INFO - __main__ - <mask> was the only one who was <mask>.
07/23/2022 06:25:39 - INFO - __main__ - <mask>: a new <mask>.
07/23/2022 06:25:39 - INFO - __main__ - <mask>, the only known species of <mask>.
07/23/2022 06:25:39 - INFO - __main__ - <mask>, the only known <mask>.
07/23/2022 06:25:39 - INFO - __main__ - <mask> melanogaster is a species of <mask>.
07/23/2022 06:25:39 - INFO - __main__ - <mask> is a genus of <mask>.
07/23/2022 06:25:39 - INFO - __main__ - <mask> has been used to study the evolution of the human <mask>.
07/23/2022 06:25:39 - INFO - __main__ - <mask> and other species are known to have been introduced to <mask>.
07/23/2022 06:25:39 - INFO - __main__ - ****************************
07/23/2022 06:25:39 - INFO - __main__ - *********References*********
07/23/2022 06:25:39 - INFO - __main__ - ['<mask> is contained in <mask>.']
07/23/2022 06:25:39 - INFO - __main__ - ****************************
07/23/2022 06:25:44 - INFO - __main__ - ***********Input************
07/23/2022 06:25:44 - INFO - __main__ - skype , a free software , allows a <mask> of multiple computer <mask> to join in an online conference call without incurring any telephone costs .
07/23/2022 06:25:44 - INFO - __main__ - *********Hypothesis*********
07/23/2022 06:25:44 - INFO - __main__ - <mask>, and the user can be assigned to any of the <mask>.
07/23/2022 06:25:44 - INFO - __main__ - <mask>'s ip is a reference to the user's <mask>.
07/23/2022 06:25:44 - INFO - __main__ - <mask> is a term used to refer to the number of <mask>.
07/23/2022 06:25:44 - INFO - __main__ - <mask> has to be able to access the internet and to access <mask>.
07/23/2022 06:25:44 - INFO - __main__ - <mask>: this is a group of <mask>.
07/23/2022 06:25:44 - INFO - __main__ - <mask> is the name given to the group of <mask>.
07/23/2022 06:25:44 - INFO - __main__ - <mask> (ug) is a group of <mask>.
07/23/2022 06:25:44 - INFO - __main__ - <mask> and server-side <mask>.
07/23/2022 06:25:44 - INFO - __main__ - <mask>s are often used to connect to other <mask>.
07/23/2022 06:25:44 - INFO - __main__ - <mask>-based networks are often referred to as "virtual <mask>.
07/23/2022 06:25:44 - INFO - __main__ - ****************************
07/23/2022 06:25:44 - INFO - __main__ - *********References*********
07/23/2022 06:25:44 - INFO - __main__ - ['<mask> is the collection of <mask>.']
07/23/2022 06:25:44 - INFO - __main__ - ****************************
07/23/2022 06:25:49 - INFO - __main__ - ***********Input************
07/23/2022 06:25:49 - INFO - __main__ - two of the <mask> resulted in fatal co <mask> ( cohb levels of 55 % and 49 % ) .
07/23/2022 06:25:49 - INFO - __main__ - *********Hypothesis*********
07/23/2022 06:25:49 - INFO - __main__ - <mask>, which are the most common type of <mask>.
07/23/2022 06:25:49 - INFO - __main__ - <mask> may be associated with a higher risk of developing <mask>.
07/23/2022 06:25:49 - INFO - __main__ - <mask> have been shown to interact with <mask>.
07/23/2022 06:25:49 - INFO - __main__ - <mask> can be used to determine the presence of <mask>.
07/23/2022 06:25:49 - INFO - __main__ - <mask> are the most common type of <mask>.
07/23/2022 06:25:49 - INFO - __main__ - <mask> are the most common cause of <mask>.
07/23/2022 06:25:49 - INFO - __main__ - <mask> are a major component of <mask>.
07/23/2022 06:25:49 - INFO - __main__ - <mask> is the most common cause of <mask>.
07/23/2022 06:25:49 - INFO - __main__ - <mask> is a major cause of <mask>.
07/23/2022 06:25:49 - INFO - __main__ - <mask> has been shown to interact with <mask>.
07/23/2022 06:25:49 - INFO - __main__ - ****************************
07/23/2022 06:25:49 - INFO - __main__ - *********References*********
07/23/2022 06:25:49 - INFO - __main__ - ['<mask> causes <mask>.']
07/23/2022 06:25:49 - INFO - __main__ - ****************************
07/23/2022 06:25:54 - INFO - __main__ - ***********Input************
07/23/2022 06:25:54 - INFO - __main__ - both her and her <mask> of pampered beverly hills <mask> learn valuable lessons in character , courage , and friendship with a super happy ending .
07/23/2022 06:25:54 - INFO - __main__ - *********Hypothesis*********
07/23/2022 06:25:54 - INFO - __main__ - <mask>, who was a member of the band <mask>.
07/23/2022 06:25:54 - INFO - __main__ - <mask> is an old friend of <mask>.
07/23/2022 06:25:54 - INFO - __main__ - <mask> is a member of the band <mask>.
07/23/2022 06:25:54 - INFO - __main__ - <mask> has been a long-time supporter of <mask>.
07/23/2022 06:25:54 - INFO - __main__ - <mask> and the other members of the group are all <mask>.
07/23/2022 06:25:54 - INFO - __main__ - <mask>, who was a member of the band, <mask>.
07/23/2022 06:25:54 - INFO - __main__ - <mask> is a member of the band, <mask>.
07/23/2022 06:25:54 - INFO - __main__ - <mask> has been a long-time supporter of the <mask>.
07/23/2022 06:25:54 - INFO - __main__ - <mask> and the other members of the group are <mask>.
07/23/2022 06:25:54 - INFO - __main__ - <mask> and his wife were both killed by <mask>.
07/23/2022 06:25:54 - INFO - __main__ - ****************************
07/23/2022 06:25:54 - INFO - __main__ - *********References*********
07/23/2022 06:25:54 - INFO - __main__ - ['<mask> is the collection of <mask>.']
07/23/2022 06:25:54 - INFO - __main__ - ****************************
07/23/2022 06:25:58 - INFO - __main__ - ***********Input************
07/23/2022 06:25:58 - INFO - __main__ - yet this signing <mask> issued by the <mask> yesterday is the clearest signal yet that the administration wants to hold this option in reserve .
07/23/2022 06:25:58 - INFO - __main__ - *********Hypothesis*********
07/23/2022 06:25:58 - INFO - __main__ - <mask> was restored and the building was renamed <mask>.
07/23/2022 06:25:58 - INFO - __main__ - <mask> of the rising sun: <mask>.
07/23/2022 06:25:58 - INFO - __main__ - <mask> is a member of the board of directors of <mask>.
07/23/2022 06:25:58 - INFO - __main__ - <mask> to secretary of the <mask>.
07/23/2022 06:25:58 - INFO - __main__ - <mask> on the establishment of a <mask>.
07/23/2022 06:25:58 - INFO - __main__ - <mask> on the establishment of a new <mask>.
07/23/2022 06:25:58 - INFO - __main__ - <mask> on the creation of the new <mask>.
07/23/2022 06:25:58 - INFO - __main__ - <mask> signed with <mask>.
07/23/2022 06:25:58 - INFO - __main__ - <mask> of the secretary of <mask>.
07/23/2022 06:25:58 - INFO - __main__ - <mask> of the secretary of the <mask>.
07/23/2022 06:25:58 - INFO - __main__ - ****************************
07/23/2022 06:25:58 - INFO - __main__ - *********References*********
07/23/2022 06:25:58 - INFO - __main__ - ['<mask> is the producer of <mask>.']
07/23/2022 06:25:58 - INFO - __main__ - ****************************
07/23/2022 06:26:02 - INFO - __main__ - ***********Input************
07/23/2022 06:26:02 - INFO - __main__ - the recent <mask> has been caused by the environmentally-induced <mask> of fish catches from the black sea .
07/23/2022 06:26:02 - INFO - __main__ - *********Hypothesis*********
07/23/2022 06:26:02 - INFO - __main__ - <mask> was a major factor in the decline of <mask>.
07/23/2022 06:26:02 - INFO - __main__ - <mask> is the most common cause of <mask>.
07/23/2022 06:26:02 - INFO - __main__ - <mask> is an example of a global phenomenon that is <mask>.
07/23/2022 06:26:02 - INFO - __main__ - <mask> has been shown to have a significant effect on the rate of <mask>.
07/23/2022 06:26:02 - INFO - __main__ - <mask>: the total number of casualties in the war was <mask>.
07/23/2022 06:26:02 - INFO - __main__ - <mask>: the population of the city was reduced by <mask>.
07/23/2022 06:26:02 - INFO - __main__ - <mask>: the number of casualties in the war was <mask>.
07/23/2022 06:26:02 - INFO - __main__ - <mask>, the country's economy was devastated and unemployment reached <mask>.
07/23/2022 06:26:02 - INFO - __main__ - <mask> was a major factor in <mask>.
07/23/2022 06:26:02 - INFO - __main__ - <mask> has been shown to have a significant effect on <mask>.
07/23/2022 06:26:02 - INFO - __main__ - ****************************
07/23/2022 06:26:02 - INFO - __main__ - *********References*********
07/23/2022 06:26:02 - INFO - __main__ - ['<mask> causes <mask>.']
07/23/2022 06:26:02 - INFO - __main__ - ****************************
07/23/2022 06:26:07 - INFO - __main__ - ***********Input************
07/23/2022 06:26:07 - INFO - __main__ - <mask> consisted of <mask> , dragoons and chevauxlegers .
07/23/2022 06:26:07 - INFO - __main__ - *********Hypothesis*********
07/23/2022 06:26:07 - INFO - __main__ - <mask>, royal regiment <mask>.
07/23/2022 06:26:07 - INFO - __main__ - <mask>, which was in <mask>.
07/23/2022 06:26:07 - INFO - __main__ - <mask> was under the command of a lieutenant general <mask>.
07/23/2022 06:26:07 - INFO - __main__ - <mask> was under the command of a <mask>.
07/23/2022 06:26:07 - INFO - __main__ - <mask> was to be the only brigade to be entirely <mask>.
07/23/2022 06:26:07 - INFO - __main__ - <mask> was in <mask>.
07/23/2022 06:26:07 - INFO - __main__ - <mask> was a <mask>.
07/23/2022 06:26:07 - INFO - __main__ - <mask> was a battalion of <mask>.
07/23/2022 06:26:07 - INFO - __main__ - <mask> is a unit of the <mask>.
07/23/2022 06:26:07 - INFO - __main__ - <mask> (royal scots) was a <mask>.
07/23/2022 06:26:07 - INFO - __main__ - ****************************
07/23/2022 06:26:07 - INFO - __main__ - *********References*********
07/23/2022 06:26:07 - INFO - __main__ - ['<mask> is the collection of <mask>.']
07/23/2022 06:26:07 - INFO - __main__ - ****************************
07/23/2022 06:26:13 - INFO - __main__ - ***********Input************
07/23/2022 06:26:13 - INFO - __main__ - there is a rubbery silicone <mask> , created by an american <mask> for a whispered 5,000 , pounds for exploring 3d visualisation and ways of removing tremor .
07/23/2022 06:26:13 - INFO - __main__ - *********Hypothesis*********
07/23/2022 06:26:13 - INFO - __main__ - <mask> is a very good <mask>.
07/23/2022 06:26:13 - INFO - __main__ - <mask>: the doctor is a young <mask>.
07/23/2022 06:26:13 - INFO - __main__ - <mask>, the aardis 5, 000, <mask>.
07/23/2022 06:26:13 - INFO - __main__ - <mask> is a very popular and popular game in the world of <mask>.
07/23/2022 06:26:13 - INFO - __main__ - <mask> is a new technology that the new <mask>.
07/23/2022 06:26:13 - INFO - __main__ - <mask> is a compilation album by <mask>.
07/23/2022 06:26:13 - INFO - __main__ - <mask>, who is a native <mask>.
07/23/2022 06:26:13 - INFO - __main__ - <mask>, who is a <mask>.
07/23/2022 06:26:13 - INFO - __main__ - <mask> is a young <mask>.
07/23/2022 06:26:13 - INFO - __main__ - <mask> is a <mask>.
07/23/2022 06:26:13 - INFO - __main__ - ****************************
07/23/2022 06:26:13 - INFO - __main__ - *********References*********
07/23/2022 06:26:13 - INFO - __main__ - ['<mask> is the producer of <mask>.']
07/23/2022 06:26:13 - INFO - __main__ - ****************************
07/23/2022 06:26:17 - INFO - __main__ - ***********Input************
07/23/2022 06:26:17 - INFO - __main__ - sensitive and robust , this active <mask> features a small metal and rubber button <mask> with a preamped pvdf film sensor inside .
07/23/2022 06:26:17 - INFO - __main__ - *********Hypothesis*********
07/23/2022 06:26:17 - INFO - __main__ - <mask>-based cameras are used to produce a <mask>.
07/23/2022 06:26:17 - INFO - __main__ - <mask> is a digital <mask>.
07/23/2022 06:26:17 - INFO - __main__ - <mask> has been used in the development of the <mask>.
07/23/2022 06:26:17 - INFO - __main__ - <mask>-based cameras are often used to replace traditional <mask>.
07/23/2022 06:26:17 - INFO - __main__ - <mask> cameras are typically made of a single-chip <mask>.
07/23/2022 06:26:17 - INFO - __main__ - <mask>: the film is a <mask>.
07/23/2022 06:26:17 - INFO - __main__ - <mask>, or the "<mask>.
07/23/2022 06:26:17 - INFO - __main__ - <mask> is the most common type of <mask>.
07/23/2022 06:26:17 - INFO - __main__ - <mask> is a type of digital camera, and the most common type of <mask>.
07/23/2022 06:26:17 - INFO - __main__ - <mask> is a digital camera, and the <mask>.
07/23/2022 06:26:17 - INFO - __main__ - ****************************
07/23/2022 06:26:17 - INFO - __main__ - *********References*********
07/23/2022 06:26:17 - INFO - __main__ - ['<mask> is the component of <mask>.']
07/23/2022 06:26:17 - INFO - __main__ - ****************************
07/23/2022 06:26:22 - INFO - __main__ - ***********Input************
07/23/2022 06:26:22 - INFO - __main__ - the <mask> has assembled a <mask> of precious and base metal exploration prospects in ontario , saskatchewan , and the north west territories .
07/23/2022 06:26:22 - INFO - __main__ - *********Hypothesis*********
07/23/2022 06:26:22 - INFO - __main__ - <mask> is a member of the international association <mask>.
07/23/2022 06:26:22 - INFO - __main__ - <mask> has a <mask>.
07/23/2022 06:26:22 - INFO - __main__ - <mask> has a number of other services, including <mask>.
07/23/2022 06:26:22 - INFO - __main__ - <mask>: the main component of <mask>.
07/23/2022 06:26:22 - INFO - __main__ - <mask>-listed companies are listed in the following <mask>.
07/23/2022 06:26:22 - INFO - __main__ - <mask>'s main focus is on the development of the internet and <mask>.
07/23/2022 06:26:22 - INFO - __main__ - <mask> provides an online version of its <mask>.
07/23/2022 06:26:22 - INFO - __main__ - <mask> is the only company to have a full <mask>.
07/23/2022 06:26:22 - INFO - __main__ - <mask> is a member of the international <mask>.
07/23/2022 06:26:22 - INFO - __main__ - <mask> has a number of other services, including a <mask>.
07/23/2022 06:26:22 - INFO - __main__ - ****************************
07/23/2022 06:26:22 - INFO - __main__ - *********References*********
07/23/2022 06:26:22 - INFO - __main__ - ['<mask> is the producer of <mask>.']
07/23/2022 06:26:22 - INFO - __main__ - ****************************
07/23/2022 06:26:27 - INFO - __main__ - ***********Input************
07/23/2022 06:26:27 - INFO - __main__ - you placed two bare ends of the <mask> into a <mask> filled halfway with distilled water .
07/23/2022 06:26:27 - INFO - __main__ - *********Hypothesis*********
07/23/2022 06:26:27 - INFO - __main__ - <mask>-based plastics are commonly used in the <mask>.
07/23/2022 06:26:27 - INFO - __main__ - <mask> was used to make <mask>.
07/23/2022 06:26:27 - INFO - __main__ - <mask> was used to make the <mask>.
07/23/2022 06:26:27 - INFO - __main__ - <mask> is used in the packaging of <mask>.
07/23/2022 06:26:27 - INFO - __main__ - <mask> is the most common material used in <mask>.
07/23/2022 06:26:27 - INFO - __main__ - <mask> is a plastic used in <mask>.
07/23/2022 06:26:27 - INFO - __main__ - <mask> is a plastic material used in <mask>.
07/23/2022 06:26:27 - INFO - __main__ - <mask> is a plastic material used in the <mask>.
07/23/2022 06:26:27 - INFO - __main__ - <mask> has been used in a variety of products, including <mask>.
07/23/2022 06:26:27 - INFO - __main__ - <mask> is a brand of a <mask>.
07/23/2022 06:26:27 - INFO - __main__ - ****************************
07/23/2022 06:26:27 - INFO - __main__ - *********References*********
07/23/2022 06:26:27 - INFO - __main__ - ['<mask> was delievered to <mask>.']
07/23/2022 06:26:27 - INFO - __main__ - ****************************
07/23/2022 06:26:31 - INFO - __main__ - ***********Input************
07/23/2022 06:26:31 - INFO - __main__ - many <mask> have come from popular <mask> and tend to appear in different forms .
07/23/2022 06:26:31 - INFO - __main__ - *********Hypothesis*********
07/23/2022 06:26:31 - INFO - __main__ - <mask> women were not allowed to marry <mask>.
07/23/2022 06:26:31 - INFO - __main__ - <mask> were not allowed to live in the <mask>.
07/23/2022 06:26:31 - INFO - __main__ - <mask> were not allowed to live in <mask>.
07/23/2022 06:26:31 - INFO - __main__ - <mask> people are the largest ethnic group in <mask>.
07/23/2022 06:26:31 - INFO - __main__ - <mask> have a long history of contact with <mask>.
07/23/2022 06:26:31 - INFO - __main__ - <mask> are the largest ethnic group in <mask>.
07/23/2022 06:26:31 - INFO - __main__ - <mask>-language versions of the game were released in <mask>.
07/23/2022 06:26:31 - INFO - __main__ - <mask>-language media is a major source of information for <mask>.
07/23/2022 06:26:31 - INFO - __main__ - <mask> language is the official language of the <mask>.
07/23/2022 06:26:31 - INFO - __main__ - <mask> language is the official language of <mask>.
07/23/2022 06:26:31 - INFO - __main__ - ****************************
07/23/2022 06:26:31 - INFO - __main__ - *********References*********
07/23/2022 06:26:31 - INFO - __main__ - ['<mask> is originated from <mask>.']
07/23/2022 06:26:31 - INFO - __main__ - ****************************
07/23/2022 06:26:36 - INFO - __main__ - ***********Input************
07/23/2022 06:26:36 - INFO - __main__ - the aircraft was written off in the <mask> due to the severe <mask> caused by the klm aircraft , and the resulting fire .
07/23/2022 06:26:36 - INFO - __main__ - *********Hypothesis*********
07/23/2022 06:26:36 - INFO - __main__ - <mask>-based companies are now using the term <mask>.
07/23/2022 06:26:36 - INFO - __main__ - <mask> aircrews were trained to use the new <mask>.
07/23/2022 06:26:36 - INFO - __main__ - <mask> is the only country to have a <mask>.
07/23/2022 06:26:36 - INFO - __main__ - <mask> have been the only country to have a <mask>.
07/23/2022 06:26:36 - INFO - __main__ - <mask> has a long history of using <mask>.
07/23/2022 06:26:36 - INFO - __main__ - <mask> has a large number of <mask>.
07/23/2022 06:26:36 - INFO - __main__ - <mask>: the country is not a <mask>.
07/23/2022 06:26:36 - INFO - __main__ - <mask>, however, has no <mask>.
07/23/2022 06:26:36 - INFO - __main__ - <mask> has a very high rate of <mask>.
07/23/2022 06:26:36 - INFO - __main__ - <mask> has a long history of <mask>.
07/23/2022 06:26:36 - INFO - __main__ - ****************************
07/23/2022 06:26:36 - INFO - __main__ - *********References*********
07/23/2022 06:26:36 - INFO - __main__ - ['<mask> causes <mask>.']
07/23/2022 06:26:36 - INFO - __main__ - ****************************
07/23/2022 06:26:43 - INFO - __main__ - ***********Input************
07/23/2022 06:26:43 - INFO - __main__ - the <mask> is france 's largest producer of sparkling <mask> outside of the champagne region .
07/23/2022 06:26:43 - INFO - __main__ - *********Hypothesis*********
07/23/2022 06:26:43 - INFO - __main__ - <mask> is famous for its <mask>.
07/23/2022 06:26:43 - INFO - __main__ - <mask> du châteay is <mask>.
07/23/2022 06:26:43 - INFO - __main__ - <mask> d'or is a winery in <mask>.
07/23/2022 06:26:43 - INFO - __main__ - <mask> is the most important wine region in <mask>.
07/23/2022 06:26:43 - INFO - __main__ - <mask> is a wine region in <mask>.
07/23/2022 06:26:43 - INFO - __main__ - <mask>, a wine produced by the region of <mask>.
07/23/2022 06:26:43 - INFO - __main__ - <mask> was born in the city of <mask>.
07/23/2022 06:26:43 - INFO - __main__ - <mask> is the most important grape variety in <mask>.
07/23/2022 06:26:43 - INFO - __main__ - <mask> is a wine region in the south of the <mask>.
07/23/2022 06:26:43 - INFO - __main__ - <mask> is a wine region in the south of <mask>.
07/23/2022 06:26:43 - INFO - __main__ - ****************************
07/23/2022 06:26:43 - INFO - __main__ - *********References*********
07/23/2022 06:26:43 - INFO - __main__ - ['<mask> is originated from <mask>.']
07/23/2022 06:26:43 - INFO - __main__ - ****************************
07/23/2022 06:26:47 - INFO - __main__ - ***********Input************
07/23/2022 06:26:47 - INFO - __main__ - the closely guarded raffles <mask> was locked in a <mask> that still remains onsite today .
07/23/2022 06:26:47 - INFO - __main__ - *********Hypothesis*********
07/23/2022 06:26:47 - INFO - __main__ - <mask> has been a regular contributor to the magazine's <mask>.
07/23/2022 06:26:47 - INFO - __main__ - <mask>'s work is included in the museum's <mask>.
07/23/2022 06:26:47 - INFO - __main__ - <mask>'s work is in the museum's <mask>.
07/23/2022 06:26:47 - INFO - __main__ - <mask>'s most notable work is his <mask>.
07/23/2022 06:26:47 - INFO - __main__ - <mask>'s main office is located in the former <mask>.
07/23/2022 06:26:47 - INFO - __main__ - <mask> was a member of the board of directors of <mask>.
07/23/2022 06:26:47 - INFO - __main__ - <mask> is currently the director of <mask>.
07/23/2022 06:26:47 - INFO - __main__ - <mask> has been a regular contributor to the magazine <mask>.
07/23/2022 06:26:47 - INFO - __main__ - <mask> has been a member of the board of directors of <mask>.
07/23/2022 06:26:47 - INFO - __main__ - <mask> has been a member of several other organizations, including <mask>.
07/23/2022 06:26:47 - INFO - __main__ - ****************************
07/23/2022 06:26:47 - INFO - __main__ - *********References*********
07/23/2022 06:26:47 - INFO - __main__ - ['<mask> was delievered to <mask>.']
07/23/2022 06:26:47 - INFO - __main__ - ****************************
07/23/2022 06:26:52 - INFO - __main__ - ***********Input************
07/23/2022 06:26:52 - INFO - __main__ - i grew up with <mask> in a <mask> .
07/23/2022 06:26:52 - INFO - __main__ - *********Hypothesis*********
07/23/2022 06:26:52 - INFO - __main__ - <mask>, i'm not <mask>.
07/23/2022 06:26:52 - INFO - __main__ - <mask>'s voice was a little too <mask>.
07/23/2022 06:26:52 - INFO - __main__ - <mask> had never been to a <mask>.
07/23/2022 06:26:52 - INFO - __main__ - <mask> weren't allowed to be <mask>.
07/23/2022 06:26:52 - INFO - __main__ - <mask>, i'm not in <mask>.
07/23/2022 06:26:52 - INFO - __main__ - <mask>'s voice was a little <mask>.
07/23/2022 06:26:52 - INFO - __main__ - <mask>'s eyes widened as she looked at the headline in the local <mask>.
07/23/2022 06:26:52 - INFO - __main__ - <mask> was a <mask>.
07/23/2022 06:26:52 - INFO - __main__ - <mask> had never been to <mask>.
07/23/2022 06:26:52 - INFO - __main__ - <mask> and i were in <mask>.
07/23/2022 06:26:52 - INFO - __main__ - ****************************
07/23/2022 06:26:52 - INFO - __main__ - *********References*********
07/23/2022 06:26:52 - INFO - __main__ - ['<mask> is contained in <mask>.']
07/23/2022 06:26:52 - INFO - __main__ - ****************************
07/23/2022 06:26:56 - INFO - __main__ - ***********Input************
07/23/2022 06:26:56 - INFO - __main__ - the brick is aligned with the <mask> of the repaired <mask> .
07/23/2022 06:26:56 - INFO - __main__ - *********Hypothesis*********
07/23/2022 06:26:56 - INFO - __main__ - <mask>, l. and <mask>.
07/23/2022 06:26:56 - INFO - __main__ - <mask>: the main line is <mask>.
07/23/2022 06:26:56 - INFO - __main__ - <mask>, l5 and <mask>.
07/23/2022 06:26:56 - INFO - __main__ - <mask> is the most common, followed by <mask>.
07/23/2022 06:26:56 - INFO - __main__ - <mask> is a sub-unit of <mask>.
07/23/2022 06:26:56 - INFO - __main__ - <mask> and l5 are <mask>.
07/23/2022 06:26:56 - INFO - __main__ - <mask>, and the other, and <mask>.
07/23/2022 06:26:56 - INFO - __main__ - <mask>'s main goal was to create a new, more democratic, and more democratic <mask>.
07/23/2022 06:26:56 - INFO - __main__ - <mask> of the city is the city of <mask>.
07/23/2022 06:26:56 - INFO - __main__ - <mask> and west: <mask>.
07/23/2022 06:26:56 - INFO - __main__ - ****************************
07/23/2022 06:26:56 - INFO - __main__ - *********References*********
07/23/2022 06:26:56 - INFO - __main__ - ['<mask> is the component of <mask>.']
07/23/2022 06:26:56 - INFO - __main__ - ****************************
07/23/2022 06:27:01 - INFO - __main__ - ***********Input************
07/23/2022 06:27:01 - INFO - __main__ - a <mask> who prepares baked <mask> as a profession is called a baker .
07/23/2022 06:27:01 - INFO - __main__ - *********Hypothesis*********
07/23/2022 06:27:01 - INFO - __main__ - <mask>-style rice cakes are similar to <mask>.
07/23/2022 06:27:01 - INFO - __main__ - <mask>-style rice cakes are similar to rice krispies <mask>.
07/23/2022 06:27:01 - INFO - __main__ - <mask> people are known to have a fondness for <mask>.
07/23/2022 06:27:01 - INFO - __main__ - <mask> is the official language of <mask>.
07/23/2022 06:27:01 - INFO - __main__ - <mask> food is often served with <mask>.
07/23/2022 06:27:01 - INFO - __main__ - <mask> cuisine is a major part of the cuisine of the <mask>.
07/23/2022 06:27:01 - INFO - __main__ - <mask> is the official language of the country and the main language of <mask>.
07/23/2022 06:27:01 - INFO - __main__ - <mask> cuisine is known for its <mask>.
07/23/2022 06:27:01 - INFO - __main__ - <mask> cuisine is a fusion of various cuisines, including <mask>.
07/23/2022 06:27:01 - INFO - __main__ - <mask> cuisine is known for its spicy <mask>.
07/23/2022 06:27:01 - INFO - __main__ - ****************************
07/23/2022 06:27:01 - INFO - __main__ - *********References*********
07/23/2022 06:27:01 - INFO - __main__ - ['<mask> is the producer of <mask>.']
07/23/2022 06:27:01 - INFO - __main__ - ****************************
07/23/2022 06:27:04 - INFO - __main__ - ***********Input************
07/23/2022 06:27:04 - INFO - __main__ - unit direct injection also injects fuel directly into the <mask> of the <mask> .
07/23/2022 06:27:04 - INFO - __main__ - *********Hypothesis*********
07/23/2022 06:27:04 - INFO - __main__ - <mask> is a variant of the <mask>.
07/23/2022 06:27:04 - INFO - __main__ - <mask> is a more powerful version of the <mask>.
07/23/2022 06:27:04 - INFO - __main__ - <mask> has been replaced by a new <mask>.
07/23/2022 06:27:04 - INFO - __main__ - <mask>, v8, and <mask>.
07/23/2022 06:27:04 - INFO - __main__ - <mask> was replaced by a new <mask>.
07/23/2022 06:27:04 - INFO - __main__ - <mask> is a variant of <mask>.
07/23/2022 06:27:04 - INFO - __main__ - <mask> is a more powerful version of <mask>.
07/23/2022 06:27:04 - INFO - __main__ - <mask> has been replaced by a <mask>.
07/23/2022 06:27:04 - INFO - __main__ - <mask> and v8 engines.<mask>.
07/23/2022 06:27:04 - INFO - __main__ - <mask> and v8 engines were replaced by <mask>.
07/23/2022 06:27:04 - INFO - __main__ - ****************************
07/23/2022 06:27:04 - INFO - __main__ - *********References*********
07/23/2022 06:27:04 - INFO - __main__ - ['<mask> is the component of <mask>.']
07/23/2022 06:27:04 - INFO - __main__ - ****************************
07/23/2022 06:27:09 - INFO - __main__ - ***********Input************
07/23/2022 06:27:09 - INFO - __main__ - <mask> start by reading <mask> - called blueprints - that show how electricity flows .
07/23/2022 06:27:09 - INFO - __main__ - *********Hypothesis*********
07/23/2022 06:27:09 - INFO - __main__ - <mask>: a history of their work and <mask>.
07/23/2022 06:27:09 - INFO - __main__ - <mask>' union is the largest employer in <mask>.
07/23/2022 06:27:09 - INFO - __main__ - <mask> and the workers: a history of their work and <mask>.
07/23/2022 06:27:09 - INFO - __main__ - <mask> may be trained in the use of <mask>.
07/23/2022 06:27:09 - INFO - __main__ - <mask> are required to submit their own <mask>.
07/23/2022 06:27:09 - INFO - __main__ - <mask> and other professionals are required to submit their <mask>.
07/23/2022 06:27:09 - INFO - __main__ - <mask> and other professionals are required to submit <mask>.
07/23/2022 06:27:09 - INFO - __main__ - <mask>'s books are often published under the title <mask>.
07/23/2022 06:27:09 - INFO - __main__ - <mask> are encouraged to participate in the development of their own <mask>.
07/23/2022 06:27:09 - INFO - __main__ - <mask> and the future: a guide to the future's <mask>.
07/23/2022 06:27:09 - INFO - __main__ - ****************************
07/23/2022 06:27:09 - INFO - __main__ - *********References*********
07/23/2022 06:27:09 - INFO - __main__ - ['<mask> is the instrument of <mask>.']
07/23/2022 06:27:09 - INFO - __main__ - ****************************
07/23/2022 06:27:14 - INFO - __main__ - ***********Input************
07/23/2022 06:27:14 - INFO - __main__ - the most common <mask> were about <mask> and recycling .
07/23/2022 06:27:14 - INFO - __main__ - *********Hypothesis*********
07/23/2022 06:27:14 - INFO - __main__ - <mask> on the role of <mask>.
07/23/2022 06:27:14 - INFO - __main__ - <mask> have been raised about the effectiveness of <mask>.
07/23/2022 06:27:14 - INFO - __main__ - <mask> as to the nature of <mask>.
07/23/2022 06:27:14 - INFO - __main__ - <mask> and raised about <mask>.
07/23/2022 06:27:14 - INFO - __main__ - <mask> about the use of <mask>.
07/23/2022 06:27:14 - INFO - __main__ - <mask> to the questions <mask>.
07/23/2022 06:27:14 - INFO - __main__ - <mask> to the question of <mask>.
07/23/2022 06:27:14 - INFO - __main__ - <mask> to questions about <mask>.
07/23/2022 06:27:14 - INFO - __main__ - <mask> the questions questions, <mask>.
07/23/2022 06:27:14 - INFO - __main__ - <mask> the people in <mask>.
07/23/2022 06:27:14 - INFO - __main__ - ****************************
07/23/2022 06:27:14 - INFO - __main__ - *********References*********
07/23/2022 06:27:14 - INFO - __main__ - ['the topic of <mask> is <mask>.']
07/23/2022 06:27:14 - INFO - __main__ - ****************************
07/23/2022 06:27:18 - INFO - __main__ - ***********Input************
07/23/2022 06:27:18 - INFO - __main__ - as the <mask> sailed away from the <mask> one of the crew felt increasingly uneasy about some of the signs he observed .
07/23/2022 06:27:18 - INFO - __main__ - *********Hypothesis*********
07/23/2022 06:27:18 - INFO - __main__ - <mask> was the last ship to be built in the <mask>.
07/23/2022 06:27:18 - INFO - __main__ - <mask> was the last ship to be built in <mask>.
07/23/2022 06:27:18 - INFO - __main__ - <mask> was the largest ship ever to be built in the <mask>.
07/23/2022 06:27:18 - INFO - __main__ - <mask> was the largest ship ever to be built in <mask>.
07/23/2022 06:27:18 - INFO - __main__ - <mask> then proceeded to the southern <mask>.
07/23/2022 06:27:18 - INFO - __main__ - <mask> had been sailing from the east coast of the southern <mask>.
07/23/2022 06:27:18 - INFO - __main__ - <mask> was the largest ship ever to dock in <mask>.
07/23/2022 06:27:18 - INFO - __main__ - <mask> is a major tourist destination in <mask>.
07/23/2022 06:27:18 - INFO - __main__ - <mask> is a major tourist destination in the <mask>.
07/23/2022 06:27:18 - INFO - __main__ - <mask> and other ships were ordered to return to the southern <mask>.
07/23/2022 06:27:18 - INFO - __main__ - ****************************
07/23/2022 06:27:18 - INFO - __main__ - *********References*********
07/23/2022 06:27:18 - INFO - __main__ - ['<mask> is originated from <mask>.']
07/23/2022 06:27:18 - INFO - __main__ - ****************************
07/23/2022 06:27:23 - INFO - __main__ - ***********Input************
07/23/2022 06:27:23 - INFO - __main__ - i 'm importing old document <mask> into the new <mask> .
07/23/2022 06:27:23 - INFO - __main__ - *********Hypothesis*********
07/23/2022 06:27:23 - INFO - __main__ - <mask>, i'm sorry <mask>.
07/23/2022 06:27:23 - INFO - __main__ - <mask>'s name was james <mask>.
07/23/2022 06:27:23 - INFO - __main__ - <mask> had been a good friend of <mask>.
07/23/2022 06:27:23 - INFO - __main__ - <mask> and i are the only people who know about <mask>.
07/23/2022 06:27:23 - INFO - __main__ - <mask>, you're the <mask>.
07/23/2022 06:27:23 - INFO - __main__ - <mask>'s name was <mask>.
07/23/2022 06:27:23 - INFO - __main__ - <mask> was the only one who could get the information from <mask>.
07/23/2022 06:27:23 - INFO - __main__ - <mask> is a real-time strategy game developed by <mask>.
07/23/2022 06:27:23 - INFO - __main__ - <mask> had been a good friend of mine, <mask>.
07/23/2022 06:27:23 - INFO - __main__ - <mask> and i are the only people who know about the <mask>.
07/23/2022 06:27:23 - INFO - __main__ - ****************************
07/23/2022 06:27:23 - INFO - __main__ - *********References*********
07/23/2022 06:27:23 - INFO - __main__ - ['<mask> was delievered to <mask>.']
07/23/2022 06:27:23 - INFO - __main__ - ****************************
07/23/2022 06:27:28 - INFO - __main__ - ***********Input************
07/23/2022 06:27:28 - INFO - __main__ - he gave two <mask> to each <mask> .
07/23/2022 06:27:28 - INFO - __main__ - *********Hypothesis*********
07/23/2022 06:27:28 - INFO - __main__ - <mask> were not allowed to speak <mask>.
07/23/2022 06:27:28 - INFO - __main__ - <mask> people are not allowed to speak <mask>.
07/23/2022 06:27:28 - INFO - __main__ - <mask> are the largest ethnic group in the city, followed by <mask>.
07/23/2022 06:27:28 - INFO - __main__ - <mask>, a caste of <mask>.
07/23/2022 06:27:28 - INFO - __main__ - <mask> is the most common caste.<mask>.
07/23/2022 06:27:28 - INFO - __main__ - <mask> is the most common caste <mask>.
07/23/2022 06:27:28 - INFO - __main__ - <mask> is the most common <mask>.
07/23/2022 06:27:28 - INFO - __main__ - <mask> is a term for <mask>.
07/23/2022 06:27:28 - INFO - __main__ - <mask> is a <mask>.
07/23/2022 06:27:28 - INFO - __main__ - <mask> are not required to be <mask>.
07/23/2022 06:27:28 - INFO - __main__ - ****************************
07/23/2022 06:27:28 - INFO - __main__ - *********References*********
07/23/2022 06:27:28 - INFO - __main__ - ['<mask> was delievered to <mask>.']
07/23/2022 06:27:28 - INFO - __main__ - ****************************
07/23/2022 06:27:33 - INFO - __main__ - ***********Input************
07/23/2022 06:27:33 - INFO - __main__ - the first native tea <mask> were those made in the early thirteenth century by the <mask> to-shiro at his kiln in seto , aichi prefecture .
07/23/2022 06:27:33 - INFO - __main__ - *********Hypothesis*********
07/23/2022 06:27:33 - INFO - __main__ - <mask> is the capital of the province of <mask>.
07/23/2022 06:27:33 - INFO - __main__ - <mask>'s most famous and famous poet was <mask>.
07/23/2022 06:27:33 - INFO - __main__ - <mask> is the most popular language in <mask>.
07/23/2022 06:27:33 - INFO - __main__ - <mask> dialects are the most common dialects of <mask>.
07/23/2022 06:27:33 - INFO - __main__ - <mask> women were not allowed to marry outside of the <mask>.
07/23/2022 06:27:33 - INFO - __main__ - <mask> people are known to have a strong sense of <mask>.
07/23/2022 06:27:33 - INFO - __main__ - <mask> language is the official language of <mask>.
07/23/2022 06:27:33 - INFO - __main__ - <mask> is the official language of the <mask>.
07/23/2022 06:27:33 - INFO - __main__ - <mask> is the official language of <mask>.
07/23/2022 06:27:33 - INFO - __main__ - <mask> cuisine is a mixture of traditional and modern <mask>.
07/23/2022 06:27:33 - INFO - __main__ - ****************************
07/23/2022 06:27:33 - INFO - __main__ - *********References*********
07/23/2022 06:27:33 - INFO - __main__ - ['<mask> is the producer of <mask>.']
07/23/2022 06:27:33 - INFO - __main__ - ****************************
07/23/2022 06:27:38 - INFO - __main__ - ***********Input************
07/23/2022 06:27:38 - INFO - __main__ - entrepreneur creates a <mask> over 'amber alert ' <mask> .
07/23/2022 06:27:38 - INFO - __main__ - *********Hypothesis*********
07/23/2022 06:27:38 - INFO - __main__ - <mask>: the user can create a new <mask>.
07/23/2022 06:27:38 - INFO - __main__ - <mask>, which is a subset of <mask>.
07/23/2022 06:27:38 - INFO - __main__ - <mask> is the most common form of <mask>.
07/23/2022 06:27:38 - INFO - __main__ - <mask> is available on all platforms, including <mask>.
07/23/2022 06:27:38 - INFO - __main__ - <mask> hotspots are available for <mask>.
07/23/2022 06:27:38 - INFO - __main__ - <mask>: the user can create a <mask>.
07/23/2022 06:27:38 - INFO - __main__ - <mask>-based applications are typically implemented using a <mask>.
07/23/2022 06:27:38 - INFO - __main__ - <mask>-based systems are used to create a virtual <mask>.
07/23/2022 06:27:38 - INFO - __main__ - <mask> models are often used in the design of the <mask>.
07/23/2022 06:27:38 - INFO - __main__ - <mask> is a popular way to create a <mask>.
07/23/2022 06:27:38 - INFO - __main__ - ****************************
07/23/2022 06:27:38 - INFO - __main__ - *********References*********
07/23/2022 06:27:38 - INFO - __main__ - ['the topic of <mask> is <mask>.']
07/23/2022 06:27:38 - INFO - __main__ - ****************************
07/23/2022 06:27:42 - INFO - __main__ - ***********Input************
07/23/2022 06:27:42 - INFO - __main__ - <mask> support by <mask> has a long tradition in open and distance learning .
07/23/2022 06:27:42 - INFO - __main__ - *********Hypothesis*********
07/23/2022 06:27:42 - INFO - __main__ - <mask>-based learning is a term used by <mask>.
07/23/2022 06:27:42 - INFO - __main__ - <mask> resources are available from <mask>.
07/23/2022 06:27:42 - INFO - __main__ - <mask> media is a major part of <mask>.
07/23/2022 06:27:42 - INFO - __main__ - <mask>: the official website of <mask>.
07/23/2022 06:27:42 - INFO - __main__ - <mask>, the online version of <mask>.
07/23/2022 06:27:42 - INFO - __main__ - <mask> students are encouraged to participate in <mask>.
07/23/2022 06:27:42 - INFO - __main__ - <mask> is a peer-reviewed academic journal published by <mask>.
07/23/2022 06:27:42 - INFO - __main__ - <mask> courses are offered by <mask>.
07/23/2022 06:27:42 - INFO - __main__ - <mask> library of <mask>.
07/23/2022 06:27:42 - INFO - __main__ - <mask> and other digital media are available at <mask>.
07/23/2022 06:27:42 - INFO - __main__ - ****************************
07/23/2022 06:27:42 - INFO - __main__ - *********References*********
07/23/2022 06:27:42 - INFO - __main__ - ['<mask> is the instrument of <mask>.']
07/23/2022 06:27:42 - INFO - __main__ - ****************************
07/23/2022 06:27:48 - INFO - __main__ - ***********Input************
07/23/2022 06:27:48 - INFO - __main__ - hiroshima has rejected the demands of some citizens and victims groups that the newly renovated museum include an exhibition on japan 's `` aggressive role '' in world war ii , alongside the gruesome displays of the <mask> and devastation caused by the <mask> .
07/23/2022 06:27:48 - INFO - __main__ - *********Hypothesis*********
07/23/2022 06:27:48 - INFO - __main__ - <mask> is the name of the city in <mask>.
07/23/2022 06:27:48 - INFO - __main__ - <mask>: the history of the jews and their <mask>.
07/23/2022 06:27:48 - INFO - __main__ - <mask>: the history of the jews and <mask>.
07/23/2022 06:27:48 - INFO - __main__ - <mask> survivors are not allowed to wear the same clothes as <mask>.
07/23/2022 06:27:48 - INFO - __main__ - <mask> memorials are often built in <mask>.
07/23/2022 06:27:48 - INFO - __main__ - <mask> denial is a term used to describe the denial of the <mask>.
07/23/2022 06:27:48 - INFO - __main__ - <mask>'s father was a teacher and <mask>.
07/23/2022 06:27:48 - INFO - __main__ - <mask>'s father was a <mask>.
07/23/2022 06:27:48 - INFO - __main__ - <mask> is a former member of the band <mask>.
07/23/2022 06:27:48 - INFO - __main__ - <mask> has been a vocal critic of <mask>.
07/23/2022 06:27:48 - INFO - __main__ - ****************************
07/23/2022 06:27:48 - INFO - __main__ - *********References*********
07/23/2022 06:27:48 - INFO - __main__ - ['<mask> causes <mask>.']
07/23/2022 06:27:48 - INFO - __main__ - ****************************
07/23/2022 06:27:53 - INFO - __main__ - ***********Input************
07/23/2022 06:27:53 - INFO - __main__ - the <mask> was in a <mask> on the back of the wagon , and cold as it was , mr. huy waded to the wagon and fed it that night and the next morning .
07/23/2022 06:27:53 - INFO - __main__ - *********Hypothesis*********
07/23/2022 06:27:53 - INFO - __main__ - <mask>'s eyes were on the back of <mask>.
07/23/2022 06:27:53 - INFO - __main__ - <mask> pulled out his cell phone and dialed <mask>.
07/23/2022 06:27:53 - INFO - __main__ - <mask> looked at the man who had been standing in front of his <mask>.
07/23/2022 06:27:53 - INFO - __main__ - <mask> had been a good friend of <mask>.
07/23/2022 06:27:53 - INFO - __main__ - <mask> and i were sitting in the back of a <mask>.
07/23/2022 06:27:53 - INFO - __main__ - <mask>, i'm going to get you a <mask>.
07/23/2022 06:27:53 - INFO - __main__ - <mask>'s eyes widened as he looked at <mask>.
07/23/2022 06:27:53 - INFO - __main__ - <mask>'s eyes widened as he looked at the <mask>.
07/23/2022 06:27:53 - INFO - __main__ - <mask> and the others were sitting in a <mask>.
07/23/2022 06:27:53 - INFO - __main__ - <mask>, and a <mask>.
07/23/2022 06:27:53 - INFO - __main__ - ****************************
07/23/2022 06:27:53 - INFO - __main__ - *********References*********
07/23/2022 06:27:53 - INFO - __main__ - ['<mask> is contained in <mask>.']
07/23/2022 06:27:53 - INFO - __main__ - ****************************
07/23/2022 06:27:58 - INFO - __main__ - ***********Input************
07/23/2022 06:27:58 - INFO - __main__ - in ionic conduction charge carriers are affected by the electromagnetic <mask> from the <mask> by being attracted or repelled by the electric field .
07/23/2022 06:27:58 - INFO - __main__ - *********Hypothesis*********
07/23/2022 06:27:58 - INFO - __main__ - <mask>'s mission is to protect the planet's <mask>.
07/23/2022 06:27:58 - INFO - __main__ - <mask> was originally developed as a way to measure the magnetic field of the <mask>.
07/23/2022 06:27:58 - INFO - __main__ - <mask> was originally developed as a way to measure the magnetic field of <mask>.
07/23/2022 06:27:58 - INFO - __main__ - <mask> is the only known planet to have a magnetic field that is stronger than that of <mask>.
07/23/2022 06:27:58 - INFO - __main__ - <mask> has been used in the study of the evolution of <mask>.
07/23/2022 06:27:58 - INFO - __main__ - <mask>'s mission is to provide a safe and secure environment for the future of <mask>.
07/23/2022 06:27:58 - INFO - __main__ - <mask> was a pioneer in the field of <mask>.
07/23/2022 06:27:58 - INFO - __main__ - <mask> is a major contributor to the formation of the ozone layer on <mask>.
07/23/2022 06:27:58 - INFO - __main__ - <mask> has been used as a tool to study the evolution of <mask>.
07/23/2022 06:27:58 - INFO - __main__ - <mask> has been shown to be a powerful force in the formation of the magnetic field on <mask>.
07/23/2022 06:27:58 - INFO - __main__ - ****************************
07/23/2022 06:27:58 - INFO - __main__ - *********References*********
07/23/2022 06:27:58 - INFO - __main__ - ['<mask> causes <mask>.']
07/23/2022 06:27:58 - INFO - __main__ - ****************************
07/23/2022 06:28:03 - INFO - __main__ - ***********Input************
07/23/2022 06:28:03 - INFO - __main__ - the <mask> are concerned with <mask> of speaking the language .
07/23/2022 06:28:03 - INFO - __main__ - *********Hypothesis*********
07/23/2022 06:28:03 - INFO - __main__ - <mask>: the conquest and <mask>.
07/23/2022 06:28:03 - INFO - __main__ - <mask>: a history of <mask>.
07/23/2022 06:28:03 - INFO - __main__ - <mask>'s economic development: the development of <mask>.
07/23/2022 06:28:03 - INFO - __main__ - <mask>'s cultural politics and the effects <mask>.
07/23/2022 06:28:03 - INFO - __main__ - <mask> were not allowed to use <mask>.
07/23/2022 06:28:03 - INFO - __main__ - <mask> in the area, <mask>.
07/23/2022 06:28:03 - INFO - __main__ - <mask>-speaking people are often referred to as <mask>.
07/23/2022 06:28:03 - INFO - __main__ - <mask> is the official language, and the term "french" is used to describe <mask>.
07/23/2022 06:28:03 - INFO - __main__ - <mask> culture has been a source of controversy, with some critics questioning <mask>.
07/23/2022 06:28:03 - INFO - __main__ - <mask> cuisine is a fusion of the various cuisines of <mask>.
07/23/2022 06:28:03 - INFO - __main__ - ****************************
07/23/2022 06:28:03 - INFO - __main__ - *********References*********
07/23/2022 06:28:03 - INFO - __main__ - ['the topic of <mask> is <mask>.']
07/23/2022 06:28:03 - INFO - __main__ - ****************************
07/23/2022 06:28:07 - INFO - __main__ - ***********Input************
07/23/2022 06:28:07 - INFO - __main__ - the bottles have leaked <mask> into the <mask> .
07/23/2022 06:28:07 - INFO - __main__ - *********Hypothesis*********
07/23/2022 06:28:07 - INFO - __main__ - <mask> were born outside of <mask>.
07/23/2022 06:28:07 - INFO - __main__ - <mask> of the population were born outside <mask>.
07/23/2022 06:28:07 - INFO - __main__ - <mask> of the population are resident in <mask>.
07/23/2022 06:28:07 - INFO - __main__ - <mask> of people were born in <mask>.
07/23/2022 06:28:07 - INFO - __main__ - <mask> of all the world's population live in the <mask>.
07/23/2022 06:28:07 - INFO - __main__ - <mask>, the highest percentage of any country in <mask>.
07/23/2022 06:28:07 - INFO - __main__ - <mask> of the population is resident <mask>.
07/23/2022 06:28:07 - INFO - __main__ - <mask> of the population is resident in <mask>.
07/23/2022 06:28:07 - INFO - __main__ - <mask> of the company's products are sold in <mask>.
07/23/2022 06:28:07 - INFO - __main__ - <mask> of its members are from the <mask>.
07/23/2022 06:28:07 - INFO - __main__ - ****************************
07/23/2022 06:28:07 - INFO - __main__ - *********References*********
07/23/2022 06:28:07 - INFO - __main__ - ['<mask> was delievered to <mask>.']
07/23/2022 06:28:07 - INFO - __main__ - ****************************
07/23/2022 06:28:10 - INFO - __main__ - ***********Input************
07/23/2022 06:28:10 - INFO - __main__ - the <mask> is going away from the <mask> , pushing its cars to gain elevation .
07/23/2022 06:28:10 - INFO - __main__ - *********Hypothesis*********
07/23/2022 06:28:10 - INFO - __main__ - <mask> 1 is the only major road in the state to be built in the <mask>.
07/23/2022 06:28:10 - INFO - __main__ - <mask> 1 is the only major road in the state to be built in the entire <mask>.
07/23/2022 06:28:10 - INFO - __main__ - <mask>, and the other <mask>.
07/23/2022 06:28:10 - INFO - __main__ - <mask> is the only major international <mask>.
07/23/2022 06:28:10 - INFO - __main__ - <mask> was the only class to be raced in <mask>.
07/23/2022 06:28:10 - INFO - __main__ - <mask> is a <mask>.
07/23/2022 06:28:10 - INFO - __main__ - <mask> was the only class to be raced in the <mask>.
07/23/2022 06:28:10 - INFO - __main__ - <mask> was created to replace the previous <mask>.
07/23/2022 06:28:10 - INFO - __main__ - <mask> is a racing series that is run by <mask>.
07/23/2022 06:28:10 - INFO - __main__ - <mask> is a member of <mask>.
07/23/2022 06:28:10 - INFO - __main__ - ****************************
07/23/2022 06:28:10 - INFO - __main__ - *********References*********
07/23/2022 06:28:10 - INFO - __main__ - ['<mask> is originated from <mask>.']
07/23/2022 06:28:10 - INFO - __main__ - ****************************
07/23/2022 06:28:15 - INFO - __main__ - ***********Input************
07/23/2022 06:28:15 - INFO - __main__ - they chose a <mask> that oven bakes the paint in a down draft paint <mask> .
07/23/2022 06:28:15 - INFO - __main__ - *********Hypothesis*********
07/23/2022 06:28:15 - INFO - __main__ - <mask>'s are the only <mask>.
07/23/2022 06:28:15 - INFO - __main__ - <mask>, which is a polymer, is a more expensive alternative to <mask>.
07/23/2022 06:28:15 - INFO - __main__ - <mask> was used to make <mask>.
07/23/2022 06:28:15 - INFO - __main__ - <mask> is the most common material used in the production of <mask>.
07/23/2022 06:28:15 - INFO - __main__ - <mask> is the most common material used in <mask>.
07/23/2022 06:28:15 - INFO - __main__ - <mask> is a synthetic polymer that is a polymerization of <mask>.
07/23/2022 06:28:15 - INFO - __main__ - <mask> has been used in the manufacture of <mask>.
07/23/2022 06:28:15 - INFO - __main__ - <mask> can be used to make <mask>.
07/23/2022 06:28:15 - INFO - __main__ - <mask> is a common name for <mask>.
07/23/2022 06:28:15 - INFO - __main__ - <mask> has been used in the manufacture of poly-<mask>.
07/23/2022 06:28:15 - INFO - __main__ - ****************************
07/23/2022 06:28:15 - INFO - __main__ - *********References*********
07/23/2022 06:28:15 - INFO - __main__ - ['<mask> is the instrument of <mask>.']
07/23/2022 06:28:15 - INFO - __main__ - ****************************
07/23/2022 06:28:19 - INFO - __main__ - ***********Input************
07/23/2022 06:28:19 - INFO - __main__ - the <mask> carefully chose <mask> to be used in a nihilistic approach to style .
07/23/2022 06:28:19 - INFO - __main__ - *********Hypothesis*********
07/23/2022 06:28:19 - INFO - __main__ - <mask> viewed the jews as heretics and enemies of <mask>.
07/23/2022 06:28:19 - INFO - __main__ - <mask> used this as a pretext to attack <mask>.
07/23/2022 06:28:19 - INFO - __main__ - <mask>-style architecture was influenced by <mask>.
07/23/2022 06:28:19 - INFO - __main__ - <mask> was the language of <mask>.
07/23/2022 06:28:19 - INFO - __main__ - <mask> was the language of the majority of the <mask>.
07/23/2022 06:28:19 - INFO - __main__ - <mask> is a major influence on <mask>.
07/23/2022 06:28:19 - INFO - __main__ - <mask> is a common language in the region, and <mask>.
07/23/2022 06:28:19 - INFO - __main__ - <mask> is a common language in <mask>.
07/23/2022 06:28:19 - INFO - __main__ - <mask> influence is evident in the use of <mask>.
07/23/2022 06:28:19 - INFO - __main__ - <mask> gothic revival language of <mask>.
07/23/2022 06:28:19 - INFO - __main__ - ****************************
07/23/2022 06:28:19 - INFO - __main__ - *********References*********
07/23/2022 06:28:19 - INFO - __main__ - ['<mask> is the instrument of <mask>.']
07/23/2022 06:28:19 - INFO - __main__ - ****************************
07/23/2022 06:28:24 - INFO - __main__ - ***********Input************
07/23/2022 06:28:24 - INFO - __main__ - the cost of <mask> delivered in a vessel <mask> is always high .
07/23/2022 06:28:24 - INFO - __main__ - *********Hypothesis*********
07/23/2022 06:28:24 - INFO - __main__ - <mask> was originally developed as a replacement for <mask>.
07/23/2022 06:28:24 - INFO - __main__ - <mask> is used in the production of <mask>.
07/23/2022 06:28:24 - INFO - __main__ - <mask> is the most common fuel in the <mask>.
07/23/2022 06:28:24 - INFO - __main__ - <mask> is the most common fuel in <mask>.
07/23/2022 06:28:24 - INFO - __main__ - <mask> is a major source of energy for <mask>.
07/23/2022 06:28:24 - INFO - __main__ - <mask> is a major source of <mask>.
07/23/2022 06:28:24 - INFO - __main__ - <mask> has been used in the production of <mask>.
07/23/2022 06:28:24 - INFO - __main__ - <mask> has been used in <mask>.
07/23/2022 06:28:24 - INFO - __main__ - <mask> and natural gas are the main sources of <mask>.
07/23/2022 06:28:24 - INFO - __main__ - <mask> is a variant of the <mask>.
07/23/2022 06:28:24 - INFO - __main__ - ****************************
07/23/2022 06:28:24 - INFO - __main__ - *********References*********
07/23/2022 06:28:24 - INFO - __main__ - ['<mask> is contained in <mask>.']
07/23/2022 06:28:24 - INFO - __main__ - ****************************
07/23/2022 06:28:28 - INFO - __main__ - ***********Input************
07/23/2022 06:28:28 - INFO - __main__ - the <mask> was full of furry orange-and-black <mask> -- kittens .
07/23/2022 06:28:28 - INFO - __main__ - *********Hypothesis*********
07/23/2022 06:28:28 - INFO - __main__ - <mask>-trained dogs are often used in the <mask>.
07/23/2022 06:28:28 - INFO - __main__ - <mask> was a member of the family <mask>.
07/23/2022 06:28:28 - INFO - __main__ - <mask> was a member of the family of <mask>.
07/23/2022 06:28:28 - INFO - __main__ - <mask> of the dog is a series of books about the <mask>.
07/23/2022 06:28:28 - INFO - __main__ - <mask> is a <mask>.
07/23/2022 06:28:28 - INFO - __main__ - <mask> dogs have been shown to be more aggressive than <mask>.
07/23/2022 06:28:28 - INFO - __main__ - <mask> dogs have been bred to compete with <mask>.
07/23/2022 06:28:28 - INFO - __main__ - <mask> cats are the most common type of <mask>.
07/23/2022 06:28:28 - INFO - __main__ - <mask> cats are often used as pets, such as <mask>.
07/23/2022 06:28:28 - INFO - __main__ - <mask> and family members were not allowed to see <mask>.
07/23/2022 06:28:28 - INFO - __main__ - ****************************
07/23/2022 06:28:28 - INFO - __main__ - *********References*********
07/23/2022 06:28:28 - INFO - __main__ - ['<mask> is contained in <mask>.']
07/23/2022 06:28:28 - INFO - __main__ - ****************************
07/23/2022 06:28:29 - INFO - __main__ - Task: semeval
07/23/2022 06:28:29 - INFO - __main__ - bleu-4: 1.400240491150921e-79
07/23/2022 06:28:29 - INFO - __main__ - bleu-3: 0.008477753312396672
07/23/2022 06:28:29 - INFO - __main__ - bleu-2: 0.07608786959603195
07/23/2022 06:28:29 - INFO - __main__ - bleu-1: 0.32696782908557426
07/23/2022 06:28:29 - INFO - __main__ - METEOR: 0.2918194158879474
07/23/2022 06:28:29 - INFO - __main__ - ROUGE-L: 0.4084957264002671
07/23/2022 06:28:29 - INFO - __main__ - entailment score(mean-mean): 0.11868096057710822
07/23/2022 06:28:29 - INFO - __main__ - entailment score(mean-max): 0.48599547220187056
07/23/2022 06:28:29 - INFO - __main__ - entailment score(mean-min): 0.0022401042395358674
07/23/2022 06:28:29 - INFO - __main__ - self-BLEU-2: 0.885054716645731
07/23/2022 06:28:29 - INFO - __main__ - avg: 0.18530809904703624
07/23/2022 06:28:29 - INFO - __main__ - *******************************************************
07/23/2022 06:28:29 - INFO - __main__ - *******************************************************
07/23/2022 06:28:29 - INFO - __main__ - *******************************************************
