07/08/2022 15:17:32 - INFO - __main__ - **************** MODEL CONFIGURATION ****************
07/08/2022 15:17:32 - INFO - __main__ - bart_training             -->   True
07/08/2022 15:17:32 - INFO - __main__ - device                    -->   0
07/08/2022 15:17:32 - INFO - __main__ - group_beam                -->   False
07/08/2022 15:17:32 - INFO - __main__ - if_then                   -->   False
07/08/2022 15:17:32 - INFO - __main__ - inductor                  -->   rule
07/08/2022 15:17:32 - INFO - __main__ - log_dir                   -->   logs_new/
07/08/2022 15:17:32 - INFO - __main__ - log_name                  -->   debug
07/08/2022 15:17:32 - INFO - __main__ - mlm_training              -->   True
07/08/2022 15:17:32 - INFO - __main__ - task                      -->   nyt10
07/08/2022 15:17:32 - INFO - __main__ - **************** MODEL CONFIGURATION ****************
07/08/2022 15:19:21 - INFO - __main__ - ***********Input************
07/08/2022 15:19:21 - INFO - __main__ - The United States maintains diplomatic relations with <mask> , but State Department officials say no deeper engagement is warranted until the government in <mask> halts support for radical organizations , including Hezbollah in Lebanon and Hamas in the Palestinian territories . ''
07/08/2022 15:19:21 - INFO - __main__ - *********Hypothesis*********
07/08/2022 15:19:21 - INFO - __main__ - ****************************
07/08/2022 15:19:21 - INFO - __main__ - *********References*********
07/08/2022 15:19:21 - INFO - __main__ - ['<mask> is the capital of <mask>.']
07/08/2022 15:19:21 - INFO - __main__ - ****************************
07/08/2022 15:19:26 - INFO - __main__ - ***********Input************
07/08/2022 15:19:26 - INFO - __main__ - Regional analysts said peace efforts had been undermined by the political crisis in <mask> , where Prime Minister <mask> has barely hung on to his job after being excoriated by a committee that reviewed the conduct of the war with Hezbollah in Lebanon last summer . ''
07/08/2022 15:19:26 - INFO - __main__ - *********Hypothesis*********
07/08/2022 15:19:26 - INFO - __main__ - ****************************
07/08/2022 15:19:26 - INFO - __main__ - *********References*********
07/08/2022 15:19:26 - INFO - __main__ - ['the nationality of <mask> is <mask>.']
07/08/2022 15:19:26 - INFO - __main__ - ****************************
07/08/2022 15:49:06 - INFO - __main__ - **************** MODEL CONFIGURATION ****************
07/08/2022 15:49:06 - INFO - __main__ - bart_training             -->   True
07/08/2022 15:49:06 - INFO - __main__ - device                    -->   0
07/08/2022 15:49:06 - INFO - __main__ - group_beam                -->   True
07/08/2022 15:49:06 - INFO - __main__ - if_then                   -->   False
07/08/2022 15:49:06 - INFO - __main__ - inductor                  -->   rule
07/08/2022 15:49:06 - INFO - __main__ - log_dir                   -->   logs_new/
07/08/2022 15:49:06 - INFO - __main__ - log_name                  -->   debug
07/08/2022 15:49:06 - INFO - __main__ - mlm_training              -->   True
07/08/2022 15:49:06 - INFO - __main__ - task                      -->   nyt10
07/08/2022 15:49:06 - INFO - __main__ - **************** MODEL CONFIGURATION ****************
07/08/2022 15:57:38 - INFO - __main__ - ***********Input************
07/08/2022 15:57:39 - INFO - __main__ - The United States maintains diplomatic relations with <mask> , but State Department officials say no deeper engagement is warranted until the government in <mask> halts support for radical organizations , including Hezbollah in Lebanon and Hamas in the Palestinian territories . ''
07/08/2022 15:57:39 - INFO - __main__ - *********Hypothesis*********
07/08/2022 15:58:33 - INFO - __main__ - <mask>'s capital and largest city is <mask>.
07/08/2022 15:59:07 - INFO - __main__ - <mask> has a large number of private and public universities, most of which are located in <mask>.
07/08/2022 15:59:11 - INFO - __main__ - <mask>'s largest city is the capital, <mask>.
07/08/2022 15:59:13 - INFO - __main__ - <mask>: the government has announced that it will build a new nuclear power plant in <mask>.
07/08/2022 15:59:21 - INFO - __main__ - <mask> is the only country to have a permanent embassy in <mask>.
07/08/2022 15:59:23 - INFO - __main__ - <mask>'s main international airport is located in <mask>.
07/08/2022 15:59:25 - INFO - __main__ - <mask>'s military has been accused of using chemical weapons against civilians in <mask>.
07/08/2022 15:59:26 - INFO - __main__ - <mask> was represented by a single athlete, a female athlete from <mask>.
07/08/2022 15:59:27 - INFO - __main__ - <mask> has a large number of military bases in <mask>.
07/08/2022 15:59:29 - INFO - __main__ - <mask> has stated that it will not allow the use of chemical weapons in <mask>.
07/08/2022 15:59:31 - INFO - __main__ - ****************************
07/08/2022 15:59:31 - INFO - __main__ - *********References*********
07/08/2022 15:59:31 - INFO - __main__ - ['<mask> is the capital of <mask>.']
07/08/2022 16:01:33 - INFO - __main__ - **************** MODEL CONFIGURATION ****************
07/08/2022 16:01:33 - INFO - __main__ - bart_training             -->   True
07/08/2022 16:01:33 - INFO - __main__ - device                    -->   0
07/08/2022 16:01:33 - INFO - __main__ - group_beam                -->   False
07/08/2022 16:01:33 - INFO - __main__ - if_then                   -->   False
07/08/2022 16:01:33 - INFO - __main__ - inductor                  -->   rule
07/08/2022 16:01:33 - INFO - __main__ - log_dir                   -->   logs_new/
07/08/2022 16:01:33 - INFO - __main__ - log_name                  -->   debug
07/08/2022 16:01:33 - INFO - __main__ - mlm_training              -->   True
07/08/2022 16:01:33 - INFO - __main__ - task                      -->   nyt10
07/08/2022 16:01:33 - INFO - __main__ - **************** MODEL CONFIGURATION ****************
07/08/2022 16:05:54 - INFO - __main__ - ***********Input************
07/08/2022 16:05:54 - INFO - __main__ - The United States maintains diplomatic relations with <mask> , but State Department officials say no deeper engagement is warranted until the government in <mask> halts support for radical organizations , including Hezbollah in Lebanon and Hamas in the Palestinian territories . ''
07/08/2022 16:05:55 - INFO - __main__ - *********Hypothesis*********
07/08/2022 16:06:10 - INFO - __main__ - <mask>'s capital and largest city is <mask>.
07/08/2022 16:06:26 - INFO - __main__ - <mask> has a large number of private and public universities, most of which are located in <mask>.
07/08/2022 16:06:29 - INFO - __main__ - <mask>'s largest city is the capital, <mask>.
07/08/2022 16:06:31 - INFO - __main__ - <mask> is the only country to have a permanent embassy in <mask>.
07/08/2022 16:06:32 - INFO - __main__ - <mask>'s military has been accused of using chemical weapons against civilians in <mask>.
07/08/2022 16:06:34 - INFO - __main__ - <mask> has a large number of military bases in <mask>.
07/08/2022 16:06:36 - INFO - __main__ - <mask>: the government has announced that it will build a new nuclear power plant in <mask>.
07/08/2022 16:06:38 - INFO - __main__ - <mask>'s main international airport is located in <mask>.
07/08/2022 16:06:40 - INFO - __main__ - <mask> has stated that it will not allow the use of chemical weapons in <mask>.
07/08/2022 16:06:42 - INFO - __main__ - <mask>'s largest city is the capital <mask>.
07/08/2022 16:06:43 - INFO - __main__ - ****************************
07/09/2022 08:01:01 - INFO - __main__ - **************** MODEL CONFIGURATION ****************
07/09/2022 08:01:01 - INFO - __main__ - bart_training             -->   True
07/09/2022 08:01:01 - INFO - __main__ - device                    -->   0
07/09/2022 08:01:01 - INFO - __main__ - group_beam                -->   True
07/09/2022 08:01:01 - INFO - __main__ - if_then                   -->   False
07/09/2022 08:01:01 - INFO - __main__ - inductor                  -->   rule
07/09/2022 08:01:01 - INFO - __main__ - log_dir                   -->   logs_new/
07/09/2022 08:01:01 - INFO - __main__ - log_name                  -->   debug
07/09/2022 08:01:01 - INFO - __main__ - mlm_training              -->   True
07/09/2022 08:01:01 - INFO - __main__ - task                      -->   semeval
07/09/2022 08:01:01 - INFO - __main__ - **************** MODEL CONFIGURATION ****************
07/09/2022 08:04:54 - INFO - __main__ - **************** MODEL CONFIGURATION ****************
07/09/2022 08:04:54 - INFO - __main__ - bart_training             -->   True
07/09/2022 08:04:54 - INFO - __main__ - device                    -->   0
07/09/2022 08:04:54 - INFO - __main__ - group_beam                -->   True
07/09/2022 08:04:54 - INFO - __main__ - if_then                   -->   False
07/09/2022 08:04:54 - INFO - __main__ - inductor                  -->   rule
07/09/2022 08:04:54 - INFO - __main__ - log_dir                   -->   logs_new/
07/09/2022 08:04:54 - INFO - __main__ - log_name                  -->   debug
07/09/2022 08:04:54 - INFO - __main__ - mlm_training              -->   True
07/09/2022 08:04:54 - INFO - __main__ - task                      -->   semeval
07/09/2022 08:04:54 - INFO - __main__ - **************** MODEL CONFIGURATION ****************
