07/13/2022 06:06:24 - INFO - __main__ - **************** MODEL CONFIGURATION ****************
07/13/2022 06:06:24 - INFO - __main__ - bart_training             -->   True
07/13/2022 06:06:24 - INFO - __main__ - device                    -->   0
07/13/2022 06:06:24 - INFO - __main__ - group_beam                -->   False
07/13/2022 06:06:24 - INFO - __main__ - if_then                   -->   False
07/13/2022 06:06:24 - INFO - __main__ - inductor                  -->   rule
07/13/2022 06:06:24 - INFO - __main__ - log_dir                   -->   logs_new/
07/13/2022 06:06:24 - INFO - __main__ - log_name                  -->   fewrel--STS+dpp
07/13/2022 06:06:24 - INFO - __main__ - mlm_training              -->   True
07/13/2022 06:06:24 - INFO - __main__ - task                      -->   fewrel
07/13/2022 06:06:24 - INFO - __main__ - **************** MODEL CONFIGURATION ****************
07/13/2022 06:09:33 - INFO - __main__ - ***********Input************
07/13/2022 06:09:33 - INFO - __main__ - his guitar work on the title track is credited as what first drew <mask> to him , who two years later invited allman to join him as part of <mask> .
07/13/2022 06:09:33 - INFO - __main__ - *********Hypothesis*********
07/13/2022 06:09:33 - INFO - __main__ - <mask> was renamed to the new york city <mask>.
07/13/2022 06:09:33 - INFO - __main__ - <mask> and the new york city <mask>.
07/13/2022 06:09:33 - INFO - __main__ - <mask> is the son of former professional footballer and manager, cliff <mask>.
07/13/2022 06:09:33 - INFO - __main__ - <mask> had been the only one to have ever been able to get a hold of the real <mask>.
07/13/2022 06:09:33 - INFO - __main__ - <mask>), and the <mask>.
07/13/2022 06:09:33 - INFO - __main__ - <mask> and i were in the same class as jason and <mask>.
07/13/2022 06:09:33 - INFO - __main__ - <mask>, the man who 'd been the one to kill her father, was <mask>.
07/13/2022 06:09:33 - INFO - __main__ - <mask> covered it on his album <mask>.
07/13/2022 06:09:33 - INFO - __main__ - <mask> is a compilation album by the <mask>.
07/13/2022 06:09:33 - INFO - __main__ - <mask> said, `` you're not <mask>.
07/13/2022 06:09:33 - INFO - __main__ - ****************************
07/13/2022 06:09:33 - INFO - __main__ - *********References*********
07/13/2022 06:09:33 - INFO - __main__ - ['<mask> is a member of <mask>.']
07/13/2022 06:09:33 - INFO - __main__ - ****************************
07/13/2022 06:10:38 - INFO - __main__ - ***********Input************
07/13/2022 06:10:38 - INFO - __main__ - in the summer of 1944 it opposed the <mask> ’s <mask> during the lvov - sandomir strategic offensive operation ( 13 july - 29 august 1944 ) .
07/13/2022 06:10:38 - INFO - __main__ - *********Hypothesis*********
07/13/2022 06:10:38 - INFO - __main__ - <mask> were forced to abandon their defensive positions by the advancing <mask>.
07/13/2022 06:10:38 - INFO - __main__ - <mask> would be able to use the airfields to support the advancing <mask>.
07/13/2022 06:10:38 - INFO - __main__ - <mask> military forces were not able to stop the advancing <mask>.
07/13/2022 06:10:38 - INFO - __main__ - <mask>: the term is used to refer to the former <mask>.
07/13/2022 06:10:38 - INFO - __main__ - <mask>, however, had no intention of attacking <mask>.
07/13/2022 06:10:38 - INFO - __main__ - <mask> in the area were not able to stop the advancing <mask>.
07/13/2022 06:10:38 - INFO - __main__ - <mask>, however, was not ready to fight the entire <mask>.
07/13/2022 06:10:38 - INFO - __main__ - <mask> used the airfield as a base for their <mask>.
07/13/2022 06:10:38 - INFO - __main__ - <mask> was the only country to have a regular <mask>.
07/13/2022 06:10:38 - INFO - __main__ - <mask> troops had been withdrawn from the area, and the area was now under the control of <mask>.
07/13/2022 06:10:38 - INFO - __main__ - ****************************
07/13/2022 06:10:38 - INFO - __main__ - *********References*********
07/13/2022 06:10:38 - INFO - __main__ - ['<mask> is part of <mask>.']
07/13/2022 06:10:38 - INFO - __main__ - ****************************
07/13/2022 06:11:31 - INFO - __main__ - ***********Input************
07/13/2022 06:11:31 - INFO - __main__ - the singles released from " <mask> " were " <mask> " , " stuck with me " , " brain stew / jaded " , and " walking contradiction " .
07/13/2022 06:11:31 - INFO - __main__ - *********Hypothesis*********
07/13/2022 06:11:31 - INFO - __main__ - <mask>: the best of <mask>.
07/13/2022 06:11:31 - INFO - __main__ - <mask> is a compilation album by <mask>.
07/13/2022 06:11:31 - INFO - __main__ - <mask> – this is the only album by the band <mask>.
07/13/2022 06:11:31 - INFO - __main__ - <mask> includes the song "<mask>.
07/13/2022 06:11:31 - INFO - __main__ - <mask> features the song "<mask>.
07/13/2022 06:11:31 - INFO - __main__ - <mask> is the follow-up to "<mask>.
07/13/2022 06:11:31 - INFO - __main__ - <mask> features a new version of "<mask>.
07/13/2022 06:11:31 - INFO - __main__ - <mask> – a live version of <mask>.
07/13/2022 06:11:31 - INFO - __main__ - <mask> is the debut studio album by the band <mask>.
07/13/2022 06:11:31 - INFO - __main__ - <mask> was originally titled <mask>.
07/13/2022 06:11:31 - INFO - __main__ - ****************************
07/13/2022 06:11:31 - INFO - __main__ - *********References*********
07/13/2022 06:11:31 - INFO - __main__ - ['<mask> is part of <mask>.']
07/13/2022 06:11:31 - INFO - __main__ - ****************************
07/13/2022 06:23:03 - INFO - __main__ - **************** MODEL CONFIGURATION ****************
07/13/2022 06:23:03 - INFO - __main__ - bart_training             -->   True
07/13/2022 06:23:03 - INFO - __main__ - device                    -->   0
07/13/2022 06:23:03 - INFO - __main__ - group_beam                -->   True
07/13/2022 06:23:03 - INFO - __main__ - if_then                   -->   False
07/13/2022 06:23:03 - INFO - __main__ - inductor                  -->   rule
07/13/2022 06:23:03 - INFO - __main__ - log_dir                   -->   logs_new/
07/13/2022 06:23:03 - INFO - __main__ - log_name                  -->   fewrel--STS+dpp
07/13/2022 06:23:03 - INFO - __main__ - mlm_training              -->   True
07/13/2022 06:23:03 - INFO - __main__ - task                      -->   fewrel
07/13/2022 06:23:03 - INFO - __main__ - **************** MODEL CONFIGURATION ****************
07/13/2022 06:25:57 - INFO - __main__ - ***********Input************
07/13/2022 06:25:57 - INFO - __main__ - his guitar work on the title track is credited as what first drew <mask> to him , who two years later invited allman to join him as part of <mask> .
07/13/2022 06:25:57 - INFO - __main__ - *********Hypothesis*********
07/13/2022 06:25:57 - INFO - __main__ - <mask> was a member of the <mask>.
07/13/2022 06:25:57 - INFO - __main__ - <mask> and the other <mask>.
07/13/2022 06:25:57 - INFO - __main__ - <mask> had been a fan of <mask>.
07/13/2022 06:25:57 - INFO - __main__ - <mask>, the guitarist of <mask>.
07/13/2022 06:25:57 - INFO - __main__ - <mask> had been a member of the <mask>.
07/13/2022 06:25:57 - INFO - __main__ - <mask>'s father had been a member of <mask>.
07/13/2022 06:25:57 - INFO - __main__ - <mask>'s voice was a little too loud for <mask>.
07/13/2022 06:25:57 - INFO - __main__ - <mask> was a big fan of <mask>.
07/13/2022 06:25:57 - INFO - __main__ - <mask>, the guitarist of the <mask>.
07/13/2022 06:25:57 - INFO - __main__ - <mask>, guitarist and singer of <mask>.
07/13/2022 06:25:57 - INFO - __main__ - ****************************
07/13/2022 06:25:57 - INFO - __main__ - *********References*********
07/13/2022 06:25:57 - INFO - __main__ - ['<mask> is a member of <mask>.']
07/13/2022 06:25:57 - INFO - __main__ - ****************************
07/13/2022 06:26:53 - INFO - __main__ - ***********Input************
07/13/2022 06:26:53 - INFO - __main__ - in the summer of 1944 it opposed the <mask> ’s <mask> during the lvov - sandomir strategic offensive operation ( 13 july - 29 august 1944 ) .
07/13/2022 06:26:53 - INFO - __main__ - *********Hypothesis*********
07/13/2022 06:26:53 - INFO - __main__ - <mask> were not allowed to use the name <mask>.
07/13/2022 06:26:53 - INFO - __main__ - <mask>, the main enemy of the <mask>.
07/13/2022 06:26:53 - INFO - __main__ - <mask> troops were sent to the area to assist the <mask>.
07/13/2022 06:26:53 - INFO - __main__ - <mask>, however, had no intention of supporting <mask>.
07/13/2022 06:26:53 - INFO - __main__ - <mask>: the soviet <mask>.
07/13/2022 06:26:53 - INFO - __main__ - <mask> began to build up their <mask>.
07/13/2022 06:26:53 - INFO - __main__ - <mask> in the area were under heavy pressure from the <mask>.
07/13/2022 06:26:53 - INFO - __main__ - <mask>, the main enemy of the red <mask>.
07/13/2022 06:26:53 - INFO - __main__ - <mask>, and the new <mask>.
07/13/2022 06:26:53 - INFO - __main__ - <mask> were not allowed to use the name of <mask>.
07/13/2022 06:26:53 - INFO - __main__ - ****************************
07/13/2022 06:26:53 - INFO - __main__ - *********References*********
07/13/2022 06:26:53 - INFO - __main__ - ['<mask> is part of <mask>.']
07/13/2022 06:26:53 - INFO - __main__ - ****************************
07/13/2022 06:27:55 - INFO - __main__ - ***********Input************
07/13/2022 06:27:55 - INFO - __main__ - the singles released from " <mask> " were " <mask> " , " stuck with me " , " brain stew / jaded " , and " walking contradiction " .
07/13/2022 06:27:55 - INFO - __main__ - *********Hypothesis*********
07/13/2022 06:27:55 - INFO - __main__ - <mask>: the best of <mask>.
07/13/2022 06:27:55 - INFO - __main__ - <mask> is the debut album by the band <mask>.
07/13/2022 06:27:55 - INFO - __main__ - <mask> is a compilation album by the band <mask>.
07/13/2022 06:27:55 - INFO - __main__ - <mask> is a compilation album by <mask>.
07/13/2022 06:27:55 - INFO - __main__ - <mask> is the debut studio album by the band <mask>.
07/13/2022 06:27:55 - INFO - __main__ - <mask> is a compilation album of songs from the band <mask>.
07/13/2022 06:27:55 - INFO - __main__ - <mask> was released as a single, backed with "i'm <mask>.
07/13/2022 06:27:55 - INFO - __main__ - <mask> was originally titled <mask>.
07/13/2022 06:27:55 - INFO - __main__ - <mask> was followed by <mask>.
07/13/2022 06:27:55 - INFO - __main__ - <mask> is the debut studio album by <mask>.
07/13/2022 06:27:55 - INFO - __main__ - ****************************
07/13/2022 06:27:55 - INFO - __main__ - *********References*********
07/13/2022 06:27:55 - INFO - __main__ - ['<mask> is part of <mask>.']
07/13/2022 06:27:55 - INFO - __main__ - ****************************
07/13/2022 06:28:47 - INFO - __main__ - ***********Input************
07/13/2022 06:28:47 - INFO - __main__ - the occupancy of the show surpassed the <mask> films <mask> and freaky ali .
07/13/2022 06:28:47 - INFO - __main__ - *********Hypothesis*********
07/13/2022 06:28:47 - INFO - __main__ - <mask> has a long history of using the term <mask>.
07/13/2022 06:28:47 - INFO - __main__ - <mask> has been a major influence on <mask>.
07/13/2022 06:28:47 - INFO - __main__ - <mask> is the producer of <mask>.
07/13/2022 06:28:47 - INFO - __main__ - <mask>'s most-watched television series is <mask>.
07/13/2022 06:28:47 - INFO - __main__ - <mask> had previously been a major sponsor of <mask>.
07/13/2022 06:28:47 - INFO - __main__ - <mask> has been a major influence on the <mask>.
07/13/2022 06:28:47 - INFO - __main__ - <mask> has been a big influence on me <mask>.
07/13/2022 06:28:47 - INFO - __main__ - <mask> was not the only one who was <mask>.
07/13/2022 06:28:47 - INFO - __main__ - <mask> was not the only one who was interested in <mask>.
07/13/2022 06:28:47 - INFO - __main__ - <mask>, director of <mask>.
07/13/2022 06:28:47 - INFO - __main__ - ****************************
07/13/2022 06:28:47 - INFO - __main__ - *********References*********
07/13/2022 06:28:47 - INFO - __main__ - ['the original language of <mask> is <mask>.']
07/13/2022 06:28:47 - INFO - __main__ - ****************************
07/13/2022 06:29:32 - INFO - __main__ - ***********Input************
07/13/2022 06:29:32 - INFO - __main__ - it broadcasts mostly english language news and current affairs and also broadcasts <mask> the daily rté 1 <mask> language news television programme .
07/13/2022 06:29:32 - INFO - __main__ - *********Hypothesis*********
07/13/2022 06:29:32 - INFO - __main__ - <mask> is a national television channel, broadcasting in <mask>.
07/13/2022 06:29:32 - INFO - __main__ - <mask> is a radio station broadcasting in <mask>.
07/13/2022 06:29:32 - INFO - __main__ - <mask> is a free-to-air television channel broadcasting in <mask>.
07/13/2022 06:29:32 - INFO - __main__ - <mask> was the only major television channel to broadcast in <mask>.
07/13/2022 06:29:32 - INFO - __main__ - <mask>, which is a public television channel, broadcasts in <mask>.
07/13/2022 06:29:32 - INFO - __main__ - <mask> broadcasts the show in <mask>.
07/13/2022 06:29:32 - INFO - __main__ - <mask>, which broadcasts in <mask>.
07/13/2022 06:29:32 - INFO - __main__ - <mask> is the only national broadcaster in the world to broadcast in <mask>.
07/13/2022 06:29:32 - INFO - __main__ - <mask> is the only national news channel in <mask>.
07/13/2022 06:29:32 - INFO - __main__ - <mask> has a number of programmes in <mask>.
07/13/2022 06:29:32 - INFO - __main__ - ****************************
07/13/2022 06:29:32 - INFO - __main__ - *********References*********
07/13/2022 06:29:32 - INFO - __main__ - ['the original language of <mask> is <mask>.']
07/13/2022 06:29:32 - INFO - __main__ - ****************************
07/13/2022 06:30:21 - INFO - __main__ - ***********Input************
07/13/2022 06:30:21 - INFO - __main__ - in 2009 to mark the 125th anniversary of the <mask> he was named by the irish news as one of the all - time best 125 footballers from <mask> .
07/13/2022 06:30:21 - INFO - __main__ - *********Hypothesis*********
07/13/2022 06:30:21 - INFO - __main__ - <mask> is the most popular sport in <mask>.
07/13/2022 06:30:21 - INFO - __main__ - <mask> is a major source of income for the people of <mask>.
07/13/2022 06:30:21 - INFO - __main__ - <mask> has been the most successful club in <mask>.
07/13/2022 06:30:21 - INFO - __main__ - <mask> is the largest and oldest football club in <mask>.
07/13/2022 06:30:21 - INFO - __main__ - <mask> is a national sport in <mask>.
07/13/2022 06:30:21 - INFO - __main__ - <mask>, which is the national sport of <mask>.
07/13/2022 06:30:21 - INFO - __main__ - <mask> has been a major influence on the development of <mask>.
07/13/2022 06:30:21 - INFO - __main__ - <mask>'s main aim is to promote the sport of <mask>.
07/13/2022 06:30:21 - INFO - __main__ - <mask> was an important part of the early history of <mask>.
07/13/2022 06:30:21 - INFO - __main__ - <mask> was founded to promote the sport of football in <mask>.
07/13/2022 06:30:21 - INFO - __main__ - ****************************
07/13/2022 06:30:21 - INFO - __main__ - *********References*********
07/13/2022 06:30:21 - INFO - __main__ - ['<mask> is a member of <mask>.']
07/13/2022 06:30:21 - INFO - __main__ - ****************************
07/13/2022 06:31:22 - INFO - __main__ - ***********Input************
07/13/2022 06:31:22 - INFO - __main__ - as a sergeant in the australian imperial force , mcgee was awarded the victoria cross for his actions in the <mask> — part of the <mask> — on 4 october 1917 .
07/13/2022 06:31:22 - INFO - __main__ - *********Hypothesis*********
07/13/2022 06:31:22 - INFO - __main__ - <mask> and the <mask>.
07/13/2022 06:31:22 - INFO - __main__ - <mask> was a major center of the early <mask>.
07/13/2022 06:31:22 - INFO - __main__ - <mask> was a part of the former <mask>.
07/13/2022 06:31:22 - INFO - __main__ - <mask> was a major part of the <mask>.
07/13/2022 06:31:22 - INFO - __main__ - <mask>: the first <mask>.
07/13/2022 06:31:22 - INFO - __main__ - <mask> is an important part of the modern <mask>.
07/13/2022 06:31:22 - INFO - __main__ - <mask> was a major military force in the early <mask>.
07/13/2022 06:31:22 - INFO - __main__ - <mask>, the main air force of the former <mask>.
07/13/2022 06:31:22 - INFO - __main__ - <mask> was a major naval base in the early <mask>.
07/13/2022 06:31:22 - INFO - __main__ - <mask>, which was then a part of the <mask>.
07/13/2022 06:31:22 - INFO - __main__ - ****************************
07/13/2022 06:31:22 - INFO - __main__ - *********References*********
07/13/2022 06:31:22 - INFO - __main__ - ['<mask> is part of <mask>.']
07/13/2022 06:31:22 - INFO - __main__ - ****************************
07/13/2022 06:32:13 - INFO - __main__ - ***********Input************
07/13/2022 06:32:13 - INFO - __main__ - petrovic made her on – screen debut with a small role in " <mask> " , a 2007 <mask> film directed by milčo mančevski .
07/13/2022 06:32:13 - INFO - __main__ - *********Hypothesis*********
07/13/2022 06:32:13 - INFO - __main__ - <mask>'s name means "the one who is the most beautiful" in <mask>.
07/13/2022 06:32:13 - INFO - __main__ - <mask> is the only one of the main characters to be <mask>.
07/13/2022 06:32:13 - INFO - __main__ - <mask>'s name means "the little one" in <mask>.
07/13/2022 06:32:13 - INFO - __main__ - <mask>, however, was not a <mask>.
07/13/2022 06:32:13 - INFO - __main__ - <mask> has been described as a "national hero" in <mask>.
07/13/2022 06:32:13 - INFO - __main__ - <mask> was a very popular and popular <mask>.
07/13/2022 06:32:13 - INFO - __main__ - <mask> is the name of the town in <mask>.
07/13/2022 06:32:13 - INFO - __main__ - <mask>'s official language is the <mask>.
07/13/2022 06:32:13 - INFO - __main__ - <mask> was the only country to have a national anthem in <mask>.
07/13/2022 06:32:13 - INFO - __main__ - <mask> is a name derived from <mask>.
07/13/2022 06:32:13 - INFO - __main__ - ****************************
07/13/2022 06:32:13 - INFO - __main__ - *********References*********
07/13/2022 06:32:13 - INFO - __main__ - ['the original language of <mask> is <mask>.']
07/13/2022 06:32:13 - INFO - __main__ - ****************************
07/13/2022 06:33:08 - INFO - __main__ - ***********Input************
07/13/2022 06:33:08 - INFO - __main__ - the film is a remake of <mask> movie " <mask> " , starring krishnam raju , jayasudha in the lead roles .
07/13/2022 06:33:08 - INFO - __main__ - *********Hypothesis*********
07/13/2022 06:33:08 - INFO - __main__ - <mask> is the official language of <mask>.
07/13/2022 06:33:08 - INFO - __main__ - <mask> film industry is the largest industry in <mask>.
07/13/2022 06:33:08 - INFO - __main__ - <mask> version of the film was titled <mask>.
07/13/2022 06:33:08 - INFO - __main__ - <mask> version was titled <mask>.
07/13/2022 06:33:08 - INFO - __main__ - <mask> version of the film was titled as <mask>.
07/13/2022 06:33:08 - INFO - __main__ - <mask> language version of the film was titled as <mask>.
07/13/2022 06:33:08 - INFO - __main__ - <mask> literature is known as <mask>.
07/13/2022 06:33:08 - INFO - __main__ - <mask> version was titled as <mask>.
07/13/2022 06:33:08 - INFO - __main__ - <mask> has a similar word, <mask>.
07/13/2022 06:33:08 - INFO - __main__ - <mask> literature is known as the <mask>.
07/13/2022 06:33:08 - INFO - __main__ - ****************************
07/13/2022 06:33:08 - INFO - __main__ - *********References*********
07/13/2022 06:33:08 - INFO - __main__ - ['the original language of <mask> is <mask>.']
07/13/2022 06:33:08 - INFO - __main__ - ****************************
07/13/2022 06:34:05 - INFO - __main__ - ***********Input************
07/13/2022 06:34:05 - INFO - __main__ - fear and trembling ( original title : <mask> ) is a 2003 <mask> film based on the novel of the same name by amélie nothomb .
07/13/2022 06:34:05 - INFO - __main__ - *********Hypothesis*********
07/13/2022 06:34:05 - INFO - __main__ - <mask> is a play written in <mask>.
07/13/2022 06:34:05 - INFO - __main__ - <mask> is a surname and and <mask>.
07/13/2022 06:34:05 - INFO - __main__ - <mask> is an album by <mask>.
07/13/2022 06:34:05 - INFO - __main__ - <mask>, and, was not <mask>.
07/13/2022 06:34:05 - INFO - __main__ - <mask> is a novel by <mask>.
07/13/2022 06:34:05 - INFO - __main__ - <mask> is a <mask>.
07/13/2022 06:34:05 - INFO - __main__ - <mask> is a play in <mask>.
07/13/2022 06:34:05 - INFO - __main__ - <mask> is a name derived from <mask>.
07/13/2022 06:34:05 - INFO - __main__ - <mask> was not a great success and <mask>.
07/13/2022 06:34:05 - INFO - __main__ - <mask> was the only album to be released in <mask>.
07/13/2022 06:34:05 - INFO - __main__ - ****************************
07/13/2022 06:34:05 - INFO - __main__ - *********References*********
07/13/2022 06:34:05 - INFO - __main__ - ['the original language of <mask> is <mask>.']
07/13/2022 06:34:05 - INFO - __main__ - ****************************
07/13/2022 06:35:03 - INFO - __main__ - ***********Input************
07/13/2022 06:35:03 - INFO - __main__ - <mask> ( born 10 january 1990 ) is a german footballer who plays as a <mask> for spvgg unterhaching .
07/13/2022 06:35:03 - INFO - __main__ - *********Hypothesis*********
07/13/2022 06:35:03 - INFO - __main__ - <mask> is a <mask>.
07/13/2022 06:35:03 - INFO - __main__ - <mask> is a midfielder and <mask>.
07/13/2022 06:35:03 - INFO - __main__ - <mask> is a midfielder <mask>.
07/13/2022 06:35:03 - INFO - __main__ - <mask> was the club's <mask>.
07/13/2022 06:35:03 - INFO - __main__ - <mask>, footballer who plays as <mask>.
07/13/2022 06:35:03 - INFO - __main__ - <mask> is a former <mask>.
07/13/2022 06:35:03 - INFO - __main__ - <mask>: a. müller <mask>.
07/13/2022 06:35:03 - INFO - __main__ - <mask> played as a <mask>.
07/13/2022 06:35:03 - INFO - __main__ - <mask>, who was a <mask>.
07/13/2022 06:35:03 - INFO - __main__ - <mask>, who plays as <mask>.
07/13/2022 06:35:03 - INFO - __main__ - ****************************
07/13/2022 06:35:03 - INFO - __main__ - *********References*********
07/13/2022 06:35:03 - INFO - __main__ - ['<mask> plays in <mask> position.']
07/13/2022 06:35:03 - INFO - __main__ - ****************************
07/13/2022 06:36:03 - INFO - __main__ - ***********Input************
07/13/2022 06:36:03 - INFO - __main__ - wester ross is well known for its mountain scenery , especially the <mask> which includes such peaks as beinn eighe and <mask> .
07/13/2022 06:36:03 - INFO - __main__ - *********Hypothesis*********
07/13/2022 06:36:03 - INFO - __main__ - <mask> is a short form of <mask>.
07/13/2022 06:36:03 - INFO - __main__ - <mask>'s name is derived from the gaelic word <mask>.
07/13/2022 06:36:03 - INFO - __main__ - <mask> is a short form of the <mask>.
07/13/2022 06:36:03 - INFO - __main__ - <mask> is the northernmost point of <mask>.
07/13/2022 06:36:03 - INFO - __main__ - <mask> lies to the north of <mask>.
07/13/2022 06:36:03 - INFO - __main__ - <mask> was the son of <mask>.
07/13/2022 06:36:03 - INFO - __main__ - <mask> was the son of the <mask>.
07/13/2022 06:36:03 - INFO - __main__ - <mask> is the son of the late lord <mask>.
07/13/2022 06:36:03 - INFO - __main__ - <mask>'s name is derived from the gaelic <mask>.
07/13/2022 06:36:03 - INFO - __main__ - <mask> is a surname, derived from the gaelic word <mask>.
07/13/2022 06:36:03 - INFO - __main__ - ****************************
07/13/2022 06:36:03 - INFO - __main__ - *********References*********
07/13/2022 06:36:03 - INFO - __main__ - ['<mask> is part of <mask>.']
07/13/2022 06:36:03 - INFO - __main__ - ****************************
07/13/2022 06:36:57 - INFO - __main__ - ***********Input************
07/13/2022 06:36:57 - INFO - __main__ - <mask> ( born 23 august 1994 ) is an afghan international footballer who plays as a <mask> .
07/13/2022 06:36:57 - INFO - __main__ - *********Hypothesis*********
07/13/2022 06:36:57 - INFO - __main__ - <mask> is a <mask>.
07/13/2022 06:36:57 - INFO - __main__ - <mask> was a <mask>.
07/13/2022 06:36:57 - INFO - __main__ - <mask> was the club's <mask>.
07/13/2022 06:36:57 - INFO - __main__ - <mask> is the current <mask>.
07/13/2022 06:36:57 - INFO - __main__ - <mask> played as a <mask>.
07/13/2022 06:36:57 - INFO - __main__ - <mask>, who was a <mask>.
07/13/2022 06:36:57 - INFO - __main__ - <mask> started his career as a <mask>.
07/13/2022 06:36:57 - INFO - __main__ - <mask> is a midfielder <mask>.
07/13/2022 06:36:57 - INFO - __main__ - <mask> was a right-handed <mask>.
07/13/2022 06:36:57 - INFO - __main__ - <mask>, who plays as <mask>.
07/13/2022 06:36:57 - INFO - __main__ - ****************************
07/13/2022 06:36:57 - INFO - __main__ - *********References*********
07/13/2022 06:36:57 - INFO - __main__ - ['<mask> plays in <mask> position.']
07/13/2022 06:36:57 - INFO - __main__ - ****************************
07/13/2022 06:37:51 - INFO - __main__ - ***********Input************
07/13/2022 06:37:51 - INFO - __main__ - the company was formed by steve nardelli and <mask> of the psychedelic prog band <mask> .
07/13/2022 06:37:51 - INFO - __main__ - *********Hypothesis*********
07/13/2022 06:37:51 - INFO - __main__ - <mask> was a member of the band <mask>.
07/13/2022 06:37:51 - INFO - __main__ - <mask> is a former member of the band <mask>.
07/13/2022 06:37:51 - INFO - __main__ - <mask>, the lead singer of the <mask>.
07/13/2022 06:37:51 - INFO - __main__ - <mask> was an <mask>.
07/13/2022 06:37:51 - INFO - __main__ - <mask>, the lead singer of <mask>.
07/13/2022 06:37:51 - INFO - __main__ - <mask>, the leader of the <mask>.
07/13/2022 06:37:51 - INFO - __main__ - <mask> was a member of <mask>.
07/13/2022 06:37:51 - INFO - __main__ - <mask> and his band were <mask>.
07/13/2022 06:37:51 - INFO - __main__ - <mask> is a member of the rock band <mask>.
07/13/2022 06:37:51 - INFO - __main__ - <mask> is a former member of <mask>.
07/13/2022 06:37:51 - INFO - __main__ - ****************************
07/13/2022 06:37:51 - INFO - __main__ - *********References*********
07/13/2022 06:37:51 - INFO - __main__ - ['<mask> is a member of <mask>.']
07/13/2022 06:37:51 - INFO - __main__ - ****************************
07/13/2022 06:38:44 - INFO - __main__ - ***********Input************
07/13/2022 06:38:44 - INFO - __main__ - the <mask> ( ) metro station is located on the red line of the <mask> .
07/13/2022 06:38:44 - INFO - __main__ - *********Hypothesis*********
07/13/2022 06:38:44 - INFO - __main__ - <mask> is a station on the <mask>.
07/13/2022 06:38:44 - INFO - __main__ - <mask> is a station of <mask>.
07/13/2022 06:38:44 - INFO - __main__ - <mask> is served by the <mask>.
07/13/2022 06:38:44 - INFO - __main__ - <mask> has a rapid transit system, <mask>.
07/13/2022 06:38:44 - INFO - __main__ - <mask> metro station is a station of <mask>.
07/13/2022 06:38:44 - INFO - __main__ - <mask> is a station on <mask>.
07/13/2022 06:38:44 - INFO - __main__ - <mask> station is a station of the <mask>.
07/13/2022 06:38:44 - INFO - __main__ - <mask> metro a station on <mask>.
07/13/2022 06:38:44 - INFO - __main__ - <mask> is served by <mask>.
07/13/2022 06:38:44 - INFO - __main__ - <mask> is a station on the line of <mask>.
07/13/2022 06:38:44 - INFO - __main__ - ****************************
07/13/2022 06:38:44 - INFO - __main__ - *********References*********
07/13/2022 06:38:44 - INFO - __main__ - ['<mask> is part of <mask>.']
07/13/2022 06:38:44 - INFO - __main__ - ****************************
07/13/2022 06:39:41 - INFO - __main__ - ***********Input************
07/13/2022 06:39:41 - INFO - __main__ - kane 's ultimate version was introduced in " ultimate x - men " # 76 , where he is once again a partner to <mask> , domino and the other <mask> team members .
07/13/2022 06:39:41 - INFO - __main__ - *********Hypothesis*********
07/13/2022 06:39:41 - INFO - __main__ - <mask> had been a member of the original <mask>.
07/13/2022 06:39:41 - INFO - __main__ - <mask> was a member of the elite <mask>.
07/13/2022 06:39:41 - INFO - __main__ - <mask> was the only one who knew about the new <mask>.
07/13/2022 06:39:41 - INFO - __main__ - <mask> and i were the only ones who knew about the new <mask>.
07/13/2022 06:39:41 - INFO - __main__ - <mask> is a member of the <mask>.
07/13/2022 06:39:41 - INFO - __main__ - <mask>'s voice was a little too loud for <mask>.
07/13/2022 06:39:41 - INFO - __main__ - <mask>, i'm sorry i didn't tell you about <mask>.
07/13/2022 06:39:41 - INFO - __main__ - <mask>'s eyes widened as he saw the other <mask>.
07/13/2022 06:39:41 - INFO - __main__ - <mask> was a member of the <mask>.
07/13/2022 06:39:41 - INFO - __main__ - <mask>'s eyes were wide, and he looked at <mask>.
07/13/2022 06:39:41 - INFO - __main__ - ****************************
07/13/2022 06:39:41 - INFO - __main__ - *********References*********
07/13/2022 06:39:41 - INFO - __main__ - ['<mask> is a member of <mask>.']
07/13/2022 06:39:41 - INFO - __main__ - ****************************
07/13/2022 06:40:59 - INFO - __main__ - ***********Input************
07/13/2022 06:40:59 - INFO - __main__ - <mask> ( born 15 december 1990 in plymouth , trinidad and tobago ) , is an international football player from trinidad and tobagosoca warriors who plays as a <mask> for juticalpa .
07/13/2022 06:40:59 - INFO - __main__ - *********Hypothesis*********
07/13/2022 06:40:59 - INFO - __main__ - <mask> is a <mask>.
07/13/2022 06:40:59 - INFO - __main__ - <mask> is a midfielder who plays as a <mask>.
07/13/2022 06:40:59 - INFO - __main__ - <mask> is a midfielder <mask>.
07/13/2022 06:40:59 - INFO - __main__ - <mask> was the team's <mask>.
07/13/2022 06:40:59 - INFO - __main__ - <mask> – forward <mask>.
07/13/2022 06:40:59 - INFO - __main__ - <mask> – midfielder and <mask>.
07/13/2022 06:40:59 - INFO - __main__ - <mask> was a <mask>.
07/13/2022 06:40:59 - INFO - __main__ - <mask> was the team's top <mask>.
07/13/2022 06:40:59 - INFO - __main__ - <mask> played as a <mask>.
07/13/2022 06:40:59 - INFO - __main__ - <mask> was named as <mask>.
07/13/2022 06:40:59 - INFO - __main__ - ****************************
07/13/2022 06:40:59 - INFO - __main__ - *********References*********
07/13/2022 06:40:59 - INFO - __main__ - ['<mask> plays in <mask> position.']
07/13/2022 06:40:59 - INFO - __main__ - ****************************
07/13/2022 06:41:50 - INFO - __main__ - ***********Input************
07/13/2022 06:41:50 - INFO - __main__ - <mask> ( born 14 september 1995 ) is a scottish professional footballer who plays as a <mask> for kilmarnock , on loan from newcastle united .
07/13/2022 06:41:50 - INFO - __main__ - *********Hypothesis*********
07/13/2022 06:41:50 - INFO - __main__ - <mask> is a <mask>.
07/13/2022 06:41:50 - INFO - __main__ - <mask> is a former professional <mask>.
07/13/2022 06:41:50 - INFO - __main__ - <mask> is a professional <mask>.
07/13/2022 06:41:50 - INFO - __main__ - <mask>, footballer who plays as a <mask>.
07/13/2022 06:41:50 - INFO - __main__ - <mask> is a former <mask>.
07/13/2022 06:41:50 - INFO - __main__ - <mask> – former professional <mask>.
07/13/2022 06:41:50 - INFO - __main__ - <mask> – former <mask>.
07/13/2022 06:41:50 - INFO - __main__ - <mask>, professional footballer, <mask>.
07/13/2022 06:41:50 - INFO - __main__ - <mask> played as a <mask>.
07/13/2022 06:41:50 - INFO - __main__ - <mask> was the club's most successful <mask>.
07/13/2022 06:41:50 - INFO - __main__ - ****************************
07/13/2022 06:41:50 - INFO - __main__ - *********References*********
07/13/2022 06:41:50 - INFO - __main__ - ['<mask> plays in <mask> position.']
07/13/2022 06:41:50 - INFO - __main__ - ****************************
07/13/2022 06:42:48 - INFO - __main__ - ***********Input************
07/13/2022 06:42:48 - INFO - __main__ - <mask> ( 15 september 1930 – 12 january 2006 ) was a swiss football <mask> who played for switzerland in the 1962 fifa world cup .
07/13/2022 06:42:48 - INFO - __main__ - *********Hypothesis*********
07/13/2022 06:42:48 - INFO - __main__ - <mask> is a midfielder <mask>.
07/13/2022 06:42:48 - INFO - __main__ - <mask> is a <mask>.
07/13/2022 06:42:48 - INFO - __main__ - <mask> was a <mask>.
07/13/2022 06:42:48 - INFO - __main__ - <mask> was the team's most <mask>.
07/13/2022 06:42:48 - INFO - __main__ - <mask> was the team's <mask>.
07/13/2022 06:42:48 - INFO - __main__ - <mask> started his career as a <mask>.
07/13/2022 06:42:48 - INFO - __main__ - <mask>, who is <mask>.
07/13/2022 06:42:48 - INFO - __main__ - <mask> is a former <mask>.
07/13/2022 06:42:48 - INFO - __main__ - <mask> was the club's <mask>.
07/13/2022 06:42:48 - INFO - __main__ - <mask>, who was a <mask>.
07/13/2022 06:42:48 - INFO - __main__ - ****************************
07/13/2022 06:42:48 - INFO - __main__ - *********References*********
07/13/2022 06:42:48 - INFO - __main__ - ['<mask> plays in <mask> position.']
07/13/2022 06:42:48 - INFO - __main__ - ****************************
07/13/2022 06:43:47 - INFO - __main__ - ***********Input************
07/13/2022 06:43:47 - INFO - __main__ - he belonged to the <mask> , of <mask> and bernard silvestris .
07/13/2022 06:43:47 - INFO - __main__ - *********Hypothesis*********
07/13/2022 06:43:47 - INFO - __main__ - <mask> is a family of <mask>.
07/13/2022 06:43:47 - INFO - __main__ - <mask> is a family of plants in the genus <mask>.
07/13/2022 06:43:47 - INFO - __main__ - <mask> is a family of the family vespidae.<mask>.
07/13/2022 06:43:47 - INFO - __main__ - <mask> is a family of the <mask>.
07/13/2022 06:43:47 - INFO - __main__ - <mask>, the most important of the ancient <mask>.
07/13/2022 06:43:47 - INFO - __main__ - <mask> is the only known family of <mask>.
07/13/2022 06:43:47 - INFO - __main__ - <mask> species are found in the <mask>.
07/13/2022 06:43:47 - INFO - __main__ - <mask> was a name for a number of different groups of <mask>.
07/13/2022 06:43:47 - INFO - __main__ - <mask> is a subfamily of <mask>.
07/13/2022 06:43:47 - INFO - __main__ - <mask> and other plants are used as food plants in <mask>.
07/13/2022 06:43:47 - INFO - __main__ - ****************************
07/13/2022 06:43:47 - INFO - __main__ - *********References*********
07/13/2022 06:43:47 - INFO - __main__ - ['<mask> is a member of <mask>.']
07/13/2022 06:43:47 - INFO - __main__ - ****************************
07/13/2022 06:43:48 - INFO - __main__ - Task: fewrel
07/13/2022 06:43:48 - INFO - __main__ - bleu-4: 0.00996801306221337
07/13/2022 06:43:48 - INFO - __main__ - bleu-3: 0.03792716083898051
07/13/2022 06:43:48 - INFO - __main__ - bleu-2: 0.12513930046734692
07/13/2022 06:43:48 - INFO - __main__ - bleu-1: 0.33193838695589906
07/13/2022 06:43:48 - INFO - __main__ - METEOR: 0.30174683712577255
07/13/2022 06:43:48 - INFO - __main__ - ROUGE-L: 0.44497172040206096
07/13/2022 06:43:48 - INFO - __main__ - entailment score(mean-mean): 0.30302820748796877
07/13/2022 06:43:48 - INFO - __main__ - entailment score(mean-max): 0.7317441664170474
07/13/2022 06:43:48 - INFO - __main__ - entailment score(mean-min): 0.04567756265842036
07/13/2022 06:43:48 - INFO - __main__ - self-BLEU-2: 0.9008821850884343
07/13/2022 06:43:48 - INFO - __main__ - avg: 0.2086152364753789
07/13/2022 06:43:48 - INFO - __main__ - *******************************************************
07/13/2022 06:43:48 - INFO - __main__ - *******************************************************
07/13/2022 06:43:48 - INFO - __main__ - *******************************************************
07/13/2022 06:45:27 - INFO - __main__ - **************** MODEL CONFIGURATION ****************
07/13/2022 06:45:27 - INFO - __main__ - bart_training             -->   True
07/13/2022 06:45:27 - INFO - __main__ - device                    -->   0
07/13/2022 06:45:27 - INFO - __main__ - group_beam                -->   True
07/13/2022 06:45:27 - INFO - __main__ - if_then                   -->   False
07/13/2022 06:45:27 - INFO - __main__ - inductor                  -->   rule
07/13/2022 06:45:27 - INFO - __main__ - log_dir                   -->   logs_new/
07/13/2022 06:45:27 - INFO - __main__ - log_name                  -->   fewrel--STS+dpp
07/13/2022 06:45:27 - INFO - __main__ - mlm_training              -->   True
07/13/2022 06:45:27 - INFO - __main__ - task                      -->   fewrel
07/13/2022 06:45:27 - INFO - __main__ - **************** MODEL CONFIGURATION ****************
07/13/2022 06:48:40 - INFO - __main__ - **************** MODEL CONFIGURATION ****************
07/13/2022 06:48:40 - INFO - __main__ - bart_training             -->   True
07/13/2022 06:48:40 - INFO - __main__ - device                    -->   0
07/13/2022 06:48:40 - INFO - __main__ - group_beam                -->   True
07/13/2022 06:48:40 - INFO - __main__ - if_then                   -->   False
07/13/2022 06:48:40 - INFO - __main__ - inductor                  -->   rule
07/13/2022 06:48:40 - INFO - __main__ - log_dir                   -->   logs_new/
07/13/2022 06:48:40 - INFO - __main__ - log_name                  -->   fewrel--STS+dpp
07/13/2022 06:48:40 - INFO - __main__ - mlm_training              -->   True
07/13/2022 06:48:40 - INFO - __main__ - task                      -->   fewrel
07/13/2022 06:48:40 - INFO - __main__ - **************** MODEL CONFIGURATION ****************
07/13/2022 06:56:40 - INFO - __main__ - **************** MODEL CONFIGURATION ****************
07/13/2022 06:56:40 - INFO - __main__ - bart_training             -->   True
07/13/2022 06:56:40 - INFO - __main__ - device                    -->   0
07/13/2022 06:56:40 - INFO - __main__ - group_beam                -->   True
07/13/2022 06:56:40 - INFO - __main__ - if_then                   -->   False
07/13/2022 06:56:40 - INFO - __main__ - inductor                  -->   rule
07/13/2022 06:56:40 - INFO - __main__ - log_dir                   -->   logs_new/
07/13/2022 06:56:40 - INFO - __main__ - log_name                  -->   fewrel--STS+dpp
07/13/2022 06:56:40 - INFO - __main__ - mlm_training              -->   True
07/13/2022 06:56:40 - INFO - __main__ - task                      -->   fewrel
07/13/2022 06:56:40 - INFO - __main__ - **************** MODEL CONFIGURATION ****************
07/13/2022 06:59:38 - INFO - __main__ - ***********Input************
07/13/2022 06:59:38 - INFO - __main__ - his guitar work on the title track is credited as what first drew <mask> to him , who two years later invited allman to join him as part of <mask> .
07/13/2022 06:59:38 - INFO - __main__ - *********Hypothesis*********
07/13/2022 06:59:38 - INFO - __main__ - bill and <mask> were both members in <mask>.
07/13/2022 06:59:38 - INFO - __main__ - south the the.<mask> <mask>.
07/13/2022 06:59:38 - INFO - __main__ - <mask> grateful dead <mask>.
07/13/2022 06:59:38 - INFO - __main__ - .<mask> grateful dead <mask>.
07/13/2022 06:59:38 - INFO - __main__ - <mask> is a member of the rock band <mask>.
07/13/2022 06:59:38 - INFO - __main__ - <mask> the a member of <mask>.
07/13/2022 06:59:38 - INFO - __main__ - jackjack the <mask> jackman <mask>.
07/13/2022 06:59:38 - INFO - __main__ - boyfriend of <mask> and a member of that <mask>.
07/13/2022 06:59:38 - INFO - __main__ - ****************************
07/13/2022 06:59:38 - INFO - __main__ - *********References*********
07/13/2022 06:59:38 - INFO - __main__ - ['<mask> is a member of <mask>.']
07/13/2022 06:59:38 - INFO - __main__ - ****************************
07/13/2022 07:00:32 - INFO - __main__ - ***********Input************
07/13/2022 07:00:32 - INFO - __main__ - in the summer of 1944 it opposed the <mask> ’s <mask> during the lvov - sandomir strategic offensive operation ( 13 july - 29 august 1944 ) .
07/13/2022 07:00:32 - INFO - __main__ - *********Hypothesis*********
07/13/2022 07:00:32 - INFO - __main__ - no proper relation hypothesis
07/13/2022 07:00:32 - INFO - __main__ - ****************************
07/13/2022 07:00:32 - INFO - __main__ - *********References*********
07/13/2022 07:00:32 - INFO - __main__ - ['<mask> is part of <mask>.']
07/13/2022 07:00:32 - INFO - __main__ - ****************************
07/13/2022 07:00:32 - WARNING - __main__ - Skip self-bleu-2 in example: in the summer of 1944 it opposed the <mask> ’s <mask> during the lvov - sandomir strategic offensive operation ( 13 july - 29 august 1944 ) ..
07/13/2022 07:01:43 - INFO - __main__ - **************** MODEL CONFIGURATION ****************
07/13/2022 07:01:43 - INFO - __main__ - bart_training             -->   True
07/13/2022 07:01:43 - INFO - __main__ - device                    -->   0
07/13/2022 07:01:43 - INFO - __main__ - group_beam                -->   True
07/13/2022 07:01:43 - INFO - __main__ - if_then                   -->   False
07/13/2022 07:01:43 - INFO - __main__ - inductor                  -->   rule
07/13/2022 07:01:43 - INFO - __main__ - log_dir                   -->   logs_new/
07/13/2022 07:01:43 - INFO - __main__ - log_name                  -->   fewrel--STS+dpp
07/13/2022 07:01:43 - INFO - __main__ - mlm_training              -->   True
07/13/2022 07:01:43 - INFO - __main__ - task                      -->   fewrel
07/13/2022 07:01:43 - INFO - __main__ - **************** MODEL CONFIGURATION ****************
07/13/2022 07:04:48 - INFO - __main__ - ***********Input************
07/13/2022 07:04:48 - INFO - __main__ - his guitar work on the title track is credited as what first drew <mask> to him , who two years later invited allman to join him as part of <mask> .
07/13/2022 07:04:48 - INFO - __main__ - *********Hypothesis*********
07/13/2022 07:04:48 - INFO - __main__ - <mask> and his band <mask>.
07/13/2022 07:04:48 - INFO - __main__ - <mask> had been a member of <mask>.
07/13/2022 07:04:48 - INFO - __main__ - <mask> is a song by <mask>.
07/13/2022 07:04:48 - INFO - __main__ - <mask> is a member of <mask>.
07/13/2022 07:04:48 - INFO - __main__ - <mask>, guitarist and singer of <mask>.
07/13/2022 07:04:48 - INFO - __main__ - <mask>: the essential <mask>.
07/13/2022 07:04:48 - INFO - __main__ - <mask> and i were in <mask>.
07/13/2022 07:04:48 - INFO - __main__ - <mask> rock band <mask>.
07/13/2022 07:04:48 - INFO - __main__ - <mask> was the only one who knew the name <mask>.
07/13/2022 07:04:48 - INFO - __main__ - <mask>, you're not going to <mask>.
07/13/2022 07:04:48 - INFO - __main__ - ****************************
07/13/2022 07:04:48 - INFO - __main__ - *********References*********
07/13/2022 07:04:48 - INFO - __main__ - ['<mask> is a member of <mask>.']
07/13/2022 07:04:48 - INFO - __main__ - ****************************
07/13/2022 07:05:39 - INFO - __main__ - ***********Input************
07/13/2022 07:05:39 - INFO - __main__ - in the summer of 1944 it opposed the <mask> ’s <mask> during the lvov - sandomir strategic offensive operation ( 13 july - 29 august 1944 ) .
07/13/2022 07:05:39 - INFO - __main__ - *********Hypothesis*********
07/13/2022 07:05:39 - INFO - __main__ - <mask> was the main force of <mask>.
07/13/2022 07:05:39 - INFO - __main__ - <mask> had been the main enemy of <mask>.
07/13/2022 07:05:39 - INFO - __main__ - <mask> were not allowed to leave their homes without permission from <mask>.
07/13/2022 07:05:39 - INFO - __main__ - <mask>, and the rest of <mask>.
07/13/2022 07:05:39 - INFO - __main__ - <mask>-controlled factories and factories were destroyed by <mask>.
07/13/2022 07:05:39 - INFO - __main__ - <mask>, which was now in charge of <mask>.
07/13/2022 07:05:39 - INFO - __main__ - <mask> troops were stationed in the city and <mask>.
07/13/2022 07:05:39 - INFO - __main__ - <mask>, however, had no intention of supporting <mask>.
07/13/2022 07:05:39 - INFO - __main__ - <mask>-controlled airfields were used by <mask>.
07/13/2022 07:05:39 - INFO - __main__ - <mask> was a part of <mask>.
07/13/2022 07:05:39 - INFO - __main__ - ****************************
07/13/2022 07:05:39 - INFO - __main__ - *********References*********
07/13/2022 07:05:39 - INFO - __main__ - ['<mask> is part of <mask>.']
07/13/2022 07:05:39 - INFO - __main__ - ****************************
07/13/2022 07:06:41 - INFO - __main__ - ***********Input************
07/13/2022 07:06:41 - INFO - __main__ - the singles released from " <mask> " were " <mask> " , " stuck with me " , " brain stew / jaded " , and " walking contradiction " .
07/13/2022 07:06:41 - INFO - __main__ - *********Hypothesis*********
07/13/2022 07:06:41 - INFO - __main__ - <mask>: the best of <mask>.
07/13/2022 07:06:41 - INFO - __main__ - <mask> is a compilation album by <mask>.
07/13/2022 07:06:41 - INFO - __main__ - <mask> was originally titled <mask>.
07/13/2022 07:06:41 - INFO - __main__ - <mask> was followed by <mask>.
07/13/2022 07:06:41 - INFO - __main__ - <mask> is a compilation album by the <mask>.
07/13/2022 07:06:41 - INFO - __main__ - <mask>: a collection of songs from <mask>.
07/13/2022 07:06:41 - INFO - __main__ - <mask> contains a sample of "<mask>.
07/13/2022 07:06:41 - INFO - __main__ - <mask>: the b-side of <mask>.
07/13/2022 07:06:41 - INFO - __main__ - <mask> – "i'm <mask>.
07/13/2022 07:06:41 - INFO - __main__ - <mask> is a song by the <mask>.
07/13/2022 07:06:41 - INFO - __main__ - ****************************
07/13/2022 07:06:41 - INFO - __main__ - *********References*********
07/13/2022 07:06:41 - INFO - __main__ - ['<mask> is part of <mask>.']
07/13/2022 07:06:41 - INFO - __main__ - ****************************
07/13/2022 07:07:32 - INFO - __main__ - ***********Input************
07/13/2022 07:07:32 - INFO - __main__ - the occupancy of the show surpassed the <mask> films <mask> and freaky ali .
07/13/2022 07:07:32 - INFO - __main__ - *********Hypothesis*********
07/13/2022 07:07:32 - INFO - __main__ - <mask> citizens are not allowed to use the term <mask>.
07/13/2022 07:07:32 - INFO - __main__ - <mask> was not the only one who was interested in <mask>.
07/13/2022 07:07:32 - INFO - __main__ - <mask> and the other <mask>.
07/13/2022 07:07:32 - INFO - __main__ - <mask> military personnel are often referred to as <mask>.
07/13/2022 07:07:32 - INFO - __main__ - <mask>'s most famous and popular character is <mask>.
07/13/2022 07:07:32 - INFO - __main__ - <mask> film is the most popular genre of <mask>.
07/13/2022 07:07:32 - INFO - __main__ - <mask> wrote and directed the film, <mask>.
07/13/2022 07:07:32 - INFO - __main__ - <mask>'s most-watched television series is <mask>.
07/13/2022 07:07:32 - INFO - __main__ - <mask>'s "disney" is a reference to <mask>.
07/13/2022 07:07:32 - INFO - __main__ - <mask> soldiers and sailors were killed in the battle, including a young <mask>.
07/13/2022 07:07:32 - INFO - __main__ - ****************************
07/13/2022 07:07:32 - INFO - __main__ - *********References*********
07/13/2022 07:07:32 - INFO - __main__ - ['the original language of <mask> is <mask>.']
07/13/2022 07:07:32 - INFO - __main__ - ****************************
07/13/2022 07:08:17 - INFO - __main__ - ***********Input************
07/13/2022 07:08:17 - INFO - __main__ - it broadcasts mostly english language news and current affairs and also broadcasts <mask> the daily rté 1 <mask> language news television programme .
07/13/2022 07:08:17 - INFO - __main__ - *********Hypothesis*********
07/13/2022 07:08:17 - INFO - __main__ - <mask> is a free-to-air television channel broadcasting in <mask>.
07/13/2022 07:08:17 - INFO - __main__ - <mask> is a non-profit organization that provides free education in <mask>.
07/13/2022 07:08:17 - INFO - __main__ - <mask> has a number of different forms of the word "counsel" in <mask>.
07/13/2022 07:08:17 - INFO - __main__ - <mask> has been criticized for its lack of coverage of the <mask>.
07/13/2022 07:08:17 - INFO - __main__ - <mask> is a free-to-air radio station broadcasting in <mask>.
07/13/2022 07:08:17 - INFO - __main__ - <mask> was not a commercial success, but it was a success in <mask>.
07/13/2022 07:08:17 - INFO - __main__ - <mask> is the only one of the group to speak <mask>.
07/13/2022 07:08:17 - INFO - __main__ - <mask> is the most widely spoken language in the country, followed by <mask>.
07/13/2022 07:08:17 - INFO - __main__ - <mask> and other languages are taught in schools and universities, but most students are taught <mask>.
07/13/2022 07:08:17 - INFO - __main__ - <mask> was used as a medium of instruction for the students, and the curriculum was taught in <mask>.
07/13/2022 07:08:17 - INFO - __main__ - ****************************
07/13/2022 07:08:17 - INFO - __main__ - *********References*********
07/13/2022 07:08:17 - INFO - __main__ - ['the original language of <mask> is <mask>.']
07/13/2022 07:08:17 - INFO - __main__ - ****************************
07/13/2022 07:09:08 - INFO - __main__ - ***********Input************
07/13/2022 07:09:08 - INFO - __main__ - in 2009 to mark the 125th anniversary of the <mask> he was named by the irish news as one of the all - time best 125 footballers from <mask> .
07/13/2022 07:09:08 - INFO - __main__ - *********Hypothesis*********
07/13/2022 07:09:08 - INFO - __main__ - <mask> is the only national football association in <mask>.
07/13/2022 07:09:08 - INFO - __main__ - <mask> is the largest and oldest football club in <mask>.
07/13/2022 07:09:08 - INFO - __main__ - <mask>'s name is a play on the word <mask>.
07/13/2022 07:09:08 - INFO - __main__ - <mask> is a major source of income for the people of <mask>.
07/13/2022 07:09:08 - INFO - __main__ - <mask> has been a long-standing supporter of the development of <mask>.
07/13/2022 07:09:08 - INFO - __main__ - <mask> was an important part of the early history of <mask>.
07/13/2022 07:09:08 - INFO - __main__ - <mask> has been a major sponsor of the sport of rugby union in <mask>.
07/13/2022 07:09:08 - INFO - __main__ - <mask> is a major international rugby union club based in <mask>.
07/13/2022 07:09:08 - INFO - __main__ - <mask> was a short-lived football competition in <mask>.
07/13/2022 07:09:08 - INFO - __main__ - <mask> was not the only one to be <mask>.
07/13/2022 07:09:08 - INFO - __main__ - ****************************
07/13/2022 07:09:08 - INFO - __main__ - *********References*********
07/13/2022 07:09:08 - INFO - __main__ - ['<mask> is a member of <mask>.']
07/13/2022 07:09:08 - INFO - __main__ - ****************************
07/13/2022 07:10:09 - INFO - __main__ - ***********Input************
07/13/2022 07:10:09 - INFO - __main__ - as a sergeant in the australian imperial force , mcgee was awarded the victoria cross for his actions in the <mask> — part of the <mask> — on 4 october 1917 .
07/13/2022 07:10:09 - INFO - __main__ - *********Hypothesis*********
07/13/2022 07:10:09 - INFO - __main__ - <mask> and the <mask>.
07/13/2022 07:10:09 - INFO - __main__ - <mask>'s main objective was to capture the <mask>.
07/13/2022 07:10:09 - INFO - __main__ - <mask>, which was a part of the <mask>.
07/13/2022 07:10:09 - INFO - __main__ - <mask> is a small town in the <mask>.
07/13/2022 07:10:09 - INFO - __main__ - <mask> had been a part of <mask>.
07/13/2022 07:10:09 - INFO - __main__ - <mask> is an important part of the modern <mask>.
07/13/2022 07:10:09 - INFO - __main__ - <mask> is a former <mask>.
07/13/2022 07:10:09 - INFO - __main__ - <mask> was then sent to the <mask>.
07/13/2022 07:10:09 - INFO - __main__ - <mask> was a major center of the <mask>.
07/13/2022 07:10:09 - INFO - __main__ - <mask> and the other frontiers were in the area of <mask>.
07/13/2022 07:10:09 - INFO - __main__ - ****************************
07/13/2022 07:10:09 - INFO - __main__ - *********References*********
07/13/2022 07:10:09 - INFO - __main__ - ['<mask> is part of <mask>.']
07/13/2022 07:10:09 - INFO - __main__ - ****************************
07/13/2022 07:11:02 - INFO - __main__ - ***********Input************
07/13/2022 07:11:02 - INFO - __main__ - petrovic made her on – screen debut with a small role in " <mask> " , a 2007 <mask> film directed by milčo mančevski .
07/13/2022 07:11:02 - INFO - __main__ - *********Hypothesis*********
07/13/2022 07:11:02 - INFO - __main__ - <mask>, however, was not a <mask>.
07/13/2022 07:11:02 - INFO - __main__ - <mask> is a name derived from <mask>.
07/13/2022 07:11:02 - INFO - __main__ - <mask> has been translated into <mask>.
07/13/2022 07:11:02 - INFO - __main__ - <mask> is a common name for the species in <mask>.
07/13/2022 07:11:02 - INFO - __main__ - <mask> was not the only one to be influenced by <mask>.
07/13/2022 07:11:02 - INFO - __main__ - <mask> has been described as a "national language" and is considered a dialect of <mask>.
07/13/2022 07:11:02 - INFO - __main__ - <mask> was an important center for the study of <mask>.
07/13/2022 07:11:02 - INFO - __main__ - <mask> was an important source of information for the early <mask>.
07/13/2022 07:11:02 - INFO - __main__ - <mask>, however, was not a single <mask>.
07/13/2022 07:11:02 - INFO - __main__ - <mask> has been the most successful club in <mask>.
07/13/2022 07:11:02 - INFO - __main__ - ****************************
07/13/2022 07:11:02 - INFO - __main__ - *********References*********
07/13/2022 07:11:02 - INFO - __main__ - ['the original language of <mask> is <mask>.']
07/13/2022 07:11:02 - INFO - __main__ - ****************************
07/13/2022 07:12:03 - INFO - __main__ - ***********Input************
07/13/2022 07:12:03 - INFO - __main__ - the film is a remake of <mask> movie " <mask> " , starring krishnam raju , jayasudha in the lead roles .
07/13/2022 07:12:03 - INFO - __main__ - *********Hypothesis*********
07/13/2022 07:12:03 - INFO - __main__ - <mask> is the official language of <mask>.
07/13/2022 07:12:03 - INFO - __main__ - <mask> film industry is the largest industry in <mask>.
07/13/2022 07:12:03 - INFO - __main__ - <mask> version of the film was titled <mask>.
07/13/2022 07:12:03 - INFO - __main__ - <mask> is the native language of <mask>.
07/13/2022 07:12:03 - INFO - __main__ - <mask> version of the film was titled as <mask>.
07/13/2022 07:12:03 - INFO - __main__ - <mask> has a similar word, <mask>.
07/13/2022 07:12:03 - INFO - __main__ - <mask> version was titled <mask>.
07/13/2022 07:12:03 - INFO - __main__ - <mask> version was titled as <mask>.
07/13/2022 07:12:03 - INFO - __main__ - <mask> was the language of the people of <mask>.
07/13/2022 07:12:03 - INFO - __main__ - <mask> has a similar name, <mask>.
07/13/2022 07:12:03 - INFO - __main__ - ****************************
07/13/2022 07:12:03 - INFO - __main__ - *********References*********
07/13/2022 07:12:03 - INFO - __main__ - ['the original language of <mask> is <mask>.']
07/13/2022 07:12:03 - INFO - __main__ - ****************************
07/13/2022 07:12:47 - INFO - __main__ - ***********Input************
07/13/2022 07:12:47 - INFO - __main__ - fear and trembling ( original title : <mask> ) is a 2003 <mask> film based on the novel of the same name by amélie nothomb .
07/13/2022 07:12:47 - INFO - __main__ - *********Hypothesis*********
07/13/2022 07:12:47 - INFO - __main__ - <mask> is an album by <mask>.
07/13/2022 07:12:47 - INFO - __main__ - <mask> is a <mask>.
07/13/2022 07:12:47 - INFO - __main__ - <mask> was translated into <mask>.
07/13/2022 07:12:47 - INFO - __main__ - <mask> has been translated into <mask>.
07/13/2022 07:12:47 - INFO - __main__ - <mask> is a play in <mask>.
07/13/2022 07:12:47 - INFO - __main__ - <mask> is a novel by <mask>.
07/13/2022 07:12:47 - INFO - __main__ - <mask> was the only one of the group to speak <mask>.
07/13/2022 07:12:47 - INFO - __main__ - <mask> is a compilation album by <mask>.
07/13/2022 07:12:47 - INFO - __main__ - <mask> was not a great success in <mask>.
07/13/2022 07:12:47 - INFO - __main__ - <mask>: a young <mask>.
07/13/2022 07:12:47 - INFO - __main__ - ****************************
07/13/2022 07:12:47 - INFO - __main__ - *********References*********
07/13/2022 07:12:47 - INFO - __main__ - ['the original language of <mask> is <mask>.']
07/13/2022 07:12:47 - INFO - __main__ - ****************************
07/13/2022 07:13:37 - INFO - __main__ - ***********Input************
07/13/2022 07:13:37 - INFO - __main__ - <mask> ( born 10 january 1990 ) is a german footballer who plays as a <mask> for spvgg unterhaching .
07/13/2022 07:13:37 - INFO - __main__ - *********Hypothesis*********
07/13/2022 07:13:37 - INFO - __main__ - <mask> is a <mask>.
07/13/2022 07:13:37 - INFO - __main__ - <mask> played as a <mask>.
07/13/2022 07:13:37 - INFO - __main__ - <mask> is a former <mask>.
07/13/2022 07:13:37 - INFO - __main__ - <mask>, professional footballer, <mask>.
07/13/2022 07:13:37 - INFO - __main__ - <mask>, who plays as <mask>.
07/13/2022 07:13:37 - INFO - __main__ - <mask>, footballer who plays as <mask>.
07/13/2022 07:13:37 - INFO - __main__ - <mask>, professional footballer <mask>.
07/13/2022 07:13:37 - INFO - __main__ - <mask> started his career as a <mask>.
07/13/2022 07:13:37 - INFO - __main__ - <mask> – for services to <mask>.
07/13/2022 07:13:37 - INFO - __main__ - <mask>: die welt im <mask>.
07/13/2022 07:13:37 - INFO - __main__ - ****************************
07/13/2022 07:13:37 - INFO - __main__ - *********References*********
07/13/2022 07:13:37 - INFO - __main__ - ['<mask> plays in <mask> position.']
07/13/2022 07:13:37 - INFO - __main__ - ****************************
07/13/2022 07:14:42 - INFO - __main__ - ***********Input************
07/13/2022 07:14:42 - INFO - __main__ - wester ross is well known for its mountain scenery , especially the <mask> which includes such peaks as beinn eighe and <mask> .
07/13/2022 07:14:42 - INFO - __main__ - *********Hypothesis*********
07/13/2022 07:14:42 - INFO - __main__ - <mask> lies to the north and west of <mask>.
07/13/2022 07:14:42 - INFO - __main__ - <mask> has been identified as the source of the river <mask>.
07/13/2022 07:14:42 - INFO - __main__ - <mask>, an island, is located to the north of <mask>.
07/13/2022 07:14:42 - INFO - __main__ - <mask> and its <mask>.
07/13/2022 07:14:42 - INFO - __main__ - <mask> lies to the north and east of <mask>.
07/13/2022 07:14:42 - INFO - __main__ - <mask> is located on the western side of <mask>.
07/13/2022 07:14:42 - INFO - __main__ - <mask> lies just to the west of <mask>.
07/13/2022 07:14:42 - INFO - __main__ - <mask>'s name is derived from the gaelic word <mask>.
07/13/2022 07:14:42 - INFO - __main__ - <mask> has been identified as a possible source for <mask>.
07/13/2022 07:14:42 - INFO - __main__ - <mask> lies to the west, and the highest point is <mask>.
07/13/2022 07:14:42 - INFO - __main__ - ****************************
07/13/2022 07:14:42 - INFO - __main__ - *********References*********
07/13/2022 07:14:42 - INFO - __main__ - ['<mask> is part of <mask>.']
07/13/2022 07:14:42 - INFO - __main__ - ****************************
07/13/2022 07:15:28 - INFO - __main__ - ***********Input************
07/13/2022 07:15:28 - INFO - __main__ - <mask> ( born 23 august 1994 ) is an afghan international footballer who plays as a <mask> .
07/13/2022 07:15:28 - INFO - __main__ - *********Hypothesis*********
07/13/2022 07:15:28 - INFO - __main__ - <mask> is a <mask>.
07/13/2022 07:15:28 - INFO - __main__ - <mask> played as a <mask>.
07/13/2022 07:15:28 - INFO - __main__ - <mask> started his career as a <mask>.
07/13/2022 07:15:28 - INFO - __main__ - <mask> plays as a <mask>.
07/13/2022 07:15:28 - INFO - __main__ - <mask>, who plays as <mask>.
07/13/2022 07:15:28 - INFO - __main__ - <mask> was the club's <mask>.
07/13/2022 07:15:28 - INFO - __main__ - <mask> is a midfielder <mask>.
07/13/2022 07:15:28 - INFO - __main__ - <mask>, who is <mask>.
07/13/2022 07:15:28 - INFO - __main__ - <mask> is the current <mask>.
07/13/2022 07:15:28 - INFO - __main__ - <mask> started his career with the club as a <mask>.
07/13/2022 07:15:28 - INFO - __main__ - ****************************
07/13/2022 07:15:28 - INFO - __main__ - *********References*********
07/13/2022 07:15:28 - INFO - __main__ - ['<mask> plays in <mask> position.']
07/13/2022 07:15:28 - INFO - __main__ - ****************************
07/13/2022 07:16:20 - INFO - __main__ - ***********Input************
07/13/2022 07:16:20 - INFO - __main__ - the company was formed by steve nardelli and <mask> of the psychedelic prog band <mask> .
07/13/2022 07:16:20 - INFO - __main__ - *********Hypothesis*********
07/13/2022 07:16:20 - INFO - __main__ - <mask> was a big fan of <mask>.
07/13/2022 07:16:20 - INFO - __main__ - <mask> had been a big fan of <mask>.
07/13/2022 07:16:20 - INFO - __main__ - <mask> was a member of <mask>.
07/13/2022 07:16:20 - INFO - __main__ - <mask> is an <mask>.
07/13/2022 07:16:20 - INFO - __main__ - <mask> is an old <mask>.
07/13/2022 07:16:20 - INFO - __main__ - <mask>, the man who had been <mask>.
07/13/2022 07:16:20 - INFO - __main__ - <mask>, who was a member of the group <mask>.
07/13/2022 07:16:20 - INFO - __main__ - <mask> was in the middle of <mask>.
07/13/2022 07:16:20 - INFO - __main__ - <mask>, who was a big fan of <mask>.
07/13/2022 07:16:20 - INFO - __main__ - <mask> was a member of the german national team <mask>.
07/13/2022 07:16:20 - INFO - __main__ - ****************************
07/13/2022 07:16:20 - INFO - __main__ - *********References*********
07/13/2022 07:16:20 - INFO - __main__ - ['<mask> is a member of <mask>.']
07/13/2022 07:16:20 - INFO - __main__ - ****************************
07/13/2022 07:17:10 - INFO - __main__ - ***********Input************
07/13/2022 07:17:10 - INFO - __main__ - the <mask> ( ) metro station is located on the red line of the <mask> .
07/13/2022 07:17:10 - INFO - __main__ - *********Hypothesis*********
07/13/2022 07:17:10 - INFO - __main__ - <mask> is served by the <mask>.
07/13/2022 07:17:10 - INFO - __main__ - <mask> is a station on the <mask>.
07/13/2022 07:17:10 - INFO - __main__ - <mask> is a station of <mask>.
07/13/2022 07:17:10 - INFO - __main__ - <mask> station is a station of the <mask>.
07/13/2022 07:17:10 - INFO - __main__ - <mask> metro station is a station of <mask>.
07/13/2022 07:17:10 - INFO - __main__ - <mask>'s metro system is a branch of <mask>.
07/13/2022 07:17:10 - INFO - __main__ - <mask> is served by the s-bahn and <mask>.
07/13/2022 07:17:10 - INFO - __main__ - <mask> is station on the <mask>.
07/13/2022 07:17:10 - INFO - __main__ - <mask> is an underground station on line 1 of <mask>.
07/13/2022 07:17:10 - INFO - __main__ - <mask> has been served by several lines of <mask>.
07/13/2022 07:17:10 - INFO - __main__ - ****************************
07/13/2022 07:17:10 - INFO - __main__ - *********References*********
07/13/2022 07:17:10 - INFO - __main__ - ['<mask> is part of <mask>.']
07/13/2022 07:17:10 - INFO - __main__ - ****************************
07/13/2022 07:18:02 - INFO - __main__ - ***********Input************
07/13/2022 07:18:02 - INFO - __main__ - kane 's ultimate version was introduced in " ultimate x - men " # 76 , where he is once again a partner to <mask> , domino and the other <mask> team members .
07/13/2022 07:18:02 - INFO - __main__ - *********Hypothesis*********
07/13/2022 07:18:02 - INFO - __main__ - <mask> had been a member of the original <mask>.
07/13/2022 07:18:02 - INFO - __main__ - <mask> was the only one who knew about the new <mask>.
07/13/2022 07:18:02 - INFO - __main__ - <mask> was a member of the elite <mask>.
07/13/2022 07:18:02 - INFO - __main__ - <mask> is a member of <mask>.
07/13/2022 07:18:02 - INFO - __main__ - <mask> was a member of the original <mask>.
07/13/2022 07:18:02 - INFO - __main__ - <mask>'s eyes widened as he saw the other <mask>.
07/13/2022 07:18:02 - INFO - __main__ - <mask> is a member of the <mask>.
07/13/2022 07:18:02 - INFO - __main__ - <mask>'s voice was a little too loud for <mask>.
07/13/2022 07:18:02 - INFO - __main__ - <mask>'s eyes were wide, and he looked at <mask>.
07/13/2022 07:18:02 - INFO - __main__ - <mask>, youre not going to be able to stop <mask>.
07/13/2022 07:18:02 - INFO - __main__ - ****************************
07/13/2022 07:18:02 - INFO - __main__ - *********References*********
07/13/2022 07:18:02 - INFO - __main__ - ['<mask> is a member of <mask>.']
07/13/2022 07:18:02 - INFO - __main__ - ****************************
07/13/2022 07:19:01 - INFO - __main__ - ***********Input************
07/13/2022 07:19:01 - INFO - __main__ - <mask> ( born 15 december 1990 in plymouth , trinidad and tobago ) , is an international football player from trinidad and tobagosoca warriors who plays as a <mask> for juticalpa .
07/13/2022 07:19:01 - INFO - __main__ - *********Hypothesis*********
07/13/2022 07:19:01 - INFO - __main__ - <mask> is a <mask>.
07/13/2022 07:19:01 - INFO - __main__ - <mask> – forward, <mask>.
07/13/2022 07:19:01 - INFO - __main__ - <mask> was a <mask>.
07/13/2022 07:19:01 - INFO - __main__ - <mask>: formerly a <mask>.
07/13/2022 07:19:01 - INFO - __main__ - <mask> as a <mask>.
07/13/2022 07:19:01 - INFO - __main__ - <mask> was named <mask>.
07/13/2022 07:19:01 - INFO - __main__ - <mask> – forward <mask>.
07/13/2022 07:19:01 - INFO - __main__ - <mask> was a midfielderfield <mask>.
07/13/2022 07:19:01 - INFO - __main__ - <mask>, footballer who plays as <mask>.
07/13/2022 07:19:01 - INFO - __main__ - <mask>, former professional <mask>.
07/13/2022 07:19:01 - INFO - __main__ - ****************************
07/13/2022 07:19:01 - INFO - __main__ - *********References*********
07/13/2022 07:19:01 - INFO - __main__ - ['<mask> plays in <mask> position.']
07/13/2022 07:19:01 - INFO - __main__ - ****************************
07/13/2022 07:19:43 - INFO - __main__ - ***********Input************
07/13/2022 07:19:43 - INFO - __main__ - <mask> ( born 14 september 1995 ) is a scottish professional footballer who plays as a <mask> for kilmarnock , on loan from newcastle united .
07/13/2022 07:19:43 - INFO - __main__ - *********Hypothesis*********
07/13/2022 07:19:43 - INFO - __main__ - <mask> played as a <mask>.
07/13/2022 07:19:43 - INFO - __main__ - <mask> was the club's most successful <mask>.
07/13/2022 07:19:43 - INFO - __main__ - <mask> is a former professional <mask>.
07/13/2022 07:19:43 - INFO - __main__ - <mask> – former professional <mask>.
07/13/2022 07:19:43 - INFO - __main__ - <mask>, professional footballer, <mask>.
07/13/2022 07:19:43 - INFO - __main__ - <mask>, footballer who plays as a <mask>.
07/13/2022 07:19:43 - INFO - __main__ - <mask> was a right-handed <mask>.
07/13/2022 07:19:43 - INFO - __main__ - <mask> was the team's top <mask>.
07/13/2022 07:19:43 - INFO - __main__ - <mask> (1954–2008) – <mask>.
07/13/2022 07:19:43 - INFO - __main__ - <mask> was named as the tournament's <mask>.
07/13/2022 07:19:43 - INFO - __main__ - ****************************
07/13/2022 07:19:43 - INFO - __main__ - *********References*********
07/13/2022 07:19:43 - INFO - __main__ - ['<mask> plays in <mask> position.']
07/13/2022 07:19:43 - INFO - __main__ - ****************************
07/13/2022 07:20:31 - INFO - __main__ - ***********Input************
07/13/2022 07:20:31 - INFO - __main__ - <mask> ( 15 september 1930 – 12 january 2006 ) was a swiss football <mask> who played for switzerland in the 1962 fifa world cup .
07/13/2022 07:20:31 - INFO - __main__ - *********Hypothesis*********
07/13/2022 07:20:31 - INFO - __main__ - <mask> is a <mask>.
07/13/2022 07:20:31 - INFO - __main__ - <mask> is a former <mask>.
07/13/2022 07:20:31 - INFO - __main__ - <mask> played as a <mask>.
07/13/2022 07:20:31 - INFO - __main__ - <mask> was a <mask>.
07/13/2022 07:20:31 - INFO - __main__ - <mask>, professional soccer <mask>.
07/13/2022 07:20:31 - INFO - __main__ - <mask>: a young, <mask>.
07/13/2022 07:20:31 - INFO - __main__ - <mask>: a young <mask>.
07/13/2022 07:20:31 - INFO - __main__ - <mask> is a former professional <mask>.
07/13/2022 07:20:31 - INFO - __main__ - <mask> played as a midfielder or <mask>.
07/13/2022 07:20:31 - INFO - __main__ - <mask> – for services. as <mask>.
07/13/2022 07:20:31 - INFO - __main__ - ****************************
07/13/2022 07:20:31 - INFO - __main__ - *********References*********
07/13/2022 07:20:31 - INFO - __main__ - ['<mask> plays in <mask> position.']
07/13/2022 07:20:31 - INFO - __main__ - ****************************
07/13/2022 07:21:29 - INFO - __main__ - ***********Input************
07/13/2022 07:21:29 - INFO - __main__ - he belonged to the <mask> , of <mask> and bernard silvestris .
07/13/2022 07:21:29 - INFO - __main__ - *********Hypothesis*********
07/13/2022 07:21:29 - INFO - __main__ - <mask>, including the genus <mask>.
07/13/2022 07:21:29 - INFO - __main__ - <mask> of the world: a monograph of the genus <mask>.
07/13/2022 07:21:29 - INFO - __main__ - <mask> in the order <mask>.
07/13/2022 07:21:29 - INFO - __main__ - <mask> species are included in the genus <mask>.
07/13/2022 07:21:29 - INFO - __main__ - <mask> have been found to be parasitised by <mask>.
07/13/2022 07:21:29 - INFO - __main__ - <mask> and some other life forms of <mask>.
07/13/2022 07:21:29 - INFO - __main__ - <mask>, the most important of the world's <mask>.
07/13/2022 07:21:29 - INFO - __main__ - <mask> and moths of the family <mask>.
07/13/2022 07:21:29 - INFO - __main__ - <mask> (mollusca) of <mask>.
07/13/2022 07:21:29 - INFO - __main__ - <mask> are the major food plants for the larvae of <mask>.
07/13/2022 07:21:29 - INFO - __main__ - ****************************
07/13/2022 07:21:29 - INFO - __main__ - *********References*********
07/13/2022 07:21:29 - INFO - __main__ - ['<mask> is a member of <mask>.']
07/13/2022 07:21:29 - INFO - __main__ - ****************************
07/13/2022 07:21:29 - INFO - __main__ - Task: fewrel
07/13/2022 07:21:29 - INFO - __main__ - bleu-4: 0.018077323610087622
07/13/2022 07:21:29 - INFO - __main__ - bleu-3: 0.03403881809971491
07/13/2022 07:21:29 - INFO - __main__ - bleu-2: 0.11981939558091981
07/13/2022 07:21:29 - INFO - __main__ - bleu-1: 0.31482335412322426
07/13/2022 07:21:29 - INFO - __main__ - METEOR: 0.2882134294937786
07/13/2022 07:21:29 - INFO - __main__ - ROUGE-L: 0.43484154085956817
07/13/2022 07:21:29 - INFO - __main__ - entailment score(mean-mean): 0.278822744633635
07/13/2022 07:21:29 - INFO - __main__ - entailment score(mean-max): 0.7519287195987999
07/13/2022 07:21:29 - INFO - __main__ - entailment score(mean-min): 0.0058933806652930795
07/13/2022 07:21:29 - INFO - __main__ - self-BLEU-2: 0.8835051244796119
07/13/2022 07:21:30 - INFO - __main__ - avg: 0.20163564362788222
07/13/2022 07:21:30 - INFO - __main__ - *******************************************************
07/13/2022 07:21:30 - INFO - __main__ - *******************************************************
07/13/2022 07:21:30 - INFO - __main__ - *******************************************************
07/13/2022 10:06:15 - INFO - __main__ - **************** MODEL CONFIGURATION ****************
07/13/2022 10:06:15 - INFO - __main__ - bart_training             -->   True
07/13/2022 10:06:15 - INFO - __main__ - device                    -->   0
07/13/2022 10:06:15 - INFO - __main__ - group_beam                -->   True
07/13/2022 10:06:15 - INFO - __main__ - if_then                   -->   False
07/13/2022 10:06:15 - INFO - __main__ - inductor                  -->   rule
07/13/2022 10:06:15 - INFO - __main__ - log_dir                   -->   logs_new/
07/13/2022 10:06:15 - INFO - __main__ - log_name                  -->   fewrel--STS+dpp
07/13/2022 10:06:15 - INFO - __main__ - mlm_training              -->   True
07/13/2022 10:06:15 - INFO - __main__ - task                      -->   fewrel
07/13/2022 10:06:15 - INFO - __main__ - **************** MODEL CONFIGURATION ****************
07/13/2022 10:09:05 - INFO - __main__ - ***********Input************
07/13/2022 10:09:05 - INFO - __main__ - his guitar work on the title track is credited as what first drew <mask> to him , who two years later invited allman to join him as part of <mask> .
07/13/2022 10:09:05 - INFO - __main__ - *********Hypothesis*********
07/13/2022 10:09:05 - INFO - __main__ - no proper relation hypothesis
07/13/2022 10:09:05 - INFO - __main__ - ****************************
07/13/2022 10:09:05 - INFO - __main__ - *********References*********
07/13/2022 10:09:05 - INFO - __main__ - ['<mask> is a member of <mask>.']
07/13/2022 10:09:05 - INFO - __main__ - ****************************
07/13/2022 10:09:08 - WARNING - __main__ - Skip self-bleu-2 in example: his guitar work on the title track is credited as what first drew <mask> to him , who two years later invited allman to join him as part of <mask> ..
07/13/2022 10:10:00 - INFO - __main__ - ***********Input************
07/13/2022 10:10:00 - INFO - __main__ - in the summer of 1944 it opposed the <mask> ’s <mask> during the lvov - sandomir strategic offensive operation ( 13 july - 29 august 1944 ) .
07/13/2022 10:10:00 - INFO - __main__ - *********Hypothesis*********
07/13/2022 10:10:00 - INFO - __main__ - no proper relation hypothesis
07/13/2022 10:10:00 - INFO - __main__ - ****************************
07/13/2022 10:10:00 - INFO - __main__ - *********References*********
07/13/2022 10:10:00 - INFO - __main__ - ['<mask> is part of <mask>.']
07/13/2022 10:10:00 - INFO - __main__ - ****************************
07/13/2022 10:10:01 - WARNING - __main__ - Skip self-bleu-2 in example: in the summer of 1944 it opposed the <mask> ’s <mask> during the lvov - sandomir strategic offensive operation ( 13 july - 29 august 1944 ) ..
07/13/2022 10:11:05 - INFO - __main__ - ***********Input************
07/13/2022 10:11:05 - INFO - __main__ - the singles released from " <mask> " were " <mask> " , " stuck with me " , " brain stew / jaded " , and " walking contradiction " .
07/13/2022 10:11:05 - INFO - __main__ - *********Hypothesis*********
07/13/2022 10:11:05 - INFO - __main__ - no proper relation hypothesis
07/13/2022 10:11:05 - INFO - __main__ - ****************************
07/13/2022 10:11:05 - INFO - __main__ - *********References*********
07/13/2022 10:11:05 - INFO - __main__ - ['<mask> is part of <mask>.']
07/13/2022 10:11:05 - INFO - __main__ - ****************************
07/13/2022 10:11:05 - WARNING - __main__ - Skip self-bleu-2 in example: the singles released from " <mask> " were " <mask> " , " stuck with me " , " brain stew / jaded " , and " walking contradiction " ..
07/13/2022 10:11:58 - INFO - __main__ - ***********Input************
07/13/2022 10:11:58 - INFO - __main__ - the occupancy of the show surpassed the <mask> films <mask> and freaky ali .
07/13/2022 10:11:58 - INFO - __main__ - *********Hypothesis*********
07/13/2022 10:11:58 - INFO - __main__ - no proper relation hypothesis
07/13/2022 10:11:58 - INFO - __main__ - ****************************
07/13/2022 10:11:58 - INFO - __main__ - *********References*********
07/13/2022 10:11:58 - INFO - __main__ - ['the original language of <mask> is <mask>.']
07/13/2022 10:11:58 - INFO - __main__ - ****************************
07/13/2022 10:11:58 - WARNING - __main__ - Skip self-bleu-2 in example: the occupancy of the show surpassed the <mask> films <mask> and freaky ali ..
07/13/2022 10:12:41 - INFO - __main__ - ***********Input************
07/13/2022 10:12:41 - INFO - __main__ - it broadcasts mostly english language news and current affairs and also broadcasts <mask> the daily rté 1 <mask> language news television programme .
07/13/2022 10:12:41 - INFO - __main__ - *********Hypothesis*********
07/13/2022 10:12:41 - INFO - __main__ - no proper relation hypothesis
07/13/2022 10:12:41 - INFO - __main__ - ****************************
07/13/2022 10:12:41 - INFO - __main__ - *********References*********
07/13/2022 10:12:41 - INFO - __main__ - ['the original language of <mask> is <mask>.']
07/13/2022 10:12:41 - INFO - __main__ - ****************************
07/13/2022 10:12:41 - WARNING - __main__ - Skip self-bleu-2 in example: it broadcasts mostly english language news and current affairs and also broadcasts <mask> the daily rté 1 <mask> language news television programme ..
07/13/2022 10:13:32 - INFO - __main__ - ***********Input************
07/13/2022 10:13:32 - INFO - __main__ - in 2009 to mark the 125th anniversary of the <mask> he was named by the irish news as one of the all - time best 125 footballers from <mask> .
07/13/2022 10:13:32 - INFO - __main__ - *********Hypothesis*********
07/13/2022 10:13:32 - INFO - __main__ - no proper relation hypothesis
07/13/2022 10:13:32 - INFO - __main__ - ****************************
07/13/2022 10:13:32 - INFO - __main__ - *********References*********
07/13/2022 10:13:32 - INFO - __main__ - ['<mask> is a member of <mask>.']
07/13/2022 10:13:32 - INFO - __main__ - ****************************
07/13/2022 10:13:32 - WARNING - __main__ - Skip self-bleu-2 in example: in 2009 to mark the 125th anniversary of the <mask> he was named by the irish news as one of the all - time best 125 footballers from <mask> ..
07/13/2022 10:14:36 - INFO - __main__ - ***********Input************
07/13/2022 10:14:36 - INFO - __main__ - as a sergeant in the australian imperial force , mcgee was awarded the victoria cross for his actions in the <mask> — part of the <mask> — on 4 october 1917 .
07/13/2022 10:14:36 - INFO - __main__ - *********Hypothesis*********
07/13/2022 10:14:36 - INFO - __main__ - no proper relation hypothesis
07/13/2022 10:14:36 - INFO - __main__ - ****************************
07/13/2022 10:14:36 - INFO - __main__ - *********References*********
07/13/2022 10:14:36 - INFO - __main__ - ['<mask> is part of <mask>.']
07/13/2022 10:14:36 - INFO - __main__ - ****************************
07/13/2022 10:14:36 - WARNING - __main__ - Skip self-bleu-2 in example: as a sergeant in the australian imperial force , mcgee was awarded the victoria cross for his actions in the <mask> — part of the <mask> — on 4 october 1917 ..
07/13/2022 10:15:28 - INFO - __main__ - ***********Input************
07/13/2022 10:15:28 - INFO - __main__ - petrovic made her on – screen debut with a small role in " <mask> " , a 2007 <mask> film directed by milčo mančevski .
07/13/2022 10:15:28 - INFO - __main__ - *********Hypothesis*********
07/13/2022 10:15:28 - INFO - __main__ - no proper relation hypothesis
07/13/2022 10:15:28 - INFO - __main__ - ****************************
07/13/2022 10:15:28 - INFO - __main__ - *********References*********
07/13/2022 10:15:28 - INFO - __main__ - ['the original language of <mask> is <mask>.']
07/13/2022 10:15:28 - INFO - __main__ - ****************************
07/13/2022 10:15:28 - WARNING - __main__ - Skip self-bleu-2 in example: petrovic made her on – screen debut with a small role in " <mask> " , a 2007 <mask> film directed by milčo mančevski ..
07/13/2022 10:16:24 - INFO - __main__ - ***********Input************
07/13/2022 10:16:24 - INFO - __main__ - the film is a remake of <mask> movie " <mask> " , starring krishnam raju , jayasudha in the lead roles .
07/13/2022 10:16:24 - INFO - __main__ - *********Hypothesis*********
07/13/2022 10:16:24 - INFO - __main__ - no proper relation hypothesis
07/13/2022 10:16:24 - INFO - __main__ - ****************************
07/13/2022 10:16:24 - INFO - __main__ - *********References*********
07/13/2022 10:16:24 - INFO - __main__ - ['the original language of <mask> is <mask>.']
07/13/2022 10:16:24 - INFO - __main__ - ****************************
07/13/2022 10:16:24 - WARNING - __main__ - Skip self-bleu-2 in example: the film is a remake of <mask> movie " <mask> " , starring krishnam raju , jayasudha in the lead roles ..
07/13/2022 10:17:17 - INFO - __main__ - ***********Input************
07/13/2022 10:17:17 - INFO - __main__ - fear and trembling ( original title : <mask> ) is a 2003 <mask> film based on the novel of the same name by amélie nothomb .
07/13/2022 10:17:17 - INFO - __main__ - *********Hypothesis*********
07/13/2022 10:17:17 - INFO - __main__ - no proper relation hypothesis
07/13/2022 10:17:17 - INFO - __main__ - ****************************
07/13/2022 10:17:17 - INFO - __main__ - *********References*********
07/13/2022 10:17:17 - INFO - __main__ - ['the original language of <mask> is <mask>.']
07/13/2022 10:17:17 - INFO - __main__ - ****************************
07/13/2022 10:17:17 - WARNING - __main__ - Skip self-bleu-2 in example: fear and trembling ( original title : <mask> ) is a 2003 <mask> film based on the novel of the same name by amélie nothomb ..
07/13/2022 10:18:17 - INFO - __main__ - ***********Input************
07/13/2022 10:18:17 - INFO - __main__ - <mask> ( born 10 january 1990 ) is a german footballer who plays as a <mask> for spvgg unterhaching .
07/13/2022 10:18:17 - INFO - __main__ - *********Hypothesis*********
07/13/2022 10:18:17 - INFO - __main__ - no proper relation hypothesis
07/13/2022 10:18:17 - INFO - __main__ - ****************************
07/13/2022 10:18:17 - INFO - __main__ - *********References*********
07/13/2022 10:18:17 - INFO - __main__ - ['<mask> plays in <mask> position.']
07/13/2022 10:18:17 - INFO - __main__ - ****************************
07/13/2022 10:18:17 - WARNING - __main__ - Skip self-bleu-2 in example: <mask> ( born 10 january 1990 ) is a german footballer who plays as a <mask> for spvgg unterhaching ..
07/13/2022 10:19:19 - INFO - __main__ - ***********Input************
07/13/2022 10:19:19 - INFO - __main__ - wester ross is well known for its mountain scenery , especially the <mask> which includes such peaks as beinn eighe and <mask> .
07/13/2022 10:19:19 - INFO - __main__ - *********Hypothesis*********
07/13/2022 10:19:19 - INFO - __main__ - no proper relation hypothesis
07/13/2022 10:19:19 - INFO - __main__ - ****************************
07/13/2022 10:19:19 - INFO - __main__ - *********References*********
07/13/2022 10:19:19 - INFO - __main__ - ['<mask> is part of <mask>.']
07/13/2022 10:19:19 - INFO - __main__ - ****************************
07/13/2022 10:19:20 - WARNING - __main__ - Skip self-bleu-2 in example: wester ross is well known for its mountain scenery , especially the <mask> which includes such peaks as beinn eighe and <mask> ..
07/13/2022 10:20:17 - INFO - __main__ - ***********Input************
07/13/2022 10:20:17 - INFO - __main__ - <mask> ( born 23 august 1994 ) is an afghan international footballer who plays as a <mask> .
07/13/2022 10:20:17 - INFO - __main__ - *********Hypothesis*********
07/13/2022 10:20:17 - INFO - __main__ - no proper relation hypothesis
07/13/2022 10:20:17 - INFO - __main__ - ****************************
07/13/2022 10:20:17 - INFO - __main__ - *********References*********
07/13/2022 10:20:17 - INFO - __main__ - ['<mask> plays in <mask> position.']
07/13/2022 10:20:17 - INFO - __main__ - ****************************
07/13/2022 10:20:17 - WARNING - __main__ - Skip self-bleu-2 in example: <mask> ( born 23 august 1994 ) is an afghan international footballer who plays as a <mask> ..
07/13/2022 10:21:13 - INFO - __main__ - ***********Input************
07/13/2022 10:21:13 - INFO - __main__ - the company was formed by steve nardelli and <mask> of the psychedelic prog band <mask> .
07/13/2022 10:21:13 - INFO - __main__ - *********Hypothesis*********
07/13/2022 10:21:13 - INFO - __main__ - no proper relation hypothesis
07/13/2022 10:21:13 - INFO - __main__ - ****************************
07/13/2022 10:21:13 - INFO - __main__ - *********References*********
07/13/2022 10:21:13 - INFO - __main__ - ['<mask> is a member of <mask>.']
07/13/2022 10:21:13 - INFO - __main__ - ****************************
07/13/2022 10:21:13 - WARNING - __main__ - Skip self-bleu-2 in example: the company was formed by steve nardelli and <mask> of the psychedelic prog band <mask> ..
07/13/2022 10:22:08 - INFO - __main__ - ***********Input************
07/13/2022 10:22:08 - INFO - __main__ - the <mask> ( ) metro station is located on the red line of the <mask> .
07/13/2022 10:22:08 - INFO - __main__ - *********Hypothesis*********
07/13/2022 10:22:08 - INFO - __main__ - no proper relation hypothesis
07/13/2022 10:22:08 - INFO - __main__ - ****************************
07/13/2022 10:22:08 - INFO - __main__ - *********References*********
07/13/2022 10:22:08 - INFO - __main__ - ['<mask> is part of <mask>.']
07/13/2022 10:22:08 - INFO - __main__ - ****************************
07/13/2022 10:22:08 - WARNING - __main__ - Skip self-bleu-2 in example: the <mask> ( ) metro station is located on the red line of the <mask> ..
07/13/2022 10:22:59 - INFO - __main__ - ***********Input************
07/13/2022 10:22:59 - INFO - __main__ - kane 's ultimate version was introduced in " ultimate x - men " # 76 , where he is once again a partner to <mask> , domino and the other <mask> team members .
07/13/2022 10:22:59 - INFO - __main__ - *********Hypothesis*********
07/13/2022 10:22:59 - INFO - __main__ - no proper relation hypothesis
07/13/2022 10:22:59 - INFO - __main__ - ****************************
07/13/2022 10:22:59 - INFO - __main__ - *********References*********
07/13/2022 10:22:59 - INFO - __main__ - ['<mask> is a member of <mask>.']
07/13/2022 10:22:59 - INFO - __main__ - ****************************
07/13/2022 10:22:59 - WARNING - __main__ - Skip self-bleu-2 in example: kane 's ultimate version was introduced in " ultimate x - men " # 76 , where he is once again a partner to <mask> , domino and the other <mask> team members ..
07/13/2022 10:24:08 - INFO - __main__ - ***********Input************
07/13/2022 10:24:08 - INFO - __main__ - <mask> ( born 15 december 1990 in plymouth , trinidad and tobago ) , is an international football player from trinidad and tobagosoca warriors who plays as a <mask> for juticalpa .
07/13/2022 10:24:08 - INFO - __main__ - *********Hypothesis*********
07/13/2022 10:24:08 - INFO - __main__ - no proper relation hypothesis
07/13/2022 10:24:08 - INFO - __main__ - ****************************
07/13/2022 10:24:08 - INFO - __main__ - *********References*********
07/13/2022 10:24:08 - INFO - __main__ - ['<mask> plays in <mask> position.']
07/13/2022 10:24:08 - INFO - __main__ - ****************************
07/13/2022 10:24:08 - WARNING - __main__ - Skip self-bleu-2 in example: <mask> ( born 15 december 1990 in plymouth , trinidad and tobago ) , is an international football player from trinidad and tobagosoca warriors who plays as a <mask> for juticalpa ..
07/13/2022 10:25:03 - INFO - __main__ - ***********Input************
07/13/2022 10:25:03 - INFO - __main__ - <mask> ( born 14 september 1995 ) is a scottish professional footballer who plays as a <mask> for kilmarnock , on loan from newcastle united .
07/13/2022 10:25:03 - INFO - __main__ - *********Hypothesis*********
07/13/2022 10:25:03 - INFO - __main__ - no proper relation hypothesis
07/13/2022 10:25:03 - INFO - __main__ - ****************************
07/13/2022 10:25:03 - INFO - __main__ - *********References*********
07/13/2022 10:25:03 - INFO - __main__ - ['<mask> plays in <mask> position.']
07/13/2022 10:25:03 - INFO - __main__ - ****************************
07/13/2022 10:25:03 - WARNING - __main__ - Skip self-bleu-2 in example: <mask> ( born 14 september 1995 ) is a scottish professional footballer who plays as a <mask> for kilmarnock , on loan from newcastle united ..
07/13/2022 10:26:02 - INFO - __main__ - ***********Input************
07/13/2022 10:26:02 - INFO - __main__ - <mask> ( 15 september 1930 – 12 january 2006 ) was a swiss football <mask> who played for switzerland in the 1962 fifa world cup .
07/13/2022 10:26:02 - INFO - __main__ - *********Hypothesis*********
07/13/2022 10:26:02 - INFO - __main__ - no proper relation hypothesis
07/13/2022 10:26:02 - INFO - __main__ - ****************************
07/13/2022 10:26:02 - INFO - __main__ - *********References*********
07/13/2022 10:26:02 - INFO - __main__ - ['<mask> plays in <mask> position.']
07/13/2022 10:26:02 - INFO - __main__ - ****************************
07/13/2022 10:26:02 - WARNING - __main__ - Skip self-bleu-2 in example: <mask> ( 15 september 1930 – 12 january 2006 ) was a swiss football <mask> who played for switzerland in the 1962 fifa world cup ..
07/13/2022 10:27:03 - INFO - __main__ - ***********Input************
07/13/2022 10:27:03 - INFO - __main__ - he belonged to the <mask> , of <mask> and bernard silvestris .
07/13/2022 10:27:03 - INFO - __main__ - *********Hypothesis*********
07/13/2022 10:27:03 - INFO - __main__ - no proper relation hypothesis
07/13/2022 10:27:03 - INFO - __main__ - ****************************
07/13/2022 10:27:03 - INFO - __main__ - *********References*********
07/13/2022 10:27:03 - INFO - __main__ - ['<mask> is a member of <mask>.']
07/13/2022 10:27:03 - INFO - __main__ - ****************************
07/13/2022 10:27:03 - WARNING - __main__ - Skip self-bleu-2 in example: he belonged to the <mask> , of <mask> and bernard silvestris ..
07/13/2022 10:27:03 - INFO - __main__ - Task: fewrel
07/13/2022 10:27:03 - INFO - __main__ - bleu-4: 0.0
07/13/2022 10:27:03 - INFO - __main__ - bleu-3: 0.0
07/13/2022 10:27:03 - INFO - __main__ - bleu-2: 0.0
07/13/2022 10:27:03 - INFO - __main__ - bleu-1: 0.0
07/13/2022 10:27:03 - INFO - __main__ - METEOR: 0.0
07/13/2022 10:27:03 - INFO - __main__ - ROUGE-L: 0.0
07/13/2022 10:27:03 - INFO - __main__ - entailment score(mean-mean): 0.01995179550576722
07/13/2022 10:27:03 - INFO - __main__ - entailment score(mean-max): 0.01995179550576722
07/13/2022 10:27:03 - INFO - __main__ - entailment score(mean-min): 0.01995179550576722
07/13/2022 10:27:03 - INFO - __main__ - self-BLEU-2: nan
07/13/2022 10:27:03 - INFO - __main__ - avg: 0.0
07/13/2022 10:27:03 - INFO - __main__ - *******************************************************
07/13/2022 10:27:03 - INFO - __main__ - *******************************************************
07/13/2022 10:27:03 - INFO - __main__ - *******************************************************
07/13/2022 14:32:01 - INFO - __main__ - **************** MODEL CONFIGURATION ****************
07/13/2022 14:32:01 - INFO - __main__ - bart_training             -->   True
07/13/2022 14:32:01 - INFO - __main__ - device                    -->   0
07/13/2022 14:32:01 - INFO - __main__ - group_beam                -->   True
07/13/2022 14:32:01 - INFO - __main__ - if_then                   -->   False
07/13/2022 14:32:01 - INFO - __main__ - inductor                  -->   rule
07/13/2022 14:32:01 - INFO - __main__ - log_dir                   -->   logs_new/
07/13/2022 14:32:01 - INFO - __main__ - log_name                  -->   fewrel--STS+dpp
07/13/2022 14:32:01 - INFO - __main__ - mlm_training              -->   True
07/13/2022 14:32:01 - INFO - __main__ - task                      -->   fewrel
07/13/2022 14:32:01 - INFO - __main__ - **************** MODEL CONFIGURATION ****************
07/13/2022 14:34:55 - INFO - __main__ - ***********Input************
07/13/2022 14:34:55 - INFO - __main__ - his guitar work on the title track is credited as what first drew <mask> to him , who two years later invited allman to join him as part of <mask> .
07/13/2022 14:34:55 - INFO - __main__ - *********Hypothesis*********
07/13/2022 14:34:55 - INFO - __main__ - no proper relation hypothesis
07/13/2022 14:34:55 - INFO - __main__ - ****************************
07/13/2022 14:34:55 - INFO - __main__ - *********References*********
07/13/2022 14:34:55 - INFO - __main__ - ['<mask> is a member of <mask>.']
07/13/2022 14:34:55 - INFO - __main__ - ****************************
07/13/2022 14:34:58 - WARNING - __main__ - Skip self-bleu-2 in example: his guitar work on the title track is credited as what first drew <mask> to him , who two years later invited allman to join him as part of <mask> ..
07/13/2022 14:35:48 - INFO - __main__ - ***********Input************
07/13/2022 14:35:48 - INFO - __main__ - in the summer of 1944 it opposed the <mask> ’s <mask> during the lvov - sandomir strategic offensive operation ( 13 july - 29 august 1944 ) .
07/13/2022 14:35:48 - INFO - __main__ - *********Hypothesis*********
07/13/2022 14:35:48 - INFO - __main__ - no proper relation hypothesis
07/13/2022 14:35:48 - INFO - __main__ - ****************************
07/13/2022 14:35:48 - INFO - __main__ - *********References*********
07/13/2022 14:35:48 - INFO - __main__ - ['<mask> is part of <mask>.']
07/13/2022 14:35:48 - INFO - __main__ - ****************************
07/13/2022 14:35:49 - WARNING - __main__ - Skip self-bleu-2 in example: in the summer of 1944 it opposed the <mask> ’s <mask> during the lvov - sandomir strategic offensive operation ( 13 july - 29 august 1944 ) ..
07/13/2022 14:36:50 - INFO - __main__ - ***********Input************
07/13/2022 14:36:50 - INFO - __main__ - the singles released from " <mask> " were " <mask> " , " stuck with me " , " brain stew / jaded " , and " walking contradiction " .
07/13/2022 14:36:50 - INFO - __main__ - *********Hypothesis*********
07/13/2022 14:36:50 - INFO - __main__ - no proper relation hypothesis
07/13/2022 14:36:50 - INFO - __main__ - ****************************
07/13/2022 14:36:50 - INFO - __main__ - *********References*********
07/13/2022 14:36:50 - INFO - __main__ - ['<mask> is part of <mask>.']
07/13/2022 14:36:50 - INFO - __main__ - ****************************
07/13/2022 14:36:51 - WARNING - __main__ - Skip self-bleu-2 in example: the singles released from " <mask> " were " <mask> " , " stuck with me " , " brain stew / jaded " , and " walking contradiction " ..
