07/05/2022 13:48:58 - INFO - __main__ - **************** MODEL CONFIGURATION ****************
07/05/2022 13:48:58 - INFO - __main__ - bart_training             -->   True
07/05/2022 13:48:58 - INFO - __main__ - device                    -->   0
07/05/2022 13:48:58 - INFO - __main__ - group_beam                -->   True
07/05/2022 13:48:58 - INFO - __main__ - if_then                   -->   False
07/05/2022 13:48:58 - INFO - __main__ - inductor                  -->   rule
07/05/2022 13:48:58 - INFO - __main__ - log_dir                   -->   logs_new/
07/05/2022 13:48:58 - INFO - __main__ - log_name                  -->   fewrel+cgb+dpp
07/05/2022 13:48:58 - INFO - __main__ - mlm_training              -->   True
07/05/2022 13:48:58 - INFO - __main__ - task                      -->   fewrel
07/05/2022 13:48:58 - INFO - __main__ - **************** MODEL CONFIGURATION ****************
07/05/2022 13:50:45 - INFO - __main__ - ***********Input************
07/05/2022 13:50:45 - INFO - __main__ - his guitar work on the title track is credited as what first drew <mask> to him , who two years later invited allman to join him as part of <mask> .
07/05/2022 13:50:45 - INFO - __main__ - *********Hypothesis*********
07/05/2022 13:50:45 - INFO - __main__ - <mask>, a member of <mask>.
07/05/2022 13:50:45 - INFO - __main__ - <mask> and the band <mask>.
07/05/2022 13:50:45 - INFO - __main__ - <mask>. and the band <mask>.
07/05/2022 13:50:45 - INFO - __main__ - <mask>'s father had been a member of <mask>.
07/05/2022 13:50:45 - INFO - __main__ - <mask> jack jack the band <mask>.
07/05/2022 13:50:45 - INFO - __main__ - <mask>/ rock/ the band <mask>.
07/05/2022 13:50:45 - INFO - __main__ - <mask> jack the band was <mask>.
07/05/2022 13:50:45 - INFO - __main__ - <mask> was the lead singer of <mask>.
07/05/2022 13:50:45 - INFO - __main__ - <mask>., a member of <mask>.
07/05/2022 13:50:45 - INFO - __main__ - <mask>'s favorite band was <mask>.
07/05/2022 13:50:45 - INFO - __main__ - ****************************
07/05/2022 13:50:45 - INFO - __main__ - *********References*********
07/05/2022 13:50:45 - INFO - __main__ - ['<mask> is a member of <mask>.']
07/05/2022 13:50:45 - INFO - __main__ - ****************************
07/05/2022 13:51:00 - INFO - __main__ - ***********Input************
07/05/2022 13:51:00 - INFO - __main__ - in the summer of 1944 it opposed the <mask> ’s <mask> during the lvov - sandomir strategic offensive operation ( 13 july - 29 august 1944 ) .
07/05/2022 13:51:00 - INFO - __main__ - *********Hypothesis*********
07/05/2022 13:51:00 - INFO - __main__ - <mask> was the main source of the new <mask>.
07/05/2022 13:51:00 - INFO - __main__ - <mask> army was the main source of the new <mask>.
07/05/2022 13:51:00 - INFO - __main__ - <mask>: the name of the new <mask>.
07/05/2022 13:51:00 - INFO - __main__ - <mask>ftsflaff: luftfkreis, or <mask>.
07/05/2022 13:51:00 - INFO - __main__ - <mask>ftskaff (g: the history of the german<mask>.
07/05/2022 13:51:00 - INFO - __main__ - <mask> army: the name of the new <mask>.
07/05/2022 13:51:00 - INFO - __main__ - <mask>, which was the main source of the new <mask>.
07/05/2022 13:51:00 - INFO - __main__ - <mask> were forced to retreat from the area during <mask>.
07/05/2022 13:51:00 - INFO - __main__ - <mask> used the area as a staging area for <mask>.
07/05/2022 13:51:00 - INFO - __main__ - <mask> were able to use the airfield as a base for <mask>.
07/05/2022 13:51:00 - INFO - __main__ - ****************************
07/05/2022 13:51:00 - INFO - __main__ - *********References*********
07/05/2022 13:51:00 - INFO - __main__ - ['<mask> is part of <mask>.']
07/05/2022 13:51:00 - INFO - __main__ - ****************************
07/05/2022 13:51:15 - INFO - __main__ - ***********Input************
07/05/2022 13:51:15 - INFO - __main__ - the singles released from " <mask> " were " <mask> " , " stuck with me " , " brain stew / jaded " , and " walking contradiction " .
07/05/2022 13:51:15 - INFO - __main__ - *********Hypothesis*********
07/05/2022 13:51:15 - INFO - __main__ - <mask> is the debut studio album by the band <mask>.
07/05/2022 13:51:15 - INFO - __main__ - <mask>: the best of <mask>.
07/05/2022 13:51:15 - INFO - __main__ - <mask> is the debut album by the band <mask>.
07/05/2022 13:51:15 - INFO - __main__ - <mask> – a live version of <mask>.
07/05/2022 13:51:15 - INFO - __main__ - "<mask>" contains a sample of "<mask>.
07/05/2022 13:51:15 - INFO - __main__ - <mask> is a compilation album by <mask>.
07/05/2022 13:51:15 - INFO - __main__ - <mask>: the story of the beatles' <mask>.
07/05/2022 13:51:15 - INFO - __main__ - <mask> was released as a double a-side single with <mask>.
07/05/2022 13:51:15 - INFO - __main__ - <mask> was originally titled <mask>.
07/05/2022 13:51:15 - INFO - __main__ - <mask>: the story of the band <mask>.
07/05/2022 13:51:15 - INFO - __main__ - ****************************
07/05/2022 13:51:15 - INFO - __main__ - *********References*********
07/05/2022 13:51:15 - INFO - __main__ - ['<mask> is part of <mask>.']
07/05/2022 13:51:15 - INFO - __main__ - ****************************
07/05/2022 13:51:25 - INFO - __main__ - ***********Input************
07/05/2022 13:51:25 - INFO - __main__ - the occupancy of the show surpassed the <mask> films <mask> and freaky ali .
07/05/2022 13:51:25 - INFO - __main__ - *********Hypothesis*********
07/05/2022 13:51:25 - INFO - __main__ - <mask>, i'm sorry, <mask>.
07/05/2022 13:51:25 - INFO - __main__ - <mask>ican soldiers and the <mask>.
07/05/2022 13:51:25 - INFO - __main__ - <mask> citizens are not allowed to use the term <mask>.
07/05/2022 13:51:25 - INFO - __main__ - <mask> has since released a dvd of the show, entitled <mask>.
07/05/2022 13:51:25 - INFO - __main__ - <mask> has a long history of using the name <mask>.
07/05/2022 13:51:25 - INFO - __main__ - <mask>'s television programming includes <mask>.
07/05/2022 13:51:25 - INFO - __main__ - <mask> has been a major sponsor of <mask>.
07/05/2022 13:51:25 - INFO - __main__ - <mask> is a word that means <mask>.
07/05/2022 13:51:25 - INFO - __main__ - <mask>'s animated television series include <mask>.
07/05/2022 13:51:25 - INFO - __main__ - <mask> citizens, you're a <mask>.
07/05/2022 13:51:25 - INFO - __main__ - ****************************
07/05/2022 13:51:25 - INFO - __main__ - *********References*********
07/05/2022 13:51:25 - INFO - __main__ - ['the original language of <mask> is <mask>.']
07/05/2022 13:51:25 - INFO - __main__ - ****************************
07/05/2022 13:51:37 - INFO - __main__ - ***********Input************
07/05/2022 13:51:37 - INFO - __main__ - it broadcasts mostly english language news and current affairs and also broadcasts <mask> the daily rté 1 <mask> language news television programme .
07/05/2022 13:51:37 - INFO - __main__ - *********Hypothesis*********
07/05/2022 13:51:37 - INFO - __main__ - <mask> internationale is a national television channel broadcasting in <mask>.
07/05/2022 13:51:37 - INFO - __main__ - <mask> is a national television channel broadcasting in <mask>.
07/05/2022 13:51:37 - INFO - __main__ - <mask> broadcasts the show in <mask>.
07/05/2022 13:51:37 - INFO - __main__ - <mask> is a radio station broadcasting in <mask>.
07/05/2022 13:51:37 - INFO - __main__ - <mask> is a free-to-air channel broadcasting in <mask>.
07/05/2022 13:51:37 - INFO - __main__ - <mask> inter., is a national television channel broadcasting in <mask>.
07/05/2022 13:51:37 - INFO - __main__ - <mask> france is a national television channel broadcasting in <mask>.
07/05/2022 13:51:37 - INFO - __main__ - <mask> 2. was a radio station broadcasting in <mask>.
07/05/2022 13:51:37 - INFO - __main__ - <mask> is the only channel to broadcast in <mask>.
07/05/2022 13:51:37 - INFO - __main__ - <mask> internationale was a radio station broadcasting in <mask>.
07/05/2022 13:51:37 - INFO - __main__ - ****************************
07/05/2022 13:51:37 - INFO - __main__ - *********References*********
07/05/2022 13:51:37 - INFO - __main__ - ['the original language of <mask> is <mask>.']
07/05/2022 13:51:37 - INFO - __main__ - ****************************
07/05/2022 13:51:49 - INFO - __main__ - ***********Input************
07/05/2022 13:51:49 - INFO - __main__ - in 2009 to mark the 125th anniversary of the <mask> he was named by the irish news as one of the all - time best 125 footballers from <mask> .
07/05/2022 13:51:49 - INFO - __main__ - *********Hypothesis*********
07/05/2022 13:51:49 - INFO - __main__ - <mask> is the governing body for gaelic football in <mask>.
07/05/2022 13:51:49 - INFO - __main__ - <mask> is the national governing body for gaelic football in <mask>.
07/05/2022 13:51:49 - INFO - __main__ - <mask> competitions are held in every county in <mask>.
07/05/2022 13:51:49 - INFO - __main__ - <mask>'s main aim is to promote the sport of gaelic football in <mask>.
07/05/2022 13:51:49 - INFO - __main__ - <mask> is a major sport in <mask>.
07/05/2022 13:51:49 - INFO - __main__ - <mask> has been a major source of income for the island of <mask>.
07/05/2022 13:51:49 - INFO - __main__ - <mask> football is the most popular sport in <mask>.
07/05/2022 13:51:49 - INFO - __main__ - <mask> is the oldest and largest football club in <mask>.
07/05/2022 13:51:49 - INFO - __main__ - <mask> is the most popular sport in <mask>.
07/05/2022 13:51:49 - INFO - __main__ - <mask> competitions are played on a regional basis in <mask>.
07/05/2022 13:51:49 - INFO - __main__ - ****************************
07/05/2022 13:51:49 - INFO - __main__ - *********References*********
07/05/2022 13:51:49 - INFO - __main__ - ['<mask> is a member of <mask>.']
07/05/2022 13:51:49 - INFO - __main__ - ****************************
07/05/2022 13:52:05 - INFO - __main__ - ***********Input************
07/05/2022 13:52:05 - INFO - __main__ - as a sergeant in the australian imperial force , mcgee was awarded the victoria cross for his actions in the <mask> — part of the <mask> — on 4 october 1917 .
07/05/2022 13:52:05 - INFO - __main__ - *********Hypothesis*********
07/05/2022 13:52:05 - INFO - __main__ - <mask> was a small village in the département of <mask>.
07/05/2022 13:52:05 - INFO - __main__ - <mask> and the <mask>.
07/05/2022 13:52:05 - INFO - __main__ - <mask>. – the <mask>.
07/05/2022 13:52:05 - INFO - __main__ - <mask> was a major battle in the early <mask>.
07/05/2022 13:52:05 - INFO - __main__ - <mask> is located in the department of <mask>.
07/05/2022 13:52:05 - INFO - __main__ - <mask> was a part of the larger <mask>.
07/05/2022 13:52:05 - INFO - __main__ - <mask> was a major center of the russian–<mask>.
07/05/2022 13:52:05 - INFO - __main__ - <mask> was the scene of the first <mask>.
07/05/2022 13:52:05 - INFO - __main__ - <mask>'s independence was threatened by <mask>.
07/05/2022 13:52:05 - INFO - __main__ - <mask>, which was then part of the department of <mask>.
07/05/2022 13:52:05 - INFO - __main__ - ****************************
07/05/2022 13:52:05 - INFO - __main__ - *********References*********
07/05/2022 13:52:05 - INFO - __main__ - ['<mask> is part of <mask>.']
07/05/2022 13:52:05 - INFO - __main__ - ****************************
07/05/2022 13:52:17 - INFO - __main__ - ***********Input************
07/05/2022 13:52:17 - INFO - __main__ - petrovic made her on – screen debut with a small role in " <mask> " , a 2007 <mask> film directed by milčo mančevski .
07/05/2022 13:52:17 - INFO - __main__ - *********Hypothesis*********
07/05/2022 13:52:17 - INFO - __main__ - <mask> is a feminine given name in <mask>.
07/05/2022 13:52:17 - INFO - __main__ - <mask> has a number of dialects, including <mask>.
07/05/2022 13:52:17 - INFO - __main__ - <mask>'s father was a doctor and her mother was <mask>.
07/05/2022 13:52:17 - INFO - __main__ - <mask>'s official language is <mask>.
07/05/2022 13:52:17 - INFO - __main__ - <mask>, however, was not a <mask>.
07/05/2022 13:52:17 - INFO - __main__ - <mask>'s mother is from a family of musicians, and her father is <mask>.
07/05/2022 13:52:17 - INFO - __main__ - <mask> is the only one of the group to be fluent in <mask>.
07/05/2022 13:52:17 - INFO - __main__ - <mask> and his family were fluent <mask>.
07/05/2022 13:52:17 - INFO - __main__ - <mask> has been described as a "feminine" character in <mask>.
07/05/2022 13:52:17 - INFO - __main__ - <mask>.’s main language is <mask>.
07/05/2022 13:52:17 - INFO - __main__ - ****************************
07/05/2022 13:52:17 - INFO - __main__ - *********References*********
07/05/2022 13:52:17 - INFO - __main__ - ['the original language of <mask> is <mask>.']
07/05/2022 13:52:17 - INFO - __main__ - ****************************
07/05/2022 13:52:28 - INFO - __main__ - ***********Input************
07/05/2022 13:52:28 - INFO - __main__ - the film is a remake of <mask> movie " <mask> " , starring krishnam raju , jayasudha in the lead roles .
07/05/2022 13:52:28 - INFO - __main__ - *********Hypothesis*********
07/05/2022 13:52:28 - INFO - __main__ - <mask> version of the film was titled as <mask>.
07/05/2022 13:52:28 - INFO - __main__ - <mask> version was titled <mask>.
07/05/2022 13:52:28 - INFO - __main__ - <mask> is the official language of <mask>.
07/05/2022 13:52:28 - INFO - __main__ - <mask> version was titled as <mask>.
07/05/2022 13:52:28 - INFO - __main__ - <mask> is the mother tongue of the people and the main language is <mask>.
07/05/2022 13:52:28 - INFO - __main__ - <mask> version of the film was titled <mask>.
07/05/2022 13:52:28 - INFO - __main__ - <mask> version of the film was titled "raju <mask>.
07/05/2022 13:52:28 - INFO - __main__ - <mask> has a similar system to <mask>.
07/05/2022 13:52:28 - INFO - __main__ - <mask> version is titled as <mask>.
07/05/2022 13:52:28 - INFO - __main__ - <mask> was spoken by the majority of the population, followed by <mask>.
07/05/2022 13:52:28 - INFO - __main__ - ****************************
07/05/2022 13:52:28 - INFO - __main__ - *********References*********
07/05/2022 13:52:28 - INFO - __main__ - ['the original language of <mask> is <mask>.']
07/05/2022 13:52:28 - INFO - __main__ - ****************************
07/05/2022 13:52:42 - INFO - __main__ - ***********Input************
07/05/2022 13:52:42 - INFO - __main__ - fear and trembling ( original title : <mask> ) is a 2003 <mask> film based on the novel of the same name by amélie nothomb .
07/05/2022 13:52:42 - INFO - __main__ - *********Hypothesis*********
07/05/2022 13:52:42 - INFO - __main__ - <mask> is a novel by <mask>.
07/05/2022 13:52:42 - INFO - __main__ - <mask> and terror, in <mask>.
07/05/2022 13:52:42 - INFO - __main__ - <mask> is a feminine given name in <mask>.
07/05/2022 13:52:42 - INFO - __main__ - <mask>: the story of the <mask>.
07/05/2022 13:52:42 - INFO - __main__ - <mask> and tears: the story of the <mask>.
07/05/2022 13:52:42 - INFO - __main__ - <mask> is the name of a number of books in <mask>.
07/05/2022 13:52:42 - INFO - __main__ - <mask> means "beautiful" in <mask>.
07/05/2022 13:52:42 - INFO - __main__ - <mask>, translated from <mask>.
07/05/2022 13:52:42 - INFO - __main__ - <mask> is the name of a female given name in <mask>.
07/05/2022 13:52:42 - INFO - __main__ - <mask>'s name means "beautiful" in <mask>.
07/05/2022 13:52:42 - INFO - __main__ - ****************************
07/05/2022 13:52:42 - INFO - __main__ - *********References*********
07/05/2022 13:52:42 - INFO - __main__ - ['the original language of <mask> is <mask>.']
07/05/2022 13:52:42 - INFO - __main__ - ****************************
07/05/2022 13:52:55 - INFO - __main__ - ***********Input************
07/05/2022 13:52:55 - INFO - __main__ - <mask> ( born 10 january 1990 ) is a german footballer who plays as a <mask> for spvgg unterhaching .
07/05/2022 13:52:55 - INFO - __main__ - *********Hypothesis*********
07/05/2022 13:52:55 - INFO - __main__ - <mask>- played as a <mask>.
07/05/2022 13:52:55 - INFO - __main__ - <mask> played as a <mask>.
07/05/2022 13:52:55 - INFO - __main__ - <mask>. played as a <mask>.
07/05/2022 13:52:55 - INFO - __main__ - <mask>- was a <mask>.
07/05/2022 13:52:55 - INFO - __main__ - <mask>- is a <mask>.
07/05/2022 13:52:55 - INFO - __main__ - <mask>, footballer who plays as a <mask>.
07/05/2022 13:52:55 - INFO - __main__ - <mask>. is a <mask>.
07/05/2022 13:52:55 - INFO - __main__ - <mask>im started his career as a <mask>.
07/05/2022 13:52:55 - INFO - __main__ - <mask> plays as a <mask>.
07/05/2022 13:52:55 - INFO - __main__ - <mask> started his career as a <mask>.
07/05/2022 13:52:55 - INFO - __main__ - ****************************
07/05/2022 13:52:55 - INFO - __main__ - *********References*********
07/05/2022 13:52:55 - INFO - __main__ - ['<mask> plays in <mask> position.']
07/05/2022 13:52:55 - INFO - __main__ - ****************************
07/05/2022 13:53:08 - INFO - __main__ - ***********Input************
07/05/2022 13:53:08 - INFO - __main__ - wester ross is well known for its mountain scenery , especially the <mask> which includes such peaks as beinn eighe and <mask> .
07/05/2022 13:53:08 - INFO - __main__ - *********Hypothesis*********
07/05/2022 13:53:08 - INFO - __main__ - <mask> is a variant of <mask>.
07/05/2022 13:53:08 - INFO - __main__ - <mask> is a suburb of <mask>.
07/05/2022 13:53:08 - INFO - __main__ - <mask> is a masculine given name, a variant of the surname <mask>.
07/05/2022 13:53:08 - INFO - __main__ - <mask> is located approximately north of <mask>.
07/05/2022 13:53:08 - INFO - __main__ - <mask> is the son of the late lord <mask>.
07/05/2022 13:53:08 - INFO - __main__ - <mask> is the son of the late <mask>.
07/05/2022 13:53:08 - INFO - __main__ - <mask> is the son of the former footballer <mask>.
07/05/2022 13:53:08 - INFO - __main__ - <mask> is a surname, derived from the gaelic word <mask>.
07/05/2022 13:53:08 - INFO - __main__ - <mask> is a masculine given name, a variant of <mask>.
07/05/2022 13:53:08 - INFO - __main__ - <mask> was the name given to the area around <mask>.
07/05/2022 13:53:08 - INFO - __main__ - ****************************
07/05/2022 13:53:08 - INFO - __main__ - *********References*********
07/05/2022 13:53:08 - INFO - __main__ - ['<mask> is part of <mask>.']
07/05/2022 13:53:08 - INFO - __main__ - ****************************
07/05/2022 13:53:20 - INFO - __main__ - ***********Input************
07/05/2022 13:53:20 - INFO - __main__ - <mask> ( born 23 august 1994 ) is an afghan international footballer who plays as a <mask> .
07/05/2022 13:53:20 - INFO - __main__ - *********Hypothesis*********
07/05/2022 13:53:20 - INFO - __main__ - <mask>, who was the team's <mask>.
07/05/2022 13:53:20 - INFO - __main__ - <mask> was the team's <mask>.
07/05/2022 13:53:20 - INFO - __main__ - <mask>, former chief of defence staff, <mask>.
07/05/2022 13:53:20 - INFO - __main__ - <mask> was appointed as <mask>.
07/05/2022 13:53:20 - INFO - __main__ - <mask>. is a <mask>.
07/05/2022 13:53:20 - INFO - __main__ - <mask>. started his career as a <mask>.
07/05/2022 13:53:20 - INFO - __main__ - <mask> started his career as a <mask>.
07/05/2022 13:53:20 - INFO - __main__ - <mask> is a <mask>.
07/05/2022 13:53:20 - INFO - __main__ - <mask> rahman plays as a <mask>.
07/05/2022 13:53:20 - INFO - __main__ - <mask> has been a regular contributor to <mask>.
07/05/2022 13:53:20 - INFO - __main__ - ****************************
07/05/2022 13:53:20 - INFO - __main__ - *********References*********
07/05/2022 13:53:20 - INFO - __main__ - ['<mask> plays in <mask> position.']
07/05/2022 13:53:20 - INFO - __main__ - ****************************
07/05/2022 13:53:31 - INFO - __main__ - ***********Input************
07/05/2022 13:53:31 - INFO - __main__ - the company was formed by steve nardelli and <mask> of the psychedelic prog band <mask> .
07/05/2022 13:53:31 - INFO - __main__ - *********Hypothesis*********
07/05/2022 13:53:31 - INFO - __main__ - <mask> is a member of <mask>.
07/05/2022 13:53:31 - INFO - __main__ - <mask> is a former member of the band <mask>.
07/05/2022 13:53:31 - INFO - __main__ - <mask> was a member of the band <mask>.
07/05/2022 13:53:31 - INFO - __main__ - <mask> was the original drummer for <mask>.
07/05/2022 13:53:31 - INFO - __main__ - <mask> was the founder and president of <mask>.
07/05/2022 13:53:31 - INFO - __main__ - <mask>, the drummer for <mask>.
07/05/2022 13:53:31 - INFO - __main__ - <mask> was a member of <mask>.
07/05/2022 13:53:31 - INFO - __main__ - <mask>, the leader of <mask>.
07/05/2022 13:53:31 - INFO - __main__ - <mask> is a former member of <mask>.
07/05/2022 13:53:31 - INFO - __main__ - <mask> and his band <mask>.
07/05/2022 13:53:31 - INFO - __main__ - ****************************
07/05/2022 13:53:31 - INFO - __main__ - *********References*********
07/05/2022 13:53:31 - INFO - __main__ - ['<mask> is a member of <mask>.']
07/05/2022 13:53:31 - INFO - __main__ - ****************************
07/05/2022 13:53:42 - INFO - __main__ - ***********Input************
07/05/2022 13:53:42 - INFO - __main__ - the <mask> ( ) metro station is located on the red line of the <mask> .
07/05/2022 13:53:42 - INFO - __main__ - *********Hypothesis*********
07/05/2022 13:53:42 - INFO - __main__ - <mask> metro is the name of several lines of <mask>.
07/05/2022 13:53:42 - INFO - __main__ - <mask>'s station is a station of <mask>.
07/05/2022 13:53:42 - INFO - __main__ - <mask>'s rapid transit system is <mask>.
07/05/2022 13:53:42 - INFO - __main__ - <mask> metro served by the <mask>.
07/05/2022 13:53:42 - INFO - __main__ - <mask> metro station is a station on <mask>.
07/05/2022 13:53:42 - INFO - __main__ - <mask> is a station of <mask>.
07/05/2022 13:53:42 - INFO - __main__ - <mask> metros is station is a metro station on <mask>.
07/05/2022 13:53:42 - INFO - __main__ - <mask> is served by the line <mask>.
07/05/2022 13:53:42 - INFO - __main__ - <mask> is the main hub of the <mask>.
07/05/2022 13:53:42 - INFO - __main__ - <mask> is a station of the <mask>.
07/05/2022 13:53:42 - INFO - __main__ - ****************************
07/05/2022 13:53:42 - INFO - __main__ - *********References*********
07/05/2022 13:53:42 - INFO - __main__ - ['<mask> is part of <mask>.']
07/05/2022 13:53:42 - INFO - __main__ - ****************************
07/05/2022 13:53:55 - INFO - __main__ - ***********Input************
07/05/2022 13:53:55 - INFO - __main__ - kane 's ultimate version was introduced in " ultimate x - men " # 76 , where he is once again a partner to <mask> , domino and the other <mask> team members .
07/05/2022 13:53:55 - INFO - __main__ - *********Hypothesis*********
07/05/2022 13:53:55 - INFO - __main__ - <mask>'s eyes widened as she saw the other <mask>.
07/05/2022 13:53:55 - INFO - __main__ - <mask>, i'm sorry, <mask>.
07/05/2022 13:53:55 - INFO - __main__ - <mask> and i were the only ones who knew about the new <mask>.
07/05/2022 13:53:55 - INFO - __main__ - <mask>'s eyes widened as he saw the other <mask>.
07/05/2022 13:53:55 - INFO - __main__ - <mask> was the only one who knew about the new <mask>.
07/05/2022 13:53:55 - INFO - __main__ - <mask> wasn't sure what to do with the other <mask>.
07/05/2022 13:53:55 - INFO - __main__ - <mask> was a good-looking man, and he was <mask>.
07/05/2022 13:53:55 - INFO - __main__ - <mask> had been a good friend of mine since i was a young <mask>.
07/05/2022 13:53:55 - INFO - __main__ - <mask>'s voice was a little too loud for <mask>.
07/05/2022 13:53:55 - INFO - __main__ - <mask>'s voice was a deep, raspy <mask>.
07/05/2022 13:53:55 - INFO - __main__ - ****************************
07/05/2022 13:53:55 - INFO - __main__ - *********References*********
07/05/2022 13:53:55 - INFO - __main__ - ['<mask> is a member of <mask>.']
07/05/2022 13:53:55 - INFO - __main__ - ****************************
07/05/2022 13:54:12 - INFO - __main__ - ***********Input************
07/05/2022 13:54:12 - INFO - __main__ - <mask> ( born 15 december 1990 in plymouth , trinidad and tobago ) , is an international football player from trinidad and tobagosoca warriors who plays as a <mask> for juticalpa .
07/05/2022 13:54:12 - INFO - __main__ - *********Hypothesis*********
07/05/2022 13:54:12 - INFO - __main__ - <mask> is a <mask>.
07/05/2022 13:54:12 - INFO - __main__ - <mask> was a <mask>.
07/05/2022 13:54:12 - INFO - __main__ - <mask> was the team's <mask>.
07/05/2022 13:54:12 - INFO - __main__ - <mask> started his career as a <mask>.
07/05/2022 13:54:12 - INFO - __main__ - <mask> played as a <mask>.
07/05/2022 13:54:12 - INFO - __main__ - <mask>: forward and <mask>.
07/05/2022 13:54:12 - INFO - __main__ - <mask>, professional soccer player, <mask>.
07/05/2022 13:54:12 - INFO - __main__ - ****************************
07/05/2022 13:54:12 - INFO - __main__ - *********References*********
07/05/2022 13:54:12 - INFO - __main__ - ['<mask> plays in <mask> position.']
07/05/2022 13:54:12 - INFO - __main__ - ****************************
07/05/2022 13:54:24 - INFO - __main__ - ***********Input************
07/05/2022 13:54:24 - INFO - __main__ - <mask> ( born 14 september 1995 ) is a scottish professional footballer who plays as a <mask> for kilmarnock , on loan from newcastle united .
07/05/2022 13:54:24 - INFO - __main__ - *********Hypothesis*********
07/05/2022 13:54:24 - INFO - __main__ - <mask>is – former <mask>.
07/05/2022 13:54:24 - INFO - __main__ - <mask> is a <mask>.
07/05/2022 13:54:24 - INFO - __main__ - <mask>is is a former <mask>.
07/05/2022 13:54:24 - INFO - __main__ - <mask> – for- and for <mask>.
07/05/2022 13:54:24 - INFO - __main__ - <mask>. – former professional <mask>.
07/05/2022 13:54:24 - INFO - __main__ - <mask> a former professional <mask>.
07/05/2022 13:54:24 - INFO - __main__ - <mask> is a former professional footballer <mask>.
07/05/2022 13:54:24 - INFO - __main__ - <mask>. played as a <mask>.
07/05/2022 13:54:24 - INFO - __main__ - <mask> – former professional <mask>.
07/05/2022 13:54:24 - INFO - __main__ - <mask> is a former professional <mask>.
07/05/2022 13:54:24 - INFO - __main__ - ****************************
07/05/2022 13:54:24 - INFO - __main__ - *********References*********
07/05/2022 13:54:24 - INFO - __main__ - ['<mask> plays in <mask> position.']
07/05/2022 13:54:24 - INFO - __main__ - ****************************
07/05/2022 13:54:38 - INFO - __main__ - ***********Input************
07/05/2022 13:54:38 - INFO - __main__ - <mask> ( 15 september 1930 – 12 january 2006 ) was a swiss football <mask> who played for switzerland in the 1962 fifa world cup .
07/05/2022 13:54:38 - INFO - __main__ - *********Hypothesis*********
07/05/2022 13:54:38 - INFO - __main__ - <mask>im is a <mask>.
07/05/2022 13:54:38 - INFO - __main__ - <mask> is a midfielder <mask>.
07/05/2022 13:54:38 - INFO - __main__ - <mask> is a versatile <mask>.
07/05/2022 13:54:38 - INFO - __main__ - <mask>. is an attacking <mask>.
07/05/2022 13:54:38 - INFO - __main__ - <mask> is an attacking <mask>.
07/05/2022 13:54:38 - INFO - __main__ - <mask>, who was a <mask>.
07/05/2022 13:54:38 - INFO - __main__ - <mask> is an attacking midfielder <mask>.
07/05/2022 13:54:38 - INFO - __main__ - <mask> played as a midfielderfielder <mask>.
07/05/2022 13:54:38 - INFO - __main__ - <mask>. played as a <mask>.
07/05/2022 13:54:38 - INFO - __main__ - <mask> was a <mask>.
07/05/2022 13:54:38 - INFO - __main__ - ****************************
07/05/2022 13:54:38 - INFO - __main__ - *********References*********
07/05/2022 13:54:38 - INFO - __main__ - ['<mask> plays in <mask> position.']
07/05/2022 13:54:38 - INFO - __main__ - ****************************
07/05/2022 13:54:50 - INFO - __main__ - ***********Input************
07/05/2022 13:54:50 - INFO - __main__ - he belonged to the <mask> , of <mask> and bernard silvestris .
07/05/2022 13:54:50 - INFO - __main__ - *********Hypothesis*********
07/05/2022 13:54:50 - INFO - __main__ - <mask> was a name for the region of <mask>.
07/05/2022 13:54:50 - INFO - __main__ - <mask> is a family of flowering plants in the genus <mask>.
07/05/2022 13:54:50 - INFO - __main__ - <mask> was a name for several different regions of <mask>.
07/05/2022 13:54:50 - INFO - __main__ - <mask>-style architecture is a style of architecture that originated in <mask>.
07/05/2022 13:54:50 - INFO - __main__ - <mask> cuisine is the cuisine of <mask>.
07/05/2022 13:54:50 - INFO - __main__ - <mask> is a family of the genus <mask>.
07/05/2022 13:54:50 - INFO - __main__ - <mask>, which is the name of the region of <mask>.
07/05/2022 13:54:50 - INFO - __main__ - <mask> is a family of plants in the order <mask>.
07/05/2022 13:54:50 - INFO - __main__ - <mask>: the main language spoken in <mask>.
07/05/2022 13:54:50 - INFO - __main__ - <mask> is the name of several regions in <mask>.
07/05/2022 13:54:50 - INFO - __main__ - ****************************
07/05/2022 13:54:50 - INFO - __main__ - *********References*********
07/05/2022 13:54:50 - INFO - __main__ - ['<mask> is a member of <mask>.']
07/05/2022 13:54:50 - INFO - __main__ - ****************************
07/05/2022 13:54:50 - INFO - __main__ - Task: fewrel
07/05/2022 13:54:50 - INFO - __main__ - bleu-4: 0.015116965774454837
07/05/2022 13:54:50 - INFO - __main__ - bleu-3: 0.02845137906220693
07/05/2022 13:54:50 - INFO - __main__ - bleu-2: 0.10634284545166502
07/05/2022 13:54:50 - INFO - __main__ - bleu-1: 0.29576128785773376
07/05/2022 13:54:50 - INFO - __main__ - METEOR: 0.2743049273229631
07/05/2022 13:54:50 - INFO - __main__ - ROUGE-L: 0.4309440034365778
07/05/2022 13:54:50 - INFO - __main__ - entailment score(mean-mean): 0.26435863004886867
07/05/2022 13:54:50 - INFO - __main__ - entailment score(mean-max): 0.6491605529445224
07/05/2022 13:54:50 - INFO - __main__ - entailment score(mean-min): 0.005581603079917841
07/05/2022 13:54:50 - INFO - __main__ - self-BLEU-2: 0.8935862835510809
07/05/2022 13:54:50 - INFO - __main__ - avg: 0.19182023481760022
07/05/2022 13:54:50 - INFO - __main__ - *******************************************************
07/05/2022 13:54:50 - INFO - __main__ - *******************************************************
07/05/2022 13:54:50 - INFO - __main__ - *******************************************************
