07/14/2022 08:55:01 - INFO - __main__ - **************** MODEL CONFIGURATION ****************
07/14/2022 08:55:01 - INFO - __main__ - bart_training             -->   True
07/14/2022 08:55:01 - INFO - __main__ - device                    -->   0
07/14/2022 08:55:01 - INFO - __main__ - group_beam                -->   True
07/14/2022 08:55:01 - INFO - __main__ - if_then                   -->   False
07/14/2022 08:55:01 - INFO - __main__ - inductor                  -->   rule
07/14/2022 08:55:01 - INFO - __main__ - log_dir                   -->   logs_new/
07/14/2022 08:55:01 - INFO - __main__ - log_name                  -->   fewrel-k20+bgb+dpp
07/14/2022 08:55:01 - INFO - __main__ - mlm_training              -->   True
07/14/2022 08:55:01 - INFO - __main__ - task                      -->   fewrel
07/14/2022 08:55:01 - INFO - __main__ - **************** MODEL CONFIGURATION ****************
07/14/2022 08:57:07 - INFO - __main__ - ***********Input************
07/14/2022 08:57:07 - INFO - __main__ - his guitar work on the title track is credited as what first drew <mask> to him , who two years later invited allman to join him as part of <mask> .
07/14/2022 08:57:07 - INFO - __main__ - *********Hypothesis*********
07/14/2022 08:57:07 - INFO - __main__ - <mask>, the son of the famous <mask>.
07/14/2022 08:57:07 - INFO - __main__ - <mask>, and the <mask>.
07/14/2022 08:57:07 - INFO - __main__ - <mask>'s father was the late jerry <mask>.
07/14/2022 08:57:07 - INFO - __main__ - <mask> was a fan of <mask>.
07/14/2022 08:57:07 - INFO - __main__ - <mask> is a member of <mask>.
07/14/2022 08:57:07 - INFO - __main__ - <mask> was a member of <mask>.
07/14/2022 08:57:07 - INFO - __main__ - <mask> is a song by <mask>.
07/14/2022 08:57:07 - INFO - __main__ - <mask> had been a fan of <mask>.
07/14/2022 08:57:07 - INFO - __main__ - <mask> and the band <mask>.
07/14/2022 08:57:07 - INFO - __main__ - <mask>, guitarist for <mask>.
07/14/2022 08:57:07 - INFO - __main__ - ****************************
07/14/2022 08:57:07 - INFO - __main__ - *********References*********
07/14/2022 08:57:07 - INFO - __main__ - ['<mask> is a member of <mask>.']
07/14/2022 08:57:07 - INFO - __main__ - ****************************
07/14/2022 08:58:01 - INFO - __main__ - ***********Input************
07/14/2022 08:58:01 - INFO - __main__ - in the summer of 1944 it opposed the <mask> ’s <mask> during the lvov - sandomir strategic offensive operation ( 13 july - 29 august 1944 ) .
07/14/2022 08:58:01 - INFO - __main__ - *********Hypothesis*********
07/14/2022 08:58:01 - INFO - __main__ - <mask>: the term is used to refer to the entire <mask>.
07/14/2022 08:58:01 - INFO - __main__ - <mask>, however, had already been defeated by the advancing <mask>.
07/14/2022 08:58:01 - INFO - __main__ - <mask> – the name of the former <mask>.
07/14/2022 08:58:01 - INFO - __main__ - <mask> would later use the same tactic against the advancing <mask>.
07/14/2022 08:58:01 - INFO - __main__ - <mask> used the same tactics as <mask>.
07/14/2022 08:58:01 - INFO - __main__ - <mask> did not have a large enough force to defeat the advancing <mask>.
07/14/2022 08:58:01 - INFO - __main__ - <mask> and the new <mask>.
07/14/2022 08:58:01 - INFO - __main__ - <mask> was the main enemy of <mask>.
07/14/2022 08:58:01 - INFO - __main__ - <mask> units were transferred to <mask>.
07/14/2022 08:58:01 - INFO - __main__ - <mask>, the wehrmacht and <mask>.
07/14/2022 08:58:01 - INFO - __main__ - ****************************
07/14/2022 08:58:01 - INFO - __main__ - *********References*********
07/14/2022 08:58:01 - INFO - __main__ - ['<mask> is part of <mask>.']
07/14/2022 08:58:01 - INFO - __main__ - ****************************
07/14/2022 08:58:54 - INFO - __main__ - ***********Input************
07/14/2022 08:58:54 - INFO - __main__ - the singles released from " <mask> " were " <mask> " , " stuck with me " , " brain stew / jaded " , and " walking contradiction " .
07/14/2022 08:58:54 - INFO - __main__ - *********Hypothesis*********
07/14/2022 08:58:54 - INFO - __main__ - <mask> was followed by <mask>.
07/14/2022 08:58:54 - INFO - __main__ - <mask>: the best of <mask>.
07/14/2022 08:58:54 - INFO - __main__ - <mask>: the album is the debut album by the band <mask>.
07/14/2022 08:58:54 - INFO - __main__ - <mask>: a collection of songs from <mask>.
07/14/2022 08:58:54 - INFO - __main__ - <mask> was originally titled <mask>.
07/14/2022 08:58:54 - INFO - __main__ - <mask> is the debut studio album by the band <mask>.
07/14/2022 08:58:54 - INFO - __main__ - <mask> is the debut album by the band <mask>.
07/14/2022 08:58:54 - INFO - __main__ - <mask> is a compilation album by <mask>.
07/14/2022 08:58:54 - INFO - __main__ - <mask> contains a sample of "<mask>.
07/14/2022 08:58:54 - INFO - __main__ - <mask> was followed by "<mask>.
07/14/2022 08:58:54 - INFO - __main__ - ****************************
07/14/2022 08:58:54 - INFO - __main__ - *********References*********
07/14/2022 08:58:54 - INFO - __main__ - ['<mask> is part of <mask>.']
07/14/2022 08:58:54 - INFO - __main__ - ****************************
07/14/2022 08:59:44 - INFO - __main__ - ***********Input************
07/14/2022 08:59:44 - INFO - __main__ - the occupancy of the show surpassed the <mask> films <mask> and freaky ali .
07/14/2022 08:59:44 - INFO - __main__ - *********Hypothesis*********
07/14/2022 08:59:44 - INFO - __main__ - <mask>, director of <mask>.
07/14/2022 08:59:44 - INFO - __main__ - <mask> directed the film, which was a sequel to <mask>.
07/14/2022 08:59:44 - INFO - __main__ - <mask>, the director of <mask>.
07/14/2022 08:59:44 - INFO - __main__ - <mask> and european, and <mask>.
07/14/2022 08:59:44 - INFO - __main__ - <mask>, i'm not <mask>.
07/14/2022 08:59:44 - INFO - __main__ - <mask>, but i'm not <mask>.
07/14/2022 08:59:44 - INFO - __main__ - <mask> or not, i'm <mask>.
07/14/2022 08:59:44 - INFO - __main__ - <mask> is a great country, <mask>.
07/14/2022 08:59:44 - INFO - __main__ - <mask> and french <mask>.
07/14/2022 08:59:44 - INFO - __main__ - <mask> and european, <mask>.
07/14/2022 08:59:44 - INFO - __main__ - ****************************
07/14/2022 08:59:44 - INFO - __main__ - *********References*********
07/14/2022 08:59:44 - INFO - __main__ - ['the original language of <mask> is <mask>.']
07/14/2022 08:59:44 - INFO - __main__ - ****************************
07/14/2022 09:00:38 - INFO - __main__ - ***********Input************
07/14/2022 09:00:38 - INFO - __main__ - it broadcasts mostly english language news and current affairs and also broadcasts <mask> the daily rté 1 <mask> language news television programme .
07/14/2022 09:00:38 - INFO - __main__ - *********Hypothesis*********
07/14/2022 09:00:38 - INFO - __main__ - <mask> is a radio station broadcasting in <mask>.
07/14/2022 09:00:38 - INFO - __main__ - <mask> broadcasts the show in <mask>.
07/14/2022 09:00:38 - INFO - __main__ - <mask> is the national radio station of <mask>.
07/14/2022 09:00:38 - INFO - __main__ - <mask> (rfi) is a radio station broadcasting in <mask>.
07/14/2022 09:00:38 - INFO - __main__ - <mask>, a similar concept, is used in <mask>.
07/14/2022 09:00:38 - INFO - __main__ - <mask> means "friendship" in <mask>.
07/14/2022 09:00:38 - INFO - __main__ - <mask> is the name of a number of international organizations, some of which are in <mask>.
07/14/2022 09:00:38 - INFO - __main__ - <mask> is a term for the international community of nations that are all or partly <mask>.
07/14/2022 09:00:38 - INFO - __main__ - <mask>-language television and radio stations are available in <mask>.
07/14/2022 09:00:38 - INFO - __main__ - <mask> is the only channel to broadcast in <mask>.
07/14/2022 09:00:38 - INFO - __main__ - ****************************
07/14/2022 09:00:38 - INFO - __main__ - *********References*********
07/14/2022 09:00:38 - INFO - __main__ - ['the original language of <mask> is <mask>.']
07/14/2022 09:00:38 - INFO - __main__ - ****************************
07/14/2022 09:01:33 - INFO - __main__ - ***********Input************
07/14/2022 09:01:33 - INFO - __main__ - in 2009 to mark the 125th anniversary of the <mask> he was named by the irish news as one of the all - time best 125 footballers from <mask> .
07/14/2022 09:01:33 - INFO - __main__ - *********Hypothesis*********
07/14/2022 09:01:33 - INFO - __main__ - <mask>'s main aim is to promote and promote the sport of <mask>.
07/14/2022 09:01:33 - INFO - __main__ - <mask> was the last province to be created in <mask>.
07/14/2022 09:01:33 - INFO - __main__ - <mask> is a historic county in <mask>.
07/14/2022 09:01:33 - INFO - __main__ - <mask> is a county in the north of <mask>.
07/14/2022 09:01:33 - INFO - __main__ - <mask>'s main aim is to promote the sport of gaelic football in <mask>.
07/14/2022 09:01:33 - INFO - __main__ - <mask> is the national governing body for gaelic football in <mask>.
07/14/2022 09:01:33 - INFO - __main__ - <mask> is the governing body for gaelic football in <mask>.
07/14/2022 09:01:33 - INFO - __main__ - <mask> is a major sport in <mask>.
07/14/2022 09:01:33 - INFO - __main__ - <mask> competitions are held in every county in <mask>.
07/14/2022 09:01:33 - INFO - __main__ - <mask> is a registered charity in <mask>.
07/14/2022 09:01:33 - INFO - __main__ - ****************************
07/14/2022 09:01:33 - INFO - __main__ - *********References*********
07/14/2022 09:01:33 - INFO - __main__ - ['<mask> is a member of <mask>.']
07/14/2022 09:01:33 - INFO - __main__ - ****************************
07/14/2022 09:02:35 - INFO - __main__ - ***********Input************
07/14/2022 09:02:35 - INFO - __main__ - as a sergeant in the australian imperial force , mcgee was awarded the victoria cross for his actions in the <mask> — part of the <mask> — on 4 october 1917 .
07/14/2022 09:02:35 - INFO - __main__ - *********Hypothesis*********
07/14/2022 09:02:35 - INFO - __main__ - <mask> was then sent to <mask>.
07/14/2022 09:02:35 - INFO - __main__ - <mask> was a major battle in the early <mask>.
07/14/2022 09:02:35 - INFO - __main__ - <mask>: the first <mask>.
07/14/2022 09:02:35 - INFO - __main__ - <mask> was not a dialect of <mask>.
07/14/2022 09:02:35 - INFO - __main__ - <mask> was a dialect of <mask>.
07/14/2022 09:02:35 - INFO - __main__ - <mask> language was the official language of <mask>.
07/14/2022 09:02:35 - INFO - __main__ - <mask> and the postwar <mask>.
07/14/2022 09:02:35 - INFO - __main__ - <mask>, the dardanelle and <mask>.
07/14/2022 09:02:35 - INFO - __main__ - <mask> and the battle of the <mask>.
07/14/2022 09:02:35 - INFO - __main__ - <mask> and the <mask>.
07/14/2022 09:02:35 - INFO - __main__ - ****************************
07/14/2022 09:02:35 - INFO - __main__ - *********References*********
07/14/2022 09:02:35 - INFO - __main__ - ['<mask> is part of <mask>.']
07/14/2022 09:02:35 - INFO - __main__ - ****************************
07/14/2022 09:03:33 - INFO - __main__ - ***********Input************
07/14/2022 09:03:33 - INFO - __main__ - petrovic made her on – screen debut with a small role in " <mask> " , a 2007 <mask> film directed by milčo mančevski .
07/14/2022 09:03:33 - INFO - __main__ - *********Hypothesis*********
07/14/2022 09:03:33 - INFO - __main__ - <mask>'s name means "the great" in <mask>.
07/14/2022 09:03:33 - INFO - __main__ - <mask>'s name means "the city of the sun" in <mask>.
07/14/2022 09:03:33 - INFO - __main__ - <mask> is a name derived from <mask>.
07/14/2022 09:03:33 - INFO - __main__ - <mask>'s name means "the land of the dead" in <mask>.
07/14/2022 09:03:33 - INFO - __main__ - <mask> is a common name for the <mask>.
07/14/2022 09:03:33 - INFO - __main__ - <mask> has a number of loanwords from <mask>.
07/14/2022 09:03:33 - INFO - __main__ - <mask>, however, was not a <mask>.
07/14/2022 09:03:33 - INFO - __main__ - <mask>'s name means "the one who is the most beautiful" in <mask>.
07/14/2022 09:03:33 - INFO - __main__ - <mask> was the only one of the group to speak <mask>.
07/14/2022 09:03:33 - INFO - __main__ - <mask> is a common name for the region in <mask>.
07/14/2022 09:03:33 - INFO - __main__ - ****************************
07/14/2022 09:03:33 - INFO - __main__ - *********References*********
07/14/2022 09:03:33 - INFO - __main__ - ['the original language of <mask> is <mask>.']
07/14/2022 09:03:33 - INFO - __main__ - ****************************
07/14/2022 09:04:30 - INFO - __main__ - ***********Input************
07/14/2022 09:04:30 - INFO - __main__ - the film is a remake of <mask> movie " <mask> " , starring krishnam raju , jayasudha in the lead roles .
07/14/2022 09:04:30 - INFO - __main__ - *********Hypothesis*********
07/14/2022 09:04:30 - INFO - __main__ - <mask> was the medium of instruction at <mask>.
07/14/2022 09:04:30 - INFO - __main__ - <mask> version was titled <mask>.
07/14/2022 09:04:30 - INFO - __main__ - <mask> version was titled as <mask>.
07/14/2022 09:04:30 - INFO - __main__ - <mask> version of the film was titled <mask>.
07/14/2022 09:04:30 - INFO - __main__ - <mask> version of the film was titled as <mask>.
07/14/2022 09:04:30 - INFO - __main__ - <mask> is the official language of <mask>.
07/14/2022 09:04:30 - INFO - __main__ - <mask> is the native language of <mask>.
07/14/2022 09:04:30 - INFO - __main__ - <mask> has a similar name, <mask>.
07/14/2022 09:04:30 - INFO - __main__ - <mask> film is based on the novel of <mask>.
07/14/2022 09:04:30 - INFO - __main__ - <mask> film industry is the largest industry in <mask>.
07/14/2022 09:04:30 - INFO - __main__ - ****************************
07/14/2022 09:04:30 - INFO - __main__ - *********References*********
07/14/2022 09:04:30 - INFO - __main__ - ['the original language of <mask> is <mask>.']
07/14/2022 09:04:30 - INFO - __main__ - ****************************
07/14/2022 09:05:33 - INFO - __main__ - ***********Input************
07/14/2022 09:05:33 - INFO - __main__ - fear and trembling ( original title : <mask> ) is a 2003 <mask> film based on the novel of the same name by amélie nothomb .
07/14/2022 09:05:33 - INFO - __main__ - *********Hypothesis*********
07/14/2022 09:05:33 - INFO - __main__ - <mask>: a history of <mask>.
07/14/2022 09:05:33 - INFO - __main__ - <mask> was translated into <mask>.
07/14/2022 09:05:33 - INFO - __main__ - <mask> is a surname of <mask>.
07/14/2022 09:05:33 - INFO - __main__ - <mask>, which was translated into <mask>.
07/14/2022 09:05:33 - INFO - __main__ - <mask> is the debut studio album by <mask>.
07/14/2022 09:05:33 - INFO - __main__ - <mask> is a novel written in <mask>.
07/14/2022 09:05:33 - INFO - __main__ - <mask>: the story of the first <mask>.
07/14/2022 09:05:33 - INFO - __main__ - <mask> is a compilation album by <mask>.
07/14/2022 09:05:33 - INFO - __main__ - <mask> is a given name and surname in <mask>.
07/14/2022 09:05:33 - INFO - __main__ - <mask> is a feminine given name in <mask>.
07/14/2022 09:05:33 - INFO - __main__ - ****************************
07/14/2022 09:05:33 - INFO - __main__ - *********References*********
07/14/2022 09:05:33 - INFO - __main__ - ['the original language of <mask> is <mask>.']
07/14/2022 09:05:33 - INFO - __main__ - ****************************
07/14/2022 09:06:28 - INFO - __main__ - ***********Input************
07/14/2022 09:06:28 - INFO - __main__ - <mask> ( born 10 january 1990 ) is a german footballer who plays as a <mask> for spvgg unterhaching .
07/14/2022 09:06:28 - INFO - __main__ - *********Hypothesis*********
07/14/2022 09:06:28 - INFO - __main__ - <mask>: die welt im <mask>.
07/14/2022 09:06:28 - INFO - __main__ - <mask>, professional footballer, <mask>.
07/14/2022 09:06:28 - INFO - __main__ - <mask>: he is <mask>.
07/14/2022 09:06:28 - INFO - __main__ - <mask>: die schönbuch der <mask>.
07/14/2022 09:06:28 - INFO - __main__ - <mask>, footballer who plays as <mask>.
07/14/2022 09:06:28 - INFO - __main__ - <mask>, who was a <mask>.
07/14/2022 09:06:28 - INFO - __main__ - <mask> is a former <mask>.
07/14/2022 09:06:28 - INFO - __main__ - <mask> was the club's <mask>.
07/14/2022 09:06:28 - INFO - __main__ - <mask> played as a <mask>.
07/14/2022 09:06:28 - INFO - __main__ - <mask> is a <mask>.
07/14/2022 09:06:28 - INFO - __main__ - ****************************
07/14/2022 09:06:28 - INFO - __main__ - *********References*********
07/14/2022 09:06:28 - INFO - __main__ - ['<mask> plays in <mask> position.']
07/14/2022 09:06:28 - INFO - __main__ - ****************************
07/14/2022 09:07:30 - INFO - __main__ - ***********Input************
07/14/2022 09:07:30 - INFO - __main__ - wester ross is well known for its mountain scenery , especially the <mask> which includes such peaks as beinn eighe and <mask> .
07/14/2022 09:07:30 - INFO - __main__ - *********Hypothesis*********
07/14/2022 09:07:30 - INFO - __main__ - <mask> is the son of the late <mask>.
07/14/2022 09:07:30 - INFO - __main__ - <mask> is a masculine given name, a variant of the surname <mask>.
07/14/2022 09:07:30 - INFO - __main__ - <mask> is the son of the former footballer <mask>.
07/14/2022 09:07:30 - INFO - __main__ - <mask> is a variant of <mask>.
07/14/2022 09:07:30 - INFO - __main__ - <mask> is a small village in the parish of <mask>.
07/14/2022 09:07:30 - INFO - __main__ - <mask> is a masculine given name, a variant of <mask>.
07/14/2022 09:07:30 - INFO - __main__ - <mask> is located approximately north of <mask>.
07/14/2022 09:07:30 - INFO - __main__ - <mask> is a suburb of <mask>.
07/14/2022 09:07:30 - INFO - __main__ - <mask> is the son of the late lord <mask>.
07/14/2022 09:07:30 - INFO - __main__ - <mask> is a surname, derived from the gaelic word <mask>.
07/14/2022 09:07:30 - INFO - __main__ - ****************************
07/14/2022 09:07:30 - INFO - __main__ - *********References*********
07/14/2022 09:07:30 - INFO - __main__ - ['<mask> is part of <mask>.']
07/14/2022 09:07:30 - INFO - __main__ - ****************************
07/14/2022 09:08:15 - INFO - __main__ - ***********Input************
07/14/2022 09:08:15 - INFO - __main__ - <mask> ( born 23 august 1994 ) is an afghan international footballer who plays as a <mask> .
07/14/2022 09:08:15 - INFO - __main__ - *********Hypothesis*********
07/14/2022 09:08:15 - INFO - __main__ - <mask> is a midfielder <mask>.
07/14/2022 09:08:15 - INFO - __main__ - <mask>, who was a <mask>.
07/14/2022 09:08:15 - INFO - __main__ - <mask>, former footballer <mask>.
07/14/2022 09:08:15 - INFO - __main__ - <mask>, former footballer and <mask>.
07/14/2022 09:08:15 - INFO - __main__ - <mask> was the club's most <mask>.
07/14/2022 09:08:15 - INFO - __main__ - <mask> was the team's <mask>.
07/14/2022 09:08:15 - INFO - __main__ - <mask> started his career as a <mask>.
07/14/2022 09:08:15 - INFO - __main__ - <mask> is a <mask>.
07/14/2022 09:08:15 - INFO - __main__ - <mask> is a former <mask>.
07/14/2022 09:08:15 - INFO - __main__ - <mask> was a <mask>.
07/14/2022 09:08:15 - INFO - __main__ - ****************************
07/14/2022 09:08:15 - INFO - __main__ - *********References*********
07/14/2022 09:08:15 - INFO - __main__ - ['<mask> plays in <mask> position.']
07/14/2022 09:08:15 - INFO - __main__ - ****************************
07/14/2022 09:09:08 - INFO - __main__ - ***********Input************
07/14/2022 09:09:08 - INFO - __main__ - the company was formed by steve nardelli and <mask> of the psychedelic prog band <mask> .
07/14/2022 09:09:08 - INFO - __main__ - *********Hypothesis*********
07/14/2022 09:09:08 - INFO - __main__ - <mask>, the president of <mask>.
07/14/2022 09:09:08 - INFO - __main__ - <mask>, the lead singer of <mask>.
07/14/2022 09:09:08 - INFO - __main__ - <mask> was a native of <mask>.
07/14/2022 09:09:08 - INFO - __main__ - <mask> was a native <mask>.
07/14/2022 09:09:08 - INFO - __main__ - <mask> was a good friend of mine and <mask>.
07/14/2022 09:09:08 - INFO - __main__ - <mask> was a good friend of <mask>.
07/14/2022 09:09:08 - INFO - __main__ - <mask> is a member of <mask>.
07/14/2022 09:09:08 - INFO - __main__ - <mask> had been a good friend of mine, <mask>.
07/14/2022 09:09:08 - INFO - __main__ - <mask> had been a good friend of <mask>.
07/14/2022 09:09:08 - INFO - __main__ - <mask> and i were in <mask>.
07/14/2022 09:09:08 - INFO - __main__ - ****************************
07/14/2022 09:09:08 - INFO - __main__ - *********References*********
07/14/2022 09:09:08 - INFO - __main__ - ['<mask> is a member of <mask>.']
07/14/2022 09:09:08 - INFO - __main__ - ****************************
07/14/2022 09:10:14 - INFO - __main__ - ***********Input************
07/14/2022 09:10:14 - INFO - __main__ - the <mask> ( ) metro station is located on the red line of the <mask> .
07/14/2022 09:10:14 - INFO - __main__ - *********Hypothesis*********
07/14/2022 09:10:14 - INFO - __main__ - <mask> is a station on line 1 of <mask>.
07/14/2022 09:10:14 - INFO - __main__ - <mask> is served by the <mask>.
07/14/2022 09:10:14 - INFO - __main__ - <mask> is a station on the ōita line of <mask>.
07/14/2022 09:10:14 - INFO - __main__ - <mask> metro station is a station of <mask>.
07/14/2022 09:10:14 - INFO - __main__ - <mask> is a station on the s4 <mask>.
07/14/2022 09:10:14 - INFO - __main__ - <mask> metro station on the line of <mask>.
07/14/2022 09:10:14 - INFO - __main__ - <mask> is a station on <mask>.
07/14/2022 09:10:14 - INFO - __main__ - <mask> is served by the line s3 of <mask>.
07/14/2022 09:10:14 - INFO - __main__ - <mask> is served by <mask>.
07/14/2022 09:10:14 - INFO - __main__ - <mask> is a station on the <mask>.
07/14/2022 09:10:14 - INFO - __main__ - ****************************
07/14/2022 09:10:14 - INFO - __main__ - *********References*********
07/14/2022 09:10:14 - INFO - __main__ - ['<mask> is part of <mask>.']
07/14/2022 09:10:14 - INFO - __main__ - ****************************
07/14/2022 09:11:07 - INFO - __main__ - ***********Input************
07/14/2022 09:11:07 - INFO - __main__ - kane 's ultimate version was introduced in " ultimate x - men " # 76 , where he is once again a partner to <mask> , domino and the other <mask> team members .
07/14/2022 09:11:07 - INFO - __main__ - *********Hypothesis*********
07/14/2022 09:11:07 - INFO - __main__ - <mask> was a member of the elite <mask>.
07/14/2022 09:11:07 - INFO - __main__ - <mask>'s eyes were on <mask>.
07/14/2022 09:11:07 - INFO - __main__ - <mask> wasn't sure what to say to <mask>.
07/14/2022 09:11:07 - INFO - __main__ - <mask> looked at the screen and saw that it was <mask>.
07/14/2022 09:11:07 - INFO - __main__ - <mask> had been a friend of <mask>.
07/14/2022 09:11:07 - INFO - __main__ - <mask>, i'm sorry, <mask>.
07/14/2022 09:11:07 - INFO - __main__ - <mask>'s eyes widened as he saw the other <mask>.
07/14/2022 09:11:07 - INFO - __main__ - <mask> was a member of the original <mask>.
07/14/2022 09:11:07 - INFO - __main__ - <mask> had been a member of the original <mask>.
07/14/2022 09:11:07 - INFO - __main__ - <mask> and i were the only ones who knew about the <mask>.
07/14/2022 09:11:07 - INFO - __main__ - ****************************
07/14/2022 09:11:07 - INFO - __main__ - *********References*********
07/14/2022 09:11:07 - INFO - __main__ - ['<mask> is a member of <mask>.']
07/14/2022 09:11:07 - INFO - __main__ - ****************************
07/14/2022 09:12:07 - INFO - __main__ - ***********Input************
07/14/2022 09:12:07 - INFO - __main__ - <mask> ( born 15 december 1990 in plymouth , trinidad and tobago ) , is an international football player from trinidad and tobagosoca warriors who plays as a <mask> for juticalpa .
07/14/2022 09:12:07 - INFO - __main__ - *********Hypothesis*********
07/14/2022 09:12:07 - INFO - __main__ - <mask>, footballer who plays as <mask>.
07/14/2022 09:12:07 - INFO - __main__ - <mask> is a midfielder <mask>.
07/14/2022 09:12:07 - INFO - __main__ - <mask>, former professional footballer <mask>.
07/14/2022 09:12:07 - INFO - __main__ - <mask> was the team's <mask>.
07/14/2022 09:12:07 - INFO - __main__ - <mask> was named <mask>.
07/14/2022 09:12:07 - INFO - __main__ - <mask> was a <mask>.
07/14/2022 09:12:07 - INFO - __main__ - <mask> is a <mask>.
07/14/2022 09:12:07 - INFO - __main__ - <mask> was named as the new <mask>.
07/14/2022 09:12:07 - INFO - __main__ - <mask> played as a <mask>.
07/14/2022 09:12:07 - INFO - __main__ - <mask> is a former <mask>.
07/14/2022 09:12:07 - INFO - __main__ - ****************************
07/14/2022 09:12:07 - INFO - __main__ - *********References*********
07/14/2022 09:12:07 - INFO - __main__ - ['<mask> plays in <mask> position.']
07/14/2022 09:12:07 - INFO - __main__ - ****************************
07/14/2022 09:12:52 - INFO - __main__ - ***********Input************
07/14/2022 09:12:52 - INFO - __main__ - <mask> ( born 14 september 1995 ) is a scottish professional footballer who plays as a <mask> for kilmarnock , on loan from newcastle united .
07/14/2022 09:12:52 - INFO - __main__ - *********Hypothesis*********
07/14/2022 09:12:52 - INFO - __main__ - <mask>, footballer who plays as a <mask>.
07/14/2022 09:12:52 - INFO - __main__ - <mask> – former professional <mask>.
07/14/2022 09:12:52 - INFO - __main__ - <mask>, professional footballer, <mask>.
07/14/2022 09:12:52 - INFO - __main__ - <mask> was named as the club's new <mask>.
07/14/2022 09:12:52 - INFO - __main__ - <mask>, who played as a <mask>.
07/14/2022 09:12:52 - INFO - __main__ - <mask> – for services to the community in <mask>.
07/14/2022 09:12:52 - INFO - __main__ - <mask> is a former professional <mask>.
07/14/2022 09:12:52 - INFO - __main__ - <mask> was the team's most-er, <mask>.
07/14/2022 09:12:52 - INFO - __main__ - <mask> is a former professional footballer <mask>.
07/14/2022 09:12:52 - INFO - __main__ - <mask> – for services to the community as a <mask>.
07/14/2022 09:12:52 - INFO - __main__ - ****************************
07/14/2022 09:12:52 - INFO - __main__ - *********References*********
07/14/2022 09:12:52 - INFO - __main__ - ['<mask> plays in <mask> position.']
07/14/2022 09:12:52 - INFO - __main__ - ****************************
07/14/2022 09:13:42 - INFO - __main__ - ***********Input************
07/14/2022 09:13:42 - INFO - __main__ - <mask> ( 15 september 1930 – 12 january 2006 ) was a swiss football <mask> who played for switzerland in the 1962 fifa world cup .
07/14/2022 09:13:42 - INFO - __main__ - *********Hypothesis*********
07/14/2022 09:13:42 - INFO - __main__ - <mask>, former professional footballer <mask>.
07/14/2022 09:13:42 - INFO - __main__ - <mask> was a versatile <mask>.
07/14/2022 09:13:42 - INFO - __main__ - <mask>, who was a <mask>.
07/14/2022 09:13:42 - INFO - __main__ - <mask> was the team's <mask>.
07/14/2022 09:13:42 - INFO - __main__ - <mask> was a professional <mask>.
07/14/2022 09:13:42 - INFO - __main__ - <mask> was a <mask>.
07/14/2022 09:13:42 - INFO - __main__ - <mask> is a <mask>.
07/14/2022 09:13:42 - INFO - __main__ - <mask> is a former <mask>.
07/14/2022 09:13:42 - INFO - __main__ - <mask> started his career as a <mask>.
07/14/2022 09:13:42 - INFO - __main__ - <mask> is a midfielder <mask>.
07/14/2022 09:13:42 - INFO - __main__ - ****************************
07/14/2022 09:13:42 - INFO - __main__ - *********References*********
07/14/2022 09:13:42 - INFO - __main__ - ['<mask> plays in <mask> position.']
07/14/2022 09:13:42 - INFO - __main__ - ****************************
07/14/2022 09:14:44 - INFO - __main__ - ***********Input************
07/14/2022 09:14:44 - INFO - __main__ - he belonged to the <mask> , of <mask> and bernard silvestris .
07/14/2022 09:14:44 - INFO - __main__ - *********Hypothesis*********
07/14/2022 09:14:44 - INFO - __main__ - <mask> is a family of plants in the order <mask>.
07/14/2022 09:14:44 - INFO - __main__ - <mask> is a family of flowering plants in the genus <mask>.
07/14/2022 09:14:44 - INFO - __main__ - <mask>, including the genus <mask>.
07/14/2022 09:14:44 - INFO - __main__ - <mask> is a family of flowering plants in the family <mask>.
07/14/2022 09:14:44 - INFO - __main__ - <mask> cuisine is the cuisine of <mask>.
07/14/2022 09:14:44 - INFO - __main__ - <mask> was a part of <mask>.
07/14/2022 09:14:44 - INFO - __main__ - <mask> of bad kreuznach, now part of <mask>.
07/14/2022 09:14:44 - INFO - __main__ - <mask> is a subfamily of <mask>.
07/14/2022 09:14:44 - INFO - __main__ - <mask> is the name of several regions in <mask>.
07/14/2022 09:14:44 - INFO - __main__ - <mask> is a surname, derived from the region of <mask>.
07/14/2022 09:14:44 - INFO - __main__ - ****************************
07/14/2022 09:14:44 - INFO - __main__ - *********References*********
07/14/2022 09:14:44 - INFO - __main__ - ['<mask> is a member of <mask>.']
07/14/2022 09:14:44 - INFO - __main__ - ****************************
07/14/2022 09:14:44 - INFO - __main__ - Task: fewrel
07/14/2022 09:14:44 - INFO - __main__ - bleu-4: 0.012686424829558856
07/14/2022 09:14:44 - INFO - __main__ - bleu-3: 0.033465812415103324
07/14/2022 09:14:44 - INFO - __main__ - bleu-2: 0.1260852127892199
07/14/2022 09:14:44 - INFO - __main__ - bleu-1: 0.3272413752104983
07/14/2022 09:14:44 - INFO - __main__ - METEOR: 0.29499820454331926
07/14/2022 09:14:44 - INFO - __main__ - ROUGE-L: 0.44345449115354213
07/14/2022 09:14:44 - INFO - __main__ - entailment score(mean-mean): 0.2572193728830098
07/14/2022 09:14:44 - INFO - __main__ - entailment score(mean-max): 0.6624505964107812
07/14/2022 09:14:44 - INFO - __main__ - entailment score(mean-min): 0.00527995213506074
07/14/2022 09:14:44 - INFO - __main__ - self-BLEU-2: 0.8965318836962956
07/14/2022 09:14:44 - INFO - __main__ - avg: 0.20632192015687364
07/14/2022 09:14:44 - INFO - __main__ - *******************************************************
07/14/2022 09:14:44 - INFO - __main__ - *******************************************************
07/14/2022 09:14:44 - INFO - __main__ - *******************************************************
