07/05/2022 15:42:02 - INFO - __main__ - **************** MODEL CONFIGURATION ****************
07/05/2022 15:42:02 - INFO - __main__ - bart_training             -->   True
07/05/2022 15:42:02 - INFO - __main__ - device                    -->   0
07/05/2022 15:42:02 - INFO - __main__ - group_beam                -->   True
07/05/2022 15:42:02 - INFO - __main__ - if_then                   -->   False
07/05/2022 15:42:02 - INFO - __main__ - inductor                  -->   rule
07/05/2022 15:42:02 - INFO - __main__ - log_dir                   -->   logs_new/
07/05/2022 15:42:02 - INFO - __main__ - log_name                  -->   fewrel-rerun
07/05/2022 15:42:02 - INFO - __main__ - mlm_training              -->   True
07/05/2022 15:42:02 - INFO - __main__ - task                      -->   fewrel
07/05/2022 15:42:02 - INFO - __main__ - **************** MODEL CONFIGURATION ****************
07/05/2022 15:44:00 - INFO - __main__ - ***********Input************
07/05/2022 15:44:00 - INFO - __main__ - his guitar work on the title track is credited as what first drew <mask> to him , who two years later invited allman to join him as part of <mask> .
07/05/2022 15:44:00 - INFO - __main__ - *********Hypothesis*********
07/05/2022 15:44:00 - INFO - __main__ - <mask> was a fan of <mask>.
07/05/2022 15:44:00 - INFO - __main__ - <mask> is the only member of <mask>.
07/05/2022 15:44:00 - INFO - __main__ - <mask>, the guitarist of <mask>.
07/05/2022 15:44:00 - INFO - __main__ - <mask> has been a fan of <mask>.
07/05/2022 15:44:00 - INFO - __main__ - <mask> was a member of <mask>.
07/05/2022 15:44:00 - INFO - __main__ - <mask> is a member of <mask>.
07/05/2022 15:44:00 - INFO - __main__ - <mask> had previously been a member of <mask>.
07/05/2022 15:44:00 - INFO - __main__ - <mask>, guitarist and singer of <mask>.
07/05/2022 15:44:00 - INFO - __main__ - <mask> was the fan of <mask>.
07/05/2022 15:44:00 - INFO - __main__ - <mask>, the lead singer of <mask>.
07/05/2022 15:44:00 - INFO - __main__ - ****************************
07/05/2022 15:44:00 - INFO - __main__ - *********References*********
07/05/2022 15:44:00 - INFO - __main__ - ['<mask> is a member of <mask>.']
07/05/2022 15:44:00 - INFO - __main__ - ****************************
07/05/2022 15:44:36 - INFO - __main__ - ***********Input************
07/05/2022 15:44:36 - INFO - __main__ - in the summer of 1944 it opposed the <mask> ’s <mask> during the lvov - sandomir strategic offensive operation ( 13 july - 29 august 1944 ) .
07/05/2022 15:44:36 - INFO - __main__ - *********Hypothesis*********
07/05/2022 15:44:36 - INFO - __main__ - <mask> was the main force of <mask>.
07/05/2022 15:44:36 - INFO - __main__ - <mask>, and the new <mask>.
07/05/2022 15:44:36 - INFO - __main__ - <mask> forces were not able to break through the lines of the advancing <mask>.
07/05/2022 15:44:36 - INFO - __main__ - <mask>, the main enemy of <mask>.
07/05/2022 15:44:36 - INFO - __main__ - <mask>-controlled airfields were used by <mask>.
07/05/2022 15:44:36 - INFO - __main__ - <mask> troops were sent to the area, and the area was taken by <mask>.
07/05/2022 15:44:36 - INFO - __main__ - <mask>, the main enemy of the <mask>.
07/05/2022 15:44:36 - INFO - __main__ - <mask> were not allowed to use the name <mask>.
07/05/2022 15:44:36 - INFO - __main__ - <mask> troops were sent to the area to assist the <mask>.
07/05/2022 15:44:36 - INFO - __main__ - <mask> forces had been forced to retreat from the area by the <mask>.
07/05/2022 15:44:36 - INFO - __main__ - ****************************
07/05/2022 15:44:36 - INFO - __main__ - *********References*********
07/05/2022 15:44:36 - INFO - __main__ - ['<mask> is part of <mask>.']
07/05/2022 15:44:36 - INFO - __main__ - ****************************
07/05/2022 15:45:17 - INFO - __main__ - ***********Input************
07/05/2022 15:45:17 - INFO - __main__ - the singles released from " <mask> " were " <mask> " , " stuck with me " , " brain stew / jaded " , and " walking contradiction " .
07/05/2022 15:45:17 - INFO - __main__ - *********Hypothesis*********
07/05/2022 15:45:17 - INFO - __main__ - <mask>: the best of <mask>.
07/05/2022 15:45:17 - INFO - __main__ - <mask> is a compilation album by <mask>.
07/05/2022 15:45:17 - INFO - __main__ - <mask> is the debut album by the band <mask>.
07/05/2022 15:45:17 - INFO - __main__ - <mask> was originally titled <mask>.
07/05/2022 15:45:17 - INFO - __main__ - <mask> is a compilation album by the <mask>.
07/05/2022 15:45:17 - INFO - __main__ - <mask>: a tribute to <mask>.
07/05/2022 15:45:17 - INFO - __main__ - <mask> is the debut studio album by <mask>.
07/05/2022 15:45:17 - INFO - __main__ - <mask> is the debut studio album by the <mask>.
07/05/2022 15:45:17 - INFO - __main__ - <mask> (stylized as <mask>.
07/05/2022 15:45:17 - INFO - __main__ - <mask>: the way you <mask>.
07/05/2022 15:45:17 - INFO - __main__ - ****************************
07/05/2022 15:45:17 - INFO - __main__ - *********References*********
07/05/2022 15:45:17 - INFO - __main__ - ['<mask> is part of <mask>.']
07/05/2022 15:45:17 - INFO - __main__ - ****************************
07/05/2022 15:45:52 - INFO - __main__ - ***********Input************
07/05/2022 15:45:52 - INFO - __main__ - the occupancy of the show surpassed the <mask> films <mask> and freaky ali .
07/05/2022 15:45:52 - INFO - __main__ - *********Hypothesis*********
07/05/2022 15:45:52 - INFO - __main__ - <mask> has a long history of using the term <mask>.
07/05/2022 15:45:52 - INFO - __main__ - <mask> is a big part of <mask>.
07/05/2022 15:45:52 - INFO - __main__ - <mask> has been a major influence on <mask>.
07/05/2022 15:45:52 - INFO - __main__ - <mask> films are the most popular genre of <mask>.
07/05/2022 15:45:52 - INFO - __main__ - <mask> has been a big influence on <mask>.
07/05/2022 15:45:52 - INFO - __main__ - <mask> was not the only one who was interested in <mask>.
07/05/2022 15:45:52 - INFO - __main__ - <mask> has been a major influence on the <mask>.
07/05/2022 15:45:52 - INFO - __main__ - <mask> had previously been a major sponsor of <mask>.
07/05/2022 15:45:52 - INFO - __main__ - <mask> is the language of the people of <mask>.
07/05/2022 15:45:52 - INFO - __main__ - <mask> has been a big influence on me <mask>.
07/05/2022 15:45:52 - INFO - __main__ - ****************************
07/05/2022 15:45:52 - INFO - __main__ - *********References*********
07/05/2022 15:45:52 - INFO - __main__ - ['the original language of <mask> is <mask>.']
07/05/2022 15:45:52 - INFO - __main__ - ****************************
07/05/2022 15:46:22 - INFO - __main__ - ***********Input************
07/05/2022 15:46:22 - INFO - __main__ - it broadcasts mostly english language news and current affairs and also broadcasts <mask> the daily rté 1 <mask> language news television programme .
07/05/2022 15:46:22 - INFO - __main__ - *********Hypothesis*********
07/05/2022 15:46:22 - INFO - __main__ - <mask> is a national television channel, broadcasting in <mask>.
07/05/2022 15:46:22 - INFO - __main__ - <mask> was the only major television channel to broadcast in <mask>.
07/05/2022 15:46:22 - INFO - __main__ - <mask>, which is a public television channel, broadcasts in <mask>.
07/05/2022 15:46:22 - INFO - __main__ - <mask> is a free-to-air television channel broadcasting in <mask>.
07/05/2022 15:46:22 - INFO - __main__ - <mask> is the only national broadcaster in the world to broadcast in <mask>.
07/05/2022 15:46:22 - INFO - __main__ - <mask>'s programming is mainly in <mask>.
07/05/2022 15:46:22 - INFO - __main__ - <mask> is the only national broadcaster in <mask>.
07/05/2022 15:46:22 - INFO - __main__ - <mask> is the only national broadcaster to broadcast the show in <mask>.
07/05/2022 15:46:22 - INFO - __main__ - <mask> has a number of programmes in <mask>.
07/05/2022 15:46:22 - INFO - __main__ - <mask> broadcasts its programming in both languages, with the majority of its programming being in <mask>.
07/05/2022 15:46:22 - INFO - __main__ - ****************************
07/05/2022 15:46:22 - INFO - __main__ - *********References*********
07/05/2022 15:46:22 - INFO - __main__ - ['the original language of <mask> is <mask>.']
07/05/2022 15:46:22 - INFO - __main__ - ****************************
07/05/2022 15:46:53 - INFO - __main__ - ***********Input************
07/05/2022 15:46:53 - INFO - __main__ - in 2009 to mark the 125th anniversary of the <mask> he was named by the irish news as one of the all - time best 125 footballers from <mask> .
07/05/2022 15:46:53 - INFO - __main__ - *********Hypothesis*********
07/05/2022 15:46:53 - INFO - __main__ - <mask> is the governing body of gaelic football in <mask>.
07/05/2022 15:46:53 - INFO - __main__ - <mask> is the governing body for the sport of rugby union in <mask>.
07/05/2022 15:46:53 - INFO - __main__ - <mask> (gaa) is the governing body of gaelic football in <mask>.
07/05/2022 15:46:53 - INFO - __main__ - <mask> is the national sport of <mask>.
07/05/2022 15:46:53 - INFO - __main__ - <mask> is a registered charity in <mask>.
07/05/2022 15:46:53 - INFO - __main__ - <mask>'s main aim is to promote the sport of rugby union in <mask>.
07/05/2022 15:46:53 - INFO - __main__ - <mask> has been a major force in the development of the sport of rugby union in <mask>.
07/05/2022 15:46:53 - INFO - __main__ - <mask> was the only professional football club in <mask>.
07/05/2022 15:46:53 - INFO - __main__ - <mask>'s aim is to promote and develop the sport of rugby union in <mask>.
07/05/2022 15:46:53 - INFO - __main__ - <mask> is the largest and most successful football club in <mask>.
07/05/2022 15:46:53 - INFO - __main__ - ****************************
07/05/2022 15:46:53 - INFO - __main__ - *********References*********
07/05/2022 15:46:53 - INFO - __main__ - ['<mask> is a member of <mask>.']
07/05/2022 15:46:53 - INFO - __main__ - ****************************
07/05/2022 15:47:34 - INFO - __main__ - ***********Input************
07/05/2022 15:47:34 - INFO - __main__ - as a sergeant in the australian imperial force , mcgee was awarded the victoria cross for his actions in the <mask> — part of the <mask> — on 4 october 1917 .
07/05/2022 15:47:34 - INFO - __main__ - *********Hypothesis*********
07/05/2022 15:47:34 - INFO - __main__ - <mask> and the <mask>.
07/05/2022 15:47:34 - INFO - __main__ - <mask> was a major center of the early <mask>.
07/05/2022 15:47:34 - INFO - __main__ - <mask> was a major part of the <mask>.
07/05/2022 15:47:34 - INFO - __main__ - <mask> was a major naval base in the early <mask>.
07/05/2022 15:47:34 - INFO - __main__ - <mask> was a major part of <mask>.
07/05/2022 15:47:34 - INFO - __main__ - <mask>: the first <mask>.
07/05/2022 15:47:34 - INFO - __main__ - <mask> was a major center of the <mask>.
07/05/2022 15:47:34 - INFO - __main__ - <mask>, and the <mask>.
07/05/2022 15:47:34 - INFO - __main__ - <mask>, which was then a part of the <mask>.
07/05/2022 15:47:34 - INFO - __main__ - <mask> was the last major battle of the <mask>.
07/05/2022 15:47:34 - INFO - __main__ - ****************************
07/05/2022 15:47:34 - INFO - __main__ - *********References*********
07/05/2022 15:47:34 - INFO - __main__ - ['<mask> is part of <mask>.']
07/05/2022 15:47:34 - INFO - __main__ - ****************************
07/05/2022 15:48:08 - INFO - __main__ - ***********Input************
07/05/2022 15:48:08 - INFO - __main__ - petrovic made her on – screen debut with a small role in " <mask> " , a 2007 <mask> film directed by milčo mančevski .
07/05/2022 15:48:08 - INFO - __main__ - *********Hypothesis*********
07/05/2022 15:48:08 - INFO - __main__ - <mask> is a name derived from <mask>.
07/05/2022 15:48:08 - INFO - __main__ - <mask>'s name means "the little one" in <mask>.
07/05/2022 15:48:08 - INFO - __main__ - <mask> is the only one of the main characters to be <mask>.
07/05/2022 15:48:08 - INFO - __main__ - <mask>'s name means "the one who is the most beautiful" in <mask>.
07/05/2022 15:48:08 - INFO - __main__ - <mask>, however, was not a <mask>.
07/05/2022 15:48:08 - INFO - __main__ - <mask> is the name of the town in <mask>.
07/05/2022 15:48:08 - INFO - __main__ - <mask> has been described as a "national hero" in <mask>.
07/05/2022 15:48:08 - INFO - __main__ - <mask> was a very popular and popular name in <mask>.
07/05/2022 15:48:08 - INFO - __main__ - <mask> was a very popular and popular <mask>.
07/05/2022 15:48:08 - INFO - __main__ - <mask> is the only one of the main characters to be fluent <mask>.
07/05/2022 15:48:08 - INFO - __main__ - ****************************
07/05/2022 15:48:08 - INFO - __main__ - *********References*********
07/05/2022 15:48:08 - INFO - __main__ - ['the original language of <mask> is <mask>.']
07/05/2022 15:48:08 - INFO - __main__ - ****************************
07/05/2022 15:48:47 - INFO - __main__ - ***********Input************
07/05/2022 15:48:47 - INFO - __main__ - the film is a remake of <mask> movie " <mask> " , starring krishnam raju , jayasudha in the lead roles .
07/05/2022 15:48:47 - INFO - __main__ - *********Hypothesis*********
07/05/2022 15:48:47 - INFO - __main__ - <mask> is the official language of <mask>.
07/05/2022 15:48:47 - INFO - __main__ - <mask> version of the film was titled <mask>.
07/05/2022 15:48:47 - INFO - __main__ - <mask> film industry is the largest industry in <mask>.
07/05/2022 15:48:47 - INFO - __main__ - <mask> is the native language of <mask>.
07/05/2022 15:48:47 - INFO - __main__ - <mask> version was titled <mask>.
07/05/2022 15:48:47 - INFO - __main__ - <mask> version is titled as <mask>.
07/05/2022 15:48:47 - INFO - __main__ - <mask> was the language of the people of <mask>.
07/05/2022 15:48:47 - INFO - __main__ - <mask> film was released under the title <mask>.
07/05/2022 15:48:47 - INFO - __main__ - <mask> literature is the most popular language in <mask>.
07/05/2022 15:48:47 - INFO - __main__ - <mask> version was titled as <mask>.
07/05/2022 15:48:47 - INFO - __main__ - ****************************
07/05/2022 15:48:47 - INFO - __main__ - *********References*********
07/05/2022 15:48:47 - INFO - __main__ - ['the original language of <mask> is <mask>.']
07/05/2022 15:48:47 - INFO - __main__ - ****************************
07/05/2022 15:49:22 - INFO - __main__ - ***********Input************
07/05/2022 15:49:22 - INFO - __main__ - fear and trembling ( original title : <mask> ) is a 2003 <mask> film based on the novel of the same name by amélie nothomb .
07/05/2022 15:49:22 - INFO - __main__ - *********Hypothesis*********
07/05/2022 15:49:22 - INFO - __main__ - <mask> is a <mask>.
07/05/2022 15:49:22 - INFO - __main__ - <mask> is a play written in <mask>.
07/05/2022 15:49:22 - INFO - __main__ - <mask> is a novel by <mask>.
07/05/2022 15:49:22 - INFO - __main__ - <mask> is a play in <mask>.
07/05/2022 15:49:22 - INFO - __main__ - <mask> is an album by <mask>.
07/05/2022 15:49:22 - INFO - __main__ - <mask> is a name derived from <mask>.
07/05/2022 15:49:22 - INFO - __main__ - <mask> is a surname and and <mask>.
07/05/2022 15:49:22 - INFO - __main__ - <mask>, however, was not <mask>.
07/05/2022 15:49:22 - INFO - __main__ - <mask> is a surname of <mask>.
07/05/2022 15:49:22 - INFO - __main__ - <mask> is a surname <mask>.
07/05/2022 15:49:22 - INFO - __main__ - ****************************
07/05/2022 15:49:22 - INFO - __main__ - *********References*********
07/05/2022 15:49:22 - INFO - __main__ - ['the original language of <mask> is <mask>.']
07/05/2022 15:49:22 - INFO - __main__ - ****************************
07/05/2022 15:50:02 - INFO - __main__ - ***********Input************
07/05/2022 15:50:02 - INFO - __main__ - <mask> ( born 10 january 1990 ) is a german footballer who plays as a <mask> for spvgg unterhaching .
07/05/2022 15:50:02 - INFO - __main__ - *********Hypothesis*********
07/05/2022 15:50:02 - INFO - __main__ - <mask> is a <mask>.
07/05/2022 15:50:02 - INFO - __main__ - <mask> is a midfielder <mask>.
07/05/2022 15:50:02 - INFO - __main__ - <mask> was the club's <mask>.
07/05/2022 15:50:02 - INFO - __main__ - <mask>, footballer who plays as <mask>.
07/05/2022 15:50:02 - INFO - __main__ - <mask> is a midfielder and <mask>.
07/05/2022 15:50:02 - INFO - __main__ - <mask> is a former <mask>.
07/05/2022 15:50:02 - INFO - __main__ - <mask> played as a <mask>.
07/05/2022 15:50:02 - INFO - __main__ - <mask> was the team's <mask>.
07/05/2022 15:50:02 - INFO - __main__ - <mask>, who was a <mask>.
07/05/2022 15:50:02 - INFO - __main__ - <mask>: he is a <mask>.
07/05/2022 15:50:02 - INFO - __main__ - ****************************
07/05/2022 15:50:02 - INFO - __main__ - *********References*********
07/05/2022 15:50:02 - INFO - __main__ - ['<mask> plays in <mask> position.']
07/05/2022 15:50:02 - INFO - __main__ - ****************************
07/05/2022 15:50:44 - INFO - __main__ - ***********Input************
07/05/2022 15:50:44 - INFO - __main__ - wester ross is well known for its mountain scenery , especially the <mask> which includes such peaks as beinn eighe and <mask> .
07/05/2022 15:50:44 - INFO - __main__ - *********Hypothesis*********
07/05/2022 15:50:44 - INFO - __main__ - <mask> was born in the village of <mask>.
07/05/2022 15:50:44 - INFO - __main__ - <mask> was a member of the local council for <mask>.
07/05/2022 15:50:44 - INFO - __main__ - <mask> is a surname, derived from the gaelic surname <mask>.
07/05/2022 15:50:44 - INFO - __main__ - <mask> is the son of a former professional footballer, <mask>.
07/05/2022 15:50:44 - INFO - __main__ - <mask>, who was a keen golfer, was a friend of <mask>.
07/05/2022 15:50:44 - INFO - __main__ - <mask> has been described as "a very good friend" of <mask>.
07/05/2022 15:50:44 - INFO - __main__ - <mask>' family were originally from <mask>.
07/05/2022 15:50:44 - INFO - __main__ - <mask> had been a member of the local council for <mask>.
07/05/2022 15:50:44 - INFO - __main__ - <mask>'s father was a farmer in <mask>.
07/05/2022 15:50:44 - INFO - __main__ - <mask> and his wife were buried at <mask>.
07/05/2022 15:50:44 - INFO - __main__ - ****************************
07/05/2022 15:50:44 - INFO - __main__ - *********References*********
07/05/2022 15:50:44 - INFO - __main__ - ['<mask> is part of <mask>.']
07/05/2022 15:50:44 - INFO - __main__ - ****************************
07/05/2022 15:51:19 - INFO - __main__ - ***********Input************
07/05/2022 15:51:19 - INFO - __main__ - <mask> ( born 23 august 1994 ) is an afghan international footballer who plays as a <mask> .
07/05/2022 15:51:19 - INFO - __main__ - *********Hypothesis*********
07/05/2022 15:51:19 - INFO - __main__ - <mask> is a <mask>.
07/05/2022 15:51:19 - INFO - __main__ - <mask> was the team's <mask>.
07/05/2022 15:51:19 - INFO - __main__ - <mask> started his career as a <mask>.
07/05/2022 15:51:19 - INFO - __main__ - <mask> is a midfielder <mask>.
07/05/2022 15:51:19 - INFO - __main__ - <mask> was the club's <mask>.
07/05/2022 15:51:19 - INFO - __main__ - <mask> played as a <mask>.
07/05/2022 15:51:19 - INFO - __main__ - <mask>, who was a <mask>.
07/05/2022 15:51:19 - INFO - __main__ - <mask>, who is a <mask>.
07/05/2022 15:51:19 - INFO - __main__ - <mask> plays as a <mask>.
07/05/2022 15:51:19 - INFO - __main__ - <mask> was a right-handed <mask>.
07/05/2022 15:51:19 - INFO - __main__ - ****************************
07/05/2022 15:51:19 - INFO - __main__ - *********References*********
07/05/2022 15:51:19 - INFO - __main__ - ['<mask> plays in <mask> position.']
07/05/2022 15:51:19 - INFO - __main__ - ****************************
07/05/2022 15:51:55 - INFO - __main__ - ***********Input************
07/05/2022 15:51:55 - INFO - __main__ - the company was formed by steve nardelli and <mask> of the psychedelic prog band <mask> .
07/05/2022 15:51:55 - INFO - __main__ - *********Hypothesis*********
07/05/2022 15:51:55 - INFO - __main__ - <mask>, the lead singer of <mask>.
07/05/2022 15:51:55 - INFO - __main__ - <mask> was a member of <mask>.
07/05/2022 15:51:55 - INFO - __main__ - <mask>, the lead singer of the <mask>.
07/05/2022 15:51:55 - INFO - __main__ - <mask> was a member of the <mask>.
07/05/2022 15:51:55 - INFO - __main__ - <mask> was a member of the band <mask>.
07/05/2022 15:51:55 - INFO - __main__ - <mask> had been a big fan of <mask>.
07/05/2022 15:51:55 - INFO - __main__ - <mask>, the leader of <mask>.
07/05/2022 15:51:55 - INFO - __main__ - <mask> is a former member of the band <mask>.
07/05/2022 15:51:55 - INFO - __main__ - <mask> is a former member of <mask>.
07/05/2022 15:51:55 - INFO - __main__ - <mask> had been a member of the <mask>.
07/05/2022 15:51:55 - INFO - __main__ - ****************************
07/05/2022 15:51:55 - INFO - __main__ - *********References*********
07/05/2022 15:51:55 - INFO - __main__ - ['<mask> is a member of <mask>.']
07/05/2022 15:51:55 - INFO - __main__ - ****************************
07/05/2022 15:52:35 - INFO - __main__ - ***********Input************
07/05/2022 15:52:35 - INFO - __main__ - the <mask> ( ) metro station is located on the red line of the <mask> .
07/05/2022 15:52:35 - INFO - __main__ - *********Hypothesis*********
07/05/2022 15:52:35 - INFO - __main__ - <mask> is a station on <mask>.
07/05/2022 15:52:35 - INFO - __main__ - <mask> is a station of <mask>.
07/05/2022 15:52:35 - INFO - __main__ - <mask> is served by the <mask>.
07/05/2022 15:52:35 - INFO - __main__ - <mask> is a station on the line of <mask>.
07/05/2022 15:52:35 - INFO - __main__ - <mask> is the main station of <mask>.
07/05/2022 15:52:35 - INFO - __main__ - <mask> is a <mask>.
07/05/2022 15:52:35 - INFO - __main__ - <mask> is served by <mask>.
07/05/2022 15:52:35 - INFO - __main__ - <mask> metro the main station of <mask>.
07/05/2022 15:52:35 - INFO - __main__ - <mask> metro station is a station of <mask>.
07/05/2022 15:52:35 - INFO - __main__ - <mask> metro station on <mask>.
07/05/2022 15:52:35 - INFO - __main__ - ****************************
07/05/2022 15:52:35 - INFO - __main__ - *********References*********
07/05/2022 15:52:35 - INFO - __main__ - ['<mask> is part of <mask>.']
07/05/2022 15:52:35 - INFO - __main__ - ****************************
07/05/2022 15:53:08 - INFO - __main__ - ***********Input************
07/05/2022 15:53:08 - INFO - __main__ - kane 's ultimate version was introduced in " ultimate x - men " # 76 , where he is once again a partner to <mask> , domino and the other <mask> team members .
07/05/2022 15:53:08 - INFO - __main__ - *********Hypothesis*********
07/05/2022 15:53:08 - INFO - __main__ - <mask> had been a member of the original <mask>.
07/05/2022 15:53:08 - INFO - __main__ - <mask> was a member of the elite <mask>.
07/05/2022 15:53:08 - INFO - __main__ - <mask> was the only one who knew about the new <mask>.
07/05/2022 15:53:08 - INFO - __main__ - <mask> and i were the only ones who knew about the new <mask>.
07/05/2022 15:53:08 - INFO - __main__ - <mask>'s voice was a little too harsh for <mask>.
07/05/2022 15:53:08 - INFO - __main__ - <mask> was a member of the <mask>.
07/05/2022 15:53:08 - INFO - __main__ - <mask> is a member of the <mask>.
07/05/2022 15:53:08 - INFO - __main__ - <mask>, i'm sorry i didn't tell you about <mask>.
07/05/2022 15:53:08 - INFO - __main__ - <mask>'s eyes widened as he saw the other <mask>.
07/05/2022 15:53:08 - INFO - __main__ - <mask> was a member of the elite group <mask>.
07/05/2022 15:53:08 - INFO - __main__ - ****************************
07/05/2022 15:53:08 - INFO - __main__ - *********References*********
07/05/2022 15:53:08 - INFO - __main__ - ['<mask> is a member of <mask>.']
07/05/2022 15:53:08 - INFO - __main__ - ****************************
07/05/2022 15:53:13 - INFO - __main__ - ***********Input************
07/05/2022 15:53:13 - INFO - __main__ - <mask> ( born 15 december 1990 in plymouth , trinidad and tobago ) , is an international football player from trinidad and tobagosoca warriors who plays as a <mask> for juticalpa .
07/05/2022 15:53:13 - INFO - __main__ - *********Hypothesis*********
07/05/2022 15:53:13 - INFO - __main__ - ****************************
07/05/2022 15:53:13 - INFO - __main__ - *********References*********
07/05/2022 15:53:13 - INFO - __main__ - ['<mask> plays in <mask> position.']
07/05/2022 15:53:13 - INFO - __main__ - ****************************
07/05/2022 15:53:45 - INFO - __main__ - ***********Input************
07/05/2022 15:53:45 - INFO - __main__ - <mask> ( born 14 september 1995 ) is a scottish professional footballer who plays as a <mask> for kilmarnock , on loan from newcastle united .
07/05/2022 15:53:45 - INFO - __main__ - *********Hypothesis*********
07/05/2022 15:53:45 - INFO - __main__ - <mask> is a former professional <mask>.
07/05/2022 15:53:45 - INFO - __main__ - <mask>, footballer who plays as a <mask>.
07/05/2022 15:53:45 - INFO - __main__ - <mask>, professional footballer, <mask>.
07/05/2022 15:53:45 - INFO - __main__ - <mask> – former professional <mask>.
07/05/2022 15:53:45 - INFO - __main__ - <mask>, footballer who plays as <mask>.
07/05/2022 15:53:45 - INFO - __main__ - <mask> is a former professional footballerfielder <mask>.
07/05/2022 15:53:45 - INFO - __main__ - <mask> was the club's most successful <mask>.
07/05/2022 15:53:45 - INFO - __main__ - <mask> was a midfielder who played as a <mask>.
07/05/2022 15:53:45 - INFO - __main__ - <mask> is a welsh international <mask>.
07/05/2022 15:53:45 - INFO - __main__ - <mask> was a right-handed <mask>.
07/05/2022 15:53:45 - INFO - __main__ - ****************************
07/05/2022 15:53:45 - INFO - __main__ - *********References*********
07/05/2022 15:53:45 - INFO - __main__ - ['<mask> plays in <mask> position.']
07/05/2022 15:53:45 - INFO - __main__ - ****************************
07/05/2022 15:54:25 - INFO - __main__ - ***********Input************
07/05/2022 15:54:25 - INFO - __main__ - <mask> ( 15 september 1930 – 12 january 2006 ) was a swiss football <mask> who played for switzerland in the 1962 fifa world cup .
07/05/2022 15:54:25 - INFO - __main__ - *********Hypothesis*********
07/05/2022 15:54:25 - INFO - __main__ - <mask> is a <mask>.
07/05/2022 15:54:25 - INFO - __main__ - <mask> was a <mask>.
07/05/2022 15:54:25 - INFO - __main__ - <mask> was the team's <mask>.
07/05/2022 15:54:25 - INFO - __main__ - <mask> is a midfielder <mask>.
07/05/2022 15:54:25 - INFO - __main__ - <mask> was the club's <mask>.
07/05/2022 15:54:25 - INFO - __main__ - <mask> started his career as a <mask>.
07/05/2022 15:54:25 - INFO - __main__ - <mask> is a former <mask>.
07/05/2022 15:54:25 - INFO - __main__ - <mask>, who was a <mask>.
07/05/2022 15:54:25 - INFO - __main__ - <mask> was the team's most <mask>.
07/05/2022 15:54:25 - INFO - __main__ - <mask>, who is <mask>.
07/05/2022 15:54:25 - INFO - __main__ - ****************************
07/05/2022 15:54:25 - INFO - __main__ - *********References*********
07/05/2022 15:54:25 - INFO - __main__ - ['<mask> plays in <mask> position.']
07/05/2022 15:54:25 - INFO - __main__ - ****************************
07/05/2022 15:55:06 - INFO - __main__ - ***********Input************
07/05/2022 15:55:06 - INFO - __main__ - he belonged to the <mask> , of <mask> and bernard silvestris .
07/05/2022 15:55:06 - INFO - __main__ - *********Hypothesis*********
07/05/2022 15:55:06 - INFO - __main__ - <mask> is a family of plants in the genus <mask>.
07/05/2022 15:55:06 - INFO - __main__ - <mask> is a family of flowering plants in the genus <mask>.
07/05/2022 15:55:06 - INFO - __main__ - <mask> are a subfamily of the genus <mask>.
07/05/2022 15:55:06 - INFO - __main__ - <mask> is the only family of the extinct genus <mask>.
07/05/2022 15:55:06 - INFO - __main__ - <mask> is a family of <mask>.
07/05/2022 15:55:06 - INFO - __main__ - <mask>, the common name of <mask>.
07/05/2022 15:55:06 - INFO - __main__ - <mask>, the name of the family of <mask>.
07/05/2022 15:55:06 - INFO - __main__ - <mask> is an extinct family of <mask>.
07/05/2022 15:55:06 - INFO - __main__ - <mask> was formerly considered a subfamily of <mask>.
07/05/2022 15:55:06 - INFO - __main__ - <mask> records the village as <mask>.
07/05/2022 15:55:06 - INFO - __main__ - ****************************
07/05/2022 15:55:06 - INFO - __main__ - *********References*********
07/05/2022 15:55:06 - INFO - __main__ - ['<mask> is a member of <mask>.']
07/05/2022 15:55:06 - INFO - __main__ - ****************************
07/05/2022 15:55:07 - INFO - __main__ - Task: fewrel
07/05/2022 15:55:07 - INFO - __main__ - bleu-4: 0.016144419051512125
07/05/2022 15:55:07 - INFO - __main__ - bleu-3: 0.04496327641557429
07/05/2022 15:55:07 - INFO - __main__ - bleu-2: 0.15143774212600064
07/05/2022 15:55:07 - INFO - __main__ - bleu-1: 0.34601163582462496
07/05/2022 15:55:07 - INFO - __main__ - METEOR: 0.322655255757565
07/05/2022 15:55:07 - INFO - __main__ - ROUGE-L: 0.4475538227770001
07/05/2022 15:55:07 - INFO - __main__ - entailment score(mean-mean): 0.2734875537776634
07/05/2022 15:55:07 - INFO - __main__ - entailment score(mean-max): 0.6490303881000727
07/05/2022 15:55:07 - INFO - __main__ - entailment score(mean-min): 0.0018978397225509979
07/05/2022 15:55:07 - INFO - __main__ - self-BLEU-2: 0.9077800829079766
07/05/2022 15:55:07 - INFO - __main__ - avg: 0.2214610253253795
07/05/2022 15:55:07 - INFO - __main__ - *******************************************************
07/05/2022 15:55:07 - INFO - __main__ - *******************************************************
07/05/2022 15:55:07 - INFO - __main__ - *******************************************************
07/09/2022 07:36:32 - INFO - __main__ - **************** MODEL CONFIGURATION ****************
07/09/2022 07:36:32 - INFO - __main__ - bart_training             -->   True
07/09/2022 07:36:32 - INFO - __main__ - device                    -->   0
07/09/2022 07:36:32 - INFO - __main__ - group_beam                -->   True
07/09/2022 07:36:32 - INFO - __main__ - if_then                   -->   False
07/09/2022 07:36:32 - INFO - __main__ - inductor                  -->   rule
07/09/2022 07:36:32 - INFO - __main__ - log_dir                   -->   logs_new/
07/09/2022 07:36:32 - INFO - __main__ - log_name                  -->   fewrel-rerun
07/09/2022 07:36:32 - INFO - __main__ - mlm_training              -->   True
07/09/2022 07:36:32 - INFO - __main__ - task                      -->   fewrel
07/09/2022 07:36:32 - INFO - __main__ - **************** MODEL CONFIGURATION ****************
07/09/2022 07:38:34 - INFO - __main__ - ***********Input************
07/09/2022 07:38:34 - INFO - __main__ - his guitar work on the title track is credited as what first drew <mask> to him , who two years later invited allman to join him as part of <mask> .
07/09/2022 07:38:34 - INFO - __main__ - *********Hypothesis*********
07/09/2022 07:38:34 - INFO - __main__ - <mask> was a fan of <mask>.
07/09/2022 07:38:34 - INFO - __main__ - <mask> is the only member of <mask>.
07/09/2022 07:38:34 - INFO - __main__ - <mask>, the guitarist of <mask>.
07/09/2022 07:38:34 - INFO - __main__ - <mask> has been a fan of <mask>.
07/09/2022 07:38:34 - INFO - __main__ - <mask> was a member of <mask>.
07/09/2022 07:38:34 - INFO - __main__ - <mask> is a member of <mask>.
07/09/2022 07:38:34 - INFO - __main__ - <mask> had previously been a member of <mask>.
07/09/2022 07:38:34 - INFO - __main__ - <mask>, guitarist and singer of <mask>.
07/09/2022 07:38:34 - INFO - __main__ - <mask> was the fan of <mask>.
07/09/2022 07:38:34 - INFO - __main__ - <mask>, the lead singer of <mask>.
07/09/2022 07:38:34 - INFO - __main__ - ****************************
07/09/2022 07:38:34 - INFO - __main__ - *********References*********
07/09/2022 07:38:34 - INFO - __main__ - ['<mask> is a member of <mask>.']
07/09/2022 07:38:34 - INFO - __main__ - ****************************
07/09/2022 07:39:08 - INFO - __main__ - ***********Input************
07/09/2022 07:39:08 - INFO - __main__ - in the summer of 1944 it opposed the <mask> ’s <mask> during the lvov - sandomir strategic offensive operation ( 13 july - 29 august 1944 ) .
07/09/2022 07:39:08 - INFO - __main__ - *********Hypothesis*********
07/09/2022 07:39:08 - INFO - __main__ - <mask> was the main force of <mask>.
07/09/2022 07:39:08 - INFO - __main__ - <mask>, and the new <mask>.
07/09/2022 07:39:08 - INFO - __main__ - <mask> forces were not able to break through the lines of the advancing <mask>.
07/09/2022 07:39:08 - INFO - __main__ - <mask>, the main enemy of <mask>.
07/09/2022 07:39:08 - INFO - __main__ - <mask>-controlled airfields were used by <mask>.
07/09/2022 07:39:08 - INFO - __main__ - <mask> troops were sent to the area, and the area was taken by <mask>.
07/09/2022 07:39:08 - INFO - __main__ - <mask>, the main enemy of the <mask>.
07/09/2022 07:39:08 - INFO - __main__ - <mask> were not allowed to use the name <mask>.
07/09/2022 07:39:08 - INFO - __main__ - <mask> troops were sent to the area to assist the <mask>.
07/09/2022 07:39:08 - INFO - __main__ - <mask> forces had been forced to retreat from the area by the <mask>.
07/09/2022 07:39:08 - INFO - __main__ - ****************************
07/09/2022 07:39:08 - INFO - __main__ - *********References*********
07/09/2022 07:39:08 - INFO - __main__ - ['<mask> is part of <mask>.']
07/09/2022 07:39:08 - INFO - __main__ - ****************************
07/09/2022 07:39:47 - INFO - __main__ - ***********Input************
07/09/2022 07:39:47 - INFO - __main__ - the singles released from " <mask> " were " <mask> " , " stuck with me " , " brain stew / jaded " , and " walking contradiction " .
07/09/2022 07:39:47 - INFO - __main__ - *********Hypothesis*********
07/09/2022 07:39:47 - INFO - __main__ - <mask>: the best of <mask>.
07/09/2022 07:39:47 - INFO - __main__ - <mask> is a compilation album by <mask>.
07/09/2022 07:39:47 - INFO - __main__ - <mask> is the debut album by the band <mask>.
07/09/2022 07:39:47 - INFO - __main__ - <mask> was originally titled <mask>.
07/09/2022 07:39:47 - INFO - __main__ - <mask> is a compilation album by the <mask>.
07/09/2022 07:39:47 - INFO - __main__ - <mask>: a tribute to <mask>.
07/09/2022 07:39:47 - INFO - __main__ - <mask> is the debut studio album by <mask>.
07/09/2022 07:39:47 - INFO - __main__ - <mask> is the debut studio album by the <mask>.
07/09/2022 07:39:47 - INFO - __main__ - <mask> (stylized as <mask>.
07/09/2022 07:39:47 - INFO - __main__ - <mask>: the way you <mask>.
07/09/2022 07:39:47 - INFO - __main__ - ****************************
07/09/2022 07:39:47 - INFO - __main__ - *********References*********
07/09/2022 07:39:47 - INFO - __main__ - ['<mask> is part of <mask>.']
07/09/2022 07:39:47 - INFO - __main__ - ****************************
07/09/2022 07:40:19 - INFO - __main__ - ***********Input************
07/09/2022 07:40:19 - INFO - __main__ - the occupancy of the show surpassed the <mask> films <mask> and freaky ali .
07/09/2022 07:40:19 - INFO - __main__ - *********Hypothesis*********
07/09/2022 07:40:19 - INFO - __main__ - <mask> has a long history of using the term <mask>.
07/09/2022 07:40:19 - INFO - __main__ - <mask> is a big part of <mask>.
07/09/2022 07:40:19 - INFO - __main__ - <mask> has been a major influence on <mask>.
07/09/2022 07:40:19 - INFO - __main__ - <mask> films are the most popular genre of <mask>.
07/09/2022 07:40:19 - INFO - __main__ - <mask> has been a big influence on <mask>.
07/09/2022 07:40:19 - INFO - __main__ - <mask> was not the only one who was interested in <mask>.
07/09/2022 07:40:19 - INFO - __main__ - <mask> has been a major influence on the <mask>.
07/09/2022 07:40:19 - INFO - __main__ - <mask> had previously been a major sponsor of <mask>.
07/09/2022 07:40:19 - INFO - __main__ - <mask> is the language of the people of <mask>.
07/09/2022 07:40:19 - INFO - __main__ - <mask> has been a big influence on me <mask>.
07/09/2022 07:40:19 - INFO - __main__ - ****************************
07/09/2022 07:40:19 - INFO - __main__ - *********References*********
07/09/2022 07:40:19 - INFO - __main__ - ['the original language of <mask> is <mask>.']
07/09/2022 07:40:19 - INFO - __main__ - ****************************
07/09/2022 07:40:48 - INFO - __main__ - ***********Input************
07/09/2022 07:40:48 - INFO - __main__ - it broadcasts mostly english language news and current affairs and also broadcasts <mask> the daily rté 1 <mask> language news television programme .
07/09/2022 07:40:48 - INFO - __main__ - *********Hypothesis*********
07/09/2022 07:40:48 - INFO - __main__ - <mask> is a national television channel, broadcasting in <mask>.
07/09/2022 07:40:48 - INFO - __main__ - <mask> was the only major television channel to broadcast in <mask>.
07/09/2022 07:40:48 - INFO - __main__ - <mask>, which is a public television channel, broadcasts in <mask>.
07/09/2022 07:40:48 - INFO - __main__ - <mask> is a free-to-air television channel broadcasting in <mask>.
07/09/2022 07:40:48 - INFO - __main__ - <mask> is the only national broadcaster in the world to broadcast in <mask>.
07/09/2022 07:40:48 - INFO - __main__ - <mask>'s programming is mainly in <mask>.
07/09/2022 07:40:48 - INFO - __main__ - <mask> is the only national broadcaster in <mask>.
07/09/2022 07:40:48 - INFO - __main__ - <mask> is the only national broadcaster to broadcast the show in <mask>.
07/09/2022 07:40:48 - INFO - __main__ - <mask> has a number of programmes in <mask>.
07/09/2022 07:40:48 - INFO - __main__ - <mask> broadcasts its programming in both languages, with the majority of its programming being in <mask>.
07/09/2022 07:40:48 - INFO - __main__ - ****************************
07/09/2022 07:40:48 - INFO - __main__ - *********References*********
07/09/2022 07:40:48 - INFO - __main__ - ['the original language of <mask> is <mask>.']
07/09/2022 07:40:48 - INFO - __main__ - ****************************
07/09/2022 07:41:17 - INFO - __main__ - ***********Input************
07/09/2022 07:41:17 - INFO - __main__ - in 2009 to mark the 125th anniversary of the <mask> he was named by the irish news as one of the all - time best 125 footballers from <mask> .
07/09/2022 07:41:17 - INFO - __main__ - *********Hypothesis*********
07/09/2022 07:41:17 - INFO - __main__ - <mask> is the governing body of gaelic football in <mask>.
07/09/2022 07:41:17 - INFO - __main__ - <mask> is the governing body for the sport of rugby union in <mask>.
07/09/2022 07:41:17 - INFO - __main__ - <mask> (gaa) is the governing body of gaelic football in <mask>.
07/09/2022 07:41:17 - INFO - __main__ - <mask> is the national sport of <mask>.
07/09/2022 07:41:17 - INFO - __main__ - <mask> is a registered charity in <mask>.
07/09/2022 07:41:17 - INFO - __main__ - <mask>'s main aim is to promote the sport of rugby union in <mask>.
07/09/2022 07:41:17 - INFO - __main__ - <mask> has been a major force in the development of the sport of rugby union in <mask>.
07/09/2022 07:41:17 - INFO - __main__ - <mask> was the only professional football club in <mask>.
07/09/2022 07:41:17 - INFO - __main__ - <mask>'s aim is to promote and develop the sport of rugby union in <mask>.
07/09/2022 07:41:17 - INFO - __main__ - <mask> is the largest and most successful football club in <mask>.
07/09/2022 07:41:17 - INFO - __main__ - ****************************
07/09/2022 07:41:17 - INFO - __main__ - *********References*********
07/09/2022 07:41:17 - INFO - __main__ - ['<mask> is a member of <mask>.']
07/09/2022 07:41:17 - INFO - __main__ - ****************************
07/09/2022 07:41:55 - INFO - __main__ - ***********Input************
07/09/2022 07:41:55 - INFO - __main__ - as a sergeant in the australian imperial force , mcgee was awarded the victoria cross for his actions in the <mask> — part of the <mask> — on 4 october 1917 .
07/09/2022 07:41:55 - INFO - __main__ - *********Hypothesis*********
07/09/2022 07:41:55 - INFO - __main__ - <mask> and the <mask>.
07/09/2022 07:41:55 - INFO - __main__ - <mask> was a major center of the early <mask>.
07/09/2022 07:41:55 - INFO - __main__ - <mask> was a major part of the <mask>.
07/09/2022 07:41:55 - INFO - __main__ - <mask> was a major naval base in the early <mask>.
07/09/2022 07:41:55 - INFO - __main__ - <mask> was a major part of <mask>.
07/09/2022 07:41:55 - INFO - __main__ - <mask>: the first <mask>.
07/09/2022 07:41:55 - INFO - __main__ - <mask> was a major center of the <mask>.
07/09/2022 07:41:55 - INFO - __main__ - <mask>, and the <mask>.
07/09/2022 07:41:55 - INFO - __main__ - <mask>, which was then a part of the <mask>.
07/09/2022 07:41:55 - INFO - __main__ - <mask> was the last major battle of the <mask>.
07/09/2022 07:41:55 - INFO - __main__ - ****************************
07/09/2022 07:41:55 - INFO - __main__ - *********References*********
07/09/2022 07:41:55 - INFO - __main__ - ['<mask> is part of <mask>.']
07/09/2022 07:41:55 - INFO - __main__ - ****************************
07/09/2022 07:42:27 - INFO - __main__ - ***********Input************
07/09/2022 07:42:27 - INFO - __main__ - petrovic made her on – screen debut with a small role in " <mask> " , a 2007 <mask> film directed by milčo mančevski .
07/09/2022 07:42:27 - INFO - __main__ - *********Hypothesis*********
07/09/2022 07:42:27 - INFO - __main__ - <mask> is a name derived from <mask>.
07/09/2022 07:42:27 - INFO - __main__ - <mask>'s name means "the little one" in <mask>.
07/09/2022 07:42:27 - INFO - __main__ - <mask> is the only one of the main characters to be <mask>.
07/09/2022 07:42:27 - INFO - __main__ - <mask>'s name means "the one who is the most beautiful" in <mask>.
07/09/2022 07:42:27 - INFO - __main__ - <mask>, however, was not a <mask>.
07/09/2022 07:42:27 - INFO - __main__ - <mask> is the name of the town in <mask>.
07/09/2022 07:42:27 - INFO - __main__ - <mask> has been described as a "national hero" in <mask>.
07/09/2022 07:42:27 - INFO - __main__ - <mask> was a very popular and popular name in <mask>.
07/09/2022 07:42:27 - INFO - __main__ - <mask> was a very popular and popular <mask>.
07/09/2022 07:42:27 - INFO - __main__ - <mask> is the only one of the main characters to be fluent <mask>.
07/09/2022 07:42:27 - INFO - __main__ - ****************************
07/09/2022 07:42:27 - INFO - __main__ - *********References*********
07/09/2022 07:42:27 - INFO - __main__ - ['the original language of <mask> is <mask>.']
07/09/2022 07:42:27 - INFO - __main__ - ****************************
07/09/2022 07:43:04 - INFO - __main__ - ***********Input************
07/09/2022 07:43:04 - INFO - __main__ - the film is a remake of <mask> movie " <mask> " , starring krishnam raju , jayasudha in the lead roles .
07/09/2022 07:43:04 - INFO - __main__ - *********Hypothesis*********
07/09/2022 07:43:04 - INFO - __main__ - <mask> is the official language of <mask>.
07/09/2022 07:43:04 - INFO - __main__ - <mask> version of the film was titled <mask>.
07/09/2022 07:43:04 - INFO - __main__ - <mask> film industry is the largest industry in <mask>.
07/09/2022 07:43:04 - INFO - __main__ - <mask> is the native language of <mask>.
07/09/2022 07:43:04 - INFO - __main__ - <mask> version was titled <mask>.
07/09/2022 07:43:04 - INFO - __main__ - <mask> version is titled as <mask>.
07/09/2022 07:43:04 - INFO - __main__ - <mask> was the language of the people of <mask>.
07/09/2022 07:43:04 - INFO - __main__ - <mask> film was released under the title <mask>.
07/09/2022 07:43:04 - INFO - __main__ - <mask> literature is the most popular language in <mask>.
07/09/2022 07:43:04 - INFO - __main__ - <mask> version was titled as <mask>.
07/09/2022 07:43:04 - INFO - __main__ - ****************************
07/09/2022 07:43:04 - INFO - __main__ - *********References*********
07/09/2022 07:43:04 - INFO - __main__ - ['the original language of <mask> is <mask>.']
07/09/2022 07:43:04 - INFO - __main__ - ****************************
07/09/2022 07:43:38 - INFO - __main__ - ***********Input************
07/09/2022 07:43:38 - INFO - __main__ - fear and trembling ( original title : <mask> ) is a 2003 <mask> film based on the novel of the same name by amélie nothomb .
07/09/2022 07:43:38 - INFO - __main__ - *********Hypothesis*********
07/09/2022 07:43:38 - INFO - __main__ - <mask> is a <mask>.
07/09/2022 07:43:38 - INFO - __main__ - <mask> is a play written in <mask>.
07/09/2022 07:43:38 - INFO - __main__ - <mask> is a novel by <mask>.
07/09/2022 07:43:38 - INFO - __main__ - <mask> is a play in <mask>.
07/09/2022 07:43:38 - INFO - __main__ - <mask> is an album by <mask>.
07/09/2022 07:43:38 - INFO - __main__ - <mask> is a name derived from <mask>.
07/09/2022 07:43:38 - INFO - __main__ - <mask> is a surname and and <mask>.
07/09/2022 07:43:38 - INFO - __main__ - <mask>, however, was not <mask>.
07/09/2022 07:43:38 - INFO - __main__ - <mask> is a surname of <mask>.
07/09/2022 07:43:38 - INFO - __main__ - <mask> is a surname <mask>.
07/09/2022 07:43:38 - INFO - __main__ - ****************************
07/09/2022 07:43:38 - INFO - __main__ - *********References*********
07/09/2022 07:43:38 - INFO - __main__ - ['the original language of <mask> is <mask>.']
07/09/2022 07:43:38 - INFO - __main__ - ****************************
07/09/2022 07:44:17 - INFO - __main__ - ***********Input************
07/09/2022 07:44:17 - INFO - __main__ - <mask> ( born 10 january 1990 ) is a german footballer who plays as a <mask> for spvgg unterhaching .
07/09/2022 07:44:17 - INFO - __main__ - *********Hypothesis*********
07/09/2022 07:44:17 - INFO - __main__ - <mask> is a <mask>.
07/09/2022 07:44:17 - INFO - __main__ - <mask> is a midfielder <mask>.
07/09/2022 07:44:17 - INFO - __main__ - <mask> was the club's <mask>.
07/09/2022 07:44:17 - INFO - __main__ - <mask>, footballer who plays as <mask>.
07/09/2022 07:44:17 - INFO - __main__ - <mask> is a midfielder and <mask>.
07/09/2022 07:44:17 - INFO - __main__ - <mask> is a former <mask>.
07/09/2022 07:44:17 - INFO - __main__ - <mask> played as a <mask>.
07/09/2022 07:44:17 - INFO - __main__ - <mask> was the team's <mask>.
07/09/2022 07:44:17 - INFO - __main__ - <mask>, who was a <mask>.
07/09/2022 07:44:17 - INFO - __main__ - <mask>: he is a <mask>.
07/09/2022 07:44:17 - INFO - __main__ - ****************************
07/09/2022 07:44:17 - INFO - __main__ - *********References*********
07/09/2022 07:44:17 - INFO - __main__ - ['<mask> plays in <mask> position.']
07/09/2022 07:44:17 - INFO - __main__ - ****************************
07/09/2022 07:44:58 - INFO - __main__ - ***********Input************
07/09/2022 07:44:58 - INFO - __main__ - wester ross is well known for its mountain scenery , especially the <mask> which includes such peaks as beinn eighe and <mask> .
07/09/2022 07:44:58 - INFO - __main__ - *********Hypothesis*********
07/09/2022 07:44:58 - INFO - __main__ - <mask> was born in the village of <mask>.
07/09/2022 07:44:58 - INFO - __main__ - <mask> was a member of the local council for <mask>.
07/09/2022 07:44:58 - INFO - __main__ - <mask> is a surname, derived from the gaelic surname <mask>.
07/09/2022 07:44:58 - INFO - __main__ - <mask> is the son of a former professional footballer, <mask>.
07/09/2022 07:44:58 - INFO - __main__ - <mask>, who was a keen golfer, was a friend of <mask>.
07/09/2022 07:44:58 - INFO - __main__ - <mask> has been described as "a very good friend" of <mask>.
07/09/2022 07:44:58 - INFO - __main__ - <mask>' family were originally from <mask>.
07/09/2022 07:44:58 - INFO - __main__ - <mask> had been a member of the local council for <mask>.
07/09/2022 07:44:58 - INFO - __main__ - <mask>'s father was a farmer in <mask>.
07/09/2022 07:44:58 - INFO - __main__ - <mask> and his wife were buried at <mask>.
07/09/2022 07:44:58 - INFO - __main__ - ****************************
07/09/2022 07:44:58 - INFO - __main__ - *********References*********
07/09/2022 07:44:58 - INFO - __main__ - ['<mask> is part of <mask>.']
07/09/2022 07:44:58 - INFO - __main__ - ****************************
07/09/2022 07:45:33 - INFO - __main__ - ***********Input************
07/09/2022 07:45:33 - INFO - __main__ - <mask> ( born 23 august 1994 ) is an afghan international footballer who plays as a <mask> .
07/09/2022 07:45:33 - INFO - __main__ - *********Hypothesis*********
07/09/2022 07:45:33 - INFO - __main__ - <mask> is a <mask>.
07/09/2022 07:45:33 - INFO - __main__ - <mask> was the team's <mask>.
07/09/2022 07:45:33 - INFO - __main__ - <mask> started his career as a <mask>.
07/09/2022 07:45:33 - INFO - __main__ - <mask> is a midfielder <mask>.
07/09/2022 07:45:33 - INFO - __main__ - <mask> was the club's <mask>.
07/09/2022 07:45:33 - INFO - __main__ - <mask> played as a <mask>.
07/09/2022 07:45:33 - INFO - __main__ - <mask>, who was a <mask>.
07/09/2022 07:45:33 - INFO - __main__ - <mask>, who is a <mask>.
07/09/2022 07:45:33 - INFO - __main__ - <mask> plays as a <mask>.
07/09/2022 07:45:33 - INFO - __main__ - <mask> was a right-handed <mask>.
07/09/2022 07:45:33 - INFO - __main__ - ****************************
07/09/2022 07:45:33 - INFO - __main__ - *********References*********
07/09/2022 07:45:33 - INFO - __main__ - ['<mask> plays in <mask> position.']
07/09/2022 07:45:33 - INFO - __main__ - ****************************
07/09/2022 07:46:07 - INFO - __main__ - ***********Input************
07/09/2022 07:46:07 - INFO - __main__ - the company was formed by steve nardelli and <mask> of the psychedelic prog band <mask> .
07/09/2022 07:46:07 - INFO - __main__ - *********Hypothesis*********
07/09/2022 07:46:07 - INFO - __main__ - <mask>, the lead singer of <mask>.
07/09/2022 07:46:07 - INFO - __main__ - <mask> was a member of <mask>.
07/09/2022 07:46:07 - INFO - __main__ - <mask>, the lead singer of the <mask>.
07/09/2022 07:46:07 - INFO - __main__ - <mask> was a member of the <mask>.
07/09/2022 07:46:07 - INFO - __main__ - <mask> was a member of the band <mask>.
07/09/2022 07:46:07 - INFO - __main__ - <mask> had been a big fan of <mask>.
07/09/2022 07:46:07 - INFO - __main__ - <mask>, the leader of <mask>.
07/09/2022 07:46:07 - INFO - __main__ - <mask> is a former member of the band <mask>.
07/09/2022 07:46:07 - INFO - __main__ - <mask> is a former member of <mask>.
07/09/2022 07:46:07 - INFO - __main__ - <mask> had been a member of the <mask>.
07/09/2022 07:46:07 - INFO - __main__ - ****************************
07/09/2022 07:46:07 - INFO - __main__ - *********References*********
07/09/2022 07:46:07 - INFO - __main__ - ['<mask> is a member of <mask>.']
07/09/2022 07:46:07 - INFO - __main__ - ****************************
07/09/2022 07:46:45 - INFO - __main__ - ***********Input************
07/09/2022 07:46:45 - INFO - __main__ - the <mask> ( ) metro station is located on the red line of the <mask> .
07/09/2022 07:46:45 - INFO - __main__ - *********Hypothesis*********
07/09/2022 07:46:45 - INFO - __main__ - <mask> is a station on <mask>.
07/09/2022 07:46:45 - INFO - __main__ - <mask> is a station of <mask>.
07/09/2022 07:46:45 - INFO - __main__ - <mask> is served by the <mask>.
07/09/2022 07:46:45 - INFO - __main__ - <mask> is a station on the line of <mask>.
07/09/2022 07:46:45 - INFO - __main__ - <mask> is the main station of <mask>.
07/09/2022 07:46:45 - INFO - __main__ - <mask> is a <mask>.
07/09/2022 07:46:45 - INFO - __main__ - <mask> is served by <mask>.
07/09/2022 07:46:45 - INFO - __main__ - <mask> metro the main station of <mask>.
07/09/2022 07:46:45 - INFO - __main__ - <mask> metro station is a station of <mask>.
07/09/2022 07:46:45 - INFO - __main__ - <mask> metro station on <mask>.
07/09/2022 07:46:45 - INFO - __main__ - ****************************
07/09/2022 07:46:45 - INFO - __main__ - *********References*********
07/09/2022 07:46:45 - INFO - __main__ - ['<mask> is part of <mask>.']
07/09/2022 07:46:45 - INFO - __main__ - ****************************
07/09/2022 07:47:17 - INFO - __main__ - ***********Input************
07/09/2022 07:47:17 - INFO - __main__ - kane 's ultimate version was introduced in " ultimate x - men " # 76 , where he is once again a partner to <mask> , domino and the other <mask> team members .
07/09/2022 07:47:17 - INFO - __main__ - *********Hypothesis*********
07/09/2022 07:47:17 - INFO - __main__ - <mask> had been a member of the original <mask>.
07/09/2022 07:47:17 - INFO - __main__ - <mask> was a member of the elite <mask>.
07/09/2022 07:47:17 - INFO - __main__ - <mask> was the only one who knew about the new <mask>.
07/09/2022 07:47:17 - INFO - __main__ - <mask> and i were the only ones who knew about the new <mask>.
07/09/2022 07:47:17 - INFO - __main__ - <mask>'s voice was a little too harsh for <mask>.
07/09/2022 07:47:17 - INFO - __main__ - <mask> was a member of the <mask>.
07/09/2022 07:47:17 - INFO - __main__ - <mask> is a member of the <mask>.
07/09/2022 07:47:17 - INFO - __main__ - <mask>, i'm sorry i didn't tell you about <mask>.
07/09/2022 07:47:17 - INFO - __main__ - <mask>'s eyes widened as he saw the other <mask>.
07/09/2022 07:47:17 - INFO - __main__ - <mask> was a member of the elite group <mask>.
07/09/2022 07:47:17 - INFO - __main__ - ****************************
07/09/2022 07:47:17 - INFO - __main__ - *********References*********
07/09/2022 07:47:17 - INFO - __main__ - ['<mask> is a member of <mask>.']
07/09/2022 07:47:17 - INFO - __main__ - ****************************
07/09/2022 07:47:22 - INFO - __main__ - ***********Input************
07/09/2022 07:47:22 - INFO - __main__ - <mask> ( born 15 december 1990 in plymouth , trinidad and tobago ) , is an international football player from trinidad and tobagosoca warriors who plays as a <mask> for juticalpa .
07/09/2022 07:47:22 - INFO - __main__ - *********Hypothesis*********
07/09/2022 07:47:22 - INFO - __main__ - ****************************
07/09/2022 07:47:22 - INFO - __main__ - *********References*********
07/09/2022 07:47:22 - INFO - __main__ - ['<mask> plays in <mask> position.']
07/09/2022 07:47:22 - INFO - __main__ - ****************************
07/09/2022 07:47:52 - INFO - __main__ - ***********Input************
07/09/2022 07:47:52 - INFO - __main__ - <mask> ( born 14 september 1995 ) is a scottish professional footballer who plays as a <mask> for kilmarnock , on loan from newcastle united .
07/09/2022 07:47:52 - INFO - __main__ - *********Hypothesis*********
07/09/2022 07:47:52 - INFO - __main__ - <mask> is a former professional <mask>.
07/09/2022 07:47:52 - INFO - __main__ - <mask>, footballer who plays as a <mask>.
07/09/2022 07:47:52 - INFO - __main__ - <mask>, professional footballer, <mask>.
07/09/2022 07:47:52 - INFO - __main__ - <mask> – former professional <mask>.
07/09/2022 07:47:52 - INFO - __main__ - <mask>, footballer who plays as <mask>.
07/09/2022 07:47:52 - INFO - __main__ - <mask> is a former professional footballerfielder <mask>.
07/09/2022 07:47:52 - INFO - __main__ - <mask> was the club's most successful <mask>.
07/09/2022 07:47:52 - INFO - __main__ - <mask> was a midfielder who played as a <mask>.
07/09/2022 07:47:52 - INFO - __main__ - <mask> is a welsh international <mask>.
07/09/2022 07:47:52 - INFO - __main__ - <mask> was a right-handed <mask>.
07/09/2022 07:47:52 - INFO - __main__ - ****************************
07/09/2022 07:47:52 - INFO - __main__ - *********References*********
07/09/2022 07:47:52 - INFO - __main__ - ['<mask> plays in <mask> position.']
07/09/2022 07:47:52 - INFO - __main__ - ****************************
07/09/2022 07:48:29 - INFO - __main__ - ***********Input************
07/09/2022 07:48:29 - INFO - __main__ - <mask> ( 15 september 1930 – 12 january 2006 ) was a swiss football <mask> who played for switzerland in the 1962 fifa world cup .
07/09/2022 07:48:29 - INFO - __main__ - *********Hypothesis*********
07/09/2022 07:48:29 - INFO - __main__ - <mask> is a <mask>.
07/09/2022 07:48:29 - INFO - __main__ - <mask> was a <mask>.
07/09/2022 07:48:29 - INFO - __main__ - <mask> was the team's <mask>.
07/09/2022 07:48:29 - INFO - __main__ - <mask> is a midfielder <mask>.
07/09/2022 07:48:29 - INFO - __main__ - <mask> was the club's <mask>.
07/09/2022 07:48:29 - INFO - __main__ - <mask> started his career as a <mask>.
07/09/2022 07:48:29 - INFO - __main__ - <mask> is a former <mask>.
07/09/2022 07:48:29 - INFO - __main__ - <mask>, who was a <mask>.
07/09/2022 07:48:29 - INFO - __main__ - <mask> was the team's most <mask>.
07/09/2022 07:48:29 - INFO - __main__ - <mask>, who is <mask>.
07/09/2022 07:48:29 - INFO - __main__ - ****************************
07/09/2022 07:48:29 - INFO - __main__ - *********References*********
07/09/2022 07:48:29 - INFO - __main__ - ['<mask> plays in <mask> position.']
07/09/2022 07:48:29 - INFO - __main__ - ****************************
07/09/2022 07:49:09 - INFO - __main__ - ***********Input************
07/09/2022 07:49:09 - INFO - __main__ - he belonged to the <mask> , of <mask> and bernard silvestris .
07/09/2022 07:49:09 - INFO - __main__ - *********Hypothesis*********
07/09/2022 07:49:09 - INFO - __main__ - <mask> is a family of plants in the genus <mask>.
07/09/2022 07:49:09 - INFO - __main__ - <mask> is a family of flowering plants in the genus <mask>.
07/09/2022 07:49:09 - INFO - __main__ - <mask> are a subfamily of the genus <mask>.
07/09/2022 07:49:09 - INFO - __main__ - <mask> is the only family of the extinct genus <mask>.
07/09/2022 07:49:09 - INFO - __main__ - <mask> is a family of <mask>.
07/09/2022 07:49:09 - INFO - __main__ - <mask>, the common name of <mask>.
07/09/2022 07:49:09 - INFO - __main__ - <mask>, the name of the family of <mask>.
07/09/2022 07:49:09 - INFO - __main__ - <mask> is an extinct family of <mask>.
07/09/2022 07:49:09 - INFO - __main__ - <mask> was formerly considered a subfamily of <mask>.
07/09/2022 07:49:09 - INFO - __main__ - <mask> records the village as <mask>.
07/09/2022 07:49:09 - INFO - __main__ - ****************************
07/09/2022 07:49:09 - INFO - __main__ - *********References*********
07/09/2022 07:49:09 - INFO - __main__ - ['<mask> is a member of <mask>.']
07/09/2022 07:49:09 - INFO - __main__ - ****************************
07/09/2022 07:49:09 - INFO - __main__ - Task: fewrel
07/09/2022 07:49:09 - INFO - __main__ - bleu-4: 0.016144419051512125
07/09/2022 07:49:09 - INFO - __main__ - bleu-3: 0.04496327641557429
07/09/2022 07:49:09 - INFO - __main__ - bleu-2: 0.15143774212600064
07/09/2022 07:49:09 - INFO - __main__ - bleu-1: 0.34601163582462496
07/09/2022 07:49:09 - INFO - __main__ - METEOR: 0.322655255757565
07/09/2022 07:49:09 - INFO - __main__ - ROUGE-L: 0.4475538227770001
07/09/2022 07:49:09 - INFO - __main__ - entailment score(mean-mean): 0.2734875537776634
07/09/2022 07:49:09 - INFO - __main__ - entailment score(mean-max): 0.6490303881000727
07/09/2022 07:49:09 - INFO - __main__ - entailment score(mean-min): 0.0018978397225509979
07/09/2022 07:49:09 - INFO - __main__ - self-BLEU-2: 0.9077800829079766
07/09/2022 07:49:09 - INFO - __main__ - avg: 0.2214610253253795
07/09/2022 07:49:09 - INFO - __main__ - *******************************************************
07/09/2022 07:49:09 - INFO - __main__ - *******************************************************
07/09/2022 07:49:09 - INFO - __main__ - *******************************************************
