07/08/2022 14:14:48 - INFO - __main__ - **************** MODEL CONFIGURATION ****************
07/08/2022 14:14:48 - INFO - __main__ - bart_training             -->   True
07/08/2022 14:14:48 - INFO - __main__ - device                    -->   0
07/08/2022 14:14:48 - INFO - __main__ - group_beam                -->   False
07/08/2022 14:14:48 - INFO - __main__ - if_then                   -->   False
07/08/2022 14:14:48 - INFO - __main__ - inductor                  -->   rule
07/08/2022 14:14:48 - INFO - __main__ - log_dir                   -->   logs_new/
07/08/2022 14:14:48 - INFO - __main__ - log_name                  -->   fewrel-abs+agb
07/08/2022 14:14:48 - INFO - __main__ - mlm_training              -->   True
07/08/2022 14:14:48 - INFO - __main__ - task                      -->   fewrel
07/08/2022 14:14:48 - INFO - __main__ - **************** MODEL CONFIGURATION ****************
07/08/2022 14:16:50 - INFO - __main__ - ***********Input************
07/08/2022 14:16:50 - INFO - __main__ - his guitar work on the title track is credited as what first drew <mask> to him , who two years later invited allman to join him as part of <mask> .
07/08/2022 14:16:50 - INFO - __main__ - *********Hypothesis*********
07/08/2022 14:16:50 - INFO - __main__ - <mask> was a member of <mask>.
07/08/2022 14:16:50 - INFO - __main__ - <mask> was a fan of <mask>.
07/08/2022 14:16:50 - INFO - __main__ - <mask> is best known for his work with <mask>.
07/08/2022 14:16:50 - INFO - __main__ - <mask> has stated that he is a fan of <mask>.
07/08/2022 14:16:50 - INFO - __main__ - <mask> was a fan of the band <mask>.
07/08/2022 14:16:50 - INFO - __main__ - <mask> is a member of <mask>.
07/08/2022 14:16:50 - INFO - __main__ - <mask>, who was a member of <mask>.
07/08/2022 14:16:50 - INFO - __main__ - <mask>, the lead singer of <mask>.
07/08/2022 14:16:50 - INFO - __main__ - <mask> had previously been a member of <mask>.
07/08/2022 14:16:50 - INFO - __main__ - <mask>, the band's lead singer, was born in <mask>.
07/08/2022 14:16:50 - INFO - __main__ - ****************************
07/08/2022 14:16:50 - INFO - __main__ - *********References*********
07/08/2022 14:16:50 - INFO - __main__ - ['<mask> is a member of <mask>.']
07/08/2022 14:16:50 - INFO - __main__ - ****************************
07/08/2022 14:17:15 - INFO - __main__ - ***********Input************
07/08/2022 14:17:15 - INFO - __main__ - in the summer of 1944 it opposed the <mask> ’s <mask> during the lvov - sandomir strategic offensive operation ( 13 july - 29 august 1944 ) .
07/08/2022 14:17:15 - INFO - __main__ - *********Hypothesis*********
07/08/2022 14:17:15 - INFO - __main__ - <mask> was the main enemy of <mask>.
07/08/2022 14:17:15 - INFO - __main__ - <mask> units were transferred to <mask>.
07/08/2022 14:17:15 - INFO - __main__ - <mask> air power was dominated by the powerful <mask>.
07/08/2022 14:17:15 - INFO - __main__ - <mask> aircraft were used by the wehrmacht and <mask>.
07/08/2022 14:17:15 - INFO - __main__ - <mask> aircraft were used to attack the advancing <mask>.
07/08/2022 14:17:15 - INFO - __main__ - <mask> were not allowed to fly in the newly formed <mask>.
07/08/2022 14:17:15 - INFO - __main__ - <mask> forces were then transferred to <mask>.
07/08/2022 14:17:15 - INFO - __main__ - <mask> fighter pilots were trained by <mask>.
07/08/2022 14:17:15 - INFO - __main__ - <mask> troops from the division were transferred to <mask>.
07/08/2022 14:17:15 - INFO - __main__ - <mask> troops were sent to the area to reinforce <mask>.
07/08/2022 14:17:15 - INFO - __main__ - ****************************
07/08/2022 14:17:15 - INFO - __main__ - *********References*********
07/08/2022 14:17:15 - INFO - __main__ - ['<mask> is part of <mask>.']
07/08/2022 14:17:15 - INFO - __main__ - ****************************
07/08/2022 14:17:38 - INFO - __main__ - ***********Input************
07/08/2022 14:17:38 - INFO - __main__ - the singles released from " <mask> " were " <mask> " , " stuck with me " , " brain stew / jaded " , and " walking contradiction " .
07/08/2022 14:17:38 - INFO - __main__ - *********Hypothesis*********
07/08/2022 14:17:38 - INFO - __main__ - <mask>: the best of <mask>.
07/08/2022 14:17:38 - INFO - __main__ - <mask> is a compilation album by <mask>.
07/08/2022 14:17:38 - INFO - __main__ - <mask> is a compilation album by the band <mask>.
07/08/2022 14:17:38 - INFO - __main__ - <mask> is the debut studio album by the band <mask>.
07/08/2022 14:17:38 - INFO - __main__ - <mask> is the debut album by the band <mask>.
07/08/2022 14:17:38 - INFO - __main__ - <mask> was originally titled <mask>.
07/08/2022 14:17:38 - INFO - __main__ - <mask> was followed by <mask>.
07/08/2022 14:17:38 - INFO - __main__ - <mask>: the story of <mask>.
07/08/2022 14:17:38 - INFO - __main__ - <mask> is a sequel to <mask>.
07/08/2022 14:17:38 - INFO - __main__ - <mask> is the follow-up to <mask>.
07/08/2022 14:17:38 - INFO - __main__ - ****************************
07/08/2022 14:17:38 - INFO - __main__ - *********References*********
07/08/2022 14:17:38 - INFO - __main__ - ['<mask> is part of <mask>.']
07/08/2022 14:17:38 - INFO - __main__ - ****************************
07/08/2022 14:17:59 - INFO - __main__ - ***********Input************
07/08/2022 14:17:59 - INFO - __main__ - the occupancy of the show surpassed the <mask> films <mask> and freaky ali .
07/08/2022 14:17:59 - INFO - __main__ - *********Hypothesis*********
07/08/2022 14:17:59 - INFO - __main__ - <mask> is the native language of <mask>.
07/08/2022 14:17:59 - INFO - __main__ - <mask> has since released a number of sequels to <mask>.
07/08/2022 14:17:59 - INFO - __main__ - <mask>'s most famous animated film is <mask>.
07/08/2022 14:17:59 - INFO - __main__ - <mask>-born children are more likely to be born <mask>.
07/08/2022 14:17:59 - INFO - __main__ - <mask> is a big part of my life and i'm proud to be <mask>.
07/08/2022 14:17:59 - INFO - __main__ - <mask> has been a big influence on me since i was a young <mask>.
07/08/2022 14:17:59 - INFO - __main__ - <mask> has been known to use the term <mask>.
07/08/2022 14:17:59 - INFO - __main__ - <mask> films are the most popular genre in <mask>.
07/08/2022 14:17:59 - INFO - __main__ - <mask> citizens are not allowed to use the term <mask>.
07/08/2022 14:17:59 - INFO - __main__ - <mask> film industry has a long tradition of <mask>.
07/08/2022 14:17:59 - INFO - __main__ - ****************************
07/08/2022 14:17:59 - INFO - __main__ - *********References*********
07/08/2022 14:17:59 - INFO - __main__ - ['the original language of <mask> is <mask>.']
07/08/2022 14:17:59 - INFO - __main__ - ****************************
07/08/2022 14:18:21 - INFO - __main__ - ***********Input************
07/08/2022 14:18:21 - INFO - __main__ - it broadcasts mostly english language news and current affairs and also broadcasts <mask> the daily rté 1 <mask> language news television programme .
07/08/2022 14:18:21 - INFO - __main__ - *********Hypothesis*********
07/08/2022 14:18:21 - INFO - __main__ - <mask> is a television channel broadcasting in <mask>.
07/08/2022 14:18:21 - INFO - __main__ - <mask> is the only news channel in the world to broadcast in <mask>.
07/08/2022 14:18:21 - INFO - __main__ - <mask> is the national radio station of <mask>.
07/08/2022 14:18:21 - INFO - __main__ - <mask> is a national television channel broadcasting in <mask>.
07/08/2022 14:18:21 - INFO - __main__ - <mask>'s programming is primarily in the language of <mask>.
07/08/2022 14:18:21 - INFO - __main__ - <mask> students are required to take a test to determine whether they are <mask>.
07/08/2022 14:18:21 - INFO - __main__ - <mask>, the official news agency of the country, is published in <mask>.
07/08/2022 14:18:21 - INFO - __main__ - <mask> is a news channel that broadcasts in <mask>.
07/08/2022 14:18:21 - INFO - __main__ - <mask> has been translated into several languages, including <mask>.
07/08/2022 14:18:21 - INFO - __main__ - <mask> broadcasts in both the standard and high definition versions of <mask>.
07/08/2022 14:18:21 - INFO - __main__ - ****************************
07/08/2022 14:18:21 - INFO - __main__ - *********References*********
07/08/2022 14:18:21 - INFO - __main__ - ['the original language of <mask> is <mask>.']
07/08/2022 14:18:21 - INFO - __main__ - ****************************
07/08/2022 14:18:43 - INFO - __main__ - ***********Input************
07/08/2022 14:18:43 - INFO - __main__ - in 2009 to mark the 125th anniversary of the <mask> he was named by the irish news as one of the all - time best 125 footballers from <mask> .
07/08/2022 14:18:43 - INFO - __main__ - *********Hypothesis*********
07/08/2022 14:18:43 - INFO - __main__ - <mask> is the governing body of gaelic football in <mask>.
07/08/2022 14:18:43 - INFO - __main__ - <mask> (gaa) is the governing body of gaelic football in <mask>.
07/08/2022 14:18:43 - INFO - __main__ - <mask> is the national sport of <mask>.
07/08/2022 14:18:43 - INFO - __main__ - <mask> is a registered charity in <mask>.
07/08/2022 14:18:43 - INFO - __main__ - <mask>, a sport in <mask>.
07/08/2022 14:18:43 - INFO - __main__ - <mask> is the most popular sport in <mask>.
07/08/2022 14:18:43 - INFO - __main__ - <mask> football is the most popular sport in <mask>.
07/08/2022 14:18:43 - INFO - __main__ - <mask> (gaa) is the national sport of <mask>.
07/08/2022 14:18:43 - INFO - __main__ - <mask> is the governing body for rugby union in <mask>.
07/08/2022 14:18:43 - INFO - __main__ - <mask> has been a major force in the development of the sport in <mask>.
07/08/2022 14:18:43 - INFO - __main__ - ****************************
07/08/2022 14:18:43 - INFO - __main__ - *********References*********
07/08/2022 14:18:43 - INFO - __main__ - ['<mask> is a member of <mask>.']
07/08/2022 14:18:43 - INFO - __main__ - ****************************
07/08/2022 14:19:08 - INFO - __main__ - ***********Input************
07/08/2022 14:19:08 - INFO - __main__ - as a sergeant in the australian imperial force , mcgee was awarded the victoria cross for his actions in the <mask> — part of the <mask> — on 4 october 1917 .
07/08/2022 14:19:08 - INFO - __main__ - *********Hypothesis*********
07/08/2022 14:19:08 - INFO - __main__ - <mask> was a dialect of <mask>.
07/08/2022 14:19:08 - INFO - __main__ - <mask> and the battle of the <mask>.
07/08/2022 14:19:08 - INFO - __main__ - <mask>: the first <mask>.
07/08/2022 14:19:08 - INFO - __main__ - <mask> was the last major battle of the entire <mask>.
07/08/2022 14:19:08 - INFO - __main__ - <mask> was a part of <mask>.
07/08/2022 14:19:08 - INFO - __main__ - <mask> was a major battle of the early <mask>.
07/08/2022 14:19:08 - INFO - __main__ - <mask> is the official language, while the official dialect is <mask>.
07/08/2022 14:19:08 - INFO - __main__ - <mask> and the subsequent <mask>.
07/08/2022 14:19:08 - INFO - __main__ - <mask> was a major part of the victorious <mask>.
07/08/2022 14:19:08 - INFO - __main__ - <mask> was a neutral country during <mask>.
07/08/2022 14:19:08 - INFO - __main__ - ****************************
07/08/2022 14:19:08 - INFO - __main__ - *********References*********
07/08/2022 14:19:08 - INFO - __main__ - ['<mask> is part of <mask>.']
07/08/2022 14:19:08 - INFO - __main__ - ****************************
07/08/2022 14:19:31 - INFO - __main__ - ***********Input************
07/08/2022 14:19:31 - INFO - __main__ - petrovic made her on – screen debut with a small role in " <mask> " , a 2007 <mask> film directed by milčo mančevski .
07/08/2022 14:19:31 - INFO - __main__ - *********Hypothesis*********
07/08/2022 14:19:31 - INFO - __main__ - <mask> is a feminine given name in <mask>.
07/08/2022 14:19:31 - INFO - __main__ - <mask>'s father was a priest and his mother was <mask>.
07/08/2022 14:19:31 - INFO - __main__ - <mask> is a masculine given name in <mask>.
07/08/2022 14:19:31 - INFO - __main__ - <mask> is the most important city in <mask>.
07/08/2022 14:19:31 - INFO - __main__ - <mask> has a large number of dialects of <mask>.
07/08/2022 14:19:31 - INFO - __main__ - <mask> is the capital of the country and the official language is <mask>.
07/08/2022 14:19:31 - INFO - __main__ - <mask>'s name means "the one who is good" in <mask>.
07/08/2022 14:19:31 - INFO - __main__ - <mask> is the name of a village in <mask>.
07/08/2022 14:19:31 - INFO - __main__ - <mask> means "the place of the sloboda" in <mask>.
07/08/2022 14:19:31 - INFO - __main__ - <mask> means "the place" in <mask>.
07/08/2022 14:19:31 - INFO - __main__ - ****************************
07/08/2022 14:19:31 - INFO - __main__ - *********References*********
07/08/2022 14:19:31 - INFO - __main__ - ['the original language of <mask> is <mask>.']
07/08/2022 14:19:31 - INFO - __main__ - ****************************
07/08/2022 14:19:51 - INFO - __main__ - ***********Input************
07/08/2022 14:19:51 - INFO - __main__ - the film is a remake of <mask> movie " <mask> " , starring krishnam raju , jayasudha in the lead roles .
07/08/2022 14:19:51 - INFO - __main__ - *********Hypothesis*********
07/08/2022 14:19:51 - INFO - __main__ - <mask> is the official language of <mask>.
07/08/2022 14:19:51 - INFO - __main__ - <mask> version of the film was titled <mask>.
07/08/2022 14:19:51 - INFO - __main__ - <mask> film industry is the largest industry in <mask>.
07/08/2022 14:19:51 - INFO - __main__ - <mask> is the native language of <mask>.
07/08/2022 14:19:51 - INFO - __main__ - <mask> version was directed by <mask>.
07/08/2022 14:19:51 - INFO - __main__ - <mask> version was titled <mask>.
07/08/2022 14:19:51 - INFO - __main__ - <mask> version was titled as <mask>.
07/08/2022 14:19:51 - INFO - __main__ - <mask> version of the film was directed by <mask>.
07/08/2022 14:19:51 - INFO - __main__ - <mask> film industry is based in <mask>.
07/08/2022 14:19:51 - INFO - __main__ - <mask> is the mother tongue of the people and the main language is <mask>.
07/08/2022 14:19:51 - INFO - __main__ - ****************************
07/08/2022 14:19:51 - INFO - __main__ - *********References*********
07/08/2022 14:19:51 - INFO - __main__ - ['the original language of <mask> is <mask>.']
07/08/2022 14:19:51 - INFO - __main__ - ****************************
07/08/2022 14:20:13 - INFO - __main__ - ***********Input************
07/08/2022 14:20:13 - INFO - __main__ - fear and trembling ( original title : <mask> ) is a 2003 <mask> film based on the novel of the same name by amélie nothomb .
07/08/2022 14:20:13 - INFO - __main__ - *********Hypothesis*********
07/08/2022 14:20:13 - INFO - __main__ - <mask> is a novel by <mask>.
07/08/2022 14:20:13 - INFO - __main__ - <mask> is a surname of <mask>.
07/08/2022 14:20:13 - INFO - __main__ - <mask> is a feminine given name in <mask>.
07/08/2022 14:20:13 - INFO - __main__ - <mask> is a masculine given name in <mask>.
07/08/2022 14:20:13 - INFO - __main__ - <mask> is a studio album by <mask>.
07/08/2022 14:20:13 - INFO - __main__ - <mask> is a novel written in <mask>.
07/08/2022 14:20:13 - INFO - __main__ - <mask> is an album by <mask>.
07/08/2022 14:20:13 - INFO - __main__ - <mask> is the debut studio album by <mask>.
07/08/2022 14:20:13 - INFO - __main__ - <mask> is a compilation album by <mask>.
07/08/2022 14:20:13 - INFO - __main__ - <mask> is a collection of short stories by <mask>.
07/08/2022 14:20:13 - INFO - __main__ - ****************************
07/08/2022 14:20:13 - INFO - __main__ - *********References*********
07/08/2022 14:20:13 - INFO - __main__ - ['the original language of <mask> is <mask>.']
07/08/2022 14:20:13 - INFO - __main__ - ****************************
07/08/2022 14:20:34 - INFO - __main__ - ***********Input************
07/08/2022 14:20:34 - INFO - __main__ - <mask> ( born 10 january 1990 ) is a german footballer who plays as a <mask> for spvgg unterhaching .
07/08/2022 14:20:34 - INFO - __main__ - *********Hypothesis*********
07/08/2022 14:20:34 - INFO - __main__ - <mask>: he plays as a <mask>.
07/08/2022 14:20:34 - INFO - __main__ - <mask> was the team's <mask>.
07/08/2022 14:20:34 - INFO - __main__ - <mask>: die welt im <mask>.
07/08/2022 14:20:34 - INFO - __main__ - <mask>, footballer who plays as a <mask>.
07/08/2022 14:20:34 - INFO - __main__ - <mask> is a <mask>.
07/08/2022 14:20:34 - INFO - __main__ - <mask>, a former <mask>.
07/08/2022 14:20:34 - INFO - __main__ - <mask>: die schönbuch der <mask>.
07/08/2022 14:20:34 - INFO - __main__ - <mask> was named as <mask>.
07/08/2022 14:20:34 - INFO - __main__ - <mask>, professional footballer, <mask>.
07/08/2022 14:20:34 - INFO - __main__ - <mask>, who was the club's <mask>.
07/08/2022 14:20:34 - INFO - __main__ - ****************************
07/08/2022 14:20:34 - INFO - __main__ - *********References*********
07/08/2022 14:20:34 - INFO - __main__ - ['<mask> plays in <mask> position.']
07/08/2022 14:20:34 - INFO - __main__ - ****************************
07/08/2022 14:21:01 - INFO - __main__ - ***********Input************
07/08/2022 14:21:01 - INFO - __main__ - wester ross is well known for its mountain scenery , especially the <mask> which includes such peaks as beinn eighe and <mask> .
07/08/2022 14:21:01 - INFO - __main__ - *********Hypothesis*********
07/08/2022 14:21:01 - INFO - __main__ - <mask> was born in the village of <mask>.
07/08/2022 14:21:01 - INFO - __main__ - <mask> was a member of the local council for <mask>.
07/08/2022 14:21:01 - INFO - __main__ - <mask> is a surname, derived from the gaelic surname <mask>.
07/08/2022 14:21:01 - INFO - __main__ - <mask> is the son of a former professional footballer, <mask>.
07/08/2022 14:21:01 - INFO - __main__ - <mask>, who was a keen golfer, was a friend of <mask>.
07/08/2022 14:21:01 - INFO - __main__ - <mask> has been described as "a very good friend" of <mask>.
07/08/2022 14:21:01 - INFO - __main__ - <mask>' family were originally from <mask>.
07/08/2022 14:21:01 - INFO - __main__ - <mask> had been a member of the local council for <mask>.
07/08/2022 14:21:01 - INFO - __main__ - <mask>'s father was a farmer in <mask>.
07/08/2022 14:21:01 - INFO - __main__ - <mask> is a surname, a variant of <mask>.
07/08/2022 14:21:01 - INFO - __main__ - ****************************
07/08/2022 14:21:01 - INFO - __main__ - *********References*********
07/08/2022 14:21:01 - INFO - __main__ - ['<mask> is part of <mask>.']
07/08/2022 14:21:01 - INFO - __main__ - ****************************
07/08/2022 14:21:21 - INFO - __main__ - ***********Input************
07/08/2022 14:21:21 - INFO - __main__ - <mask> ( born 23 august 1994 ) is an afghan international footballer who plays as a <mask> .
07/08/2022 14:21:21 - INFO - __main__ - *********Hypothesis*********
07/08/2022 14:21:21 - INFO - __main__ - <mask> is a <mask>.
07/08/2022 14:21:21 - INFO - __main__ - <mask> started his career as a <mask>.
07/08/2022 14:21:21 - INFO - __main__ - <mask> was the team's <mask>.
07/08/2022 14:21:21 - INFO - __main__ - <mask>, who was the club's <mask>.
07/08/2022 14:21:21 - INFO - __main__ - <mask> plays as a <mask>.
07/08/2022 14:21:21 - INFO - __main__ - <mask> was a <mask>.
07/08/2022 14:21:21 - INFO - __main__ - <mask> is a right-handed <mask>.
07/08/2022 14:21:21 - INFO - __main__ - <mask> was appointed as the new <mask>.
07/08/2022 14:21:21 - INFO - __main__ - <mask>, a former <mask>.
07/08/2022 14:21:21 - INFO - __main__ - <mask> is a midfielder who plays as <mask>.
07/08/2022 14:21:21 - INFO - __main__ - ****************************
07/08/2022 14:21:21 - INFO - __main__ - *********References*********
07/08/2022 14:21:21 - INFO - __main__ - ['<mask> plays in <mask> position.']
07/08/2022 14:21:21 - INFO - __main__ - ****************************
07/08/2022 14:21:43 - INFO - __main__ - ***********Input************
07/08/2022 14:21:43 - INFO - __main__ - the company was formed by steve nardelli and <mask> of the psychedelic prog band <mask> .
07/08/2022 14:21:43 - INFO - __main__ - *********Hypothesis*********
07/08/2022 14:21:43 - INFO - __main__ - <mask>, the lead singer of <mask>.
07/08/2022 14:21:43 - INFO - __main__ - <mask> was a member of <mask>.
07/08/2022 14:21:43 - INFO - __main__ - <mask> was a member of the rock band <mask>.
07/08/2022 14:21:43 - INFO - __main__ - <mask>, the president of <mask>.
07/08/2022 14:21:43 - INFO - __main__ - <mask> is a member of <mask>.
07/08/2022 14:21:43 - INFO - __main__ - <mask> and his band <mask>.
07/08/2022 14:21:43 - INFO - __main__ - <mask> is the drummer for <mask>.
07/08/2022 14:21:43 - INFO - __main__ - <mask> is a member of the band <mask>.
07/08/2022 14:21:43 - INFO - __main__ - <mask>, the guitarist for the band <mask>.
07/08/2022 14:21:43 - INFO - __main__ - <mask> was a drug dealer who had been caught with <mask>.
07/08/2022 14:21:43 - INFO - __main__ - ****************************
07/08/2022 14:21:43 - INFO - __main__ - *********References*********
07/08/2022 14:21:43 - INFO - __main__ - ['<mask> is a member of <mask>.']
07/08/2022 14:21:43 - INFO - __main__ - ****************************
07/08/2022 14:22:08 - INFO - __main__ - ***********Input************
07/08/2022 14:22:08 - INFO - __main__ - the <mask> ( ) metro station is located on the red line of the <mask> .
07/08/2022 14:22:08 - INFO - __main__ - *********Hypothesis*********
07/08/2022 14:22:08 - INFO - __main__ - <mask> is served by <mask>.
07/08/2022 14:22:08 - INFO - __main__ - <mask> is a <mask>.
07/08/2022 14:22:08 - INFO - __main__ - <mask> is a station on line 1 of <mask>.
07/08/2022 14:22:08 - INFO - __main__ - <mask> is served by the line <mask>.
07/08/2022 14:22:08 - INFO - __main__ - <mask> is a station on the planned <mask>.
07/08/2022 14:22:08 - INFO - __main__ - <mask> is a station of line 1 of <mask>.
07/08/2022 14:22:08 - INFO - __main__ - <mask> is a metro station on the line of <mask>.
07/08/2022 14:22:08 - INFO - __main__ - <mask> is served by several lines of <mask>.
07/08/2022 14:22:08 - INFO - __main__ - <mask> metro station is a station of <mask>.
07/08/2022 14:22:08 - INFO - __main__ - <mask> is a station of <mask>.
07/08/2022 14:22:08 - INFO - __main__ - ****************************
07/08/2022 14:22:08 - INFO - __main__ - *********References*********
07/08/2022 14:22:08 - INFO - __main__ - ['<mask> is part of <mask>.']
07/08/2022 14:22:08 - INFO - __main__ - ****************************
07/08/2022 14:22:32 - INFO - __main__ - ***********Input************
07/08/2022 14:22:32 - INFO - __main__ - kane 's ultimate version was introduced in " ultimate x - men " # 76 , where he is once again a partner to <mask> , domino and the other <mask> team members .
07/08/2022 14:22:32 - INFO - __main__ - *********Hypothesis*********
07/08/2022 14:22:32 - INFO - __main__ - <mask> had been a member of the original <mask>.
07/08/2022 14:22:32 - INFO - __main__ - <mask> was a member of the original <mask>.
07/08/2022 14:22:32 - INFO - __main__ - <mask> was a member of the elite group of <mask>.
07/08/2022 14:22:32 - INFO - __main__ - <mask> and i were the only ones who knew about the new <mask>.
07/08/2022 14:22:32 - INFO - __main__ - <mask>, i'm sorry, <mask>.
07/08/2022 14:22:32 - INFO - __main__ - <mask>'s eyes were on <mask>.
07/08/2022 14:22:32 - INFO - __main__ - <mask> wasn't sure what to say to <mask>.
07/08/2022 14:22:32 - INFO - __main__ - <mask> was the only one who knew about the new <mask>.
07/08/2022 14:22:32 - INFO - __main__ - <mask>'s eyes widened as she saw the other <mask>.
07/08/2022 14:22:32 - INFO - __main__ - <mask> was a member of the elite <mask>.
07/08/2022 14:22:32 - INFO - __main__ - ****************************
07/08/2022 14:22:32 - INFO - __main__ - *********References*********
07/08/2022 14:22:32 - INFO - __main__ - ['<mask> is a member of <mask>.']
07/08/2022 14:22:32 - INFO - __main__ - ****************************
07/08/2022 14:22:37 - INFO - __main__ - ***********Input************
07/08/2022 14:22:37 - INFO - __main__ - <mask> ( born 15 december 1990 in plymouth , trinidad and tobago ) , is an international football player from trinidad and tobagosoca warriors who plays as a <mask> for juticalpa .
07/08/2022 14:22:37 - INFO - __main__ - *********Hypothesis*********
07/08/2022 14:22:37 - INFO - __main__ - ****************************
07/08/2022 14:22:37 - INFO - __main__ - *********References*********
07/08/2022 14:22:37 - INFO - __main__ - ['<mask> plays in <mask> position.']
07/08/2022 14:22:37 - INFO - __main__ - ****************************
07/08/2022 14:22:56 - INFO - __main__ - ***********Input************
07/08/2022 14:22:56 - INFO - __main__ - <mask> ( born 14 september 1995 ) is a scottish professional footballer who plays as a <mask> for kilmarnock , on loan from newcastle united .
07/08/2022 14:22:56 - INFO - __main__ - *********Hypothesis*********
07/08/2022 14:22:56 - INFO - __main__ - <mask> is a former professional <mask>.
07/08/2022 14:22:56 - INFO - __main__ - <mask> – for services to the community as a <mask>.
07/08/2022 14:22:56 - INFO - __main__ - <mask> – former professional <mask>.
07/08/2022 14:22:56 - INFO - __main__ - <mask>, footballer who plays as a <mask>.
07/08/2022 14:22:56 - INFO - __main__ - <mask>, professional footballer, <mask>.
07/08/2022 14:22:56 - INFO - __main__ - <mask> is a professional footballer who plays as a <mask>.
07/08/2022 14:22:56 - INFO - __main__ - <mask>, professional footballer who plays as a <mask>.
07/08/2022 14:22:56 - INFO - __main__ - <mask>, footballer who plays as <mask>.
07/08/2022 14:22:56 - INFO - __main__ - <mask> is a former professional footballer who played as a <mask>.
07/08/2022 14:22:56 - INFO - __main__ - <mask> – for services to the community and to <mask>.
07/08/2022 14:22:56 - INFO - __main__ - ****************************
07/08/2022 14:22:56 - INFO - __main__ - *********References*********
07/08/2022 14:22:56 - INFO - __main__ - ['<mask> plays in <mask> position.']
07/08/2022 14:22:56 - INFO - __main__ - ****************************
07/08/2022 14:23:19 - INFO - __main__ - ***********Input************
07/08/2022 14:23:19 - INFO - __main__ - <mask> ( 15 september 1930 – 12 january 2006 ) was a swiss football <mask> who played for switzerland in the 1962 fifa world cup .
07/08/2022 14:23:19 - INFO - __main__ - *********Hypothesis*********
07/08/2022 14:23:19 - INFO - __main__ - <mask> is a <mask>.
07/08/2022 14:23:19 - INFO - __main__ - <mask> was a <mask>.
07/08/2022 14:23:19 - INFO - __main__ - <mask> started his career as a <mask>.
07/08/2022 14:23:19 - INFO - __main__ - <mask> was the most successful <mask>.
07/08/2022 14:23:19 - INFO - __main__ - <mask> was the team's <mask>.
07/08/2022 14:23:19 - INFO - __main__ - <mask>, footballer who plays as a <mask>.
07/08/2022 14:23:19 - INFO - __main__ - <mask> is a versatile <mask>.
07/08/2022 14:23:19 - INFO - __main__ - <mask>, who was the club's <mask>.
07/08/2022 14:23:19 - INFO - __main__ - <mask>, a former <mask>.
07/08/2022 14:23:19 - INFO - __main__ - <mask> was a versatile <mask>.
07/08/2022 14:23:19 - INFO - __main__ - ****************************
07/08/2022 14:23:19 - INFO - __main__ - *********References*********
07/08/2022 14:23:19 - INFO - __main__ - ['<mask> plays in <mask> position.']
07/08/2022 14:23:19 - INFO - __main__ - ****************************
07/08/2022 14:23:46 - INFO - __main__ - ***********Input************
07/08/2022 14:23:46 - INFO - __main__ - he belonged to the <mask> , of <mask> and bernard silvestris .
07/08/2022 14:23:46 - INFO - __main__ - *********Hypothesis*********
07/08/2022 14:23:46 - INFO - __main__ - <mask> is a family of flowering plants in the genus <mask>.
07/08/2022 14:23:46 - INFO - __main__ - <mask> is a family of extinct ray-finned fish, the only family in the genus <mask>.
07/08/2022 14:23:46 - INFO - __main__ - <mask> is a family of plants in the order <mask>.
07/08/2022 14:23:46 - INFO - __main__ - <mask> is a family of flatfish, the only family in the order <mask>.
07/08/2022 14:23:46 - INFO - __main__ - <mask> is a family of flowering plants in the order <mask>.
07/08/2022 14:23:46 - INFO - __main__ - <mask> is the only family of the extinct genus <mask>.
07/08/2022 14:23:46 - INFO - __main__ - <mask> was a part of <mask>.
07/08/2022 14:23:46 - INFO - __main__ - <mask> are a breed of dog originating in <mask>.
07/08/2022 14:23:46 - INFO - __main__ - <mask> is a family of moths in the suborder <mask>.
07/08/2022 14:23:46 - INFO - __main__ - <mask> were the largest ethnic group in <mask>.
07/08/2022 14:23:46 - INFO - __main__ - ****************************
07/08/2022 14:23:46 - INFO - __main__ - *********References*********
07/08/2022 14:23:46 - INFO - __main__ - ['<mask> is a member of <mask>.']
07/08/2022 14:23:46 - INFO - __main__ - ****************************
07/08/2022 14:23:46 - INFO - __main__ - Task: fewrel
07/08/2022 14:23:46 - INFO - __main__ - bleu-4: 0.022996549950955573
07/08/2022 14:23:46 - INFO - __main__ - bleu-3: 0.043016306793639165
07/08/2022 14:23:46 - INFO - __main__ - bleu-2: 0.15346912405685179
07/08/2022 14:23:46 - INFO - __main__ - bleu-1: 0.3431912683153545
07/08/2022 14:23:46 - INFO - __main__ - METEOR: 0.33094536418014814
07/08/2022 14:23:46 - INFO - __main__ - ROUGE-L: 0.44043371363245576
07/08/2022 14:23:46 - INFO - __main__ - entailment score(mean-mean): 0.2383169185485384
07/08/2022 14:23:46 - INFO - __main__ - entailment score(mean-max): 0.6474918426945806
07/08/2022 14:23:46 - INFO - __main__ - entailment score(mean-min): 0.005692915934287157
07/08/2022 14:23:46 - INFO - __main__ - self-BLEU-2: 0.8960554040849608
07/08/2022 14:23:46 - INFO - __main__ - avg: 0.2223420544882342
07/08/2022 14:23:46 - INFO - __main__ - *******************************************************
07/08/2022 14:23:46 - INFO - __main__ - *******************************************************
07/08/2022 14:23:46 - INFO - __main__ - *******************************************************
07/08/2022 15:20:56 - INFO - __main__ - **************** MODEL CONFIGURATION ****************
07/08/2022 15:20:56 - INFO - __main__ - bart_training             -->   True
07/08/2022 15:20:56 - INFO - __main__ - device                    -->   0
07/08/2022 15:20:56 - INFO - __main__ - group_beam                -->   False
07/08/2022 15:20:56 - INFO - __main__ - if_then                   -->   False
07/08/2022 15:20:56 - INFO - __main__ - inductor                  -->   rule
07/08/2022 15:20:56 - INFO - __main__ - log_dir                   -->   logs_new/
07/08/2022 15:20:56 - INFO - __main__ - log_name                  -->   fewrel-abs+agb
07/08/2022 15:20:56 - INFO - __main__ - mlm_training              -->   True
07/08/2022 15:20:56 - INFO - __main__ - task                      -->   fewrel
07/08/2022 15:20:56 - INFO - __main__ - **************** MODEL CONFIGURATION ****************
07/08/2022 15:23:29 - INFO - __main__ - ***********Input************
07/08/2022 15:23:29 - INFO - __main__ - his guitar work on the title track is credited as what first drew <mask> to him , who two years later invited allman to join him as part of <mask> .
07/08/2022 15:23:29 - INFO - __main__ - *********Hypothesis*********
07/08/2022 15:23:29 - INFO - __main__ - <mask> is a song by <mask>.
07/08/2022 15:23:29 - INFO - __main__ - <mask> is a song by the <mask>.
07/08/2022 15:23:29 - INFO - __main__ - <mask> was a member of <mask>.
07/08/2022 15:23:29 - INFO - __main__ - <mask>. is a song by <mask>.
07/08/2022 15:23:29 - INFO - __main__ - <mask>. is a song by the <mask>.
07/08/2022 15:23:29 - INFO - __main__ - <mask>. and his <mask>.
07/08/2022 15:23:29 - INFO - __main__ - <mask> had been a fan of <mask>.
07/08/2022 15:23:29 - INFO - __main__ - <mask>. is the name of the band <mask>.
07/08/2022 15:23:29 - INFO - __main__ - <mask>. the. of <mask>.
07/08/2022 15:23:29 - INFO - __main__ - <mask> was a member of the band <mask>.
07/08/2022 15:23:29 - INFO - __main__ - ****************************
07/08/2022 15:23:29 - INFO - __main__ - *********References*********
07/08/2022 15:23:29 - INFO - __main__ - ['<mask> is a member of <mask>.']
07/08/2022 15:23:29 - INFO - __main__ - ****************************
07/08/2022 15:24:26 - INFO - __main__ - ***********Input************
07/08/2022 15:24:26 - INFO - __main__ - in the summer of 1944 it opposed the <mask> ’s <mask> during the lvov - sandomir strategic offensive operation ( 13 july - 29 august 1944 ) .
07/08/2022 15:24:26 - INFO - __main__ - *********Hypothesis*********
07/08/2022 15:24:26 - INFO - __main__ - <mask> troops were sent to the area to assist <mask>.
07/08/2022 15:24:26 - INFO - __main__ - <mask> and the other forces were not able to stop the advance of <mask>.
07/08/2022 15:24:26 - INFO - __main__ - <mask>, who were in the process of forming a <mask>.
07/08/2022 15:24:26 - INFO - __main__ - <mask>, who were in the process of forming a new <mask>.
07/08/2022 15:24:26 - INFO - __main__ - <mask> troops were sent to the area to assist the red <mask>.
07/08/2022 15:24:26 - INFO - __main__ - <mask> was a military intelligence agency, <mask>.
07/08/2022 15:24:26 - INFO - __main__ - <mask> were sent to the area to assist the <mask>.
07/08/2022 15:24:26 - INFO - __main__ - <mask>.g.g process of forming <mask>.
07/08/2022 15:24:26 - INFO - __main__ - <mask> troops were sent to the area to assist the army and <mask>.
07/08/2022 15:24:26 - INFO - __main__ - <mask> a military intelligence agency, <mask>.
07/08/2022 15:24:26 - INFO - __main__ - ****************************
07/08/2022 15:24:26 - INFO - __main__ - *********References*********
07/08/2022 15:24:26 - INFO - __main__ - ['<mask> is part of <mask>.']
07/08/2022 15:24:26 - INFO - __main__ - ****************************
07/08/2022 15:25:27 - INFO - __main__ - ***********Input************
07/08/2022 15:25:27 - INFO - __main__ - the singles released from " <mask> " were " <mask> " , " stuck with me " , " brain stew / jaded " , and " walking contradiction " .
07/08/2022 15:25:27 - INFO - __main__ - *********Hypothesis*********
07/08/2022 15:25:27 - INFO - __main__ - <mask>: the best of <mask>.
07/08/2022 15:25:27 - INFO - __main__ - <mask> is the debut album by the band <mask>.
07/08/2022 15:25:27 - INFO - __main__ - <mask> is a compilation album by <mask>.
07/08/2022 15:25:27 - INFO - __main__ - <mask> is the debut studio album by the band <mask>.
07/08/2022 15:25:27 - INFO - __main__ - <mask> is a compilation album by the band <mask>.
07/08/2022 15:25:27 - INFO - __main__ - <mask> was followed by <mask>.
07/08/2022 15:25:27 - INFO - __main__ - <mask> is the follow-up to "<mask>.
07/08/2022 15:25:27 - INFO - __main__ - <mask> was originally titled <mask>.
07/08/2022 15:25:27 - INFO - __main__ - <mask>: the story of <mask>.
07/08/2022 15:25:27 - INFO - __main__ - <mask> contains a sample of "<mask>.
07/08/2022 15:25:27 - INFO - __main__ - ****************************
07/08/2022 15:25:27 - INFO - __main__ - *********References*********
07/08/2022 15:25:27 - INFO - __main__ - ['<mask> is part of <mask>.']
07/08/2022 15:25:27 - INFO - __main__ - ****************************
07/08/2022 15:26:21 - INFO - __main__ - ***********Input************
07/08/2022 15:26:21 - INFO - __main__ - the occupancy of the show surpassed the <mask> films <mask> and freaky ali .
07/08/2022 15:26:21 - INFO - __main__ - *********Hypothesis*********
07/08/2022 15:26:21 - INFO - __main__ - <mask> is, and thean <mask>.
07/08/2022 15:26:21 - INFO - __main__ - <mask> jackass jackass <mask>.
07/08/2022 15:26:21 - INFO - __main__ - <mask> dreamer and <mask>.
07/08/2022 15:26:21 - INFO - __main__ - <mask> jigsaw is <mask>.
07/08/2022 15:26:21 - INFO - __main__ - <mask> dreamgirls is <mask>.
07/08/2022 15:26:21 - INFO - __main__ - <mask> and is is a <mask>.
07/08/2022 15:26:21 - INFO - __main__ - <mask> dreamgirl and <mask>.
07/08/2022 15:26:21 - INFO - __main__ - <mask> jackass and <mask>.
07/08/2022 15:26:21 - INFO - __main__ - <mask> has a long history of using the term <mask>.
07/08/2022 15:26:21 - INFO - __main__ - <mask> jigsaw and <mask>.
07/08/2022 15:26:21 - INFO - __main__ - ****************************
07/08/2022 15:26:21 - INFO - __main__ - *********References*********
07/08/2022 15:26:21 - INFO - __main__ - ['the original language of <mask> is <mask>.']
07/08/2022 15:26:21 - INFO - __main__ - ****************************
07/08/2022 15:27:09 - INFO - __main__ - ***********Input************
07/08/2022 15:27:09 - INFO - __main__ - it broadcasts mostly english language news and current affairs and also broadcasts <mask> the daily rté 1 <mask> language news television programme .
07/08/2022 15:27:09 - INFO - __main__ - *********Hypothesis*********
07/08/2022 15:27:09 - INFO - __main__ - <mask>, however, is not a language of instruction in <mask>.
07/08/2022 15:27:09 - INFO - __main__ - <mask>, and the other major languages are <mask>.
07/08/2022 15:27:09 - INFO - __main__ - <mask> is the only language in the country, and the only <mask>.
07/08/2022 15:27:09 - INFO - __main__ - <mask> however, is not a language of instruction in <mask>.
07/08/2022 15:27:09 - INFO - __main__ - <mask>.france inter in the country, and <mask>.
07/08/2022 15:27:09 - INFO - __main__ - <mask> was the language of instruction, and the school was taught <mask>.
07/08/2022 15:27:09 - INFO - __main__ - <mask> is a free-to-air television channel broadcasting in <mask>.
07/08/2022 15:27:09 - INFO - __main__ - <mask>. and the other major languages are <mask>.
07/08/2022 15:27:09 - INFO - __main__ - <mask> the language of instruction, and the school was taught <mask>.
07/08/2022 15:27:09 - INFO - __main__ - <mask>- and -ctv is <mask>.
07/08/2022 15:27:09 - INFO - __main__ - ****************************
07/08/2022 15:27:09 - INFO - __main__ - *********References*********
07/08/2022 15:27:09 - INFO - __main__ - ['the original language of <mask> is <mask>.']
07/08/2022 15:27:09 - INFO - __main__ - ****************************
07/08/2022 15:28:04 - INFO - __main__ - ***********Input************
07/08/2022 15:28:04 - INFO - __main__ - in 2009 to mark the 125th anniversary of the <mask> he was named by the irish news as one of the all - time best 125 footballers from <mask> .
07/08/2022 15:28:04 - INFO - __main__ - *********Hypothesis*********
07/08/2022 15:28:04 - INFO - __main__ - <mask> is the most popular sport in <mask>.
07/08/2022 15:28:04 - INFO - __main__ - <mask> is a major source of income for the <mask>.
07/08/2022 15:28:04 - INFO - __main__ - <mask>, and the other members of the group were <mask>.
07/08/2022 15:28:04 - INFO - __main__ - <mask> the most popular sport in <mask>.
07/08/2022 15:28:04 - INFO - __main__ - <mask> a major source of income for <mask>.
07/08/2022 15:28:04 - INFO - __main__ - <mask>. the only national-level football team in <mask>.
07/08/2022 15:28:04 - INFO - __main__ - <mask> is the only major sports club in <mask>.
07/08/2022 15:28:04 - INFO - __main__ - <mask> was, however, still <mask>.
07/08/2022 15:28:04 - INFO - __main__ - <mask> is a national and is <mask>.
07/08/2022 15:28:04 - INFO - __main__ - <mask>. is a common name for <mask>.
07/08/2022 15:28:04 - INFO - __main__ - ****************************
07/08/2022 15:28:04 - INFO - __main__ - *********References*********
07/08/2022 15:28:04 - INFO - __main__ - ['<mask> is a member of <mask>.']
07/08/2022 15:28:04 - INFO - __main__ - ****************************
07/08/2022 15:29:07 - INFO - __main__ - ***********Input************
07/08/2022 15:29:07 - INFO - __main__ - as a sergeant in the australian imperial force , mcgee was awarded the victoria cross for his actions in the <mask> — part of the <mask> — on 4 october 1917 .
07/08/2022 15:29:07 - INFO - __main__ - *********Hypothesis*********
07/08/2022 15:29:07 - INFO - __main__ - <mask> and the <mask>.
07/08/2022 15:29:07 - INFO - __main__ - <mask>. and the <mask>.
07/08/2022 15:29:07 - INFO - __main__ - <mask> was a major military base in the early <mask>.
07/08/2022 15:29:07 - INFO - __main__ - <mask> was a dialect of <mask>.
07/08/2022 15:29:07 - INFO - __main__ - <mask> was a part of <mask>.
07/08/2022 15:29:07 - INFO - __main__ - <mask>: the first <mask>.
07/08/2022 15:29:07 - INFO - __main__ - <mask> and the battle of the <mask>.
07/08/2022 15:29:07 - INFO - __main__ - <mask> was a major part of the <mask>.
07/08/2022 15:29:07 - INFO - __main__ - <mask> was the last major battle of the entire <mask>.
07/08/2022 15:29:07 - INFO - __main__ - <mask> was a major battle of the early <mask>.
07/08/2022 15:29:07 - INFO - __main__ - ****************************
07/08/2022 15:29:07 - INFO - __main__ - *********References*********
07/08/2022 15:29:07 - INFO - __main__ - ['<mask> is part of <mask>.']
07/08/2022 15:29:07 - INFO - __main__ - ****************************
07/08/2022 15:30:05 - INFO - __main__ - ***********Input************
07/08/2022 15:30:05 - INFO - __main__ - petrovic made her on – screen debut with a small role in " <mask> " , a 2007 <mask> film directed by milčo mančevski .
07/08/2022 15:30:05 - INFO - __main__ - *********Hypothesis*********
07/08/2022 15:30:05 - INFO - __main__ - <mask> is a name derived from <mask>.
07/08/2022 15:30:05 - INFO - __main__ - <mask> is the only one of the main characters to be <mask>.
07/08/2022 15:30:05 - INFO - __main__ - <mask>, however, was not a <mask>.
07/08/2022 15:30:05 - INFO - __main__ - <mask> is a feminine given name in <mask>.
07/08/2022 15:30:05 - INFO - __main__ - <mask>'s name means "the little one" in <mask>.
07/08/2022 15:30:05 - INFO - __main__ - <mask> has been described as a "nationalistic" <mask>.
07/08/2022 15:30:05 - INFO - __main__ - <mask> was a very popular and popular name in <mask>.
07/08/2022 15:30:05 - INFO - __main__ - <mask> is a name that means "the little one" in <mask>.
07/08/2022 15:30:05 - INFO - __main__ - <mask> is the name of a village in <mask>.
07/08/2022 15:30:05 - INFO - __main__ - <mask>'s father was a priest and his mother was <mask>.
07/08/2022 15:30:05 - INFO - __main__ - ****************************
07/08/2022 15:30:05 - INFO - __main__ - *********References*********
07/08/2022 15:30:05 - INFO - __main__ - ['the original language of <mask> is <mask>.']
07/08/2022 15:30:05 - INFO - __main__ - ****************************
07/08/2022 15:31:01 - INFO - __main__ - ***********Input************
07/08/2022 15:31:01 - INFO - __main__ - the film is a remake of <mask> movie " <mask> " , starring krishnam raju , jayasudha in the lead roles .
07/08/2022 15:31:01 - INFO - __main__ - *********Hypothesis*********
07/08/2022 15:31:01 - INFO - __main__ - <mask> is the official language of <mask>.
07/08/2022 15:31:01 - INFO - __main__ - <mask> version of the film was titled <mask>.
07/08/2022 15:31:01 - INFO - __main__ - <mask> film industry is the largest industry in <mask>.
07/08/2022 15:31:01 - INFO - __main__ - <mask> version was titled <mask>.
07/08/2022 15:31:01 - INFO - __main__ - <mask> version was titled as <mask>.
07/08/2022 15:31:01 - INFO - __main__ - <mask> version of the film was titled as <mask>.
07/08/2022 15:31:01 - INFO - __main__ - <mask> version of the film was titled "<mask>.
07/08/2022 15:31:01 - INFO - __main__ - <mask> version was directed by <mask>.
07/08/2022 15:31:01 - INFO - __main__ - <mask> film industry is based in <mask>.
07/08/2022 15:31:01 - INFO - __main__ - <mask> language is the official language of <mask>.
07/08/2022 15:31:01 - INFO - __main__ - ****************************
07/08/2022 15:31:01 - INFO - __main__ - *********References*********
07/08/2022 15:31:01 - INFO - __main__ - ['the original language of <mask> is <mask>.']
07/08/2022 15:31:01 - INFO - __main__ - ****************************
07/08/2022 15:31:56 - INFO - __main__ - ***********Input************
07/08/2022 15:31:56 - INFO - __main__ - fear and trembling ( original title : <mask> ) is a 2003 <mask> film based on the novel of the same name by amélie nothomb .
07/08/2022 15:31:56 - INFO - __main__ - *********Hypothesis*********
07/08/2022 15:31:56 - INFO - __main__ - <mask> is a <mask>.
07/08/2022 15:31:56 - INFO - __main__ - <mask> and, in <mask>.
07/08/2022 15:31:56 - INFO - __main__ - <mask> is a novel by <mask>.
07/08/2022 15:31:56 - INFO - __main__ - <mask> is an album by <mask>.
07/08/2022 15:31:56 - INFO - __main__ - <mask> is a surname of <mask>.
07/08/2022 15:31:56 - INFO - __main__ - <mask> and a <mask>.
07/08/2022 15:31:56 - INFO - __main__ - <mask> is a feminine given name in <mask>.
07/08/2022 15:31:56 - INFO - __main__ - <mask> is a compilation album by <mask>.
07/08/2022 15:31:56 - INFO - __main__ - <mask> is a novel written in <mask>.
07/08/2022 15:31:56 - INFO - __main__ - <mask> is a play in <mask>.
07/08/2022 15:31:56 - INFO - __main__ - ****************************
07/08/2022 15:31:56 - INFO - __main__ - *********References*********
07/08/2022 15:31:56 - INFO - __main__ - ['the original language of <mask> is <mask>.']
07/08/2022 15:31:56 - INFO - __main__ - ****************************
07/08/2022 15:32:54 - INFO - __main__ - ***********Input************
07/08/2022 15:32:54 - INFO - __main__ - <mask> ( born 10 january 1990 ) is a german footballer who plays as a <mask> for spvgg unterhaching .
07/08/2022 15:32:54 - INFO - __main__ - *********Hypothesis*********
07/08/2022 15:32:54 - INFO - __main__ - <mask>. is a <mask>.
07/08/2022 15:32:54 - INFO - __main__ - <mask> rahman is a <mask>.
07/08/2022 15:32:54 - INFO - __main__ - <mask> is a <mask>.
07/08/2022 15:32:54 - INFO - __main__ - <mask> is a midfielder <mask>.
07/08/2022 15:32:54 - INFO - __main__ - <mask> was the club's <mask>.
07/08/2022 15:32:54 - INFO - __main__ - <mask>: he plays as a <mask>.
07/08/2022 15:32:54 - INFO - __main__ - <mask> was the team's <mask>.
07/08/2022 15:32:54 - INFO - __main__ - <mask>: die welt im <mask>.
07/08/2022 15:32:54 - INFO - __main__ - <mask>. – former <mask>.
07/08/2022 15:32:54 - INFO - __main__ - <mask>, footballer who plays as <mask>.
07/08/2022 15:32:54 - INFO - __main__ - ****************************
07/08/2022 15:32:54 - INFO - __main__ - *********References*********
07/08/2022 15:32:54 - INFO - __main__ - ['<mask> plays in <mask> position.']
07/08/2022 15:32:54 - INFO - __main__ - ****************************
07/08/2022 15:34:02 - INFO - __main__ - ***********Input************
07/08/2022 15:34:02 - INFO - __main__ - wester ross is well known for its mountain scenery , especially the <mask> which includes such peaks as beinn eighe and <mask> .
07/08/2022 15:34:02 - INFO - __main__ - *********Hypothesis*********
07/08/2022 15:34:02 - INFO - __main__ - <mask> is the son of the late lord <mask>.
07/08/2022 15:34:02 - INFO - __main__ - <mask> is a surname, derived from the gaelic word <mask>.
07/08/2022 15:34:02 - INFO - __main__ - <mask> na nóg is a mountain of the island of <mask>.
07/08/2022 15:34:02 - INFO - __main__ - <mask> was the son of john and ann (née mckeown) <mask>.
07/08/2022 15:34:02 - INFO - __main__ - <mask>-y-gaelic is the name of a number of islands, including <mask>.
07/08/2022 15:34:02 - INFO - __main__ - <mask>'s mother was the daughter of john and mary (née mcbride) <mask>.
07/08/2022 15:34:02 - INFO - __main__ - <mask> is a short form of <mask>.
07/08/2022 15:34:02 - INFO - __main__ - <mask> lies to the north of <mask>.
07/08/2022 15:34:02 - INFO - __main__ - <mask> is a small village on the island of <mask>.
07/08/2022 15:34:02 - INFO - __main__ - <mask>'s name is derived from the gaelic word <mask>.
07/08/2022 15:34:02 - INFO - __main__ - ****************************
07/08/2022 15:34:02 - INFO - __main__ - *********References*********
07/08/2022 15:34:02 - INFO - __main__ - ['<mask> is part of <mask>.']
07/08/2022 15:34:02 - INFO - __main__ - ****************************
07/08/2022 15:34:56 - INFO - __main__ - ***********Input************
07/08/2022 15:34:56 - INFO - __main__ - <mask> ( born 23 august 1994 ) is an afghan international footballer who plays as a <mask> .
07/08/2022 15:34:56 - INFO - __main__ - *********Hypothesis*********
07/08/2022 15:34:56 - INFO - __main__ - <mask> started his career as a <mask>.
07/08/2022 15:34:56 - INFO - __main__ - <mask> is a <mask>.
07/08/2022 15:34:56 - INFO - __main__ - <mask> played as a <mask>.
07/08/2022 15:34:56 - INFO - __main__ - <mask>. started his career as a <mask>.
07/08/2022 15:34:56 - INFO - __main__ - <mask> is an attacking <mask>.
07/08/2022 15:34:56 - INFO - __main__ - <mask> was a right-footed <mask>.
07/08/2022 15:34:56 - INFO - __main__ - <mask> was known as a <mask>.
07/08/2022 15:34:56 - INFO - __main__ - <mask> his career as a <mask>.
07/08/2022 15:34:56 - INFO - __main__ - <mask> was a <mask>.
07/08/2022 15:34:56 - INFO - __main__ - <mask> mid played as a <mask>.
07/08/2022 15:34:56 - INFO - __main__ - ****************************
07/08/2022 15:34:56 - INFO - __main__ - *********References*********
07/08/2022 15:34:56 - INFO - __main__ - ['<mask> plays in <mask> position.']
07/08/2022 15:34:56 - INFO - __main__ - ****************************
07/08/2022 15:35:54 - INFO - __main__ - ***********Input************
07/08/2022 15:35:54 - INFO - __main__ - the company was formed by steve nardelli and <mask> of the psychedelic prog band <mask> .
07/08/2022 15:35:54 - INFO - __main__ - *********Hypothesis*********
07/08/2022 15:35:54 - INFO - __main__ - <mask>, the lead singer of <mask>.
07/08/2022 15:35:54 - INFO - __main__ - <mask> was a member of the band <mask>.
07/08/2022 15:35:54 - INFO - __main__ - <mask> was a member of <mask>.
07/08/2022 15:35:54 - INFO - __main__ - <mask> is a member of <mask>.
07/08/2022 15:35:54 - INFO - __main__ - <mask>, the president of <mask>.
07/08/2022 15:35:54 - INFO - __main__ - <mask> is a former <mask>.
07/08/2022 15:35:54 - INFO - __main__ - <mask> and his band <mask>.
07/08/2022 15:35:54 - INFO - __main__ - <mask> was a native <mask>.
07/08/2022 15:35:54 - INFO - __main__ - <mask> was a member of the <mask>.
07/08/2022 15:35:54 - INFO - __main__ - <mask>son was a member of the <mask>.
07/08/2022 15:35:54 - INFO - __main__ - ****************************
07/08/2022 15:35:54 - INFO - __main__ - *********References*********
07/08/2022 15:35:54 - INFO - __main__ - ['<mask> is a member of <mask>.']
07/08/2022 15:35:54 - INFO - __main__ - ****************************
07/08/2022 15:36:52 - INFO - __main__ - ***********Input************
07/08/2022 15:36:52 - INFO - __main__ - the <mask> ( ) metro station is located on the red line of the <mask> .
07/08/2022 15:36:52 - INFO - __main__ - *********Hypothesis*********
07/08/2022 15:36:52 - INFO - __main__ - <mask> is a station on the <mask>.
07/08/2022 15:36:52 - INFO - __main__ - <mask> metro station is a station of <mask>.
07/08/2022 15:36:52 - INFO - __main__ - <mask> metro is a station on the <mask>.
07/08/2022 15:36:52 - INFO - __main__ - <mask> metro station on <mask>.
07/08/2022 15:36:52 - INFO - __main__ - <mask> station is a station of <mask>.
07/08/2022 15:36:52 - INFO - __main__ - <mask> is a station of <mask>.
07/08/2022 15:36:52 - INFO - __main__ - <mask> metro is served by the line of <mask>.
07/08/2022 15:36:52 - INFO - __main__ - <mask> metro station on the line <mask>.
07/08/2022 15:36:52 - INFO - __main__ - <mask> metro a station on <mask>.
07/08/2022 15:36:52 - INFO - __main__ - <mask> is served by the line of <mask>.
07/08/2022 15:36:52 - INFO - __main__ - ****************************
07/08/2022 15:36:52 - INFO - __main__ - *********References*********
07/08/2022 15:36:52 - INFO - __main__ - ['<mask> is part of <mask>.']
07/08/2022 15:36:52 - INFO - __main__ - ****************************
07/08/2022 15:37:49 - INFO - __main__ - ***********Input************
07/08/2022 15:37:49 - INFO - __main__ - kane 's ultimate version was introduced in " ultimate x - men " # 76 , where he is once again a partner to <mask> , domino and the other <mask> team members .
07/08/2022 15:37:49 - INFO - __main__ - *********Hypothesis*********
07/08/2022 15:37:49 - INFO - __main__ - <mask> had been a member of the original <mask>.
07/08/2022 15:37:49 - INFO - __main__ - <mask> was a member of the elite <mask>.
07/08/2022 15:37:49 - INFO - __main__ - <mask> was the only one who knew about the new <mask>.
07/08/2022 15:37:49 - INFO - __main__ - <mask> was a member of the original <mask>.
07/08/2022 15:37:49 - INFO - __main__ - <mask> and i were the only ones who knew about the new <mask>.
07/08/2022 15:37:49 - INFO - __main__ - <mask> was a member of the elite group of <mask>.
07/08/2022 15:37:49 - INFO - __main__ - <mask>, i'm sorry, <mask>.
07/08/2022 15:37:49 - INFO - __main__ - <mask> is a member of the <mask>.
07/08/2022 15:37:49 - INFO - __main__ - <mask> wasn't sure what to say to <mask>.
07/08/2022 15:37:49 - INFO - __main__ - <mask> was a member of the <mask>.
07/08/2022 15:37:49 - INFO - __main__ - ****************************
07/08/2022 15:37:49 - INFO - __main__ - *********References*********
07/08/2022 15:37:49 - INFO - __main__ - ['<mask> is a member of <mask>.']
07/08/2022 15:37:49 - INFO - __main__ - ****************************
07/08/2022 15:38:49 - INFO - __main__ - ***********Input************
07/08/2022 15:38:49 - INFO - __main__ - <mask> ( born 15 december 1990 in plymouth , trinidad and tobago ) , is an international football player from trinidad and tobagosoca warriors who plays as a <mask> for juticalpa .
07/08/2022 15:38:49 - INFO - __main__ - *********Hypothesis*********
07/08/2022 15:38:49 - INFO - __main__ - <mask> is a <mask>.
07/08/2022 15:38:49 - INFO - __main__ - <mask> was named <mask>.
07/08/2022 15:38:49 - INFO - __main__ - <mask> was the team's <mask>.
07/08/2022 15:38:49 - INFO - __main__ - <mask> was a <mask>.
07/08/2022 15:38:49 - INFO - __main__ - <mask> started his career as a <mask>.
07/08/2022 15:38:49 - INFO - __main__ - <mask>ez is a <mask>.
07/08/2022 15:38:49 - INFO - __main__ - <mask> was the team's most <mask>.
07/08/2022 15:38:49 - INFO - __main__ - <mask> is a midfielder <mask>.
07/08/2022 15:38:49 - INFO - __main__ - <mask> played as a <mask>.
07/08/2022 15:38:49 - INFO - __main__ - <mask>ez was the team's <mask>.
07/08/2022 15:38:49 - INFO - __main__ - ****************************
07/08/2022 15:38:49 - INFO - __main__ - *********References*********
07/08/2022 15:38:49 - INFO - __main__ - ['<mask> plays in <mask> position.']
07/08/2022 15:38:49 - INFO - __main__ - ****************************
07/08/2022 15:39:39 - INFO - __main__ - ***********Input************
07/08/2022 15:39:39 - INFO - __main__ - <mask> ( born 14 september 1995 ) is a scottish professional footballer who plays as a <mask> for kilmarnock , on loan from newcastle united .
07/08/2022 15:39:39 - INFO - __main__ - *********Hypothesis*********
07/08/2022 15:39:39 - INFO - __main__ - <mask> is a former professional <mask>.
07/08/2022 15:39:39 - INFO - __main__ - <mask>, footballer who plays as a <mask>.
07/08/2022 15:39:39 - INFO - __main__ - <mask> – former professional <mask>.
07/08/2022 15:39:39 - INFO - __main__ - <mask> – for services to the community as a <mask>.
07/08/2022 15:39:39 - INFO - __main__ - <mask>, footballer who plays as <mask>.
07/08/2022 15:39:39 - INFO - __main__ - <mask>, professional footballer who plays as <mask>.
07/08/2022 15:39:39 - INFO - __main__ - <mask>, professional footballer, <mask>.
07/08/2022 15:39:39 - INFO - __main__ - <mask> was the club's most successful <mask>.
07/08/2022 15:39:39 - INFO - __main__ - <mask> is a former professional footballerfielder <mask>.
07/08/2022 15:39:39 - INFO - __main__ - <mask> – for services to the community and to <mask>.
07/08/2022 15:39:39 - INFO - __main__ - ****************************
07/08/2022 15:39:39 - INFO - __main__ - *********References*********
07/08/2022 15:39:39 - INFO - __main__ - ['<mask> plays in <mask> position.']
07/08/2022 15:39:39 - INFO - __main__ - ****************************
07/08/2022 15:40:38 - INFO - __main__ - ***********Input************
07/08/2022 15:40:38 - INFO - __main__ - <mask> ( 15 september 1930 – 12 january 2006 ) was a swiss football <mask> who played for switzerland in the 1962 fifa world cup .
07/08/2022 15:40:38 - INFO - __main__ - *********Hypothesis*********
07/08/2022 15:40:38 - INFO - __main__ - <mask> is a <mask>.
07/08/2022 15:40:38 - INFO - __main__ - <mask>- is a <mask>.
07/08/2022 15:40:38 - INFO - __main__ - <mask> was a <mask>.
07/08/2022 15:40:38 - INFO - __main__ - <mask> was the team's <mask>.
07/08/2022 15:40:38 - INFO - __main__ - <mask> is a midfielder <mask>.
07/08/2022 15:40:38 - INFO - __main__ - <mask>im is a <mask>.
07/08/2022 15:40:38 - INFO - __main__ - <mask> started his career as a <mask>.
07/08/2022 15:40:38 - INFO - __main__ - <mask> was the most successful <mask>.
07/08/2022 15:40:38 - INFO - __main__ - <mask>-hans berg- midfield, he played as an attacking <mask>.
07/08/2022 15:40:38 - INFO - __main__ - <mask> was the <mask>.
07/08/2022 15:40:38 - INFO - __main__ - ****************************
07/08/2022 15:40:38 - INFO - __main__ - *********References*********
07/08/2022 15:40:38 - INFO - __main__ - ['<mask> plays in <mask> position.']
07/08/2022 15:40:38 - INFO - __main__ - ****************************
07/08/2022 15:41:43 - INFO - __main__ - ***********Input************
07/08/2022 15:41:43 - INFO - __main__ - he belonged to the <mask> , of <mask> and bernard silvestris .
07/08/2022 15:41:43 - INFO - __main__ - *********Hypothesis*********
07/08/2022 15:41:43 - INFO - __main__ - <mask> cuisine is the cuisine of <mask>.
07/08/2022 15:41:43 - INFO - __main__ - <mask> was a part of <mask>.
07/08/2022 15:41:43 - INFO - __main__ - <mask> of bad kreuznach, now part of <mask>.
07/08/2022 15:41:43 - INFO - __main__ - <mask> is a family of flowering plants in the family <mask>.
07/08/2022 15:41:43 - INFO - __main__ - <mask> women's football is the women's association football of <mask>.
07/08/2022 15:41:43 - INFO - __main__ - <mask> cuisine refers to the cuisine of <mask>.
07/08/2022 15:41:43 - INFO - __main__ - <mask> is the name of the region of <mask>.
07/08/2022 15:41:43 - INFO - __main__ - <mask> is a monotypic family of flowering plants in the family <mask>.
07/08/2022 15:41:43 - INFO - __main__ - <mask>'s name was changed to <mask>.
07/08/2022 15:41:43 - INFO - __main__ - <mask> p. peregrinus <mask>.
07/08/2022 15:41:43 - INFO - __main__ - ****************************
07/08/2022 15:41:43 - INFO - __main__ - *********References*********
07/08/2022 15:41:43 - INFO - __main__ - ['<mask> is a member of <mask>.']
07/08/2022 15:41:43 - INFO - __main__ - ****************************
07/08/2022 15:41:44 - INFO - __main__ - Task: fewrel
07/08/2022 15:41:44 - INFO - __main__ - bleu-4: 0.01359014407992152
07/08/2022 15:41:44 - INFO - __main__ - bleu-3: 0.041809132227861895
07/08/2022 15:41:44 - INFO - __main__ - bleu-2: 0.13253977660274757
07/08/2022 15:41:44 - INFO - __main__ - bleu-1: 0.3299480860000773
07/08/2022 15:41:44 - INFO - __main__ - METEOR: 0.30334979831577563
07/08/2022 15:41:44 - INFO - __main__ - ROUGE-L: 0.4537947610095443
07/08/2022 15:41:44 - INFO - __main__ - entailment score(mean-mean): 0.3007020626710073
07/08/2022 15:41:44 - INFO - __main__ - entailment score(mean-max): 0.7164023471996188
07/08/2022 15:41:44 - INFO - __main__ - entailment score(mean-min): 0.05144027230144275
07/08/2022 15:41:44 - INFO - __main__ - self-BLEU-2: 0.9106709653408155
07/08/2022 15:41:44 - INFO - __main__ - avg: 0.21250528303932137
07/08/2022 15:41:44 - INFO - __main__ - *******************************************************
07/08/2022 15:41:44 - INFO - __main__ - *******************************************************
07/08/2022 15:41:44 - INFO - __main__ - *******************************************************
07/08/2022 16:14:13 - INFO - __main__ - **************** MODEL CONFIGURATION ****************
07/08/2022 16:14:13 - INFO - __main__ - bart_training             -->   True
07/08/2022 16:14:13 - INFO - __main__ - device                    -->   0
07/08/2022 16:14:13 - INFO - __main__ - group_beam                -->   False
07/08/2022 16:14:13 - INFO - __main__ - if_then                   -->   False
07/08/2022 16:14:13 - INFO - __main__ - inductor                  -->   rule
07/08/2022 16:14:13 - INFO - __main__ - log_dir                   -->   logs_new/
07/08/2022 16:14:13 - INFO - __main__ - log_name                  -->   fewrel-abs+agb
07/08/2022 16:14:13 - INFO - __main__ - mlm_training              -->   True
07/08/2022 16:14:13 - INFO - __main__ - task                      -->   fewrel
07/08/2022 16:14:13 - INFO - __main__ - **************** MODEL CONFIGURATION ****************
07/08/2022 16:16:20 - INFO - __main__ - ***********Input************
07/08/2022 16:16:20 - INFO - __main__ - his guitar work on the title track is credited as what first drew <mask> to him , who two years later invited allman to join him as part of <mask> .
07/08/2022 16:16:20 - INFO - __main__ - *********Hypothesis*********
07/08/2022 16:16:20 - INFO - __main__ - <mask> is a song by <mask>.
07/08/2022 16:16:20 - INFO - __main__ - <mask> is a song by the <mask>.
07/08/2022 16:16:20 - INFO - __main__ - <mask> was a member of <mask>.
07/08/2022 16:16:20 - INFO - __main__ - <mask>. is a song by <mask>.
07/08/2022 16:16:20 - INFO - __main__ - <mask>. is a song by the <mask>.
07/08/2022 16:16:20 - INFO - __main__ - <mask>. and his <mask>.
07/08/2022 16:16:20 - INFO - __main__ - <mask> had been a fan of <mask>.
07/08/2022 16:16:20 - INFO - __main__ - <mask>. is the name of the band <mask>.
07/08/2022 16:16:20 - INFO - __main__ - <mask>. the. of <mask>.
07/08/2022 16:16:20 - INFO - __main__ - <mask> was a member of the band <mask>.
07/08/2022 16:16:20 - INFO - __main__ - ****************************
07/08/2022 16:16:20 - INFO - __main__ - *********References*********
07/08/2022 16:16:20 - INFO - __main__ - ['<mask> is a member of <mask>.']
07/08/2022 16:16:20 - INFO - __main__ - ****************************
07/08/2022 16:17:16 - INFO - __main__ - ***********Input************
07/08/2022 16:17:16 - INFO - __main__ - in the summer of 1944 it opposed the <mask> ’s <mask> during the lvov - sandomir strategic offensive operation ( 13 july - 29 august 1944 ) .
07/08/2022 16:17:16 - INFO - __main__ - *********Hypothesis*********
07/08/2022 16:17:16 - INFO - __main__ - <mask> troops were sent to the area to assist <mask>.
07/08/2022 16:17:16 - INFO - __main__ - <mask> and the other forces were not able to stop the advance of <mask>.
07/08/2022 16:17:16 - INFO - __main__ - <mask>, who were in the process of forming a <mask>.
07/08/2022 16:17:16 - INFO - __main__ - <mask>, who were in the process of forming a new <mask>.
07/08/2022 16:17:16 - INFO - __main__ - <mask> troops were sent to the area to assist the red <mask>.
07/08/2022 16:17:16 - INFO - __main__ - <mask> was a military intelligence agency, <mask>.
07/08/2022 16:17:16 - INFO - __main__ - <mask> were sent to the area to assist the <mask>.
07/08/2022 16:17:16 - INFO - __main__ - <mask>.g.g process of forming <mask>.
07/08/2022 16:17:16 - INFO - __main__ - <mask> troops were sent to the area to assist the army and <mask>.
07/08/2022 16:17:16 - INFO - __main__ - <mask> a military intelligence agency, <mask>.
07/08/2022 16:17:16 - INFO - __main__ - ****************************
07/08/2022 16:17:16 - INFO - __main__ - *********References*********
07/08/2022 16:17:16 - INFO - __main__ - ['<mask> is part of <mask>.']
07/08/2022 16:17:16 - INFO - __main__ - ****************************
07/08/2022 16:18:15 - INFO - __main__ - ***********Input************
07/08/2022 16:18:15 - INFO - __main__ - the singles released from " <mask> " were " <mask> " , " stuck with me " , " brain stew / jaded " , and " walking contradiction " .
07/08/2022 16:18:15 - INFO - __main__ - *********Hypothesis*********
07/08/2022 16:18:15 - INFO - __main__ - <mask>: the best of <mask>.
07/08/2022 16:18:15 - INFO - __main__ - <mask> is the debut album by the band <mask>.
07/08/2022 16:18:15 - INFO - __main__ - <mask> is a compilation album by <mask>.
07/08/2022 16:18:15 - INFO - __main__ - <mask> is the debut studio album by the band <mask>.
07/08/2022 16:18:15 - INFO - __main__ - <mask> is a compilation album by the band <mask>.
07/08/2022 16:18:15 - INFO - __main__ - <mask> was followed by <mask>.
07/08/2022 16:18:15 - INFO - __main__ - <mask> is the follow-up to "<mask>.
07/08/2022 16:18:15 - INFO - __main__ - <mask> was originally titled <mask>.
07/08/2022 16:18:15 - INFO - __main__ - <mask>: the story of <mask>.
07/08/2022 16:18:15 - INFO - __main__ - <mask> contains a sample of "<mask>.
07/08/2022 16:18:15 - INFO - __main__ - ****************************
07/08/2022 16:18:15 - INFO - __main__ - *********References*********
07/08/2022 16:18:15 - INFO - __main__ - ['<mask> is part of <mask>.']
07/08/2022 16:18:15 - INFO - __main__ - ****************************
07/08/2022 16:19:07 - INFO - __main__ - ***********Input************
07/08/2022 16:19:07 - INFO - __main__ - the occupancy of the show surpassed the <mask> films <mask> and freaky ali .
07/08/2022 16:19:07 - INFO - __main__ - *********Hypothesis*********
07/08/2022 16:19:07 - INFO - __main__ - <mask> is, and thean <mask>.
07/08/2022 16:19:07 - INFO - __main__ - <mask> jackass jackass <mask>.
07/08/2022 16:19:07 - INFO - __main__ - <mask> dreamer and <mask>.
07/08/2022 16:19:07 - INFO - __main__ - <mask> jigsaw is <mask>.
07/08/2022 16:19:07 - INFO - __main__ - <mask> dreamgirls is <mask>.
07/08/2022 16:19:07 - INFO - __main__ - <mask> and is is a <mask>.
07/08/2022 16:19:07 - INFO - __main__ - <mask> dreamgirl and <mask>.
07/08/2022 16:19:07 - INFO - __main__ - <mask> jackass and <mask>.
07/08/2022 16:19:07 - INFO - __main__ - <mask> has a long history of using the term <mask>.
07/08/2022 16:19:07 - INFO - __main__ - <mask> jigsaw and <mask>.
07/08/2022 16:19:07 - INFO - __main__ - ****************************
07/08/2022 16:19:07 - INFO - __main__ - *********References*********
07/08/2022 16:19:07 - INFO - __main__ - ['the original language of <mask> is <mask>.']
07/08/2022 16:19:07 - INFO - __main__ - ****************************
07/08/2022 16:19:53 - INFO - __main__ - ***********Input************
07/08/2022 16:19:53 - INFO - __main__ - it broadcasts mostly english language news and current affairs and also broadcasts <mask> the daily rté 1 <mask> language news television programme .
07/08/2022 16:19:53 - INFO - __main__ - *********Hypothesis*********
07/08/2022 16:19:53 - INFO - __main__ - <mask>, however, is not a language of instruction in <mask>.
07/08/2022 16:19:53 - INFO - __main__ - <mask>, and the other major languages are <mask>.
07/08/2022 16:19:53 - INFO - __main__ - <mask> is the only language in the country, and the only <mask>.
07/08/2022 16:19:53 - INFO - __main__ - <mask> however, is not a language of instruction in <mask>.
07/08/2022 16:19:53 - INFO - __main__ - <mask>.france inter in the country, and <mask>.
07/08/2022 16:19:53 - INFO - __main__ - <mask> was the language of instruction, and the school was taught <mask>.
07/08/2022 16:19:53 - INFO - __main__ - <mask> is a free-to-air television channel broadcasting in <mask>.
07/08/2022 16:19:53 - INFO - __main__ - <mask>. and the other major languages are <mask>.
07/08/2022 16:19:53 - INFO - __main__ - <mask> the language of instruction, and the school was taught <mask>.
07/08/2022 16:19:53 - INFO - __main__ - <mask>- and -ctv is <mask>.
07/08/2022 16:19:53 - INFO - __main__ - ****************************
07/08/2022 16:19:53 - INFO - __main__ - *********References*********
07/08/2022 16:19:53 - INFO - __main__ - ['the original language of <mask> is <mask>.']
07/08/2022 16:19:53 - INFO - __main__ - ****************************
07/08/2022 16:20:46 - INFO - __main__ - ***********Input************
07/08/2022 16:20:46 - INFO - __main__ - in 2009 to mark the 125th anniversary of the <mask> he was named by the irish news as one of the all - time best 125 footballers from <mask> .
07/08/2022 16:20:46 - INFO - __main__ - *********Hypothesis*********
07/08/2022 16:20:46 - INFO - __main__ - <mask> is the most popular sport in <mask>.
07/08/2022 16:20:46 - INFO - __main__ - <mask> is a major source of income for the <mask>.
07/08/2022 16:20:46 - INFO - __main__ - <mask>, and the other members of the group were <mask>.
07/08/2022 16:20:46 - INFO - __main__ - <mask> the most popular sport in <mask>.
07/08/2022 16:20:46 - INFO - __main__ - <mask> a major source of income for <mask>.
07/08/2022 16:20:46 - INFO - __main__ - <mask>. the only national-level football team in <mask>.
07/08/2022 16:20:46 - INFO - __main__ - <mask> is the only major sports club in <mask>.
07/08/2022 16:20:46 - INFO - __main__ - <mask> was, however, still <mask>.
07/08/2022 16:20:46 - INFO - __main__ - <mask> is a national and is <mask>.
07/08/2022 16:20:46 - INFO - __main__ - <mask>. is a common name for <mask>.
07/08/2022 16:20:46 - INFO - __main__ - ****************************
07/08/2022 16:20:46 - INFO - __main__ - *********References*********
07/08/2022 16:20:46 - INFO - __main__ - ['<mask> is a member of <mask>.']
07/08/2022 16:20:46 - INFO - __main__ - ****************************
07/08/2022 16:21:46 - INFO - __main__ - ***********Input************
07/08/2022 16:21:46 - INFO - __main__ - as a sergeant in the australian imperial force , mcgee was awarded the victoria cross for his actions in the <mask> — part of the <mask> — on 4 october 1917 .
07/08/2022 16:21:46 - INFO - __main__ - *********Hypothesis*********
07/08/2022 16:21:46 - INFO - __main__ - <mask> and the <mask>.
07/08/2022 16:21:46 - INFO - __main__ - <mask>. and the <mask>.
07/08/2022 16:21:46 - INFO - __main__ - <mask> was a major military base in the early <mask>.
07/08/2022 16:21:46 - INFO - __main__ - <mask> was a dialect of <mask>.
07/08/2022 16:21:46 - INFO - __main__ - <mask> was a part of <mask>.
07/08/2022 16:21:46 - INFO - __main__ - <mask>: the first <mask>.
07/08/2022 16:21:46 - INFO - __main__ - <mask> and the battle of the <mask>.
07/08/2022 16:21:46 - INFO - __main__ - <mask> was a major part of the <mask>.
07/08/2022 16:21:46 - INFO - __main__ - <mask> was the last major battle of the entire <mask>.
07/08/2022 16:21:46 - INFO - __main__ - <mask> was a major battle of the early <mask>.
07/08/2022 16:21:46 - INFO - __main__ - ****************************
07/08/2022 16:21:46 - INFO - __main__ - *********References*********
07/08/2022 16:21:46 - INFO - __main__ - ['<mask> is part of <mask>.']
07/08/2022 16:21:46 - INFO - __main__ - ****************************
07/08/2022 16:22:39 - INFO - __main__ - ***********Input************
07/08/2022 16:22:39 - INFO - __main__ - petrovic made her on – screen debut with a small role in " <mask> " , a 2007 <mask> film directed by milčo mančevski .
07/08/2022 16:22:39 - INFO - __main__ - *********Hypothesis*********
07/08/2022 16:22:39 - INFO - __main__ - <mask> is a name derived from <mask>.
07/08/2022 16:22:39 - INFO - __main__ - <mask> is the only one of the main characters to be <mask>.
07/08/2022 16:22:39 - INFO - __main__ - <mask>, however, was not a <mask>.
07/08/2022 16:22:39 - INFO - __main__ - <mask> is a feminine given name in <mask>.
07/08/2022 16:22:39 - INFO - __main__ - <mask>'s name means "the little one" in <mask>.
07/08/2022 16:22:39 - INFO - __main__ - <mask> has been described as a "nationalistic" <mask>.
07/08/2022 16:22:39 - INFO - __main__ - <mask> was a very popular and popular name in <mask>.
07/08/2022 16:22:39 - INFO - __main__ - <mask> is a name that means "the little one" in <mask>.
07/08/2022 16:22:39 - INFO - __main__ - <mask> is the name of a village in <mask>.
07/08/2022 16:22:39 - INFO - __main__ - <mask>'s father was a priest and his mother was <mask>.
07/08/2022 16:22:39 - INFO - __main__ - ****************************
07/08/2022 16:22:39 - INFO - __main__ - *********References*********
07/08/2022 16:22:39 - INFO - __main__ - ['the original language of <mask> is <mask>.']
07/08/2022 16:22:39 - INFO - __main__ - ****************************
07/08/2022 16:23:32 - INFO - __main__ - ***********Input************
07/08/2022 16:23:32 - INFO - __main__ - the film is a remake of <mask> movie " <mask> " , starring krishnam raju , jayasudha in the lead roles .
07/08/2022 16:23:32 - INFO - __main__ - *********Hypothesis*********
07/08/2022 16:23:32 - INFO - __main__ - <mask> is the official language of <mask>.
07/08/2022 16:23:32 - INFO - __main__ - <mask> version of the film was titled <mask>.
07/08/2022 16:23:32 - INFO - __main__ - <mask> film industry is the largest industry in <mask>.
07/08/2022 16:23:32 - INFO - __main__ - <mask> version was titled <mask>.
07/08/2022 16:23:32 - INFO - __main__ - <mask> version was titled as <mask>.
07/08/2022 16:23:32 - INFO - __main__ - <mask> version of the film was titled as <mask>.
07/08/2022 16:23:32 - INFO - __main__ - <mask> version of the film was titled "<mask>.
07/08/2022 16:23:32 - INFO - __main__ - <mask> version was directed by <mask>.
07/08/2022 16:23:32 - INFO - __main__ - <mask> film industry is based in <mask>.
07/08/2022 16:23:32 - INFO - __main__ - <mask> language is the official language of <mask>.
07/08/2022 16:23:32 - INFO - __main__ - ****************************
07/08/2022 16:23:32 - INFO - __main__ - *********References*********
07/08/2022 16:23:32 - INFO - __main__ - ['the original language of <mask> is <mask>.']
07/08/2022 16:23:32 - INFO - __main__ - ****************************
07/08/2022 16:24:24 - INFO - __main__ - ***********Input************
07/08/2022 16:24:24 - INFO - __main__ - fear and trembling ( original title : <mask> ) is a 2003 <mask> film based on the novel of the same name by amélie nothomb .
07/08/2022 16:24:24 - INFO - __main__ - *********Hypothesis*********
07/08/2022 16:24:24 - INFO - __main__ - <mask> is a <mask>.
07/08/2022 16:24:24 - INFO - __main__ - <mask> and, in <mask>.
07/08/2022 16:24:24 - INFO - __main__ - <mask> is a novel by <mask>.
07/08/2022 16:24:24 - INFO - __main__ - <mask> is an album by <mask>.
07/08/2022 16:24:24 - INFO - __main__ - <mask> is a surname of <mask>.
07/08/2022 16:24:24 - INFO - __main__ - <mask> and a <mask>.
07/08/2022 16:24:24 - INFO - __main__ - <mask> is a feminine given name in <mask>.
07/08/2022 16:24:24 - INFO - __main__ - <mask> is a compilation album by <mask>.
07/08/2022 16:24:24 - INFO - __main__ - <mask> is a novel written in <mask>.
07/08/2022 16:24:24 - INFO - __main__ - <mask> is a play in <mask>.
07/08/2022 16:24:24 - INFO - __main__ - ****************************
07/08/2022 16:24:24 - INFO - __main__ - *********References*********
07/08/2022 16:24:24 - INFO - __main__ - ['the original language of <mask> is <mask>.']
07/08/2022 16:24:24 - INFO - __main__ - ****************************
07/08/2022 16:25:20 - INFO - __main__ - ***********Input************
07/08/2022 16:25:20 - INFO - __main__ - <mask> ( born 10 january 1990 ) is a german footballer who plays as a <mask> for spvgg unterhaching .
07/08/2022 16:25:20 - INFO - __main__ - *********Hypothesis*********
07/08/2022 16:25:20 - INFO - __main__ - <mask>. is a <mask>.
07/08/2022 16:25:20 - INFO - __main__ - <mask> rahman is a <mask>.
07/08/2022 16:25:20 - INFO - __main__ - <mask> is a <mask>.
07/08/2022 16:25:20 - INFO - __main__ - <mask> is a midfielder <mask>.
07/08/2022 16:25:20 - INFO - __main__ - <mask> was the club's <mask>.
07/08/2022 16:25:20 - INFO - __main__ - <mask>: he plays as a <mask>.
07/08/2022 16:25:20 - INFO - __main__ - <mask> was the team's <mask>.
07/08/2022 16:25:20 - INFO - __main__ - <mask>: die welt im <mask>.
07/08/2022 16:25:20 - INFO - __main__ - <mask>. – former <mask>.
07/08/2022 16:25:20 - INFO - __main__ - <mask>, footballer who plays as <mask>.
07/08/2022 16:25:20 - INFO - __main__ - ****************************
07/08/2022 16:25:20 - INFO - __main__ - *********References*********
07/08/2022 16:25:20 - INFO - __main__ - ['<mask> plays in <mask> position.']
07/08/2022 16:25:20 - INFO - __main__ - ****************************
07/08/2022 16:26:26 - INFO - __main__ - ***********Input************
07/08/2022 16:26:26 - INFO - __main__ - wester ross is well known for its mountain scenery , especially the <mask> which includes such peaks as beinn eighe and <mask> .
07/08/2022 16:26:26 - INFO - __main__ - *********Hypothesis*********
07/08/2022 16:26:26 - INFO - __main__ - <mask> is the son of the late lord <mask>.
07/08/2022 16:26:26 - INFO - __main__ - <mask> is a surname, derived from the gaelic word <mask>.
07/08/2022 16:26:26 - INFO - __main__ - <mask> na nóg is a mountain of the island of <mask>.
07/08/2022 16:26:26 - INFO - __main__ - <mask> was the son of john and ann (née mckeown) <mask>.
07/08/2022 16:26:26 - INFO - __main__ - <mask>-y-gaelic is the name of a number of islands, including <mask>.
07/08/2022 16:26:26 - INFO - __main__ - <mask>'s mother was the daughter of john and mary (née mcbride) <mask>.
07/08/2022 16:26:26 - INFO - __main__ - <mask> is a short form of <mask>.
07/08/2022 16:26:26 - INFO - __main__ - <mask> lies to the north of <mask>.
07/08/2022 16:26:26 - INFO - __main__ - <mask> is a small village on the island of <mask>.
07/08/2022 16:26:26 - INFO - __main__ - <mask>'s name is derived from the gaelic word <mask>.
07/08/2022 16:26:26 - INFO - __main__ - ****************************
07/08/2022 16:26:26 - INFO - __main__ - *********References*********
07/08/2022 16:26:26 - INFO - __main__ - ['<mask> is part of <mask>.']
07/08/2022 16:26:26 - INFO - __main__ - ****************************
07/08/2022 16:27:18 - INFO - __main__ - ***********Input************
07/08/2022 16:27:18 - INFO - __main__ - <mask> ( born 23 august 1994 ) is an afghan international footballer who plays as a <mask> .
07/08/2022 16:27:18 - INFO - __main__ - *********Hypothesis*********
07/08/2022 16:27:18 - INFO - __main__ - <mask> started his career as a <mask>.
07/08/2022 16:27:18 - INFO - __main__ - <mask> is a <mask>.
07/08/2022 16:27:18 - INFO - __main__ - <mask> played as a <mask>.
07/08/2022 16:27:18 - INFO - __main__ - <mask>. started his career as a <mask>.
07/08/2022 16:27:18 - INFO - __main__ - <mask> is an attacking <mask>.
07/08/2022 16:27:18 - INFO - __main__ - <mask> was a right-footed <mask>.
07/08/2022 16:27:18 - INFO - __main__ - <mask> was known as a <mask>.
07/08/2022 16:27:18 - INFO - __main__ - <mask> his career as a <mask>.
07/08/2022 16:27:18 - INFO - __main__ - <mask> was a <mask>.
07/08/2022 16:27:18 - INFO - __main__ - <mask> mid played as a <mask>.
07/08/2022 16:27:18 - INFO - __main__ - ****************************
07/08/2022 16:27:18 - INFO - __main__ - *********References*********
07/08/2022 16:27:18 - INFO - __main__ - ['<mask> plays in <mask> position.']
07/08/2022 16:27:18 - INFO - __main__ - ****************************
07/08/2022 16:28:14 - INFO - __main__ - ***********Input************
07/08/2022 16:28:14 - INFO - __main__ - the company was formed by steve nardelli and <mask> of the psychedelic prog band <mask> .
07/08/2022 16:28:14 - INFO - __main__ - *********Hypothesis*********
07/08/2022 16:28:14 - INFO - __main__ - <mask>, the lead singer of <mask>.
07/08/2022 16:28:14 - INFO - __main__ - <mask> was a member of the band <mask>.
07/08/2022 16:28:14 - INFO - __main__ - <mask> was a member of <mask>.
07/08/2022 16:28:14 - INFO - __main__ - <mask> is a member of <mask>.
07/08/2022 16:28:14 - INFO - __main__ - <mask>, the president of <mask>.
07/08/2022 16:28:14 - INFO - __main__ - <mask> is a former <mask>.
07/08/2022 16:28:14 - INFO - __main__ - <mask> and his band <mask>.
07/08/2022 16:28:14 - INFO - __main__ - <mask> was a native <mask>.
07/08/2022 16:28:14 - INFO - __main__ - <mask> was a member of the <mask>.
07/08/2022 16:28:14 - INFO - __main__ - <mask>son was a member of the <mask>.
07/08/2022 16:28:14 - INFO - __main__ - ****************************
07/08/2022 16:28:14 - INFO - __main__ - *********References*********
07/08/2022 16:28:14 - INFO - __main__ - ['<mask> is a member of <mask>.']
07/08/2022 16:28:14 - INFO - __main__ - ****************************
07/08/2022 16:29:10 - INFO - __main__ - ***********Input************
07/08/2022 16:29:10 - INFO - __main__ - the <mask> ( ) metro station is located on the red line of the <mask> .
07/08/2022 16:29:10 - INFO - __main__ - *********Hypothesis*********
07/08/2022 16:29:10 - INFO - __main__ - <mask> is a station on the <mask>.
07/08/2022 16:29:10 - INFO - __main__ - <mask> metro station is a station of <mask>.
07/08/2022 16:29:10 - INFO - __main__ - <mask> metro is a station on the <mask>.
07/08/2022 16:29:10 - INFO - __main__ - <mask> metro station on <mask>.
07/08/2022 16:29:10 - INFO - __main__ - <mask> station is a station of <mask>.
07/08/2022 16:29:10 - INFO - __main__ - <mask> is a station of <mask>.
07/08/2022 16:29:10 - INFO - __main__ - <mask> metro is served by the line of <mask>.
07/08/2022 16:29:10 - INFO - __main__ - <mask> metro station on the line <mask>.
07/08/2022 16:29:10 - INFO - __main__ - <mask> metro a station on <mask>.
07/08/2022 16:29:10 - INFO - __main__ - <mask> is served by the line of <mask>.
07/08/2022 16:29:10 - INFO - __main__ - ****************************
07/08/2022 16:29:10 - INFO - __main__ - *********References*********
07/08/2022 16:29:10 - INFO - __main__ - ['<mask> is part of <mask>.']
07/08/2022 16:29:10 - INFO - __main__ - ****************************
07/08/2022 16:30:05 - INFO - __main__ - ***********Input************
07/08/2022 16:30:05 - INFO - __main__ - kane 's ultimate version was introduced in " ultimate x - men " # 76 , where he is once again a partner to <mask> , domino and the other <mask> team members .
07/08/2022 16:30:05 - INFO - __main__ - *********Hypothesis*********
07/08/2022 16:30:05 - INFO - __main__ - <mask> had been a member of the original <mask>.
07/08/2022 16:30:05 - INFO - __main__ - <mask> was a member of the elite <mask>.
07/08/2022 16:30:05 - INFO - __main__ - <mask> was the only one who knew about the new <mask>.
07/08/2022 16:30:05 - INFO - __main__ - <mask> was a member of the original <mask>.
07/08/2022 16:30:05 - INFO - __main__ - <mask> and i were the only ones who knew about the new <mask>.
07/08/2022 16:30:05 - INFO - __main__ - <mask> was a member of the elite group of <mask>.
07/08/2022 16:30:05 - INFO - __main__ - <mask>, i'm sorry, <mask>.
07/08/2022 16:30:05 - INFO - __main__ - <mask> is a member of the <mask>.
07/08/2022 16:30:05 - INFO - __main__ - <mask> wasn't sure what to say to <mask>.
07/08/2022 16:30:05 - INFO - __main__ - <mask> was a member of the <mask>.
07/08/2022 16:30:05 - INFO - __main__ - ****************************
07/08/2022 16:30:05 - INFO - __main__ - *********References*********
07/08/2022 16:30:05 - INFO - __main__ - ['<mask> is a member of <mask>.']
07/08/2022 16:30:05 - INFO - __main__ - ****************************
07/08/2022 16:31:03 - INFO - __main__ - ***********Input************
07/08/2022 16:31:03 - INFO - __main__ - <mask> ( born 15 december 1990 in plymouth , trinidad and tobago ) , is an international football player from trinidad and tobagosoca warriors who plays as a <mask> for juticalpa .
07/08/2022 16:31:03 - INFO - __main__ - *********Hypothesis*********
07/08/2022 16:31:03 - INFO - __main__ - <mask> is a <mask>.
07/08/2022 16:31:03 - INFO - __main__ - <mask> was named <mask>.
07/08/2022 16:31:03 - INFO - __main__ - <mask> was the team's <mask>.
07/08/2022 16:31:03 - INFO - __main__ - <mask> was a <mask>.
07/08/2022 16:31:03 - INFO - __main__ - <mask> started his career as a <mask>.
07/08/2022 16:31:03 - INFO - __main__ - <mask>ez is a <mask>.
07/08/2022 16:31:03 - INFO - __main__ - <mask> was the team's most <mask>.
07/08/2022 16:31:03 - INFO - __main__ - <mask> is a midfielder <mask>.
07/08/2022 16:31:03 - INFO - __main__ - <mask> played as a <mask>.
07/08/2022 16:31:03 - INFO - __main__ - <mask>ez was the team's <mask>.
07/08/2022 16:31:03 - INFO - __main__ - ****************************
07/08/2022 16:31:03 - INFO - __main__ - *********References*********
07/08/2022 16:31:03 - INFO - __main__ - ['<mask> plays in <mask> position.']
07/08/2022 16:31:03 - INFO - __main__ - ****************************
07/08/2022 16:31:51 - INFO - __main__ - ***********Input************
07/08/2022 16:31:51 - INFO - __main__ - <mask> ( born 14 september 1995 ) is a scottish professional footballer who plays as a <mask> for kilmarnock , on loan from newcastle united .
07/08/2022 16:31:51 - INFO - __main__ - *********Hypothesis*********
07/08/2022 16:31:51 - INFO - __main__ - <mask> is a former professional <mask>.
07/08/2022 16:31:51 - INFO - __main__ - <mask>, footballer who plays as a <mask>.
07/08/2022 16:31:51 - INFO - __main__ - <mask> – former professional <mask>.
07/08/2022 16:31:51 - INFO - __main__ - <mask> – for services to the community as a <mask>.
07/08/2022 16:31:51 - INFO - __main__ - <mask>, footballer who plays as <mask>.
07/08/2022 16:31:51 - INFO - __main__ - <mask>, professional footballer who plays as <mask>.
07/08/2022 16:31:51 - INFO - __main__ - <mask>, professional footballer, <mask>.
07/08/2022 16:31:51 - INFO - __main__ - <mask> was the club's most successful <mask>.
07/08/2022 16:31:51 - INFO - __main__ - <mask> is a former professional footballerfielder <mask>.
07/08/2022 16:31:51 - INFO - __main__ - <mask> – for services to the community and to <mask>.
07/08/2022 16:31:51 - INFO - __main__ - ****************************
07/08/2022 16:31:51 - INFO - __main__ - *********References*********
07/08/2022 16:31:51 - INFO - __main__ - ['<mask> plays in <mask> position.']
07/08/2022 16:31:51 - INFO - __main__ - ****************************
07/08/2022 16:32:47 - INFO - __main__ - ***********Input************
07/08/2022 16:32:47 - INFO - __main__ - <mask> ( 15 september 1930 – 12 january 2006 ) was a swiss football <mask> who played for switzerland in the 1962 fifa world cup .
07/08/2022 16:32:47 - INFO - __main__ - *********Hypothesis*********
07/08/2022 16:32:47 - INFO - __main__ - <mask> is a <mask>.
07/08/2022 16:32:47 - INFO - __main__ - <mask>- is a <mask>.
07/08/2022 16:32:47 - INFO - __main__ - <mask> was a <mask>.
07/08/2022 16:32:47 - INFO - __main__ - <mask> was the team's <mask>.
07/08/2022 16:32:47 - INFO - __main__ - <mask> is a midfielder <mask>.
07/08/2022 16:32:47 - INFO - __main__ - <mask>im is a <mask>.
07/08/2022 16:32:47 - INFO - __main__ - <mask> started his career as a <mask>.
07/08/2022 16:32:47 - INFO - __main__ - <mask> was the most successful <mask>.
07/08/2022 16:32:47 - INFO - __main__ - <mask>-hans berg- midfield, he played as an attacking <mask>.
07/08/2022 16:32:47 - INFO - __main__ - <mask> was the <mask>.
07/08/2022 16:32:47 - INFO - __main__ - ****************************
07/08/2022 16:32:47 - INFO - __main__ - *********References*********
07/08/2022 16:32:47 - INFO - __main__ - ['<mask> plays in <mask> position.']
07/08/2022 16:32:47 - INFO - __main__ - ****************************
07/08/2022 16:33:49 - INFO - __main__ - ***********Input************
07/08/2022 16:33:49 - INFO - __main__ - he belonged to the <mask> , of <mask> and bernard silvestris .
07/08/2022 16:33:49 - INFO - __main__ - *********Hypothesis*********
07/08/2022 16:33:49 - INFO - __main__ - <mask> cuisine is the cuisine of <mask>.
07/08/2022 16:33:49 - INFO - __main__ - <mask> was a part of <mask>.
07/08/2022 16:33:49 - INFO - __main__ - <mask> of bad kreuznach, now part of <mask>.
07/08/2022 16:33:49 - INFO - __main__ - <mask> is a family of flowering plants in the family <mask>.
07/08/2022 16:33:49 - INFO - __main__ - <mask> women's football is the women's association football of <mask>.
07/08/2022 16:33:49 - INFO - __main__ - <mask> cuisine refers to the cuisine of <mask>.
07/08/2022 16:33:49 - INFO - __main__ - <mask> is the name of the region of <mask>.
07/08/2022 16:33:49 - INFO - __main__ - <mask> is a monotypic family of flowering plants in the family <mask>.
07/08/2022 16:33:49 - INFO - __main__ - <mask>'s name was changed to <mask>.
07/08/2022 16:33:49 - INFO - __main__ - <mask> p. peregrinus <mask>.
07/08/2022 16:33:49 - INFO - __main__ - ****************************
07/08/2022 16:33:49 - INFO - __main__ - *********References*********
07/08/2022 16:33:49 - INFO - __main__ - ['<mask> is a member of <mask>.']
07/08/2022 16:33:49 - INFO - __main__ - ****************************
07/08/2022 16:33:49 - INFO - __main__ - Task: fewrel
07/08/2022 16:33:49 - INFO - __main__ - bleu-4: 0.01359014407992152
07/08/2022 16:33:49 - INFO - __main__ - bleu-3: 0.041809132227861895
07/08/2022 16:33:49 - INFO - __main__ - bleu-2: 0.13253977660274757
07/08/2022 16:33:49 - INFO - __main__ - bleu-1: 0.3299480860000773
07/08/2022 16:33:49 - INFO - __main__ - METEOR: 0.30334979831577563
07/08/2022 16:33:49 - INFO - __main__ - ROUGE-L: 0.4537947610095443
07/08/2022 16:33:49 - INFO - __main__ - entailment score(mean-mean): 0.3007020626710073
07/08/2022 16:33:49 - INFO - __main__ - entailment score(mean-max): 0.7164023471996188
07/08/2022 16:33:49 - INFO - __main__ - entailment score(mean-min): 0.05144027230144275
07/08/2022 16:33:49 - INFO - __main__ - self-BLEU-2: 0.9106709653408155
07/08/2022 16:33:49 - INFO - __main__ - avg: 0.21250528303932137
07/08/2022 16:33:49 - INFO - __main__ - *******************************************************
07/08/2022 16:33:49 - INFO - __main__ - *******************************************************
07/08/2022 16:33:49 - INFO - __main__ - *******************************************************
