07/05/2022 04:02:12 - INFO - __main__ - **************** MODEL CONFIGURATION ****************
07/05/2022 04:02:12 - INFO - __main__ - bart_training             -->   True
07/05/2022 04:02:12 - INFO - __main__ - device                    -->   0
07/05/2022 04:02:12 - INFO - __main__ - group_beam                -->   True
07/05/2022 04:02:12 - INFO - __main__ - if_then                   -->   False
07/05/2022 04:02:12 - INFO - __main__ - inductor                  -->   rule
07/05/2022 04:02:12 - INFO - __main__ - log_dir                   -->   logs_new/
07/05/2022 04:02:12 - INFO - __main__ - log_name                  -->   fewrel+dpp
07/05/2022 04:02:12 - INFO - __main__ - mlm_training              -->   True
07/05/2022 04:02:12 - INFO - __main__ - task                      -->   fewrel
07/05/2022 04:02:12 - INFO - __main__ - **************** MODEL CONFIGURATION ****************
07/05/2022 04:03:46 - INFO - __main__ - ***********Input************
07/05/2022 04:03:46 - INFO - __main__ - his guitar work on the title track is credited as what first drew <mask> to him , who two years later invited allman to join him as part of <mask> .
07/05/2022 04:03:46 - INFO - __main__ - *********Hypothesis*********
07/05/2022 04:03:46 - INFO - __main__ - <mask> had been a fan of <mask>.
07/05/2022 04:03:46 - INFO - __main__ - <mask> was a member of <mask>.
07/05/2022 04:03:46 - INFO - __main__ - <mask> is a song by <mask>.
07/05/2022 04:03:46 - INFO - __main__ - <mask>'s father had been a member of <mask>.
07/05/2022 04:03:46 - INFO - __main__ - <mask>'s favorite band was <mask>.
07/05/2022 04:03:46 - INFO - __main__ - <mask> was the lead singer of <mask>.
07/05/2022 04:03:46 - INFO - __main__ - <mask> and i were in <mask>.
07/05/2022 04:03:46 - INFO - __main__ - <mask> was a fan of the band <mask>.
07/05/2022 04:03:46 - INFO - __main__ - <mask> had been a member of <mask>.
07/05/2022 04:03:46 - INFO - __main__ - <mask> is the lead singer of <mask>.
07/05/2022 04:03:46 - INFO - __main__ - ****************************
07/05/2022 04:03:46 - INFO - __main__ - *********References*********
07/05/2022 04:03:46 - INFO - __main__ - ['<mask> is a member of <mask>.']
07/05/2022 04:03:46 - INFO - __main__ - ****************************
07/05/2022 04:03:56 - INFO - __main__ - ***********Input************
07/05/2022 04:03:56 - INFO - __main__ - in the summer of 1944 it opposed the <mask> ’s <mask> during the lvov - sandomir strategic offensive operation ( 13 july - 29 august 1944 ) .
07/05/2022 04:03:56 - INFO - __main__ - *********Hypothesis*********
07/05/2022 04:03:56 - INFO - __main__ - <mask> used the area as a staging area for <mask>.
07/05/2022 04:03:56 - INFO - __main__ - <mask> were able to use the airfield as a base for <mask>.
07/05/2022 04:03:56 - INFO - __main__ - <mask> used the area as a staging area for their <mask>.
07/05/2022 04:03:56 - INFO - __main__ - <mask> were able to use the airfield as a base for the <mask>.
07/05/2022 04:03:56 - INFO - __main__ - <mask> began to build up their <mask>.
07/05/2022 04:03:56 - INFO - __main__ - <mask> air power was largely concentrated in the newly formed <mask>.
07/05/2022 04:03:56 - INFO - __main__ - <mask> was the only major power to have a regular <mask>.
07/05/2022 04:03:56 - INFO - __main__ - <mask> forces were to be replaced by <mask>.
07/05/2022 04:03:56 - INFO - __main__ - <mask> in the area were not prepared for <mask>.
07/05/2022 04:03:56 - INFO - __main__ - <mask>, however, had already begun to build up their <mask>.
07/05/2022 04:03:56 - INFO - __main__ - ****************************
07/05/2022 04:03:56 - INFO - __main__ - *********References*********
07/05/2022 04:03:56 - INFO - __main__ - ['<mask> is part of <mask>.']
07/05/2022 04:03:56 - INFO - __main__ - ****************************
07/05/2022 04:04:06 - INFO - __main__ - ***********Input************
07/05/2022 04:04:06 - INFO - __main__ - the singles released from " <mask> " were " <mask> " , " stuck with me " , " brain stew / jaded " , and " walking contradiction " .
07/05/2022 04:04:06 - INFO - __main__ - *********Hypothesis*********
07/05/2022 04:04:06 - INFO - __main__ - <mask> is the debut album by the band <mask>.
07/05/2022 04:04:06 - INFO - __main__ - <mask>: the best of <mask>.
07/05/2022 04:04:06 - INFO - __main__ - <mask> is a compilation album by <mask>.
07/05/2022 04:04:06 - INFO - __main__ - <mask>: the story of the beatles' <mask>.
07/05/2022 04:04:06 - INFO - __main__ - <mask> is the debut studio album by the band <mask>.
07/05/2022 04:04:06 - INFO - __main__ - <mask>: the story of the beatles' "<mask>.
07/05/2022 04:04:06 - INFO - __main__ - <mask> was released as a double a-side with the single <mask>.
07/05/2022 04:04:06 - INFO - __main__ - <mask> was released as a double a-side with <mask>.
07/05/2022 04:04:06 - INFO - __main__ - <mask> – a song by <mask>.
07/05/2022 04:04:06 - INFO - __main__ - <mask> is a compilation album by theuck with me, <mask>.
07/05/2022 04:04:06 - INFO - __main__ - ****************************
07/05/2022 04:04:06 - INFO - __main__ - *********References*********
07/05/2022 04:04:06 - INFO - __main__ - ['<mask> is part of <mask>.']
07/05/2022 04:04:06 - INFO - __main__ - ****************************
07/05/2022 04:04:12 - INFO - __main__ - ***********Input************
07/05/2022 04:04:12 - INFO - __main__ - the occupancy of the show surpassed the <mask> films <mask> and freaky ali .
07/05/2022 04:04:12 - INFO - __main__ - *********Hypothesis*********
07/05/2022 04:04:12 - INFO - __main__ - <mask>, i'm sorry, <mask>.
07/05/2022 04:04:12 - INFO - __main__ - <mask> citizens are not allowed to use the term <mask>.
07/05/2022 04:04:12 - INFO - __main__ - <mask> has a long history of using the name <mask>.
07/05/2022 04:04:12 - INFO - __main__ - <mask> citizens, you're a <mask>.
07/05/2022 04:04:12 - INFO - __main__ - <mask> citizenship is granted to any citizen who is native <mask>.
07/05/2022 04:04:12 - INFO - __main__ - <mask> has been a major influence on <mask>.
07/05/2022 04:04:12 - INFO - __main__ - <mask> had previously used the same name for <mask>.
07/05/2022 04:04:12 - INFO - __main__ - <mask> was not interested in the idea of a new <mask>.
07/05/2022 04:04:12 - INFO - __main__ - <mask> has since released a number of sequels to <mask>.
07/05/2022 04:04:12 - INFO - __main__ - <mask> football is a big deal, <mask>.
07/05/2022 04:04:12 - INFO - __main__ - ****************************
07/05/2022 04:04:12 - INFO - __main__ - *********References*********
07/05/2022 04:04:12 - INFO - __main__ - ['the original language of <mask> is <mask>.']
07/05/2022 04:04:12 - INFO - __main__ - ****************************
07/05/2022 04:04:19 - INFO - __main__ - ***********Input************
07/05/2022 04:04:19 - INFO - __main__ - it broadcasts mostly english language news and current affairs and also broadcasts <mask> the daily rté 1 <mask> language news television programme .
07/05/2022 04:04:19 - INFO - __main__ - *********Hypothesis*********
07/05/2022 04:04:19 - INFO - __main__ - <mask> broadcasts the show in <mask>.
07/05/2022 04:04:19 - INFO - __main__ - <mask> is a radio station broadcasting in <mask>.
07/05/2022 04:04:19 - INFO - __main__ - <mask> is a free-to-air channel broadcasting in <mask>.
07/05/2022 04:04:19 - INFO - __main__ - <mask> is the only channel to broadcast in <mask>.
07/05/2022 04:04:19 - INFO - __main__ - <mask>, which broadcasts in <mask>.
07/05/2022 04:04:19 - INFO - __main__ - <mask> broadcasts the entire series in <mask>.
07/05/2022 04:04:19 - INFO - __main__ - <mask> has a news service that broadcasts in <mask>.
07/05/2022 04:04:19 - INFO - __main__ - <mask> is an international radio station broadcasting in <mask>.
07/05/2022 04:04:19 - INFO - __main__ - <mask> is available in both standard and high definition <mask>.
07/05/2022 04:04:19 - INFO - __main__ - <mask>: the official language of the country is <mask>.
07/05/2022 04:04:19 - INFO - __main__ - ****************************
07/05/2022 04:04:19 - INFO - __main__ - *********References*********
07/05/2022 04:04:19 - INFO - __main__ - ['the original language of <mask> is <mask>.']
07/05/2022 04:04:19 - INFO - __main__ - ****************************
07/05/2022 04:04:27 - INFO - __main__ - ***********Input************
07/05/2022 04:04:27 - INFO - __main__ - in 2009 to mark the 125th anniversary of the <mask> he was named by the irish news as one of the all - time best 125 footballers from <mask> .
07/05/2022 04:04:27 - INFO - __main__ - *********Hypothesis*********
07/05/2022 04:04:27 - INFO - __main__ - <mask> is the oldest and largest football club in <mask>.
07/05/2022 04:04:27 - INFO - __main__ - <mask> was founded to promote the sport of <mask>.
07/05/2022 04:04:27 - INFO - __main__ - <mask> is the only national sport in <mask>.
07/05/2022 04:04:27 - INFO - __main__ - <mask> is the only international association for <mask>.
07/05/2022 04:04:27 - INFO - __main__ - <mask> is a national sport in <mask>.
07/05/2022 04:04:27 - INFO - __main__ - <mask>, a football club in <mask>.
07/05/2022 04:04:27 - INFO - __main__ - <mask> is the only international association for the sport in <mask>.
07/05/2022 04:04:27 - INFO - __main__ - <mask> members are eligible to play for any <mask>.
07/05/2022 04:04:27 - INFO - __main__ - <mask> was founded to promote the sport of football in <mask>.
07/05/2022 04:04:27 - INFO - __main__ - <mask> is the most popular sport in <mask>.
07/05/2022 04:04:27 - INFO - __main__ - ****************************
07/05/2022 04:04:27 - INFO - __main__ - *********References*********
07/05/2022 04:04:27 - INFO - __main__ - ['<mask> is a member of <mask>.']
07/05/2022 04:04:27 - INFO - __main__ - ****************************
07/05/2022 04:04:37 - INFO - __main__ - ***********Input************
07/05/2022 04:04:37 - INFO - __main__ - as a sergeant in the australian imperial force , mcgee was awarded the victoria cross for his actions in the <mask> — part of the <mask> — on 4 october 1917 .
07/05/2022 04:04:37 - INFO - __main__ - *********Hypothesis*********
07/05/2022 04:04:37 - INFO - __main__ - <mask> and the <mask>.
07/05/2022 04:04:37 - INFO - __main__ - <mask> was a major battle in the early <mask>.
07/05/2022 04:04:37 - INFO - __main__ - <mask> was a part of the larger <mask>.
07/05/2022 04:04:37 - INFO - __main__ - <mask> was a major center of the russian–<mask>.
07/05/2022 04:04:37 - INFO - __main__ - <mask> was the scene of the first <mask>.
07/05/2022 04:04:37 - INFO - __main__ - <mask>'s independence was threatened by <mask>.
07/05/2022 04:04:37 - INFO - __main__ - <mask> is an important part of the history of <mask>.
07/05/2022 04:04:37 - INFO - __main__ - <mask> remained neutral during the entire <mask>.
07/05/2022 04:04:37 - INFO - __main__ - <mask> was not a part of the new <mask>.
07/05/2022 04:04:37 - INFO - __main__ - <mask> became a part of <mask>.
07/05/2022 04:04:37 - INFO - __main__ - ****************************
07/05/2022 04:04:37 - INFO - __main__ - *********References*********
07/05/2022 04:04:37 - INFO - __main__ - ['<mask> is part of <mask>.']
07/05/2022 04:04:37 - INFO - __main__ - ****************************
07/05/2022 04:04:44 - INFO - __main__ - ***********Input************
07/05/2022 04:04:44 - INFO - __main__ - petrovic made her on – screen debut with a small role in " <mask> " , a 2007 <mask> film directed by milčo mančevski .
07/05/2022 04:04:44 - INFO - __main__ - *********Hypothesis*********
07/05/2022 04:04:44 - INFO - __main__ - <mask> is the only one of the group to be fluent in <mask>.
07/05/2022 04:04:44 - INFO - __main__ - <mask>'s name means "the one who is not afraid" in <mask>.
07/05/2022 04:04:44 - INFO - __main__ - <mask>'s official language is the national language, <mask>.
07/05/2022 04:04:44 - INFO - __main__ - <mask> is the only country in the world where the official language is <mask>.
07/05/2022 04:04:44 - INFO - __main__ - <mask> is the name of a number of people in <mask>.
07/05/2022 04:04:44 - INFO - __main__ - <mask> has a large number of dialects of <mask>.
07/05/2022 04:04:44 - INFO - __main__ - <mask>, however, was not a <mask>.
07/05/2022 04:04:44 - INFO - __main__ - <mask> is the most populous country in the world, and the most spoken language is <mask>.
07/05/2022 04:04:44 - INFO - __main__ - <mask> was a very popular and popular name in <mask>.
07/05/2022 04:04:44 - INFO - __main__ - <mask> has been translated into several languages, including <mask>.
07/05/2022 04:04:44 - INFO - __main__ - ****************************
07/05/2022 04:04:44 - INFO - __main__ - *********References*********
07/05/2022 04:04:44 - INFO - __main__ - ['the original language of <mask> is <mask>.']
07/05/2022 04:04:44 - INFO - __main__ - ****************************
07/05/2022 04:04:51 - INFO - __main__ - ***********Input************
07/05/2022 04:04:51 - INFO - __main__ - the film is a remake of <mask> movie " <mask> " , starring krishnam raju , jayasudha in the lead roles .
07/05/2022 04:04:51 - INFO - __main__ - *********Hypothesis*********
07/05/2022 04:04:51 - INFO - __main__ - <mask> version of the film was titled <mask>.
07/05/2022 04:04:51 - INFO - __main__ - <mask> is the official language of <mask>.
07/05/2022 04:04:51 - INFO - __main__ - <mask> version of the film was titled as <mask>.
07/05/2022 04:04:51 - INFO - __main__ - <mask> film industry is the largest industry in <mask>.
07/05/2022 04:04:51 - INFO - __main__ - <mask> version was titled as <mask>.
07/05/2022 04:04:51 - INFO - __main__ - <mask> version was titled <mask>.
07/05/2022 04:04:51 - INFO - __main__ - <mask> has a similar word, <mask>.
07/05/2022 04:04:51 - INFO - __main__ - <mask> is the official language of the <mask>.
07/05/2022 04:04:51 - INFO - __main__ - <mask> language version of the film was titled as <mask>.
07/05/2022 04:04:51 - INFO - __main__ - <mask> was the language of the people of <mask>.
07/05/2022 04:04:51 - INFO - __main__ - ****************************
07/05/2022 04:04:51 - INFO - __main__ - *********References*********
07/05/2022 04:04:51 - INFO - __main__ - ['the original language of <mask> is <mask>.']
07/05/2022 04:04:51 - INFO - __main__ - ****************************
07/05/2022 04:05:00 - INFO - __main__ - ***********Input************
07/05/2022 04:05:00 - INFO - __main__ - fear and trembling ( original title : <mask> ) is a 2003 <mask> film based on the novel of the same name by amélie nothomb .
07/05/2022 04:05:00 - INFO - __main__ - *********Hypothesis*********
07/05/2022 04:05:00 - INFO - __main__ - <mask> is a novel by <mask>.
07/05/2022 04:05:00 - INFO - __main__ - <mask>: the story of the <mask>.
07/05/2022 04:05:00 - INFO - __main__ - <mask> is the name of a number of books in <mask>.
07/05/2022 04:05:00 - INFO - __main__ - <mask>, translated from <mask>.
07/05/2022 04:05:00 - INFO - __main__ - <mask> is a surname, meaning "fear" in <mask>.
07/05/2022 04:05:00 - INFO - __main__ - <mask> was a great success, and was translated into <mask>.
07/05/2022 04:05:00 - INFO - __main__ - <mask> is a writer and translator of <mask>.
07/05/2022 04:05:00 - INFO - __main__ - <mask> was released in <mask>.
07/05/2022 04:05:00 - INFO - __main__ - <mask> has been translated into <mask>.
07/05/2022 04:05:00 - INFO - __main__ - <mask>, who was a teacher, translated the book into <mask>.
07/05/2022 04:05:00 - INFO - __main__ - ****************************
07/05/2022 04:05:00 - INFO - __main__ - *********References*********
07/05/2022 04:05:00 - INFO - __main__ - ['the original language of <mask> is <mask>.']
07/05/2022 04:05:00 - INFO - __main__ - ****************************
07/05/2022 04:05:08 - INFO - __main__ - ***********Input************
07/05/2022 04:05:08 - INFO - __main__ - <mask> ( born 10 january 1990 ) is a german footballer who plays as a <mask> for spvgg unterhaching .
07/05/2022 04:05:08 - INFO - __main__ - *********Hypothesis*********
07/05/2022 04:05:08 - INFO - __main__ - <mask> is a <mask>.
07/05/2022 04:05:08 - INFO - __main__ - <mask> started his career as a <mask>.
07/05/2022 04:05:08 - INFO - __main__ - <mask>, footballer who plays as a <mask>.
07/05/2022 04:05:08 - INFO - __main__ - <mask> plays as a <mask>.
07/05/2022 04:05:08 - INFO - __main__ - <mask> played as a <mask>.
07/05/2022 04:05:08 - INFO - __main__ - <mask>, who plays as <mask>.
07/05/2022 04:05:08 - INFO - __main__ - <mask> began his career with the club as a <mask>.
07/05/2022 04:05:08 - INFO - __main__ - <mask>, professional footballer <mask>.
07/05/2022 04:05:08 - INFO - __main__ - <mask> is a former <mask>.
07/05/2022 04:05:08 - INFO - __main__ - ****************************
07/05/2022 04:05:08 - INFO - __main__ - *********References*********
07/05/2022 04:05:08 - INFO - __main__ - ['<mask> plays in <mask> position.']
07/05/2022 04:05:08 - INFO - __main__ - ****************************
07/05/2022 04:05:16 - INFO - __main__ - ***********Input************
07/05/2022 04:05:16 - INFO - __main__ - wester ross is well known for its mountain scenery , especially the <mask> which includes such peaks as beinn eighe and <mask> .
07/05/2022 04:05:16 - INFO - __main__ - *********Hypothesis*********
07/05/2022 04:05:16 - INFO - __main__ - <mask> is the son of the late lord <mask>.
07/05/2022 04:05:16 - INFO - __main__ - <mask> is a surname, derived from the gaelic word <mask>.
07/05/2022 04:05:16 - INFO - __main__ - <mask> na nóg is a mountain of the island of <mask>.
07/05/2022 04:05:16 - INFO - __main__ - <mask> is a short form of <mask>.
07/05/2022 04:05:16 - INFO - __main__ - <mask> was the son of john and ann (née mckeown) <mask>.
07/05/2022 04:05:16 - INFO - __main__ - <mask>'s mother was the daughter of john and mary (née mcbride) <mask>.
07/05/2022 04:05:16 - INFO - __main__ - <mask>'s name is derived from the gaelic word <mask>.
07/05/2022 04:05:16 - INFO - __main__ - <mask> lies to the west and north of <mask>.
07/05/2022 04:05:16 - INFO - __main__ - <mask>, an old name for <mask>.
07/05/2022 04:05:16 - INFO - __main__ - <mask> was the son of <mask>.
07/05/2022 04:05:16 - INFO - __main__ - ****************************
07/05/2022 04:05:16 - INFO - __main__ - *********References*********
07/05/2022 04:05:16 - INFO - __main__ - ['<mask> is part of <mask>.']
07/05/2022 04:05:16 - INFO - __main__ - ****************************
07/05/2022 04:05:23 - INFO - __main__ - ***********Input************
07/05/2022 04:05:23 - INFO - __main__ - <mask> ( born 23 august 1994 ) is an afghan international footballer who plays as a <mask> .
07/05/2022 04:05:23 - INFO - __main__ - *********Hypothesis*********
07/05/2022 04:05:23 - INFO - __main__ - <mask>, who was the team's <mask>.
07/05/2022 04:05:23 - INFO - __main__ - <mask> is a <mask>.
07/05/2022 04:05:23 - INFO - __main__ - <mask> was the team's <mask>.
07/05/2022 04:05:23 - INFO - __main__ - <mask>, former chief of defence staff, <mask>.
07/05/2022 04:05:23 - INFO - __main__ - <mask> started his career as a <mask>.
07/05/2022 04:05:23 - INFO - __main__ - <mask> plays as a <mask>.
07/05/2022 04:05:23 - INFO - __main__ - <mask> was appointed as <mask>.
07/05/2022 04:05:23 - INFO - __main__ - <mask> has been a regular contributor to <mask>.
07/05/2022 04:05:23 - INFO - __main__ - <mask> is a former <mask>.
07/05/2022 04:05:23 - INFO - __main__ - <mask> played as a <mask>.
07/05/2022 04:05:23 - INFO - __main__ - ****************************
07/05/2022 04:05:23 - INFO - __main__ - *********References*********
07/05/2022 04:05:23 - INFO - __main__ - ['<mask> plays in <mask> position.']
07/05/2022 04:05:23 - INFO - __main__ - ****************************
07/05/2022 04:05:29 - INFO - __main__ - ***********Input************
07/05/2022 04:05:29 - INFO - __main__ - the company was formed by steve nardelli and <mask> of the psychedelic prog band <mask> .
07/05/2022 04:05:29 - INFO - __main__ - *********Hypothesis*********
07/05/2022 04:05:29 - INFO - __main__ - <mask>, the lead singer of <mask>.
07/05/2022 04:05:29 - INFO - __main__ - <mask> was a member of the band <mask>.
07/05/2022 04:05:29 - INFO - __main__ - <mask> was a member of <mask>.
07/05/2022 04:05:29 - INFO - __main__ - <mask> is a former member of the band <mask>.
07/05/2022 04:05:29 - INFO - __main__ - <mask> was a big fan of <mask>.
07/05/2022 04:05:29 - INFO - __main__ - <mask>, the leader of <mask>.
07/05/2022 04:05:29 - INFO - __main__ - <mask> is a former member of <mask>.
07/05/2022 04:05:29 - INFO - __main__ - <mask>, the lead singer of the <mask>.
07/05/2022 04:05:29 - INFO - __main__ - <mask> was an <mask>.
07/05/2022 04:05:29 - INFO - __main__ - <mask> is a member of <mask>.
07/05/2022 04:05:29 - INFO - __main__ - ****************************
07/05/2022 04:05:29 - INFO - __main__ - *********References*********
07/05/2022 04:05:29 - INFO - __main__ - ['<mask> is a member of <mask>.']
07/05/2022 04:05:29 - INFO - __main__ - ****************************
07/05/2022 04:05:36 - INFO - __main__ - ***********Input************
07/05/2022 04:05:36 - INFO - __main__ - the <mask> ( ) metro station is located on the red line of the <mask> .
07/05/2022 04:05:36 - INFO - __main__ - *********Hypothesis*********
07/05/2022 04:05:36 - INFO - __main__ - <mask> metro station is a station of <mask>.
07/05/2022 04:05:36 - INFO - __main__ - <mask>'s metro system is called <mask>.
07/05/2022 04:05:36 - INFO - __main__ - <mask>'s station is a station of <mask>.
07/05/2022 04:05:36 - INFO - __main__ - <mask> is served by the <mask>.
07/05/2022 04:05:36 - INFO - __main__ - <mask> metro served by the <mask>.
07/05/2022 04:05:36 - INFO - __main__ - <mask> is a station of <mask>.
07/05/2022 04:05:36 - INFO - __main__ - <mask> is served by the line <mask>.
07/05/2022 04:05:36 - INFO - __main__ - <mask> is the main hub of the <mask>.
07/05/2022 04:05:36 - INFO - __main__ - <mask> is a station of the <mask>.
07/05/2022 04:05:36 - INFO - __main__ - <mask> is the main hub of <mask>.
07/05/2022 04:05:36 - INFO - __main__ - ****************************
07/05/2022 04:05:36 - INFO - __main__ - *********References*********
07/05/2022 04:05:36 - INFO - __main__ - ['<mask> is part of <mask>.']
07/05/2022 04:05:36 - INFO - __main__ - ****************************
07/05/2022 04:05:45 - INFO - __main__ - ***********Input************
07/05/2022 04:05:45 - INFO - __main__ - kane 's ultimate version was introduced in " ultimate x - men " # 76 , where he is once again a partner to <mask> , domino and the other <mask> team members .
07/05/2022 04:05:45 - INFO - __main__ - *********Hypothesis*********
07/05/2022 04:05:45 - INFO - __main__ - <mask> had been a member of the original <mask>.
07/05/2022 04:05:45 - INFO - __main__ - <mask> was a member of the elite <mask>.
07/05/2022 04:05:45 - INFO - __main__ - <mask> was the only one who knew about the new <mask>.
07/05/2022 04:05:45 - INFO - __main__ - <mask> and i were the only ones who knew about the new <mask>.
07/05/2022 04:05:45 - INFO - __main__ - <mask>'s voice was a little too loud for <mask>.
07/05/2022 04:05:45 - INFO - __main__ - <mask> is a member of the <mask>.
07/05/2022 04:05:45 - INFO - __main__ - <mask> was a member of the <mask>.
07/05/2022 04:05:45 - INFO - __main__ - <mask> had been a member of the <mask>.
07/05/2022 04:05:45 - INFO - __main__ - <mask>'s voice was a little too <mask>.
07/05/2022 04:05:45 - INFO - __main__ - <mask> is a member of <mask>.
07/05/2022 04:05:45 - INFO - __main__ - ****************************
07/05/2022 04:05:45 - INFO - __main__ - *********References*********
07/05/2022 04:05:45 - INFO - __main__ - ['<mask> is a member of <mask>.']
07/05/2022 04:05:45 - INFO - __main__ - ****************************
07/05/2022 04:05:56 - INFO - __main__ - ***********Input************
07/05/2022 04:05:56 - INFO - __main__ - <mask> ( born 15 december 1990 in plymouth , trinidad and tobago ) , is an international football player from trinidad and tobagosoca warriors who plays as a <mask> for juticalpa .
07/05/2022 04:05:56 - INFO - __main__ - *********Hypothesis*********
07/05/2022 04:05:56 - INFO - __main__ - <mask> is a <mask>.
07/05/2022 04:05:56 - INFO - __main__ - <mask> played as a <mask>.
07/05/2022 04:05:56 - INFO - __main__ - <mask> was a <mask>.
07/05/2022 04:05:56 - INFO - __main__ - ****************************
07/05/2022 04:05:56 - INFO - __main__ - *********References*********
07/05/2022 04:05:56 - INFO - __main__ - ['<mask> plays in <mask> position.']
07/05/2022 04:05:56 - INFO - __main__ - ****************************
07/05/2022 04:06:03 - INFO - __main__ - ***********Input************
07/05/2022 04:06:03 - INFO - __main__ - <mask> ( born 14 september 1995 ) is a scottish professional footballer who plays as a <mask> for kilmarnock , on loan from newcastle united .
07/05/2022 04:06:03 - INFO - __main__ - *********Hypothesis*********
07/05/2022 04:06:03 - INFO - __main__ - <mask> – for services to the community as a <mask>.
07/05/2022 04:06:03 - INFO - __main__ - <mask> is a former professional <mask>.
07/05/2022 04:06:03 - INFO - __main__ - <mask>, professional footballer who plays as a <mask>.
07/05/2022 04:06:03 - INFO - __main__ - <mask> – former professional <mask>.
07/05/2022 04:06:03 - INFO - __main__ - <mask>, footballer who plays as a <mask>.
07/05/2022 04:06:03 - INFO - __main__ - <mask> is a welsh international <mask>.
07/05/2022 04:06:03 - INFO - __main__ - <mask> is a <mask>.
07/05/2022 04:06:03 - INFO - __main__ - <mask> was the club's most successful <mask>.
07/05/2022 04:06:03 - INFO - __main__ - <mask>, professional footballer <mask>.
07/05/2022 04:06:03 - INFO - __main__ - <mask>: former professional <mask>.
07/05/2022 04:06:03 - INFO - __main__ - ****************************
07/05/2022 04:06:03 - INFO - __main__ - *********References*********
07/05/2022 04:06:03 - INFO - __main__ - ['<mask> plays in <mask> position.']
07/05/2022 04:06:03 - INFO - __main__ - ****************************
07/05/2022 04:06:12 - INFO - __main__ - ***********Input************
07/05/2022 04:06:12 - INFO - __main__ - <mask> ( 15 september 1930 – 12 january 2006 ) was a swiss football <mask> who played for switzerland in the 1962 fifa world cup .
07/05/2022 04:06:12 - INFO - __main__ - *********Hypothesis*********
07/05/2022 04:06:12 - INFO - __main__ - <mask> is a <mask>.
07/05/2022 04:06:12 - INFO - __main__ - <mask> is a midfielder <mask>.
07/05/2022 04:06:12 - INFO - __main__ - <mask> started his career as a <mask>.
07/05/2022 04:06:12 - INFO - __main__ - <mask> was a <mask>.
07/05/2022 04:06:12 - INFO - __main__ - <mask> is a versatile <mask>.
07/05/2022 04:06:12 - INFO - __main__ - <mask>, who was a <mask>.
07/05/2022 04:06:12 - INFO - __main__ - <mask> is an attacking <mask>.
07/05/2022 04:06:12 - INFO - __main__ - <mask> is an attacking midfielder <mask>.
07/05/2022 04:06:12 - INFO - __main__ - <mask> was the club's most successful <mask>.
07/05/2022 04:06:12 - INFO - __main__ - <mask> plays as a <mask>.
07/05/2022 04:06:12 - INFO - __main__ - ****************************
07/05/2022 04:06:12 - INFO - __main__ - *********References*********
07/05/2022 04:06:12 - INFO - __main__ - ['<mask> plays in <mask> position.']
07/05/2022 04:06:12 - INFO - __main__ - ****************************
07/05/2022 04:06:18 - INFO - __main__ - ***********Input************
07/05/2022 04:06:18 - INFO - __main__ - he belonged to the <mask> , of <mask> and bernard silvestris .
07/05/2022 04:06:18 - INFO - __main__ - *********Hypothesis*********
07/05/2022 04:06:18 - INFO - __main__ - <mask> is the name of the region of <mask>.
07/05/2022 04:06:18 - INFO - __main__ - <mask> cuisine is the cuisine of <mask>.
07/05/2022 04:06:18 - INFO - __main__ - <mask> was a name for several different regions of <mask>.
07/05/2022 04:06:18 - INFO - __main__ - <mask>-style architecture is a style of architecture that originated in <mask>.
07/05/2022 04:06:18 - INFO - __main__ - <mask> is a family of the genus <mask>.
07/05/2022 04:06:18 - INFO - __main__ - <mask>: the main language spoken in <mask>.
07/05/2022 04:06:18 - INFO - __main__ - <mask>, which is the name of the region of <mask>.
07/05/2022 04:06:18 - INFO - __main__ - <mask>, a subfamily of the genus <mask>.
07/05/2022 04:06:18 - INFO - __main__ - <mask> is the official language of <mask>.
07/05/2022 04:06:18 - INFO - __main__ - <mask> (mollusca) of <mask>.
07/05/2022 04:06:18 - INFO - __main__ - ****************************
07/05/2022 04:06:18 - INFO - __main__ - *********References*********
07/05/2022 04:06:18 - INFO - __main__ - ['<mask> is a member of <mask>.']
07/05/2022 04:06:18 - INFO - __main__ - ****************************
07/05/2022 04:06:19 - INFO - __main__ - Task: fewrel
07/05/2022 04:06:19 - INFO - __main__ - bleu-4: 0.023429533711308525
07/05/2022 04:06:19 - INFO - __main__ - bleu-3: 0.04613775979710249
07/05/2022 04:06:19 - INFO - __main__ - bleu-2: 0.142245513054667
07/05/2022 04:06:19 - INFO - __main__ - bleu-1: 0.3417741780127586
07/05/2022 04:06:19 - INFO - __main__ - METEOR: 0.3159072120736588
07/05/2022 04:06:19 - INFO - __main__ - ROUGE-L: 0.44594384819510796
07/05/2022 04:06:19 - INFO - __main__ - entailment score(mean-mean): 0.2856077227996063
07/05/2022 04:06:19 - INFO - __main__ - entailment score(mean-max): 0.7151812171097844
07/05/2022 04:06:19 - INFO - __main__ - entailment score(mean-min): 0.036705755337243316
07/05/2022 04:06:19 - INFO - __main__ - self-BLEU-2: 0.8919910343093113
07/05/2022 04:06:19 - INFO - __main__ - avg: 0.21923967414076725
07/05/2022 04:06:19 - INFO - __main__ - *******************************************************
07/05/2022 04:06:19 - INFO - __main__ - *******************************************************
07/05/2022 04:06:19 - INFO - __main__ - *******************************************************
