07/12/2022 02:31:34 - INFO - __main__ - **************** MODEL CONFIGURATION ****************
07/12/2022 02:31:34 - INFO - __main__ - bart_training             -->   True
07/12/2022 02:31:34 - INFO - __main__ - device                    -->   0
07/12/2022 02:31:34 - INFO - __main__ - group_beam                -->   True
07/12/2022 02:31:34 - INFO - __main__ - if_then                   -->   False
07/12/2022 02:31:34 - INFO - __main__ - inductor                  -->   rule
07/12/2022 02:31:34 - INFO - __main__ - log_dir                   -->   logs_new/
07/12/2022 02:31:34 - INFO - __main__ - log_name                  -->   fewrel-res+gs+dpp
07/12/2022 02:31:34 - INFO - __main__ - mlm_training              -->   True
07/12/2022 02:31:34 - INFO - __main__ - task                      -->   fewrel
07/12/2022 02:31:34 - INFO - __main__ - **************** MODEL CONFIGURATION ****************
07/12/2022 02:34:44 - INFO - __main__ - ***********Input************
07/12/2022 02:34:44 - INFO - __main__ - his guitar work on the title track is credited as what first drew <mask> to him , who two years later invited allman to join him as part of <mask> .
07/12/2022 02:34:44 - INFO - __main__ - *********Hypothesis*********
07/12/2022 02:34:44 - INFO - __main__ - A is a song by B.
07/12/2022 02:34:44 - INFO - __main__ - A is a member of B.
07/12/2022 02:34:44 - INFO - __main__ - A was a member of the band B.
07/12/2022 02:34:44 - INFO - __main__ - A had been a member of B.
07/12/2022 02:34:44 - INFO - __main__ - A was a member of B.
07/12/2022 02:34:44 - INFO - __main__ - A was the lead singer of B.
07/12/2022 02:34:44 - INFO - __main__ - A was a member of the B.
07/12/2022 02:34:44 - INFO - __main__ - A had been a member of the B.
07/12/2022 02:34:44 - INFO - __main__ - A is a member of the B.
07/12/2022 02:34:44 - INFO - __main__ - A was the only one who knew the name B.
07/12/2022 02:34:44 - INFO - __main__ - ****************************
07/12/2022 02:34:44 - INFO - __main__ - *********References*********
07/12/2022 02:34:44 - INFO - __main__ - ['<mask> is a member of <mask>.']
07/12/2022 02:34:44 - INFO - __main__ - ****************************
07/12/2022 02:35:46 - INFO - __main__ - ***********Input************
07/12/2022 02:35:46 - INFO - __main__ - in the summer of 1944 it opposed the <mask> ’s <mask> during the lvov - sandomir strategic offensive operation ( 13 july - 29 august 1944 ) .
07/12/2022 02:35:46 - INFO - __main__ - *********Hypothesis*********
07/12/2022 02:35:46 - INFO - __main__ - A was the main force of B.
07/12/2022 02:35:46 - INFO - __main__ - A troops were sent to the area to reinforce B.
07/12/2022 02:35:46 - INFO - __main__ - A were not allowed to use the name B.
07/12/2022 02:35:46 - INFO - __main__ - A were the only ones who were not arrested by B.
07/12/2022 02:35:46 - INFO - __main__ - A, which was in charge of B.
07/12/2022 02:35:46 - INFO - __main__ - A, the main enemy of the B.
07/12/2022 02:35:46 - INFO - __main__ - A were forced to retreat to the north, where they were reinforced by B.
07/12/2022 02:35:46 - INFO - __main__ - A were not allowed to leave the city without permission from B.
07/12/2022 02:35:46 - INFO - __main__ - A forces were not able to break through the lines of the advancing B.
07/12/2022 02:35:46 - INFO - __main__ - A troops were sent to the area, and the area was taken by B.
07/12/2022 02:35:46 - INFO - __main__ - ****************************
07/12/2022 02:35:46 - INFO - __main__ - *********References*********
07/12/2022 02:35:46 - INFO - __main__ - ['<mask> is part of <mask>.']
07/12/2022 02:35:46 - INFO - __main__ - ****************************
07/12/2022 02:36:59 - INFO - __main__ - ***********Input************
07/12/2022 02:36:59 - INFO - __main__ - the singles released from " <mask> " were " <mask> " , " stuck with me " , " brain stew / jaded " , and " walking contradiction " .
07/12/2022 02:36:59 - INFO - __main__ - *********Hypothesis*********
07/12/2022 02:36:59 - INFO - __main__ - A is a compilation album by B.
07/12/2022 02:36:59 - INFO - __main__ - A: the best of B.
07/12/2022 02:36:59 - INFO - __main__ - A is the debut album by the band B.
07/12/2022 02:36:59 - INFO - __main__ - A is a compilation album by the band B.
07/12/2022 02:36:59 - INFO - __main__ - A is the debut studio album by the band B.
07/12/2022 02:36:59 - INFO - __main__ - A was followed by B.
07/12/2022 02:36:59 - INFO - __main__ - A is a song by B.
07/12/2022 02:36:59 - INFO - __main__ - A was the only album to feature the song "B.
07/12/2022 02:36:59 - INFO - __main__ - A is a song by the band B.
07/12/2022 02:36:59 - INFO - __main__ - A is the follow-up to B.
07/12/2022 02:36:59 - INFO - __main__ - ****************************
07/12/2022 02:36:59 - INFO - __main__ - *********References*********
07/12/2022 02:36:59 - INFO - __main__ - ['<mask> is part of <mask>.']
07/12/2022 02:36:59 - INFO - __main__ - ****************************
07/12/2022 02:38:02 - INFO - __main__ - ***********Input************
07/12/2022 02:38:02 - INFO - __main__ - the occupancy of the show surpassed the <mask> films <mask> and freaky ali .
07/12/2022 02:38:02 - INFO - __main__ - *********Hypothesis*********
07/12/2022 02:38:02 - INFO - __main__ - A has a long history of using the term B.
07/12/2022 02:38:02 - INFO - __main__ - A is the producer of B.
07/12/2022 02:38:02 - INFO - __main__ - A citizens are not allowed to use the term B.
07/12/2022 02:38:02 - INFO - __main__ - A has been a major influence on B.
07/12/2022 02:38:02 - INFO - __main__ - A has a long history of using the name B.
07/12/2022 02:38:02 - INFO - __main__ - A and the other B.
07/12/2022 02:38:02 - INFO - __main__ - A has been a big influence on me B.
07/12/2022 02:38:02 - INFO - __main__ - A is a big part of B.
07/12/2022 02:38:02 - INFO - __main__ - A has been a major influence on the B.
07/12/2022 02:38:02 - INFO - __main__ - A was not the only one who was interested in B.
07/12/2022 02:38:02 - INFO - __main__ - ****************************
07/12/2022 02:38:02 - INFO - __main__ - *********References*********
07/12/2022 02:38:02 - INFO - __main__ - ['the original language of <mask> is <mask>.']
07/12/2022 02:38:02 - INFO - __main__ - ****************************
07/12/2022 02:38:55 - INFO - __main__ - ***********Input************
07/12/2022 02:38:55 - INFO - __main__ - it broadcasts mostly english language news and current affairs and also broadcasts <mask> the daily rté 1 <mask> language news television programme .
07/12/2022 02:38:55 - INFO - __main__ - *********Hypothesis*********
07/12/2022 02:38:55 - INFO - __main__ - A is a free-to-air television channel broadcasting in B.
07/12/2022 02:38:55 - INFO - __main__ - A is a national radio station broadcasting in B.
07/12/2022 02:38:55 - INFO - __main__ - A is a radio station broadcasting in B.
07/12/2022 02:38:55 - INFO - __main__ - A: the official language of the country is B.
07/12/2022 02:38:55 - INFO - __main__ - A is a non-profit organization that provides free education in B.
07/12/2022 02:38:55 - INFO - __main__ - A was the only one of the major networks to broadcast the show in B.
07/12/2022 02:38:55 - INFO - __main__ - A is a free-to-air radio station broadcasting in B.
07/12/2022 02:38:55 - INFO - __main__ - A has a number of different forms of the word "counsel" in B.
07/12/2022 02:38:55 - INFO - __main__ - A is the most popular language, followed by B.
07/12/2022 02:38:55 - INFO - __main__ - A has been a major influence on the development of B.
07/12/2022 02:38:55 - INFO - __main__ - ****************************
07/12/2022 02:38:55 - INFO - __main__ - *********References*********
07/12/2022 02:38:55 - INFO - __main__ - ['the original language of <mask> is <mask>.']
07/12/2022 02:38:55 - INFO - __main__ - ****************************
07/12/2022 02:40:06 - INFO - __main__ - **************** MODEL CONFIGURATION ****************
07/12/2022 02:40:06 - INFO - __main__ - bart_training             -->   True
07/12/2022 02:40:06 - INFO - __main__ - device                    -->   0
07/12/2022 02:40:06 - INFO - __main__ - group_beam                -->   True
07/12/2022 02:40:06 - INFO - __main__ - if_then                   -->   False
07/12/2022 02:40:06 - INFO - __main__ - inductor                  -->   rule
07/12/2022 02:40:06 - INFO - __main__ - log_dir                   -->   logs_new/
07/12/2022 02:40:06 - INFO - __main__ - log_name                  -->   fewrel-res+gs+dpp
07/12/2022 02:40:06 - INFO - __main__ - mlm_training              -->   True
07/12/2022 02:40:06 - INFO - __main__ - task                      -->   fewrel
07/12/2022 02:40:06 - INFO - __main__ - **************** MODEL CONFIGURATION ****************
07/12/2022 02:43:30 - INFO - __main__ - ***********Input************
07/12/2022 02:43:30 - INFO - __main__ - his guitar work on the title track is credited as what first drew <mask> to him , who two years later invited allman to join him as part of <mask> .
07/12/2022 02:43:30 - INFO - __main__ - *********Hypothesis*********
07/12/2022 02:43:30 - INFO - __main__ - <mask> is a song by <mask>.
07/12/2022 02:43:30 - INFO - __main__ - <mask> is a member of <mask>.
07/12/2022 02:43:30 - INFO - __main__ - <mask> was a member of the band <mask>.
07/12/2022 02:43:30 - INFO - __main__ - <mask> had been a member of <mask>.
07/12/2022 02:43:30 - INFO - __main__ - <mask> was a member of <mask>.
07/12/2022 02:43:30 - INFO - __main__ - <mask> was the lead singer of <mask>.
07/12/2022 02:43:30 - INFO - __main__ - <mask> was a member of the <mask>.
07/12/2022 02:43:30 - INFO - __main__ - <mask> had been a member of the <mask>.
07/12/2022 02:43:30 - INFO - __main__ - <mask> is a member of the <mask>.
07/12/2022 02:43:30 - INFO - __main__ - <mask> was the only one who knew the name <mask>.
07/12/2022 02:43:30 - INFO - __main__ - ****************************
07/12/2022 02:43:30 - INFO - __main__ - *********References*********
07/12/2022 02:43:30 - INFO - __main__ - ['<mask> is a member of <mask>.']
07/12/2022 02:43:30 - INFO - __main__ - ****************************
07/12/2022 02:44:33 - INFO - __main__ - ***********Input************
07/12/2022 02:44:33 - INFO - __main__ - in the summer of 1944 it opposed the <mask> ’s <mask> during the lvov - sandomir strategic offensive operation ( 13 july - 29 august 1944 ) .
07/12/2022 02:44:33 - INFO - __main__ - *********Hypothesis*********
07/12/2022 02:44:33 - INFO - __main__ - <mask> was the main force of <mask>.
07/12/2022 02:44:33 - INFO - __main__ - <mask> troops were sent to the area to reinforce <mask>.
07/12/2022 02:44:33 - INFO - __main__ - <mask> were not allowed to use the name <mask>.
07/12/2022 02:44:33 - INFO - __main__ - <mask> were the only ones who were not arrested by <mask>.
07/12/2022 02:44:33 - INFO - __main__ - <mask>, which was in charge of <mask>.
07/12/2022 02:44:33 - INFO - __main__ - <mask>, the main enemy of the <mask>.
07/12/2022 02:44:33 - INFO - __main__ - <mask> were forced to retreat to the north, where they were reinforced by <mask>.
07/12/2022 02:44:33 - INFO - __main__ - <mask> were not allowed to leave the city without permission from <mask>.
07/12/2022 02:44:33 - INFO - __main__ - <mask> forces were not able to break through the lines of the advancing <mask>.
07/12/2022 02:44:33 - INFO - __main__ - <mask> troops were sent to the area, and the area was taken by <mask>.
07/12/2022 02:44:33 - INFO - __main__ - ****************************
07/12/2022 02:44:33 - INFO - __main__ - *********References*********
07/12/2022 02:44:33 - INFO - __main__ - ['<mask> is part of <mask>.']
07/12/2022 02:44:33 - INFO - __main__ - ****************************
07/12/2022 02:45:43 - INFO - __main__ - ***********Input************
07/12/2022 02:45:43 - INFO - __main__ - the singles released from " <mask> " were " <mask> " , " stuck with me " , " brain stew / jaded " , and " walking contradiction " .
07/12/2022 02:45:43 - INFO - __main__ - *********Hypothesis*********
07/12/2022 02:45:43 - INFO - __main__ - <mask> is a compilation album by <mask>.
07/12/2022 02:45:43 - INFO - __main__ - <mask>: the best of <mask>.
07/12/2022 02:45:43 - INFO - __main__ - <mask> is the debut album by the band <mask>.
07/12/2022 02:45:43 - INFO - __main__ - <mask> is a compilation album by the band <mask>.
07/12/2022 02:45:43 - INFO - __main__ - <mask> is the debut studio album by the band <mask>.
07/12/2022 02:45:43 - INFO - __main__ - <mask> was followed by <mask>.
07/12/2022 02:45:43 - INFO - __main__ - <mask> is a song by <mask>.
07/12/2022 02:45:43 - INFO - __main__ - <mask> was the only album to feature the song "<mask>.
07/12/2022 02:45:43 - INFO - __main__ - <mask> is a song by the band <mask>.
07/12/2022 02:45:43 - INFO - __main__ - <mask> is the follow-up to <mask>.
07/12/2022 02:45:43 - INFO - __main__ - ****************************
07/12/2022 02:45:43 - INFO - __main__ - *********References*********
07/12/2022 02:45:43 - INFO - __main__ - ['<mask> is part of <mask>.']
07/12/2022 02:45:43 - INFO - __main__ - ****************************
07/12/2022 02:46:47 - INFO - __main__ - ***********Input************
07/12/2022 02:46:47 - INFO - __main__ - the occupancy of the show surpassed the <mask> films <mask> and freaky ali .
07/12/2022 02:46:47 - INFO - __main__ - *********Hypothesis*********
07/12/2022 02:46:47 - INFO - __main__ - <mask> has a long history of using the term <mask>.
07/12/2022 02:46:47 - INFO - __main__ - <mask> is the producer of <mask>.
07/12/2022 02:46:47 - INFO - __main__ - <mask> citizens are not allowed to use the term <mask>.
07/12/2022 02:46:47 - INFO - __main__ - <mask> has been a major influence on <mask>.
07/12/2022 02:46:47 - INFO - __main__ - <mask> has a long history of using the name <mask>.
07/12/2022 02:46:47 - INFO - __main__ - <mask> and the other <mask>.
07/12/2022 02:46:47 - INFO - __main__ - <mask> has been a big influence on me <mask>.
07/12/2022 02:46:47 - INFO - __main__ - <mask> is a big part of <mask>.
07/12/2022 02:46:47 - INFO - __main__ - <mask> has been a major influence on the <mask>.
07/12/2022 02:46:47 - INFO - __main__ - <mask> was not the only one who was interested in <mask>.
07/12/2022 02:46:47 - INFO - __main__ - ****************************
07/12/2022 02:46:47 - INFO - __main__ - *********References*********
07/12/2022 02:46:47 - INFO - __main__ - ['the original language of <mask> is <mask>.']
07/12/2022 02:46:47 - INFO - __main__ - ****************************
07/12/2022 02:47:44 - INFO - __main__ - ***********Input************
07/12/2022 02:47:44 - INFO - __main__ - it broadcasts mostly english language news and current affairs and also broadcasts <mask> the daily rté 1 <mask> language news television programme .
07/12/2022 02:47:44 - INFO - __main__ - *********Hypothesis*********
07/12/2022 02:47:44 - INFO - __main__ - <mask> is a free-to-air television channel broadcasting in <mask>.
07/12/2022 02:47:44 - INFO - __main__ - <mask> is a national radio station broadcasting in <mask>.
07/12/2022 02:47:44 - INFO - __main__ - <mask> is a radio station broadcasting in <mask>.
07/12/2022 02:47:44 - INFO - __main__ - <mask>: the official language of the country is <mask>.
07/12/2022 02:47:44 - INFO - __main__ - <mask> is a non-profit organization that provides free education in <mask>.
07/12/2022 02:47:44 - INFO - __main__ - <mask> was the only one of the major networks to broadcast the show in <mask>.
07/12/2022 02:47:44 - INFO - __main__ - <mask> is a free-to-air radio station broadcasting in <mask>.
07/12/2022 02:47:44 - INFO - __main__ - <mask> has a number of different forms of the word "counsel" in <mask>.
07/12/2022 02:47:44 - INFO - __main__ - <mask> is the most popular language, followed by <mask>.
07/12/2022 02:47:44 - INFO - __main__ - <mask> has been a major influence on the development of <mask>.
07/12/2022 02:47:44 - INFO - __main__ - ****************************
07/12/2022 02:47:44 - INFO - __main__ - *********References*********
07/12/2022 02:47:44 - INFO - __main__ - ['the original language of <mask> is <mask>.']
07/12/2022 02:47:44 - INFO - __main__ - ****************************
07/12/2022 02:48:46 - INFO - __main__ - ***********Input************
07/12/2022 02:48:46 - INFO - __main__ - in 2009 to mark the 125th anniversary of the <mask> he was named by the irish news as one of the all - time best 125 footballers from <mask> .
07/12/2022 02:48:46 - INFO - __main__ - *********Hypothesis*********
07/12/2022 02:48:46 - INFO - __main__ - <mask> is the only national football association in <mask>.
07/12/2022 02:48:46 - INFO - __main__ - <mask> is the most popular sport in <mask>.
07/12/2022 02:48:46 - INFO - __main__ - <mask> is the largest and oldest football club in <mask>.
07/12/2022 02:48:46 - INFO - __main__ - <mask> has been a major influence on the development of <mask>.
07/12/2022 02:48:46 - INFO - __main__ - <mask> is a non-profit organisation that promotes the sport of <mask>.
07/12/2022 02:48:46 - INFO - __main__ - <mask> is a very popular sport in <mask>.
07/12/2022 02:48:46 - INFO - __main__ - <mask> is the name of a number of different football clubs in <mask>.
07/12/2022 02:48:46 - INFO - __main__ - <mask> was founded to promote the sport of football in <mask>.
07/12/2022 02:48:46 - INFO - __main__ - <mask> is a major part of the culture of <mask>.
07/12/2022 02:48:46 - INFO - __main__ - <mask> is the governing body for the sport of rugby union in <mask>.
07/12/2022 02:48:46 - INFO - __main__ - ****************************
07/12/2022 02:48:46 - INFO - __main__ - *********References*********
07/12/2022 02:48:46 - INFO - __main__ - ['<mask> is a member of <mask>.']
07/12/2022 02:48:46 - INFO - __main__ - ****************************
07/12/2022 02:49:57 - INFO - __main__ - ***********Input************
07/12/2022 02:49:57 - INFO - __main__ - as a sergeant in the australian imperial force , mcgee was awarded the victoria cross for his actions in the <mask> — part of the <mask> — on 4 october 1917 .
07/12/2022 02:49:57 - INFO - __main__ - *********Hypothesis*********
07/12/2022 02:49:57 - INFO - __main__ - <mask> and the <mask>.
07/12/2022 02:49:57 - INFO - __main__ - <mask> was a major center of the early <mask>.
07/12/2022 02:49:57 - INFO - __main__ - <mask> was a major battle of the early <mask>.
07/12/2022 02:49:57 - INFO - __main__ - <mask> was a major contributor to the development of the modern <mask>.
07/12/2022 02:49:57 - INFO - __main__ - <mask> was a major part of the <mask>.
07/12/2022 02:49:57 - INFO - __main__ - <mask> was a major naval base in the early <mask>.
07/12/2022 02:49:57 - INFO - __main__ - <mask> is an important part of the history of <mask>.
07/12/2022 02:49:57 - INFO - __main__ - <mask> was a part of the <mask>.
07/12/2022 02:49:57 - INFO - __main__ - <mask> had been a key part of the successful <mask>.
07/12/2022 02:49:57 - INFO - __main__ - <mask>, which was a part of the <mask>.
07/12/2022 02:49:57 - INFO - __main__ - ****************************
07/12/2022 02:49:57 - INFO - __main__ - *********References*********
07/12/2022 02:49:57 - INFO - __main__ - ['<mask> is part of <mask>.']
07/12/2022 02:49:57 - INFO - __main__ - ****************************
07/12/2022 02:51:03 - INFO - __main__ - ***********Input************
07/12/2022 02:51:03 - INFO - __main__ - petrovic made her on – screen debut with a small role in " <mask> " , a 2007 <mask> film directed by milčo mančevski .
07/12/2022 02:51:03 - INFO - __main__ - *********Hypothesis*********
07/12/2022 02:51:03 - INFO - __main__ - <mask> is a name derived from <mask>.
07/12/2022 02:51:03 - INFO - __main__ - <mask> is the name of a village in <mask>.
07/12/2022 02:51:03 - INFO - __main__ - <mask> is a common name for the species in <mask>.
07/12/2022 02:51:03 - INFO - __main__ - <mask> means "the place of the sun" in <mask>.
07/12/2022 02:51:03 - INFO - __main__ - <mask>, however, was not a <mask>.
07/12/2022 02:51:03 - INFO - __main__ - <mask>'s name means "the one who is the most beautiful" in <mask>.
07/12/2022 02:51:03 - INFO - __main__ - <mask> is the name of a number of places in <mask>.
07/12/2022 02:51:03 - INFO - __main__ - <mask> has been translated into several languages, including <mask>.
07/12/2022 02:51:03 - INFO - __main__ - <mask>'s name means "the one who is not afraid" in <mask>.
07/12/2022 02:51:03 - INFO - __main__ - <mask> is a masculine given name, which means "son" in <mask>.
07/12/2022 02:51:03 - INFO - __main__ - ****************************
07/12/2022 02:51:03 - INFO - __main__ - *********References*********
07/12/2022 02:51:03 - INFO - __main__ - ['the original language of <mask> is <mask>.']
07/12/2022 02:51:03 - INFO - __main__ - ****************************
07/12/2022 02:52:08 - INFO - __main__ - ***********Input************
07/12/2022 02:52:08 - INFO - __main__ - the film is a remake of <mask> movie " <mask> " , starring krishnam raju , jayasudha in the lead roles .
07/12/2022 02:52:08 - INFO - __main__ - *********Hypothesis*********
07/12/2022 02:52:08 - INFO - __main__ - <mask> is the official language of <mask>.
07/12/2022 02:52:08 - INFO - __main__ - <mask> version of the film was titled <mask>.
07/12/2022 02:52:08 - INFO - __main__ - <mask> film industry is the largest industry in <mask>.
07/12/2022 02:52:08 - INFO - __main__ - <mask> is the native language of <mask>.
07/12/2022 02:52:08 - INFO - __main__ - <mask> version of the film was titled as <mask>.
07/12/2022 02:52:08 - INFO - __main__ - <mask> was the language of the people of <mask>.
07/12/2022 02:52:08 - INFO - __main__ - <mask> film was directed by <mask>.
07/12/2022 02:52:08 - INFO - __main__ - <mask> film is named after <mask>.
07/12/2022 02:52:08 - INFO - __main__ - <mask> language version of the film was titled <mask>.
07/12/2022 02:52:08 - INFO - __main__ - <mask> film industry has a long tradition of producing <mask>.
07/12/2022 02:52:08 - INFO - __main__ - ****************************
07/12/2022 02:52:08 - INFO - __main__ - *********References*********
07/12/2022 02:52:08 - INFO - __main__ - ['the original language of <mask> is <mask>.']
07/12/2022 02:52:08 - INFO - __main__ - ****************************
07/12/2022 02:53:11 - INFO - __main__ - ***********Input************
07/12/2022 02:53:11 - INFO - __main__ - fear and trembling ( original title : <mask> ) is a 2003 <mask> film based on the novel of the same name by amélie nothomb .
07/12/2022 02:53:11 - INFO - __main__ - *********Hypothesis*********
07/12/2022 02:53:11 - INFO - __main__ - <mask> is a <mask>.
07/12/2022 02:53:11 - INFO - __main__ - <mask> is a novel by <mask>.
07/12/2022 02:53:11 - INFO - __main__ - <mask> is a surname of <mask>.
07/12/2022 02:53:11 - INFO - __main__ - <mask> is a play in <mask>.
07/12/2022 02:53:11 - INFO - __main__ - <mask> is a name derived from <mask>.
07/12/2022 02:53:11 - INFO - __main__ - <mask> is a novel by the <mask>.
07/12/2022 02:53:11 - INFO - __main__ - <mask> was the only one of the group to speak <mask>.
07/12/2022 02:53:11 - INFO - __main__ - <mask>, however, was not <mask>.
07/12/2022 02:53:11 - INFO - __main__ - <mask>, the name of the school in <mask>.
07/12/2022 02:53:11 - INFO - __main__ - <mask> was an important influence on the development of <mask>.
07/12/2022 02:53:11 - INFO - __main__ - ****************************
07/12/2022 02:53:11 - INFO - __main__ - *********References*********
07/12/2022 02:53:11 - INFO - __main__ - ['the original language of <mask> is <mask>.']
07/12/2022 02:53:11 - INFO - __main__ - ****************************
07/12/2022 02:54:23 - INFO - __main__ - ***********Input************
07/12/2022 02:54:23 - INFO - __main__ - <mask> ( born 10 january 1990 ) is a german footballer who plays as a <mask> for spvgg unterhaching .
07/12/2022 02:54:23 - INFO - __main__ - *********Hypothesis*********
07/12/2022 02:54:23 - INFO - __main__ - <mask> is a <mask>.
07/12/2022 02:54:23 - INFO - __main__ - <mask> is a midfielder <mask>.
07/12/2022 02:54:23 - INFO - __main__ - <mask> is a former <mask>.
07/12/2022 02:54:23 - INFO - __main__ - <mask> was the team's <mask>.
07/12/2022 02:54:23 - INFO - __main__ - <mask> played as a <mask>.
07/12/2022 02:54:23 - INFO - __main__ - <mask> was the club's <mask>.
07/12/2022 02:54:23 - INFO - __main__ - <mask> was a <mask>.
07/12/2022 02:54:23 - INFO - __main__ - <mask>, who plays as <mask>.
07/12/2022 02:54:23 - INFO - __main__ - <mask>: he is a <mask>.
07/12/2022 02:54:23 - INFO - __main__ - <mask>, who was a <mask>.
07/12/2022 02:54:23 - INFO - __main__ - ****************************
07/12/2022 02:54:23 - INFO - __main__ - *********References*********
07/12/2022 02:54:23 - INFO - __main__ - ['<mask> plays in <mask> position.']
07/12/2022 02:54:23 - INFO - __main__ - ****************************
07/12/2022 02:55:44 - INFO - __main__ - ***********Input************
07/12/2022 02:55:44 - INFO - __main__ - wester ross is well known for its mountain scenery , especially the <mask> which includes such peaks as beinn eighe and <mask> .
07/12/2022 02:55:44 - INFO - __main__ - *********Hypothesis*********
07/12/2022 02:55:44 - INFO - __main__ - <mask> lies to the north of <mask>.
07/12/2022 02:55:44 - INFO - __main__ - <mask> lies to the north and west of <mask>.
07/12/2022 02:55:44 - INFO - __main__ - <mask> is a short form of <mask>.
07/12/2022 02:55:44 - INFO - __main__ - <mask> is the highest point of <mask>.
07/12/2022 02:55:44 - INFO - __main__ - <mask> lies to the north and east of <mask>.
07/12/2022 02:55:44 - INFO - __main__ - <mask> has been identified as a possible source of the name <mask>.
07/12/2022 02:55:44 - INFO - __main__ - <mask> is located on the western side of <mask>.
07/12/2022 02:55:44 - INFO - __main__ - <mask> is a small island in the middle of the lake <mask>.
07/12/2022 02:55:44 - INFO - __main__ - <mask> is the northernmost point of <mask>.
07/12/2022 02:55:44 - INFO - __main__ - <mask> was born in the village of <mask>.
07/12/2022 02:55:44 - INFO - __main__ - ****************************
07/12/2022 02:55:44 - INFO - __main__ - *********References*********
07/12/2022 02:55:44 - INFO - __main__ - ['<mask> is part of <mask>.']
07/12/2022 02:55:44 - INFO - __main__ - ****************************
07/12/2022 02:56:53 - INFO - __main__ - ***********Input************
07/12/2022 02:56:53 - INFO - __main__ - <mask> ( born 23 august 1994 ) is an afghan international footballer who plays as a <mask> .
07/12/2022 02:56:53 - INFO - __main__ - *********Hypothesis*********
07/12/2022 02:56:53 - INFO - __main__ - <mask> is a <mask>.
07/12/2022 02:56:53 - INFO - __main__ - <mask> started his career as a <mask>.
07/12/2022 02:56:53 - INFO - __main__ - <mask> is a midfielder <mask>.
07/12/2022 02:56:53 - INFO - __main__ - <mask> was a <mask>.
07/12/2022 02:56:53 - INFO - __main__ - <mask> was the club's <mask>.
07/12/2022 02:56:53 - INFO - __main__ - <mask> is the current <mask>.
07/12/2022 02:56:53 - INFO - __main__ - <mask>, who was a <mask>.
07/12/2022 02:56:53 - INFO - __main__ - <mask> was the team's <mask>.
07/12/2022 02:56:53 - INFO - __main__ - <mask>, who plays as a <mask>.
07/12/2022 02:56:53 - INFO - __main__ - <mask> was a right-handed <mask>.
07/12/2022 02:56:53 - INFO - __main__ - ****************************
07/12/2022 02:56:53 - INFO - __main__ - *********References*********
07/12/2022 02:56:53 - INFO - __main__ - ['<mask> plays in <mask> position.']
07/12/2022 02:56:53 - INFO - __main__ - ****************************
07/12/2022 02:57:55 - INFO - __main__ - ***********Input************
07/12/2022 02:57:55 - INFO - __main__ - the company was formed by steve nardelli and <mask> of the psychedelic prog band <mask> .
07/12/2022 02:57:55 - INFO - __main__ - *********Hypothesis*********
07/12/2022 02:57:55 - INFO - __main__ - <mask> was a member of the band <mask>.
07/12/2022 02:57:55 - INFO - __main__ - <mask> was a big fan of <mask>.
07/12/2022 02:57:55 - INFO - __main__ - <mask> is a former member of the band <mask>.
07/12/2022 02:57:55 - INFO - __main__ - <mask> was a member of <mask>.
07/12/2022 02:57:55 - INFO - __main__ - <mask> was a member of the <mask>.
07/12/2022 02:57:55 - INFO - __main__ - <mask> had been a big fan of <mask>.
07/12/2022 02:57:55 - INFO - __main__ - <mask> was a <mask>.
07/12/2022 02:57:55 - INFO - __main__ - <mask>, the lead singer of the <mask>.
07/12/2022 02:57:55 - INFO - __main__ - <mask>, the leader of the <mask>.
07/12/2022 02:57:55 - INFO - __main__ - <mask>, the leader of <mask>.
07/12/2022 02:57:55 - INFO - __main__ - ****************************
07/12/2022 02:57:55 - INFO - __main__ - *********References*********
07/12/2022 02:57:55 - INFO - __main__ - ['<mask> is a member of <mask>.']
07/12/2022 02:57:55 - INFO - __main__ - ****************************
07/12/2022 02:58:59 - INFO - __main__ - ***********Input************
07/12/2022 02:58:59 - INFO - __main__ - the <mask> ( ) metro station is located on the red line of the <mask> .
07/12/2022 02:58:59 - INFO - __main__ - *********Hypothesis*********
07/12/2022 02:58:59 - INFO - __main__ - <mask> is a station on the <mask>.
07/12/2022 02:58:59 - INFO - __main__ - <mask> is a station of <mask>.
07/12/2022 02:58:59 - INFO - __main__ - <mask> is served by the <mask>.
07/12/2022 02:58:59 - INFO - __main__ - <mask> is a station on <mask>.
07/12/2022 02:58:59 - INFO - __main__ - <mask> is a station on the line <mask>.
07/12/2022 02:58:59 - INFO - __main__ - <mask> metro station is a station of <mask>.
07/12/2022 02:58:59 - INFO - __main__ - <mask> station is a station of the <mask>.
07/12/2022 02:58:59 - INFO - __main__ - <mask> is a station on the line of <mask>.
07/12/2022 02:58:59 - INFO - __main__ - <mask> is a station of the <mask>.
07/12/2022 02:58:59 - INFO - __main__ - <mask> station is a station on the <mask>.
07/12/2022 02:58:59 - INFO - __main__ - ****************************
07/12/2022 02:58:59 - INFO - __main__ - *********References*********
07/12/2022 02:58:59 - INFO - __main__ - ['<mask> is part of <mask>.']
07/12/2022 02:58:59 - INFO - __main__ - ****************************
07/12/2022 03:00:01 - INFO - __main__ - ***********Input************
07/12/2022 03:00:01 - INFO - __main__ - kane 's ultimate version was introduced in " ultimate x - men " # 76 , where he is once again a partner to <mask> , domino and the other <mask> team members .
07/12/2022 03:00:01 - INFO - __main__ - *********Hypothesis*********
07/12/2022 03:00:01 - INFO - __main__ - <mask> had been a member of the original <mask>.
07/12/2022 03:00:01 - INFO - __main__ - <mask> was a member of the elite <mask>.
07/12/2022 03:00:01 - INFO - __main__ - <mask> was a member of the original <mask>.
07/12/2022 03:00:01 - INFO - __main__ - <mask>'s eyes widened as he saw the other <mask>.
07/12/2022 03:00:01 - INFO - __main__ - <mask> was the only one who knew about the new <mask>.
07/12/2022 03:00:01 - INFO - __main__ - <mask>'s eyes were wide, and he looked at <mask>.
07/12/2022 03:00:01 - INFO - __main__ - <mask> and i were the only ones who knew about the new <mask>.
07/12/2022 03:00:01 - INFO - __main__ - <mask>, you're not going to be able to stop <mask>.
07/12/2022 03:00:01 - INFO - __main__ - <mask> wasn't sure what to make of <mask>.
07/12/2022 03:00:01 - INFO - __main__ - <mask>, he said, and then he turned to <mask>.
07/12/2022 03:00:01 - INFO - __main__ - ****************************
07/12/2022 03:00:01 - INFO - __main__ - *********References*********
07/12/2022 03:00:01 - INFO - __main__ - ['<mask> is a member of <mask>.']
07/12/2022 03:00:01 - INFO - __main__ - ****************************
07/12/2022 03:01:13 - INFO - __main__ - ***********Input************
07/12/2022 03:01:13 - INFO - __main__ - <mask> ( born 15 december 1990 in plymouth , trinidad and tobago ) , is an international football player from trinidad and tobagosoca warriors who plays as a <mask> for juticalpa .
07/12/2022 03:01:13 - INFO - __main__ - *********Hypothesis*********
07/12/2022 03:01:13 - INFO - __main__ - <mask> is a <mask>.
07/12/2022 03:01:13 - INFO - __main__ - <mask> is a midfielder <mask>.
07/12/2022 03:01:13 - INFO - __main__ - <mask> was the team's <mask>.
07/12/2022 03:01:13 - INFO - __main__ - <mask> was named <mask>.
07/12/2022 03:01:13 - INFO - __main__ - <mask> – forward, <mask>.
07/12/2022 03:01:13 - INFO - __main__ - <mask> is a midfielder who plays as a <mask>.
07/12/2022 03:01:13 - INFO - __main__ - <mask> was named as <mask>.
07/12/2022 03:01:13 - INFO - __main__ - <mask> was the team's top <mask>.
07/12/2022 03:01:13 - INFO - __main__ - <mask>: formerly a <mask>.
07/12/2022 03:01:13 - INFO - __main__ - <mask> was a <mask>.
07/12/2022 03:01:13 - INFO - __main__ - ****************************
07/12/2022 03:01:13 - INFO - __main__ - *********References*********
07/12/2022 03:01:13 - INFO - __main__ - ['<mask> plays in <mask> position.']
07/12/2022 03:01:13 - INFO - __main__ - ****************************
07/12/2022 03:02:05 - INFO - __main__ - ***********Input************
07/12/2022 03:02:05 - INFO - __main__ - <mask> ( born 14 september 1995 ) is a scottish professional footballer who plays as a <mask> for kilmarnock , on loan from newcastle united .
07/12/2022 03:02:05 - INFO - __main__ - *********Hypothesis*********
07/12/2022 03:02:05 - INFO - __main__ - <mask> is a former professional <mask>.
07/12/2022 03:02:05 - INFO - __main__ - <mask>, footballer who plays as a <mask>.
07/12/2022 03:02:05 - INFO - __main__ - <mask> was the club's most successful <mask>.
07/12/2022 03:02:05 - INFO - __main__ - <mask> is a former <mask>.
07/12/2022 03:02:05 - INFO - __main__ - <mask> – for services to the community and to <mask>.
07/12/2022 03:02:05 - INFO - __main__ - <mask> was named as the tournament's <mask>.
07/12/2022 03:02:05 - INFO - __main__ - <mask> was named as the new <mask>.
07/12/2022 03:02:05 - INFO - __main__ - <mask> is a <mask>.
07/12/2022 03:02:05 - INFO - __main__ - <mask> was a right-handed <mask>.
07/12/2022 03:02:05 - INFO - __main__ - <mask> is a former professional footballer who played as a <mask>.
07/12/2022 03:02:05 - INFO - __main__ - ****************************
07/12/2022 03:02:05 - INFO - __main__ - *********References*********
07/12/2022 03:02:05 - INFO - __main__ - ['<mask> plays in <mask> position.']
07/12/2022 03:02:05 - INFO - __main__ - ****************************
07/12/2022 03:03:10 - INFO - __main__ - ***********Input************
07/12/2022 03:03:10 - INFO - __main__ - <mask> ( 15 september 1930 – 12 january 2006 ) was a swiss football <mask> who played for switzerland in the 1962 fifa world cup .
07/12/2022 03:03:10 - INFO - __main__ - *********Hypothesis*********
07/12/2022 03:03:10 - INFO - __main__ - <mask> is a <mask>.
07/12/2022 03:03:10 - INFO - __main__ - <mask> was a <mask>.
07/12/2022 03:03:10 - INFO - __main__ - <mask> was a midfielder <mask>.
07/12/2022 03:03:10 - INFO - __main__ - <mask> is a former <mask>.
07/12/2022 03:03:10 - INFO - __main__ - <mask> was the team's most <mask>.
07/12/2022 03:03:10 - INFO - __main__ - <mask> was the club's <mask>.
07/12/2022 03:03:10 - INFO - __main__ - <mask>, who was a <mask>.
07/12/2022 03:03:10 - INFO - __main__ - <mask> was the most successful <mask>.
07/12/2022 03:03:10 - INFO - __main__ - <mask> started his career as a <mask>.
07/12/2022 03:03:10 - INFO - __main__ - <mask> was the team's <mask>.
07/12/2022 03:03:10 - INFO - __main__ - ****************************
07/12/2022 03:03:10 - INFO - __main__ - *********References*********
07/12/2022 03:03:10 - INFO - __main__ - ['<mask> plays in <mask> position.']
07/12/2022 03:03:10 - INFO - __main__ - ****************************
07/12/2022 03:04:16 - INFO - __main__ - ***********Input************
07/12/2022 03:04:16 - INFO - __main__ - he belonged to the <mask> , of <mask> and bernard silvestris .
07/12/2022 03:04:16 - INFO - __main__ - *********Hypothesis*********
07/12/2022 03:04:16 - INFO - __main__ - <mask>, including the genus <mask>.
07/12/2022 03:04:16 - INFO - __main__ - <mask> is a genus of moths in the family <mask>.
07/12/2022 03:04:16 - INFO - __main__ - <mask> and some other insects are parasitoids of <mask>.
07/12/2022 03:04:16 - INFO - __main__ - <mask> is a family of <mask>.
07/12/2022 03:04:16 - INFO - __main__ - <mask> is a genus of <mask>.
07/12/2022 03:04:16 - INFO - __main__ - <mask> are the most important food plants for <mask>.
07/12/2022 03:04:16 - INFO - __main__ - <mask> of the world: <mask>.
07/12/2022 03:04:16 - INFO - __main__ - <mask> is a genus of moths in <mask>.
07/12/2022 03:04:16 - INFO - __main__ - <mask> is a monotypic genus of <mask>.
07/12/2022 03:04:16 - INFO - __main__ - <mask> is a family of plants in the genus <mask>.
07/12/2022 03:04:16 - INFO - __main__ - ****************************
07/12/2022 03:04:16 - INFO - __main__ - *********References*********
07/12/2022 03:04:16 - INFO - __main__ - ['<mask> is a member of <mask>.']
07/12/2022 03:04:16 - INFO - __main__ - ****************************
07/12/2022 03:04:17 - INFO - __main__ - Task: fewrel
07/12/2022 03:04:17 - INFO - __main__ - bleu-4: 0.015763748439646477
07/12/2022 03:04:17 - INFO - __main__ - bleu-3: 0.048891862148615725
07/12/2022 03:04:17 - INFO - __main__ - bleu-2: 0.15399446522262838
07/12/2022 03:04:17 - INFO - __main__ - bleu-1: 0.35548827291460844
07/12/2022 03:04:17 - INFO - __main__ - METEOR: 0.34092115611222545
07/12/2022 03:04:17 - INFO - __main__ - ROUGE-L: 0.4504268653603019
07/12/2022 03:04:17 - INFO - __main__ - entailment score(mean-mean): 0.2766836603108095
07/12/2022 03:04:17 - INFO - __main__ - entailment score(mean-max): 0.6694561131531372
07/12/2022 03:04:17 - INFO - __main__ - entailment score(mean-min): 0.050009536475408824
07/12/2022 03:04:17 - INFO - __main__ - self-BLEU-2: 0.8977338025073163
07/12/2022 03:04:17 - INFO - __main__ - avg: 0.22758106169967104
07/12/2022 03:04:17 - INFO - __main__ - *******************************************************
07/12/2022 03:04:17 - INFO - __main__ - *******************************************************
07/12/2022 03:04:17 - INFO - __main__ - *******************************************************
07/12/2022 06:56:53 - INFO - __main__ - **************** MODEL CONFIGURATION ****************
07/12/2022 06:56:53 - INFO - __main__ - bart_training             -->   True
07/12/2022 06:56:53 - INFO - __main__ - device                    -->   0
07/12/2022 06:56:53 - INFO - __main__ - group_beam                -->   True
07/12/2022 06:56:53 - INFO - __main__ - if_then                   -->   False
07/12/2022 06:56:53 - INFO - __main__ - inductor                  -->   rule
07/12/2022 06:56:53 - INFO - __main__ - log_dir                   -->   logs_new/
07/12/2022 06:56:53 - INFO - __main__ - log_name                  -->   fewrel-res+gs+dpp
07/12/2022 06:56:53 - INFO - __main__ - mlm_training              -->   True
07/12/2022 06:56:53 - INFO - __main__ - task                      -->   fewrel
07/12/2022 06:56:53 - INFO - __main__ - **************** MODEL CONFIGURATION ****************
07/12/2022 07:00:38 - INFO - __main__ - ***********Input************
07/12/2022 07:00:38 - INFO - __main__ - his guitar work on the title track is credited as what first drew <mask> to him , who two years later invited allman to join him as part of <mask> .
07/12/2022 07:00:38 - INFO - __main__ - *********Hypothesis*********
07/12/2022 07:00:38 - INFO - __main__ - <mask> was a member of the <mask>.
07/12/2022 07:00:38 - INFO - __main__ - <mask> was a member of the band <mask>.
07/12/2022 07:00:38 - INFO - __main__ - <mask> is a member of <mask>.
07/12/2022 07:00:38 - INFO - __main__ - <mask> had been a member of <mask>.
07/12/2022 07:00:38 - INFO - __main__ - <mask> had been a member of the <mask>.
07/12/2022 07:00:38 - INFO - __main__ - <mask> was a member of <mask>.
07/12/2022 07:00:38 - INFO - __main__ - <mask> is a song by <mask>.
07/12/2022 07:00:38 - INFO - __main__ - <mask> and the other <mask>.
07/12/2022 07:00:38 - INFO - __main__ - <mask> is a member of the <mask>.
07/12/2022 07:00:38 - INFO - __main__ - <mask> was the only one who knew the name <mask>.
07/12/2022 07:00:38 - INFO - __main__ - ****************************
07/12/2022 07:00:38 - INFO - __main__ - *********References*********
07/12/2022 07:00:38 - INFO - __main__ - ['<mask> is a member of <mask>.']
07/12/2022 07:00:38 - INFO - __main__ - ****************************
07/12/2022 07:02:13 - INFO - __main__ - ***********Input************
07/12/2022 07:02:13 - INFO - __main__ - in the summer of 1944 it opposed the <mask> ’s <mask> during the lvov - sandomir strategic offensive operation ( 13 july - 29 august 1944 ) .
07/12/2022 07:02:13 - INFO - __main__ - *********Hypothesis*********
07/12/2022 07:02:13 - INFO - __main__ - <mask> was the main force of <mask>.
07/12/2022 07:02:13 - INFO - __main__ - <mask> were forced to retreat to the north, where they were reinforced by <mask>.
07/12/2022 07:02:13 - INFO - __main__ - <mask> troops were sent to the area to reinforce <mask>.
07/12/2022 07:02:13 - INFO - __main__ - <mask> forces were not able to break through the lines of the advancing <mask>.
07/12/2022 07:02:13 - INFO - __main__ - <mask> were the only ones who were not arrested by <mask>.
07/12/2022 07:02:13 - INFO - __main__ - <mask> were not allowed to leave the city without permission from <mask>.
07/12/2022 07:02:13 - INFO - __main__ - <mask> were not allowed to use the name <mask>.
07/12/2022 07:02:13 - INFO - __main__ - <mask>, the main enemy of the <mask>.
07/12/2022 07:02:13 - INFO - __main__ - <mask>, which was in charge of <mask>.
07/12/2022 07:02:13 - INFO - __main__ - <mask> soldiers and civilians were killed in the fighting, which was led by <mask>.
07/12/2022 07:02:13 - INFO - __main__ - ****************************
07/12/2022 07:02:13 - INFO - __main__ - *********References*********
07/12/2022 07:02:13 - INFO - __main__ - ['<mask> is part of <mask>.']
07/12/2022 07:02:13 - INFO - __main__ - ****************************
07/12/2022 07:03:57 - INFO - __main__ - ***********Input************
07/12/2022 07:03:57 - INFO - __main__ - the singles released from " <mask> " were " <mask> " , " stuck with me " , " brain stew / jaded " , and " walking contradiction " .
07/12/2022 07:03:57 - INFO - __main__ - *********Hypothesis*********
07/12/2022 07:03:57 - INFO - __main__ - <mask> is the debut album by the band <mask>.
07/12/2022 07:03:57 - INFO - __main__ - <mask>: the best of <mask>.
07/12/2022 07:03:57 - INFO - __main__ - <mask> is a compilation album by <mask>.
07/12/2022 07:03:57 - INFO - __main__ - <mask> is a compilation album by the band <mask>.
07/12/2022 07:03:57 - INFO - __main__ - <mask> was the only album to feature the song "<mask>.
07/12/2022 07:03:57 - INFO - __main__ - <mask> is the debut studio album by the band <mask>.
07/12/2022 07:03:57 - INFO - __main__ - <mask> is a song by the band <mask>.
07/12/2022 07:03:57 - INFO - __main__ - <mask> is the follow-up to <mask>.
07/12/2022 07:03:57 - INFO - __main__ - <mask> was followed by <mask>.
07/12/2022 07:03:57 - INFO - __main__ - <mask> is a song by <mask>.
07/12/2022 07:03:57 - INFO - __main__ - ****************************
07/12/2022 07:03:57 - INFO - __main__ - *********References*********
07/12/2022 07:03:57 - INFO - __main__ - ['<mask> is part of <mask>.']
07/12/2022 07:03:57 - INFO - __main__ - ****************************
07/12/2022 07:05:24 - INFO - __main__ - ***********Input************
07/12/2022 07:05:24 - INFO - __main__ - the occupancy of the show surpassed the <mask> films <mask> and freaky ali .
07/12/2022 07:05:24 - INFO - __main__ - *********Hypothesis*********
07/12/2022 07:05:24 - INFO - __main__ - <mask> has a long history of using the term <mask>.
07/12/2022 07:05:24 - INFO - __main__ - <mask> citizens are not allowed to use the term <mask>.
07/12/2022 07:05:24 - INFO - __main__ - <mask> and the other <mask>.
07/12/2022 07:05:24 - INFO - __main__ - <mask> has a long history of using the name <mask>.
07/12/2022 07:05:24 - INFO - __main__ - <mask> is a great <mask>.
07/12/2022 07:05:24 - INFO - __main__ - <mask> copyright law does not allow the use of the term <mask>.
07/12/2022 07:05:24 - INFO - __main__ - <mask> military personnel are not allowed to wear the uniform of <mask>.
07/12/2022 07:05:24 - INFO - __main__ - <mask> is the producer of <mask>.
07/12/2022 07:05:24 - INFO - __main__ - <mask> is a big part of <mask>.
07/12/2022 07:05:24 - INFO - __main__ - <mask> is a big part of my life and i am proud to be an <mask>.
07/12/2022 07:05:24 - INFO - __main__ - ****************************
07/12/2022 07:05:24 - INFO - __main__ - *********References*********
07/12/2022 07:05:24 - INFO - __main__ - ['the original language of <mask> is <mask>.']
07/12/2022 07:05:24 - INFO - __main__ - ****************************
07/12/2022 07:06:35 - INFO - __main__ - ***********Input************
07/12/2022 07:06:35 - INFO - __main__ - it broadcasts mostly english language news and current affairs and also broadcasts <mask> the daily rté 1 <mask> language news television programme .
07/12/2022 07:06:35 - INFO - __main__ - *********Hypothesis*********
07/12/2022 07:06:35 - INFO - __main__ - <mask> is a free-to-air television channel broadcasting in <mask>.
07/12/2022 07:06:35 - INFO - __main__ - <mask> is a non-profit organization that provides free education in <mask>.
07/12/2022 07:06:35 - INFO - __main__ - <mask> has a number of different forms of the word "counsel" in <mask>.
07/12/2022 07:06:35 - INFO - __main__ - <mask> was the only one of the major networks to broadcast the show in <mask>.
07/12/2022 07:06:35 - INFO - __main__ - <mask> is a free-to-air radio station broadcasting in <mask>.
07/12/2022 07:06:35 - INFO - __main__ - <mask> is the only national broadcaster that broadcasts in <mask>.
07/12/2022 07:06:35 - INFO - __main__ - <mask> is a national television channel, broadcasting in <mask>.
07/12/2022 07:06:35 - INFO - __main__ - <mask> is a national radio station broadcasting in <mask>.
07/12/2022 07:06:35 - INFO - __main__ - <mask> is the most widely spoken language in the country, followed by <mask>.
07/12/2022 07:06:35 - INFO - __main__ - <mask>: the official language of the country is <mask>.
07/12/2022 07:06:35 - INFO - __main__ - ****************************
07/12/2022 07:06:35 - INFO - __main__ - *********References*********
07/12/2022 07:06:35 - INFO - __main__ - ['the original language of <mask> is <mask>.']
07/12/2022 07:06:35 - INFO - __main__ - ****************************
07/12/2022 07:08:02 - INFO - __main__ - ***********Input************
07/12/2022 07:08:02 - INFO - __main__ - in 2009 to mark the 125th anniversary of the <mask> he was named by the irish news as one of the all - time best 125 footballers from <mask> .
07/12/2022 07:08:02 - INFO - __main__ - *********Hypothesis*********
07/12/2022 07:08:02 - INFO - __main__ - <mask> has been a major influence on the development of <mask>.
07/12/2022 07:08:02 - INFO - __main__ - <mask> is the most popular sport in <mask>.
07/12/2022 07:08:02 - INFO - __main__ - <mask> is the largest and oldest football club in <mask>.
07/12/2022 07:08:02 - INFO - __main__ - <mask> is a non-profit organisation that promotes the sport of <mask>.
07/12/2022 07:08:02 - INFO - __main__ - <mask> is the only national football association in <mask>.
07/12/2022 07:08:02 - INFO - __main__ - <mask> is a very popular sport in <mask>.
07/12/2022 07:08:02 - INFO - __main__ - <mask> is a major part of the culture of <mask>.
07/12/2022 07:08:02 - INFO - __main__ - <mask> is the name of a number of different football clubs in <mask>.
07/12/2022 07:08:02 - INFO - __main__ - <mask> is a major source of income for the people of <mask>.
07/12/2022 07:08:02 - INFO - __main__ - <mask> was founded to promote the sport of football in <mask>.
07/12/2022 07:08:02 - INFO - __main__ - ****************************
07/12/2022 07:08:02 - INFO - __main__ - *********References*********
07/12/2022 07:08:02 - INFO - __main__ - ['<mask> is a member of <mask>.']
07/12/2022 07:08:02 - INFO - __main__ - ****************************
07/12/2022 07:09:45 - INFO - __main__ - ***********Input************
07/12/2022 07:09:45 - INFO - __main__ - as a sergeant in the australian imperial force , mcgee was awarded the victoria cross for his actions in the <mask> — part of the <mask> — on 4 october 1917 .
07/12/2022 07:09:45 - INFO - __main__ - *********Hypothesis*********
07/12/2022 07:09:45 - INFO - __main__ - <mask> and the <mask>.
07/12/2022 07:09:45 - INFO - __main__ - <mask> was a major contributor to the development of the modern <mask>.
07/12/2022 07:09:45 - INFO - __main__ - <mask> was a major battle of the early <mask>.
07/12/2022 07:09:45 - INFO - __main__ - <mask> was a major center of the early <mask>.
07/12/2022 07:09:45 - INFO - __main__ - <mask> is an important part of the history of <mask>.
07/12/2022 07:09:45 - INFO - __main__ - <mask> was a major naval base in the early <mask>.
07/12/2022 07:09:45 - INFO - __main__ - <mask>, which was a part of the <mask>.
07/12/2022 07:09:45 - INFO - __main__ - <mask> is a small town in the <mask>.
07/12/2022 07:09:45 - INFO - __main__ - <mask>, the main air force of the former <mask>.
07/12/2022 07:09:45 - INFO - __main__ - <mask> was a major part of the <mask>.
07/12/2022 07:09:45 - INFO - __main__ - ****************************
07/12/2022 07:09:45 - INFO - __main__ - *********References*********
07/12/2022 07:09:45 - INFO - __main__ - ['<mask> is part of <mask>.']
07/12/2022 07:09:45 - INFO - __main__ - ****************************
07/12/2022 07:11:14 - INFO - __main__ - ***********Input************
07/12/2022 07:11:14 - INFO - __main__ - petrovic made her on – screen debut with a small role in " <mask> " , a 2007 <mask> film directed by milčo mančevski .
07/12/2022 07:11:14 - INFO - __main__ - *********Hypothesis*********
07/12/2022 07:11:14 - INFO - __main__ - <mask> is a name derived from <mask>.
07/12/2022 07:11:14 - INFO - __main__ - <mask>'s name means "the one who is the most beautiful" in <mask>.
07/12/2022 07:11:14 - INFO - __main__ - <mask> is the name of a number of places in <mask>.
07/12/2022 07:11:14 - INFO - __main__ - <mask> means "the place of the sun" in <mask>.
07/12/2022 07:11:14 - INFO - __main__ - <mask> is the name of a village in <mask>.
07/12/2022 07:11:14 - INFO - __main__ - <mask> has been translated into several languages, including <mask>.
07/12/2022 07:11:14 - INFO - __main__ - <mask>'s name means "the one who is not afraid" in <mask>.
07/12/2022 07:11:14 - INFO - __main__ - <mask>, however, was not a <mask>.
07/12/2022 07:11:14 - INFO - __main__ - <mask> is a masculine given name, which means "son" in <mask>.
07/12/2022 07:11:14 - INFO - __main__ - <mask> is a common name for the species in <mask>.
07/12/2022 07:11:14 - INFO - __main__ - ****************************
07/12/2022 07:11:14 - INFO - __main__ - *********References*********
07/12/2022 07:11:14 - INFO - __main__ - ['the original language of <mask> is <mask>.']
07/12/2022 07:11:14 - INFO - __main__ - ****************************
07/12/2022 07:12:46 - INFO - __main__ - ***********Input************
07/12/2022 07:12:46 - INFO - __main__ - the film is a remake of <mask> movie " <mask> " , starring krishnam raju , jayasudha in the lead roles .
07/12/2022 07:12:46 - INFO - __main__ - *********Hypothesis*********
07/12/2022 07:12:46 - INFO - __main__ - <mask> is the official language of <mask>.
07/12/2022 07:12:46 - INFO - __main__ - <mask> is the native language of <mask>.
07/12/2022 07:12:46 - INFO - __main__ - <mask> version of the film was titled <mask>.
07/12/2022 07:12:46 - INFO - __main__ - <mask> film industry is the largest industry in <mask>.
07/12/2022 07:12:46 - INFO - __main__ - <mask> version of the film was titled as <mask>.
07/12/2022 07:12:46 - INFO - __main__ - <mask> was the language of the people of <mask>.
07/12/2022 07:12:46 - INFO - __main__ - <mask> film was directed by <mask>.
07/12/2022 07:12:46 - INFO - __main__ - <mask> has a similar word, <mask>.
07/12/2022 07:12:46 - INFO - __main__ - <mask> version was titled <mask>.
07/12/2022 07:12:46 - INFO - __main__ - <mask> language version of the film was titled <mask>.
07/12/2022 07:12:46 - INFO - __main__ - ****************************
07/12/2022 07:12:46 - INFO - __main__ - *********References*********
07/12/2022 07:12:46 - INFO - __main__ - ['the original language of <mask> is <mask>.']
07/12/2022 07:12:46 - INFO - __main__ - ****************************
07/12/2022 07:14:17 - INFO - __main__ - ***********Input************
07/12/2022 07:14:17 - INFO - __main__ - fear and trembling ( original title : <mask> ) is a 2003 <mask> film based on the novel of the same name by amélie nothomb .
07/12/2022 07:14:17 - INFO - __main__ - *********Hypothesis*********
07/12/2022 07:14:17 - INFO - __main__ - <mask> is a <mask>.
07/12/2022 07:14:17 - INFO - __main__ - <mask> is a play in <mask>.
07/12/2022 07:14:17 - INFO - __main__ - <mask> has been translated into several languages, including <mask>.
07/12/2022 07:14:17 - INFO - __main__ - <mask> was the only one of the group to speak <mask>.
07/12/2022 07:14:17 - INFO - __main__ - <mask> is a name derived from <mask>.
07/12/2022 07:14:17 - INFO - __main__ - <mask>, the name of the song in <mask>.
07/12/2022 07:14:17 - INFO - __main__ - <mask> is a play written in <mask>.
07/12/2022 07:14:17 - INFO - __main__ - <mask> was the only <mask>.
07/12/2022 07:14:17 - INFO - __main__ - <mask> is a surname of <mask>.
07/12/2022 07:14:17 - INFO - __main__ - <mask>, the name of the school in <mask>.
07/12/2022 07:14:17 - INFO - __main__ - ****************************
07/12/2022 07:14:17 - INFO - __main__ - *********References*********
07/12/2022 07:14:17 - INFO - __main__ - ['the original language of <mask> is <mask>.']
07/12/2022 07:14:17 - INFO - __main__ - ****************************
07/12/2022 07:15:57 - INFO - __main__ - ***********Input************
07/12/2022 07:15:57 - INFO - __main__ - <mask> ( born 10 january 1990 ) is a german footballer who plays as a <mask> for spvgg unterhaching .
07/12/2022 07:15:57 - INFO - __main__ - *********Hypothesis*********
07/12/2022 07:15:57 - INFO - __main__ - <mask> is a <mask>.
07/12/2022 07:15:57 - INFO - __main__ - <mask> is a midfielder <mask>.
07/12/2022 07:15:57 - INFO - __main__ - <mask> was the team's <mask>.
07/12/2022 07:15:57 - INFO - __main__ - <mask> is a former <mask>.
07/12/2022 07:15:57 - INFO - __main__ - <mask> played as a <mask>.
07/12/2022 07:15:57 - INFO - __main__ - <mask> was the club's <mask>.
07/12/2022 07:15:57 - INFO - __main__ - <mask>, footballer who plays as <mask>.
07/12/2022 07:15:57 - INFO - __main__ - <mask> was a <mask>.
07/12/2022 07:15:57 - INFO - __main__ - <mask>, who was a <mask>.
07/12/2022 07:15:57 - INFO - __main__ - <mask>: he is a <mask>.
07/12/2022 07:15:57 - INFO - __main__ - ****************************
07/12/2022 07:15:57 - INFO - __main__ - *********References*********
07/12/2022 07:15:57 - INFO - __main__ - ['<mask> plays in <mask> position.']
07/12/2022 07:15:57 - INFO - __main__ - ****************************
07/12/2022 07:17:41 - INFO - __main__ - ***********Input************
07/12/2022 07:17:41 - INFO - __main__ - wester ross is well known for its mountain scenery , especially the <mask> which includes such peaks as beinn eighe and <mask> .
07/12/2022 07:17:41 - INFO - __main__ - *********Hypothesis*********
07/12/2022 07:17:41 - INFO - __main__ - <mask>'s name is derived from the gaelic word <mask>.
07/12/2022 07:17:41 - INFO - __main__ - <mask> is a short form of <mask>.
07/12/2022 07:17:41 - INFO - __main__ - <mask> lies to the north and west of <mask>.
07/12/2022 07:17:41 - INFO - __main__ - <mask> lies to the north of <mask>.
07/12/2022 07:17:41 - INFO - __main__ - <mask> is a short form of the <mask>.
07/12/2022 07:17:41 - INFO - __main__ - <mask> is the northernmost point of <mask>.
07/12/2022 07:17:41 - INFO - __main__ - <mask> is a small island in the middle of the lake <mask>.
07/12/2022 07:17:41 - INFO - __main__ - <mask> was the son of the <mask>.
07/12/2022 07:17:41 - INFO - __main__ - <mask> is located on the western side of <mask>.
07/12/2022 07:17:41 - INFO - __main__ - <mask> has been identified as a possible source of the name <mask>.
07/12/2022 07:17:41 - INFO - __main__ - ****************************
07/12/2022 07:17:41 - INFO - __main__ - *********References*********
07/12/2022 07:17:41 - INFO - __main__ - ['<mask> is part of <mask>.']
07/12/2022 07:17:41 - INFO - __main__ - ****************************
07/12/2022 07:19:15 - INFO - __main__ - ***********Input************
07/12/2022 07:19:15 - INFO - __main__ - <mask> ( born 23 august 1994 ) is an afghan international footballer who plays as a <mask> .
07/12/2022 07:19:15 - INFO - __main__ - *********Hypothesis*********
07/12/2022 07:19:15 - INFO - __main__ - <mask> is a <mask>.
07/12/2022 07:19:15 - INFO - __main__ - <mask> started his career as a <mask>.
07/12/2022 07:19:15 - INFO - __main__ - <mask> is a midfielder and <mask>.
07/12/2022 07:19:15 - INFO - __main__ - <mask> was a <mask>.
07/12/2022 07:19:15 - INFO - __main__ - <mask> is a midfielder <mask>.
07/12/2022 07:19:15 - INFO - __main__ - <mask> was the club's <mask>.
07/12/2022 07:19:15 - INFO - __main__ - <mask>, who was a <mask>.
07/12/2022 07:19:15 - INFO - __main__ - <mask> was the team's <mask>.
07/12/2022 07:19:15 - INFO - __main__ - <mask> is the current <mask>.
07/12/2022 07:19:15 - INFO - __main__ - <mask> played as a <mask>.
07/12/2022 07:19:15 - INFO - __main__ - ****************************
07/12/2022 07:19:15 - INFO - __main__ - *********References*********
07/12/2022 07:19:15 - INFO - __main__ - ['<mask> plays in <mask> position.']
07/12/2022 07:19:15 - INFO - __main__ - ****************************
07/12/2022 07:20:50 - INFO - __main__ - ***********Input************
07/12/2022 07:20:50 - INFO - __main__ - the company was formed by steve nardelli and <mask> of the psychedelic prog band <mask> .
07/12/2022 07:20:50 - INFO - __main__ - *********Hypothesis*********
07/12/2022 07:20:50 - INFO - __main__ - <mask> was a big fan of <mask>.
07/12/2022 07:20:50 - INFO - __main__ - <mask> was a member of the band <mask>.
07/12/2022 07:20:50 - INFO - __main__ - <mask> is a former member of the band <mask>.
07/12/2022 07:20:50 - INFO - __main__ - <mask> had been a big fan of <mask>.
07/12/2022 07:20:50 - INFO - __main__ - <mask> was a member of the <mask>.
07/12/2022 07:20:50 - INFO - __main__ - <mask> was a big man, and he was a jackson <mask>.
07/12/2022 07:20:50 - INFO - __main__ - <mask> was a member of <mask>.
07/12/2022 07:20:50 - INFO - __main__ - <mask>, the lead singer of the <mask>.
07/12/2022 07:20:50 - INFO - __main__ - <mask>, the leader of the <mask>.
07/12/2022 07:20:50 - INFO - __main__ - <mask> was a <mask>.
07/12/2022 07:20:50 - INFO - __main__ - ****************************
07/12/2022 07:20:50 - INFO - __main__ - *********References*********
07/12/2022 07:20:50 - INFO - __main__ - ['<mask> is a member of <mask>.']
07/12/2022 07:20:50 - INFO - __main__ - ****************************
07/12/2022 07:22:18 - INFO - __main__ - ***********Input************
07/12/2022 07:22:18 - INFO - __main__ - the <mask> ( ) metro station is located on the red line of the <mask> .
07/12/2022 07:22:18 - INFO - __main__ - *********Hypothesis*********
07/12/2022 07:22:18 - INFO - __main__ - <mask> is a station on the <mask>.
07/12/2022 07:22:18 - INFO - __main__ - <mask> is served by the <mask>.
07/12/2022 07:22:18 - INFO - __main__ - <mask> is a station of <mask>.
07/12/2022 07:22:18 - INFO - __main__ - <mask> is a station on the line of <mask>.
07/12/2022 07:22:18 - INFO - __main__ - <mask> is served by the line s4 of the <mask>.
07/12/2022 07:22:18 - INFO - __main__ - <mask> is a station on the line <mask>.
07/12/2022 07:22:18 - INFO - __main__ - <mask> station is a station of the <mask>.
07/12/2022 07:22:18 - INFO - __main__ - <mask> is served by the s-bahn and <mask>.
07/12/2022 07:22:18 - INFO - __main__ - <mask> metro station is a station on the <mask>.
07/12/2022 07:22:18 - INFO - __main__ - <mask> metro station is a station of <mask>.
07/12/2022 07:22:18 - INFO - __main__ - ****************************
07/12/2022 07:22:18 - INFO - __main__ - *********References*********
07/12/2022 07:22:18 - INFO - __main__ - ['<mask> is part of <mask>.']
07/12/2022 07:22:18 - INFO - __main__ - ****************************
07/12/2022 07:23:52 - INFO - __main__ - ***********Input************
07/12/2022 07:23:52 - INFO - __main__ - kane 's ultimate version was introduced in " ultimate x - men " # 76 , where he is once again a partner to <mask> , domino and the other <mask> team members .
07/12/2022 07:23:52 - INFO - __main__ - *********Hypothesis*********
07/12/2022 07:23:52 - INFO - __main__ - <mask> had been a member of the original <mask>.
07/12/2022 07:23:52 - INFO - __main__ - <mask> was the only one who knew about the new <mask>.
07/12/2022 07:23:52 - INFO - __main__ - <mask> was a member of the elite <mask>.
07/12/2022 07:23:52 - INFO - __main__ - <mask> was a member of the original <mask>.
07/12/2022 07:23:52 - INFO - __main__ - <mask>'s eyes widened as he saw the other <mask>.
07/12/2022 07:23:52 - INFO - __main__ - <mask>'s eyes were wide, and he looked at <mask>.
07/12/2022 07:23:52 - INFO - __main__ - <mask>, you're not going to be able to stop <mask>.
07/12/2022 07:23:52 - INFO - __main__ - <mask> and i were the only ones who knew about the new <mask>.
07/12/2022 07:23:52 - INFO - __main__ - <mask> wasn't sure what to make of <mask>.
07/12/2022 07:23:52 - INFO - __main__ - <mask>'s eyes widened as he saw the <mask>.
07/12/2022 07:23:52 - INFO - __main__ - ****************************
07/12/2022 07:23:52 - INFO - __main__ - *********References*********
07/12/2022 07:23:52 - INFO - __main__ - ['<mask> is a member of <mask>.']
07/12/2022 07:23:52 - INFO - __main__ - ****************************
07/12/2022 07:25:36 - INFO - __main__ - ***********Input************
07/12/2022 07:25:36 - INFO - __main__ - <mask> ( born 15 december 1990 in plymouth , trinidad and tobago ) , is an international football player from trinidad and tobagosoca warriors who plays as a <mask> for juticalpa .
07/12/2022 07:25:36 - INFO - __main__ - *********Hypothesis*********
07/12/2022 07:25:36 - INFO - __main__ - <mask> is a <mask>.
07/12/2022 07:25:36 - INFO - __main__ - <mask> was the team's <mask>.
07/12/2022 07:25:36 - INFO - __main__ - <mask> is a midfielder <mask>.
07/12/2022 07:25:36 - INFO - __main__ - <mask> was named <mask>.
07/12/2022 07:25:36 - INFO - __main__ - <mask> is a midfielder who plays as a <mask>.
07/12/2022 07:25:36 - INFO - __main__ - <mask> was the team's top <mask>.
07/12/2022 07:25:36 - INFO - __main__ - <mask> – forward, <mask>.
07/12/2022 07:25:36 - INFO - __main__ - <mask> was named as <mask>.
07/12/2022 07:25:36 - INFO - __main__ - <mask>, former professional soccer <mask>.
07/12/2022 07:25:36 - INFO - __main__ - <mask> played as a <mask>.
07/12/2022 07:25:36 - INFO - __main__ - ****************************
07/12/2022 07:25:36 - INFO - __main__ - *********References*********
07/12/2022 07:25:36 - INFO - __main__ - ['<mask> plays in <mask> position.']
07/12/2022 07:25:36 - INFO - __main__ - ****************************
07/12/2022 07:26:59 - INFO - __main__ - ***********Input************
07/12/2022 07:26:59 - INFO - __main__ - <mask> ( born 14 september 1995 ) is a scottish professional footballer who plays as a <mask> for kilmarnock , on loan from newcastle united .
07/12/2022 07:26:59 - INFO - __main__ - *********Hypothesis*********
07/12/2022 07:26:59 - INFO - __main__ - <mask> is a former professional <mask>.
07/12/2022 07:26:59 - INFO - __main__ - <mask> was the club's most successful <mask>.
07/12/2022 07:26:59 - INFO - __main__ - <mask> is a former professional footballer who played as a <mask>.
07/12/2022 07:26:59 - INFO - __main__ - <mask>, footballer who plays as a <mask>.
07/12/2022 07:26:59 - INFO - __main__ - <mask> was named as the new <mask>.
07/12/2022 07:26:59 - INFO - __main__ - <mask> – for services to football as a <mask>.
07/12/2022 07:26:59 - INFO - __main__ - <mask>, who played for the club as a <mask>.
07/12/2022 07:26:59 - INFO - __main__ - <mask> is a former <mask>.
07/12/2022 07:26:59 - INFO - __main__ - <mask> was a right-handed <mask>.
07/12/2022 07:26:59 - INFO - __main__ - <mask> is a professional footballer who plays as a <mask>.
07/12/2022 07:26:59 - INFO - __main__ - ****************************
07/12/2022 07:26:59 - INFO - __main__ - *********References*********
07/12/2022 07:26:59 - INFO - __main__ - ['<mask> plays in <mask> position.']
07/12/2022 07:26:59 - INFO - __main__ - ****************************
07/12/2022 07:28:30 - INFO - __main__ - ***********Input************
07/12/2022 07:28:30 - INFO - __main__ - <mask> ( 15 september 1930 – 12 january 2006 ) was a swiss football <mask> who played for switzerland in the 1962 fifa world cup .
07/12/2022 07:28:30 - INFO - __main__ - *********Hypothesis*********
07/12/2022 07:28:30 - INFO - __main__ - <mask> is a <mask>.
07/12/2022 07:28:30 - INFO - __main__ - <mask> was a <mask>.
07/12/2022 07:28:30 - INFO - __main__ - <mask> was the most successful <mask>.
07/12/2022 07:28:30 - INFO - __main__ - <mask> is a former <mask>.
07/12/2022 07:28:30 - INFO - __main__ - <mask> was the club's <mask>.
07/12/2022 07:28:30 - INFO - __main__ - <mask>, who was a <mask>.
07/12/2022 07:28:30 - INFO - __main__ - <mask> was a midfielder <mask>.
07/12/2022 07:28:30 - INFO - __main__ - <mask> started his career as a <mask>.
07/12/2022 07:28:30 - INFO - __main__ - <mask> was the team's most <mask>.
07/12/2022 07:28:30 - INFO - __main__ - <mask> was the team's <mask>.
07/12/2022 07:28:30 - INFO - __main__ - ****************************
07/12/2022 07:28:30 - INFO - __main__ - *********References*********
07/12/2022 07:28:30 - INFO - __main__ - ['<mask> plays in <mask> position.']
07/12/2022 07:28:30 - INFO - __main__ - ****************************
07/12/2022 07:30:09 - INFO - __main__ - ***********Input************
07/12/2022 07:30:09 - INFO - __main__ - he belonged to the <mask> , of <mask> and bernard silvestris .
07/12/2022 07:30:09 - INFO - __main__ - *********Hypothesis*********
07/12/2022 07:30:09 - INFO - __main__ - <mask>, including the genus <mask>.
07/12/2022 07:30:09 - INFO - __main__ - <mask> is a genus of moths in the family <mask>.
07/12/2022 07:30:09 - INFO - __main__ - <mask> is a genus of <mask>.
07/12/2022 07:30:09 - INFO - __main__ - <mask> and some other insects are parasitoids of <mask>.
07/12/2022 07:30:09 - INFO - __main__ - <mask> is a monotypic genus of <mask>.
07/12/2022 07:30:09 - INFO - __main__ - <mask>: a review of the genera of <mask>.
07/12/2022 07:30:09 - INFO - __main__ - <mask> and moths of <mask>.
07/12/2022 07:30:09 - INFO - __main__ - <mask> of the world: <mask>.
07/12/2022 07:30:09 - INFO - __main__ - <mask>: a monograph of the genus <mask>.
07/12/2022 07:30:09 - INFO - __main__ - <mask> and some other life forms of <mask>.
07/12/2022 07:30:09 - INFO - __main__ - ****************************
07/12/2022 07:30:09 - INFO - __main__ - *********References*********
07/12/2022 07:30:09 - INFO - __main__ - ['<mask> is a member of <mask>.']
07/12/2022 07:30:09 - INFO - __main__ - ****************************
07/12/2022 07:30:10 - INFO - __main__ - Task: fewrel
07/12/2022 07:30:10 - INFO - __main__ - bleu-4: 0.015763748439646477
07/12/2022 07:30:10 - INFO - __main__ - bleu-3: 0.044764603053646684
07/12/2022 07:30:10 - INFO - __main__ - bleu-2: 0.14448950056041113
07/12/2022 07:30:10 - INFO - __main__ - bleu-1: 0.3472996107202909
07/12/2022 07:30:10 - INFO - __main__ - METEOR: 0.3343587594886561
07/12/2022 07:30:10 - INFO - __main__ - ROUGE-L: 0.4466447657071395
07/12/2022 07:30:10 - INFO - __main__ - entailment score(mean-mean): 0.2694575155612984
07/12/2022 07:30:10 - INFO - __main__ - entailment score(mean-max): 0.6649780526990071
07/12/2022 07:30:10 - INFO - __main__ - entailment score(mean-min): 0.0041904987498128324
07/12/2022 07:30:10 - INFO - __main__ - self-BLEU-2: 0.9008608493052863
07/12/2022 07:30:10 - INFO - __main__ - avg: 0.22222016466163183
07/12/2022 07:30:10 - INFO - __main__ - *******************************************************
07/12/2022 07:30:10 - INFO - __main__ - *******************************************************
07/12/2022 07:30:10 - INFO - __main__ - *******************************************************
07/12/2022 11:16:18 - INFO - __main__ - **************** MODEL CONFIGURATION ****************
07/12/2022 11:16:18 - INFO - __main__ - bart_training             -->   True
07/12/2022 11:16:18 - INFO - __main__ - device                    -->   0
07/12/2022 11:16:18 - INFO - __main__ - group_beam                -->   True
07/12/2022 11:16:18 - INFO - __main__ - if_then                   -->   False
07/12/2022 11:16:18 - INFO - __main__ - inductor                  -->   rule
07/12/2022 11:16:18 - INFO - __main__ - log_dir                   -->   logs_new/
07/12/2022 11:16:18 - INFO - __main__ - log_name                  -->   fewrel-res+gs+dpp
07/12/2022 11:16:18 - INFO - __main__ - mlm_training              -->   True
07/12/2022 11:16:18 - INFO - __main__ - task                      -->   fewrel
07/12/2022 11:16:18 - INFO - __main__ - **************** MODEL CONFIGURATION ****************
