07/05/2022 15:42:02 - INFO - __main__ - **************** MODEL CONFIGURATION ****************
07/05/2022 15:42:02 - INFO - __main__ - bart_training             -->   True
07/05/2022 15:42:02 - INFO - __main__ - device                    -->   8
07/05/2022 15:42:02 - INFO - __main__ - group_beam                -->   True
07/05/2022 15:42:02 - INFO - __main__ - if_then                   -->   False
07/05/2022 15:42:02 - INFO - __main__ - inductor                  -->   rule
07/05/2022 15:42:02 - INFO - __main__ - log_dir                   -->   logs_new/
07/05/2022 15:42:02 - INFO - __main__ - log_name                  -->   google-rerun
07/05/2022 15:42:02 - INFO - __main__ - mlm_training              -->   True
07/05/2022 15:42:02 - INFO - __main__ - task                      -->   google-re
07/05/2022 15:42:02 - INFO - __main__ - **************** MODEL CONFIGURATION ****************
07/05/2022 15:44:01 - INFO - __main__ - ***********Input************
07/05/2022 15:44:01 - INFO - __main__ - <mask> (b. 1954 in <mask>) is a best-selling American author of romance novels .
07/05/2022 15:44:01 - INFO - __main__ - *********Hypothesis*********
07/05/2022 15:44:01 - INFO - __main__ - <mask> was born in <mask>.
07/05/2022 15:44:01 - INFO - __main__ - <mask> was born and raised in <mask>.
07/05/2022 15:44:01 - INFO - __main__ - <mask> is a writer and artist based in <mask>.
07/05/2022 15:44:01 - INFO - __main__ - <mask>, a lawyer, was born in <mask>.
07/05/2022 15:44:01 - INFO - __main__ - <mask> is an artist from <mask>.
07/05/2022 15:44:01 - INFO - __main__ - <mask> is a singer-songwriter from <mask>.
07/05/2022 15:44:01 - INFO - __main__ - <mask>, who was a nurse in <mask>.
07/05/2022 15:44:01 - INFO - __main__ - <mask>, who was a <mask>.
07/05/2022 15:44:01 - INFO - __main__ - <mask> is an artist based in <mask>.
07/05/2022 15:44:01 - INFO - __main__ - <mask> is a writer and artist from <mask>.
07/05/2022 15:44:01 - INFO - __main__ - ****************************
07/05/2022 15:44:01 - INFO - __main__ - *********References*********
07/05/2022 15:44:01 - INFO - __main__ - ['the place where <mask> was born is <mask>.']
07/05/2022 15:44:01 - INFO - __main__ - ****************************
07/05/2022 15:44:42 - INFO - __main__ - ***********Input************
07/05/2022 15:44:42 - INFO - __main__ - <mask> (born c.<mask> Chapel Hill, North Carolina) is an American director and designer of experimental theatre from New York City .
07/05/2022 15:44:42 - INFO - __main__ - *********Hypothesis*********
07/05/2022 15:44:42 - INFO - __main__ - <mask> was born in <mask>.
07/05/2022 15:44:42 - INFO - __main__ - <mask>, a former, and a former mayor of the city of <mask>.
07/05/2022 15:44:42 - INFO - __main__ - <mask> was born <mask>.
07/05/2022 15:44:42 - INFO - __main__ - <mask>: die welt im <mask>.
07/05/2022 15:44:42 - INFO - __main__ - <mask>, a former member of the group, was born in <mask>.
07/05/2022 15:44:42 - INFO - __main__ - <mask> is a former professional tennis player from <mask>.
07/05/2022 15:44:42 - INFO - __main__ - <mask>, actress, was born in <mask>.
07/05/2022 15:44:42 - INFO - __main__ - <mask>: the history of <mask>.
07/05/2022 15:44:42 - INFO - __main__ - <mask>, who was a member of the group, died in <mask>.
07/05/2022 15:44:42 - INFO - __main__ - <mask>, a in <mask>.
07/05/2022 15:44:42 - INFO - __main__ - ****************************
07/05/2022 15:44:42 - INFO - __main__ - *********References*********
07/05/2022 15:44:42 - INFO - __main__ - ['the date when <mask> was born is <mask>.']
07/05/2022 15:44:42 - INFO - __main__ - ****************************
07/05/2022 15:45:27 - INFO - __main__ - ***********Input************
07/05/2022 15:45:27 - INFO - __main__ - <mask> (born c <mask>) is a former softball player and coach .
07/05/2022 15:45:27 - INFO - __main__ - *********Hypothesis*********
07/05/2022 15:45:27 - INFO - __main__ - <mask> was born in <mask>.
07/05/2022 15:45:27 - INFO - __main__ - <mask>, a former teacher, was born in <mask>.
07/05/2022 15:45:27 - INFO - __main__ - <mask> died in <mask>.
07/05/2022 15:45:27 - INFO - __main__ - <mask> was born on <mask>.
07/05/2022 15:45:27 - INFO - __main__ - <mask> died on <mask>.
07/05/2022 15:45:27 - INFO - __main__ - <mask> y la maría maría, <mask>.
07/05/2022 15:45:27 - INFO - __main__ - <mask>, who had been a member of the group since <mask>.
07/05/2022 15:45:27 - INFO - __main__ - <mask>, a former president, was elected in <mask>.
07/05/2022 15:45:27 - INFO - __main__ - <mask> y la maría maría <mask>.
07/05/2022 15:45:27 - INFO - __main__ - <mask> became the director in <mask>.
07/05/2022 15:45:27 - INFO - __main__ - ****************************
07/05/2022 15:45:27 - INFO - __main__ - *********References*********
07/05/2022 15:45:27 - INFO - __main__ - ['the date when <mask> was born is <mask>.']
07/05/2022 15:45:27 - INFO - __main__ - ****************************
07/05/2022 15:45:56 - INFO - __main__ - ***********Input************
07/05/2022 15:45:56 - INFO - __main__ - <mask> (1738--1811) was a British composer and organist born in <mask> .
07/05/2022 15:45:56 - INFO - __main__ - *********Hypothesis*********
07/05/2022 15:45:56 - INFO - __main__ - <mask> was born and died in <mask>.
07/05/2022 15:45:56 - INFO - __main__ - <mask>,, chief constable, city of <mask>.
07/05/2022 15:45:56 - INFO - __main__ - <mask> was a merchant and politician in <mask>.
07/05/2022 15:45:56 - INFO - __main__ - <mask> was a professional footballer who played for <mask>.
07/05/2022 15:45:56 - INFO - __main__ - <mask> is an artist, writer and curator based in <mask>.
07/05/2022 15:45:56 - INFO - __main__ - <mask> (1818–1896) was a merchant and politician in <mask>.
07/05/2022 15:45:56 - INFO - __main__ - <mask> was born in the town of <mask>.
07/05/2022 15:45:56 - INFO - __main__ - <mask> (1772–1835), who died in <mask>.
07/05/2022 15:45:56 - INFO - __main__ - <mask> is a former professional footballer who played for <mask>.
07/05/2022 15:45:56 - INFO - __main__ - <mask>, a prominent local businessman, was born in <mask>.
07/05/2022 15:45:56 - INFO - __main__ - ****************************
07/05/2022 15:45:56 - INFO - __main__ - *********References*********
07/05/2022 15:45:56 - INFO - __main__ - ['the place where <mask> was born is <mask>.']
07/05/2022 15:45:56 - INFO - __main__ - ****************************
07/05/2022 15:46:34 - INFO - __main__ - ***********Input************
07/05/2022 15:46:34 - INFO - __main__ - <mask> (b. February 11, 1955, <mask>, Tennessee - d July 2, 2007, Tiburon, California) was an American artist .
07/05/2022 15:46:34 - INFO - __main__ - *********Hypothesis*********
07/05/2022 15:46:34 - INFO - __main__ - <mask> was born in <mask>.
07/05/2022 15:46:34 - INFO - __main__ - <mask> is a former professional basketball player who played for <mask>.
07/05/2022 15:46:34 - INFO - __main__ - <mask>, the son of a wealthy family, was born in <mask>.
07/05/2022 15:46:34 - INFO - __main__ - <mask> is a professional basketball player from <mask>.
07/05/2022 15:46:34 - INFO - __main__ - <mask> was born and raised in <mask>.
07/05/2022 15:46:34 - INFO - __main__ - <mask>, who was a member of the band, was born in <mask>.
07/05/2022 15:46:34 - INFO - __main__ - <mask> is a native of <mask>.
07/05/2022 15:46:34 - INFO - __main__ - <mask>, a prominent lawyer, was born in <mask>.
07/05/2022 15:46:34 - INFO - __main__ - <mask>, the founder of the city of <mask>.
07/05/2022 15:46:34 - INFO - __main__ - <mask>, a former teacher, was born in <mask>.
07/05/2022 15:46:34 - INFO - __main__ - ****************************
07/05/2022 15:46:34 - INFO - __main__ - *********References*********
07/05/2022 15:46:34 - INFO - __main__ - ['the place where <mask> was born is <mask>.']
07/05/2022 15:46:34 - INFO - __main__ - ****************************
07/05/2022 15:47:09 - INFO - __main__ - ***********Input************
07/05/2022 15:47:09 - INFO - __main__ - <mask> (c. <mask> - 25 August 1785) was a British diplomat and politician who sat in the House of Commons between 1762 and 1774 .
07/05/2022 15:47:09 - INFO - __main__ - *********Hypothesis*********
07/05/2022 15:47:09 - INFO - __main__ - <mask> was born in the village in <mask>.
07/05/2022 15:47:09 - INFO - __main__ - <mask>, a local merchant, was the owner of the house in <mask>.
07/05/2022 15:47:09 - INFO - __main__ - <mask> was the last surviving member of the family, who died in <mask>.
07/05/2022 15:47:09 - INFO - __main__ - <mask>, who was a prominent local merchant, was born in <mask>.
07/05/2022 15:47:09 - INFO - __main__ - <mask> had been a member of the council since <mask>.
07/05/2022 15:47:09 - INFO - __main__ - <mask> of st. mary's, who died in <mask>.
07/05/2022 15:47:09 - INFO - __main__ - <mask> (1715–1772) was born in <mask>.
07/05/2022 15:47:09 - INFO - __main__ - <mask> was appointed as a justice of the peace in <mask>.
07/05/2022 15:47:09 - INFO - __main__ - <mask>, a prominent local merchant, was born here in <mask>.
07/05/2022 15:47:09 - INFO - __main__ - <mask> built the house in <mask>.
07/05/2022 15:47:09 - INFO - __main__ - ****************************
07/05/2022 15:47:09 - INFO - __main__ - *********References*********
07/05/2022 15:47:09 - INFO - __main__ - ['the date when <mask> was born is <mask>.']
07/05/2022 15:47:09 - INFO - __main__ - ****************************
07/05/2022 15:47:47 - INFO - __main__ - ***********Input************
07/05/2022 15:47:47 - INFO - __main__ - <mask> (born December 28th, <mask>) is a United States of America Democratic political consultant and activist who has worked on six presidential campaigns, served as Policy Director for the Speaker of the House in Connecticut, and served as the National Coordinated Campaign Director for both the 1992 and 1996 Presidential campaigns of Bill Clinton .
07/05/2022 15:47:47 - INFO - __main__ - *********Hypothesis*********
07/05/2022 15:47:47 - INFO - __main__ - <mask> was born in <mask>.
07/05/2022 15:47:47 - INFO - __main__ - <mask> was the last president to be elected in <mask>.
07/05/2022 15:47:47 - INFO - __main__ - <mask>, jr. was born in <mask>.
07/05/2022 15:47:47 - INFO - __main__ - <mask>, who was a member of the group, was elected president in <mask>.
07/05/2022 15:47:47 - INFO - __main__ - <mask> has been a member of the board of directors since <mask>.
07/05/2022 15:47:47 - INFO - __main__ - <mask> became president and ceo in <mask>.
07/05/2022 15:47:47 - INFO - __main__ - <mask>, who had been a member of the group since <mask>.
07/05/2022 15:47:47 - INFO - __main__ - <mask> is a former professional baseball player who played in <mask>.
07/05/2022 15:47:47 - INFO - __main__ - <mask> was elected president in <mask>.
07/05/2022 15:47:47 - INFO - __main__ - <mask>, who had been a member of the band since <mask>.
07/05/2022 15:47:47 - INFO - __main__ - ****************************
07/05/2022 15:47:47 - INFO - __main__ - *********References*********
07/05/2022 15:47:47 - INFO - __main__ - ['the date when <mask> was born is <mask>.']
07/05/2022 15:47:47 - INFO - __main__ - ****************************
07/05/2022 15:48:21 - INFO - __main__ - ***********Input************
07/05/2022 15:48:21 - INFO - __main__ - <mask> (born <mask> in Vlorë, Albania) is a singer who at fourtheen moved to Pistoia, Italy were he remains with his parents and three brothers .
07/05/2022 15:48:21 - INFO - __main__ - *********Hypothesis*********
07/05/2022 15:48:21 - INFO - __main__ - <mask> was born in <mask>.
07/05/2022 15:48:21 - INFO - __main__ - <mask> was the son of <mask>.
07/05/2022 15:48:21 - INFO - __main__ - <mask> is the son of <mask>.
07/05/2022 15:48:21 - INFO - __main__ - <mask> is a former mayor of <mask>.
07/05/2022 15:48:21 - INFO - __main__ - <mask> is a member of the band <mask>.
07/05/2022 15:48:21 - INFO - __main__ - <mask> is the daughter of <mask>.
07/05/2022 15:48:21 - INFO - __main__ - <mask> is the current mayor of <mask>.
07/05/2022 15:48:21 - INFO - __main__ - <mask> is the son of former <mask>.
07/05/2022 15:48:21 - INFO - __main__ - <mask> is the capital of <mask>.
07/05/2022 15:48:21 - INFO - __main__ - <mask> was renamed as <mask>.
07/05/2022 15:48:21 - INFO - __main__ - ****************************
07/05/2022 15:48:21 - INFO - __main__ - *********References*********
07/05/2022 15:48:21 - INFO - __main__ - ['the date when <mask> was born is <mask>.']
07/05/2022 15:48:21 - INFO - __main__ - ****************************
07/05/2022 15:48:56 - INFO - __main__ - ***********Input************
07/05/2022 15:48:56 - INFO - __main__ - <mask> (born 27 September 1974, in <mask>, India) is a former Indian cricketer .
07/05/2022 15:48:56 - INFO - __main__ - *********Hypothesis*********
07/05/2022 15:48:56 - INFO - __main__ - <mask> was born in <mask>.
07/05/2022 15:48:56 - INFO - __main__ - <mask> was born and brought up in <mask>.
07/05/2022 15:48:56 - INFO - __main__ - <mask> is a young man who lives in <mask>.
07/05/2022 15:48:56 - INFO - __main__ - <mask> is a film director from <mask>.
07/05/2022 15:48:56 - INFO - __main__ - <mask> was born in a <mask>.
07/05/2022 15:48:56 - INFO - __main__ - <mask> is a film director and producer from <mask>.
07/05/2022 15:48:56 - INFO - __main__ - <mask>, the son of a rich businessman, lives in <mask>.
07/05/2022 15:48:56 - INFO - __main__ - <mask> started his career as a journalist in <mask>.
07/05/2022 15:48:56 - INFO - __main__ - <mask> has been a resident of <mask>.
07/05/2022 15:48:56 - INFO - __main__ - <mask> lives with his family in <mask>.
07/05/2022 15:48:56 - INFO - __main__ - ****************************
07/05/2022 15:48:56 - INFO - __main__ - *********References*********
07/05/2022 15:48:56 - INFO - __main__ - ['the place where <mask> was born is <mask>.']
07/05/2022 15:48:56 - INFO - __main__ - ****************************
07/05/2022 15:49:32 - INFO - __main__ - ***********Input************
07/05/2022 15:49:32 - INFO - __main__ - <mask> (1806-1867) was an American physician, born in <mask>, Massachusetts .
07/05/2022 15:49:32 - INFO - __main__ - *********Hypothesis*********
07/05/2022 15:49:32 - INFO - __main__ - <mask> was born in <mask>.
07/05/2022 15:49:32 - INFO - __main__ - <mask>, a prominent local businessman, was born in <mask>.
07/05/2022 15:49:32 - INFO - __main__ - <mask> was born and raised in <mask>.
07/05/2022 15:49:32 - INFO - __main__ - <mask>, the son of a wealthy merchant, was born in <mask>.
07/05/2022 15:49:32 - INFO - __main__ - <mask> is a former professional baseball player who played for <mask>.
07/05/2022 15:49:32 - INFO - __main__ - <mask> (1828–1896), who died in <mask>.
07/05/2022 15:49:32 - INFO - __main__ - <mask> was an early settler of <mask>.
07/05/2022 15:49:32 - INFO - __main__ - <mask> is a retired police officer who lives in <mask>.
07/05/2022 15:49:32 - INFO - __main__ - <mask>, a local businessman, was a prominent figure in <mask>.
07/05/2022 15:49:32 - INFO - __main__ - <mask> is a former professional footballer who played for <mask>.
07/05/2022 15:49:32 - INFO - __main__ - ****************************
07/05/2022 15:49:32 - INFO - __main__ - *********References*********
07/05/2022 15:49:32 - INFO - __main__ - ['the place where <mask> was born is <mask>.']
07/05/2022 15:49:32 - INFO - __main__ - ****************************
07/05/2022 15:50:01 - INFO - __main__ - ***********Input************
07/05/2022 15:50:01 - INFO - __main__ - A Conservative, the Honourable <mask> served until his death in 1871 in <mask>, Ontario .
07/05/2022 15:50:01 - INFO - __main__ - *********Hypothesis*********
07/05/2022 15:50:01 - INFO - __main__ - <mask> was born and raised in <mask>.
07/05/2022 15:50:01 - INFO - __main__ - <mask> was born and raised in the <mask>.
07/05/2022 15:50:01 - INFO - __main__ - <mask>'s family moved to a farm in <mask>.
07/05/2022 15:50:01 - INFO - __main__ - <mask> has been involved in several charitable organizations in <mask>.
07/05/2022 15:50:01 - INFO - __main__ - <mask> was born and raised in the city of <mask>.
07/05/2022 15:50:01 - INFO - __main__ - <mask> is a native of <mask>.
07/05/2022 15:50:01 - INFO - __main__ - <mask> had been a member of the city council in <mask>.
07/05/2022 15:50:01 - INFO - __main__ - <mask> is a native of the <mask>.
07/05/2022 15:50:01 - INFO - __main__ - <mask> began his career as an assistant coach at <mask>.
07/05/2022 15:50:01 - INFO - __main__ - <mask> has been a long-time resident of <mask>.
07/05/2022 15:50:01 - INFO - __main__ - ****************************
07/05/2022 15:50:01 - INFO - __main__ - *********References*********
07/05/2022 15:50:01 - INFO - __main__ - ['the place where <mask> died is <mask>.']
07/05/2022 15:50:01 - INFO - __main__ - ****************************
07/05/2022 15:50:28 - INFO - __main__ - ***********Input************
07/05/2022 15:50:28 - INFO - __main__ - <mask> died at <mask> BC December 20, 1959 age 85 .
07/05/2022 15:50:28 - INFO - __main__ - *********Hypothesis*********
07/05/2022 15:50:28 - INFO - __main__ - <mask> was born and raised in the city of <mask>.
07/05/2022 15:50:28 - INFO - __main__ - <mask>'s father was a lawyer and a judge in <mask>.
07/05/2022 15:50:28 - INFO - __main__ - <mask> has been a long-time resident of <mask>.
07/05/2022 15:50:28 - INFO - __main__ - <mask> was born and raised in <mask>.
07/05/2022 15:50:28 - INFO - __main__ - <mask> was born and raised in the <mask>.
07/05/2022 15:50:28 - INFO - __main__ - <mask>'s family had been involved in the lumber industry in <mask>.
07/05/2022 15:50:28 - INFO - __main__ - <mask> is a former member of the board of <mask>.
07/05/2022 15:50:28 - INFO - __main__ - <mask> had previously been the minister of education in the government of <mask>.
07/05/2022 15:50:28 - INFO - __main__ - <mask> began his career as a journalist in <mask>.
07/05/2022 15:50:28 - INFO - __main__ - <mask> is a member of the board of directors of the charity, <mask>.
07/05/2022 15:50:28 - INFO - __main__ - ****************************
07/05/2022 15:50:28 - INFO - __main__ - *********References*********
07/05/2022 15:50:28 - INFO - __main__ - ['the place where <mask> died is <mask>.']
07/05/2022 15:50:28 - INFO - __main__ - ****************************
07/05/2022 15:51:00 - INFO - __main__ - ***********Input************
07/05/2022 15:51:00 - INFO - __main__ - Considered by some in the art world to be one of the last of the Surrealists, <mask> died in his home in <mask> on April 25, 2008, aged 99 Donati's health had been failing since involved, as a passenger, in a taxi accident in July, 2007 .
07/05/2022 15:51:00 - INFO - __main__ - *********Hypothesis*********
07/05/2022 15:51:00 - INFO - __main__ - <mask> was born and died in <mask>.
07/05/2022 15:51:00 - INFO - __main__ - <mask> was born in <mask>.
07/05/2022 15:51:00 - INFO - __main__ - <mask> was born in the city of <mask>.
07/05/2022 15:51:00 - INFO - __main__ - <mask> was born and raised in <mask>.
07/05/2022 15:51:00 - INFO - __main__ - <mask>, a painter, was born in <mask>.
07/05/2022 15:51:00 - INFO - __main__ - <mask> is a native of <mask>.
07/05/2022 15:51:00 - INFO - __main__ - <mask> began his career as an assistant at the accademia di belle arti in <mask>.
07/05/2022 15:51:00 - INFO - __main__ - <mask> started his career as a journalist in <mask>.
07/05/2022 15:51:00 - INFO - __main__ - <mask> is a former professional footballer who played for <mask>.
07/05/2022 15:51:00 - INFO - __main__ - <mask>'s father was a lawyer and his mother was a teacher in <mask>.
07/05/2022 15:51:00 - INFO - __main__ - ****************************
07/05/2022 15:51:00 - INFO - __main__ - *********References*********
07/05/2022 15:51:00 - INFO - __main__ - ['the place where <mask> died is <mask>.']
07/05/2022 15:51:00 - INFO - __main__ - ****************************
07/05/2022 15:51:30 - INFO - __main__ - ***********Input************
07/05/2022 15:51:30 - INFO - __main__ - <mask> died of pneumonia in 1990 at his home in <mask>, California .
07/05/2022 15:51:30 - INFO - __main__ - *********Hypothesis*********
07/05/2022 15:51:30 - INFO - __main__ - <mask> was a member of the board of directors of the city of <mask>.
07/05/2022 15:51:30 - INFO - __main__ - <mask> is currently a resident of <mask>.
07/05/2022 15:51:30 - INFO - __main__ - <mask> was born and raised in the city of <mask>.
07/05/2022 15:51:30 - INFO - __main__ - <mask> has been a long-time resident of <mask>.
07/05/2022 15:51:30 - INFO - __main__ - <mask>'s father was a successful businessman in <mask>.
07/05/2022 15:51:30 - INFO - __main__ - <mask> is a former professional basketball player who played for <mask>.
07/05/2022 15:51:30 - INFO - __main__ - <mask> was born and raised in <mask>.
07/05/2022 15:51:30 - INFO - __main__ - <mask> began his career as a professional dancer in <mask>.
07/05/2022 15:51:30 - INFO - __main__ - <mask> and her family live in a small apartment in <mask>.
07/05/2022 15:51:30 - INFO - __main__ - <mask> is a native of <mask>.
07/05/2022 15:51:30 - INFO - __main__ - ****************************
07/05/2022 15:51:30 - INFO - __main__ - *********References*********
07/05/2022 15:51:30 - INFO - __main__ - ['the place where <mask> died is <mask>.']
07/05/2022 15:51:30 - INFO - __main__ - ****************************
07/05/2022 15:52:00 - INFO - __main__ - ***********Input************
07/05/2022 15:52:00 - INFO - __main__ - <mask> died in 1888 in <mask>, Germany and is buried, together with his wife, Sophie in Weißensee .
07/05/2022 15:52:00 - INFO - __main__ - *********Hypothesis*********
07/05/2022 15:52:00 - INFO - __main__ - <mask> was born and died in <mask>.
07/05/2022 15:52:00 - INFO - __main__ - <mask>'s father was a lawyer in <mask>.
07/05/2022 15:52:00 - INFO - __main__ - <mask> was born and raised in <mask>.
07/05/2022 15:52:00 - INFO - __main__ - <mask> is a native of <mask>.
07/05/2022 15:52:00 - INFO - __main__ - <mask> was born in the city of <mask>.
07/05/2022 15:52:00 - INFO - __main__ - <mask> had been a member of the city council of <mask>.
07/05/2022 15:52:00 - INFO - __main__ - <mask>'s family moved to <mask>.
07/05/2022 15:52:00 - INFO - __main__ - <mask>'s family had been involved in the brewing business since <mask>.
07/05/2022 15:52:00 - INFO - __main__ - <mask> died of a heart attack while on a visit to <mask>.
07/05/2022 15:52:00 - INFO - __main__ - <mask> is a native of the <mask>.
07/05/2022 15:52:00 - INFO - __main__ - ****************************
07/05/2022 15:52:00 - INFO - __main__ - *********References*********
07/05/2022 15:52:00 - INFO - __main__ - ['the place where <mask> died is <mask>.']
07/05/2022 15:52:00 - INFO - __main__ - ****************************
07/05/2022 15:52:00 - INFO - __main__ - Task: google-re
07/05/2022 15:52:00 - INFO - __main__ - bleu-4: 5.197817465189292e-79
07/05/2022 15:52:00 - INFO - __main__ - bleu-3: 0.03428796415418282
07/05/2022 15:52:00 - INFO - __main__ - bleu-2: 0.07836110413672848
07/05/2022 15:52:00 - INFO - __main__ - bleu-1: 0.3203435669202301
07/05/2022 15:52:00 - INFO - __main__ - METEOR: 0.23524731588455083
07/05/2022 15:52:00 - INFO - __main__ - ROUGE-L: 0.36136898332718764
07/05/2022 15:52:00 - INFO - __main__ - entailment score(mean-mean): 0.08969290806130933
07/05/2022 15:52:00 - INFO - __main__ - entailment score(mean-max): 0.5213227112777531
07/05/2022 15:52:00 - INFO - __main__ - entailment score(mean-min): 0.0006054540637705941
07/05/2022 15:52:00 - INFO - __main__ - self-BLEU-2: 0.885828926127781
07/05/2022 15:52:00 - INFO - __main__ - avg: 0.17160148907047998
07/05/2022 15:52:00 - INFO - __main__ - *******************************************************
07/05/2022 15:52:00 - INFO - __main__ - *******************************************************
07/05/2022 15:52:00 - INFO - __main__ - *******************************************************
07/09/2022 07:36:32 - INFO - __main__ - **************** MODEL CONFIGURATION ****************
07/09/2022 07:36:32 - INFO - __main__ - bart_training             -->   True
07/09/2022 07:36:32 - INFO - __main__ - device                    -->   8
07/09/2022 07:36:32 - INFO - __main__ - group_beam                -->   True
07/09/2022 07:36:32 - INFO - __main__ - if_then                   -->   False
07/09/2022 07:36:32 - INFO - __main__ - inductor                  -->   rule
07/09/2022 07:36:32 - INFO - __main__ - log_dir                   -->   logs_new/
07/09/2022 07:36:32 - INFO - __main__ - log_name                  -->   google-rerun
07/09/2022 07:36:32 - INFO - __main__ - mlm_training              -->   True
07/09/2022 07:36:32 - INFO - __main__ - task                      -->   google-re
07/09/2022 07:36:32 - INFO - __main__ - **************** MODEL CONFIGURATION ****************
07/09/2022 07:38:35 - INFO - __main__ - ***********Input************
07/09/2022 07:38:35 - INFO - __main__ - <mask> (b. 1954 in <mask>) is a best-selling American author of romance novels .
07/09/2022 07:38:35 - INFO - __main__ - *********Hypothesis*********
07/09/2022 07:38:35 - INFO - __main__ - <mask> was born in <mask>.
07/09/2022 07:38:35 - INFO - __main__ - <mask> was born and raised in <mask>.
07/09/2022 07:38:35 - INFO - __main__ - <mask> is a writer and artist based in <mask>.
07/09/2022 07:38:35 - INFO - __main__ - <mask>, a lawyer, was born in <mask>.
07/09/2022 07:38:35 - INFO - __main__ - <mask> is an artist from <mask>.
07/09/2022 07:38:35 - INFO - __main__ - <mask> is a singer-songwriter from <mask>.
07/09/2022 07:38:35 - INFO - __main__ - <mask>, who was a nurse in <mask>.
07/09/2022 07:38:35 - INFO - __main__ - <mask>, who was a <mask>.
07/09/2022 07:38:35 - INFO - __main__ - <mask> is an artist based in <mask>.
07/09/2022 07:38:35 - INFO - __main__ - <mask> is a writer and artist from <mask>.
07/09/2022 07:38:35 - INFO - __main__ - ****************************
07/09/2022 07:38:35 - INFO - __main__ - *********References*********
07/09/2022 07:38:35 - INFO - __main__ - ['the place where <mask> was born is <mask>.']
07/09/2022 07:38:35 - INFO - __main__ - ****************************
07/09/2022 07:39:16 - INFO - __main__ - ***********Input************
07/09/2022 07:39:16 - INFO - __main__ - <mask> (born c.<mask> Chapel Hill, North Carolina) is an American director and designer of experimental theatre from New York City .
07/09/2022 07:39:16 - INFO - __main__ - *********Hypothesis*********
07/09/2022 07:39:16 - INFO - __main__ - <mask> was born in <mask>.
07/09/2022 07:39:16 - INFO - __main__ - <mask>, a former, and a former mayor of the city of <mask>.
07/09/2022 07:39:16 - INFO - __main__ - <mask> was born <mask>.
07/09/2022 07:39:16 - INFO - __main__ - <mask>: die welt im <mask>.
07/09/2022 07:39:16 - INFO - __main__ - <mask>, a former member of the group, was born in <mask>.
07/09/2022 07:39:16 - INFO - __main__ - <mask> is a former professional tennis player from <mask>.
07/09/2022 07:39:16 - INFO - __main__ - <mask>, actress, was born in <mask>.
07/09/2022 07:39:16 - INFO - __main__ - <mask>: the history of <mask>.
07/09/2022 07:39:16 - INFO - __main__ - <mask>, who was a member of the group, died in <mask>.
07/09/2022 07:39:16 - INFO - __main__ - <mask>, a in <mask>.
07/09/2022 07:39:16 - INFO - __main__ - ****************************
07/09/2022 07:39:16 - INFO - __main__ - *********References*********
07/09/2022 07:39:16 - INFO - __main__ - ['the date when <mask> was born is <mask>.']
07/09/2022 07:39:16 - INFO - __main__ - ****************************
07/09/2022 07:40:02 - INFO - __main__ - ***********Input************
07/09/2022 07:40:02 - INFO - __main__ - <mask> (born c <mask>) is a former softball player and coach .
07/09/2022 07:40:02 - INFO - __main__ - *********Hypothesis*********
07/09/2022 07:40:02 - INFO - __main__ - <mask> was born in <mask>.
07/09/2022 07:40:02 - INFO - __main__ - <mask>, a former teacher, was born in <mask>.
07/09/2022 07:40:02 - INFO - __main__ - <mask> died in <mask>.
07/09/2022 07:40:02 - INFO - __main__ - <mask> was born on <mask>.
07/09/2022 07:40:02 - INFO - __main__ - <mask> died on <mask>.
07/09/2022 07:40:02 - INFO - __main__ - <mask> y la maría maría, <mask>.
07/09/2022 07:40:02 - INFO - __main__ - <mask>, who had been a member of the group since <mask>.
07/09/2022 07:40:02 - INFO - __main__ - <mask>, a former president, was elected in <mask>.
07/09/2022 07:40:02 - INFO - __main__ - <mask> y la maría maría <mask>.
07/09/2022 07:40:02 - INFO - __main__ - <mask> became the director in <mask>.
07/09/2022 07:40:02 - INFO - __main__ - ****************************
07/09/2022 07:40:02 - INFO - __main__ - *********References*********
07/09/2022 07:40:02 - INFO - __main__ - ['the date when <mask> was born is <mask>.']
07/09/2022 07:40:02 - INFO - __main__ - ****************************
07/09/2022 07:40:30 - INFO - __main__ - ***********Input************
07/09/2022 07:40:30 - INFO - __main__ - <mask> (1738--1811) was a British composer and organist born in <mask> .
07/09/2022 07:40:30 - INFO - __main__ - *********Hypothesis*********
07/09/2022 07:40:30 - INFO - __main__ - <mask> was born and died in <mask>.
07/09/2022 07:40:30 - INFO - __main__ - <mask>,, chief constable, city of <mask>.
07/09/2022 07:40:30 - INFO - __main__ - <mask> was a merchant and politician in <mask>.
07/09/2022 07:40:30 - INFO - __main__ - <mask> was a professional footballer who played for <mask>.
07/09/2022 07:40:30 - INFO - __main__ - <mask> is an artist, writer and curator based in <mask>.
07/09/2022 07:40:30 - INFO - __main__ - <mask> (1818–1896) was a merchant and politician in <mask>.
07/09/2022 07:40:30 - INFO - __main__ - <mask> was born in the town of <mask>.
07/09/2022 07:40:30 - INFO - __main__ - <mask> (1772–1835), who died in <mask>.
07/09/2022 07:40:30 - INFO - __main__ - <mask> is a former professional footballer who played for <mask>.
07/09/2022 07:40:30 - INFO - __main__ - <mask>, a prominent local businessman, was born in <mask>.
07/09/2022 07:40:30 - INFO - __main__ - ****************************
07/09/2022 07:40:30 - INFO - __main__ - *********References*********
07/09/2022 07:40:30 - INFO - __main__ - ['the place where <mask> was born is <mask>.']
07/09/2022 07:40:30 - INFO - __main__ - ****************************
07/09/2022 07:41:09 - INFO - __main__ - ***********Input************
07/09/2022 07:41:09 - INFO - __main__ - <mask> (b. February 11, 1955, <mask>, Tennessee - d July 2, 2007, Tiburon, California) was an American artist .
07/09/2022 07:41:09 - INFO - __main__ - *********Hypothesis*********
07/09/2022 07:41:09 - INFO - __main__ - <mask> was born in <mask>.
07/09/2022 07:41:09 - INFO - __main__ - <mask> is a former professional basketball player who played for <mask>.
07/09/2022 07:41:09 - INFO - __main__ - <mask>, the son of a wealthy family, was born in <mask>.
07/09/2022 07:41:09 - INFO - __main__ - <mask> is a professional basketball player from <mask>.
07/09/2022 07:41:09 - INFO - __main__ - <mask> was born and raised in <mask>.
07/09/2022 07:41:09 - INFO - __main__ - <mask>, who was a member of the band, was born in <mask>.
07/09/2022 07:41:09 - INFO - __main__ - <mask> is a native of <mask>.
07/09/2022 07:41:09 - INFO - __main__ - <mask>, a prominent lawyer, was born in <mask>.
07/09/2022 07:41:09 - INFO - __main__ - <mask>, the founder of the city of <mask>.
07/09/2022 07:41:09 - INFO - __main__ - <mask>, a former teacher, was born in <mask>.
07/09/2022 07:41:09 - INFO - __main__ - ****************************
07/09/2022 07:41:09 - INFO - __main__ - *********References*********
07/09/2022 07:41:09 - INFO - __main__ - ['the place where <mask> was born is <mask>.']
07/09/2022 07:41:09 - INFO - __main__ - ****************************
07/09/2022 07:41:44 - INFO - __main__ - ***********Input************
07/09/2022 07:41:44 - INFO - __main__ - <mask> (c. <mask> - 25 August 1785) was a British diplomat and politician who sat in the House of Commons between 1762 and 1774 .
07/09/2022 07:41:44 - INFO - __main__ - *********Hypothesis*********
07/09/2022 07:41:44 - INFO - __main__ - <mask> was born in the village in <mask>.
07/09/2022 07:41:44 - INFO - __main__ - <mask>, a local merchant, was the owner of the house in <mask>.
07/09/2022 07:41:44 - INFO - __main__ - <mask> was the last surviving member of the family, who died in <mask>.
07/09/2022 07:41:44 - INFO - __main__ - <mask>, who was a prominent local merchant, was born in <mask>.
07/09/2022 07:41:44 - INFO - __main__ - <mask> had been a member of the council since <mask>.
07/09/2022 07:41:44 - INFO - __main__ - <mask> of st. mary's, who died in <mask>.
07/09/2022 07:41:44 - INFO - __main__ - <mask> (1715–1772) was born in <mask>.
07/09/2022 07:41:44 - INFO - __main__ - <mask> was appointed as a justice of the peace in <mask>.
07/09/2022 07:41:44 - INFO - __main__ - <mask>, a prominent local merchant, was born here in <mask>.
07/09/2022 07:41:44 - INFO - __main__ - <mask> built the house in <mask>.
07/09/2022 07:41:44 - INFO - __main__ - ****************************
07/09/2022 07:41:44 - INFO - __main__ - *********References*********
07/09/2022 07:41:44 - INFO - __main__ - ['the date when <mask> was born is <mask>.']
07/09/2022 07:41:44 - INFO - __main__ - ****************************
07/09/2022 07:42:23 - INFO - __main__ - ***********Input************
07/09/2022 07:42:23 - INFO - __main__ - <mask> (born December 28th, <mask>) is a United States of America Democratic political consultant and activist who has worked on six presidential campaigns, served as Policy Director for the Speaker of the House in Connecticut, and served as the National Coordinated Campaign Director for both the 1992 and 1996 Presidential campaigns of Bill Clinton .
07/09/2022 07:42:23 - INFO - __main__ - *********Hypothesis*********
07/09/2022 07:42:23 - INFO - __main__ - <mask> was born in <mask>.
07/09/2022 07:42:23 - INFO - __main__ - <mask> was the last president to be elected in <mask>.
07/09/2022 07:42:23 - INFO - __main__ - <mask>, jr. was born in <mask>.
07/09/2022 07:42:23 - INFO - __main__ - <mask>, who was a member of the group, was elected president in <mask>.
07/09/2022 07:42:23 - INFO - __main__ - <mask> has been a member of the board of directors since <mask>.
07/09/2022 07:42:23 - INFO - __main__ - <mask> became president and ceo in <mask>.
07/09/2022 07:42:23 - INFO - __main__ - <mask>, who had been a member of the group since <mask>.
07/09/2022 07:42:23 - INFO - __main__ - <mask> is a former professional baseball player who played in <mask>.
07/09/2022 07:42:23 - INFO - __main__ - <mask> was elected president in <mask>.
07/09/2022 07:42:23 - INFO - __main__ - <mask>, who had been a member of the band since <mask>.
07/09/2022 07:42:23 - INFO - __main__ - ****************************
07/09/2022 07:42:23 - INFO - __main__ - *********References*********
07/09/2022 07:42:23 - INFO - __main__ - ['the date when <mask> was born is <mask>.']
07/09/2022 07:42:23 - INFO - __main__ - ****************************
07/09/2022 07:42:58 - INFO - __main__ - ***********Input************
07/09/2022 07:42:58 - INFO - __main__ - <mask> (born <mask> in Vlorë, Albania) is a singer who at fourtheen moved to Pistoia, Italy were he remains with his parents and three brothers .
07/09/2022 07:42:58 - INFO - __main__ - *********Hypothesis*********
07/09/2022 07:42:58 - INFO - __main__ - <mask> was born in <mask>.
07/09/2022 07:42:58 - INFO - __main__ - <mask> was the son of <mask>.
07/09/2022 07:42:58 - INFO - __main__ - <mask> is the son of <mask>.
07/09/2022 07:42:58 - INFO - __main__ - <mask> is a former mayor of <mask>.
07/09/2022 07:42:58 - INFO - __main__ - <mask> is a member of the band <mask>.
07/09/2022 07:42:58 - INFO - __main__ - <mask> is the daughter of <mask>.
07/09/2022 07:42:58 - INFO - __main__ - <mask> is the current mayor of <mask>.
07/09/2022 07:42:58 - INFO - __main__ - <mask> is the son of former <mask>.
07/09/2022 07:42:58 - INFO - __main__ - <mask> is the capital of <mask>.
07/09/2022 07:42:58 - INFO - __main__ - <mask> was renamed as <mask>.
07/09/2022 07:42:58 - INFO - __main__ - ****************************
07/09/2022 07:42:58 - INFO - __main__ - *********References*********
07/09/2022 07:42:58 - INFO - __main__ - ['the date when <mask> was born is <mask>.']
07/09/2022 07:42:58 - INFO - __main__ - ****************************
07/09/2022 07:43:33 - INFO - __main__ - ***********Input************
07/09/2022 07:43:33 - INFO - __main__ - <mask> (born 27 September 1974, in <mask>, India) is a former Indian cricketer .
07/09/2022 07:43:33 - INFO - __main__ - *********Hypothesis*********
07/09/2022 07:43:33 - INFO - __main__ - <mask> was born in <mask>.
07/09/2022 07:43:33 - INFO - __main__ - <mask> was born and brought up in <mask>.
07/09/2022 07:43:33 - INFO - __main__ - <mask> is a young man who lives in <mask>.
07/09/2022 07:43:33 - INFO - __main__ - <mask> is a film director from <mask>.
07/09/2022 07:43:33 - INFO - __main__ - <mask> was born in a <mask>.
07/09/2022 07:43:33 - INFO - __main__ - <mask> is a film director and producer from <mask>.
07/09/2022 07:43:33 - INFO - __main__ - <mask>, the son of a rich businessman, lives in <mask>.
07/09/2022 07:43:33 - INFO - __main__ - <mask> started his career as a journalist in <mask>.
07/09/2022 07:43:33 - INFO - __main__ - <mask> has been a resident of <mask>.
07/09/2022 07:43:33 - INFO - __main__ - <mask> lives with his family in <mask>.
07/09/2022 07:43:33 - INFO - __main__ - ****************************
07/09/2022 07:43:33 - INFO - __main__ - *********References*********
07/09/2022 07:43:33 - INFO - __main__ - ['the place where <mask> was born is <mask>.']
07/09/2022 07:43:33 - INFO - __main__ - ****************************
07/09/2022 07:44:10 - INFO - __main__ - ***********Input************
07/09/2022 07:44:10 - INFO - __main__ - <mask> (1806-1867) was an American physician, born in <mask>, Massachusetts .
07/09/2022 07:44:10 - INFO - __main__ - *********Hypothesis*********
07/09/2022 07:44:10 - INFO - __main__ - <mask> was born in <mask>.
07/09/2022 07:44:10 - INFO - __main__ - <mask>, a prominent local businessman, was born in <mask>.
07/09/2022 07:44:10 - INFO - __main__ - <mask> was born and raised in <mask>.
07/09/2022 07:44:10 - INFO - __main__ - <mask>, the son of a wealthy merchant, was born in <mask>.
07/09/2022 07:44:10 - INFO - __main__ - <mask> is a former professional baseball player who played for <mask>.
07/09/2022 07:44:10 - INFO - __main__ - <mask> (1828–1896), who died in <mask>.
07/09/2022 07:44:10 - INFO - __main__ - <mask> was an early settler of <mask>.
07/09/2022 07:44:10 - INFO - __main__ - <mask> is a retired police officer who lives in <mask>.
07/09/2022 07:44:10 - INFO - __main__ - <mask>, a local businessman, was a prominent figure in <mask>.
07/09/2022 07:44:10 - INFO - __main__ - <mask> is a former professional footballer who played for <mask>.
07/09/2022 07:44:10 - INFO - __main__ - ****************************
07/09/2022 07:44:10 - INFO - __main__ - *********References*********
07/09/2022 07:44:10 - INFO - __main__ - ['the place where <mask> was born is <mask>.']
07/09/2022 07:44:10 - INFO - __main__ - ****************************
07/09/2022 07:44:41 - INFO - __main__ - ***********Input************
07/09/2022 07:44:41 - INFO - __main__ - A Conservative, the Honourable <mask> served until his death in 1871 in <mask>, Ontario .
07/09/2022 07:44:41 - INFO - __main__ - *********Hypothesis*********
07/09/2022 07:44:41 - INFO - __main__ - <mask> was born and raised in <mask>.
07/09/2022 07:44:41 - INFO - __main__ - <mask> was born and raised in the <mask>.
07/09/2022 07:44:41 - INFO - __main__ - <mask>'s family moved to a farm in <mask>.
07/09/2022 07:44:41 - INFO - __main__ - <mask> has been involved in several charitable organizations in <mask>.
07/09/2022 07:44:41 - INFO - __main__ - <mask> was born and raised in the city of <mask>.
07/09/2022 07:44:41 - INFO - __main__ - <mask> is a native of <mask>.
07/09/2022 07:44:41 - INFO - __main__ - <mask> had been a member of the city council in <mask>.
07/09/2022 07:44:41 - INFO - __main__ - <mask> is a native of the <mask>.
07/09/2022 07:44:41 - INFO - __main__ - <mask> began his career as an assistant coach at <mask>.
07/09/2022 07:44:41 - INFO - __main__ - <mask> has been a long-time resident of <mask>.
07/09/2022 07:44:41 - INFO - __main__ - ****************************
07/09/2022 07:44:41 - INFO - __main__ - *********References*********
07/09/2022 07:44:41 - INFO - __main__ - ['the place where <mask> died is <mask>.']
07/09/2022 07:44:41 - INFO - __main__ - ****************************
07/09/2022 07:45:09 - INFO - __main__ - ***********Input************
07/09/2022 07:45:09 - INFO - __main__ - <mask> died at <mask> BC December 20, 1959 age 85 .
07/09/2022 07:45:09 - INFO - __main__ - *********Hypothesis*********
07/09/2022 07:45:09 - INFO - __main__ - <mask> was born and raised in the city of <mask>.
07/09/2022 07:45:09 - INFO - __main__ - <mask>'s father was a lawyer and a judge in <mask>.
07/09/2022 07:45:09 - INFO - __main__ - <mask> has been a long-time resident of <mask>.
07/09/2022 07:45:09 - INFO - __main__ - <mask> was born and raised in <mask>.
07/09/2022 07:45:09 - INFO - __main__ - <mask> was born and raised in the <mask>.
07/09/2022 07:45:09 - INFO - __main__ - <mask>'s family had been involved in the lumber industry in <mask>.
07/09/2022 07:45:09 - INFO - __main__ - <mask> is a former member of the board of <mask>.
07/09/2022 07:45:09 - INFO - __main__ - <mask> had previously been the minister of education in the government of <mask>.
07/09/2022 07:45:09 - INFO - __main__ - <mask> began his career as a journalist in <mask>.
07/09/2022 07:45:09 - INFO - __main__ - <mask> is a member of the board of directors of the charity, <mask>.
07/09/2022 07:45:09 - INFO - __main__ - ****************************
07/09/2022 07:45:09 - INFO - __main__ - *********References*********
07/09/2022 07:45:09 - INFO - __main__ - ['the place where <mask> died is <mask>.']
07/09/2022 07:45:09 - INFO - __main__ - ****************************
07/09/2022 07:45:41 - INFO - __main__ - ***********Input************
07/09/2022 07:45:41 - INFO - __main__ - Considered by some in the art world to be one of the last of the Surrealists, <mask> died in his home in <mask> on April 25, 2008, aged 99 Donati's health had been failing since involved, as a passenger, in a taxi accident in July, 2007 .
07/09/2022 07:45:41 - INFO - __main__ - *********Hypothesis*********
07/09/2022 07:45:41 - INFO - __main__ - <mask> was born and died in <mask>.
07/09/2022 07:45:41 - INFO - __main__ - <mask> was born in <mask>.
07/09/2022 07:45:41 - INFO - __main__ - <mask> was born in the city of <mask>.
07/09/2022 07:45:41 - INFO - __main__ - <mask> was born and raised in <mask>.
07/09/2022 07:45:41 - INFO - __main__ - <mask>, a painter, was born in <mask>.
07/09/2022 07:45:41 - INFO - __main__ - <mask> is a native of <mask>.
07/09/2022 07:45:41 - INFO - __main__ - <mask> began his career as an assistant at the accademia di belle arti in <mask>.
07/09/2022 07:45:41 - INFO - __main__ - <mask> started his career as a journalist in <mask>.
07/09/2022 07:45:41 - INFO - __main__ - <mask> is a former professional footballer who played for <mask>.
07/09/2022 07:45:41 - INFO - __main__ - <mask>'s father was a lawyer and his mother was a teacher in <mask>.
07/09/2022 07:45:41 - INFO - __main__ - ****************************
07/09/2022 07:45:41 - INFO - __main__ - *********References*********
07/09/2022 07:45:41 - INFO - __main__ - ['the place where <mask> died is <mask>.']
07/09/2022 07:45:41 - INFO - __main__ - ****************************
07/09/2022 07:46:12 - INFO - __main__ - ***********Input************
07/09/2022 07:46:12 - INFO - __main__ - <mask> died of pneumonia in 1990 at his home in <mask>, California .
07/09/2022 07:46:12 - INFO - __main__ - *********Hypothesis*********
07/09/2022 07:46:12 - INFO - __main__ - <mask> was a member of the board of directors of the city of <mask>.
07/09/2022 07:46:12 - INFO - __main__ - <mask> is currently a resident of <mask>.
07/09/2022 07:46:12 - INFO - __main__ - <mask> was born and raised in the city of <mask>.
07/09/2022 07:46:12 - INFO - __main__ - <mask> has been a long-time resident of <mask>.
07/09/2022 07:46:12 - INFO - __main__ - <mask>'s father was a successful businessman in <mask>.
07/09/2022 07:46:12 - INFO - __main__ - <mask> is a former professional basketball player who played for <mask>.
07/09/2022 07:46:12 - INFO - __main__ - <mask> was born and raised in <mask>.
07/09/2022 07:46:12 - INFO - __main__ - <mask> began his career as a professional dancer in <mask>.
07/09/2022 07:46:12 - INFO - __main__ - <mask> and her family live in a small apartment in <mask>.
07/09/2022 07:46:12 - INFO - __main__ - <mask> is a native of <mask>.
07/09/2022 07:46:12 - INFO - __main__ - ****************************
07/09/2022 07:46:12 - INFO - __main__ - *********References*********
07/09/2022 07:46:12 - INFO - __main__ - ['the place where <mask> died is <mask>.']
07/09/2022 07:46:12 - INFO - __main__ - ****************************
07/09/2022 07:46:43 - INFO - __main__ - ***********Input************
07/09/2022 07:46:43 - INFO - __main__ - <mask> died in 1888 in <mask>, Germany and is buried, together with his wife, Sophie in Weißensee .
07/09/2022 07:46:43 - INFO - __main__ - *********Hypothesis*********
07/09/2022 07:46:43 - INFO - __main__ - <mask> was born and died in <mask>.
07/09/2022 07:46:43 - INFO - __main__ - <mask>'s father was a lawyer in <mask>.
07/09/2022 07:46:43 - INFO - __main__ - <mask> was born and raised in <mask>.
07/09/2022 07:46:43 - INFO - __main__ - <mask> is a native of <mask>.
07/09/2022 07:46:43 - INFO - __main__ - <mask> was born in the city of <mask>.
07/09/2022 07:46:43 - INFO - __main__ - <mask> had been a member of the city council of <mask>.
07/09/2022 07:46:43 - INFO - __main__ - <mask>'s family moved to <mask>.
07/09/2022 07:46:43 - INFO - __main__ - <mask>'s family had been involved in the brewing business since <mask>.
07/09/2022 07:46:43 - INFO - __main__ - <mask> died of a heart attack while on a visit to <mask>.
07/09/2022 07:46:43 - INFO - __main__ - <mask> is a native of the <mask>.
07/09/2022 07:46:43 - INFO - __main__ - ****************************
07/09/2022 07:46:43 - INFO - __main__ - *********References*********
07/09/2022 07:46:43 - INFO - __main__ - ['the place where <mask> died is <mask>.']
07/09/2022 07:46:43 - INFO - __main__ - ****************************
07/09/2022 07:46:44 - INFO - __main__ - Task: google-re
07/09/2022 07:46:44 - INFO - __main__ - bleu-4: 5.197817465189292e-79
07/09/2022 07:46:44 - INFO - __main__ - bleu-3: 0.03428796415418282
07/09/2022 07:46:44 - INFO - __main__ - bleu-2: 0.07836110413672848
07/09/2022 07:46:44 - INFO - __main__ - bleu-1: 0.3203435669202301
07/09/2022 07:46:44 - INFO - __main__ - METEOR: 0.23524731588455083
07/09/2022 07:46:44 - INFO - __main__ - ROUGE-L: 0.36136898332718764
07/09/2022 07:46:44 - INFO - __main__ - entailment score(mean-mean): 0.08969290806130933
07/09/2022 07:46:44 - INFO - __main__ - entailment score(mean-max): 0.5213227112777531
07/09/2022 07:46:44 - INFO - __main__ - entailment score(mean-min): 0.0006054540637705941
07/09/2022 07:46:44 - INFO - __main__ - self-BLEU-2: 0.885828926127781
07/09/2022 07:46:44 - INFO - __main__ - avg: 0.17160148907047998
07/09/2022 07:46:44 - INFO - __main__ - *******************************************************
07/09/2022 07:46:44 - INFO - __main__ - *******************************************************
07/09/2022 07:46:44 - INFO - __main__ - *******************************************************
