07/05/2022 04:02:12 - INFO - __main__ - **************** MODEL CONFIGURATION ****************
07/05/2022 04:02:12 - INFO - __main__ - bart_training             -->   True
07/05/2022 04:02:12 - INFO - __main__ - device                    -->   4
07/05/2022 04:02:12 - INFO - __main__ - group_beam                -->   True
07/05/2022 04:02:12 - INFO - __main__ - if_then                   -->   False
07/05/2022 04:02:12 - INFO - __main__ - inductor                  -->   rule
07/05/2022 04:02:12 - INFO - __main__ - log_dir                   -->   logs_new/
07/05/2022 04:02:12 - INFO - __main__ - log_name                  -->   google+dpp
07/05/2022 04:02:12 - INFO - __main__ - mlm_training              -->   True
07/05/2022 04:02:12 - INFO - __main__ - task                      -->   google-re
07/05/2022 04:02:12 - INFO - __main__ - **************** MODEL CONFIGURATION ****************
07/05/2022 04:03:44 - INFO - __main__ - ***********Input************
07/05/2022 04:03:44 - INFO - __main__ - <mask> (b. 1954 in <mask>) is a best-selling American author of romance novels .
07/05/2022 04:03:44 - INFO - __main__ - *********Hypothesis*********
07/05/2022 04:03:44 - INFO - __main__ - <mask> was born in <mask>.
07/05/2022 04:03:44 - INFO - __main__ - <mask>, professor of history, university of <mask>.
07/05/2022 04:03:44 - INFO - __main__ - <mask> is a film director and screenwriter from <mask>.
07/05/2022 04:03:44 - INFO - __main__ - <mask> is a writer and artist based in <mask>.
07/05/2022 04:03:44 - INFO - __main__ - <mask> was born and died in <mask>.
07/05/2022 04:03:44 - INFO - __main__ - <mask>: die welt im <mask>.
07/05/2022 04:03:44 - INFO - __main__ - <mask> is a former professional basketball player from <mask>.
07/05/2022 04:03:44 - INFO - __main__ - <mask> was born and raised in <mask>.
07/05/2022 04:03:44 - INFO - __main__ - <mask> is an artist based in <mask>.
07/05/2022 04:03:44 - INFO - __main__ - <mask> grew up in <mask>.
07/05/2022 04:03:44 - INFO - __main__ - ****************************
07/05/2022 04:03:44 - INFO - __main__ - *********References*********
07/05/2022 04:03:44 - INFO - __main__ - ['the place where <mask> was born is <mask>.']
07/05/2022 04:03:44 - INFO - __main__ - ****************************
07/05/2022 04:03:56 - INFO - __main__ - ***********Input************
07/05/2022 04:03:56 - INFO - __main__ - <mask> (born c.<mask> Chapel Hill, North Carolina) is an American director and designer of experimental theatre from New York City .
07/05/2022 04:03:56 - INFO - __main__ - *********Hypothesis*********
07/05/2022 04:03:56 - INFO - __main__ - <mask> was born in <mask>.
07/05/2022 04:03:56 - INFO - __main__ - <mask>, a former student of <mask>.
07/05/2022 04:03:56 - INFO - __main__ - <mask> is a professor of history and political science at <mask>.
07/05/2022 04:03:56 - INFO - __main__ - <mask>: the history of <mask>.
07/05/2022 04:03:56 - INFO - __main__ - <mask> is the current head coach of <mask>.
07/05/2022 04:03:56 - INFO - __main__ - <mask> was born <mask>.
07/05/2022 04:03:56 - INFO - __main__ - <mask>, "the 'bock' and <mask>.
07/05/2022 04:03:56 - INFO - __main__ - ****************************
07/05/2022 04:03:56 - INFO - __main__ - *********References*********
07/05/2022 04:03:56 - INFO - __main__ - ['the date when <mask> was born is <mask>.']
07/05/2022 04:03:56 - INFO - __main__ - ****************************
07/05/2022 04:04:05 - INFO - __main__ - ***********Input************
07/05/2022 04:04:05 - INFO - __main__ - <mask> (born c <mask>) is a former softball player and coach .
07/05/2022 04:04:05 - INFO - __main__ - *********Hypothesis*********
07/05/2022 04:04:05 - INFO - __main__ - no proper relation hypothesis
07/05/2022 04:04:05 - INFO - __main__ - ****************************
07/05/2022 04:04:05 - INFO - __main__ - *********References*********
07/05/2022 04:04:05 - INFO - __main__ - ['the date when <mask> was born is <mask>.']
07/05/2022 04:04:05 - INFO - __main__ - ****************************
07/05/2022 04:04:05 - WARNING - __main__ - Skip self-bleu-2 in example: <mask> (born c <mask>) is a former softball player and coach ..
07/05/2022 04:04:10 - INFO - __main__ - ***********Input************
07/05/2022 04:04:10 - INFO - __main__ - <mask> (1738--1811) was a British composer and organist born in <mask> .
07/05/2022 04:04:10 - INFO - __main__ - *********Hypothesis*********
07/05/2022 04:04:10 - INFO - __main__ - <mask>,, chief constable, city of <mask>.
07/05/2022 04:04:10 - INFO - __main__ - <mask> was a merchant and politician in <mask>.
07/05/2022 04:04:10 - INFO - __main__ - <mask>, chief superintendent, metropolitan police, <mask>.
07/05/2022 04:04:10 - INFO - __main__ - <mask> is a former professional footballer who played for <mask>.
07/05/2022 04:04:10 - INFO - __main__ - <mask> was born and died in <mask>.
07/05/2022 04:04:10 - INFO - __main__ - <mask>, superintendent of police, metropolitan police, <mask>.
07/05/2022 04:04:10 - INFO - __main__ - <mask> (1772–1835), who died in <mask>.
07/05/2022 04:04:10 - INFO - __main__ - <mask>,, deputy chief constable, city of <mask>.
07/05/2022 04:04:10 - INFO - __main__ - <mask> was an early settler of <mask>.
07/05/2022 04:04:10 - INFO - __main__ - <mask> is the son of a wealthy merchant in <mask>.
07/05/2022 04:04:10 - INFO - __main__ - ****************************
07/05/2022 04:04:10 - INFO - __main__ - *********References*********
07/05/2022 04:04:10 - INFO - __main__ - ['the place where <mask> was born is <mask>.']
07/05/2022 04:04:10 - INFO - __main__ - ****************************
07/05/2022 04:04:19 - INFO - __main__ - ***********Input************
07/05/2022 04:04:19 - INFO - __main__ - <mask> (b. February 11, 1955, <mask>, Tennessee - d July 2, 2007, Tiburon, California) was an American artist .
07/05/2022 04:04:19 - INFO - __main__ - *********Hypothesis*********
07/05/2022 04:04:19 - INFO - __main__ - <mask> was born in <mask>.
07/05/2022 04:04:19 - INFO - __main__ - <mask> is a former professional basketball player who played for <mask>.
07/05/2022 04:04:19 - INFO - __main__ - <mask> is a native of <mask>.
07/05/2022 04:04:19 - INFO - __main__ - <mask>, a former teacher, was born in <mask>.
07/05/2022 04:04:19 - INFO - __main__ - <mask> is a businessman and philanthropist based in <mask>.
07/05/2022 04:04:19 - INFO - __main__ - <mask>, the current mayor of <mask>.
07/05/2022 04:04:19 - INFO - __main__ - <mask> was born and raised in <mask>.
07/05/2022 04:04:19 - INFO - __main__ - <mask> is a lawyer and former mayor of <mask>.
07/05/2022 04:04:19 - INFO - __main__ - <mask>, a former mayor of <mask>.
07/05/2022 04:04:19 - INFO - __main__ - <mask>, the son of a wealthy family, was born in <mask>.
07/05/2022 04:04:19 - INFO - __main__ - ****************************
07/05/2022 04:04:19 - INFO - __main__ - *********References*********
07/05/2022 04:04:19 - INFO - __main__ - ['the place where <mask> was born is <mask>.']
07/05/2022 04:04:19 - INFO - __main__ - ****************************
07/05/2022 04:04:27 - INFO - __main__ - ***********Input************
07/05/2022 04:04:27 - INFO - __main__ - <mask> (c. <mask> - 25 August 1785) was a British diplomat and politician who sat in the House of Commons between 1762 and 1774 .
07/05/2022 04:04:27 - INFO - __main__ - *********Hypothesis*********
07/05/2022 04:04:27 - INFO - __main__ - <mask> was born in the village in <mask>.
07/05/2022 04:04:27 - INFO - __main__ - <mask>, a local merchant, was the owner of the house in <mask>.
07/05/2022 04:04:27 - INFO - __main__ - <mask> was the last surviving member of the family, who died in <mask>.
07/05/2022 04:04:27 - INFO - __main__ - <mask>, who was a prominent local merchant, was born in <mask>.
07/05/2022 04:04:27 - INFO - __main__ - <mask> of st. mary's, who died in <mask>.
07/05/2022 04:04:27 - INFO - __main__ - <mask> had been a member of the council since <mask>.
07/05/2022 04:04:27 - INFO - __main__ - <mask> (1715–1772) was born in <mask>.
07/05/2022 04:04:27 - INFO - __main__ - <mask> was appointed as a justice of the peace in <mask>.
07/05/2022 04:04:27 - INFO - __main__ - <mask>, a prominent local merchant, was born here in <mask>.
07/05/2022 04:04:27 - INFO - __main__ - <mask> died in the house in <mask>.
07/05/2022 04:04:27 - INFO - __main__ - ****************************
07/05/2022 04:04:27 - INFO - __main__ - *********References*********
07/05/2022 04:04:27 - INFO - __main__ - ['the date when <mask> was born is <mask>.']
07/05/2022 04:04:27 - INFO - __main__ - ****************************
07/05/2022 04:04:48 - INFO - __main__ - ***********Input************
07/05/2022 04:04:48 - INFO - __main__ - <mask> (born December 28th, <mask>) is a United States of America Democratic political consultant and activist who has worked on six presidential campaigns, served as Policy Director for the Speaker of the House in Connecticut, and served as the National Coordinated Campaign Director for both the 1992 and 1996 Presidential campaigns of Bill Clinton .
07/05/2022 04:04:48 - INFO - __main__ - *********Hypothesis*********
07/05/2022 04:04:48 - INFO - __main__ - <mask> was born in <mask>.
07/05/2022 04:04:48 - INFO - __main__ - <mask>: die welt des weltbücher, <mask>.
07/05/2022 04:04:48 - INFO - __main__ - <mask>, "the theory of the self", <mask>.
07/05/2022 04:04:48 - INFO - __main__ - <mask> has been a member of the editorial board since <mask>.
07/05/2022 04:04:48 - INFO - __main__ - <mask>, jr. was born in <mask>.
07/05/2022 04:04:48 - INFO - __main__ - <mask> was the last president to be elected in <mask>.
07/05/2022 04:04:48 - INFO - __main__ - <mask> became the director in <mask>.
07/05/2022 04:04:48 - INFO - __main__ - <mask> became president and ceo in <mask>.
07/05/2022 04:04:48 - INFO - __main__ - <mask>: a biography, <mask>.
07/05/2022 04:04:48 - INFO - __main__ - <mask> began his career as a journalist in <mask>.
07/05/2022 04:04:48 - INFO - __main__ - ****************************
07/05/2022 04:04:48 - INFO - __main__ - *********References*********
07/05/2022 04:04:48 - INFO - __main__ - ['the date when <mask> was born is <mask>.']
07/05/2022 04:04:48 - INFO - __main__ - ****************************
07/05/2022 04:04:59 - INFO - __main__ - ***********Input************
07/05/2022 04:04:59 - INFO - __main__ - <mask> (born <mask> in Vlorë, Albania) is a singer who at fourtheen moved to Pistoia, Italy were he remains with his parents and three brothers .
07/05/2022 04:04:59 - INFO - __main__ - *********Hypothesis*********
07/05/2022 04:04:59 - INFO - __main__ - <mask> was born in <mask>.
07/05/2022 04:04:59 - INFO - __main__ - <mask> is the capital of <mask>.
07/05/2022 04:04:59 - INFO - __main__ - <mask> is the son of <mask>.
07/05/2022 04:04:59 - INFO - __main__ - <mask> is the son of former <mask>.
07/05/2022 04:04:59 - INFO - __main__ - <mask> is the capital and largest city of <mask>.
07/05/2022 04:04:59 - INFO - __main__ - <mask>'s main railway station is the railway station of <mask>.
07/05/2022 04:04:59 - INFO - __main__ - <mask> is the father of <mask>.
07/05/2022 04:04:59 - INFO - __main__ - <mask>, son of thein berisha <mask>.
07/05/2022 04:04:59 - INFO - __main__ - <mask>, son of <mask>.
07/05/2022 04:04:59 - INFO - __main__ - <mask> has a brother, <mask>.
07/05/2022 04:04:59 - INFO - __main__ - ****************************
07/05/2022 04:04:59 - INFO - __main__ - *********References*********
07/05/2022 04:04:59 - INFO - __main__ - ['the date when <mask> was born is <mask>.']
07/05/2022 04:04:59 - INFO - __main__ - ****************************
07/05/2022 04:05:06 - INFO - __main__ - ***********Input************
07/05/2022 04:05:06 - INFO - __main__ - <mask> (born 27 September 1974, in <mask>, India) is a former Indian cricketer .
07/05/2022 04:05:06 - INFO - __main__ - *********Hypothesis*********
07/05/2022 04:05:06 - INFO - __main__ - <mask> was born in <mask>.
07/05/2022 04:05:06 - INFO - __main__ - <mask> is a young man who lives in <mask>.
07/05/2022 04:05:06 - INFO - __main__ - <mask> was born and brought up in <mask>.
07/05/2022 04:05:06 - INFO - __main__ - <mask> is a film director from <mask>.
07/05/2022 04:05:06 - INFO - __main__ - <mask> started his career as a journalist in <mask>.
07/05/2022 04:05:06 - INFO - __main__ - <mask>, a lawyer, was born in <mask>.
07/05/2022 04:05:06 - INFO - __main__ - <mask> is an actor from <mask>.
07/05/2022 04:05:06 - INFO - __main__ - <mask> was born in a <mask>.
07/05/2022 04:05:06 - INFO - __main__ - <mask> lives with his family in <mask>.
07/05/2022 04:05:06 - INFO - __main__ - <mask>, the son of a rich businessman, lives in <mask>.
07/05/2022 04:05:06 - INFO - __main__ - ****************************
07/05/2022 04:05:06 - INFO - __main__ - *********References*********
07/05/2022 04:05:06 - INFO - __main__ - ['the place where <mask> was born is <mask>.']
07/05/2022 04:05:06 - INFO - __main__ - ****************************
07/05/2022 04:05:13 - INFO - __main__ - ***********Input************
07/05/2022 04:05:13 - INFO - __main__ - <mask> (1806-1867) was an American physician, born in <mask>, Massachusetts .
07/05/2022 04:05:13 - INFO - __main__ - *********Hypothesis*********
07/05/2022 04:05:13 - INFO - __main__ - <mask> was born in <mask>.
07/05/2022 04:05:13 - INFO - __main__ - <mask>, a prominent local businessman, was born in <mask>.
07/05/2022 04:05:13 - INFO - __main__ - <mask> was born and raised in <mask>.
07/05/2022 04:05:13 - INFO - __main__ - <mask> (1787–1865), who died in <mask>.
07/05/2022 04:05:13 - INFO - __main__ - <mask> is a former professional rugby league footballer who played for <mask>.
07/05/2022 04:05:13 - INFO - __main__ - <mask> is a former professional baseball player who played for <mask>.
07/05/2022 04:05:13 - INFO - __main__ - <mask>, the son of a wealthy merchant, was born in <mask>.
07/05/2022 04:05:13 - INFO - __main__ - <mask> (1828–1896), who died in <mask>.
07/05/2022 04:05:13 - INFO - __main__ - <mask> was an early settler of <mask>.
07/05/2022 04:05:13 - INFO - __main__ - <mask> is a retired police officer who lives in <mask>.
07/05/2022 04:05:13 - INFO - __main__ - ****************************
07/05/2022 04:05:13 - INFO - __main__ - *********References*********
07/05/2022 04:05:13 - INFO - __main__ - ['the place where <mask> was born is <mask>.']
07/05/2022 04:05:13 - INFO - __main__ - ****************************
07/05/2022 04:05:19 - INFO - __main__ - ***********Input************
07/05/2022 04:05:19 - INFO - __main__ - A Conservative, the Honourable <mask> served until his death in 1871 in <mask>, Ontario .
07/05/2022 04:05:19 - INFO - __main__ - *********Hypothesis*********
07/05/2022 04:05:19 - INFO - __main__ - <mask> was born and raised in the suburbs of <mask>.
07/05/2022 04:05:19 - INFO - __main__ - <mask> was a member of the board of directors of the city of <mask>.
07/05/2022 04:05:19 - INFO - __main__ - <mask> is a former member of the city council of <mask>.
07/05/2022 04:05:19 - INFO - __main__ - <mask>'s father was a lawyer and a prominent lawyer in <mask>.
07/05/2022 04:05:19 - INFO - __main__ - <mask>'s family moved to the city of <mask>.
07/05/2022 04:05:19 - INFO - __main__ - <mask> was born and raised in <mask>.
07/05/2022 04:05:19 - INFO - __main__ - <mask> had been a prominent member of the community in <mask>.
07/05/2022 04:05:19 - INFO - __main__ - <mask>'s father was a lawyer and his mother was a teacher in <mask>.
07/05/2022 04:05:19 - INFO - __main__ - <mask> has been involved in a number of charitable organizations in <mask>.
07/05/2022 04:05:19 - INFO - __main__ - <mask> began his career as an actor in <mask>.
07/05/2022 04:05:19 - INFO - __main__ - ****************************
07/05/2022 04:05:19 - INFO - __main__ - *********References*********
07/05/2022 04:05:19 - INFO - __main__ - ['the place where <mask> died is <mask>.']
07/05/2022 04:05:19 - INFO - __main__ - ****************************
07/05/2022 04:05:24 - INFO - __main__ - ***********Input************
07/05/2022 04:05:24 - INFO - __main__ - <mask> died at <mask> BC December 20, 1959 age 85 .
07/05/2022 04:05:24 - INFO - __main__ - *********Hypothesis*********
07/05/2022 04:05:24 - INFO - __main__ - <mask> was born and raised in the city of <mask>.
07/05/2022 04:05:24 - INFO - __main__ - <mask> was a member of the board of directors of the city of <mask>.
07/05/2022 04:05:24 - INFO - __main__ - <mask> began his career as a journalist in <mask>.
07/05/2022 04:05:24 - INFO - __main__ - <mask>' father was a lawyer, and his mother was a teacher in <mask>.
07/05/2022 04:05:24 - INFO - __main__ - <mask> is currently a freelance writer and lives in <mask>.
07/05/2022 04:05:24 - INFO - __main__ - <mask> is a former member of the band <mask>.
07/05/2022 04:05:24 - INFO - __main__ - <mask> has been involved in a number of community organizations in <mask>.
07/05/2022 04:05:24 - INFO - __main__ - <mask> was born and raised in <mask>.
07/05/2022 04:05:24 - INFO - __main__ - <mask>'s father was a lawyer and his mother was a teacher in <mask>.
07/05/2022 04:05:24 - INFO - __main__ - <mask>' family is a well-known and respected family in <mask>.
07/05/2022 04:05:24 - INFO - __main__ - ****************************
07/05/2022 04:05:24 - INFO - __main__ - *********References*********
07/05/2022 04:05:24 - INFO - __main__ - ['the place where <mask> died is <mask>.']
07/05/2022 04:05:24 - INFO - __main__ - ****************************
07/05/2022 04:05:40 - INFO - __main__ - ***********Input************
07/05/2022 04:05:40 - INFO - __main__ - Considered by some in the art world to be one of the last of the Surrealists, <mask> died in his home in <mask> on April 25, 2008, aged 99 Donati's health had been failing since involved, as a passenger, in a taxi accident in July, 2007 .
07/05/2022 04:05:40 - INFO - __main__ - *********Hypothesis*********
07/05/2022 04:05:40 - INFO - __main__ - <mask> was born and died in <mask>.
07/05/2022 04:05:40 - INFO - __main__ - <mask> was born in the city of <mask>.
07/05/2022 04:05:40 - INFO - __main__ - <mask> began his career as an assistant at the accademia di belle arti in <mask>.
07/05/2022 04:05:40 - INFO - __main__ - <mask> was born and raised in <mask>.
07/05/2022 04:05:40 - INFO - __main__ - <mask>'s father was a lawyer and his mother was a teacher in <mask>.
07/05/2022 04:05:40 - INFO - __main__ - <mask> is a native of <mask>.
07/05/2022 04:05:40 - INFO - __main__ - <mask> is a native of the city of <mask>.
07/05/2022 04:05:40 - INFO - __main__ - <mask> started his career as a journalist in <mask>.
07/05/2022 04:05:40 - INFO - __main__ - <mask>'s father was a lawyer in <mask>.
07/05/2022 04:05:40 - INFO - __main__ - <mask> began his career as a journalist in <mask>.
07/05/2022 04:05:40 - INFO - __main__ - ****************************
07/05/2022 04:05:40 - INFO - __main__ - *********References*********
07/05/2022 04:05:40 - INFO - __main__ - ['the place where <mask> died is <mask>.']
07/05/2022 04:05:40 - INFO - __main__ - ****************************
07/05/2022 04:05:45 - INFO - __main__ - ***********Input************
07/05/2022 04:05:45 - INFO - __main__ - <mask> died of pneumonia in 1990 at his home in <mask>, California .
07/05/2022 04:05:45 - INFO - __main__ - *********Hypothesis*********
07/05/2022 04:05:45 - INFO - __main__ - <mask> was born and raised in <mask>.
07/05/2022 04:05:45 - INFO - __main__ - <mask>'s father was a successful real estate broker in <mask>.
07/05/2022 04:05:45 - INFO - __main__ - <mask> began his career as a session musician in <mask>.
07/05/2022 04:05:45 - INFO - __main__ - <mask> is a native of <mask>.
07/05/2022 04:05:45 - INFO - __main__ - <mask> was born and raised in the suburbs of <mask>.
07/05/2022 04:05:45 - INFO - __main__ - <mask> is currently a freelance writer and lives in <mask>.
07/05/2022 04:05:45 - INFO - __main__ - <mask> was a member of the band the dukes of <mask>.
07/05/2022 04:05:45 - INFO - __main__ - <mask> is a former professional basketball player who played for the kings of <mask>.
07/05/2022 04:05:45 - INFO - __main__ - <mask> has been involved in several charities in <mask>.
07/05/2022 04:05:45 - INFO - __main__ - <mask> and her family live in a small apartment in <mask>.
07/05/2022 04:05:45 - INFO - __main__ - ****************************
07/05/2022 04:05:45 - INFO - __main__ - *********References*********
07/05/2022 04:05:45 - INFO - __main__ - ['the place where <mask> died is <mask>.']
07/05/2022 04:05:45 - INFO - __main__ - ****************************
07/05/2022 04:05:52 - INFO - __main__ - ***********Input************
07/05/2022 04:05:52 - INFO - __main__ - <mask> died in 1888 in <mask>, Germany and is buried, together with his wife, Sophie in Weißensee .
07/05/2022 04:05:52 - INFO - __main__ - *********Hypothesis*********
07/05/2022 04:05:52 - INFO - __main__ - <mask> was born and raised in <mask>.
07/05/2022 04:05:52 - INFO - __main__ - <mask> was born and died in <mask>.
07/05/2022 04:05:52 - INFO - __main__ - <mask>'s father was a lawyer in <mask>.
07/05/2022 04:05:52 - INFO - __main__ - <mask> was born in the city of <mask>.
07/05/2022 04:05:52 - INFO - __main__ - <mask> is a native of <mask>.
07/05/2022 04:05:52 - INFO - __main__ - <mask>'s family moved to <mask>.
07/05/2022 04:05:52 - INFO - __main__ - <mask> is a native of the <mask>.
07/05/2022 04:05:52 - INFO - __main__ - <mask> studied at the university of <mask>.
07/05/2022 04:05:52 - INFO - __main__ - <mask>'s family moved to the <mask>.
07/05/2022 04:05:52 - INFO - __main__ - <mask> is a surname originating from <mask>.
07/05/2022 04:05:52 - INFO - __main__ - ****************************
07/05/2022 04:05:52 - INFO - __main__ - *********References*********
07/05/2022 04:05:52 - INFO - __main__ - ['the place where <mask> died is <mask>.']
07/05/2022 04:05:52 - INFO - __main__ - ****************************
07/05/2022 04:05:53 - INFO - __main__ - Task: google-re
07/05/2022 04:05:53 - INFO - __main__ - bleu-4: 5.034142694196964e-79
07/05/2022 04:05:53 - INFO - __main__ - bleu-3: 0.03307416683764929
07/05/2022 04:05:53 - INFO - __main__ - bleu-2: 0.06473447483846295
07/05/2022 04:05:53 - INFO - __main__ - bleu-1: 0.2996016742558638
07/05/2022 04:05:53 - INFO - __main__ - METEOR: 0.2152536627883467
07/05/2022 04:05:53 - INFO - __main__ - ROUGE-L: 0.343238129434118
07/05/2022 04:05:53 - INFO - __main__ - entailment score(mean-mean): 0.07565569664110745
07/05/2022 04:05:53 - INFO - __main__ - entailment score(mean-max): 0.4588280039529006
07/05/2022 04:05:53 - INFO - __main__ - entailment score(mean-min): 0.0026074736799879855
07/05/2022 04:05:53 - INFO - __main__ - self-BLEU-2: 0.8726962491900044
07/05/2022 04:05:53 - INFO - __main__ - avg: 0.15931701802574014
07/05/2022 04:05:53 - INFO - __main__ - *******************************************************
07/05/2022 04:05:53 - INFO - __main__ - *******************************************************
07/05/2022 04:05:53 - INFO - __main__ - *******************************************************
