07/10/2022 10:06:19 - INFO - __main__ - **************** MODEL CONFIGURATION ****************
07/10/2022 10:06:19 - INFO - __main__ - bart_training             -->   True
07/10/2022 10:06:19 - INFO - __main__ - device                    -->   8
07/10/2022 10:06:19 - INFO - __main__ - group_beam                -->   True
07/10/2022 10:06:19 - INFO - __main__ - if_then                   -->   False
07/10/2022 10:06:19 - INFO - __main__ - inductor                  -->   rule
07/10/2022 10:06:19 - INFO - __main__ - log_dir                   -->   logs_new/
07/10/2022 10:06:19 - INFO - __main__ - log_name                  -->   google-global_scores+dpp
07/10/2022 10:06:19 - INFO - __main__ - mlm_training              -->   True
07/10/2022 10:06:19 - INFO - __main__ - task                      -->   google-re
07/10/2022 10:06:19 - INFO - __main__ - **************** MODEL CONFIGURATION ****************
07/10/2022 10:08:12 - INFO - __main__ - ***********Input************
07/10/2022 10:08:12 - INFO - __main__ - <mask> (b. 1954 in <mask>) is a best-selling American author of romance novels .
07/10/2022 10:08:12 - INFO - __main__ - *********Hypothesis*********
07/10/2022 10:08:12 - INFO - __main__ - <mask> was born in <mask>.
07/10/2022 10:08:12 - INFO - __main__ - <mask> was born and raised in <mask>.
07/10/2022 10:08:12 - INFO - __main__ - <mask> is a writer and artist based in <mask>.
07/10/2022 10:08:12 - INFO - __main__ - <mask> is a former professional tennis player from <mask>.
07/10/2022 10:08:12 - INFO - __main__ - <mask> is a writer and editor based in <mask>.
07/10/2022 10:08:12 - INFO - __main__ - <mask> is an artist based in <mask>.
07/10/2022 10:08:12 - INFO - __main__ - <mask> is a writer and artist from <mask>.
07/10/2022 10:08:12 - INFO - __main__ - <mask> is a former professional basketball player from <mask>.
07/10/2022 10:08:12 - INFO - __main__ - <mask> was the first woman to be elected to the city council of <mask>.
07/10/2022 10:08:12 - INFO - __main__ - <mask>: die welt im <mask>.
07/10/2022 10:08:12 - INFO - __main__ - ****************************
07/10/2022 10:08:12 - INFO - __main__ - *********References*********
07/10/2022 10:08:12 - INFO - __main__ - ['the place where <mask> was born is <mask>.']
07/10/2022 10:08:12 - INFO - __main__ - ****************************
07/10/2022 10:09:04 - INFO - __main__ - ***********Input************
07/10/2022 10:09:04 - INFO - __main__ - <mask> (born c.<mask> Chapel Hill, North Carolina) is an American director and designer of experimental theatre from New York City .
07/10/2022 10:09:04 - INFO - __main__ - *********Hypothesis*********
07/10/2022 10:09:04 - INFO - __main__ - <mask> was born in <mask>.
07/10/2022 10:09:04 - INFO - __main__ - <mask> was born <mask>.
07/10/2022 10:09:04 - INFO - __main__ - <mask> (1939–2008) was born in <mask>.
07/10/2022 10:09:04 - INFO - __main__ - <mask>, professor of history and political science, <mask>.
07/10/2022 10:09:04 - INFO - __main__ - <mask> – for service to the community of <mask>.
07/10/2022 10:09:04 - INFO - __main__ - <mask>, a former teacher, is a former principal of <mask>.
07/10/2022 10:09:04 - INFO - __main__ - <mask>, who was born in <mask>.
07/10/2022 10:09:04 - INFO - __main__ - <mask>: the history of <mask>.
07/10/2022 10:09:04 - INFO - __main__ - <mask> has been a member of the editorial board of the journal since <mask>.
07/10/2022 10:09:04 - INFO - __main__ - <mask>: die welt des <mask>.
07/10/2022 10:09:04 - INFO - __main__ - ****************************
07/10/2022 10:09:04 - INFO - __main__ - *********References*********
07/10/2022 10:09:04 - INFO - __main__ - ['the date when <mask> was born is <mask>.']
07/10/2022 10:09:04 - INFO - __main__ - ****************************
07/10/2022 10:09:59 - INFO - __main__ - ***********Input************
07/10/2022 10:09:59 - INFO - __main__ - <mask> (born c <mask>) is a former softball player and coach .
07/10/2022 10:09:59 - INFO - __main__ - *********Hypothesis*********
07/10/2022 10:09:59 - INFO - __main__ - <mask> was born <mask>.
07/10/2022 10:09:59 - INFO - __main__ - <mask> was born in <mask>.
07/10/2022 10:09:59 - INFO - __main__ - <mask> y águez ( <mask>.
07/10/2022 10:09:59 - INFO - __main__ - <mask> (née lee <mask>.
07/10/2022 10:09:59 - INFO - __main__ - <mask> (née h) ( <mask>.
07/10/2022 10:09:59 - INFO - __main__ - <mask>, a former student of <mask>.
07/10/2022 10:09:59 - INFO - __main__ - <mask> is portrayed by <mask>.
07/10/2022 10:09:59 - INFO - __main__ - <mask> is the current mayor of <mask>.
07/10/2022 10:09:59 - INFO - __main__ - <mask> and his <mask>.
07/10/2022 10:09:59 - INFO - __main__ - <mask> y maría maría <mask>.
07/10/2022 10:09:59 - INFO - __main__ - ****************************
07/10/2022 10:09:59 - INFO - __main__ - *********References*********
07/10/2022 10:09:59 - INFO - __main__ - ['the date when <mask> was born is <mask>.']
07/10/2022 10:09:59 - INFO - __main__ - ****************************
07/10/2022 10:10:29 - INFO - __main__ - ***********Input************
07/10/2022 10:10:29 - INFO - __main__ - <mask> (1738--1811) was a British composer and organist born in <mask> .
07/10/2022 10:10:29 - INFO - __main__ - *********Hypothesis*********
07/10/2022 10:10:29 - INFO - __main__ - <mask>,, chief constable, <mask>.
07/10/2022 10:10:29 - INFO - __main__ - <mask> is a former professional footballer who played for <mask>.
07/10/2022 10:10:29 - INFO - __main__ - <mask> (1818–1896) was a lawyer and politician in the city of <mask>.
07/10/2022 10:10:29 - INFO - __main__ - <mask> is an author and journalist from <mask>.
07/10/2022 10:10:29 - INFO - __main__ - <mask> was born in the town of <mask>.
07/10/2022 10:10:29 - INFO - __main__ - <mask>,, deputy lieutenant of <mask>.
07/10/2022 10:10:29 - INFO - __main__ - <mask> is an artist, writer and curator based in <mask>.
07/10/2022 10:10:29 - INFO - __main__ - <mask> was the son of a merchant in <mask>.
07/10/2022 10:10:29 - INFO - __main__ - <mask> (1818–1896) was a merchant and politician in the city of <mask>.
07/10/2022 10:10:29 - INFO - __main__ - <mask> (1818–1896) was a lawyer and politician in <mask>.
07/10/2022 10:10:29 - INFO - __main__ - ****************************
07/10/2022 10:10:29 - INFO - __main__ - *********References*********
07/10/2022 10:10:29 - INFO - __main__ - ['the place where <mask> was born is <mask>.']
07/10/2022 10:10:29 - INFO - __main__ - ****************************
07/10/2022 10:11:11 - INFO - __main__ - ***********Input************
07/10/2022 10:11:11 - INFO - __main__ - <mask> (b. February 11, 1955, <mask>, Tennessee - d July 2, 2007, Tiburon, California) was an American artist .
07/10/2022 10:11:11 - INFO - __main__ - *********Hypothesis*********
07/10/2022 10:11:11 - INFO - __main__ - <mask> was born in <mask>.
07/10/2022 10:11:11 - INFO - __main__ - <mask> is a former professional basketball player who played for <mask>.
07/10/2022 10:11:11 - INFO - __main__ - <mask> was born and raised in <mask>.
07/10/2022 10:11:11 - INFO - __main__ - <mask> is a professional basketball player from <mask>.
07/10/2022 10:11:11 - INFO - __main__ - <mask>, a former mayor of <mask>.
07/10/2022 10:11:11 - INFO - __main__ - <mask>, the son of a wealthy family, was born in <mask>.
07/10/2022 10:11:11 - INFO - __main__ - <mask> is an artist and writer based in <mask>.
07/10/2022 10:11:11 - INFO - __main__ - <mask> is a retired high school teacher from <mask>.
07/10/2022 10:11:11 - INFO - __main__ - <mask> is an artist based in <mask>.
07/10/2022 10:11:11 - INFO - __main__ - <mask> is an artist and writer from <mask>.
07/10/2022 10:11:11 - INFO - __main__ - ****************************
07/10/2022 10:11:11 - INFO - __main__ - *********References*********
07/10/2022 10:11:11 - INFO - __main__ - ['the place where <mask> was born is <mask>.']
07/10/2022 10:11:11 - INFO - __main__ - ****************************
07/10/2022 10:11:47 - INFO - __main__ - ***********Input************
07/10/2022 10:11:47 - INFO - __main__ - <mask> (c. <mask> - 25 August 1785) was a British diplomat and politician who sat in the House of Commons between 1762 and 1774 .
07/10/2022 10:11:47 - INFO - __main__ - *********Hypothesis*********
07/10/2022 10:11:47 - INFO - __main__ - <mask> was the last surviving member of the family, who died in <mask>.
07/10/2022 10:11:47 - INFO - __main__ - <mask>, who was born in <mask>.
07/10/2022 10:11:47 - INFO - __main__ - <mask> died in the house in <mask>.
07/10/2022 10:11:47 - INFO - __main__ - <mask> of st. mary's, who died in <mask>.
07/10/2022 10:11:47 - INFO - __main__ - <mask> (1715–1772) was born in <mask>.
07/10/2022 10:11:47 - INFO - __main__ - <mask> died in <mask>.
07/10/2022 10:11:47 - INFO - __main__ - <mask> was appointed as a justice of the peace in <mask>.
07/10/2022 10:11:47 - INFO - __main__ - <mask>, a prominent local merchant, was born in <mask>.
07/10/2022 10:11:47 - INFO - __main__ - <mask>, a prominent local merchant, was born here in <mask>.
07/10/2022 10:11:47 - INFO - __main__ - <mask> was appointed as the new master in <mask>.
07/10/2022 10:11:47 - INFO - __main__ - ****************************
07/10/2022 10:11:47 - INFO - __main__ - *********References*********
07/10/2022 10:11:47 - INFO - __main__ - ['the date when <mask> was born is <mask>.']
07/10/2022 10:11:47 - INFO - __main__ - ****************************
07/10/2022 10:12:37 - INFO - __main__ - ***********Input************
07/10/2022 10:12:37 - INFO - __main__ - <mask> (born December 28th, <mask>) is a United States of America Democratic political consultant and activist who has worked on six presidential campaigns, served as Policy Director for the Speaker of the House in Connecticut, and served as the National Coordinated Campaign Director for both the 1992 and 1996 Presidential campaigns of Bill Clinton .
07/10/2022 10:12:37 - INFO - __main__ - *********Hypothesis*********
07/10/2022 10:12:37 - INFO - __main__ - <mask>, who had been a member of the group since <mask>.
07/10/2022 10:12:37 - INFO - __main__ - <mask> died in <mask>.
07/10/2022 10:12:37 - INFO - __main__ - <mask> was born in the town in <mask>.
07/10/2022 10:12:37 - INFO - __main__ - <mask>, who had been the editor since <mask>.
07/10/2022 10:12:37 - INFO - __main__ - <mask>, who was a member of the group, died in <mask>.
07/10/2022 10:12:37 - INFO - __main__ - <mask> was appointed as the new headmaster in <mask>.
07/10/2022 10:12:37 - INFO - __main__ - <mask>, "the theory of the self", <mask>.
07/10/2022 10:12:37 - INFO - __main__ - <mask> was the last person to be executed in <mask>.
07/10/2022 10:12:37 - INFO - __main__ - <mask>, jr. was born in <mask>.
07/10/2022 10:12:37 - INFO - __main__ - <mask> was the last surviving member of the original group, who died in <mask>.
07/10/2022 10:12:37 - INFO - __main__ - ****************************
07/10/2022 10:12:37 - INFO - __main__ - *********References*********
07/10/2022 10:12:37 - INFO - __main__ - ['the date when <mask> was born is <mask>.']
07/10/2022 10:12:37 - INFO - __main__ - ****************************
07/10/2022 10:13:19 - INFO - __main__ - ***********Input************
07/10/2022 10:13:19 - INFO - __main__ - <mask> (born <mask> in Vlorë, Albania) is a singer who at fourtheen moved to Pistoia, Italy were he remains with his parents and three brothers .
07/10/2022 10:13:19 - INFO - __main__ - *********Hypothesis*********
07/10/2022 10:13:19 - INFO - __main__ - <mask> was born in <mask>.
07/10/2022 10:13:19 - INFO - __main__ - <mask> is the capital of <mask>.
07/10/2022 10:13:19 - INFO - __main__ - <mask> is the son of <mask>.
07/10/2022 10:13:19 - INFO - __main__ - <mask> is the son of former <mask>.
07/10/2022 10:13:19 - INFO - __main__ - <mask> was the son of <mask>.
07/10/2022 10:13:19 - INFO - __main__ - <mask> was born <mask>.
07/10/2022 10:13:19 - INFO - __main__ - <mask>: the name <mask>.
07/10/2022 10:13:19 - INFO - __main__ - <mask>'s father was <mask>.
07/10/2022 10:13:19 - INFO - __main__ - <mask> has a brother, <mask>.
07/10/2022 10:13:19 - INFO - __main__ - <mask>'s father was a <mask>.
07/10/2022 10:13:19 - INFO - __main__ - ****************************
07/10/2022 10:13:19 - INFO - __main__ - *********References*********
07/10/2022 10:13:19 - INFO - __main__ - ['the date when <mask> was born is <mask>.']
07/10/2022 10:13:19 - INFO - __main__ - ****************************
07/10/2022 10:13:55 - INFO - __main__ - ***********Input************
07/10/2022 10:13:55 - INFO - __main__ - <mask> (born 27 September 1974, in <mask>, India) is a former Indian cricketer .
07/10/2022 10:13:55 - INFO - __main__ - *********Hypothesis*********
07/10/2022 10:13:55 - INFO - __main__ - <mask> was born in <mask>.
07/10/2022 10:13:55 - INFO - __main__ - <mask> was born and brought up in <mask>.
07/10/2022 10:13:55 - INFO - __main__ - <mask> is a film director and producer from <mask>.
07/10/2022 10:13:55 - INFO - __main__ - <mask> is a film director from <mask>.
07/10/2022 10:13:55 - INFO - __main__ - <mask> is a young man who lives in <mask>.
07/10/2022 10:13:55 - INFO - __main__ - <mask> was born in a <mask>.
07/10/2022 10:13:55 - INFO - __main__ - <mask> has been a resident of <mask>.
07/10/2022 10:13:55 - INFO - __main__ - <mask> started his career as a journalist in <mask>.
07/10/2022 10:13:55 - INFO - __main__ - <mask>, the son of a rich businessman, was born in <mask>.
07/10/2022 10:13:55 - INFO - __main__ - <mask>, the son of a wealthy businessman, was born in <mask>.
07/10/2022 10:13:55 - INFO - __main__ - ****************************
07/10/2022 10:13:55 - INFO - __main__ - *********References*********
07/10/2022 10:13:55 - INFO - __main__ - ['the place where <mask> was born is <mask>.']
07/10/2022 10:13:55 - INFO - __main__ - ****************************
07/10/2022 10:14:32 - INFO - __main__ - ***********Input************
07/10/2022 10:14:32 - INFO - __main__ - <mask> (1806-1867) was an American physician, born in <mask>, Massachusetts .
07/10/2022 10:14:32 - INFO - __main__ - *********Hypothesis*********
07/10/2022 10:14:32 - INFO - __main__ - <mask> was born and raised in <mask>.
07/10/2022 10:14:32 - INFO - __main__ - <mask>, a prominent local businessman, was born in <mask>.
07/10/2022 10:14:32 - INFO - __main__ - <mask>, the son of a wealthy merchant, was born in <mask>.
07/10/2022 10:14:32 - INFO - __main__ - <mask>, a prominent lawyer, was born in <mask>.
07/10/2022 10:14:32 - INFO - __main__ - <mask> (1828–1896), who died in <mask>.
07/10/2022 10:14:32 - INFO - __main__ - <mask>, a former mayor of <mask>.
07/10/2022 10:14:32 - INFO - __main__ - <mask> is a former professional baseball player who played for <mask>.
07/10/2022 10:14:32 - INFO - __main__ - <mask>, a local businessman, was a prominent figure in <mask>.
07/10/2022 10:14:32 - INFO - __main__ - <mask> is an actor and director from <mask>.
07/10/2022 10:14:32 - INFO - __main__ - <mask> was a lawyer and politician from <mask>.
07/10/2022 10:14:32 - INFO - __main__ - ****************************
07/10/2022 10:14:32 - INFO - __main__ - *********References*********
07/10/2022 10:14:32 - INFO - __main__ - ['the place where <mask> was born is <mask>.']
07/10/2022 10:14:32 - INFO - __main__ - ****************************
07/10/2022 10:15:00 - INFO - __main__ - ***********Input************
07/10/2022 10:15:00 - INFO - __main__ - A Conservative, the Honourable <mask> served until his death in 1871 in <mask>, Ontario .
07/10/2022 10:15:00 - INFO - __main__ - *********Hypothesis*********
07/10/2022 10:15:00 - INFO - __main__ - <mask>'s father was a lawyer in <mask>.
07/10/2022 10:15:00 - INFO - __main__ - <mask>'s father was a lawyer and a judge in <mask>.
07/10/2022 10:15:00 - INFO - __main__ - <mask>'s father was a lawyer and a prominent lawyer in <mask>.
07/10/2022 10:15:00 - INFO - __main__ - <mask> was a member of the board of directors of the city of <mask>.
07/10/2022 10:15:00 - INFO - __main__ - <mask>'s family had been involved in the lumber industry in <mask>.
07/10/2022 10:15:00 - INFO - __main__ - <mask> is currently a freelance writer, based in <mask>.
07/10/2022 10:15:00 - INFO - __main__ - <mask> was born and raised in the <mask>.
07/10/2022 10:15:00 - INFO - __main__ - <mask> is a former member of the band <mask>.
07/10/2022 10:15:00 - INFO - __main__ - <mask> is a native of <mask>.
07/10/2022 10:15:00 - INFO - __main__ - <mask>'s father was a lawyer and a prominent politician in <mask>.
07/10/2022 10:15:00 - INFO - __main__ - ****************************
07/10/2022 10:15:00 - INFO - __main__ - *********References*********
07/10/2022 10:15:00 - INFO - __main__ - ['the place where <mask> died is <mask>.']
07/10/2022 10:15:00 - INFO - __main__ - ****************************
07/10/2022 10:15:28 - INFO - __main__ - ***********Input************
07/10/2022 10:15:28 - INFO - __main__ - <mask> died at <mask> BC December 20, 1959 age 85 .
07/10/2022 10:15:28 - INFO - __main__ - *********Hypothesis*********
07/10/2022 10:15:28 - INFO - __main__ - <mask> is currently a freelance writer based in <mask>.
07/10/2022 10:15:28 - INFO - __main__ - <mask> has been involved in a number of community organizations in <mask>.
07/10/2022 10:15:28 - INFO - __main__ - <mask> had previously been a member of the city council of <mask>.
07/10/2022 10:15:28 - INFO - __main__ - <mask>'s family moved to the city of <mask>.
07/10/2022 10:15:28 - INFO - __main__ - <mask> is a member of the board of directors of the city of <mask>.
07/10/2022 10:15:28 - INFO - __main__ - <mask> was the first woman to be elected to the city council of the city of <mask>.
07/10/2022 10:15:28 - INFO - __main__ - <mask> is currently a freelance writer, based in <mask>.
07/10/2022 10:15:28 - INFO - __main__ - <mask> was born and raised in the suburbs of <mask>.
07/10/2022 10:15:28 - INFO - __main__ - <mask> has been involved in a number of community projects in <mask>.
07/10/2022 10:15:28 - INFO - __main__ - <mask> was the first woman to be elected to the city council of <mask>.
07/10/2022 10:15:28 - INFO - __main__ - ****************************
07/10/2022 10:15:28 - INFO - __main__ - *********References*********
07/10/2022 10:15:28 - INFO - __main__ - ['the place where <mask> died is <mask>.']
07/10/2022 10:15:28 - INFO - __main__ - ****************************
07/10/2022 10:16:10 - INFO - __main__ - ***********Input************
07/10/2022 10:16:10 - INFO - __main__ - Considered by some in the art world to be one of the last of the Surrealists, <mask> died in his home in <mask> on April 25, 2008, aged 99 Donati's health had been failing since involved, as a passenger, in a taxi accident in July, 2007 .
07/10/2022 10:16:10 - INFO - __main__ - *********Hypothesis*********
07/10/2022 10:16:10 - INFO - __main__ - <mask> was born and died in <mask>.
07/10/2022 10:16:10 - INFO - __main__ - <mask> was born and raised in <mask>.
07/10/2022 10:16:10 - INFO - __main__ - <mask> was born in the city of <mask>.
07/10/2022 10:16:10 - INFO - __main__ - <mask> is a native of <mask>.
07/10/2022 10:16:10 - INFO - __main__ - <mask> started his career as a journalist in <mask>.
07/10/2022 10:16:10 - INFO - __main__ - <mask> was born in <mask>.
07/10/2022 10:16:10 - INFO - __main__ - <mask>'s father was a lawyer in <mask>.
07/10/2022 10:16:10 - INFO - __main__ - <mask>'s father was a lawyer and his mother was a teacher in <mask>.
07/10/2022 10:16:10 - INFO - __main__ - <mask> is a native of the <mask>.
07/10/2022 10:16:10 - INFO - __main__ - <mask> is a former youth international for <mask>.
07/10/2022 10:16:10 - INFO - __main__ - ****************************
07/10/2022 10:16:10 - INFO - __main__ - *********References*********
07/10/2022 10:16:10 - INFO - __main__ - ['the place where <mask> died is <mask>.']
07/10/2022 10:16:10 - INFO - __main__ - ****************************
07/10/2022 10:16:40 - INFO - __main__ - ***********Input************
07/10/2022 10:16:40 - INFO - __main__ - <mask> died of pneumonia in 1990 at his home in <mask>, California .
07/10/2022 10:16:40 - INFO - __main__ - *********Hypothesis*********
07/10/2022 10:16:40 - INFO - __main__ - <mask> was born and raised in <mask>.
07/10/2022 10:16:40 - INFO - __main__ - <mask> is a native of <mask>.
07/10/2022 10:16:40 - INFO - __main__ - <mask> is currently a resident of <mask>.
07/10/2022 10:16:40 - INFO - __main__ - <mask>'s family moved to <mask>.
07/10/2022 10:16:40 - INFO - __main__ - <mask> has been a long-time resident of <mask>.
07/10/2022 10:16:40 - INFO - __main__ - <mask> has been a resident of <mask>.
07/10/2022 10:16:40 - INFO - __main__ - <mask> began his career as a journalist in <mask>.
07/10/2022 10:16:40 - INFO - __main__ - <mask> began his career as a professional dancer in <mask>.
07/10/2022 10:16:40 - INFO - __main__ - <mask> began his career as a session musician in <mask>.
07/10/2022 10:16:40 - INFO - __main__ - <mask> was raised in the suburbs of <mask>.
07/10/2022 10:16:40 - INFO - __main__ - ****************************
07/10/2022 10:16:40 - INFO - __main__ - *********References*********
07/10/2022 10:16:40 - INFO - __main__ - ['the place where <mask> died is <mask>.']
07/10/2022 10:16:40 - INFO - __main__ - ****************************
07/10/2022 10:17:14 - INFO - __main__ - ***********Input************
07/10/2022 10:17:14 - INFO - __main__ - <mask> died in 1888 in <mask>, Germany and is buried, together with his wife, Sophie in Weißensee .
07/10/2022 10:17:14 - INFO - __main__ - *********Hypothesis*********
07/10/2022 10:17:14 - INFO - __main__ - <mask> was born and died in <mask>.
07/10/2022 10:17:14 - INFO - __main__ - <mask>'s father was a lawyer in <mask>.
07/10/2022 10:17:14 - INFO - __main__ - <mask> was born in the city of <mask>.
07/10/2022 10:17:14 - INFO - __main__ - <mask> was born and died in the city of <mask>.
07/10/2022 10:17:14 - INFO - __main__ - <mask>'s father was a lawyer and his mother was a teacher in <mask>.
07/10/2022 10:17:14 - INFO - __main__ - <mask> is the son of a wealthy family from <mask>.
07/10/2022 10:17:14 - INFO - __main__ - <mask> had been a member of the city council of <mask>.
07/10/2022 10:17:14 - INFO - __main__ - <mask> was a member of the board of the deutsche oper berlin <mask>.
07/10/2022 10:17:14 - INFO - __main__ - <mask>, who had been a student at the university, was sent to <mask>.
07/10/2022 10:17:14 - INFO - __main__ - <mask> is a member of the board of directors of <mask>.
07/10/2022 10:17:14 - INFO - __main__ - ****************************
07/10/2022 10:17:14 - INFO - __main__ - *********References*********
07/10/2022 10:17:14 - INFO - __main__ - ['the place where <mask> died is <mask>.']
07/10/2022 10:17:14 - INFO - __main__ - ****************************
07/10/2022 10:17:14 - INFO - __main__ - Task: google-re
07/10/2022 10:17:14 - INFO - __main__ - bleu-4: 4.531110427167152e-79
07/10/2022 10:17:14 - INFO - __main__ - bleu-3: 0.030136911871071946
07/10/2022 10:17:14 - INFO - __main__ - bleu-2: 0.07038856301166464
07/10/2022 10:17:14 - INFO - __main__ - bleu-1: 0.3095369835846027
07/10/2022 10:17:14 - INFO - __main__ - METEOR: 0.22924242558089322
07/10/2022 10:17:14 - INFO - __main__ - ROUGE-L: 0.3569197893036901
07/10/2022 10:17:14 - INFO - __main__ - entailment score(mean-mean): 0.0904972096078806
07/10/2022 10:17:14 - INFO - __main__ - entailment score(mean-max): 0.489567598203818
07/10/2022 10:17:14 - INFO - __main__ - entailment score(mean-min): 0.0007323459860344883
07/10/2022 10:17:14 - INFO - __main__ - self-BLEU-2: 0.8791315940688953
07/10/2022 10:17:14 - INFO - __main__ - avg: 0.16603744555865377
07/10/2022 10:17:14 - INFO - __main__ - *******************************************************
07/10/2022 10:17:14 - INFO - __main__ - *******************************************************
07/10/2022 10:17:14 - INFO - __main__ - *******************************************************
07/10/2022 11:00:17 - INFO - __main__ - **************** MODEL CONFIGURATION ****************
07/10/2022 11:00:17 - INFO - __main__ - bart_training             -->   True
07/10/2022 11:00:17 - INFO - __main__ - device                    -->   8
07/10/2022 11:00:17 - INFO - __main__ - group_beam                -->   True
07/10/2022 11:00:17 - INFO - __main__ - if_then                   -->   False
07/10/2022 11:00:17 - INFO - __main__ - inductor                  -->   rule
07/10/2022 11:00:17 - INFO - __main__ - log_dir                   -->   logs_new/
07/10/2022 11:00:17 - INFO - __main__ - log_name                  -->   google-global_scores+dpp
07/10/2022 11:00:17 - INFO - __main__ - mlm_training              -->   True
07/10/2022 11:00:17 - INFO - __main__ - task                      -->   google-re
07/10/2022 11:00:17 - INFO - __main__ - **************** MODEL CONFIGURATION ****************
07/10/2022 11:06:10 - INFO - __main__ - **************** MODEL CONFIGURATION ****************
07/10/2022 11:06:10 - INFO - __main__ - bart_training             -->   True
07/10/2022 11:06:10 - INFO - __main__ - device                    -->   8
07/10/2022 11:06:10 - INFO - __main__ - group_beam                -->   True
07/10/2022 11:06:10 - INFO - __main__ - if_then                   -->   False
07/10/2022 11:06:10 - INFO - __main__ - inductor                  -->   rule
07/10/2022 11:06:10 - INFO - __main__ - log_dir                   -->   logs_new/
07/10/2022 11:06:10 - INFO - __main__ - log_name                  -->   google-global_scores+dpp
07/10/2022 11:06:10 - INFO - __main__ - mlm_training              -->   True
07/10/2022 11:06:10 - INFO - __main__ - task                      -->   google-re
07/10/2022 11:06:10 - INFO - __main__ - **************** MODEL CONFIGURATION ****************
07/10/2022 11:08:06 - INFO - __main__ - ***********Input************
07/10/2022 11:08:06 - INFO - __main__ - <mask> (b. 1954 in <mask>) is a best-selling American author of romance novels .
07/10/2022 11:08:06 - INFO - __main__ - *********Hypothesis*********
07/10/2022 11:08:06 - INFO - __main__ - <mask> was born in <mask>.
07/10/2022 11:08:06 - INFO - __main__ - <mask> was born and raised in <mask>.
07/10/2022 11:08:06 - INFO - __main__ - <mask> is a writer and artist based in <mask>.
07/10/2022 11:08:06 - INFO - __main__ - <mask> is an artist based in <mask>.
07/10/2022 11:08:06 - INFO - __main__ - <mask> is a writer and artist from <mask>.
07/10/2022 11:08:06 - INFO - __main__ - <mask> is a former professional tennis player from <mask>.
07/10/2022 11:08:06 - INFO - __main__ - <mask> is a writer and editor based in <mask>.
07/10/2022 11:08:06 - INFO - __main__ - <mask> was the first woman to be elected to the city council of <mask>.
07/10/2022 11:08:06 - INFO - __main__ - <mask> was an actress, singer and dancer from <mask>.
07/10/2022 11:08:06 - INFO - __main__ - <mask> is a former professional basketball player from <mask>.
07/10/2022 11:08:06 - INFO - __main__ - ****************************
07/10/2022 11:08:06 - INFO - __main__ - *********References*********
07/10/2022 11:08:06 - INFO - __main__ - ['the place where <mask> was born is <mask>.']
07/10/2022 11:08:06 - INFO - __main__ - ****************************
07/10/2022 11:09:01 - INFO - __main__ - ***********Input************
07/10/2022 11:09:01 - INFO - __main__ - <mask> (born c.<mask> Chapel Hill, North Carolina) is an American director and designer of experimental theatre from New York City .
07/10/2022 11:09:01 - INFO - __main__ - *********Hypothesis*********
07/10/2022 11:09:01 - INFO - __main__ - <mask> was born in <mask>.
07/10/2022 11:09:01 - INFO - __main__ - <mask> was born <mask>.
07/10/2022 11:09:01 - INFO - __main__ - <mask> is a professor of history at <mask>.
07/10/2022 11:09:01 - INFO - __main__ - <mask> is a former professional basketball player who played for <mask>.
07/10/2022 11:09:01 - INFO - __main__ - <mask> is a professor of history and political science at <mask>.
07/10/2022 11:09:01 - INFO - __main__ - <mask>, who was a member of the group, died in <mask>.
07/10/2022 11:09:01 - INFO - __main__ - <mask>, professor of history and political science, <mask>.
07/10/2022 11:09:01 - INFO - __main__ - <mask> has been a member of the editorial board of the journal since <mask>.
07/10/2022 11:09:01 - INFO - __main__ - <mask> is a retired professional basketball player who played for <mask>.
07/10/2022 11:09:01 - INFO - __main__ - <mask> is a retired professional basketball player who played in <mask>.
07/10/2022 11:09:01 - INFO - __main__ - ****************************
07/10/2022 11:09:01 - INFO - __main__ - *********References*********
07/10/2022 11:09:01 - INFO - __main__ - ['the date when <mask> was born is <mask>.']
07/10/2022 11:09:01 - INFO - __main__ - ****************************
07/10/2022 11:09:59 - INFO - __main__ - ***********Input************
07/10/2022 11:09:59 - INFO - __main__ - <mask> (born c <mask>) is a former softball player and coach .
07/10/2022 11:09:59 - INFO - __main__ - *********Hypothesis*********
07/10/2022 11:09:59 - INFO - __main__ - <mask> was born <mask>.
07/10/2022 11:09:59 - INFO - __main__ - <mask> was born in <mask>.
07/10/2022 11:09:59 - INFO - __main__ - <mask> (née lee <mask>.
07/10/2022 11:09:59 - INFO - __main__ - <mask> y águez ( <mask>.
07/10/2022 11:09:59 - INFO - __main__ - <mask> (née h) ( <mask>.
07/10/2022 11:09:59 - INFO - __main__ - <mask>, a former student of <mask>.
07/10/2022 11:09:59 - INFO - __main__ - <mask> is portrayed by <mask>.
07/10/2022 11:09:59 - INFO - __main__ - <mask> is the current mayor of <mask>.
07/10/2022 11:09:59 - INFO - __main__ - <mask> and his <mask>.
07/10/2022 11:09:59 - INFO - __main__ - <mask> y maría maría <mask>.
07/10/2022 11:09:59 - INFO - __main__ - ****************************
07/10/2022 11:09:59 - INFO - __main__ - *********References*********
07/10/2022 11:09:59 - INFO - __main__ - ['the date when <mask> was born is <mask>.']
07/10/2022 11:09:59 - INFO - __main__ - ****************************
07/10/2022 11:10:32 - INFO - __main__ - ***********Input************
07/10/2022 11:10:32 - INFO - __main__ - <mask> (1738--1811) was a British composer and organist born in <mask> .
07/10/2022 11:10:32 - INFO - __main__ - *********Hypothesis*********
07/10/2022 11:10:32 - INFO - __main__ - <mask> was born and raised in <mask>.
07/10/2022 11:10:32 - INFO - __main__ - <mask>,, chief constable, <mask>.
07/10/2022 11:10:32 - INFO - __main__ - <mask> is an author and journalist from <mask>.
07/10/2022 11:10:32 - INFO - __main__ - <mask> was born in the town of <mask>.
07/10/2022 11:10:32 - INFO - __main__ - <mask>,, deputy lieutenant of <mask>.
07/10/2022 11:10:32 - INFO - __main__ - <mask> is a former professional footballer who played for <mask>.
07/10/2022 11:10:32 - INFO - __main__ - <mask> was the son of a merchant in <mask>.
07/10/2022 11:10:32 - INFO - __main__ - <mask> (1818–1896) was a merchant and politician in the city of <mask>.
07/10/2022 11:10:32 - INFO - __main__ - <mask> is an artist, writer and curator based in <mask>.
07/10/2022 11:10:32 - INFO - __main__ - <mask> (1818–1896) was a lawyer and politician in <mask>.
07/10/2022 11:10:32 - INFO - __main__ - ****************************
07/10/2022 11:10:32 - INFO - __main__ - *********References*********
07/10/2022 11:10:32 - INFO - __main__ - ['the place where <mask> was born is <mask>.']
07/10/2022 11:10:32 - INFO - __main__ - ****************************
07/10/2022 11:11:16 - INFO - __main__ - ***********Input************
07/10/2022 11:11:16 - INFO - __main__ - <mask> (b. February 11, 1955, <mask>, Tennessee - d July 2, 2007, Tiburon, California) was an American artist .
07/10/2022 11:11:16 - INFO - __main__ - *********Hypothesis*********
07/10/2022 11:11:16 - INFO - __main__ - <mask> was born in <mask>.
07/10/2022 11:11:16 - INFO - __main__ - <mask> was born and raised in <mask>.
07/10/2022 11:11:16 - INFO - __main__ - <mask> is a former professional basketball player who played for <mask>.
07/10/2022 11:11:16 - INFO - __main__ - <mask> is a professional basketball player from <mask>.
07/10/2022 11:11:16 - INFO - __main__ - <mask> is a retired professional basketball player from <mask>.
07/10/2022 11:11:16 - INFO - __main__ - <mask>, a former mayor of <mask>.
07/10/2022 11:11:16 - INFO - __main__ - <mask>, a prominent lawyer, was born in <mask>.
07/10/2022 11:11:16 - INFO - __main__ - <mask>, the son of a prominent local businessman, was born in <mask>.
07/10/2022 11:11:16 - INFO - __main__ - <mask>, who was a prominent local lawyer, was born in the city of <mask>.
07/10/2022 11:11:16 - INFO - __main__ - <mask> is an attorney and former mayor of <mask>.
07/10/2022 11:11:16 - INFO - __main__ - ****************************
07/10/2022 11:11:16 - INFO - __main__ - *********References*********
07/10/2022 11:11:16 - INFO - __main__ - ['the place where <mask> was born is <mask>.']
07/10/2022 11:11:16 - INFO - __main__ - ****************************
07/10/2022 11:11:55 - INFO - __main__ - ***********Input************
07/10/2022 11:11:55 - INFO - __main__ - <mask> (c. <mask> - 25 August 1785) was a British diplomat and politician who sat in the House of Commons between 1762 and 1774 .
07/10/2022 11:11:55 - INFO - __main__ - *********Hypothesis*********
07/10/2022 11:11:55 - INFO - __main__ - <mask> had been a member of the council since <mask>.
07/10/2022 11:11:55 - INFO - __main__ - <mask>, who was a prominent local merchant, was born in <mask>.
07/10/2022 11:11:55 - INFO - __main__ - <mask> of st. mary's, who died in <mask>.
07/10/2022 11:11:55 - INFO - __main__ - <mask> died in the house in <mask>.
07/10/2022 11:11:55 - INFO - __main__ - <mask>, who was born in <mask>.
07/10/2022 11:11:55 - INFO - __main__ - <mask> (1715–1772) was born in <mask>.
07/10/2022 11:11:55 - INFO - __main__ - <mask> was appointed as a justice of the peace in <mask>.
07/10/2022 11:11:55 - INFO - __main__ - <mask>, a prominent local merchant, was born in <mask>.
07/10/2022 11:11:55 - INFO - __main__ - <mask>, a prominent local merchant, was born here in <mask>.
07/10/2022 11:11:55 - INFO - __main__ - <mask> died in <mask>.
07/10/2022 11:11:55 - INFO - __main__ - ****************************
07/10/2022 11:11:55 - INFO - __main__ - *********References*********
07/10/2022 11:11:55 - INFO - __main__ - ['the date when <mask> was born is <mask>.']
07/10/2022 11:11:55 - INFO - __main__ - ****************************
07/10/2022 11:12:46 - INFO - __main__ - ***********Input************
07/10/2022 11:12:46 - INFO - __main__ - <mask> (born December 28th, <mask>) is a United States of America Democratic political consultant and activist who has worked on six presidential campaigns, served as Policy Director for the Speaker of the House in Connecticut, and served as the National Coordinated Campaign Director for both the 1992 and 1996 Presidential campaigns of Bill Clinton .
07/10/2022 11:12:46 - INFO - __main__ - *********Hypothesis*********
07/10/2022 11:12:46 - INFO - __main__ - <mask> was born in <mask>.
07/10/2022 11:12:46 - INFO - __main__ - <mask> was born in the town in <mask>.
07/10/2022 11:12:46 - INFO - __main__ - <mask>, who had been a member of the group since <mask>.
07/10/2022 11:12:46 - INFO - __main__ - <mask>, who was a member of the group, died in <mask>.
07/10/2022 11:12:46 - INFO - __main__ - <mask> died in <mask>.
07/10/2022 11:12:46 - INFO - __main__ - <mask> was the last person to be executed in <mask>.
07/10/2022 11:12:46 - INFO - __main__ - <mask>, jr. was born in <mask>.
07/10/2022 11:12:46 - INFO - __main__ - <mask> has been a member of the board of directors since <mask>.
07/10/2022 11:12:46 - INFO - __main__ - <mask> was the last surviving member of the original group, who died in <mask>.
07/10/2022 11:12:46 - INFO - __main__ - <mask>, a former professional baseball player, was born in <mask>.
07/10/2022 11:12:46 - INFO - __main__ - ****************************
07/10/2022 11:12:46 - INFO - __main__ - *********References*********
07/10/2022 11:12:46 - INFO - __main__ - ['the date when <mask> was born is <mask>.']
07/10/2022 11:12:46 - INFO - __main__ - ****************************
07/10/2022 11:13:31 - INFO - __main__ - ***********Input************
07/10/2022 11:13:31 - INFO - __main__ - <mask> (born <mask> in Vlorë, Albania) is a singer who at fourtheen moved to Pistoia, Italy were he remains with his parents and three brothers .
07/10/2022 11:13:31 - INFO - __main__ - *********Hypothesis*********
07/10/2022 11:13:31 - INFO - __main__ - <mask> was born in <mask>.
07/10/2022 11:13:31 - INFO - __main__ - <mask> is the capital of <mask>.
07/10/2022 11:13:31 - INFO - __main__ - <mask> is the son of former <mask>.
07/10/2022 11:13:31 - INFO - __main__ - <mask> is the son of <mask>.
07/10/2022 11:13:31 - INFO - __main__ - <mask> is the capital and largest city of <mask>.
07/10/2022 11:13:31 - INFO - __main__ - <mask>'s main railway station is the railway station of <mask>.
07/10/2022 11:13:31 - INFO - __main__ - <mask>, son of <mask>.
07/10/2022 11:13:31 - INFO - __main__ - <mask>, son of former <mask>.
07/10/2022 11:13:31 - INFO - __main__ - <mask> is home to the city of <mask>.
07/10/2022 11:13:31 - INFO - __main__ - <mask> was born <mask>.
07/10/2022 11:13:31 - INFO - __main__ - ****************************
07/10/2022 11:13:31 - INFO - __main__ - *********References*********
07/10/2022 11:13:31 - INFO - __main__ - ['the date when <mask> was born is <mask>.']
07/10/2022 11:13:31 - INFO - __main__ - ****************************
07/10/2022 11:14:09 - INFO - __main__ - ***********Input************
07/10/2022 11:14:09 - INFO - __main__ - <mask> (born 27 September 1974, in <mask>, India) is a former Indian cricketer .
07/10/2022 11:14:09 - INFO - __main__ - *********Hypothesis*********
07/10/2022 11:14:09 - INFO - __main__ - <mask> was born and brought up in <mask>.
07/10/2022 11:14:09 - INFO - __main__ - <mask> was born in <mask>.
07/10/2022 11:14:09 - INFO - __main__ - <mask> is a film director and producer from <mask>.
07/10/2022 11:14:09 - INFO - __main__ - <mask> is a film director from <mask>.
07/10/2022 11:14:09 - INFO - __main__ - <mask> is a young man who lives in <mask>.
07/10/2022 11:14:09 - INFO - __main__ - <mask> was born in a <mask>.
07/10/2022 11:14:09 - INFO - __main__ - <mask> has been a resident of <mask>.
07/10/2022 11:14:09 - INFO - __main__ - <mask> started his career as a journalist in <mask>.
07/10/2022 11:14:09 - INFO - __main__ - <mask> is a former deputy commissioner of police, <mask>.
07/10/2022 11:14:09 - INFO - __main__ - <mask> is a former cricketer who played for <mask>.
07/10/2022 11:14:09 - INFO - __main__ - ****************************
07/10/2022 11:14:09 - INFO - __main__ - *********References*********
07/10/2022 11:14:09 - INFO - __main__ - ['the place where <mask> was born is <mask>.']
07/10/2022 11:14:09 - INFO - __main__ - ****************************
07/10/2022 11:14:47 - INFO - __main__ - ***********Input************
07/10/2022 11:14:47 - INFO - __main__ - <mask> (1806-1867) was an American physician, born in <mask>, Massachusetts .
07/10/2022 11:14:47 - INFO - __main__ - *********Hypothesis*********
07/10/2022 11:14:47 - INFO - __main__ - <mask> was born and raised in <mask>.
07/10/2022 11:14:47 - INFO - __main__ - <mask> was born in <mask>.
07/10/2022 11:14:47 - INFO - __main__ - <mask>, a prominent local businessman, was born in <mask>.
07/10/2022 11:14:47 - INFO - __main__ - <mask>, the son of a wealthy merchant, was born in <mask>.
07/10/2022 11:14:47 - INFO - __main__ - <mask> (1828–1896), who died in <mask>.
07/10/2022 11:14:47 - INFO - __main__ - <mask>, a prominent lawyer, was born in <mask>.
07/10/2022 11:14:47 - INFO - __main__ - <mask>, a former mayor of <mask>.
07/10/2022 11:14:47 - INFO - __main__ - <mask>, a local businessman, was a prominent figure in <mask>.
07/10/2022 11:14:47 - INFO - __main__ - <mask> was a lawyer and politician from <mask>.
07/10/2022 11:14:47 - INFO - __main__ - <mask> is an actor and director from <mask>.
07/10/2022 11:14:47 - INFO - __main__ - ****************************
07/10/2022 11:14:47 - INFO - __main__ - *********References*********
07/10/2022 11:14:47 - INFO - __main__ - ['the place where <mask> was born is <mask>.']
07/10/2022 11:14:47 - INFO - __main__ - ****************************
07/10/2022 11:15:17 - INFO - __main__ - ***********Input************
07/10/2022 11:15:17 - INFO - __main__ - A Conservative, the Honourable <mask> served until his death in 1871 in <mask>, Ontario .
07/10/2022 11:15:17 - INFO - __main__ - *********Hypothesis*********
07/10/2022 11:15:17 - INFO - __main__ - <mask> was born and raised in <mask>.
07/10/2022 11:15:17 - INFO - __main__ - <mask> was born and raised in the city of <mask>.
07/10/2022 11:15:17 - INFO - __main__ - <mask> has been a long-time resident of <mask>.
07/10/2022 11:15:17 - INFO - __main__ - <mask>'s family moved to the city of <mask>.
07/10/2022 11:15:17 - INFO - __main__ - <mask>'s father was a lawyer and a judge in <mask>.
07/10/2022 11:15:17 - INFO - __main__ - <mask>'s father was a lawyer and a prominent lawyer in <mask>.
07/10/2022 11:15:17 - INFO - __main__ - <mask> was a member of the board of directors of the city of <mask>.
07/10/2022 11:15:17 - INFO - __main__ - <mask>'s family had been involved in the lumber industry in <mask>.
07/10/2022 11:15:17 - INFO - __main__ - <mask> is a former member of the band <mask>.
07/10/2022 11:15:17 - INFO - __main__ - <mask> was born and raised in the <mask>.
07/10/2022 11:15:17 - INFO - __main__ - ****************************
07/10/2022 11:15:17 - INFO - __main__ - *********References*********
07/10/2022 11:15:17 - INFO - __main__ - ['the place where <mask> died is <mask>.']
07/10/2022 11:15:17 - INFO - __main__ - ****************************
07/10/2022 11:15:46 - INFO - __main__ - ***********Input************
07/10/2022 11:15:46 - INFO - __main__ - <mask> died at <mask> BC December 20, 1959 age 85 .
07/10/2022 11:15:46 - INFO - __main__ - *********Hypothesis*********
07/10/2022 11:15:46 - INFO - __main__ - <mask> was a member of the board of directors of the city of <mask>.
07/10/2022 11:15:46 - INFO - __main__ - <mask> was born and raised in <mask>.
07/10/2022 11:15:46 - INFO - __main__ - <mask>'s father was a lawyer and his mother was a teacher in <mask>.
07/10/2022 11:15:46 - INFO - __main__ - <mask> has been a long-time resident of <mask>.
07/10/2022 11:15:46 - INFO - __main__ - <mask> is a former member of the band <mask>.
07/10/2022 11:15:46 - INFO - __main__ - <mask> began his career as a journalist in <mask>.
07/10/2022 11:15:46 - INFO - __main__ - <mask> has been involved in a number of community organizations in <mask>.
07/10/2022 11:15:46 - INFO - __main__ - <mask> is currently a freelance writer based in <mask>.
07/10/2022 11:15:46 - INFO - __main__ - <mask> had previously been a member of the city council of <mask>.
07/10/2022 11:15:46 - INFO - __main__ - <mask> is currently a freelance writer, based in <mask>.
07/10/2022 11:15:46 - INFO - __main__ - ****************************
07/10/2022 11:15:46 - INFO - __main__ - *********References*********
07/10/2022 11:15:46 - INFO - __main__ - ['the place where <mask> died is <mask>.']
07/10/2022 11:15:46 - INFO - __main__ - ****************************
07/10/2022 11:16:29 - INFO - __main__ - ***********Input************
07/10/2022 11:16:29 - INFO - __main__ - Considered by some in the art world to be one of the last of the Surrealists, <mask> died in his home in <mask> on April 25, 2008, aged 99 Donati's health had been failing since involved, as a passenger, in a taxi accident in July, 2007 .
07/10/2022 11:16:29 - INFO - __main__ - *********Hypothesis*********
07/10/2022 11:16:29 - INFO - __main__ - <mask> was born and died in <mask>.
07/10/2022 11:16:29 - INFO - __main__ - <mask> was born and raised in <mask>.
07/10/2022 11:16:29 - INFO - __main__ - <mask> was born in the city of <mask>.
07/10/2022 11:16:29 - INFO - __main__ - <mask> is a native of <mask>.
07/10/2022 11:16:29 - INFO - __main__ - <mask> started his career as a journalist in <mask>.
07/10/2022 11:16:29 - INFO - __main__ - <mask>'s father was a lawyer in <mask>.
07/10/2022 11:16:29 - INFO - __main__ - <mask> was born in <mask>.
07/10/2022 11:16:29 - INFO - __main__ - <mask> is a native of the <mask>.
07/10/2022 11:16:29 - INFO - __main__ - <mask> is a former youth international for <mask>.
07/10/2022 11:16:29 - INFO - __main__ - <mask>, a painter, was born in <mask>.
07/10/2022 11:16:29 - INFO - __main__ - ****************************
07/10/2022 11:16:29 - INFO - __main__ - *********References*********
07/10/2022 11:16:29 - INFO - __main__ - ['the place where <mask> died is <mask>.']
07/10/2022 11:16:29 - INFO - __main__ - ****************************
07/10/2022 11:17:01 - INFO - __main__ - ***********Input************
07/10/2022 11:17:01 - INFO - __main__ - <mask> died of pneumonia in 1990 at his home in <mask>, California .
07/10/2022 11:17:01 - INFO - __main__ - *********Hypothesis*********
07/10/2022 11:17:01 - INFO - __main__ - <mask> was born and raised in <mask>.
07/10/2022 11:17:01 - INFO - __main__ - <mask> was a member of the board of directors of the city of <mask>.
07/10/2022 11:17:01 - INFO - __main__ - <mask> was born and raised in the city of <mask>.
07/10/2022 11:17:01 - INFO - __main__ - <mask> is currently a resident of <mask>.
07/10/2022 11:17:01 - INFO - __main__ - <mask> is a native of <mask>.
07/10/2022 11:17:01 - INFO - __main__ - <mask>'s father was a successful businessman in <mask>.
07/10/2022 11:17:01 - INFO - __main__ - <mask>'s family moved to the city of <mask>.
07/10/2022 11:17:01 - INFO - __main__ - <mask> has been a long-time resident of <mask>.
07/10/2022 11:17:01 - INFO - __main__ - <mask> began his career as a journalist in <mask>.
07/10/2022 11:17:01 - INFO - __main__ - <mask>'s family moved to <mask>.
07/10/2022 11:17:01 - INFO - __main__ - ****************************
07/10/2022 11:17:01 - INFO - __main__ - *********References*********
07/10/2022 11:17:01 - INFO - __main__ - ['the place where <mask> died is <mask>.']
07/10/2022 11:17:01 - INFO - __main__ - ****************************
07/10/2022 11:17:36 - INFO - __main__ - ***********Input************
07/10/2022 11:17:36 - INFO - __main__ - <mask> died in 1888 in <mask>, Germany and is buried, together with his wife, Sophie in Weißensee .
07/10/2022 11:17:36 - INFO - __main__ - *********Hypothesis*********
07/10/2022 11:17:36 - INFO - __main__ - <mask> was born and died in <mask>.
07/10/2022 11:17:36 - INFO - __main__ - <mask>'s father was a lawyer in <mask>.
07/10/2022 11:17:36 - INFO - __main__ - <mask> was born in the city of <mask>.
07/10/2022 11:17:36 - INFO - __main__ - <mask> was born and died in the city of <mask>.
07/10/2022 11:17:36 - INFO - __main__ - <mask>'s father was a lawyer and his mother was a teacher in <mask>.
07/10/2022 11:17:36 - INFO - __main__ - <mask> is the son of a wealthy family from <mask>.
07/10/2022 11:17:36 - INFO - __main__ - <mask> and his wife were both born in <mask>.
07/10/2022 11:17:36 - INFO - __main__ - <mask> was a member of the board of the city of <mask>.
07/10/2022 11:17:36 - INFO - __main__ - <mask> was a member of the board of the deutsche oper <mask>.
07/10/2022 11:17:36 - INFO - __main__ - <mask> is a young man who lives with his mother and sister in <mask>.
07/10/2022 11:17:36 - INFO - __main__ - ****************************
07/10/2022 11:17:36 - INFO - __main__ - *********References*********
07/10/2022 11:17:36 - INFO - __main__ - ['the place where <mask> died is <mask>.']
07/10/2022 11:17:36 - INFO - __main__ - ****************************
07/10/2022 11:17:37 - INFO - __main__ - Task: google-re
07/10/2022 11:17:37 - INFO - __main__ - bleu-4: 5.382990857736868e-79
07/10/2022 11:17:37 - INFO - __main__ - bleu-3: 0.035819788781151274
07/10/2022 11:17:37 - INFO - __main__ - bleu-2: 0.07188644352514426
07/10/2022 11:17:37 - INFO - __main__ - bleu-1: 0.31253834717251633
07/10/2022 11:17:37 - INFO - __main__ - METEOR: 0.23106383738839933
07/10/2022 11:17:37 - INFO - __main__ - ROUGE-L: 0.3582777757158562
07/10/2022 11:17:37 - INFO - __main__ - entailment score(mean-mean): 0.09264006387085828
07/10/2022 11:17:37 - INFO - __main__ - entailment score(mean-max): 0.563764758221805
07/10/2022 11:17:37 - INFO - __main__ - entailment score(mean-min): 0.0005718915551066553
07/10/2022 11:17:37 - INFO - __main__ - self-BLEU-2: 0.8831486509713135
07/10/2022 11:17:37 - INFO - __main__ - avg: 0.16826436543051124
07/10/2022 11:17:37 - INFO - __main__ - *******************************************************
07/10/2022 11:17:37 - INFO - __main__ - *******************************************************
07/10/2022 11:17:37 - INFO - __main__ - *******************************************************
