07/11/2022 03:22:11 - INFO - __main__ - **************** MODEL CONFIGURATION ****************
07/11/2022 03:22:11 - INFO - __main__ - bart_training             -->   True
07/11/2022 03:22:11 - INFO - __main__ - device                    -->   8
07/11/2022 03:22:11 - INFO - __main__ - group_beam                -->   True
07/11/2022 03:22:11 - INFO - __main__ - if_then                   -->   False
07/11/2022 03:22:11 - INFO - __main__ - inductor                  -->   rule
07/11/2022 03:22:11 - INFO - __main__ - log_dir                   -->   logs_new/
07/11/2022 03:22:11 - INFO - __main__ - log_name                  -->   google-gs+temp+dpp
07/11/2022 03:22:11 - INFO - __main__ - mlm_training              -->   True
07/11/2022 03:22:11 - INFO - __main__ - task                      -->   google-re
07/11/2022 03:22:11 - INFO - __main__ - **************** MODEL CONFIGURATION ****************
07/11/2022 03:24:07 - INFO - __main__ - ***********Input************
07/11/2022 03:24:07 - INFO - __main__ - <mask> (b. 1954 in <mask>) is a best-selling American author of romance novels .
07/11/2022 03:24:07 - INFO - __main__ - *********Hypothesis*********
07/11/2022 03:24:07 - INFO - __main__ - he was the son of <mask>, a <mask>-based architect.
07/11/2022 03:24:07 - INFO - __main__ - his father, <mask>, was a <mask>-based architect.
07/11/2022 03:24:07 - INFO - __main__ - the film was directed by <mask>. and was shot in <mask> city.
07/11/2022 03:24:07 - INFO - __main__ - his mother, <mask>, was a <mask> york city public school teacher.
07/11/2022 03:24:07 - INFO - __main__ - he was a close friend of <mask> <mask>, who was a prominent writer of.
07/11/2022 03:24:07 - INFO - __main__ - he was married to <mask> <mask>, a former teacher.
07/11/2022 03:24:07 - INFO - __main__ - in the film, <mask> is an aspiring actress who moves to <mask> pursue her career.
07/11/2022 03:24:07 - INFO - __main__ - his mother, <mask>, was a <mask> york city councilwoman.
07/11/2022 03:24:07 - INFO - __main__ - he was a close friend of <mask> <mask>, who was a member of the.
07/11/2022 03:24:07 - INFO - __main__ - he married <mask>, a <mask> york city lawyer.
07/11/2022 03:24:07 - INFO - __main__ - ****************************
07/11/2022 03:24:07 - INFO - __main__ - *********References*********
07/11/2022 03:24:07 - INFO - __main__ - ['the place where <mask> was born is <mask>.']
07/11/2022 03:24:07 - INFO - __main__ - ****************************
07/11/2022 03:25:01 - INFO - __main__ - ***********Input************
07/11/2022 03:25:01 - INFO - __main__ - <mask> (born c.<mask> Chapel Hill, North Carolina) is an American director and designer of experimental theatre from New York City .
07/11/2022 03:25:01 - INFO - __main__ - *********Hypothesis*********
07/11/2022 03:25:01 - INFO - __main__ - it was described by <mask>ock in <mask> in the.
07/11/2022 03:25:01 - INFO - __main__ - it was described by <mask> in <mask> in the.
07/11/2022 03:25:01 - INFO - __main__ - the species was described by <mask> in <mask>, and is named after him.
07/11/2022 03:25:01 - INFO - __main__ - she married <mask> <mask> in.
07/11/2022 03:25:01 - INFO - __main__ - the genus was erected by <mask> in <mask> honour of his father.
07/11/2022 03:25:01 - INFO - __main__ - she married <mask> in <mask> and they have a son and a daughter.
07/11/2022 03:25:01 - INFO - __main__ - his mother, <mask>, was a <mask> carolina native.
07/11/2022 03:25:01 - INFO - __main__ - he was married to <mask>, a <mask>-based artist.
07/11/2022 03:25:01 - INFO - __main__ - the film was directed by <mask>- in the "sad <mask> and ".
07/11/2022 03:25:01 - INFO - __main__ - it was described by <mask> in <mask>, originally under the genus e.ter.
07/11/2022 03:25:01 - INFO - __main__ - ****************************
07/11/2022 03:25:01 - INFO - __main__ - *********References*********
07/11/2022 03:25:01 - INFO - __main__ - ['the date when <mask> was born is <mask>.']
07/11/2022 03:25:01 - INFO - __main__ - ****************************
07/11/2022 03:25:58 - INFO - __main__ - ***********Input************
07/11/2022 03:25:58 - INFO - __main__ - <mask> (born c <mask>) is a former softball player and coach .
07/11/2022 03:25:58 - INFO - __main__ - *********Hypothesis*********
07/11/2022 03:25:58 - INFO - __main__ - the film stars <mask> and <mask>.
07/11/2022 03:25:58 - INFO - __main__ - dr. <mask> (born <mask>.
07/11/2022 03:25:58 - INFO - __main__ - it stars <mask> and <mask>.
07/11/2022 03:25:58 - INFO - __main__ - dr. <mask> (born <mask>,.
07/11/2022 03:25:58 - INFO - __main__ - 2012  – <mask> (born <mask>.
07/11/2022 03:25:58 - INFO - __main__ - his brother <mask> and <mask>.
07/11/2022 03:25:58 - INFO - __main__ - he was replaced by <mask>, who was <mask>.
07/11/2022 03:25:58 - INFO - __main__ - the team was led by <mask>, with <mask>.
07/11/2022 03:25:58 - INFO - __main__ - she married <mask> y <mask>.
07/11/2022 03:25:58 - INFO - __main__ - his father, <mask> (a. <mask> player and.
07/11/2022 03:25:58 - INFO - __main__ - ****************************
07/11/2022 03:25:58 - INFO - __main__ - *********References*********
07/11/2022 03:25:58 - INFO - __main__ - ['the date when <mask> was born is <mask>.']
07/11/2022 03:25:58 - INFO - __main__ - ****************************
07/11/2022 03:26:34 - INFO - __main__ - ***********Input************
07/11/2022 03:26:34 - INFO - __main__ - <mask> (1738--1811) was a British composer and organist born in <mask> .
07/11/2022 03:26:34 - INFO - __main__ - *********Hypothesis*********
07/11/2022 03:26:34 - INFO - __main__ - he was the son of <mask>, a <mask> merchant.
07/11/2022 03:26:34 - INFO - __main__ - his father, <mask>, was a <mask> merchant.
07/11/2022 03:26:34 - INFO - __main__ - the reverend <mask>, of <mask>, was the principal consecrator.
07/11/2022 03:26:34 - INFO - __main__ - she married <mask>, a <mask> merchant.
07/11/2022 03:26:34 - INFO - __main__ - sir <mask>, lord mayor of <mask>, was a member of the committee.
07/11/2022 03:26:34 - INFO - __main__ - it is named after <mask>, a <mask>-based businessman.
07/11/2022 03:26:34 - INFO - __main__ - the architect was <mask>, a <mask>-based architect.
07/11/2022 03:26:34 - INFO - __main__ - it was designed by <mask>, a <mask> architect.
07/11/2022 03:26:34 - INFO - __main__ - he was the son of <mask>, a <mask> london merchant.
07/11/2022 03:26:34 - INFO - __main__ - he was a pupil of <mask> in <mask>, and was a member of the family of the.
07/11/2022 03:26:34 - INFO - __main__ - ****************************
07/11/2022 03:26:34 - INFO - __main__ - *********References*********
07/11/2022 03:26:34 - INFO - __main__ - ['the place where <mask> was born is <mask>.']
07/11/2022 03:26:34 - INFO - __main__ - ****************************
07/11/2022 03:27:18 - INFO - __main__ - ***********Input************
07/11/2022 03:27:18 - INFO - __main__ - <mask> (b. February 11, 1955, <mask>, Tennessee - d July 2, 2007, Tiburon, California) was an American artist .
07/11/2022 03:27:18 - INFO - __main__ - *********Hypothesis*********
07/11/2022 03:27:18 - INFO - __main__ - he was the son of <mask>, a <mask> resident.
07/11/2022 03:27:18 - INFO - __main__ - his father, <mask>, was a <mask> native.
07/11/2022 03:27:18 - INFO - __main__ - his mother, <mask>, was a <mask> native.
07/11/2022 03:27:18 - INFO - __main__ - the film was directed by <mask>, who had previously directed <mask>, and.
07/11/2022 03:27:18 - INFO - __main__ - the film was directed by <mask>, who had previously directed <mask>.
07/11/2022 03:27:18 - INFO - __main__ - his father, <mask>, was a <mask>- native.
07/11/2022 03:27:18 - INFO - __main__ - the team's head coach was <mask>, who was a former <mask> memphis assistant.
07/11/2022 03:27:18 - INFO - __main__ - the film was directed by <mask> and filmed in <mask>, tn.
07/11/2022 03:27:18 - INFO - __main__ - the current mayor is <mask> (<mask>).
07/11/2022 03:27:18 - INFO - __main__ - the film was directed by <mask>, who had previously directed <mask>- and.
07/11/2022 03:27:18 - INFO - __main__ - ****************************
07/11/2022 03:27:18 - INFO - __main__ - *********References*********
07/11/2022 03:27:18 - INFO - __main__ - ['the place where <mask> was born is <mask>.']
07/11/2022 03:27:18 - INFO - __main__ - ****************************
