07/10/2022 07:07:14 - INFO - __main__ - **************** MODEL CONFIGURATION ****************
07/10/2022 07:07:14 - INFO - __main__ - bart_training             -->   True
07/10/2022 07:07:14 - INFO - __main__ - device                    -->   8
07/10/2022 07:07:14 - INFO - __main__ - group_beam                -->   True
07/10/2022 07:07:14 - INFO - __main__ - if_then                   -->   False
07/10/2022 07:07:14 - INFO - __main__ - inductor                  -->   rule
07/10/2022 07:07:14 - INFO - __main__ - log_dir                   -->   logs_new/
07/10/2022 07:07:14 - INFO - __main__ - log_name                  -->   google-batch_scores+dpp
07/10/2022 07:07:14 - INFO - __main__ - mlm_training              -->   True
07/10/2022 07:07:14 - INFO - __main__ - task                      -->   google-re
07/10/2022 07:07:14 - INFO - __main__ - **************** MODEL CONFIGURATION ****************
07/10/2022 07:09:08 - INFO - __main__ - ***********Input************
07/10/2022 07:09:08 - INFO - __main__ - <mask> (b. 1954 in <mask>) is a best-selling American author of romance novels .
07/10/2022 07:09:08 - INFO - __main__ - *********Hypothesis*********
07/10/2022 07:09:08 - INFO - __main__ - <mask> was born in <mask>.
07/10/2022 07:09:08 - INFO - __main__ - <mask> is a writer and artist based in <mask>.
07/10/2022 07:09:08 - INFO - __main__ - <mask> is a former professional basketball player from <mask>.
07/10/2022 07:09:08 - INFO - __main__ - <mask> was born and raised in <mask>.
07/10/2022 07:09:08 - INFO - __main__ - <mask> is a writer and editor based in <mask>.
07/10/2022 07:09:08 - INFO - __main__ - <mask>, the former mayor of <mask>.
07/10/2022 07:09:08 - INFO - __main__ - <mask> is a writer and journalist based in <mask>.
07/10/2022 07:09:08 - INFO - __main__ - <mask> is an artist based in <mask>.
07/10/2022 07:09:08 - INFO - __main__ - <mask> is a retired professional basketball player from <mask>.
07/10/2022 07:09:08 - INFO - __main__ - <mask> is a film director and screenwriter from <mask>.
07/10/2022 07:09:08 - INFO - __main__ - ****************************
07/10/2022 07:09:08 - INFO - __main__ - *********References*********
07/10/2022 07:09:08 - INFO - __main__ - ['the place where <mask> was born is <mask>.']
07/10/2022 07:09:08 - INFO - __main__ - ****************************
07/10/2022 07:10:01 - INFO - __main__ - ***********Input************
07/10/2022 07:10:01 - INFO - __main__ - <mask> (born c.<mask> Chapel Hill, North Carolina) is an American director and designer of experimental theatre from New York City .
07/10/2022 07:10:01 - INFO - __main__ - *********Hypothesis*********
07/10/2022 07:10:01 - INFO - __main__ - <mask> was born in <mask>.
07/10/2022 07:10:01 - INFO - __main__ - <mask> was born <mask>.
07/10/2022 07:10:01 - INFO - __main__ - <mask> is a former professional tennis player from <mask>.
07/10/2022 07:10:01 - INFO - __main__ - <mask>, actress, was born in <mask>.
07/10/2022 07:10:01 - INFO - __main__ - <mask>, a former member of the group, was born in <mask>.
07/10/2022 07:10:01 - INFO - __main__ - <mask> (born ) is a former professional basketball player from <mask>.
07/10/2022 07:10:01 - INFO - __main__ - <mask> (born ) is a former professional tennis player from <mask>.
07/10/2022 07:10:01 - INFO - __main__ - <mask> is a writer and editor based in <mask>.
07/10/2022 07:10:01 - INFO - __main__ - <mask> is a native of <mask>.
07/10/2022 07:10:01 - INFO - __main__ - <mask> is a writer and director from <mask>.
07/10/2022 07:10:01 - INFO - __main__ - ****************************
07/10/2022 07:10:01 - INFO - __main__ - *********References*********
07/10/2022 07:10:01 - INFO - __main__ - ['the date when <mask> was born is <mask>.']
07/10/2022 07:10:01 - INFO - __main__ - ****************************
07/10/2022 07:11:01 - INFO - __main__ - ***********Input************
07/10/2022 07:11:01 - INFO - __main__ - <mask> (born c <mask>) is a former softball player and coach .
07/10/2022 07:11:01 - INFO - __main__ - *********Hypothesis*********
07/10/2022 07:11:01 - INFO - __main__ - <mask> was born in <mask>.
07/10/2022 07:11:01 - INFO - __main__ - <mask>, a lawyerd <mask>.
07/10/2022 07:11:01 - INFO - __main__ - <mask>, a former student of <mask>.
07/10/2022 07:11:01 - INFO - __main__ - <mask> is portrayed by <mask>.
07/10/2022 07:11:01 - INFO - __main__ - <mask>, (a.a former <mask>.
07/10/2022 07:11:01 - INFO - __main__ - <mask> as dr. <mask>.
07/10/2022 07:11:01 - INFO - __main__ - <mask> (née lee <mask>.
07/10/2022 07:11:01 - INFO - __main__ - <mask> (née h) ( <mask>.
07/10/2022 07:11:01 - INFO - __main__ - ****************************
07/10/2022 07:11:01 - INFO - __main__ - *********References*********
07/10/2022 07:11:01 - INFO - __main__ - ['the date when <mask> was born is <mask>.']
07/10/2022 07:11:01 - INFO - __main__ - ****************************
07/10/2022 07:11:33 - INFO - __main__ - ***********Input************
07/10/2022 07:11:33 - INFO - __main__ - <mask> (1738--1811) was a British composer and organist born in <mask> .
07/10/2022 07:11:33 - INFO - __main__ - *********Hypothesis*********
07/10/2022 07:11:33 - INFO - __main__ - <mask> was born and died in <mask>.
07/10/2022 07:11:33 - INFO - __main__ - <mask>, a prominent local businessman, was born in <mask>.
07/10/2022 07:11:33 - INFO - __main__ - <mask>,, chief constable, city of <mask>.
07/10/2022 07:11:33 - INFO - __main__ - <mask> was born and raised in <mask>.
07/10/2022 07:11:33 - INFO - __main__ - <mask> was a professional footballer who played for <mask>.
07/10/2022 07:11:33 - INFO - __main__ - <mask> was a merchant and politician in <mask>.
07/10/2022 07:11:33 - INFO - __main__ - <mask> is a former professional footballer who played for <mask>.
07/10/2022 07:11:33 - INFO - __main__ - <mask>, chief constable, city of <mask>.
07/10/2022 07:11:33 - INFO - __main__ - <mask>,, deputy lieutenant of <mask>.
07/10/2022 07:11:33 - INFO - __main__ - <mask>,, deputy chief constable, city of <mask>.
07/10/2022 07:11:33 - INFO - __main__ - ****************************
07/10/2022 07:11:33 - INFO - __main__ - *********References*********
07/10/2022 07:11:33 - INFO - __main__ - ['the place where <mask> was born is <mask>.']
07/10/2022 07:11:33 - INFO - __main__ - ****************************
07/10/2022 07:12:18 - INFO - __main__ - ***********Input************
07/10/2022 07:12:18 - INFO - __main__ - <mask> (b. February 11, 1955, <mask>, Tennessee - d July 2, 2007, Tiburon, California) was an American artist .
07/10/2022 07:12:18 - INFO - __main__ - *********Hypothesis*********
07/10/2022 07:12:18 - INFO - __main__ - <mask> was born in <mask>.
07/10/2022 07:12:18 - INFO - __main__ - <mask> is a former professional basketball player who played for <mask>.
07/10/2022 07:12:18 - INFO - __main__ - <mask> is a professional basketball player from <mask>.
07/10/2022 07:12:18 - INFO - __main__ - <mask> was born and raised in <mask>.
07/10/2022 07:12:18 - INFO - __main__ - <mask> is an attorney and former mayor of <mask>.
07/10/2022 07:12:18 - INFO - __main__ - <mask> is a jazz saxophonist from <mask>.
07/10/2022 07:12:18 - INFO - __main__ - <mask> was a prominent lawyer in <mask>.
07/10/2022 07:12:18 - INFO - __main__ - <mask>, a prominent lawyer, was born in <mask>.
07/10/2022 07:12:18 - INFO - __main__ - <mask>, a former mayor of <mask>.
07/10/2022 07:12:18 - INFO - __main__ - <mask>: the rise and fall of <mask>.
07/10/2022 07:12:18 - INFO - __main__ - ****************************
07/10/2022 07:12:18 - INFO - __main__ - *********References*********
07/10/2022 07:12:18 - INFO - __main__ - ['the place where <mask> was born is <mask>.']
07/10/2022 07:12:18 - INFO - __main__ - ****************************
07/10/2022 07:12:57 - INFO - __main__ - ***********Input************
07/10/2022 07:12:57 - INFO - __main__ - <mask> (c. <mask> - 25 August 1785) was a British diplomat and politician who sat in the House of Commons between 1762 and 1774 .
07/10/2022 07:12:57 - INFO - __main__ - *********Hypothesis*********
07/10/2022 07:12:57 - INFO - __main__ - <mask> was born in <mask>.
07/10/2022 07:12:57 - INFO - __main__ - <mask> was born in the village in <mask>.
07/10/2022 07:12:57 - INFO - __main__ - <mask>, a local merchant, was the owner of the house in <mask>.
07/10/2022 07:12:57 - INFO - __main__ - <mask> had been a member of the council since <mask>.
07/10/2022 07:12:57 - INFO - __main__ - <mask> was the last surviving member of the family, who died in <mask>.
07/10/2022 07:12:57 - INFO - __main__ - <mask>, who was born in <mask>.
07/10/2022 07:12:57 - INFO - __main__ - <mask>, who was a prominent local merchant, was born in <mask>.
07/10/2022 07:12:57 - INFO - __main__ - <mask> died in the house in <mask>.
07/10/2022 07:12:57 - INFO - __main__ - <mask> (1715–1772) was born in <mask>.
07/10/2022 07:12:57 - INFO - __main__ - <mask> of st. mary's, who died in <mask>.
07/10/2022 07:12:57 - INFO - __main__ - ****************************
07/10/2022 07:12:57 - INFO - __main__ - *********References*********
07/10/2022 07:12:57 - INFO - __main__ - ['the date when <mask> was born is <mask>.']
07/10/2022 07:12:57 - INFO - __main__ - ****************************
07/10/2022 07:13:49 - INFO - __main__ - ***********Input************
07/10/2022 07:13:49 - INFO - __main__ - <mask> (born December 28th, <mask>) is a United States of America Democratic political consultant and activist who has worked on six presidential campaigns, served as Policy Director for the Speaker of the House in Connecticut, and served as the National Coordinated Campaign Director for both the 1992 and 1996 Presidential campaigns of Bill Clinton .
07/10/2022 07:13:49 - INFO - __main__ - *********Hypothesis*********
07/10/2022 07:13:49 - INFO - __main__ - <mask> was born in <mask>.
07/10/2022 07:13:49 - INFO - __main__ - <mask>, who had been a member of the group since <mask>.
07/10/2022 07:13:49 - INFO - __main__ - <mask> died in <mask>.
07/10/2022 07:13:49 - INFO - __main__ - <mask>, who had been the editor since <mask>.
07/10/2022 07:13:49 - INFO - __main__ - <mask> was appointed as the new headmaster in <mask>.
07/10/2022 07:13:49 - INFO - __main__ - <mask>, who was a member of the group, died in <mask>.
07/10/2022 07:13:49 - INFO - __main__ - <mask> has been a member of the board of directors since <mask>.
07/10/2022 07:13:49 - INFO - __main__ - <mask> was the last person to be executed in <mask>.
07/10/2022 07:13:49 - INFO - __main__ - <mask>, jr. was born in <mask>.
07/10/2022 07:13:49 - INFO - __main__ - <mask> has been the editor-in-chief since <mask>.
07/10/2022 07:13:49 - INFO - __main__ - ****************************
07/10/2022 07:13:49 - INFO - __main__ - *********References*********
07/10/2022 07:13:49 - INFO - __main__ - ['the date when <mask> was born is <mask>.']
07/10/2022 07:13:49 - INFO - __main__ - ****************************
07/10/2022 07:14:35 - INFO - __main__ - ***********Input************
07/10/2022 07:14:35 - INFO - __main__ - <mask> (born <mask> in Vlorë, Albania) is a singer who at fourtheen moved to Pistoia, Italy were he remains with his parents and three brothers .
07/10/2022 07:14:35 - INFO - __main__ - *********Hypothesis*********
07/10/2022 07:14:35 - INFO - __main__ - <mask> was born in <mask>.
07/10/2022 07:14:35 - INFO - __main__ - <mask> was the son of <mask>.
07/10/2022 07:14:35 - INFO - __main__ - <mask> is the son of <mask>.
07/10/2022 07:14:35 - INFO - __main__ - <mask> is the son of former <mask>.
07/10/2022 07:14:35 - INFO - __main__ - <mask> is the son of former prime minister <mask>.
07/10/2022 07:14:35 - INFO - __main__ - <mask> is a surname, derived from <mask>.
07/10/2022 07:14:35 - INFO - __main__ - <mask> was born <mask>.
07/10/2022 07:14:35 - INFO - __main__ - <mask> was the father of <mask>.
07/10/2022 07:14:35 - INFO - __main__ - <mask> is the son of the <mask>.
07/10/2022 07:14:35 - INFO - __main__ - <mask> is the current mayor of <mask>.
07/10/2022 07:14:35 - INFO - __main__ - ****************************
07/10/2022 07:14:35 - INFO - __main__ - *********References*********
07/10/2022 07:14:35 - INFO - __main__ - ['the date when <mask> was born is <mask>.']
07/10/2022 07:14:35 - INFO - __main__ - ****************************
07/10/2022 07:15:13 - INFO - __main__ - ***********Input************
07/10/2022 07:15:13 - INFO - __main__ - <mask> (born 27 September 1974, in <mask>, India) is a former Indian cricketer .
07/10/2022 07:15:13 - INFO - __main__ - *********Hypothesis*********
07/10/2022 07:15:13 - INFO - __main__ - <mask> was born in <mask>.
07/10/2022 07:15:13 - INFO - __main__ - <mask> was born and brought up in <mask>.
07/10/2022 07:15:13 - INFO - __main__ - <mask> is a film director from <mask>.
07/10/2022 07:15:13 - INFO - __main__ - <mask> is a film director and producer from <mask>.
07/10/2022 07:15:13 - INFO - __main__ - <mask> is a young man who lives in <mask>.
07/10/2022 07:15:13 - INFO - __main__ - <mask> was born in a <mask>.
07/10/2022 07:15:13 - INFO - __main__ - <mask> has been a resident of <mask>.
07/10/2022 07:15:13 - INFO - __main__ - <mask> started his career as a journalist in <mask>.
07/10/2022 07:15:13 - INFO - __main__ - <mask>, the son of a rich businessman, lives in <mask>.
07/10/2022 07:15:13 - INFO - __main__ - <mask> is a film producer, director and producer based in <mask>.
07/10/2022 07:15:13 - INFO - __main__ - ****************************
07/10/2022 07:15:13 - INFO - __main__ - *********References*********
07/10/2022 07:15:13 - INFO - __main__ - ['the place where <mask> was born is <mask>.']
07/10/2022 07:15:13 - INFO - __main__ - ****************************
07/10/2022 07:15:51 - INFO - __main__ - ***********Input************
07/10/2022 07:15:51 - INFO - __main__ - <mask> (1806-1867) was an American physician, born in <mask>, Massachusetts .
07/10/2022 07:15:51 - INFO - __main__ - *********Hypothesis*********
07/10/2022 07:15:51 - INFO - __main__ - <mask> was born in <mask>.
07/10/2022 07:15:51 - INFO - __main__ - <mask>, a prominent local businessman, was born in <mask>.
07/10/2022 07:15:51 - INFO - __main__ - <mask> was born and raised in <mask>.
07/10/2022 07:15:51 - INFO - __main__ - <mask>, the son of a wealthy merchant, was born in <mask>.
07/10/2022 07:15:51 - INFO - __main__ - <mask>, a local businessman, was a prominent figure in <mask>.
07/10/2022 07:15:51 - INFO - __main__ - <mask> is a former professional baseball player who played for <mask>.
07/10/2022 07:15:51 - INFO - __main__ - <mask>, a former mayor of <mask>.
07/10/2022 07:15:51 - INFO - __main__ - <mask> (1828–1896), who died in <mask>.
07/10/2022 07:15:51 - INFO - __main__ - <mask> is an actor and director from <mask>.
07/10/2022 07:15:51 - INFO - __main__ - <mask> is a former professional footballer who played for <mask>.
07/10/2022 07:15:51 - INFO - __main__ - ****************************
07/10/2022 07:15:51 - INFO - __main__ - *********References*********
07/10/2022 07:15:51 - INFO - __main__ - ['the place where <mask> was born is <mask>.']
07/10/2022 07:15:51 - INFO - __main__ - ****************************
07/10/2022 07:16:21 - INFO - __main__ - ***********Input************
07/10/2022 07:16:21 - INFO - __main__ - A Conservative, the Honourable <mask> served until his death in 1871 in <mask>, Ontario .
07/10/2022 07:16:21 - INFO - __main__ - *********Hypothesis*********
07/10/2022 07:16:21 - INFO - __main__ - <mask> was born and raised in <mask>.
07/10/2022 07:16:21 - INFO - __main__ - <mask> was born and raised in the suburbs of <mask>.
07/10/2022 07:16:21 - INFO - __main__ - <mask> has been a long-time resident of <mask>.
07/10/2022 07:16:21 - INFO - __main__ - <mask>'s father was a lawyer and a judge in <mask>.
07/10/2022 07:16:21 - INFO - __main__ - <mask>'s father was a lawyer in <mask>.
07/10/2022 07:16:21 - INFO - __main__ - <mask> was a member of the board of directors of the city of <mask>.
07/10/2022 07:16:21 - INFO - __main__ - <mask> was born and raised in the <mask>.
07/10/2022 07:16:21 - INFO - __main__ - <mask> is a former member of the city council of <mask>.
07/10/2022 07:16:21 - INFO - __main__ - <mask> was born and raised in the city of <mask>.
07/10/2022 07:16:21 - INFO - __main__ - <mask> began his career as a journalist in <mask>.
07/10/2022 07:16:21 - INFO - __main__ - ****************************
07/10/2022 07:16:21 - INFO - __main__ - *********References*********
07/10/2022 07:16:21 - INFO - __main__ - ['the place where <mask> died is <mask>.']
07/10/2022 07:16:21 - INFO - __main__ - ****************************
07/10/2022 07:16:51 - INFO - __main__ - ***********Input************
07/10/2022 07:16:51 - INFO - __main__ - <mask> died at <mask> BC December 20, 1959 age 85 .
07/10/2022 07:16:51 - INFO - __main__ - *********Hypothesis*********
07/10/2022 07:16:51 - INFO - __main__ - <mask> was born and raised in <mask>.
07/10/2022 07:16:51 - INFO - __main__ - <mask> was born and raised in the city of <mask>.
07/10/2022 07:16:51 - INFO - __main__ - <mask> has been a long-time resident of <mask>.
07/10/2022 07:16:51 - INFO - __main__ - <mask>'s father was a lawyer and his mother was a teacher in <mask>.
07/10/2022 07:16:51 - INFO - __main__ - <mask> was a member of the board of directors of the city of <mask>.
07/10/2022 07:16:51 - INFO - __main__ - <mask> is a former member of the band <mask>.
07/10/2022 07:16:51 - INFO - __main__ - <mask> is a former mayor of <mask>.
07/10/2022 07:16:51 - INFO - __main__ - <mask> began his career as a journalist in <mask>.
07/10/2022 07:16:51 - INFO - __main__ - <mask>'s father was a lawyer in <mask>.
07/10/2022 07:16:51 - INFO - __main__ - <mask> was born and raised in the suburbs of <mask>.
07/10/2022 07:16:51 - INFO - __main__ - ****************************
07/10/2022 07:16:51 - INFO - __main__ - *********References*********
07/10/2022 07:16:51 - INFO - __main__ - ['the place where <mask> died is <mask>.']
07/10/2022 07:16:51 - INFO - __main__ - ****************************
07/10/2022 07:17:32 - INFO - __main__ - ***********Input************
07/10/2022 07:17:32 - INFO - __main__ - Considered by some in the art world to be one of the last of the Surrealists, <mask> died in his home in <mask> on April 25, 2008, aged 99 Donati's health had been failing since involved, as a passenger, in a taxi accident in July, 2007 .
07/10/2022 07:17:32 - INFO - __main__ - *********Hypothesis*********
07/10/2022 07:17:32 - INFO - __main__ - <mask> was born and died in <mask>.
07/10/2022 07:17:32 - INFO - __main__ - <mask> was born and raised in <mask>.
07/10/2022 07:17:32 - INFO - __main__ - <mask> was born in the city of <mask>.
07/10/2022 07:17:32 - INFO - __main__ - <mask> is a native of <mask>.
07/10/2022 07:17:32 - INFO - __main__ - <mask> started his career as a journalist in <mask>.
07/10/2022 07:17:32 - INFO - __main__ - <mask> was born in <mask>.
07/10/2022 07:17:32 - INFO - __main__ - <mask> is a native of the <mask>.
07/10/2022 07:17:32 - INFO - __main__ - <mask>, a painter, was born in <mask>.
07/10/2022 07:17:32 - INFO - __main__ - <mask>'s father was a lawyer in <mask>.
07/10/2022 07:17:32 - INFO - __main__ - <mask>'s father was a lawyer and his mother was a teacher in <mask>.
07/10/2022 07:17:32 - INFO - __main__ - ****************************
07/10/2022 07:17:32 - INFO - __main__ - *********References*********
07/10/2022 07:17:32 - INFO - __main__ - ['the place where <mask> died is <mask>.']
07/10/2022 07:17:32 - INFO - __main__ - ****************************
07/10/2022 07:18:03 - INFO - __main__ - ***********Input************
07/10/2022 07:18:03 - INFO - __main__ - <mask> died of pneumonia in 1990 at his home in <mask>, California .
07/10/2022 07:18:03 - INFO - __main__ - *********Hypothesis*********
07/10/2022 07:18:03 - INFO - __main__ - <mask> was born and raised in <mask>.
07/10/2022 07:18:03 - INFO - __main__ - <mask> is a native of <mask>.
07/10/2022 07:18:03 - INFO - __main__ - <mask>'s family moved to the city of <mask>.
07/10/2022 07:18:03 - INFO - __main__ - <mask> was a member of the board of directors of the city of <mask>.
07/10/2022 07:18:03 - INFO - __main__ - <mask>'s father was a successful businessman in <mask>.
07/10/2022 07:18:03 - INFO - __main__ - <mask> was born and raised in the city of <mask>.
07/10/2022 07:18:03 - INFO - __main__ - <mask>'s family moved to <mask>.
07/10/2022 07:18:03 - INFO - __main__ - <mask> is currently a resident of <mask>.
07/10/2022 07:18:03 - INFO - __main__ - <mask> has been a resident of <mask>.
07/10/2022 07:18:03 - INFO - __main__ - <mask>'s father was a successful real estate developer in <mask>.
07/10/2022 07:18:03 - INFO - __main__ - ****************************
07/10/2022 07:18:03 - INFO - __main__ - *********References*********
07/10/2022 07:18:03 - INFO - __main__ - ['the place where <mask> died is <mask>.']
07/10/2022 07:18:03 - INFO - __main__ - ****************************
07/10/2022 07:18:38 - INFO - __main__ - ***********Input************
07/10/2022 07:18:38 - INFO - __main__ - <mask> died in 1888 in <mask>, Germany and is buried, together with his wife, Sophie in Weißensee .
07/10/2022 07:18:38 - INFO - __main__ - *********Hypothesis*********
07/10/2022 07:18:38 - INFO - __main__ - <mask> was born and died in <mask>.
07/10/2022 07:18:38 - INFO - __main__ - <mask>'s father was a lawyer in <mask>.
07/10/2022 07:18:38 - INFO - __main__ - <mask> was born in the city of <mask>.
07/10/2022 07:18:38 - INFO - __main__ - <mask>'s family moved to <mask>.
07/10/2022 07:18:38 - INFO - __main__ - <mask> was born and raised in <mask>.
07/10/2022 07:18:38 - INFO - __main__ - <mask> had been a member of the city council of <mask>.
07/10/2022 07:18:38 - INFO - __main__ - <mask> is a native of <mask>.
07/10/2022 07:18:38 - INFO - __main__ - <mask> was a member of the council of <mask>.
07/10/2022 07:18:38 - INFO - __main__ - <mask> was born and died in the <mask>.
07/10/2022 07:18:38 - INFO - __main__ - <mask> was born and raised in the city of <mask>.
07/10/2022 07:18:38 - INFO - __main__ - ****************************
07/10/2022 07:18:38 - INFO - __main__ - *********References*********
07/10/2022 07:18:38 - INFO - __main__ - ['the place where <mask> died is <mask>.']
07/10/2022 07:18:38 - INFO - __main__ - ****************************
07/10/2022 07:18:39 - INFO - __main__ - Task: google-re
07/10/2022 07:18:39 - INFO - __main__ - bleu-4: 5.472018969945955e-79
07/10/2022 07:18:39 - INFO - __main__ - bleu-3: 0.03635171909591364
07/10/2022 07:18:39 - INFO - __main__ - bleu-2: 0.07237635498034563
07/10/2022 07:18:39 - INFO - __main__ - bleu-1: 0.3152835338806756
07/10/2022 07:18:39 - INFO - __main__ - METEOR: 0.2261841836169919
07/10/2022 07:18:39 - INFO - __main__ - ROUGE-L: 0.36162961327435006
07/10/2022 07:18:39 - INFO - __main__ - entailment score(mean-mean): 0.08881797300809184
07/10/2022 07:18:39 - INFO - __main__ - entailment score(mean-max): 0.5788028831283252
07/10/2022 07:18:39 - INFO - __main__ - entailment score(mean-min): 0.0006128361589314105
07/10/2022 07:18:39 - INFO - __main__ - self-BLEU-2: 0.8955934327313967
07/10/2022 07:18:39 - INFO - __main__ - avg: 0.1686375674747128
07/10/2022 07:18:39 - INFO - __main__ - *******************************************************
07/10/2022 07:18:39 - INFO - __main__ - *******************************************************
07/10/2022 07:18:39 - INFO - __main__ - *******************************************************
07/13/2022 05:31:02 - INFO - __main__ - **************** MODEL CONFIGURATION ****************
07/13/2022 05:31:02 - INFO - __main__ - bart_training             -->   True
07/13/2022 05:31:02 - INFO - __main__ - device                    -->   8
07/13/2022 05:31:02 - INFO - __main__ - group_beam                -->   True
07/13/2022 05:31:02 - INFO - __main__ - if_then                   -->   False
07/13/2022 05:31:02 - INFO - __main__ - inductor                  -->   rule
07/13/2022 05:31:02 - INFO - __main__ - log_dir                   -->   logs_new/
07/13/2022 05:31:02 - INFO - __main__ - log_name                  -->   google-batch_scores+dpp
07/13/2022 05:31:02 - INFO - __main__ - mlm_training              -->   True
07/13/2022 05:31:02 - INFO - __main__ - task                      -->   google-re
07/13/2022 05:31:02 - INFO - __main__ - **************** MODEL CONFIGURATION ****************
07/13/2022 05:33:33 - INFO - __main__ - **************** MODEL CONFIGURATION ****************
07/13/2022 05:33:33 - INFO - __main__ - bart_training             -->   True
07/13/2022 05:33:33 - INFO - __main__ - device                    -->   8
07/13/2022 05:33:33 - INFO - __main__ - group_beam                -->   True
07/13/2022 05:33:33 - INFO - __main__ - if_then                   -->   False
07/13/2022 05:33:33 - INFO - __main__ - inductor                  -->   rule
07/13/2022 05:33:33 - INFO - __main__ - log_dir                   -->   logs_new/
07/13/2022 05:33:33 - INFO - __main__ - log_name                  -->   google-batch_scores+dpp
07/13/2022 05:33:33 - INFO - __main__ - mlm_training              -->   True
07/13/2022 05:33:33 - INFO - __main__ - task                      -->   google-re
07/13/2022 05:33:33 - INFO - __main__ - **************** MODEL CONFIGURATION ****************
07/13/2022 05:36:47 - INFO - __main__ - ***********Input************
07/13/2022 05:36:47 - INFO - __main__ - <mask> (b. 1954 in <mask>) is a best-selling American author of romance novels .
07/13/2022 05:36:47 - INFO - __main__ - *********Hypothesis*********
07/13/2022 05:36:47 - INFO - __main__ - <mask> was born in <mask>.
07/13/2022 05:36:47 - INFO - __main__ - <mask> was born and raised in <mask>.
07/13/2022 05:36:47 - INFO - __main__ - <mask> is a writer and artist based in <mask>.
07/13/2022 05:36:47 - INFO - __main__ - <mask> is a former professional tennis player from <mask>.
07/13/2022 05:36:47 - INFO - __main__ - <mask> is a writer and editor based in <mask>.
07/13/2022 05:36:47 - INFO - __main__ - <mask> is an artist based in <mask>.
07/13/2022 05:36:47 - INFO - __main__ - <mask> is a writer and artist from <mask>.
07/13/2022 05:36:47 - INFO - __main__ - <mask> was the first woman to be elected to the city council of <mask>.
07/13/2022 05:36:47 - INFO - __main__ - <mask>, professor of history, university of <mask>.
07/13/2022 05:36:47 - INFO - __main__ - <mask>, the daughter of a wealthy family, was raised in <mask>.
07/13/2022 05:36:47 - INFO - __main__ - ****************************
07/13/2022 05:36:47 - INFO - __main__ - *********References*********
07/13/2022 05:36:47 - INFO - __main__ - ['the place where <mask> was born is <mask>.']
07/13/2022 05:36:47 - INFO - __main__ - ****************************
07/13/2022 05:38:16 - INFO - __main__ - ***********Input************
07/13/2022 05:38:16 - INFO - __main__ - <mask> (born c.<mask> Chapel Hill, North Carolina) is an American director and designer of experimental theatre from New York City .
07/13/2022 05:38:16 - INFO - __main__ - *********Hypothesis*********
07/13/2022 05:38:16 - INFO - __main__ - <mask> was born in <mask>.
07/13/2022 05:38:16 - INFO - __main__ - <mask> was born <mask>.
07/13/2022 05:38:16 - INFO - __main__ - <mask> is a former professional basketball player who played for <mask>.
07/13/2022 05:38:16 - INFO - __main__ - <mask> is a professor of history and political science at <mask>.
07/13/2022 05:38:16 - INFO - __main__ - <mask>, who was a member of the group, died in <mask>.
07/13/2022 05:38:16 - INFO - __main__ - <mask>, professor of history and political science, <mask>.
07/13/2022 05:38:16 - INFO - __main__ - <mask> – for service to the community of <mask>.
07/13/2022 05:38:16 - INFO - __main__ - <mask>, a former teacher, is a former principal of <mask>.
07/13/2022 05:38:16 - INFO - __main__ - <mask> has been a member of the editorial board of the journal since <mask>.
07/13/2022 05:38:16 - INFO - __main__ - <mask> is a retired professional basketball player who played for <mask>.
07/13/2022 05:38:16 - INFO - __main__ - ****************************
07/13/2022 05:38:16 - INFO - __main__ - *********References*********
07/13/2022 05:38:16 - INFO - __main__ - ['the date when <mask> was born is <mask>.']
07/13/2022 05:38:16 - INFO - __main__ - ****************************
07/13/2022 05:39:43 - INFO - __main__ - ***********Input************
07/13/2022 05:39:43 - INFO - __main__ - <mask> (born c <mask>) is a former softball player and coach .
07/13/2022 05:39:43 - INFO - __main__ - *********Hypothesis*********
07/13/2022 05:39:43 - INFO - __main__ - <mask> was born <mask>.
07/13/2022 05:39:43 - INFO - __main__ - <mask> was born in <mask>.
07/13/2022 05:39:43 - INFO - __main__ - <mask> y águez ( <mask>.
07/13/2022 05:39:43 - INFO - __main__ - <mask> (née lee <mask>.
07/13/2022 05:39:43 - INFO - __main__ - <mask> (née h) ( <mask>.
07/13/2022 05:39:43 - INFO - __main__ - <mask>, a former student of <mask>.
07/13/2022 05:39:43 - INFO - __main__ - <mask> is portrayed by <mask>.
07/13/2022 05:39:43 - INFO - __main__ - <mask> is the current mayor of <mask>.
07/13/2022 05:39:43 - INFO - __main__ - <mask> and his <mask>.
07/13/2022 05:39:43 - INFO - __main__ - <mask> y maría maría <mask>.
07/13/2022 05:39:43 - INFO - __main__ - ****************************
07/13/2022 05:39:43 - INFO - __main__ - *********References*********
07/13/2022 05:39:43 - INFO - __main__ - ['the date when <mask> was born is <mask>.']
07/13/2022 05:39:43 - INFO - __main__ - ****************************
07/13/2022 05:40:32 - INFO - __main__ - ***********Input************
07/13/2022 05:40:32 - INFO - __main__ - <mask> (1738--1811) was a British composer and organist born in <mask> .
07/13/2022 05:40:32 - INFO - __main__ - *********Hypothesis*********
07/13/2022 05:40:32 - INFO - __main__ - <mask>,, chief constable, <mask>.
07/13/2022 05:40:32 - INFO - __main__ - <mask> (1818–1896) was a lawyer and politician in the city of <mask>.
07/13/2022 05:40:32 - INFO - __main__ - <mask> is an author and journalist from <mask>.
07/13/2022 05:40:32 - INFO - __main__ - <mask> is a former professional footballer who played for <mask>.
07/13/2022 05:40:32 - INFO - __main__ - <mask> was born in the town of <mask>.
07/13/2022 05:40:32 - INFO - __main__ - <mask>,, deputy lieutenant of <mask>.
07/13/2022 05:40:32 - INFO - __main__ - <mask> was the son of a merchant in <mask>.
07/13/2022 05:40:32 - INFO - __main__ - <mask> (1818–1896) was a merchant and politician in the city of <mask>.
07/13/2022 05:40:32 - INFO - __main__ - <mask> is an artist, writer and curator based in <mask>.
07/13/2022 05:40:32 - INFO - __main__ - <mask> (1818–1896) was a lawyer and politician in <mask>.
07/13/2022 05:40:32 - INFO - __main__ - ****************************
07/13/2022 05:40:32 - INFO - __main__ - *********References*********
07/13/2022 05:40:32 - INFO - __main__ - ['the place where <mask> was born is <mask>.']
07/13/2022 05:40:32 - INFO - __main__ - ****************************
07/13/2022 05:41:42 - INFO - __main__ - ***********Input************
07/13/2022 05:41:42 - INFO - __main__ - <mask> (b. February 11, 1955, <mask>, Tennessee - d July 2, 2007, Tiburon, California) was an American artist .
07/13/2022 05:41:42 - INFO - __main__ - *********Hypothesis*********
07/13/2022 05:41:42 - INFO - __main__ - <mask> was born in <mask>.
07/13/2022 05:41:42 - INFO - __main__ - <mask> is a former professional basketball player who played for <mask>.
07/13/2022 05:41:42 - INFO - __main__ - <mask> was born and raised in <mask>.
07/13/2022 05:41:42 - INFO - __main__ - <mask> is a professional basketball player from <mask>.
07/13/2022 05:41:42 - INFO - __main__ - <mask>, a former mayor of <mask>.
07/13/2022 05:41:42 - INFO - __main__ - <mask> is a retired professional basketball player from <mask>.
07/13/2022 05:41:42 - INFO - __main__ - <mask>, the son of a wealthy family, was born in <mask>.
07/13/2022 05:41:42 - INFO - __main__ - <mask> is an artist and writer based in <mask>.
07/13/2022 05:41:42 - INFO - __main__ - <mask> is an artist based in <mask>.
07/13/2022 05:41:42 - INFO - __main__ - <mask>, a former teacher, was born in <mask>.
07/13/2022 05:41:42 - INFO - __main__ - ****************************
07/13/2022 05:41:42 - INFO - __main__ - *********References*********
07/13/2022 05:41:42 - INFO - __main__ - ['the place where <mask> was born is <mask>.']
07/13/2022 05:41:42 - INFO - __main__ - ****************************
07/13/2022 05:42:39 - INFO - __main__ - ***********Input************
07/13/2022 05:42:39 - INFO - __main__ - <mask> (c. <mask> - 25 August 1785) was a British diplomat and politician who sat in the House of Commons between 1762 and 1774 .
07/13/2022 05:42:39 - INFO - __main__ - *********Hypothesis*********
07/13/2022 05:42:39 - INFO - __main__ - <mask>, who was a prominent local merchant, was born in <mask>.
07/13/2022 05:42:39 - INFO - __main__ - <mask>, who was born in <mask>.
07/13/2022 05:42:39 - INFO - __main__ - <mask> died in the house in <mask>.
07/13/2022 05:42:39 - INFO - __main__ - <mask> of st. mary's, who died in <mask>.
07/13/2022 05:42:39 - INFO - __main__ - <mask> died in <mask>.
07/13/2022 05:42:39 - INFO - __main__ - <mask>, a prominent local merchant, was born in <mask>.
07/13/2022 05:42:39 - INFO - __main__ - <mask> (1715–1772) was born in <mask>.
07/13/2022 05:42:39 - INFO - __main__ - <mask> was appointed as a justice of the peace in <mask>.
07/13/2022 05:42:39 - INFO - __main__ - <mask> was appointed as the new master in <mask>.
07/13/2022 05:42:39 - INFO - __main__ - <mask>, a prominent local merchant, was born here in <mask>.
07/13/2022 05:42:39 - INFO - __main__ - ****************************
07/13/2022 05:42:39 - INFO - __main__ - *********References*********
07/13/2022 05:42:39 - INFO - __main__ - ['the date when <mask> was born is <mask>.']
07/13/2022 05:42:39 - INFO - __main__ - ****************************
07/13/2022 05:44:07 - INFO - __main__ - ***********Input************
07/13/2022 05:44:07 - INFO - __main__ - <mask> (born December 28th, <mask>) is a United States of America Democratic political consultant and activist who has worked on six presidential campaigns, served as Policy Director for the Speaker of the House in Connecticut, and served as the National Coordinated Campaign Director for both the 1992 and 1996 Presidential campaigns of Bill Clinton .
07/13/2022 05:44:07 - INFO - __main__ - *********Hypothesis*********
07/13/2022 05:44:07 - INFO - __main__ - <mask> died in <mask>.
07/13/2022 05:44:07 - INFO - __main__ - <mask> was born in the town in <mask>.
07/13/2022 05:44:07 - INFO - __main__ - <mask>, who had been the editor since <mask>.
07/13/2022 05:44:07 - INFO - __main__ - <mask> was appointed as the new headmaster in <mask>.
07/13/2022 05:44:07 - INFO - __main__ - <mask>, "the theory of the self", <mask>.
07/13/2022 05:44:07 - INFO - __main__ - <mask> was the last person to be executed in <mask>.
07/13/2022 05:44:07 - INFO - __main__ - <mask>, jr. was born in <mask>.
07/13/2022 05:44:07 - INFO - __main__ - <mask> became the first woman to be elected to the position in <mask>.
07/13/2022 05:44:07 - INFO - __main__ - <mask> was the last surviving member of the original group, who died in <mask>.
07/13/2022 05:44:07 - INFO - __main__ - <mask>, a former member of the group, died in <mask>.
07/13/2022 05:44:07 - INFO - __main__ - ****************************
07/13/2022 05:44:07 - INFO - __main__ - *********References*********
07/13/2022 05:44:07 - INFO - __main__ - ['the date when <mask> was born is <mask>.']
07/13/2022 05:44:07 - INFO - __main__ - ****************************
07/13/2022 05:45:18 - INFO - __main__ - ***********Input************
07/13/2022 05:45:18 - INFO - __main__ - <mask> (born <mask> in Vlorë, Albania) is a singer who at fourtheen moved to Pistoia, Italy were he remains with his parents and three brothers .
07/13/2022 05:45:18 - INFO - __main__ - *********Hypothesis*********
07/13/2022 05:45:18 - INFO - __main__ - <mask> was born in <mask>.
07/13/2022 05:45:18 - INFO - __main__ - <mask> is the capital of <mask>.
07/13/2022 05:45:18 - INFO - __main__ - <mask> is the son of <mask>.
07/13/2022 05:45:18 - INFO - __main__ - <mask> is the son of former <mask>.
07/13/2022 05:45:18 - INFO - __main__ - <mask> is the capital and largest city of <mask>.
07/13/2022 05:45:18 - INFO - __main__ - <mask> was the son of <mask>.
07/13/2022 05:45:18 - INFO - __main__ - <mask> is the son of former prime minister <mask>.
07/13/2022 05:45:18 - INFO - __main__ - <mask> is a younger brother of <mask>.
07/13/2022 05:45:18 - INFO - __main__ - <mask>, son of <mask>.
07/13/2022 05:45:18 - INFO - __main__ - <mask> was born <mask>.
07/13/2022 05:45:18 - INFO - __main__ - ****************************
07/13/2022 05:45:18 - INFO - __main__ - *********References*********
07/13/2022 05:45:18 - INFO - __main__ - ['the date when <mask> was born is <mask>.']
07/13/2022 05:45:18 - INFO - __main__ - ****************************
07/13/2022 05:46:16 - INFO - __main__ - ***********Input************
07/13/2022 05:46:16 - INFO - __main__ - <mask> (born 27 September 1974, in <mask>, India) is a former Indian cricketer .
07/13/2022 05:46:16 - INFO - __main__ - *********Hypothesis*********
07/13/2022 05:46:16 - INFO - __main__ - <mask> was born in <mask>.
07/13/2022 05:46:16 - INFO - __main__ - <mask> was born and brought up in <mask>.
07/13/2022 05:46:16 - INFO - __main__ - <mask> is a film director and producer from <mask>.
07/13/2022 05:46:16 - INFO - __main__ - <mask> is a film director from <mask>.
07/13/2022 05:46:16 - INFO - __main__ - <mask> is a young man who lives in <mask>.
07/13/2022 05:46:16 - INFO - __main__ - <mask> was born in a <mask>.
07/13/2022 05:46:16 - INFO - __main__ - <mask> has been a resident of <mask>.
07/13/2022 05:46:16 - INFO - __main__ - <mask> started his career as a journalist in <mask>.
07/13/2022 05:46:16 - INFO - __main__ - <mask>, the son of a rich businessman, was born in <mask>.
07/13/2022 05:46:16 - INFO - __main__ - <mask>, the son of a wealthy businessman, was born in <mask>.
07/13/2022 05:46:16 - INFO - __main__ - ****************************
07/13/2022 05:46:16 - INFO - __main__ - *********References*********
07/13/2022 05:46:16 - INFO - __main__ - ['the place where <mask> was born is <mask>.']
07/13/2022 05:46:16 - INFO - __main__ - ****************************
07/13/2022 05:47:17 - INFO - __main__ - ***********Input************
07/13/2022 05:47:17 - INFO - __main__ - <mask> (1806-1867) was an American physician, born in <mask>, Massachusetts .
07/13/2022 05:47:17 - INFO - __main__ - *********Hypothesis*********
07/13/2022 05:47:17 - INFO - __main__ - <mask> was born and raised in <mask>.
07/13/2022 05:47:17 - INFO - __main__ - <mask>, a prominent local businessman, was born in <mask>.
07/13/2022 05:47:17 - INFO - __main__ - <mask>, the son of a wealthy merchant, was born in <mask>.
07/13/2022 05:47:17 - INFO - __main__ - <mask>, a prominent lawyer, was born in <mask>.
07/13/2022 05:47:17 - INFO - __main__ - <mask> (1828–1896), who died in <mask>.
07/13/2022 05:47:17 - INFO - __main__ - <mask>, a former mayor of <mask>.
07/13/2022 05:47:17 - INFO - __main__ - <mask> is a former professional baseball player who played for <mask>.
07/13/2022 05:47:17 - INFO - __main__ - <mask>, a local businessman, was a prominent figure in <mask>.
07/13/2022 05:47:17 - INFO - __main__ - <mask> is an actor and director from <mask>.
07/13/2022 05:47:17 - INFO - __main__ - <mask> was a lawyer and politician from <mask>.
07/13/2022 05:47:17 - INFO - __main__ - ****************************
07/13/2022 05:47:17 - INFO - __main__ - *********References*********
07/13/2022 05:47:17 - INFO - __main__ - ['the place where <mask> was born is <mask>.']
07/13/2022 05:47:17 - INFO - __main__ - ****************************
07/13/2022 05:48:01 - INFO - __main__ - ***********Input************
07/13/2022 05:48:01 - INFO - __main__ - A Conservative, the Honourable <mask> served until his death in 1871 in <mask>, Ontario .
07/13/2022 05:48:01 - INFO - __main__ - *********Hypothesis*********
07/13/2022 05:48:01 - INFO - __main__ - <mask>'s father was a lawyer in <mask>.
07/13/2022 05:48:01 - INFO - __main__ - <mask>'s father was a lawyer and a judge in <mask>.
07/13/2022 05:48:01 - INFO - __main__ - <mask>'s father was a lawyer and a prominent lawyer in <mask>.
07/13/2022 05:48:01 - INFO - __main__ - <mask> was a member of the board of directors of the city of <mask>.
07/13/2022 05:48:01 - INFO - __main__ - <mask>'s family had been involved in the lumber industry in <mask>.
07/13/2022 05:48:01 - INFO - __main__ - <mask> is a former member of the band <mask>.
07/13/2022 05:48:01 - INFO - __main__ - <mask> is currently a freelance writer, based in <mask>.
07/13/2022 05:48:01 - INFO - __main__ - <mask> is a native of <mask>.
07/13/2022 05:48:01 - INFO - __main__ - <mask> was born and raised in the <mask>.
07/13/2022 05:48:01 - INFO - __main__ - <mask>'s father was a lawyer and a prominent politician in <mask>.
07/13/2022 05:48:01 - INFO - __main__ - ****************************
07/13/2022 05:48:01 - INFO - __main__ - *********References*********
07/13/2022 05:48:01 - INFO - __main__ - ['the place where <mask> died is <mask>.']
07/13/2022 05:48:01 - INFO - __main__ - ****************************
07/13/2022 05:48:47 - INFO - __main__ - ***********Input************
07/13/2022 05:48:47 - INFO - __main__ - <mask> died at <mask> BC December 20, 1959 age 85 .
07/13/2022 05:48:47 - INFO - __main__ - *********Hypothesis*********
07/13/2022 05:48:47 - INFO - __main__ - <mask> is a former member of the band <mask>.
07/13/2022 05:48:47 - INFO - __main__ - <mask>'s father was a lawyer in <mask>.
07/13/2022 05:48:47 - INFO - __main__ - <mask> is currently a freelance writer based in <mask>.
07/13/2022 05:48:47 - INFO - __main__ - <mask> has been involved in a number of community organizations in <mask>.
07/13/2022 05:48:47 - INFO - __main__ - <mask>'s family moved to the city of <mask>.
07/13/2022 05:48:47 - INFO - __main__ - <mask> had previously been a member of the city council of <mask>.
07/13/2022 05:48:47 - INFO - __main__ - <mask> is a member of the board of directors of the city of <mask>.
07/13/2022 05:48:47 - INFO - __main__ - <mask> has been involved in a number of community projects in <mask>.
07/13/2022 05:48:47 - INFO - __main__ - <mask> was born and raised in the suburbs of <mask>.
07/13/2022 05:48:47 - INFO - __main__ - <mask> is currently working on a new album in <mask>.
07/13/2022 05:48:47 - INFO - __main__ - ****************************
07/13/2022 05:48:47 - INFO - __main__ - *********References*********
07/13/2022 05:48:47 - INFO - __main__ - ['the place where <mask> died is <mask>.']
07/13/2022 05:48:47 - INFO - __main__ - ****************************
07/13/2022 05:49:57 - INFO - __main__ - ***********Input************
07/13/2022 05:49:57 - INFO - __main__ - Considered by some in the art world to be one of the last of the Surrealists, <mask> died in his home in <mask> on April 25, 2008, aged 99 Donati's health had been failing since involved, as a passenger, in a taxi accident in July, 2007 .
07/13/2022 05:49:57 - INFO - __main__ - *********Hypothesis*********
07/13/2022 05:49:57 - INFO - __main__ - <mask> was born and died in <mask>.
07/13/2022 05:49:57 - INFO - __main__ - <mask> was born in the city of <mask>.
07/13/2022 05:49:57 - INFO - __main__ - <mask> is a native of <mask>.
07/13/2022 05:49:57 - INFO - __main__ - <mask> started his career as a journalist in <mask>.
07/13/2022 05:49:57 - INFO - __main__ - <mask> was born in <mask>.
07/13/2022 05:49:57 - INFO - __main__ - <mask>'s father was a lawyer in <mask>.
07/13/2022 05:49:57 - INFO - __main__ - <mask>'s father was a lawyer and his mother was a teacher in <mask>.
07/13/2022 05:49:57 - INFO - __main__ - <mask> is a native of the <mask>.
07/13/2022 05:49:57 - INFO - __main__ - <mask> is a former youth international for <mask>.
07/13/2022 05:49:57 - INFO - __main__ - <mask>, a painter, was born in <mask>.
07/13/2022 05:49:57 - INFO - __main__ - ****************************
07/13/2022 05:49:57 - INFO - __main__ - *********References*********
07/13/2022 05:49:57 - INFO - __main__ - ['the place where <mask> died is <mask>.']
07/13/2022 05:49:57 - INFO - __main__ - ****************************
07/13/2022 05:50:44 - INFO - __main__ - ***********Input************
07/13/2022 05:50:44 - INFO - __main__ - <mask> died of pneumonia in 1990 at his home in <mask>, California .
07/13/2022 05:50:44 - INFO - __main__ - *********Hypothesis*********
07/13/2022 05:50:44 - INFO - __main__ - <mask> is currently a resident of <mask>.
07/13/2022 05:50:44 - INFO - __main__ - <mask>'s family moved to the city of <mask>.
07/13/2022 05:50:44 - INFO - __main__ - <mask>'s family moved to <mask>.
07/13/2022 05:50:44 - INFO - __main__ - <mask>'s father was a successful real estate developer in <mask>.
07/13/2022 05:50:44 - INFO - __main__ - <mask> has been a resident of <mask>.
07/13/2022 05:50:44 - INFO - __main__ - <mask> has been a long-time resident of <mask>.
07/13/2022 05:50:44 - INFO - __main__ - <mask> began his career as a journalist in <mask>.
07/13/2022 05:50:44 - INFO - __main__ - <mask> began his career as a professional dancer in <mask>.
07/13/2022 05:50:44 - INFO - __main__ - <mask> began his career as a session musician in <mask>.
07/13/2022 05:50:44 - INFO - __main__ - <mask> was raised in the suburbs of <mask>.
07/13/2022 05:50:44 - INFO - __main__ - ****************************
07/13/2022 05:50:44 - INFO - __main__ - *********References*********
07/13/2022 05:50:44 - INFO - __main__ - ['the place where <mask> died is <mask>.']
07/13/2022 05:50:44 - INFO - __main__ - ****************************
07/13/2022 05:51:39 - INFO - __main__ - ***********Input************
07/13/2022 05:51:39 - INFO - __main__ - <mask> died in 1888 in <mask>, Germany and is buried, together with his wife, Sophie in Weißensee .
07/13/2022 05:51:39 - INFO - __main__ - *********Hypothesis*********
07/13/2022 05:51:39 - INFO - __main__ - <mask> was born and died in <mask>.
07/13/2022 05:51:39 - INFO - __main__ - <mask>'s father was a lawyer in <mask>.
07/13/2022 05:51:39 - INFO - __main__ - <mask> was born in the city of <mask>.
07/13/2022 05:51:39 - INFO - __main__ - <mask> was born and raised in <mask>.
07/13/2022 05:51:39 - INFO - __main__ - <mask> was a member of the board of the city of <mask>.
07/13/2022 05:51:39 - INFO - __main__ - <mask> is a member of the board of directors of <mask>.
07/13/2022 05:51:39 - INFO - __main__ - <mask> is home to the university of <mask>.
07/13/2022 05:51:39 - INFO - __main__ - <mask> is a surname, originating from <mask>.
07/13/2022 05:51:39 - INFO - __main__ - <mask> is a former mayor of <mask>.
07/13/2022 05:51:39 - INFO - __main__ - <mask>er was born in <mask>.
07/13/2022 05:51:39 - INFO - __main__ - ****************************
07/13/2022 05:51:39 - INFO - __main__ - *********References*********
07/13/2022 05:51:39 - INFO - __main__ - ['the place where <mask> died is <mask>.']
07/13/2022 05:51:39 - INFO - __main__ - ****************************
07/13/2022 05:51:40 - INFO - __main__ - Task: google-re
07/13/2022 05:51:40 - INFO - __main__ - bleu-4: 4.531110427167152e-79
07/13/2022 05:51:40 - INFO - __main__ - bleu-3: 0.030136911871071946
07/13/2022 05:51:40 - INFO - __main__ - bleu-2: 0.06871019033817445
07/13/2022 05:51:40 - INFO - __main__ - bleu-1: 0.31300300454619273
07/13/2022 05:51:40 - INFO - __main__ - METEOR: 0.22797329464835422
07/13/2022 05:51:40 - INFO - __main__ - ROUGE-L: 0.3572502200814894
07/13/2022 05:51:40 - INFO - __main__ - entailment score(mean-mean): 0.07960849950543586
07/13/2022 05:51:40 - INFO - __main__ - entailment score(mean-max): 0.45462055255969364
07/13/2022 05:51:40 - INFO - __main__ - entailment score(mean-min): 0.0006055887781258207
07/13/2022 05:51:40 - INFO - __main__ - self-BLEU-2: 0.8794118081257618
07/13/2022 05:51:40 - INFO - __main__ - avg: 0.1661789369142138
07/13/2022 05:51:40 - INFO - __main__ - *******************************************************
07/13/2022 05:51:40 - INFO - __main__ - *******************************************************
07/13/2022 05:51:40 - INFO - __main__ - *******************************************************
