07/14/2022 02:10:25 - INFO - __main__ - **************** MODEL CONFIGURATION ****************
07/14/2022 02:10:25 - INFO - __main__ - bart_training             -->   True
07/14/2022 02:10:25 - INFO - __main__ - device                    -->   8
07/14/2022 02:10:25 - INFO - __main__ - group_beam                -->   True
07/14/2022 02:10:25 - INFO - __main__ - if_then                   -->   False
07/14/2022 02:10:25 - INFO - __main__ - inductor                  -->   rule
07/14/2022 02:10:25 - INFO - __main__ - log_dir                   -->   logs_new/
07/14/2022 02:10:25 - INFO - __main__ - log_name                  -->   google-wgb+dpp
07/14/2022 02:10:25 - INFO - __main__ - mlm_training              -->   True
07/14/2022 02:10:25 - INFO - __main__ - task                      -->   google-re
07/14/2022 02:10:25 - INFO - __main__ - **************** MODEL CONFIGURATION ****************
07/14/2022 02:12:24 - INFO - __main__ - ***********Input************
07/14/2022 02:12:24 - INFO - __main__ - <mask> (b. 1954 in <mask>) is a best-selling American author of romance novels .
07/14/2022 02:12:24 - INFO - __main__ - *********Hypothesis*********
07/14/2022 02:12:24 - INFO - __main__ - <mask>, a lawyer, was born in <mask>.
07/14/2022 02:12:24 - INFO - __main__ - <mask> was born in <mask>.
07/14/2022 02:12:24 - INFO - __main__ - <mask> was born and raised in <mask>.
07/14/2022 02:12:24 - INFO - __main__ - <mask> is a writer and artist based in <mask>.
07/14/2022 02:12:24 - INFO - __main__ - <mask>: die welt im <mask>.
07/14/2022 02:12:24 - INFO - __main__ - <mask>, professor of history, university of <mask>.
07/14/2022 02:12:24 - INFO - __main__ - <mask> lives and works in <mask>.
07/14/2022 02:12:24 - INFO - __main__ - <mask> is a former professional basketball player from <mask>.
07/14/2022 02:12:24 - INFO - __main__ - <mask> is a film director and screenwriter from <mask>.
07/14/2022 02:12:24 - INFO - __main__ - <mask> is an artist based in <mask>.
07/14/2022 02:12:24 - INFO - __main__ - ****************************
07/14/2022 02:12:24 - INFO - __main__ - *********References*********
07/14/2022 02:12:24 - INFO - __main__ - ['the place where <mask> was born is <mask>.']
07/14/2022 02:12:24 - INFO - __main__ - ****************************
07/14/2022 02:13:16 - INFO - __main__ - ***********Input************
07/14/2022 02:13:16 - INFO - __main__ - <mask> (born c.<mask> Chapel Hill, North Carolina) is an American director and designer of experimental theatre from New York City .
07/14/2022 02:13:16 - INFO - __main__ - *********Hypothesis*********
07/14/2022 02:13:16 - INFO - __main__ - <mask>, actress, was born in <mask>.
07/14/2022 02:13:16 - INFO - __main__ - <mask> is a writer and editor based in <mask>.
07/14/2022 02:13:16 - INFO - __main__ - <mask> is a former professional tennis player from <mask>.
07/14/2022 02:13:16 - INFO - __main__ - <mask> was born <mask>.
07/14/2022 02:13:16 - INFO - __main__ - <mask> was born in <mask>.
07/14/2022 02:13:16 - INFO - __main__ - <mask> is a professor of history at <mask>.
07/14/2022 02:13:16 - INFO - __main__ - <mask> is a former professional basketball player who played for <mask>.
07/14/2022 02:13:16 - INFO - __main__ - <mask>, (hans bock-hans the field of <mask>.
07/14/2022 02:13:16 - INFO - __main__ - <mask> is a native of <mask>.
07/14/2022 02:13:16 - INFO - __main__ - <mask> (born ) is a former professional basketball player from <mask>.
07/14/2022 02:13:16 - INFO - __main__ - ****************************
07/14/2022 02:13:16 - INFO - __main__ - *********References*********
07/14/2022 02:13:16 - INFO - __main__ - ['the date when <mask> was born is <mask>.']
07/14/2022 02:13:16 - INFO - __main__ - ****************************
07/14/2022 02:14:13 - INFO - __main__ - ***********Input************
07/14/2022 02:14:13 - INFO - __main__ - <mask> (born c <mask>) is a former softball player and coach .
07/14/2022 02:14:13 - INFO - __main__ - *********Hypothesis*********
07/14/2022 02:14:13 - INFO - __main__ - <mask> (née lee <mask>.
07/14/2022 02:14:13 - INFO - __main__ - <mask> was born in <mask>.
07/14/2022 02:14:13 - INFO - __main__ - <mask>, (a.a former <mask>.
07/14/2022 02:14:13 - INFO - __main__ - <mask>, a lawyerd <mask>.
07/14/2022 02:14:13 - INFO - __main__ - <mask>, a former student of <mask>.
07/14/2022 02:14:13 - INFO - __main__ - <mask> is portrayed by <mask>.
07/14/2022 02:14:13 - INFO - __main__ - <mask> as dr. <mask>.
07/14/2022 02:14:13 - INFO - __main__ - <mask> (née h) ( <mask>.
07/14/2022 02:14:13 - INFO - __main__ - ****************************
07/14/2022 02:14:13 - INFO - __main__ - *********References*********
07/14/2022 02:14:13 - INFO - __main__ - ['the date when <mask> was born is <mask>.']
07/14/2022 02:14:13 - INFO - __main__ - ****************************
07/14/2022 02:14:44 - INFO - __main__ - ***********Input************
07/14/2022 02:14:44 - INFO - __main__ - <mask> (1738--1811) was a British composer and organist born in <mask> .
07/14/2022 02:14:44 - INFO - __main__ - *********Hypothesis*********
07/14/2022 02:14:44 - INFO - __main__ - <mask>,, chief constable, city of <mask>.
07/14/2022 02:14:44 - INFO - __main__ - <mask>, chief superintendent of police, city of <mask>.
07/14/2022 02:14:44 - INFO - __main__ - <mask>, a prominent local businessman, was born in <mask>.
07/14/2022 02:14:44 - INFO - __main__ - <mask>, a prominent local businessman, was a prominent figure in the <mask>.
07/14/2022 02:14:44 - INFO - __main__ - <mask> was the son of a merchant in <mask>.
07/14/2022 02:14:44 - INFO - __main__ - <mask> was born and died in <mask>.
07/14/2022 02:14:44 - INFO - __main__ - <mask> was a merchant and politician in <mask>.
07/14/2022 02:14:44 - INFO - __main__ - <mask> is an artist, writer and curator based in <mask>.
07/14/2022 02:14:44 - INFO - __main__ - <mask> is a former professional footballer who played for <mask>.
07/14/2022 02:14:44 - INFO - __main__ - <mask> (1772–1835), who died in <mask>.
07/14/2022 02:14:44 - INFO - __main__ - ****************************
07/14/2022 02:14:44 - INFO - __main__ - *********References*********
07/14/2022 02:14:44 - INFO - __main__ - ['the place where <mask> was born is <mask>.']
07/14/2022 02:14:44 - INFO - __main__ - ****************************
07/14/2022 02:15:27 - INFO - __main__ - ***********Input************
07/14/2022 02:15:27 - INFO - __main__ - <mask> (b. February 11, 1955, <mask>, Tennessee - d July 2, 2007, Tiburon, California) was an American artist .
07/14/2022 02:15:27 - INFO - __main__ - *********Hypothesis*********
07/14/2022 02:15:27 - INFO - __main__ - <mask>, a former teacher, was born in <mask>.
07/14/2022 02:15:27 - INFO - __main__ - <mask> was born in <mask>.
07/14/2022 02:15:27 - INFO - __main__ - <mask> was born and raised in <mask>.
07/14/2022 02:15:27 - INFO - __main__ - <mask> is an artist, writer, and educator from <mask>.
07/14/2022 02:15:27 - INFO - __main__ - <mask> is a singer and songwriter from <mask>.
07/14/2022 02:15:27 - INFO - __main__ - <mask> is a former professional basketball player who played for <mask>.
07/14/2022 02:15:27 - INFO - __main__ - <mask> is a professional basketball player from <mask>.
07/14/2022 02:15:27 - INFO - __main__ - <mask>, the son of a wealthy family, was born in <mask>.
07/14/2022 02:15:27 - INFO - __main__ - <mask> is an artist and writer based in <mask>.
07/14/2022 02:15:27 - INFO - __main__ - <mask>, a former mayor of <mask>.
07/14/2022 02:15:27 - INFO - __main__ - ****************************
07/14/2022 02:15:27 - INFO - __main__ - *********References*********
07/14/2022 02:15:27 - INFO - __main__ - ['the place where <mask> was born is <mask>.']
07/14/2022 02:15:27 - INFO - __main__ - ****************************
07/14/2022 02:16:05 - INFO - __main__ - ***********Input************
07/14/2022 02:16:05 - INFO - __main__ - <mask> (c. <mask> - 25 August 1785) was a British diplomat and politician who sat in the House of Commons between 1762 and 1774 .
07/14/2022 02:16:05 - INFO - __main__ - *********Hypothesis*********
07/14/2022 02:16:05 - INFO - __main__ - <mask>, who was a prominent local merchant, was born in <mask>.
07/14/2022 02:16:05 - INFO - __main__ - <mask>, a prominent local merchant, was born here in <mask>.
07/14/2022 02:16:05 - INFO - __main__ - <mask>, a local merchant, was the owner of the house in <mask>.
07/14/2022 02:16:05 - INFO - __main__ - <mask> was the last surviving member of the family, who died in <mask>.
07/14/2022 02:16:05 - INFO - __main__ - <mask> was born in the village in <mask>.
07/14/2022 02:16:05 - INFO - __main__ - <mask> was appointed as a justice of the peace in <mask>.
07/14/2022 02:16:05 - INFO - __main__ - <mask> of st. mary's, who died in <mask>.
07/14/2022 02:16:05 - INFO - __main__ - <mask> had been a member of the council since <mask>.
07/14/2022 02:16:05 - INFO - __main__ - <mask> built the house in <mask>.
07/14/2022 02:16:05 - INFO - __main__ - <mask> (1715–1772) was born in <mask>.
07/14/2022 02:16:05 - INFO - __main__ - ****************************
07/14/2022 02:16:05 - INFO - __main__ - *********References*********
07/14/2022 02:16:05 - INFO - __main__ - ['the date when <mask> was born is <mask>.']
07/14/2022 02:16:05 - INFO - __main__ - ****************************
07/14/2022 02:16:56 - INFO - __main__ - ***********Input************
07/14/2022 02:16:56 - INFO - __main__ - <mask> (born December 28th, <mask>) is a United States of America Democratic political consultant and activist who has worked on six presidential campaigns, served as Policy Director for the Speaker of the House in Connecticut, and served as the National Coordinated Campaign Director for both the 1992 and 1996 Presidential campaigns of Bill Clinton .
07/14/2022 02:16:56 - INFO - __main__ - *********Hypothesis*********
07/14/2022 02:16:56 - INFO - __main__ - <mask> was born in <mask>.
07/14/2022 02:16:56 - INFO - __main__ - <mask>: the rise and fall of a political genius, <mask>.
07/14/2022 02:16:56 - INFO - __main__ - <mask>, who was a member of the group, died in <mask>.
07/14/2022 02:16:56 - INFO - __main__ - <mask>, a former student, was appointed as president in <mask>.
07/14/2022 02:16:56 - INFO - __main__ - <mask> was elected to the position in <mask>.
07/14/2022 02:16:56 - INFO - __main__ - <mask> was born in the f. f. named after him in <mask>.
07/14/2022 02:16:56 - INFO - __main__ - <mask> is a former professional baseball player who played in <mask>.
07/14/2022 02:16:56 - INFO - __main__ - <mask> has been a member of the board of directors since <mask>.
07/14/2022 02:16:56 - INFO - __main__ - <mask> began his career as a journalist in <mask>.
07/14/2022 02:16:56 - INFO - __main__ - <mask> became the president in <mask>.
07/14/2022 02:16:56 - INFO - __main__ - ****************************
07/14/2022 02:16:56 - INFO - __main__ - *********References*********
07/14/2022 02:16:56 - INFO - __main__ - ['the date when <mask> was born is <mask>.']
07/14/2022 02:16:56 - INFO - __main__ - ****************************
07/14/2022 02:17:39 - INFO - __main__ - ***********Input************
07/14/2022 02:17:39 - INFO - __main__ - <mask> (born <mask> in Vlorë, Albania) is a singer who at fourtheen moved to Pistoia, Italy were he remains with his parents and three brothers .
07/14/2022 02:17:39 - INFO - __main__ - *********Hypothesis*********
07/14/2022 02:17:39 - INFO - __main__ - <mask> is the son of former <mask>.
07/14/2022 02:17:39 - INFO - __main__ - <mask> is a surname, derived from <mask>.
07/14/2022 02:17:39 - INFO - __main__ - <mask>'s main railway station is the railway station of <mask>.
07/14/2022 02:17:39 - INFO - __main__ - <mask> was born in <mask>.
07/14/2022 02:17:39 - INFO - __main__ - <mask> is the capital of <mask>.
07/14/2022 02:17:39 - INFO - __main__ - <mask> is the capital and largest city of <mask>.
07/14/2022 02:17:39 - INFO - __main__ - <mask> is a member of the band <mask>.
07/14/2022 02:17:39 - INFO - __main__ - <mask>'s father is <mask>.
07/14/2022 02:17:39 - INFO - __main__ - <mask> was born <mask>.
07/14/2022 02:17:39 - INFO - __main__ - <mask> is the son of <mask>.
07/14/2022 02:17:39 - INFO - __main__ - ****************************
07/14/2022 02:17:39 - INFO - __main__ - *********References*********
07/14/2022 02:17:39 - INFO - __main__ - ['the date when <mask> was born is <mask>.']
07/14/2022 02:17:39 - INFO - __main__ - ****************************
07/14/2022 02:18:17 - INFO - __main__ - ***********Input************
07/14/2022 02:18:17 - INFO - __main__ - <mask> (born 27 September 1974, in <mask>, India) is a former Indian cricketer .
07/14/2022 02:18:17 - INFO - __main__ - *********Hypothesis*********
07/14/2022 02:18:17 - INFO - __main__ - <mask>, the son of a rich businessman, lives in <mask>.
07/14/2022 02:18:17 - INFO - __main__ - <mask> lives with his family in <mask>.
07/14/2022 02:18:17 - INFO - __main__ - <mask> was born in <mask>.
07/14/2022 02:18:17 - INFO - __main__ - <mask> was born in a <mask>.
07/14/2022 02:18:17 - INFO - __main__ - <mask> was born and brought up in <mask>.
07/14/2022 02:18:17 - INFO - __main__ - <mask> started his career as a journalist in <mask>.
07/14/2022 02:18:17 - INFO - __main__ - <mask> is a young man who lives in <mask>.
07/14/2022 02:18:17 - INFO - __main__ - <mask> is a film director from <mask>.
07/14/2022 02:18:17 - INFO - __main__ - <mask> has been a resident of <mask>.
07/14/2022 02:18:17 - INFO - __main__ - <mask> is a film director and producer from <mask>.
07/14/2022 02:18:17 - INFO - __main__ - ****************************
07/14/2022 02:18:17 - INFO - __main__ - *********References*********
07/14/2022 02:18:17 - INFO - __main__ - ['the place where <mask> was born is <mask>.']
07/14/2022 02:18:17 - INFO - __main__ - ****************************
07/14/2022 02:18:54 - INFO - __main__ - ***********Input************
07/14/2022 02:18:54 - INFO - __main__ - <mask> (1806-1867) was an American physician, born in <mask>, Massachusetts .
07/14/2022 02:18:54 - INFO - __main__ - *********Hypothesis*********
07/14/2022 02:18:54 - INFO - __main__ - <mask> was a prominent local businessman in <mask>.
07/14/2022 02:18:54 - INFO - __main__ - <mask> is an actor and director from <mask>.
07/14/2022 02:18:54 - INFO - __main__ - <mask> is a former professional footballer who played for <mask>.
07/14/2022 02:18:54 - INFO - __main__ - <mask> was born and raised in <mask>.
07/14/2022 02:18:54 - INFO - __main__ - <mask>, a prominent local businessman, was born in <mask>.
07/14/2022 02:18:54 - INFO - __main__ - <mask>, a local businessman, was a prominent figure in <mask>.
07/14/2022 02:18:54 - INFO - __main__ - <mask> was born in <mask>.
07/14/2022 02:18:54 - INFO - __main__ - <mask> was an early settler of <mask>.
07/14/2022 02:18:54 - INFO - __main__ - <mask> is the current mayor of <mask>.
07/14/2022 02:18:54 - INFO - __main__ - <mask> is a former professional baseball player who played for <mask>.
07/14/2022 02:18:54 - INFO - __main__ - ****************************
07/14/2022 02:18:54 - INFO - __main__ - *********References*********
07/14/2022 02:18:54 - INFO - __main__ - ['the place where <mask> was born is <mask>.']
07/14/2022 02:18:54 - INFO - __main__ - ****************************
07/14/2022 02:19:23 - INFO - __main__ - ***********Input************
07/14/2022 02:19:23 - INFO - __main__ - A Conservative, the Honourable <mask> served until his death in 1871 in <mask>, Ontario .
07/14/2022 02:19:23 - INFO - __main__ - *********Hypothesis*********
07/14/2022 02:19:23 - INFO - __main__ - <mask>'s family had been involved in the lumber industry in <mask>.
07/14/2022 02:19:23 - INFO - __main__ - <mask>'s mother, who was a nurse, was born in <mask>.
07/14/2022 02:19:23 - INFO - __main__ - <mask> was born and raised in <mask>.
07/14/2022 02:19:23 - INFO - __main__ - <mask> was born and raised in the <mask>.
07/14/2022 02:19:23 - INFO - __main__ - <mask> is a former member of the city council of <mask>.
07/14/2022 02:19:23 - INFO - __main__ - <mask> had been a prominent member of the community in <mask>.
07/14/2022 02:19:23 - INFO - __main__ - <mask>'s father was a lawyer and his mother was a teacher in <mask>.
07/14/2022 02:19:23 - INFO - __main__ - <mask> was born and raised in the city of <mask>.
07/14/2022 02:19:23 - INFO - __main__ - <mask> was a member of the board of directors of the city of <mask>.
07/14/2022 02:19:23 - INFO - __main__ - <mask> has been a long-time resident of <mask>.
07/14/2022 02:19:23 - INFO - __main__ - ****************************
07/14/2022 02:19:23 - INFO - __main__ - *********References*********
07/14/2022 02:19:23 - INFO - __main__ - ['the place where <mask> died is <mask>.']
07/14/2022 02:19:23 - INFO - __main__ - ****************************
07/14/2022 02:19:52 - INFO - __main__ - ***********Input************
07/14/2022 02:19:52 - INFO - __main__ - <mask> died at <mask> BC December 20, 1959 age 85 .
07/14/2022 02:19:52 - INFO - __main__ - *********Hypothesis*********
07/14/2022 02:19:52 - INFO - __main__ - <mask> was born and raised in the <mask>.
07/14/2022 02:19:52 - INFO - __main__ - <mask> was born and raised in <mask>.
07/14/2022 02:19:52 - INFO - __main__ - <mask> has been a long-time resident of <mask>.
07/14/2022 02:19:52 - INFO - __main__ - <mask> began his career as a journalist in <mask>.
07/14/2022 02:19:52 - INFO - __main__ - <mask> was born and raised in the city of <mask>.
07/14/2022 02:19:52 - INFO - __main__ - <mask>'s father was a lawyer and a judge in <mask>.
07/14/2022 02:19:52 - INFO - __main__ - <mask>'s family had been involved in the lumber industry in <mask>.
07/14/2022 02:19:52 - INFO - __main__ - <mask> is a member of the board of directors of the charity, <mask>.
07/14/2022 02:19:52 - INFO - __main__ - <mask> is a former member of the board of directors and <mask>.
07/14/2022 02:19:52 - INFO - __main__ - <mask> had previously been the minister of education in the government of <mask>.
07/14/2022 02:19:52 - INFO - __main__ - ****************************
07/14/2022 02:19:52 - INFO - __main__ - *********References*********
07/14/2022 02:19:52 - INFO - __main__ - ['the place where <mask> died is <mask>.']
07/14/2022 02:19:52 - INFO - __main__ - ****************************
07/14/2022 02:20:32 - INFO - __main__ - ***********Input************
07/14/2022 02:20:32 - INFO - __main__ - Considered by some in the art world to be one of the last of the Surrealists, <mask> died in his home in <mask> on April 25, 2008, aged 99 Donati's health had been failing since involved, as a passenger, in a taxi accident in July, 2007 .
07/14/2022 02:20:32 - INFO - __main__ - *********Hypothesis*********
07/14/2022 02:20:32 - INFO - __main__ - <mask>'s father was a lawyer and his mother was a teacher in <mask>.
07/14/2022 02:20:32 - INFO - __main__ - <mask> was born in the city of <mask>.
07/14/2022 02:20:32 - INFO - __main__ - <mask> was born and raised in <mask>.
07/14/2022 02:20:32 - INFO - __main__ - <mask> was born and died in <mask>.
07/14/2022 02:20:32 - INFO - __main__ - <mask> started his career as a journalist in <mask>.
07/14/2022 02:20:32 - INFO - __main__ - <mask> is a native of the city of <mask>.
07/14/2022 02:20:32 - INFO - __main__ - <mask> began his career as an assistant at the accademia di belle arti in <mask>.
07/14/2022 02:20:32 - INFO - __main__ - <mask>, a painter, was born in <mask>.
07/14/2022 02:20:32 - INFO - __main__ - <mask> was born in <mask>.
07/14/2022 02:20:32 - INFO - __main__ - <mask> is a former professional footballer who played for <mask>.
07/14/2022 02:20:32 - INFO - __main__ - ****************************
07/14/2022 02:20:32 - INFO - __main__ - *********References*********
07/14/2022 02:20:32 - INFO - __main__ - ['the place where <mask> died is <mask>.']
07/14/2022 02:20:32 - INFO - __main__ - ****************************
07/14/2022 02:21:01 - INFO - __main__ - ***********Input************
07/14/2022 02:21:01 - INFO - __main__ - <mask> died of pneumonia in 1990 at his home in <mask>, California .
07/14/2022 02:21:01 - INFO - __main__ - *********Hypothesis*********
07/14/2022 02:21:01 - INFO - __main__ - <mask> was born and raised in <mask>.
07/14/2022 02:21:01 - INFO - __main__ - <mask> is a native of <mask>.
07/14/2022 02:21:01 - INFO - __main__ - <mask>'s father was a successful businessman in <mask>.
07/14/2022 02:21:01 - INFO - __main__ - <mask> was born and raised in the city of <mask>.
07/14/2022 02:21:01 - INFO - __main__ - <mask> was a member of the board of directors of the city of <mask>.
07/14/2022 02:21:01 - INFO - __main__ - <mask> is currently a resident of <mask>.
07/14/2022 02:21:01 - INFO - __main__ - <mask> is a former professional basketball player who played for <mask>.
07/14/2022 02:21:01 - INFO - __main__ - <mask> has been a long-time resident of <mask>.
07/14/2022 02:21:01 - INFO - __main__ - <mask> began his career as a professional dancer in <mask>.
07/14/2022 02:21:01 - INFO - __main__ - <mask> and her family live in a small apartment in <mask>.
07/14/2022 02:21:01 - INFO - __main__ - ****************************
07/14/2022 02:21:01 - INFO - __main__ - *********References*********
07/14/2022 02:21:01 - INFO - __main__ - ['the place where <mask> died is <mask>.']
07/14/2022 02:21:01 - INFO - __main__ - ****************************
07/14/2022 02:21:36 - INFO - __main__ - ***********Input************
07/14/2022 02:21:36 - INFO - __main__ - <mask> died in 1888 in <mask>, Germany and is buried, together with his wife, Sophie in Weißensee .
07/14/2022 02:21:36 - INFO - __main__ - *********Hypothesis*********
07/14/2022 02:21:36 - INFO - __main__ - <mask>'s father was a lawyer in <mask>.
07/14/2022 02:21:36 - INFO - __main__ - <mask>'s family moved to <mask>.
07/14/2022 02:21:36 - INFO - __main__ - <mask> was born and raised in <mask>.
07/14/2022 02:21:36 - INFO - __main__ - <mask> studied law at the university of <mask>.
07/14/2022 02:21:36 - INFO - __main__ - <mask> is a native of the <mask>.
07/14/2022 02:21:36 - INFO - __main__ - <mask> is a native of <mask>.
07/14/2022 02:21:36 - INFO - __main__ - <mask> has an office in <mask>.
07/14/2022 02:21:36 - INFO - __main__ - <mask> was born in the city of <mask>.
07/14/2022 02:21:36 - INFO - __main__ - <mask> was born and died in <mask>.
07/14/2022 02:21:36 - INFO - __main__ - <mask> had been a member of the city council of <mask>.
07/14/2022 02:21:36 - INFO - __main__ - ****************************
07/14/2022 02:21:36 - INFO - __main__ - *********References*********
07/14/2022 02:21:36 - INFO - __main__ - ['the place where <mask> died is <mask>.']
07/14/2022 02:21:36 - INFO - __main__ - ****************************
07/14/2022 02:21:36 - INFO - __main__ - Task: google-re
07/14/2022 02:21:36 - INFO - __main__ - bleu-4: 5.1257617609282197e-79
07/14/2022 02:21:36 - INFO - __main__ - bleu-3: 0.033813487539745106
07/14/2022 02:21:36 - INFO - __main__ - bleu-2: 0.0671166765559302
07/14/2022 02:21:36 - INFO - __main__ - bleu-1: 0.3113326888899094
07/14/2022 02:21:36 - INFO - __main__ - METEOR: 0.22544957609962712
07/14/2022 02:21:36 - INFO - __main__ - ROUGE-L: 0.3527314426501733
07/14/2022 02:21:36 - INFO - __main__ - entailment score(mean-mean): 0.0865187538920263
07/14/2022 02:21:36 - INFO - __main__ - entailment score(mean-max): 0.562769635890921
07/14/2022 02:21:36 - INFO - __main__ - entailment score(mean-min): 0.0006044000838301145
07/14/2022 02:21:36 - INFO - __main__ - self-BLEU-2: 0.8740991598803232
07/14/2022 02:21:36 - INFO - __main__ - avg: 0.1650739786225642
07/14/2022 02:21:36 - INFO - __main__ - *******************************************************
07/14/2022 02:21:36 - INFO - __main__ - *******************************************************
07/14/2022 02:21:36 - INFO - __main__ - *******************************************************
07/14/2022 02:28:05 - INFO - __main__ - **************** MODEL CONFIGURATION ****************
07/14/2022 02:28:05 - INFO - __main__ - bart_training             -->   True
07/14/2022 02:28:05 - INFO - __main__ - device                    -->   8
07/14/2022 02:28:05 - INFO - __main__ - group_beam                -->   True
07/14/2022 02:28:05 - INFO - __main__ - if_then                   -->   False
07/14/2022 02:28:05 - INFO - __main__ - inductor                  -->   rule
07/14/2022 02:28:05 - INFO - __main__ - log_dir                   -->   logs_new/
07/14/2022 02:28:05 - INFO - __main__ - log_name                  -->   google-wgb+dpp
07/14/2022 02:28:05 - INFO - __main__ - mlm_training              -->   True
07/14/2022 02:28:05 - INFO - __main__ - task                      -->   google-re
07/14/2022 02:28:05 - INFO - __main__ - **************** MODEL CONFIGURATION ****************
07/14/2022 02:30:07 - INFO - __main__ - ***********Input************
07/14/2022 02:30:07 - INFO - __main__ - <mask> (b. 1954 in <mask>) is a best-selling American author of romance novels .
07/14/2022 02:30:07 - INFO - __main__ - *********Hypothesis*********
07/14/2022 02:30:07 - INFO - __main__ - <mask>, a former teacher, lives in <mask>.
07/14/2022 02:30:07 - INFO - __main__ - <mask> was born in <mask>.
07/14/2022 02:30:07 - INFO - __main__ - <mask> was born and raised in <mask>.
07/14/2022 02:30:07 - INFO - __main__ - <mask> is a writer and artist based in <mask>.
07/14/2022 02:30:07 - INFO - __main__ - <mask> is a retired professional basketball player from <mask>.
07/14/2022 02:30:07 - INFO - __main__ - <mask>, the former mayor of <mask>.
07/14/2022 02:30:07 - INFO - __main__ - <mask> is a writer and editor based in <mask>.
07/14/2022 02:30:07 - INFO - __main__ - <mask> is a former professional basketball player from <mask>.
07/14/2022 02:30:07 - INFO - __main__ - <mask> is a film director and screenwriter from <mask>.
07/14/2022 02:30:07 - INFO - __main__ - <mask> is an artist based in <mask>.
07/14/2022 02:30:07 - INFO - __main__ - ****************************
07/14/2022 02:30:07 - INFO - __main__ - *********References*********
07/14/2022 02:30:07 - INFO - __main__ - ['the place where <mask> was born is <mask>.']
07/14/2022 02:30:07 - INFO - __main__ - ****************************
07/14/2022 02:30:58 - INFO - __main__ - ***********Input************
07/14/2022 02:30:58 - INFO - __main__ - <mask> (born c.<mask> Chapel Hill, North Carolina) is an American director and designer of experimental theatre from New York City .
07/14/2022 02:30:58 - INFO - __main__ - *********Hypothesis*********
07/14/2022 02:30:58 - INFO - __main__ - <mask> is a retired professional basketball player who played in <mask>.
07/14/2022 02:30:58 - INFO - __main__ - <mask> (born in <mask>.
07/14/2022 02:30:58 - INFO - __main__ - <mask>, actress, was born in <mask>.
07/14/2022 02:30:58 - INFO - __main__ - <mask> is a writer and editor based in <mask>.
07/14/2022 02:30:58 - INFO - __main__ - <mask> is a former professional tennis player from <mask>.
07/14/2022 02:30:58 - INFO - __main__ - <mask> was born <mask>.
07/14/2022 02:30:58 - INFO - __main__ - <mask> was born in <mask>.
07/14/2022 02:30:58 - INFO - __main__ - <mask>, a former member of the group, was born in <mask>.
07/14/2022 02:30:58 - INFO - __main__ - <mask> is a native of <mask>.
07/14/2022 02:30:58 - INFO - __main__ - <mask> (born ) is a former professional basketball player from <mask>.
07/14/2022 02:30:58 - INFO - __main__ - ****************************
07/14/2022 02:30:58 - INFO - __main__ - *********References*********
07/14/2022 02:30:58 - INFO - __main__ - ['the date when <mask> was born is <mask>.']
07/14/2022 02:30:58 - INFO - __main__ - ****************************
07/14/2022 02:31:54 - INFO - __main__ - ***********Input************
07/14/2022 02:31:54 - INFO - __main__ - <mask> (born c <mask>) is a former softball player and coach .
07/14/2022 02:31:54 - INFO - __main__ - *********Hypothesis*********
07/14/2022 02:31:54 - INFO - __main__ - <mask> (née lee <mask>.
07/14/2022 02:31:54 - INFO - __main__ - <mask> was born in <mask>.
07/14/2022 02:31:54 - INFO - __main__ - <mask>, (a.a former <mask>.
07/14/2022 02:31:54 - INFO - __main__ - <mask>, a lawyerd <mask>.
07/14/2022 02:31:54 - INFO - __main__ - <mask>, a former student of <mask>.
07/14/2022 02:31:54 - INFO - __main__ - <mask> is portrayed by <mask>.
07/14/2022 02:31:54 - INFO - __main__ - <mask> as dr. <mask>.
07/14/2022 02:31:54 - INFO - __main__ - <mask> (née h) ( <mask>.
07/14/2022 02:31:54 - INFO - __main__ - ****************************
07/14/2022 02:31:54 - INFO - __main__ - *********References*********
07/14/2022 02:31:54 - INFO - __main__ - ['the date when <mask> was born is <mask>.']
07/14/2022 02:31:54 - INFO - __main__ - ****************************
07/14/2022 02:32:24 - INFO - __main__ - ***********Input************
07/14/2022 02:32:24 - INFO - __main__ - <mask> (1738--1811) was a British composer and organist born in <mask> .
07/14/2022 02:32:24 - INFO - __main__ - *********Hypothesis*********
07/14/2022 02:32:24 - INFO - __main__ - <mask>,, deputy lieutenant of <mask>.
07/14/2022 02:32:24 - INFO - __main__ - <mask>, a farmer, was born in <mask>.
07/14/2022 02:32:24 - INFO - __main__ - <mask>,, chief constable, city of <mask>.
07/14/2022 02:32:24 - INFO - __main__ - <mask>, a prominent local businessman, was born in <mask>.
07/14/2022 02:32:24 - INFO - __main__ - <mask> was born and raised in <mask>.
07/14/2022 02:32:24 - INFO - __main__ - <mask> was born and died in <mask>.
07/14/2022 02:32:24 - INFO - __main__ - <mask> was a professional footballer who played for <mask>.
07/14/2022 02:32:24 - INFO - __main__ - <mask> was a merchant and politician in <mask>.
07/14/2022 02:32:24 - INFO - __main__ - <mask> is a former professional footballer who played for <mask>.
07/14/2022 02:32:24 - INFO - __main__ - <mask>,, deputy chief constable, city of <mask>.
07/14/2022 02:32:24 - INFO - __main__ - ****************************
07/14/2022 02:32:24 - INFO - __main__ - *********References*********
07/14/2022 02:32:24 - INFO - __main__ - ['the place where <mask> was born is <mask>.']
07/14/2022 02:32:24 - INFO - __main__ - ****************************
07/14/2022 02:33:06 - INFO - __main__ - ***********Input************
07/14/2022 02:33:06 - INFO - __main__ - <mask> (b. February 11, 1955, <mask>, Tennessee - d July 2, 2007, Tiburon, California) was an American artist .
07/14/2022 02:33:06 - INFO - __main__ - *********Hypothesis*********
07/14/2022 02:33:06 - INFO - __main__ - <mask> was born in <mask>.
07/14/2022 02:33:06 - INFO - __main__ - <mask> was born and raised in <mask>.
07/14/2022 02:33:06 - INFO - __main__ - <mask> is a former professional basketball player who played for <mask>.
07/14/2022 02:33:06 - INFO - __main__ - <mask>, a former professional basketball player, is a real estate developer in <mask>.
07/14/2022 02:33:06 - INFO - __main__ - <mask> is a jazz saxophonist from <mask>.
07/14/2022 02:33:06 - INFO - __main__ - <mask>, a prominent lawyer, was born in <mask>.
07/14/2022 02:33:06 - INFO - __main__ - <mask> is a professional basketball player from <mask>.
07/14/2022 02:33:06 - INFO - __main__ - <mask>, the son of a wealthy family, was born in <mask>.
07/14/2022 02:33:06 - INFO - __main__ - <mask>, the current mayor of <mask>.
07/14/2022 02:33:06 - INFO - __main__ - <mask> is an attorney and former mayor of <mask>.
07/14/2022 02:33:06 - INFO - __main__ - ****************************
07/14/2022 02:33:06 - INFO - __main__ - *********References*********
07/14/2022 02:33:06 - INFO - __main__ - ['the place where <mask> was born is <mask>.']
07/14/2022 02:33:06 - INFO - __main__ - ****************************
07/14/2022 02:33:44 - INFO - __main__ - ***********Input************
07/14/2022 02:33:44 - INFO - __main__ - <mask> (c. <mask> - 25 August 1785) was a British diplomat and politician who sat in the House of Commons between 1762 and 1774 .
07/14/2022 02:33:44 - INFO - __main__ - *********Hypothesis*********
07/14/2022 02:33:44 - INFO - __main__ - <mask>, who was a prominent local merchant, was born in <mask>.
07/14/2022 02:33:44 - INFO - __main__ - <mask>, a local merchant, was the owner of the house in <mask>.
07/14/2022 02:33:44 - INFO - __main__ - <mask> was the last surviving member of the family, who died in <mask>.
07/14/2022 02:33:44 - INFO - __main__ - <mask> was born in the village in <mask>.
07/14/2022 02:33:44 - INFO - __main__ - <mask> was born in <mask>.
07/14/2022 02:33:44 - INFO - __main__ - <mask> was appointed as the new master in <mask>.
07/14/2022 02:33:44 - INFO - __main__ - <mask> had been a member of the council since <mask>.
07/14/2022 02:33:44 - INFO - __main__ - <mask> died in the house in <mask>.
07/14/2022 02:33:44 - INFO - __main__ - <mask> (1715–1772) was born in <mask>.
07/14/2022 02:33:44 - INFO - __main__ - <mask>, who was born in <mask>.
07/14/2022 02:33:44 - INFO - __main__ - ****************************
07/14/2022 02:33:44 - INFO - __main__ - *********References*********
07/14/2022 02:33:44 - INFO - __main__ - ['the date when <mask> was born is <mask>.']
07/14/2022 02:33:44 - INFO - __main__ - ****************************
07/14/2022 02:34:34 - INFO - __main__ - ***********Input************
07/14/2022 02:34:34 - INFO - __main__ - <mask> (born December 28th, <mask>) is a United States of America Democratic political consultant and activist who has worked on six presidential campaigns, served as Policy Director for the Speaker of the House in Connecticut, and served as the National Coordinated Campaign Director for both the 1992 and 1996 Presidential campaigns of Bill Clinton .
07/14/2022 02:34:34 - INFO - __main__ - *********Hypothesis*********
07/14/2022 02:34:34 - INFO - __main__ - <mask>, jr. was born in <mask>.
07/14/2022 02:34:34 - INFO - __main__ - <mask> was the last person to be executed in <mask>.
07/14/2022 02:34:34 - INFO - __main__ - <mask> was born in <mask>.
07/14/2022 02:34:34 - INFO - __main__ - <mask>, who had been the editor since <mask>.
07/14/2022 02:34:34 - INFO - __main__ - <mask> was appointed as the new headmaster in <mask>.
07/14/2022 02:34:34 - INFO - __main__ - <mask>, who was a member of the group, died in <mask>.
07/14/2022 02:34:34 - INFO - __main__ - <mask> was the last person to be elected to the office, in <mask>.
07/14/2022 02:34:34 - INFO - __main__ - <mask> has been a member of the board of directors since <mask>.
07/14/2022 02:34:34 - INFO - __main__ - <mask>, who had been a member of the group since <mask>.
07/14/2022 02:34:34 - INFO - __main__ - <mask> died in <mask>.
07/14/2022 02:34:34 - INFO - __main__ - ****************************
07/14/2022 02:34:34 - INFO - __main__ - *********References*********
07/14/2022 02:34:34 - INFO - __main__ - ['the date when <mask> was born is <mask>.']
07/14/2022 02:34:34 - INFO - __main__ - ****************************
07/14/2022 02:35:17 - INFO - __main__ - ***********Input************
07/14/2022 02:35:17 - INFO - __main__ - <mask> (born <mask> in Vlorë, Albania) is a singer who at fourtheen moved to Pistoia, Italy were he remains with his parents and three brothers .
07/14/2022 02:35:17 - INFO - __main__ - *********Hypothesis*********
07/14/2022 02:35:17 - INFO - __main__ - <mask> is the son of former <mask>.
07/14/2022 02:35:17 - INFO - __main__ - <mask> is a surname, derived from <mask>.
07/14/2022 02:35:17 - INFO - __main__ - <mask>'s main railway station is the railway station of <mask>.
07/14/2022 02:35:17 - INFO - __main__ - <mask> was born in <mask>.
07/14/2022 02:35:17 - INFO - __main__ - <mask> is the capital of <mask>.
07/14/2022 02:35:17 - INFO - __main__ - <mask> is the capital and largest city of <mask>.
07/14/2022 02:35:17 - INFO - __main__ - <mask> is the son of the <mask>.
07/14/2022 02:35:17 - INFO - __main__ - <mask> was the father of <mask>.
07/14/2022 02:35:17 - INFO - __main__ - <mask> is the son of former prime minister <mask>.
07/14/2022 02:35:17 - INFO - __main__ - <mask> is a brother of <mask>.
07/14/2022 02:35:17 - INFO - __main__ - ****************************
07/14/2022 02:35:17 - INFO - __main__ - *********References*********
07/14/2022 02:35:17 - INFO - __main__ - ['the date when <mask> was born is <mask>.']
07/14/2022 02:35:17 - INFO - __main__ - ****************************
07/14/2022 02:35:54 - INFO - __main__ - ***********Input************
07/14/2022 02:35:54 - INFO - __main__ - <mask> (born 27 September 1974, in <mask>, India) is a former Indian cricketer .
07/14/2022 02:35:54 - INFO - __main__ - *********Hypothesis*********
07/14/2022 02:35:54 - INFO - __main__ - <mask> is a film producer and director from <mask>.
07/14/2022 02:35:54 - INFO - __main__ - <mask> was born in <mask>.
07/14/2022 02:35:54 - INFO - __main__ - <mask> was born in a <mask>.
07/14/2022 02:35:54 - INFO - __main__ - <mask> was born and brought up in <mask>.
07/14/2022 02:35:54 - INFO - __main__ - <mask> started his career as a journalist in <mask>.
07/14/2022 02:35:54 - INFO - __main__ - <mask> is a young man who lives in <mask>.
07/14/2022 02:35:54 - INFO - __main__ - <mask> is a film director from <mask>.
07/14/2022 02:35:54 - INFO - __main__ - <mask> has been a resident of <mask>.
07/14/2022 02:35:54 - INFO - __main__ - <mask> was born in a family of a lawyer in <mask>.
07/14/2022 02:35:54 - INFO - __main__ - <mask> is a film director and producer from <mask>.
07/14/2022 02:35:54 - INFO - __main__ - ****************************
07/14/2022 02:35:54 - INFO - __main__ - *********References*********
07/14/2022 02:35:54 - INFO - __main__ - ['the place where <mask> was born is <mask>.']
07/14/2022 02:35:54 - INFO - __main__ - ****************************
07/14/2022 02:36:30 - INFO - __main__ - ***********Input************
07/14/2022 02:36:30 - INFO - __main__ - <mask> (1806-1867) was an American physician, born in <mask>, Massachusetts .
07/14/2022 02:36:30 - INFO - __main__ - *********Hypothesis*********
07/14/2022 02:36:30 - INFO - __main__ - <mask> is an actor and director from <mask>.
07/14/2022 02:36:30 - INFO - __main__ - <mask>, the son of a wealthy merchant, was born in <mask>.
07/14/2022 02:36:30 - INFO - __main__ - <mask> was born and raised in <mask>.
07/14/2022 02:36:30 - INFO - __main__ - <mask>, a prominent local businessman, was born in <mask>.
07/14/2022 02:36:30 - INFO - __main__ - <mask>, a local businessman, was a prominent figure in <mask>.
07/14/2022 02:36:30 - INFO - __main__ - <mask>, a local businessman, was a key figure in the development of <mask>.
07/14/2022 02:36:30 - INFO - __main__ - <mask> was born in <mask>.
07/14/2022 02:36:30 - INFO - __main__ - <mask> is a former professional baseball player who played for <mask>.
07/14/2022 02:36:30 - INFO - __main__ - <mask> (1828–1896), who died in <mask>.
07/14/2022 02:36:30 - INFO - __main__ - <mask>, a former mayor of <mask>.
07/14/2022 02:36:30 - INFO - __main__ - ****************************
07/14/2022 02:36:30 - INFO - __main__ - *********References*********
07/14/2022 02:36:30 - INFO - __main__ - ['the place where <mask> was born is <mask>.']
07/14/2022 02:36:30 - INFO - __main__ - ****************************
07/14/2022 02:36:59 - INFO - __main__ - ***********Input************
07/14/2022 02:36:59 - INFO - __main__ - A Conservative, the Honourable <mask> served until his death in 1871 in <mask>, Ontario .
07/14/2022 02:36:59 - INFO - __main__ - *********Hypothesis*********
07/14/2022 02:36:59 - INFO - __main__ - <mask> was born and raised in the suburbs of <mask>.
07/14/2022 02:36:59 - INFO - __main__ - <mask> began his career as a journalist in <mask>.
07/14/2022 02:36:59 - INFO - __main__ - <mask>'s father was a lawyer in <mask>.
07/14/2022 02:36:59 - INFO - __main__ - <mask>'s father was a lawyer and a judge in <mask>.
07/14/2022 02:36:59 - INFO - __main__ - <mask> was born and raised in <mask>.
07/14/2022 02:36:59 - INFO - __main__ - <mask>'s father was a lawyer and his mother was a teacher in <mask>.
07/14/2022 02:36:59 - INFO - __main__ - <mask> was born and raised in the city of <mask>.
07/14/2022 02:36:59 - INFO - __main__ - <mask> was a member of the board of directors of the city of <mask>.
07/14/2022 02:36:59 - INFO - __main__ - <mask> has been a long-time resident of <mask>.
07/14/2022 02:36:59 - INFO - __main__ - <mask> was born and raised in the east end of <mask>.
07/14/2022 02:36:59 - INFO - __main__ - ****************************
07/14/2022 02:36:59 - INFO - __main__ - *********References*********
07/14/2022 02:36:59 - INFO - __main__ - ['the place where <mask> died is <mask>.']
07/14/2022 02:36:59 - INFO - __main__ - ****************************
07/14/2022 02:37:27 - INFO - __main__ - ***********Input************
07/14/2022 02:37:27 - INFO - __main__ - <mask> died at <mask> BC December 20, 1959 age 85 .
07/14/2022 02:37:27 - INFO - __main__ - *********Hypothesis*********
07/14/2022 02:37:27 - INFO - __main__ - <mask> was born and raised in <mask>.
07/14/2022 02:37:27 - INFO - __main__ - <mask> is a former mayor of <mask>.
07/14/2022 02:37:27 - INFO - __main__ - <mask> has been a long-time resident of <mask>.
07/14/2022 02:37:27 - INFO - __main__ - <mask> began his career as a journalist in <mask>.
07/14/2022 02:37:27 - INFO - __main__ - <mask>'s father was a lawyer in <mask>.
07/14/2022 02:37:27 - INFO - __main__ - <mask> was born and raised in the suburbs of <mask>.
07/14/2022 02:37:27 - INFO - __main__ - <mask>'s father was a lawyer and his mother was a teacher in <mask>.
07/14/2022 02:37:27 - INFO - __main__ - <mask> was born and raised in the city of <mask>.
07/14/2022 02:37:27 - INFO - __main__ - <mask> was a member of the board of directors of the city of <mask>.
07/14/2022 02:37:27 - INFO - __main__ - <mask> is a former member of the band <mask>.
07/14/2022 02:37:27 - INFO - __main__ - ****************************
07/14/2022 02:37:27 - INFO - __main__ - *********References*********
07/14/2022 02:37:27 - INFO - __main__ - ['the place where <mask> died is <mask>.']
07/14/2022 02:37:27 - INFO - __main__ - ****************************
07/14/2022 02:38:06 - INFO - __main__ - ***********Input************
07/14/2022 02:38:06 - INFO - __main__ - Considered by some in the art world to be one of the last of the Surrealists, <mask> died in his home in <mask> on April 25, 2008, aged 99 Donati's health had been failing since involved, as a passenger, in a taxi accident in July, 2007 .
07/14/2022 02:38:06 - INFO - __main__ - *********Hypothesis*********
07/14/2022 02:38:06 - INFO - __main__ - <mask>'s father was a lawyer in <mask>.
07/14/2022 02:38:06 - INFO - __main__ - <mask>'s father was a lawyer and his mother was a teacher in <mask>.
07/14/2022 02:38:06 - INFO - __main__ - <mask> was born in the city of <mask>.
07/14/2022 02:38:06 - INFO - __main__ - <mask> was born and raised in <mask>.
07/14/2022 02:38:06 - INFO - __main__ - <mask> was born and died in <mask>.
07/14/2022 02:38:06 - INFO - __main__ - <mask> started his career as a journalist in <mask>.
07/14/2022 02:38:06 - INFO - __main__ - <mask> is a native of <mask>.
07/14/2022 02:38:06 - INFO - __main__ - <mask> is a native of the <mask>.
07/14/2022 02:38:06 - INFO - __main__ - <mask>, a painter, was born in <mask>.
07/14/2022 02:38:06 - INFO - __main__ - <mask> was born in <mask>.
07/14/2022 02:38:06 - INFO - __main__ - ****************************
07/14/2022 02:38:06 - INFO - __main__ - *********References*********
07/14/2022 02:38:06 - INFO - __main__ - ['the place where <mask> died is <mask>.']
07/14/2022 02:38:06 - INFO - __main__ - ****************************
07/14/2022 02:38:35 - INFO - __main__ - ***********Input************
07/14/2022 02:38:35 - INFO - __main__ - <mask> died of pneumonia in 1990 at his home in <mask>, California .
07/14/2022 02:38:35 - INFO - __main__ - *********Hypothesis*********
07/14/2022 02:38:35 - INFO - __main__ - <mask> was born and raised in <mask>.
07/14/2022 02:38:35 - INFO - __main__ - <mask> is a native of <mask>.
07/14/2022 02:38:35 - INFO - __main__ - <mask> has been a resident of <mask>.
07/14/2022 02:38:35 - INFO - __main__ - <mask>'s father was a successful businessman in <mask>.
07/14/2022 02:38:35 - INFO - __main__ - <mask> was born and raised in the city of <mask>.
07/14/2022 02:38:35 - INFO - __main__ - <mask> was a member of the board of directors of the city of <mask>.
07/14/2022 02:38:35 - INFO - __main__ - <mask> is currently a resident of <mask>.
07/14/2022 02:38:35 - INFO - __main__ - <mask>'s family moved to <mask>.
07/14/2022 02:38:35 - INFO - __main__ - <mask>'s father was a successful real estate developer in <mask>.
07/14/2022 02:38:35 - INFO - __main__ - <mask>'s family moved to the city of <mask>.
07/14/2022 02:38:35 - INFO - __main__ - ****************************
07/14/2022 02:38:35 - INFO - __main__ - *********References*********
07/14/2022 02:38:35 - INFO - __main__ - ['the place where <mask> died is <mask>.']
07/14/2022 02:38:35 - INFO - __main__ - ****************************
07/14/2022 02:39:09 - INFO - __main__ - ***********Input************
07/14/2022 02:39:09 - INFO - __main__ - <mask> died in 1888 in <mask>, Germany and is buried, together with his wife, Sophie in Weißensee .
07/14/2022 02:39:09 - INFO - __main__ - *********Hypothesis*********
07/14/2022 02:39:09 - INFO - __main__ - <mask>'s father was a lawyer in <mask>.
07/14/2022 02:39:09 - INFO - __main__ - <mask>'s family moved to <mask>.
07/14/2022 02:39:09 - INFO - __main__ - <mask> was born and raised in <mask>.
07/14/2022 02:39:09 - INFO - __main__ - <mask>'s father was a lawyer and his mother was a teacher in <mask>.
07/14/2022 02:39:09 - INFO - __main__ - <mask> was born and died in the city of <mask>.
07/14/2022 02:39:09 - INFO - __main__ - <mask> was born in the city of <mask>.
07/14/2022 02:39:09 - INFO - __main__ - <mask> was born and died in <mask>.
07/14/2022 02:39:09 - INFO - __main__ - <mask> was a member of the board of the city of <mask>.
07/14/2022 02:39:09 - INFO - __main__ - <mask> is the son of a wealthy family from <mask>.
07/14/2022 02:39:09 - INFO - __main__ - <mask> had been a member of the city council of <mask>.
07/14/2022 02:39:09 - INFO - __main__ - ****************************
07/14/2022 02:39:09 - INFO - __main__ - *********References*********
07/14/2022 02:39:09 - INFO - __main__ - ['the place where <mask> died is <mask>.']
07/14/2022 02:39:09 - INFO - __main__ - ****************************
07/14/2022 02:39:09 - INFO - __main__ - Task: google-re
07/14/2022 02:39:09 - INFO - __main__ - bleu-4: 5.488766338388517e-79
07/14/2022 02:39:09 - INFO - __main__ - bleu-3: 0.035984136581262066
07/14/2022 02:39:09 - INFO - __main__ - bleu-2: 0.07436412747911769
07/14/2022 02:39:09 - INFO - __main__ - bleu-1: 0.30918911291786894
07/14/2022 02:39:09 - INFO - __main__ - METEOR: 0.22703690820488204
07/14/2022 02:39:09 - INFO - __main__ - ROUGE-L: 0.35979876722910775
07/14/2022 02:39:09 - INFO - __main__ - entailment score(mean-mean): 0.08744034947146763
07/14/2022 02:39:09 - INFO - __main__ - entailment score(mean-max): 0.5717566384623448
07/14/2022 02:39:09 - INFO - __main__ - entailment score(mean-min): 0.0006160805928326833
07/14/2022 02:39:09 - INFO - __main__ - self-BLEU-2: 0.8903458501097038
07/14/2022 02:39:09 - INFO - __main__ - avg: 0.16772884206870642
07/14/2022 02:39:09 - INFO - __main__ - *******************************************************
07/14/2022 02:39:09 - INFO - __main__ - *******************************************************
07/14/2022 02:39:09 - INFO - __main__ - *******************************************************
