07/05/2022 13:48:58 - INFO - __main__ - **************** MODEL CONFIGURATION ****************
07/05/2022 13:48:58 - INFO - __main__ - bart_training             -->   True
07/05/2022 13:48:58 - INFO - __main__ - device                    -->   4
07/05/2022 13:48:58 - INFO - __main__ - group_beam                -->   True
07/05/2022 13:48:58 - INFO - __main__ - if_then                   -->   False
07/05/2022 13:48:58 - INFO - __main__ - inductor                  -->   rule
07/05/2022 13:48:58 - INFO - __main__ - log_dir                   -->   logs_new/
07/05/2022 13:48:58 - INFO - __main__ - log_name                  -->   google+cgb+dpp
07/05/2022 13:48:58 - INFO - __main__ - mlm_training              -->   True
07/05/2022 13:48:58 - INFO - __main__ - task                      -->   google-re
07/05/2022 13:48:58 - INFO - __main__ - **************** MODEL CONFIGURATION ****************
07/05/2022 13:50:47 - INFO - __main__ - ***********Input************
07/05/2022 13:50:47 - INFO - __main__ - <mask> (b. 1954 in <mask>) is a best-selling American author of romance novels .
07/05/2022 13:50:47 - INFO - __main__ - *********Hypothesis*********
07/05/2022 13:50:47 - INFO - __main__ - <mask>, professor of history, university of <mask>.
07/05/2022 13:50:47 - INFO - __main__ - <mask> is a film director and screenwriter from <mask>.
07/05/2022 13:50:47 - INFO - __main__ - <mask> was born in <mask>.
07/05/2022 13:50:47 - INFO - __main__ - <mask> is a writer and journalist based in <mask>.
07/05/2022 13:50:47 - INFO - __main__ - <mask> is a writer and artist based in <mask>.
07/05/2022 13:50:47 - INFO - __main__ - <mask> was born and died in <mask>.
07/05/2022 13:50:47 - INFO - __main__ - <mask>: die welt im <mask>.
07/05/2022 13:50:47 - INFO - __main__ - <mask> is a former professional basketball player from <mask>.
07/05/2022 13:50:47 - INFO - __main__ - <mask>, the daughter of a wealthy family, was born in <mask>.
07/05/2022 13:50:47 - INFO - __main__ - <mask>, a prominent architect in <mask>.
07/05/2022 13:50:47 - INFO - __main__ - ****************************
07/05/2022 13:50:47 - INFO - __main__ - *********References*********
07/05/2022 13:50:47 - INFO - __main__ - ['the place where <mask> was born is <mask>.']
07/05/2022 13:50:47 - INFO - __main__ - ****************************
07/05/2022 13:51:06 - INFO - __main__ - ***********Input************
07/05/2022 13:51:06 - INFO - __main__ - <mask> (born c.<mask> Chapel Hill, North Carolina) is an American director and designer of experimental theatre from New York City .
07/05/2022 13:51:06 - INFO - __main__ - *********Hypothesis*********
07/05/2022 13:51:06 - INFO - __main__ - <mask>, chief executive, <mask>.
07/05/2022 13:51:06 - INFO - __main__ - <mask> is a writer and journalist from <mask>.
07/05/2022 13:51:06 - INFO - __main__ - <mask> was born in <mask>.
07/05/2022 13:51:06 - INFO - __main__ - <mask> is a professor of history at <mask>.
07/05/2022 13:51:06 - INFO - __main__ - <mask> – for service to the community of <mask>.
07/05/2022 13:51:06 - INFO - __main__ - <mask>, a former student of <mask>.
07/05/2022 13:51:06 - INFO - __main__ - <mask>, who was born in <mask>.
07/05/2022 13:51:06 - INFO - __main__ - <mask> is a former professional tennis player from <mask>.
07/05/2022 13:51:06 - INFO - __main__ - <mask> is a professor of history and political science at <mask>.
07/05/2022 13:51:06 - INFO - __main__ - <mask> is an artist from <mask>.
07/05/2022 13:51:06 - INFO - __main__ - ****************************
07/05/2022 13:51:06 - INFO - __main__ - *********References*********
07/05/2022 13:51:06 - INFO - __main__ - ['the date when <mask> was born is <mask>.']
07/05/2022 13:51:06 - INFO - __main__ - ****************************
07/05/2022 13:51:23 - INFO - __main__ - ***********Input************
07/05/2022 13:51:23 - INFO - __main__ - <mask> (born c <mask>) is a former softball player and coach .
07/05/2022 13:51:23 - INFO - __main__ - *********Hypothesis*********
07/05/2022 13:51:23 - INFO - __main__ - <mask>, a former student of <mask>.
07/05/2022 13:51:23 - INFO - __main__ - <mask>, a lawyer, was born in <mask>.
07/05/2022 13:51:23 - INFO - __main__ - <mask> was born in <mask>.
07/05/2022 13:51:23 - INFO - __main__ - <mask> was born and raised in <mask>.
07/05/2022 13:51:23 - INFO - __main__ - <mask>, mayor of <mask>.
07/05/2022 13:51:23 - INFO - __main__ - ****************************
07/05/2022 13:51:23 - INFO - __main__ - *********References*********
07/05/2022 13:51:23 - INFO - __main__ - ['the date when <mask> was born is <mask>.']
07/05/2022 13:51:23 - INFO - __main__ - ****************************
07/05/2022 13:51:33 - INFO - __main__ - ***********Input************
07/05/2022 13:51:33 - INFO - __main__ - <mask> (1738--1811) was a British composer and organist born in <mask> .
07/05/2022 13:51:33 - INFO - __main__ - *********Hypothesis*********
07/05/2022 13:51:33 - INFO - __main__ - <mask>,, chief constable, city of <mask>.
07/05/2022 13:51:33 - INFO - __main__ - <mask>, a prominent lawyer, was born in <mask>.
07/05/2022 13:51:33 - INFO - __main__ - <mask> was a successful businessman and philanthropist in <mask>.
07/05/2022 13:51:33 - INFO - __main__ - <mask> is a former professional footballer who played for <mask>.
07/05/2022 13:51:33 - INFO - __main__ - <mask> was born and raised in the east end of <mask>.
07/05/2022 13:51:33 - INFO - __main__ - <mask>, chief superintendent, metropolitan police, <mask>.
07/05/2022 13:51:33 - INFO - __main__ - <mask> is an artist, writer and curator based in <mask>.
07/05/2022 13:51:33 - INFO - __main__ - <mask> (1772–1835), who died in <mask>.
07/05/2022 13:51:33 - INFO - __main__ - <mask> is an artist and writer based in <mask>.
07/05/2022 13:51:33 - INFO - __main__ - <mask>, assistant secretary to the lord mayor of <mask>.
07/05/2022 13:51:33 - INFO - __main__ - ****************************
07/05/2022 13:51:33 - INFO - __main__ - *********References*********
07/05/2022 13:51:33 - INFO - __main__ - ['the place where <mask> was born is <mask>.']
07/05/2022 13:51:33 - INFO - __main__ - ****************************
07/05/2022 13:51:49 - INFO - __main__ - ***********Input************
07/05/2022 13:51:49 - INFO - __main__ - <mask> (b. February 11, 1955, <mask>, Tennessee - d July 2, 2007, Tiburon, California) was an American artist .
07/05/2022 13:51:49 - INFO - __main__ - *********Hypothesis*********
07/05/2022 13:51:49 - INFO - __main__ - <mask>, a former teacher, was born in <mask>.
07/05/2022 13:51:49 - INFO - __main__ - <mask> is a native of <mask>.
07/05/2022 13:51:49 - INFO - __main__ - <mask> (1868–1933) was born in <mask>.
07/05/2022 13:51:49 - INFO - __main__ - <mask>, who was a nurse, was born in <mask>.
07/05/2022 13:51:49 - INFO - __main__ - <mask> was born and raised in <mask>.
07/05/2022 13:51:49 - INFO - __main__ - <mask> is a singer-songwriter from <mask>.
07/05/2022 13:51:49 - INFO - __main__ - <mask> is the current mayor of <mask>.
07/05/2022 13:51:49 - INFO - __main__ - <mask> is a former professional basketball player who played for <mask>.
07/05/2022 13:51:49 - INFO - __main__ - <mask> was born in <mask>.
07/05/2022 13:51:49 - INFO - __main__ - <mask> is a businessman and philanthropist based in <mask>.
07/05/2022 13:51:49 - INFO - __main__ - ****************************
07/05/2022 13:51:49 - INFO - __main__ - *********References*********
07/05/2022 13:51:49 - INFO - __main__ - ['the place where <mask> was born is <mask>.']
07/05/2022 13:51:49 - INFO - __main__ - ****************************
07/05/2022 13:52:02 - INFO - __main__ - ***********Input************
07/05/2022 13:52:02 - INFO - __main__ - <mask> (c. <mask> - 25 August 1785) was a British diplomat and politician who sat in the House of Commons between 1762 and 1774 .
07/05/2022 13:52:02 - INFO - __main__ - *********Hypothesis*********
07/05/2022 13:52:02 - INFO - __main__ - <mask>, a local merchant, was the owner of the house in <mask>.
07/05/2022 13:52:02 - INFO - __main__ - <mask>, who was a prominent local merchant, was born in <mask>.
07/05/2022 13:52:02 - INFO - __main__ - <mask> (1715–1772) was born in <mask>.
07/05/2022 13:52:02 - INFO - __main__ - <mask> was appointed as a justice of the peace in <mask>.
07/05/2022 13:52:02 - INFO - __main__ - <mask>, a merchant, was born in <mask>.
07/05/2022 13:52:02 - INFO - __main__ - <mask> built the house in <mask>.
07/05/2022 13:52:02 - INFO - __main__ - <mask>, a prominent local merchant, was born here in <mask>.
07/05/2022 13:52:02 - INFO - __main__ - <mask> died in the house in <mask>.
07/05/2022 13:52:02 - INFO - __main__ - <mask> was born in the village in <mask>.
07/05/2022 13:52:02 - INFO - __main__ - <mask>, a local merchant, built a house on the site in <mask>.
07/05/2022 13:52:02 - INFO - __main__ - ****************************
07/05/2022 13:52:02 - INFO - __main__ - *********References*********
07/05/2022 13:52:02 - INFO - __main__ - ['the date when <mask> was born is <mask>.']
07/05/2022 13:52:02 - INFO - __main__ - ****************************
07/05/2022 13:52:29 - INFO - __main__ - ***********Input************
07/05/2022 13:52:29 - INFO - __main__ - <mask> (born December 28th, <mask>) is a United States of America Democratic political consultant and activist who has worked on six presidential campaigns, served as Policy Director for the Speaker of the House in Connecticut, and served as the National Coordinated Campaign Director for both the 1992 and 1996 Presidential campaigns of Bill Clinton .
07/05/2022 13:52:29 - INFO - __main__ - *********Hypothesis*********
07/05/2022 13:52:29 - INFO - __main__ - <mask> was born in <mask>.
07/05/2022 13:52:29 - INFO - __main__ - <mask> was born in the town in <mask>.
07/05/2022 13:52:29 - INFO - __main__ - <mask> has been the editor-in-chief since <mask>.
07/05/2022 13:52:29 - INFO - __main__ - <mask>, the history of the world, <mask>.
07/05/2022 13:52:29 - INFO - __main__ - <mask> was the last president to visit the hotel, in <mask>.
07/05/2022 13:52:29 - INFO - __main__ - <mask>, jr. was born here in <mask>.
07/05/2022 13:52:29 - INFO - __main__ - <mask> was appointed as the new president in <mask>.
07/05/2022 13:52:29 - INFO - __main__ - <mask>: die welt des weltbücher, <mask>.
07/05/2022 13:52:29 - INFO - __main__ - <mask>, "the theory of the self", <mask>.
07/05/2022 13:52:29 - INFO - __main__ - <mask> had been a member of the school since <mask>.
07/05/2022 13:52:29 - INFO - __main__ - ****************************
07/05/2022 13:52:29 - INFO - __main__ - *********References*********
07/05/2022 13:52:29 - INFO - __main__ - ['the date when <mask> was born is <mask>.']
07/05/2022 13:52:29 - INFO - __main__ - ****************************
07/05/2022 13:52:46 - INFO - __main__ - ***********Input************
07/05/2022 13:52:46 - INFO - __main__ - <mask> (born <mask> in Vlorë, Albania) is a singer who at fourtheen moved to Pistoia, Italy were he remains with his parents and three brothers .
07/05/2022 13:52:46 - INFO - __main__ - *********Hypothesis*********
07/05/2022 13:52:46 - INFO - __main__ - <mask>ć was born in <mask>.
07/05/2022 13:52:46 - INFO - __main__ - <mask> was the father of <mask>.
07/05/2022 13:52:46 - INFO - __main__ - <mask> is the capital of <mask>.
07/05/2022 13:52:46 - INFO - __main__ - <mask> is a surname originating from <mask>.
07/05/2022 13:52:46 - INFO - __main__ - <mask> is the son of former prime minister <mask>.
07/05/2022 13:52:46 - INFO - __main__ - <mask> is the younger brother of <mask>.
07/05/2022 13:52:46 - INFO - __main__ - <mask> is the son of <mask>.
07/05/2022 13:52:46 - INFO - __main__ - <mask> is the son of former <mask>.
07/05/2022 13:52:46 - INFO - __main__ - <mask> is the capital and largest city of <mask>.
07/05/2022 13:52:46 - INFO - __main__ - <mask>'s main railway station is the railway station of <mask>.
07/05/2022 13:52:46 - INFO - __main__ - ****************************
07/05/2022 13:52:46 - INFO - __main__ - *********References*********
07/05/2022 13:52:46 - INFO - __main__ - ['the date when <mask> was born is <mask>.']
07/05/2022 13:52:46 - INFO - __main__ - ****************************
07/05/2022 13:52:58 - INFO - __main__ - ***********Input************
07/05/2022 13:52:58 - INFO - __main__ - <mask> (born 27 September 1974, in <mask>, India) is a former Indian cricketer .
07/05/2022 13:52:58 - INFO - __main__ - *********Hypothesis*********
07/05/2022 13:52:58 - INFO - __main__ - <mask> kumar was born in <mask>.
07/05/2022 13:52:58 - INFO - __main__ - <mask> k is a young man from <mask>.
07/05/2022 13:52:58 - INFO - __main__ - <mask>, a lawyer, lives in <mask>.
07/05/2022 13:52:58 - INFO - __main__ - <mask> was born and brought up in <mask>.
07/05/2022 13:52:58 - INFO - __main__ - <mask> kumar is a young man from <mask>.
07/05/2022 13:52:58 - INFO - __main__ - <mask> is a film producer and director from <mask>.
07/05/2022 13:52:58 - INFO - __main__ - <mask> is a film director from <mask>.
07/05/2022 13:52:58 - INFO - __main__ - <mask> k, a lawyer, lives in <mask>.
07/05/2022 13:52:58 - INFO - __main__ - <mask>. was born in <mask>.
07/05/2022 13:52:58 - INFO - __main__ - <mask> kumar, a lawyer, lives in <mask>.
07/05/2022 13:52:58 - INFO - __main__ - ****************************
07/05/2022 13:52:58 - INFO - __main__ - *********References*********
07/05/2022 13:52:58 - INFO - __main__ - ['the place where <mask> was born is <mask>.']
07/05/2022 13:52:58 - INFO - __main__ - ****************************
07/05/2022 13:53:11 - INFO - __main__ - ***********Input************
07/05/2022 13:53:11 - INFO - __main__ - <mask> (1806-1867) was an American physician, born in <mask>, Massachusetts .
07/05/2022 13:53:11 - INFO - __main__ - *********Hypothesis*********
07/05/2022 13:53:11 - INFO - __main__ - <mask> was a priest and a bishop of <mask>.
07/05/2022 13:53:11 - INFO - __main__ - <mask> was born in <mask>.
07/05/2022 13:53:11 - INFO - __main__ - <mask>, was a priest of <mask>.
07/05/2022 13:53:11 - INFO - __main__ - <mask> o' a' of <mask>.
07/05/2022 13:53:11 - INFO - __main__ - <mask>, a prominent lawyer, was born in <mask>.
07/05/2022 13:53:11 - INFO - __main__ - <mask>, a prominent local businessman, was born in <mask>.
07/05/2022 13:53:11 - INFO - __main__ - <mask>, a lawyer, was born in <mask>.
07/05/2022 13:53:11 - INFO - __main__ - <mask> is the current mayor of <mask>.
07/05/2022 13:53:11 - INFO - __main__ - <mask> was a prominent lawyer in <mask>.
07/05/2022 13:53:11 - INFO - __main__ - <mask>, was born in <mask>.
07/05/2022 13:53:11 - INFO - __main__ - ****************************
07/05/2022 13:53:11 - INFO - __main__ - *********References*********
07/05/2022 13:53:11 - INFO - __main__ - ['the place where <mask> was born is <mask>.']
07/05/2022 13:53:11 - INFO - __main__ - ****************************
07/05/2022 13:53:21 - INFO - __main__ - ***********Input************
07/05/2022 13:53:21 - INFO - __main__ - A Conservative, the Honourable <mask> served until his death in 1871 in <mask>, Ontario .
07/05/2022 13:53:21 - INFO - __main__ - *********Hypothesis*********
07/05/2022 13:53:21 - INFO - __main__ - <mask> was born and raised in the suburbs of <mask>.
07/05/2022 13:53:21 - INFO - __main__ - <mask>'s father was a merchant in <mask>.
07/05/2022 13:53:21 - INFO - __main__ - <mask> was a member of the society of antiquaries of <mask>.
07/05/2022 13:53:21 - INFO - __main__ - <mask> was a member of the board of directors of the city of <mask>.
07/05/2022 13:53:21 - INFO - __main__ - <mask>'s father was a lawyer and a prominent lawyer in <mask>.
07/05/2022 13:53:21 - INFO - __main__ - <mask> is a former member of the city council of <mask>.
07/05/2022 13:53:21 - INFO - __main__ - <mask>'s work has been exhibited in many galleries in <mask>.
07/05/2022 13:53:21 - INFO - __main__ - <mask> is a former professional footballer who played for <mask>.
07/05/2022 13:53:21 - INFO - __main__ - <mask> had been a member of a number of prominent families in <mask>.
07/05/2022 13:53:21 - INFO - __main__ - <mask>'s family had been involved in the lumber industry in <mask>.
07/05/2022 13:53:21 - INFO - __main__ - ****************************
07/05/2022 13:53:21 - INFO - __main__ - *********References*********
07/05/2022 13:53:21 - INFO - __main__ - ['the place where <mask> died is <mask>.']
07/05/2022 13:53:21 - INFO - __main__ - ****************************
07/05/2022 13:53:31 - INFO - __main__ - ***********Input************
07/05/2022 13:53:31 - INFO - __main__ - <mask> died at <mask> BC December 20, 1959 age 85 .
07/05/2022 13:53:31 - INFO - __main__ - *********Hypothesis*********
07/05/2022 13:53:31 - INFO - __main__ - <mask>erson was born and raised in <mask>.
07/05/2022 13:53:31 - INFO - __main__ - <mask>' father was a lawyer, and his mother was a teacher in <mask>.
07/05/2022 13:53:31 - INFO - __main__ - <mask> is currently a freelance writer and lives in <mask>.
07/05/2022 13:53:31 - INFO - __main__ - <mask> has been involved in a number of community organizations in <mask>.
07/05/2022 13:53:31 - INFO - __main__ - <mask>.’s work has been exhibited in <mask>.
07/05/2022 13:53:31 - INFO - __main__ - <mask>'s work has been exhibited in <mask>.
07/05/2022 13:53:31 - INFO - __main__ - <mask>' family is a well-known and respected family in <mask>.
07/05/2022 13:53:31 - INFO - __main__ - <mask>'s work has been exhibited in galleries, museums, and galleries throughout <mask>.
07/05/2022 13:53:31 - INFO - __main__ - <mask>ynolds was born and raised in <mask>.
07/05/2022 13:53:31 - INFO - __main__ - <mask> had previously been the head coach for the ubc thunderbirds in <mask>.
07/05/2022 13:53:31 - INFO - __main__ - ****************************
07/05/2022 13:53:31 - INFO - __main__ - *********References*********
07/05/2022 13:53:31 - INFO - __main__ - ['the place where <mask> died is <mask>.']
07/05/2022 13:53:31 - INFO - __main__ - ****************************
07/05/2022 13:53:52 - INFO - __main__ - ***********Input************
07/05/2022 13:53:52 - INFO - __main__ - Considered by some in the art world to be one of the last of the Surrealists, <mask> died in his home in <mask> on April 25, 2008, aged 99 Donati's health had been failing since involved, as a passenger, in a taxi accident in July, 2007 .
07/05/2022 13:53:52 - INFO - __main__ - *********Hypothesis*********
07/05/2022 13:53:52 - INFO - __main__ - <mask> was born and died in <mask>.
07/05/2022 13:53:52 - INFO - __main__ - <mask> is a native of the city of <mask>.
07/05/2022 13:53:52 - INFO - __main__ - <mask>'s father was a lawyer and his mother was a teacher in <mask>.
07/05/2022 13:53:52 - INFO - __main__ - <mask> was born in the city of <mask>.
07/05/2022 13:53:52 - INFO - __main__ - <mask>'s work is now exhibited in the museo di belle arti in <mask>.
07/05/2022 13:53:52 - INFO - __main__ - <mask> had been a member of the accademia di belle arti di <mask>.
07/05/2022 13:53:52 - INFO - __main__ - <mask> began his career as an assistant at the accademia di belle arti in <mask>.
07/05/2022 13:53:52 - INFO - __main__ - <mask> began his career as a journalist in <mask>.
07/05/2022 13:53:52 - INFO - __main__ - <mask> started his career as a journalist in <mask>.
07/05/2022 13:53:52 - INFO - __main__ - <mask> was born and raised in <mask>.
07/05/2022 13:53:52 - INFO - __main__ - ****************************
07/05/2022 13:53:52 - INFO - __main__ - *********References*********
07/05/2022 13:53:52 - INFO - __main__ - ['the place where <mask> died is <mask>.']
07/05/2022 13:53:52 - INFO - __main__ - ****************************
07/05/2022 13:54:02 - INFO - __main__ - ***********Input************
07/05/2022 13:54:02 - INFO - __main__ - <mask> died of pneumonia in 1990 at his home in <mask>, California .
07/05/2022 13:54:02 - INFO - __main__ - *********Hypothesis*********
07/05/2022 13:54:02 - INFO - __main__ - <mask> was born and raised in the suburbs of <mask>.
07/05/2022 13:54:02 - INFO - __main__ - <mask> was born and raised in <mask>.
07/05/2022 13:54:02 - INFO - __main__ - <mask> is currently a freelance writer and lives in <mask>.
07/05/2022 13:54:02 - INFO - __main__ - <mask> is currently working on a new album, and is currently living in <mask>.
07/05/2022 13:54:02 - INFO - __main__ - <mask>'s family moved to a small town outside of <mask>.
07/05/2022 13:54:02 - INFO - __main__ - <mask> was a member of the band the dukes of <mask>.
07/05/2022 13:54:02 - INFO - __main__ - <mask> worked as a real estate broker in <mask>.
07/05/2022 13:54:02 - INFO - __main__ - <mask> has been involved in several charities in <mask>.
07/05/2022 13:54:02 - INFO - __main__ - <mask> is a native of <mask>.
07/05/2022 13:54:02 - INFO - __main__ - <mask> and her family live in a small apartment in <mask>.
07/05/2022 13:54:02 - INFO - __main__ - ****************************
07/05/2022 13:54:02 - INFO - __main__ - *********References*********
07/05/2022 13:54:02 - INFO - __main__ - ['the place where <mask> died is <mask>.']
07/05/2022 13:54:02 - INFO - __main__ - ****************************
07/05/2022 13:54:14 - INFO - __main__ - ***********Input************
07/05/2022 13:54:14 - INFO - __main__ - <mask> died in 1888 in <mask>, Germany and is buried, together with his wife, Sophie in Weißensee .
07/05/2022 13:54:14 - INFO - __main__ - *********Hypothesis*********
07/05/2022 13:54:14 - INFO - __main__ - <mask>: university of <mask>.
07/05/2022 13:54:14 - INFO - __main__ - <mask>er was born in the city of <mask>.
07/05/2022 13:54:14 - INFO - __main__ - <mask> is home to the university of <mask>.
07/05/2022 13:54:14 - INFO - __main__ - <mask>er landesbahn – the city of <mask>.
07/05/2022 13:54:14 - INFO - __main__ - <mask> is a native of <mask>.
07/05/2022 13:54:14 - INFO - __main__ - <mask>, and the city of <mask>.
07/05/2022 13:54:14 - INFO - __main__ - <mask>'s father was a teacher in <mask>.
07/05/2022 13:54:14 - INFO - __main__ - <mask>. was born and died in <mask>.
07/05/2022 13:54:14 - INFO - __main__ - <mask> is a former football player from <mask>.
07/05/2022 13:54:14 - INFO - __main__ - <mask> was born and died in <mask>.
07/05/2022 13:54:14 - INFO - __main__ - ****************************
07/05/2022 13:54:14 - INFO - __main__ - *********References*********
07/05/2022 13:54:14 - INFO - __main__ - ['the place where <mask> died is <mask>.']
07/05/2022 13:54:14 - INFO - __main__ - ****************************
07/05/2022 13:54:15 - INFO - __main__ - Task: google-re
07/05/2022 13:54:15 - INFO - __main__ - bleu-4: 3.941367436202925e-79
07/05/2022 13:54:15 - INFO - __main__ - bleu-3: 0.025385820235805944
07/05/2022 13:54:15 - INFO - __main__ - bleu-2: 0.07226081035782336
07/05/2022 13:54:15 - INFO - __main__ - bleu-1: 0.30797123029569334
07/05/2022 13:54:15 - INFO - __main__ - METEOR: 0.22248816094727797
07/05/2022 13:54:15 - INFO - __main__ - ROUGE-L: 0.3599687413283015
07/05/2022 13:54:15 - INFO - __main__ - entailment score(mean-mean): 0.08383609428797328
07/05/2022 13:54:15 - INFO - __main__ - entailment score(mean-max): 0.5011929653584957
07/05/2022 13:54:15 - INFO - __main__ - entailment score(mean-min): 0.0004756132785890562
07/05/2022 13:54:15 - INFO - __main__ - self-BLEU-2: 0.8760943042860849
07/05/2022 13:54:15 - INFO - __main__ - avg: 0.16467912719415034
07/05/2022 13:54:15 - INFO - __main__ - *******************************************************
07/05/2022 13:54:15 - INFO - __main__ - *******************************************************
07/05/2022 13:54:15 - INFO - __main__ - *******************************************************
