07/12/2022 15:45:21 - INFO - __main__ - **************** MODEL CONFIGURATION ****************
07/12/2022 15:45:21 - INFO - __main__ - bart_training             -->   True
07/12/2022 15:45:21 - INFO - __main__ - device                    -->   8
07/12/2022 15:45:21 - INFO - __main__ - group_beam                -->   True
07/12/2022 15:45:21 - INFO - __main__ - if_then                   -->   False
07/12/2022 15:45:21 - INFO - __main__ - inductor                  -->   rule
07/12/2022 15:45:21 - INFO - __main__ - log_dir                   -->   logs_new/
07/12/2022 15:45:21 - INFO - __main__ - log_name                  -->   google-gs+dpp
07/12/2022 15:45:21 - INFO - __main__ - mlm_training              -->   True
07/12/2022 15:45:21 - INFO - __main__ - task                      -->   google-re
07/12/2022 15:45:21 - INFO - __main__ - **************** MODEL CONFIGURATION ****************
07/12/2022 15:49:39 - INFO - __main__ - **************** MODEL CONFIGURATION ****************
07/12/2022 15:49:39 - INFO - __main__ - bart_training             -->   True
07/12/2022 15:49:39 - INFO - __main__ - device                    -->   8
07/12/2022 15:49:39 - INFO - __main__ - group_beam                -->   True
07/12/2022 15:49:39 - INFO - __main__ - if_then                   -->   False
07/12/2022 15:49:39 - INFO - __main__ - inductor                  -->   rule
07/12/2022 15:49:39 - INFO - __main__ - log_dir                   -->   logs_new/
07/12/2022 15:49:39 - INFO - __main__ - log_name                  -->   google-gs+dpp
07/12/2022 15:49:39 - INFO - __main__ - mlm_training              -->   True
07/12/2022 15:49:39 - INFO - __main__ - task                      -->   google-re
07/12/2022 15:49:39 - INFO - __main__ - **************** MODEL CONFIGURATION ****************
07/12/2022 15:53:05 - INFO - __main__ - ***********Input************
07/12/2022 15:53:05 - INFO - __main__ - <mask> (b. 1954 in <mask>) is a best-selling American author of romance novels .
07/12/2022 15:53:05 - INFO - __main__ - *********Hypothesis*********
07/12/2022 15:53:05 - INFO - __main__ - <mask> was born in <mask>.
07/12/2022 15:53:05 - INFO - __main__ - <mask> is a former professional basketball player from <mask>.
07/12/2022 15:53:05 - INFO - __main__ - <mask> was born and raised in <mask>.
07/12/2022 15:53:05 - INFO - __main__ - <mask> is a writer and artist based in <mask>.
07/12/2022 15:53:05 - INFO - __main__ - <mask>: die welt im <mask>.
07/12/2022 15:53:05 - INFO - __main__ - <mask> is a film director and screenwriter from <mask>.
07/12/2022 15:53:05 - INFO - __main__ - <mask>, professor of history, university of <mask>.
07/12/2022 15:53:05 - INFO - __main__ - <mask>, a lawyer, was born in <mask>.
07/12/2022 15:53:05 - INFO - __main__ - <mask> is an artist based in <mask>.
07/12/2022 15:53:05 - INFO - __main__ - <mask> lives and works in <mask>.
07/12/2022 15:53:05 - INFO - __main__ - ****************************
07/12/2022 15:53:05 - INFO - __main__ - *********References*********
07/12/2022 15:53:05 - INFO - __main__ - ['the place where <mask> was born is <mask>.']
07/12/2022 15:53:05 - INFO - __main__ - ****************************
07/12/2022 15:54:26 - INFO - __main__ - ***********Input************
07/12/2022 15:54:26 - INFO - __main__ - <mask> (born c.<mask> Chapel Hill, North Carolina) is an American director and designer of experimental theatre from New York City .
07/12/2022 15:54:26 - INFO - __main__ - *********Hypothesis*********
07/12/2022 15:54:26 - INFO - __main__ - <mask> (born ) is a former professional basketball player from <mask>.
07/12/2022 15:54:26 - INFO - __main__ - <mask> is a native of <mask>.
07/12/2022 15:54:26 - INFO - __main__ - <mask> was born in <mask>.
07/12/2022 15:54:26 - INFO - __main__ - <mask>, (hans bock-hans the field of <mask>.
07/12/2022 15:54:26 - INFO - __main__ - <mask> was born <mask>.
07/12/2022 15:54:26 - INFO - __main__ - <mask> is a former professional tennis player from <mask>.
07/12/2022 15:54:26 - INFO - __main__ - <mask>, actress, was born in <mask>.
07/12/2022 15:54:26 - INFO - __main__ - <mask> is a professor of history at <mask>.
07/12/2022 15:54:26 - INFO - __main__ - <mask> is a writer and editor based in <mask>.
07/12/2022 15:54:26 - INFO - __main__ - <mask> is a former professional basketball player who played for <mask>.
07/12/2022 15:54:26 - INFO - __main__ - ****************************
07/12/2022 15:54:26 - INFO - __main__ - *********References*********
07/12/2022 15:54:26 - INFO - __main__ - ['the date when <mask> was born is <mask>.']
07/12/2022 15:54:26 - INFO - __main__ - ****************************
07/12/2022 15:55:55 - INFO - __main__ - ***********Input************
07/12/2022 15:55:55 - INFO - __main__ - <mask> (born c <mask>) is a former softball player and coach .
07/12/2022 15:55:55 - INFO - __main__ - *********Hypothesis*********
07/12/2022 15:55:55 - INFO - __main__ - <mask> was born in <mask>.
07/12/2022 15:55:55 - INFO - __main__ - <mask>, a former student of <mask>.
07/12/2022 15:55:55 - INFO - __main__ - <mask>, a lawyerd <mask>.
07/12/2022 15:55:55 - INFO - __main__ - <mask> is portrayed by <mask>.
07/12/2022 15:55:55 - INFO - __main__ - <mask> (née lee <mask>.
07/12/2022 15:55:55 - INFO - __main__ - <mask> (née h) ( <mask>.
07/12/2022 15:55:55 - INFO - __main__ - <mask>, (a.a former <mask>.
07/12/2022 15:55:55 - INFO - __main__ - <mask> as dr. <mask>.
07/12/2022 15:55:55 - INFO - __main__ - ****************************
07/12/2022 15:55:55 - INFO - __main__ - *********References*********
07/12/2022 15:55:55 - INFO - __main__ - ['the date when <mask> was born is <mask>.']
07/12/2022 15:55:55 - INFO - __main__ - ****************************
07/12/2022 15:56:43 - INFO - __main__ - ***********Input************
07/12/2022 15:56:43 - INFO - __main__ - <mask> (1738--1811) was a British composer and organist born in <mask> .
07/12/2022 15:56:43 - INFO - __main__ - *********Hypothesis*********
07/12/2022 15:56:43 - INFO - __main__ - <mask> was born and died in <mask>.
07/12/2022 15:56:43 - INFO - __main__ - <mask>,, chief constable, city of <mask>.
07/12/2022 15:56:43 - INFO - __main__ - <mask> is an artist, writer and curator based in <mask>.
07/12/2022 15:56:43 - INFO - __main__ - <mask> was a merchant and politician in <mask>.
07/12/2022 15:56:43 - INFO - __main__ - <mask>, a prominent local businessman, was a prominent figure in the <mask>.
07/12/2022 15:56:43 - INFO - __main__ - <mask> (1772–1835), who died in <mask>.
07/12/2022 15:56:43 - INFO - __main__ - <mask>, chief superintendent of police, city of <mask>.
07/12/2022 15:56:43 - INFO - __main__ - <mask> is a former professional footballer who played for <mask>.
07/12/2022 15:56:43 - INFO - __main__ - <mask> was the son of a merchant in <mask>.
07/12/2022 15:56:43 - INFO - __main__ - <mask>, a prominent local businessman, was born in <mask>.
07/12/2022 15:56:43 - INFO - __main__ - ****************************
07/12/2022 15:56:43 - INFO - __main__ - *********References*********
07/12/2022 15:56:43 - INFO - __main__ - ['the place where <mask> was born is <mask>.']
07/12/2022 15:56:43 - INFO - __main__ - ****************************
07/12/2022 15:57:52 - INFO - __main__ - ***********Input************
07/12/2022 15:57:52 - INFO - __main__ - <mask> (b. February 11, 1955, <mask>, Tennessee - d July 2, 2007, Tiburon, California) was an American artist .
07/12/2022 15:57:52 - INFO - __main__ - *********Hypothesis*********
07/12/2022 15:57:52 - INFO - __main__ - <mask> was born in <mask>.
07/12/2022 15:57:52 - INFO - __main__ - <mask> is a former professional basketball player who played for <mask>.
07/12/2022 15:57:52 - INFO - __main__ - <mask> was born and raised in <mask>.
07/12/2022 15:57:52 - INFO - __main__ - <mask> is a professional basketball player from <mask>.
07/12/2022 15:57:52 - INFO - __main__ - <mask>, the son of a wealthy family, was born in <mask>.
07/12/2022 15:57:52 - INFO - __main__ - <mask> is a singer and songwriter from <mask>.
07/12/2022 15:57:52 - INFO - __main__ - <mask>, a former teacher, was born in <mask>.
07/12/2022 15:57:52 - INFO - __main__ - <mask> is an artist and writer based in <mask>.
07/12/2022 15:57:52 - INFO - __main__ - <mask>, a former mayor of <mask>.
07/12/2022 15:57:52 - INFO - __main__ - <mask> is an artist, writer, and educator from <mask>.
07/12/2022 15:57:52 - INFO - __main__ - ****************************
07/12/2022 15:57:52 - INFO - __main__ - *********References*********
07/12/2022 15:57:52 - INFO - __main__ - ['the place where <mask> was born is <mask>.']
07/12/2022 15:57:52 - INFO - __main__ - ****************************
07/12/2022 15:58:53 - INFO - __main__ - ***********Input************
07/12/2022 15:58:53 - INFO - __main__ - <mask> (c. <mask> - 25 August 1785) was a British diplomat and politician who sat in the House of Commons between 1762 and 1774 .
07/12/2022 15:58:53 - INFO - __main__ - *********Hypothesis*********
07/12/2022 15:58:53 - INFO - __main__ - <mask> was born in the village in <mask>.
07/12/2022 15:58:53 - INFO - __main__ - <mask>, a local merchant, was the owner of the house in <mask>.
07/12/2022 15:58:53 - INFO - __main__ - <mask> was the last surviving member of the family, who died in <mask>.
07/12/2022 15:58:53 - INFO - __main__ - <mask>, who was a prominent local merchant, was born in <mask>.
07/12/2022 15:58:53 - INFO - __main__ - <mask> had been a member of the council since <mask>.
07/12/2022 15:58:53 - INFO - __main__ - <mask> of st. mary's, who died in <mask>.
07/12/2022 15:58:53 - INFO - __main__ - <mask> (1715–1772) was born in <mask>.
07/12/2022 15:58:53 - INFO - __main__ - <mask> was appointed as a justice of the peace in <mask>.
07/12/2022 15:58:53 - INFO - __main__ - <mask>, a prominent local merchant, was born here in <mask>.
07/12/2022 15:58:53 - INFO - __main__ - <mask> built the house in <mask>.
07/12/2022 15:58:53 - INFO - __main__ - ****************************
07/12/2022 15:58:53 - INFO - __main__ - *********References*********
07/12/2022 15:58:53 - INFO - __main__ - ['the date when <mask> was born is <mask>.']
07/12/2022 15:58:53 - INFO - __main__ - ****************************
07/12/2022 16:00:20 - INFO - __main__ - ***********Input************
07/12/2022 16:00:20 - INFO - __main__ - <mask> (born December 28th, <mask>) is a United States of America Democratic political consultant and activist who has worked on six presidential campaigns, served as Policy Director for the Speaker of the House in Connecticut, and served as the National Coordinated Campaign Director for both the 1992 and 1996 Presidential campaigns of Bill Clinton .
07/12/2022 16:00:20 - INFO - __main__ - *********Hypothesis*********
07/12/2022 16:00:20 - INFO - __main__ - <mask> was born in <mask>.
07/12/2022 16:00:20 - INFO - __main__ - <mask>, who was a member of the group, died in <mask>.
07/12/2022 16:00:20 - INFO - __main__ - <mask> has been a member of the board of directors since <mask>.
07/12/2022 16:00:20 - INFO - __main__ - <mask>, a former student, was appointed as president in <mask>.
07/12/2022 16:00:20 - INFO - __main__ - <mask> became the president in <mask>.
07/12/2022 16:00:20 - INFO - __main__ - <mask> is a former professional baseball player who played in <mask>.
07/12/2022 16:00:20 - INFO - __main__ - <mask> was elected to the position in <mask>.
07/12/2022 16:00:20 - INFO - __main__ - <mask> was born in the f. f. named after him in <mask>.
07/12/2022 16:00:20 - INFO - __main__ - <mask> began his career as a journalist in <mask>.
07/12/2022 16:00:20 - INFO - __main__ - <mask>: the rise and fall of a political genius, <mask>.
07/12/2022 16:00:20 - INFO - __main__ - ****************************
07/12/2022 16:00:20 - INFO - __main__ - *********References*********
07/12/2022 16:00:20 - INFO - __main__ - ['the date when <mask> was born is <mask>.']
07/12/2022 16:00:20 - INFO - __main__ - ****************************
07/12/2022 16:01:29 - INFO - __main__ - ***********Input************
07/12/2022 16:01:29 - INFO - __main__ - <mask> (born <mask> in Vlorë, Albania) is a singer who at fourtheen moved to Pistoia, Italy were he remains with his parents and three brothers .
07/12/2022 16:01:29 - INFO - __main__ - *********Hypothesis*********
07/12/2022 16:01:29 - INFO - __main__ - <mask> was born in <mask>.
07/12/2022 16:01:29 - INFO - __main__ - <mask> is the son of <mask>.
07/12/2022 16:01:29 - INFO - __main__ - <mask> is the son of former <mask>.
07/12/2022 16:01:29 - INFO - __main__ - <mask> is a surname, derived from <mask>.
07/12/2022 16:01:29 - INFO - __main__ - <mask> is the capital of <mask>.
07/12/2022 16:01:29 - INFO - __main__ - <mask> is the capital and largest city of <mask>.
07/12/2022 16:01:29 - INFO - __main__ - <mask>'s main railway station is the railway station of <mask>.
07/12/2022 16:01:29 - INFO - __main__ - <mask> was born <mask>.
07/12/2022 16:01:29 - INFO - __main__ - <mask> is a member of the band <mask>.
07/12/2022 16:01:29 - INFO - __main__ - <mask> was the son of <mask>.
07/12/2022 16:01:29 - INFO - __main__ - ****************************
07/12/2022 16:01:29 - INFO - __main__ - *********References*********
07/12/2022 16:01:29 - INFO - __main__ - ['the date when <mask> was born is <mask>.']
07/12/2022 16:01:29 - INFO - __main__ - ****************************
07/12/2022 16:02:25 - INFO - __main__ - ***********Input************
07/12/2022 16:02:25 - INFO - __main__ - <mask> (born 27 September 1974, in <mask>, India) is a former Indian cricketer .
07/12/2022 16:02:25 - INFO - __main__ - *********Hypothesis*********
07/12/2022 16:02:25 - INFO - __main__ - <mask> was born in <mask>.
07/12/2022 16:02:25 - INFO - __main__ - <mask> was born and brought up in <mask>.
07/12/2022 16:02:25 - INFO - __main__ - <mask> is a young man who lives in <mask>.
07/12/2022 16:02:25 - INFO - __main__ - <mask> is a film director from <mask>.
07/12/2022 16:02:25 - INFO - __main__ - <mask> was born in a <mask>.
07/12/2022 16:02:25 - INFO - __main__ - <mask> started his career as a journalist in <mask>.
07/12/2022 16:02:25 - INFO - __main__ - <mask> is a film director and producer from <mask>.
07/12/2022 16:02:25 - INFO - __main__ - <mask>, the son of a rich businessman, lives in <mask>.
07/12/2022 16:02:25 - INFO - __main__ - <mask> has been a resident of <mask>.
07/12/2022 16:02:25 - INFO - __main__ - <mask> lives with his family in <mask>.
07/12/2022 16:02:25 - INFO - __main__ - ****************************
07/12/2022 16:02:25 - INFO - __main__ - *********References*********
07/12/2022 16:02:25 - INFO - __main__ - ['the place where <mask> was born is <mask>.']
07/12/2022 16:02:25 - INFO - __main__ - ****************************
07/12/2022 16:03:23 - INFO - __main__ - ***********Input************
07/12/2022 16:03:23 - INFO - __main__ - <mask> (1806-1867) was an American physician, born in <mask>, Massachusetts .
07/12/2022 16:03:23 - INFO - __main__ - *********Hypothesis*********
07/12/2022 16:03:23 - INFO - __main__ - <mask> was born in <mask>.
07/12/2022 16:03:23 - INFO - __main__ - <mask>, a prominent local businessman, was born in <mask>.
07/12/2022 16:03:23 - INFO - __main__ - <mask> was born and raised in <mask>.
07/12/2022 16:03:23 - INFO - __main__ - <mask> is the current mayor of <mask>.
07/12/2022 16:03:23 - INFO - __main__ - <mask> was an early settler of <mask>.
07/12/2022 16:03:23 - INFO - __main__ - <mask> is a former professional baseball player who played for <mask>.
07/12/2022 16:03:23 - INFO - __main__ - <mask>, a local businessman, was a prominent figure in <mask>.
07/12/2022 16:03:23 - INFO - __main__ - <mask> is a former professional footballer who played for <mask>.
07/12/2022 16:03:23 - INFO - __main__ - <mask> was a prominent local businessman in <mask>.
07/12/2022 16:03:23 - INFO - __main__ - <mask> is an actor and director from <mask>.
07/12/2022 16:03:23 - INFO - __main__ - ****************************
07/12/2022 16:03:23 - INFO - __main__ - *********References*********
07/12/2022 16:03:23 - INFO - __main__ - ['the place where <mask> was born is <mask>.']
07/12/2022 16:03:23 - INFO - __main__ - ****************************
07/12/2022 16:04:10 - INFO - __main__ - ***********Input************
07/12/2022 16:04:10 - INFO - __main__ - A Conservative, the Honourable <mask> served until his death in 1871 in <mask>, Ontario .
07/12/2022 16:04:10 - INFO - __main__ - *********Hypothesis*********
07/12/2022 16:04:10 - INFO - __main__ - <mask> was a member of the board of directors of the city of <mask>.
07/12/2022 16:04:10 - INFO - __main__ - <mask> was born and raised in the <mask>.
07/12/2022 16:04:10 - INFO - __main__ - <mask> is a former member of the city council of <mask>.
07/12/2022 16:04:10 - INFO - __main__ - <mask>'s family had been involved in the lumber industry in <mask>.
07/12/2022 16:04:10 - INFO - __main__ - <mask> has been a long-time resident of <mask>.
07/12/2022 16:04:10 - INFO - __main__ - <mask> was born and raised in <mask>.
07/12/2022 16:04:10 - INFO - __main__ - <mask> had been a prominent member of the community in <mask>.
07/12/2022 16:04:10 - INFO - __main__ - <mask> was born and raised in the city of <mask>.
07/12/2022 16:04:10 - INFO - __main__ - <mask>'s mother, who was a nurse, was born in <mask>.
07/12/2022 16:04:10 - INFO - __main__ - <mask>'s father was a lawyer and his mother was a teacher in <mask>.
07/12/2022 16:04:10 - INFO - __main__ - ****************************
07/12/2022 16:04:10 - INFO - __main__ - *********References*********
07/12/2022 16:04:10 - INFO - __main__ - ['the place where <mask> died is <mask>.']
07/12/2022 16:04:10 - INFO - __main__ - ****************************
07/12/2022 16:04:57 - INFO - __main__ - ***********Input************
07/12/2022 16:04:57 - INFO - __main__ - <mask> died at <mask> BC December 20, 1959 age 85 .
07/12/2022 16:04:57 - INFO - __main__ - *********Hypothesis*********
07/12/2022 16:04:57 - INFO - __main__ - <mask> was born and raised in the city of <mask>.
07/12/2022 16:04:57 - INFO - __main__ - <mask>'s father was a lawyer and a judge in <mask>.
07/12/2022 16:04:57 - INFO - __main__ - <mask> was born and raised in <mask>.
07/12/2022 16:04:57 - INFO - __main__ - <mask> has been a long-time resident of <mask>.
07/12/2022 16:04:57 - INFO - __main__ - <mask> was born and raised in the <mask>.
07/12/2022 16:04:57 - INFO - __main__ - <mask>'s family had been involved in the lumber industry in <mask>.
07/12/2022 16:04:57 - INFO - __main__ - <mask> had previously been the minister of education in the government of <mask>.
07/12/2022 16:04:57 - INFO - __main__ - <mask> is a member of the board of directors of the charity, <mask>.
07/12/2022 16:04:57 - INFO - __main__ - <mask> began his career as a journalist in <mask>.
07/12/2022 16:04:57 - INFO - __main__ - <mask> is a former member of the board of directors and <mask>.
07/12/2022 16:04:57 - INFO - __main__ - ****************************
07/12/2022 16:04:57 - INFO - __main__ - *********References*********
07/12/2022 16:04:57 - INFO - __main__ - ['the place where <mask> died is <mask>.']
07/12/2022 16:04:57 - INFO - __main__ - ****************************
07/12/2022 16:06:06 - INFO - __main__ - ***********Input************
07/12/2022 16:06:06 - INFO - __main__ - Considered by some in the art world to be one of the last of the Surrealists, <mask> died in his home in <mask> on April 25, 2008, aged 99 Donati's health had been failing since involved, as a passenger, in a taxi accident in July, 2007 .
07/12/2022 16:06:06 - INFO - __main__ - *********Hypothesis*********
07/12/2022 16:06:06 - INFO - __main__ - <mask> was born and died in <mask>.
07/12/2022 16:06:06 - INFO - __main__ - <mask> was born in <mask>.
07/12/2022 16:06:06 - INFO - __main__ - <mask> was born in the city of <mask>.
07/12/2022 16:06:06 - INFO - __main__ - <mask>'s father was a lawyer and his mother was a teacher in <mask>.
07/12/2022 16:06:06 - INFO - __main__ - <mask>, a painter, was born in <mask>.
07/12/2022 16:06:06 - INFO - __main__ - <mask> is a native of the city of <mask>.
07/12/2022 16:06:06 - INFO - __main__ - <mask> started his career as a journalist in <mask>.
07/12/2022 16:06:06 - INFO - __main__ - <mask> began his career as an assistant at the accademia di belle arti in <mask>.
07/12/2022 16:06:06 - INFO - __main__ - <mask> is a former professional footballer who played for <mask>.
07/12/2022 16:06:06 - INFO - __main__ - <mask> was born and raised in <mask>.
07/12/2022 16:06:06 - INFO - __main__ - ****************************
07/12/2022 16:06:06 - INFO - __main__ - *********References*********
07/12/2022 16:06:06 - INFO - __main__ - ['the place where <mask> died is <mask>.']
07/12/2022 16:06:06 - INFO - __main__ - ****************************
07/12/2022 16:06:51 - INFO - __main__ - ***********Input************
07/12/2022 16:06:51 - INFO - __main__ - <mask> died of pneumonia in 1990 at his home in <mask>, California .
07/12/2022 16:06:51 - INFO - __main__ - *********Hypothesis*********
07/12/2022 16:06:51 - INFO - __main__ - <mask> was born and raised in the city of <mask>.
07/12/2022 16:06:51 - INFO - __main__ - <mask> was a member of the board of directors of the city of <mask>.
07/12/2022 16:06:51 - INFO - __main__ - <mask> is currently a resident of <mask>.
07/12/2022 16:06:51 - INFO - __main__ - <mask> has been a long-time resident of <mask>.
07/12/2022 16:06:51 - INFO - __main__ - <mask>'s father was a successful businessman in <mask>.
07/12/2022 16:06:51 - INFO - __main__ - <mask> is a former professional basketball player who played for <mask>.
07/12/2022 16:06:51 - INFO - __main__ - <mask> began his career as a professional dancer in <mask>.
07/12/2022 16:06:51 - INFO - __main__ - <mask> and her family live in a small apartment in <mask>.
07/12/2022 16:06:51 - INFO - __main__ - <mask> was born and raised in <mask>.
07/12/2022 16:06:51 - INFO - __main__ - <mask> is a native of <mask>.
07/12/2022 16:06:51 - INFO - __main__ - ****************************
07/12/2022 16:06:51 - INFO - __main__ - *********References*********
07/12/2022 16:06:51 - INFO - __main__ - ['the place where <mask> died is <mask>.']
07/12/2022 16:06:51 - INFO - __main__ - ****************************
07/12/2022 16:07:50 - INFO - __main__ - ***********Input************
07/12/2022 16:07:50 - INFO - __main__ - <mask> died in 1888 in <mask>, Germany and is buried, together with his wife, Sophie in Weißensee .
07/12/2022 16:07:50 - INFO - __main__ - *********Hypothesis*********
07/12/2022 16:07:50 - INFO - __main__ - <mask> was born and died in <mask>.
07/12/2022 16:07:50 - INFO - __main__ - <mask>'s father was a lawyer in <mask>.
07/12/2022 16:07:50 - INFO - __main__ - <mask> was born in the city of <mask>.
07/12/2022 16:07:50 - INFO - __main__ - <mask> was born and raised in <mask>.
07/12/2022 16:07:50 - INFO - __main__ - <mask> is a native of <mask>.
07/12/2022 16:07:50 - INFO - __main__ - <mask>'s family moved to <mask>.
07/12/2022 16:07:50 - INFO - __main__ - <mask> studied law at the university of <mask>.
07/12/2022 16:07:50 - INFO - __main__ - <mask> had been a member of the city council of <mask>.
07/12/2022 16:07:50 - INFO - __main__ - <mask> has an office in <mask>.
07/12/2022 16:07:50 - INFO - __main__ - <mask> is a native of the <mask>.
07/12/2022 16:07:50 - INFO - __main__ - ****************************
07/12/2022 16:07:50 - INFO - __main__ - *********References*********
07/12/2022 16:07:50 - INFO - __main__ - ['the place where <mask> died is <mask>.']
07/12/2022 16:07:50 - INFO - __main__ - ****************************
07/12/2022 16:07:50 - INFO - __main__ - Task: google-re
07/12/2022 16:07:50 - INFO - __main__ - bleu-4: 5.1257617609282197e-79
07/12/2022 16:07:50 - INFO - __main__ - bleu-3: 0.03381348753974511
07/12/2022 16:07:50 - INFO - __main__ - bleu-2: 0.06786974472046822
07/12/2022 16:07:50 - INFO - __main__ - bleu-1: 0.3133174714561041
07/12/2022 16:07:50 - INFO - __main__ - METEOR: 0.22651671738058415
07/12/2022 16:07:50 - INFO - __main__ - ROUGE-L: 0.35250869242742305
07/12/2022 16:07:50 - INFO - __main__ - entailment score(mean-mean): 0.0868211595801325
07/12/2022 16:07:50 - INFO - __main__ - entailment score(mean-max): 0.562769635890921
07/12/2022 16:07:50 - INFO - __main__ - entailment score(mean-min): 0.0006044000838301145
07/12/2022 16:07:50 - INFO - __main__ - self-BLEU-2: 0.8738012564289981
07/12/2022 16:07:50 - INFO - __main__ - avg: 0.16567101892072078
07/12/2022 16:07:50 - INFO - __main__ - *******************************************************
07/12/2022 16:07:50 - INFO - __main__ - *******************************************************
07/12/2022 16:07:50 - INFO - __main__ - *******************************************************
07/12/2022 16:31:48 - INFO - __main__ - **************** MODEL CONFIGURATION ****************
07/12/2022 16:31:48 - INFO - __main__ - bart_training             -->   True
07/12/2022 16:31:48 - INFO - __main__ - device                    -->   8
07/12/2022 16:31:48 - INFO - __main__ - group_beam                -->   True
07/12/2022 16:31:48 - INFO - __main__ - if_then                   -->   False
07/12/2022 16:31:48 - INFO - __main__ - inductor                  -->   rule
07/12/2022 16:31:48 - INFO - __main__ - log_dir                   -->   logs_new/
07/12/2022 16:31:48 - INFO - __main__ - log_name                  -->   google-gs+dpp
07/12/2022 16:31:48 - INFO - __main__ - mlm_training              -->   True
07/12/2022 16:31:48 - INFO - __main__ - task                      -->   google-re
07/12/2022 16:31:48 - INFO - __main__ - **************** MODEL CONFIGURATION ****************
07/12/2022 16:35:20 - INFO - __main__ - ***********Input************
07/12/2022 16:35:20 - INFO - __main__ - <mask> (b. 1954 in <mask>) is a best-selling American author of romance novels .
07/12/2022 16:35:20 - INFO - __main__ - *********Hypothesis*********
07/12/2022 16:35:20 - INFO - __main__ - <mask> was born in <mask>.
07/12/2022 16:35:20 - INFO - __main__ - <mask> was born and raised in <mask>.
07/12/2022 16:35:20 - INFO - __main__ - <mask> is a writer and artist based in <mask>.
07/12/2022 16:35:20 - INFO - __main__ - <mask> is a writer and editor based in <mask>.
07/12/2022 16:35:20 - INFO - __main__ - <mask> is an artist based in <mask>.
07/12/2022 16:35:20 - INFO - __main__ - <mask> is a former professional basketball player from <mask>.
07/12/2022 16:35:20 - INFO - __main__ - <mask>, the former mayor of <mask>.
07/12/2022 16:35:20 - INFO - __main__ - <mask> is a film director and screenwriter from <mask>.
07/12/2022 16:35:20 - INFO - __main__ - <mask> is a retired professional basketball player from <mask>.
07/12/2022 16:35:20 - INFO - __main__ - <mask>, professor of history, university of <mask>.
07/12/2022 16:35:20 - INFO - __main__ - ****************************
07/12/2022 16:35:20 - INFO - __main__ - *********References*********
07/12/2022 16:35:20 - INFO - __main__ - ['the place where <mask> was born is <mask>.']
07/12/2022 16:35:20 - INFO - __main__ - ****************************
07/12/2022 16:36:48 - INFO - __main__ - ***********Input************
07/12/2022 16:36:48 - INFO - __main__ - <mask> (born c.<mask> Chapel Hill, North Carolina) is an American director and designer of experimental theatre from New York City .
07/12/2022 16:36:48 - INFO - __main__ - *********Hypothesis*********
07/12/2022 16:36:48 - INFO - __main__ - <mask> was born in <mask>.
07/12/2022 16:36:48 - INFO - __main__ - <mask> is a former professional tennis player from <mask>.
07/12/2022 16:36:48 - INFO - __main__ - <mask> was born <mask>.
07/12/2022 16:36:48 - INFO - __main__ - <mask>, actress, was born in <mask>.
07/12/2022 16:36:48 - INFO - __main__ - <mask> (born ) is a former professional basketball player from <mask>.
07/12/2022 16:36:48 - INFO - __main__ - <mask> is a native of <mask>.
07/12/2022 16:36:48 - INFO - __main__ - <mask> (born in <mask>.
07/12/2022 16:36:48 - INFO - __main__ - <mask> is a writer and editor based in <mask>.
07/12/2022 16:36:48 - INFO - __main__ - <mask> is a retired professional basketball player who played in <mask>.
07/12/2022 16:36:48 - INFO - __main__ - <mask>, a former member of the group, was born in <mask>.
07/12/2022 16:36:48 - INFO - __main__ - ****************************
07/12/2022 16:36:48 - INFO - __main__ - *********References*********
07/12/2022 16:36:48 - INFO - __main__ - ['the date when <mask> was born is <mask>.']
07/12/2022 16:36:48 - INFO - __main__ - ****************************
07/12/2022 16:38:20 - INFO - __main__ - ***********Input************
07/12/2022 16:38:20 - INFO - __main__ - <mask> (born c <mask>) is a former softball player and coach .
07/12/2022 16:38:20 - INFO - __main__ - *********Hypothesis*********
07/12/2022 16:38:20 - INFO - __main__ - <mask>, (a.a former <mask>.
07/12/2022 16:38:20 - INFO - __main__ - <mask> was born in <mask>.
07/12/2022 16:38:20 - INFO - __main__ - <mask> (née lee <mask>.
07/12/2022 16:38:20 - INFO - __main__ - <mask> (née h) ( <mask>.
07/12/2022 16:38:20 - INFO - __main__ - <mask> is portrayed by <mask>.
07/12/2022 16:38:20 - INFO - __main__ - <mask>, a former student of <mask>.
07/12/2022 16:38:20 - INFO - __main__ - <mask>, a lawyerd <mask>.
07/12/2022 16:38:20 - INFO - __main__ - <mask> as dr. <mask>.
07/12/2022 16:38:20 - INFO - __main__ - ****************************
07/12/2022 16:38:20 - INFO - __main__ - *********References*********
07/12/2022 16:38:20 - INFO - __main__ - ['the date when <mask> was born is <mask>.']
07/12/2022 16:38:20 - INFO - __main__ - ****************************
07/12/2022 16:39:10 - INFO - __main__ - ***********Input************
07/12/2022 16:39:10 - INFO - __main__ - <mask> (1738--1811) was a British composer and organist born in <mask> .
07/12/2022 16:39:10 - INFO - __main__ - *********Hypothesis*********
07/12/2022 16:39:10 - INFO - __main__ - <mask> was born and died in <mask>.
07/12/2022 16:39:10 - INFO - __main__ - <mask>, a prominent local businessman, was born in <mask>.
07/12/2022 16:39:10 - INFO - __main__ - <mask>,, chief constable, city of <mask>.
07/12/2022 16:39:10 - INFO - __main__ - <mask> was a professional footballer who played for <mask>.
07/12/2022 16:39:10 - INFO - __main__ - <mask> was born and raised in <mask>.
07/12/2022 16:39:10 - INFO - __main__ - <mask> was a merchant and politician in <mask>.
07/12/2022 16:39:10 - INFO - __main__ - <mask> is a former professional footballer who played for <mask>.
07/12/2022 16:39:10 - INFO - __main__ - <mask>, chief constable, city of <mask>.
07/12/2022 16:39:10 - INFO - __main__ - <mask>,, deputy lieutenant of <mask>.
07/12/2022 16:39:10 - INFO - __main__ - <mask> is an author and journalist from <mask>.
07/12/2022 16:39:10 - INFO - __main__ - ****************************
07/12/2022 16:39:10 - INFO - __main__ - *********References*********
07/12/2022 16:39:10 - INFO - __main__ - ['the place where <mask> was born is <mask>.']
07/12/2022 16:39:10 - INFO - __main__ - ****************************
07/12/2022 16:40:23 - INFO - __main__ - ***********Input************
07/12/2022 16:40:23 - INFO - __main__ - <mask> (b. February 11, 1955, <mask>, Tennessee - d July 2, 2007, Tiburon, California) was an American artist .
07/12/2022 16:40:23 - INFO - __main__ - *********Hypothesis*********
07/12/2022 16:40:23 - INFO - __main__ - <mask> was born in <mask>.
07/12/2022 16:40:23 - INFO - __main__ - <mask> is a former professional basketball player who played for <mask>.
07/12/2022 16:40:23 - INFO - __main__ - <mask> is a professional basketball player from <mask>.
07/12/2022 16:40:23 - INFO - __main__ - <mask> was born and raised in <mask>.
07/12/2022 16:40:23 - INFO - __main__ - <mask> is a jazz saxophonist from <mask>.
07/12/2022 16:40:23 - INFO - __main__ - <mask> is an attorney and former mayor of <mask>.
07/12/2022 16:40:23 - INFO - __main__ - <mask>, a former professional basketball player, is a real estate developer in <mask>.
07/12/2022 16:40:23 - INFO - __main__ - <mask>, a former mayor of <mask>.
07/12/2022 16:40:23 - INFO - __main__ - <mask>, a prominent lawyer, was born in <mask>.
07/12/2022 16:40:23 - INFO - __main__ - <mask>: the rise and fall of <mask>.
07/12/2022 16:40:23 - INFO - __main__ - ****************************
07/12/2022 16:40:23 - INFO - __main__ - *********References*********
07/12/2022 16:40:23 - INFO - __main__ - ['the place where <mask> was born is <mask>.']
07/12/2022 16:40:23 - INFO - __main__ - ****************************
07/12/2022 16:41:23 - INFO - __main__ - ***********Input************
07/12/2022 16:41:23 - INFO - __main__ - <mask> (c. <mask> - 25 August 1785) was a British diplomat and politician who sat in the House of Commons between 1762 and 1774 .
07/12/2022 16:41:23 - INFO - __main__ - *********Hypothesis*********
07/12/2022 16:41:23 - INFO - __main__ - <mask> was born in <mask>.
07/12/2022 16:41:23 - INFO - __main__ - <mask> was born in the village in <mask>.
07/12/2022 16:41:23 - INFO - __main__ - <mask>, a local merchant, was the owner of the house in <mask>.
07/12/2022 16:41:23 - INFO - __main__ - <mask> had been a member of the council since <mask>.
07/12/2022 16:41:23 - INFO - __main__ - <mask> was the last surviving member of the family, who died in <mask>.
07/12/2022 16:41:23 - INFO - __main__ - <mask>, who was born in <mask>.
07/12/2022 16:41:23 - INFO - __main__ - <mask>, who was a prominent local merchant, was born in <mask>.
07/12/2022 16:41:23 - INFO - __main__ - <mask> died in the house in <mask>.
07/12/2022 16:41:23 - INFO - __main__ - <mask> (1715–1772) was born in <mask>.
07/12/2022 16:41:23 - INFO - __main__ - <mask> of st. mary's, who died in <mask>.
07/12/2022 16:41:23 - INFO - __main__ - ****************************
07/12/2022 16:41:23 - INFO - __main__ - *********References*********
07/12/2022 16:41:23 - INFO - __main__ - ['the date when <mask> was born is <mask>.']
07/12/2022 16:41:23 - INFO - __main__ - ****************************
07/12/2022 16:42:53 - INFO - __main__ - ***********Input************
07/12/2022 16:42:53 - INFO - __main__ - <mask> (born December 28th, <mask>) is a United States of America Democratic political consultant and activist who has worked on six presidential campaigns, served as Policy Director for the Speaker of the House in Connecticut, and served as the National Coordinated Campaign Director for both the 1992 and 1996 Presidential campaigns of Bill Clinton .
07/12/2022 16:42:53 - INFO - __main__ - *********Hypothesis*********
07/12/2022 16:42:53 - INFO - __main__ - <mask> was born in <mask>.
07/12/2022 16:42:53 - INFO - __main__ - <mask>, who had been a member of the group since <mask>.
07/12/2022 16:42:53 - INFO - __main__ - <mask>, who had been the editor since <mask>.
07/12/2022 16:42:53 - INFO - __main__ - <mask> was appointed as the new headmaster in <mask>.
07/12/2022 16:42:53 - INFO - __main__ - <mask> died in <mask>.
07/12/2022 16:42:53 - INFO - __main__ - <mask>, who was a member of the group, died in <mask>.
07/12/2022 16:42:53 - INFO - __main__ - <mask> was the last person to be executed in <mask>.
07/12/2022 16:42:53 - INFO - __main__ - <mask> has been a member of the board of directors since <mask>.
07/12/2022 16:42:53 - INFO - __main__ - <mask>, jr. was born in <mask>.
07/12/2022 16:42:53 - INFO - __main__ - <mask> was the last person to be elected to the office, in <mask>.
07/12/2022 16:42:53 - INFO - __main__ - ****************************
07/12/2022 16:42:53 - INFO - __main__ - *********References*********
07/12/2022 16:42:53 - INFO - __main__ - ['the date when <mask> was born is <mask>.']
07/12/2022 16:42:53 - INFO - __main__ - ****************************
07/12/2022 16:44:06 - INFO - __main__ - ***********Input************
07/12/2022 16:44:06 - INFO - __main__ - <mask> (born <mask> in Vlorë, Albania) is a singer who at fourtheen moved to Pistoia, Italy were he remains with his parents and three brothers .
07/12/2022 16:44:06 - INFO - __main__ - *********Hypothesis*********
07/12/2022 16:44:06 - INFO - __main__ - <mask> was born in <mask>.
07/12/2022 16:44:06 - INFO - __main__ - <mask> is the son of former <mask>.
07/12/2022 16:44:06 - INFO - __main__ - <mask> is the son of former prime minister <mask>.
07/12/2022 16:44:06 - INFO - __main__ - <mask> is the capital of <mask>.
07/12/2022 16:44:06 - INFO - __main__ - <mask> is a surname, derived from <mask>.
07/12/2022 16:44:06 - INFO - __main__ - <mask> was the father of <mask>.
07/12/2022 16:44:06 - INFO - __main__ - <mask> is the capital and largest city of <mask>.
07/12/2022 16:44:06 - INFO - __main__ - <mask> is the son of the <mask>.
07/12/2022 16:44:06 - INFO - __main__ - <mask>'s main railway station is the railway station of <mask>.
07/12/2022 16:44:06 - INFO - __main__ - <mask> is the current mayor of <mask>.
07/12/2022 16:44:06 - INFO - __main__ - ****************************
07/12/2022 16:44:06 - INFO - __main__ - *********References*********
07/12/2022 16:44:06 - INFO - __main__ - ['the date when <mask> was born is <mask>.']
07/12/2022 16:44:06 - INFO - __main__ - ****************************
07/12/2022 16:45:07 - INFO - __main__ - ***********Input************
07/12/2022 16:45:07 - INFO - __main__ - <mask> (born 27 September 1974, in <mask>, India) is a former Indian cricketer .
07/12/2022 16:45:07 - INFO - __main__ - *********Hypothesis*********
07/12/2022 16:45:07 - INFO - __main__ - <mask> was born in <mask>.
07/12/2022 16:45:07 - INFO - __main__ - <mask> was born and brought up in <mask>.
07/12/2022 16:45:07 - INFO - __main__ - <mask> is a film director from <mask>.
07/12/2022 16:45:07 - INFO - __main__ - <mask> is a film director and producer from <mask>.
07/12/2022 16:45:07 - INFO - __main__ - <mask> is a young man who lives in <mask>.
07/12/2022 16:45:07 - INFO - __main__ - <mask> was born in a <mask>.
07/12/2022 16:45:07 - INFO - __main__ - <mask> started his career as a journalist in <mask>.
07/12/2022 16:45:07 - INFO - __main__ - <mask> has been a resident of <mask>.
07/12/2022 16:45:07 - INFO - __main__ - <mask> was born in a family of a lawyer in <mask>.
07/12/2022 16:45:07 - INFO - __main__ - <mask> is a former chief minister of <mask>.
07/12/2022 16:45:07 - INFO - __main__ - ****************************
07/12/2022 16:45:07 - INFO - __main__ - *********References*********
07/12/2022 16:45:07 - INFO - __main__ - ['the place where <mask> was born is <mask>.']
07/12/2022 16:45:07 - INFO - __main__ - ****************************
07/12/2022 16:46:06 - INFO - __main__ - ***********Input************
07/12/2022 16:46:06 - INFO - __main__ - <mask> (1806-1867) was an American physician, born in <mask>, Massachusetts .
07/12/2022 16:46:06 - INFO - __main__ - *********Hypothesis*********
07/12/2022 16:46:06 - INFO - __main__ - <mask> was born in <mask>.
07/12/2022 16:46:06 - INFO - __main__ - <mask> was born and raised in <mask>.
07/12/2022 16:46:06 - INFO - __main__ - <mask>, a prominent local businessman, was born in <mask>.
07/12/2022 16:46:06 - INFO - __main__ - <mask>, the son of a wealthy merchant, was born in <mask>.
07/12/2022 16:46:06 - INFO - __main__ - <mask>, a local businessman, was a prominent figure in <mask>.
07/12/2022 16:46:06 - INFO - __main__ - <mask>, a former mayor of <mask>.
07/12/2022 16:46:06 - INFO - __main__ - <mask> (1828–1896), who died in <mask>.
07/12/2022 16:46:06 - INFO - __main__ - <mask> is a former professional baseball player who played for <mask>.
07/12/2022 16:46:06 - INFO - __main__ - <mask>, a local businessman, was a key figure in the development of <mask>.
07/12/2022 16:46:06 - INFO - __main__ - <mask> is an actor and director from <mask>.
07/12/2022 16:46:06 - INFO - __main__ - ****************************
07/12/2022 16:46:06 - INFO - __main__ - *********References*********
07/12/2022 16:46:06 - INFO - __main__ - ['the place where <mask> was born is <mask>.']
07/12/2022 16:46:06 - INFO - __main__ - ****************************
07/12/2022 16:46:55 - INFO - __main__ - ***********Input************
07/12/2022 16:46:55 - INFO - __main__ - A Conservative, the Honourable <mask> served until his death in 1871 in <mask>, Ontario .
07/12/2022 16:46:55 - INFO - __main__ - *********Hypothesis*********
07/12/2022 16:46:55 - INFO - __main__ - <mask> was born and raised in <mask>.
07/12/2022 16:46:55 - INFO - __main__ - <mask> was born and raised in the suburbs of <mask>.
07/12/2022 16:46:55 - INFO - __main__ - <mask> was a member of the board of directors of the city of <mask>.
07/12/2022 16:46:55 - INFO - __main__ - <mask> has been a long-time resident of <mask>.
07/12/2022 16:46:55 - INFO - __main__ - <mask> was born and raised in the city of <mask>.
07/12/2022 16:46:55 - INFO - __main__ - <mask> began his career as a journalist in <mask>.
07/12/2022 16:46:55 - INFO - __main__ - <mask>'s father was a lawyer in <mask>.
07/12/2022 16:46:55 - INFO - __main__ - <mask>'s father was a lawyer and a judge in <mask>.
07/12/2022 16:46:55 - INFO - __main__ - <mask>'s father was a lawyer and his mother was a teacher in <mask>.
07/12/2022 16:46:55 - INFO - __main__ - <mask>'s family moved to the city of <mask>.
07/12/2022 16:46:55 - INFO - __main__ - ****************************
07/12/2022 16:46:55 - INFO - __main__ - *********References*********
07/12/2022 16:46:55 - INFO - __main__ - ['the place where <mask> died is <mask>.']
07/12/2022 16:46:55 - INFO - __main__ - ****************************
07/12/2022 16:47:46 - INFO - __main__ - ***********Input************
07/12/2022 16:47:46 - INFO - __main__ - <mask> died at <mask> BC December 20, 1959 age 85 .
07/12/2022 16:47:46 - INFO - __main__ - *********Hypothesis*********
07/12/2022 16:47:46 - INFO - __main__ - <mask> was born and raised in <mask>.
07/12/2022 16:47:46 - INFO - __main__ - <mask> was born and raised in the city of <mask>.
07/12/2022 16:47:46 - INFO - __main__ - <mask> has been a long-time resident of <mask>.
07/12/2022 16:47:46 - INFO - __main__ - <mask>'s father was a lawyer and his mother was a teacher in <mask>.
07/12/2022 16:47:46 - INFO - __main__ - <mask> was a member of the board of directors of the city of <mask>.
07/12/2022 16:47:46 - INFO - __main__ - <mask> is a former member of the band <mask>.
07/12/2022 16:47:46 - INFO - __main__ - <mask> began his career as a journalist in <mask>.
07/12/2022 16:47:46 - INFO - __main__ - <mask> is a former mayor of <mask>.
07/12/2022 16:47:46 - INFO - __main__ - <mask> was born and raised in the suburbs of <mask>.
07/12/2022 16:47:46 - INFO - __main__ - <mask>'s father was a lawyer in <mask>.
07/12/2022 16:47:46 - INFO - __main__ - ****************************
07/12/2022 16:47:46 - INFO - __main__ - *********References*********
07/12/2022 16:47:46 - INFO - __main__ - ['the place where <mask> died is <mask>.']
07/12/2022 16:47:46 - INFO - __main__ - ****************************
07/12/2022 16:48:57 - INFO - __main__ - ***********Input************
07/12/2022 16:48:57 - INFO - __main__ - Considered by some in the art world to be one of the last of the Surrealists, <mask> died in his home in <mask> on April 25, 2008, aged 99 Donati's health had been failing since involved, as a passenger, in a taxi accident in July, 2007 .
07/12/2022 16:48:57 - INFO - __main__ - *********Hypothesis*********
07/12/2022 16:48:57 - INFO - __main__ - <mask> was born and died in <mask>.
07/12/2022 16:48:57 - INFO - __main__ - <mask> was born and raised in <mask>.
07/12/2022 16:48:57 - INFO - __main__ - <mask> was born in the city of <mask>.
07/12/2022 16:48:57 - INFO - __main__ - <mask> is a native of <mask>.
07/12/2022 16:48:57 - INFO - __main__ - <mask> started his career as a journalist in <mask>.
07/12/2022 16:48:57 - INFO - __main__ - <mask> was born in <mask>.
07/12/2022 16:48:57 - INFO - __main__ - <mask>'s father was a lawyer and his mother was a teacher in <mask>.
07/12/2022 16:48:57 - INFO - __main__ - <mask> is a native of the <mask>.
07/12/2022 16:48:57 - INFO - __main__ - <mask>, a painter, was born in <mask>.
07/12/2022 16:48:57 - INFO - __main__ - <mask>'s father was a lawyer in <mask>.
07/12/2022 16:48:57 - INFO - __main__ - ****************************
07/12/2022 16:48:57 - INFO - __main__ - *********References*********
07/12/2022 16:48:57 - INFO - __main__ - ['the place where <mask> died is <mask>.']
07/12/2022 16:48:57 - INFO - __main__ - ****************************
07/12/2022 16:49:50 - INFO - __main__ - ***********Input************
07/12/2022 16:49:50 - INFO - __main__ - <mask> died of pneumonia in 1990 at his home in <mask>, California .
07/12/2022 16:49:50 - INFO - __main__ - *********Hypothesis*********
07/12/2022 16:49:50 - INFO - __main__ - <mask> was born and raised in <mask>.
07/12/2022 16:49:50 - INFO - __main__ - <mask> is a native of <mask>.
07/12/2022 16:49:50 - INFO - __main__ - <mask> was a member of the board of directors of the city of <mask>.
07/12/2022 16:49:50 - INFO - __main__ - <mask>'s family moved to the city of <mask>.
07/12/2022 16:49:50 - INFO - __main__ - <mask>'s father was a successful businessman in <mask>.
07/12/2022 16:49:50 - INFO - __main__ - <mask> was born and raised in the city of <mask>.
07/12/2022 16:49:50 - INFO - __main__ - <mask> is currently a resident of <mask>.
07/12/2022 16:49:50 - INFO - __main__ - <mask>'s family moved to <mask>.
07/12/2022 16:49:50 - INFO - __main__ - <mask> has been a resident of <mask>.
07/12/2022 16:49:50 - INFO - __main__ - <mask>'s father was a successful real estate developer in <mask>.
07/12/2022 16:49:50 - INFO - __main__ - ****************************
07/12/2022 16:49:50 - INFO - __main__ - *********References*********
07/12/2022 16:49:50 - INFO - __main__ - ['the place where <mask> died is <mask>.']
07/12/2022 16:49:50 - INFO - __main__ - ****************************
07/12/2022 16:50:45 - INFO - __main__ - ***********Input************
07/12/2022 16:50:45 - INFO - __main__ - <mask> died in 1888 in <mask>, Germany and is buried, together with his wife, Sophie in Weißensee .
07/12/2022 16:50:45 - INFO - __main__ - *********Hypothesis*********
07/12/2022 16:50:45 - INFO - __main__ - <mask> was born and died in <mask>.
07/12/2022 16:50:45 - INFO - __main__ - <mask>'s father was a lawyer in <mask>.
07/12/2022 16:50:45 - INFO - __main__ - <mask> was born in the city of <mask>.
07/12/2022 16:50:45 - INFO - __main__ - <mask>'s family moved to <mask>.
07/12/2022 16:50:45 - INFO - __main__ - <mask> was a member of the board of the city of <mask>.
07/12/2022 16:50:45 - INFO - __main__ - <mask> was born and raised in the city of <mask>.
07/12/2022 16:50:45 - INFO - __main__ - <mask> is the son of a wealthy family from <mask>.
07/12/2022 16:50:45 - INFO - __main__ - <mask> was born and raised in <mask>.
07/12/2022 16:50:45 - INFO - __main__ - <mask> had been a member of the city council of <mask>.
07/12/2022 16:50:45 - INFO - __main__ - <mask>'s father was a lawyer and his mother was a teacher in <mask>.
07/12/2022 16:50:45 - INFO - __main__ - ****************************
07/12/2022 16:50:45 - INFO - __main__ - *********References*********
07/12/2022 16:50:45 - INFO - __main__ - ['the place where <mask> died is <mask>.']
07/12/2022 16:50:45 - INFO - __main__ - ****************************
07/12/2022 16:50:45 - INFO - __main__ - Task: google-re
07/12/2022 16:50:45 - INFO - __main__ - bleu-4: 5.488766338388516e-79
07/12/2022 16:50:45 - INFO - __main__ - bleu-3: 0.035984136581262066
07/12/2022 16:50:45 - INFO - __main__ - bleu-2: 0.06991765692291294
07/12/2022 16:50:45 - INFO - __main__ - bleu-1: 0.30665716920503316
07/12/2022 16:50:45 - INFO - __main__ - METEOR: 0.2217341542357808
07/12/2022 16:50:45 - INFO - __main__ - ROUGE-L: 0.3563683576067477
07/12/2022 16:50:45 - INFO - __main__ - entailment score(mean-mean): 0.08796405032631269
07/12/2022 16:50:45 - INFO - __main__ - entailment score(mean-max): 0.5718954465041558
07/12/2022 16:50:45 - INFO - __main__ - entailment score(mean-min): 0.0006124539861048107
07/12/2022 16:50:45 - INFO - __main__ - self-BLEU-2: 0.8877188312899242
07/12/2022 16:50:45 - INFO - __main__ - avg: 0.1651102457586228
07/12/2022 16:50:45 - INFO - __main__ - *******************************************************
07/12/2022 16:50:45 - INFO - __main__ - *******************************************************
07/12/2022 16:50:45 - INFO - __main__ - *******************************************************
