07/05/2022 15:06:02 - INFO - __main__ - **************** MODEL CONFIGURATION ****************
07/05/2022 15:06:02 - INFO - __main__ - bart_training             -->   True
07/05/2022 15:06:02 - INFO - __main__ - device                    -->   4
07/05/2022 15:06:02 - INFO - __main__ - group_beam                -->   False
07/05/2022 15:06:02 - INFO - __main__ - if_then                   -->   False
07/05/2022 15:06:02 - INFO - __main__ - inductor                  -->   rule
07/05/2022 15:06:02 - INFO - __main__ - log_dir                   -->   logs_new/
07/05/2022 15:06:02 - INFO - __main__ - log_name                  -->   google+abs+dpp
07/05/2022 15:06:02 - INFO - __main__ - mlm_training              -->   True
07/05/2022 15:06:02 - INFO - __main__ - task                      -->   google-re
07/05/2022 15:06:02 - INFO - __main__ - **************** MODEL CONFIGURATION ****************
07/05/2022 15:07:58 - INFO - __main__ - ***********Input************
07/05/2022 15:07:58 - INFO - __main__ - <mask> (b. 1954 in <mask>) is a best-selling American author of romance novels .
07/05/2022 15:07:58 - INFO - __main__ - *********Hypothesis*********
07/05/2022 15:07:58 - INFO - __main__ - <mask> was born in <mask>.
07/05/2022 15:07:58 - INFO - __main__ - <mask>, professor of history, university of <mask>.
07/05/2022 15:07:58 - INFO - __main__ - <mask> is a film director and screenwriter based in <mask>.
07/05/2022 15:07:58 - INFO - __main__ - <mask> is a film director and screenwriter from <mask>.
07/05/2022 15:07:58 - INFO - __main__ - <mask> was born and died in <mask>.
07/05/2022 15:07:58 - INFO - __main__ - <mask> is a composer and conductor from <mask>.
07/05/2022 15:07:58 - INFO - __main__ - <mask>: die welt im <mask>.
07/05/2022 15:07:58 - INFO - __main__ - <mask> is a writer and artist based in <mask>.
07/05/2022 15:07:58 - INFO - __main__ - <mask> is a former professional basketball player from <mask>.
07/05/2022 15:07:58 - INFO - __main__ - <mask> was born and raised in <mask>.
07/05/2022 15:07:58 - INFO - __main__ - ****************************
07/05/2022 15:07:58 - INFO - __main__ - *********References*********
07/05/2022 15:07:58 - INFO - __main__ - ['the place where <mask> was born is <mask>.']
07/05/2022 15:07:58 - INFO - __main__ - ****************************
07/05/2022 15:08:12 - INFO - __main__ - ***********Input************
07/05/2022 15:08:12 - INFO - __main__ - <mask> (born c.<mask> Chapel Hill, North Carolina) is an American director and designer of experimental theatre from New York City .
07/05/2022 15:08:12 - INFO - __main__ - *********Hypothesis*********
07/05/2022 15:08:12 - INFO - __main__ - <mask> was born in <mask>.
07/05/2022 15:08:12 - INFO - __main__ - <mask>, a former student of <mask>.
07/05/2022 15:08:12 - INFO - __main__ - <mask> is a professor of mathematics at <mask>.
07/05/2022 15:08:12 - INFO - __main__ - <mask>, professor of history, university of <mask>.
07/05/2022 15:08:12 - INFO - __main__ - <mask> is a professor of history and political science at <mask>.
07/05/2022 15:08:12 - INFO - __main__ - <mask> is a former professional basketball player from <mask>.
07/05/2022 15:08:12 - INFO - __main__ - <mask>, a former mayor of <mask>.
07/05/2022 15:08:12 - INFO - __main__ - <mask>, chief executive, <mask>.
07/05/2022 15:08:12 - INFO - __main__ - <mask> became the director in <mask>.
07/05/2022 15:08:12 - INFO - __main__ - <mask> is a professor of history at the university of <mask>.
07/05/2022 15:08:12 - INFO - __main__ - ****************************
07/05/2022 15:08:12 - INFO - __main__ - *********References*********
07/05/2022 15:08:12 - INFO - __main__ - ['the date when <mask> was born is <mask>.']
07/05/2022 15:08:12 - INFO - __main__ - ****************************
07/05/2022 15:08:24 - INFO - __main__ - ***********Input************
07/05/2022 15:08:24 - INFO - __main__ - <mask> (born c <mask>) is a former softball player and coach .
07/05/2022 15:08:24 - INFO - __main__ - *********Hypothesis*********
07/05/2022 15:08:24 - INFO - __main__ - <mask> was born in <mask>.
07/05/2022 15:08:24 - INFO - __main__ - <mask> is a <mask>.
07/05/2022 15:08:24 - INFO - __main__ - <mask>, a lawyer, was born in <mask>.
07/05/2022 15:08:24 - INFO - __main__ - <mask> is portrayed by <mask>.
07/05/2022 15:08:24 - INFO - __main__ - <mask>, a former student of <mask>.
07/05/2022 15:08:24 - INFO - __main__ - <mask> y paz (born <mask>.
07/05/2022 15:08:24 - INFO - __main__ - <mask> is a former professional footballer who played for <mask>.
07/05/2022 15:08:24 - INFO - __main__ - <mask> "jos" (born <mask>.
07/05/2022 15:08:24 - INFO - __main__ - <mask> was born and raised in <mask>.
07/05/2022 15:08:24 - INFO - __main__ - <mask>, mayor of <mask>.
07/05/2022 15:08:24 - INFO - __main__ - ****************************
07/05/2022 15:08:24 - INFO - __main__ - *********References*********
07/05/2022 15:08:24 - INFO - __main__ - ['the date when <mask> was born is <mask>.']
07/05/2022 15:08:24 - INFO - __main__ - ****************************
07/05/2022 15:08:32 - INFO - __main__ - ***********Input************
07/05/2022 15:08:32 - INFO - __main__ - <mask> (1738--1811) was a British composer and organist born in <mask> .
07/05/2022 15:08:32 - INFO - __main__ - *********Hypothesis*********
07/05/2022 15:08:32 - INFO - __main__ - <mask>,, chief constable, city of <mask>.
07/05/2022 15:08:32 - INFO - __main__ - <mask> was a merchant and politician in <mask>.
07/05/2022 15:08:32 - INFO - __main__ - <mask> was born and died in <mask>.
07/05/2022 15:08:32 - INFO - __main__ - <mask> is a former professional footballer who played for <mask>.
07/05/2022 15:08:32 - INFO - __main__ - <mask>,, deputy chief constable, city of <mask>.
07/05/2022 15:08:32 - INFO - __main__ - <mask> (1818–1896) was a merchant and politician in <mask>.
07/05/2022 15:08:32 - INFO - __main__ - <mask>, the son of a wealthy merchant, was born in <mask>.
07/05/2022 15:08:32 - INFO - __main__ - <mask>, chief constable, city of <mask>.
07/05/2022 15:08:32 - INFO - __main__ - <mask>, chief superintendent, metropolitan police, <mask>.
07/05/2022 15:08:32 - INFO - __main__ - <mask> was born and raised in the east end of <mask>.
07/05/2022 15:08:32 - INFO - __main__ - ****************************
07/05/2022 15:08:32 - INFO - __main__ - *********References*********
07/05/2022 15:08:32 - INFO - __main__ - ['the place where <mask> was born is <mask>.']
07/05/2022 15:08:32 - INFO - __main__ - ****************************
07/05/2022 15:08:43 - INFO - __main__ - ***********Input************
07/05/2022 15:08:43 - INFO - __main__ - <mask> (b. February 11, 1955, <mask>, Tennessee - d July 2, 2007, Tiburon, California) was an American artist .
07/05/2022 15:08:43 - INFO - __main__ - *********Hypothesis*********
07/05/2022 15:08:43 - INFO - __main__ - <mask> lee, was born in <mask>.
07/05/2022 15:08:43 - INFO - __main__ - <mask> was born in <mask>.
07/05/2022 15:08:43 - INFO - __main__ - <mask> lee is is, is, of <mask>.
07/05/2022 15:08:43 - INFO - __main__ - <mask>.kath, is, of <mask>.
07/05/2022 15:08:43 - INFO - __main__ - <mask> is a former professional basketball player who played for <mask>.
07/05/2022 15:08:43 - INFO - __main__ - <mask>. is is the current mayor of <mask>.
07/05/2022 15:08:43 - INFO - __main__ - <mask>.kath lee current mayor of <mask>.
07/05/2022 15:08:43 - INFO - __main__ - <mask> was born and raised in <mask>.
07/05/2022 15:08:43 - INFO - __main__ - <mask>- is a businessman and philanthropist based in <mask>.
07/05/2022 15:08:43 - INFO - __main__ - <mask> is a former mayor of <mask>.
07/05/2022 15:08:43 - INFO - __main__ - ****************************
07/05/2022 15:08:43 - INFO - __main__ - *********References*********
07/05/2022 15:08:43 - INFO - __main__ - ['the place where <mask> was born is <mask>.']
07/05/2022 15:08:43 - INFO - __main__ - ****************************
07/05/2022 15:08:53 - INFO - __main__ - ***********Input************
07/05/2022 15:08:53 - INFO - __main__ - <mask> (c. <mask> - 25 August 1785) was a British diplomat and politician who sat in the House of Commons between 1762 and 1774 .
07/05/2022 15:08:53 - INFO - __main__ - *********Hypothesis*********
07/05/2022 15:08:53 - INFO - __main__ - <mask> was born in the village in <mask>.
07/05/2022 15:08:53 - INFO - __main__ - <mask>, a local merchant, was the owner of the house in <mask>.
07/05/2022 15:08:53 - INFO - __main__ - <mask> was the last surviving member of the family, who died in <mask>.
07/05/2022 15:08:53 - INFO - __main__ - <mask> had been a member of the council since <mask>.
07/05/2022 15:08:53 - INFO - __main__ - <mask> of st. mary's, who died in <mask>.
07/05/2022 15:08:53 - INFO - __main__ - <mask>, who was a prominent local merchant, was born in <mask>.
07/05/2022 15:08:53 - INFO - __main__ - <mask> was appointed as a justice of the peace in <mask>.
07/05/2022 15:08:53 - INFO - __main__ - <mask> (1715–1772) was born in <mask>.
07/05/2022 15:08:53 - INFO - __main__ - <mask>, a prominent local merchant, was born here in <mask>.
07/05/2022 15:08:53 - INFO - __main__ - <mask>, a local merchant, built a house on the site in <mask>.
07/05/2022 15:08:53 - INFO - __main__ - ****************************
07/05/2022 15:08:53 - INFO - __main__ - *********References*********
07/05/2022 15:08:53 - INFO - __main__ - ['the date when <mask> was born is <mask>.']
07/05/2022 15:08:53 - INFO - __main__ - ****************************
07/05/2022 15:09:17 - INFO - __main__ - ***********Input************
07/05/2022 15:09:17 - INFO - __main__ - <mask> (born December 28th, <mask>) is a United States of America Democratic political consultant and activist who has worked on six presidential campaigns, served as Policy Director for the Speaker of the House in Connecticut, and served as the National Coordinated Campaign Director for both the 1992 and 1996 Presidential campaigns of Bill Clinton .
07/05/2022 15:09:17 - INFO - __main__ - *********Hypothesis*********
07/05/2022 15:09:17 - INFO - __main__ - <mask> was born in <mask>.
07/05/2022 15:09:17 - INFO - __main__ - <mask> bock was born in <mask>.
07/05/2022 15:09:17 - INFO - __main__ - <mask> was born in the town in <mask>.
07/05/2022 15:09:17 - INFO - __main__ - <mask>: die welt des weltbücher, <mask>.
07/05/2022 15:09:17 - INFO - __main__ - <mask>, "the theory of the self", <mask>.
07/05/2022 15:09:17 - INFO - __main__ - <mask> has been a member of the editorial board since <mask>.
07/05/2022 15:09:17 - INFO - __main__ - <mask> was the last president to visit the hotel, in <mask>.
07/05/2022 15:09:17 - INFO - __main__ - <mask>, jr. was born in <mask>.
07/05/2022 15:09:17 - INFO - __main__ - <mask>, jr. was born here in <mask>.
07/05/2022 15:09:17 - INFO - __main__ - <mask> has been the editor-in-chief since <mask>.
07/05/2022 15:09:17 - INFO - __main__ - ****************************
07/05/2022 15:09:17 - INFO - __main__ - *********References*********
07/05/2022 15:09:17 - INFO - __main__ - ['the date when <mask> was born is <mask>.']
07/05/2022 15:09:17 - INFO - __main__ - ****************************
07/05/2022 15:09:31 - INFO - __main__ - ***********Input************
07/05/2022 15:09:31 - INFO - __main__ - <mask> (born <mask> in Vlorë, Albania) is a singer who at fourtheen moved to Pistoia, Italy were he remains with his parents and three brothers .
07/05/2022 15:09:31 - INFO - __main__ - *********Hypothesis*********
07/05/2022 15:09:31 - INFO - __main__ - <mask> is a feminine given name, a variant of <mask>.
07/05/2022 15:09:31 - INFO - __main__ - <mask> was born in <mask>.
07/05/2022 15:09:31 - INFO - __main__ - <mask> is the son of former prime minister <mask>.
07/05/2022 15:09:31 - INFO - __main__ - <mask> is the daughter of the late <mask>.
07/05/2022 15:09:31 - INFO - __main__ - <mask> is the capital of <mask>.
07/05/2022 15:09:31 - INFO - __main__ - <mask>'s mother was a very wealthy woman who was a close friend of <mask>.
07/05/2022 15:09:31 - INFO - __main__ - <mask> is a feminine given name, sometimes a shortened form of <mask>.
07/05/2022 15:09:31 - INFO - __main__ - <mask> was born to the family of the late <mask>.
07/05/2022 15:09:31 - INFO - __main__ - <mask> is the capital and largest city of <mask>.
07/05/2022 15:09:31 - INFO - __main__ - <mask>, who is in love with <mask>.
07/05/2022 15:09:31 - INFO - __main__ - ****************************
07/05/2022 15:09:31 - INFO - __main__ - *********References*********
07/05/2022 15:09:31 - INFO - __main__ - ['the date when <mask> was born is <mask>.']
07/05/2022 15:09:31 - INFO - __main__ - ****************************
07/05/2022 15:09:39 - INFO - __main__ - ***********Input************
07/05/2022 15:09:39 - INFO - __main__ - <mask> (born 27 September 1974, in <mask>, India) is a former Indian cricketer .
07/05/2022 15:09:39 - INFO - __main__ - *********Hypothesis*********
07/05/2022 15:09:39 - INFO - __main__ - <mask> was born in <mask>.
07/05/2022 15:09:39 - INFO - __main__ - <mask> was born and brought up in <mask>.
07/05/2022 15:09:39 - INFO - __main__ - <mask> is a film director from <mask>.
07/05/2022 15:09:39 - INFO - __main__ - <mask> kumar was born in <mask>.
07/05/2022 15:09:39 - INFO - __main__ - <mask> is a young man from <mask>.
07/05/2022 15:09:39 - INFO - __main__ - <mask> is a young man who lives in <mask>.
07/05/2022 15:09:39 - INFO - __main__ - <mask> was born in a <mask>.
07/05/2022 15:09:39 - INFO - __main__ - <mask>, the son of a rich businessman, lives in <mask>.
07/05/2022 15:09:39 - INFO - __main__ - <mask> is an actor from <mask>.
07/05/2022 15:09:39 - INFO - __main__ - <mask> started his career as a journalist in <mask>.
07/05/2022 15:09:39 - INFO - __main__ - ****************************
07/05/2022 15:09:39 - INFO - __main__ - *********References*********
07/05/2022 15:09:39 - INFO - __main__ - ['the place where <mask> was born is <mask>.']
07/05/2022 15:09:39 - INFO - __main__ - ****************************
07/05/2022 15:09:48 - INFO - __main__ - ***********Input************
07/05/2022 15:09:48 - INFO - __main__ - <mask> (1806-1867) was an American physician, born in <mask>, Massachusetts .
07/05/2022 15:09:48 - INFO - __main__ - *********Hypothesis*********
07/05/2022 15:09:48 - INFO - __main__ - <mask> was born in <mask>.
07/05/2022 15:09:48 - INFO - __main__ - <mask>, a prominent local businessman, was born in <mask>.
07/05/2022 15:09:48 - INFO - __main__ - <mask> o, a prominent local businessman, was born in <mask>.
07/05/2022 15:09:48 - INFO - __main__ - <mask> was born and raised in <mask>.
07/05/2022 15:09:48 - INFO - __main__ - <mask> o was born in <mask>.
07/05/2022 15:09:48 - INFO - __main__ - <mask> o'john o, of <mask>.
07/05/2022 15:09:48 - INFO - __main__ - <mask> o'’connell, of <mask>.
07/05/2022 15:09:48 - INFO - __main__ - <mask>' was born in <mask>.
07/05/2022 15:09:48 - INFO - __main__ - <mask> (1787–1865), who died in <mask>.
07/05/2022 15:09:48 - INFO - __main__ - <mask> is a former professional rugby league footballer who played for <mask>.
07/05/2022 15:09:48 - INFO - __main__ - ****************************
07/05/2022 15:09:48 - INFO - __main__ - *********References*********
07/05/2022 15:09:48 - INFO - __main__ - ['the place where <mask> was born is <mask>.']
07/05/2022 15:09:48 - INFO - __main__ - ****************************
07/05/2022 15:09:56 - INFO - __main__ - ***********Input************
07/05/2022 15:09:56 - INFO - __main__ - A Conservative, the Honourable <mask> served until his death in 1871 in <mask>, Ontario .
07/05/2022 15:09:56 - INFO - __main__ - *********Hypothesis*********
07/05/2022 15:09:56 - INFO - __main__ - <mask>'s was the only one of the original members to remain in <mask>.
07/05/2022 15:09:56 - INFO - __main__ - <mask> was then moved to the city of <mask>.
07/05/2022 15:09:56 - INFO - __main__ - <mask>'s family was involved in the lumber industry in <mask>.
07/05/2022 15:09:56 - INFO - __main__ - <mask> then moved to the city of <mask>.
07/05/2022 15:09:56 - INFO - __main__ - <mask> was born and raised in the suburbs of <mask>.
07/05/2022 15:09:56 - INFO - __main__ - <mask>. was a former alderman of <mask>.
07/05/2022 15:09:56 - INFO - __main__ - <mask> was later made a life-long resident of <mask>.
07/05/2022 15:09:56 - INFO - __main__ - <mask>'s father was a lawyer and a prominent lawyer in <mask>.
07/05/2022 15:09:56 - INFO - __main__ - <mask>. a. alderman of <mask>.
07/05/2022 15:09:56 - INFO - __main__ - <mask> and his wife were both born in <mask>.
07/05/2022 15:09:56 - INFO - __main__ - ****************************
07/05/2022 15:09:56 - INFO - __main__ - *********References*********
07/05/2022 15:09:56 - INFO - __main__ - ['the place where <mask> died is <mask>.']
07/05/2022 15:09:56 - INFO - __main__ - ****************************
07/05/2022 15:10:03 - INFO - __main__ - ***********Input************
07/05/2022 15:10:03 - INFO - __main__ - <mask> died at <mask> BC December 20, 1959 age 85 .
07/05/2022 15:10:03 - INFO - __main__ - *********Hypothesis*********
07/05/2022 15:10:03 - INFO - __main__ - <mask> was a member of the board of directors of the city of <mask>.
07/05/2022 15:10:03 - INFO - __main__ - <mask> was born and raised in the city of <mask>.
07/05/2022 15:10:03 - INFO - __main__ - <mask> was born and raised in <mask>.
07/05/2022 15:10:03 - INFO - __main__ - <mask> began his career as a journalist in <mask>.
07/05/2022 15:10:03 - INFO - __main__ - <mask>'s father was a lawyer and his mother was a teacher in <mask>.
07/05/2022 15:10:03 - INFO - __main__ - <mask> has been a long-time resident of <mask>.
07/05/2022 15:10:03 - INFO - __main__ - <mask> was born and raised in the suburbs of <mask>.
07/05/2022 15:10:03 - INFO - __main__ - <mask>' father was a lawyer, and his mother was a teacher in <mask>.
07/05/2022 15:10:03 - INFO - __main__ - <mask> is currently a freelance writer and lives in <mask>.
07/05/2022 15:10:03 - INFO - __main__ - <mask> has been involved in a number of community organizations in <mask>.
07/05/2022 15:10:03 - INFO - __main__ - ****************************
07/05/2022 15:10:03 - INFO - __main__ - *********References*********
07/05/2022 15:10:03 - INFO - __main__ - ['the place where <mask> died is <mask>.']
07/05/2022 15:10:03 - INFO - __main__ - ****************************
07/05/2022 15:10:20 - INFO - __main__ - ***********Input************
07/05/2022 15:10:20 - INFO - __main__ - Considered by some in the art world to be one of the last of the Surrealists, <mask> died in his home in <mask> on April 25, 2008, aged 99 Donati's health had been failing since involved, as a passenger, in a taxi accident in July, 2007 .
07/05/2022 15:10:20 - INFO - __main__ - *********Hypothesis*********
07/05/2022 15:10:20 - INFO - __main__ - <mask> was born and died in <mask>.
07/05/2022 15:10:20 - INFO - __main__ - <mask> was born in the city of <mask>.
07/05/2022 15:10:20 - INFO - __main__ - <mask> is a native of the city of <mask>.
07/05/2022 15:10:20 - INFO - __main__ - <mask> was born and raised in <mask>.
07/05/2022 15:10:20 - INFO - __main__ - <mask> is a native of <mask>.
07/05/2022 15:10:20 - INFO - __main__ - <mask> began his career as an assistant at the accademia di belle arti in <mask>.
07/05/2022 15:10:20 - INFO - __main__ - <mask>'s father was a lawyer and his mother was a teacher in a school in <mask>.
07/05/2022 15:10:20 - INFO - __main__ - <mask>'s father was a lawyer in <mask>.
07/05/2022 15:10:20 - INFO - __main__ - <mask> started his career as a journalist in <mask>.
07/05/2022 15:10:20 - INFO - __main__ - <mask>'s work was not confined to <mask>.
07/05/2022 15:10:20 - INFO - __main__ - ****************************
07/05/2022 15:10:20 - INFO - __main__ - *********References*********
07/05/2022 15:10:20 - INFO - __main__ - ['the place where <mask> died is <mask>.']
07/05/2022 15:10:20 - INFO - __main__ - ****************************
07/05/2022 15:10:28 - INFO - __main__ - ***********Input************
07/05/2022 15:10:28 - INFO - __main__ - <mask> died of pneumonia in 1990 at his home in <mask>, California .
07/05/2022 15:10:28 - INFO - __main__ - *********Hypothesis*********
07/05/2022 15:10:28 - INFO - __main__ - <mask> was born and raised in <mask>.
07/05/2022 15:10:28 - INFO - __main__ - <mask>.’s work has been exhibited in <mask>.
07/05/2022 15:10:28 - INFO - __main__ - <mask>'s is a private, non-profit organization based in <mask>.
07/05/2022 15:10:28 - INFO - __main__ - <mask> is a native of <mask>.
07/05/2022 15:10:28 - INFO - __main__ - <mask>.” the film was shot in <mask>.
07/05/2022 15:10:28 - INFO - __main__ - <mask> began his career as a session musician in <mask>.
07/05/2022 15:10:28 - INFO - __main__ - <mask>'s father was a successful real estate broker in <mask>.
07/05/2022 15:10:28 - INFO - __main__ - <mask> was born and raised in the suburbs of <mask>.
07/05/2022 15:10:28 - INFO - __main__ - <mask>’s work has been exhibited in <mask>.
07/05/2022 15:10:28 - INFO - __main__ - <mask> is a private, non-profit organization based in <mask>.
07/05/2022 15:10:28 - INFO - __main__ - ****************************
07/05/2022 15:10:28 - INFO - __main__ - *********References*********
07/05/2022 15:10:28 - INFO - __main__ - ['the place where <mask> died is <mask>.']
07/05/2022 15:10:28 - INFO - __main__ - ****************************
07/05/2022 15:10:37 - INFO - __main__ - ***********Input************
07/05/2022 15:10:37 - INFO - __main__ - <mask> died in 1888 in <mask>, Germany and is buried, together with his wife, Sophie in Weißensee .
07/05/2022 15:10:37 - INFO - __main__ - *********Hypothesis*********
07/05/2022 15:10:37 - INFO - __main__ - <mask> was born and died in <mask>.
07/05/2022 15:10:37 - INFO - __main__ - <mask> was born and raised in <mask>.
07/05/2022 15:10:37 - INFO - __main__ - <mask> is a native of <mask>.
07/05/2022 15:10:37 - INFO - __main__ - <mask>'s father was a lawyer in <mask>.
07/05/2022 15:10:37 - INFO - __main__ - <mask> was born in the city of <mask>.
07/05/2022 15:10:37 - INFO - __main__ - <mask>mann was born and died in <mask>.
07/05/2022 15:10:37 - INFO - __main__ - <mask> was born in <mask>.
07/05/2022 15:10:37 - INFO - __main__ - <mask>'s father was a teacher in <mask>.
07/05/2022 15:10:37 - INFO - __main__ - <mask>'s father was a lawyer and his mother was a teacher in <mask>.
07/05/2022 15:10:37 - INFO - __main__ - <mask> was born and raised in the city of <mask>.
07/05/2022 15:10:37 - INFO - __main__ - ****************************
07/05/2022 15:10:37 - INFO - __main__ - *********References*********
07/05/2022 15:10:37 - INFO - __main__ - ['the place where <mask> died is <mask>.']
07/05/2022 15:10:37 - INFO - __main__ - ****************************
07/05/2022 15:10:37 - INFO - __main__ - Task: google-re
07/05/2022 15:10:37 - INFO - __main__ - bleu-4: 5.861505803935562e-79
07/05/2022 15:10:37 - INFO - __main__ - bleu-3: 0.03765107062884312
07/05/2022 15:10:37 - INFO - __main__ - bleu-2: 0.07474546282670824
07/05/2022 15:10:37 - INFO - __main__ - bleu-1: 0.29923597813295905
07/05/2022 15:10:37 - INFO - __main__ - METEOR: 0.2198720485307518
07/05/2022 15:10:37 - INFO - __main__ - ROUGE-L: 0.3591450342431632
07/05/2022 15:10:37 - INFO - __main__ - entailment score(mean-mean): 0.10597484902743114
07/05/2022 15:10:37 - INFO - __main__ - entailment score(mean-max): 0.5453095244864623
07/05/2022 15:10:37 - INFO - __main__ - entailment score(mean-min): 0.0007643331390378686
07/05/2022 15:10:37 - INFO - __main__ - self-BLEU-2: 0.8819352465796874
07/05/2022 15:10:37 - INFO - __main__ - avg: 0.1651082657270709
07/05/2022 15:10:37 - INFO - __main__ - *******************************************************
07/05/2022 15:10:37 - INFO - __main__ - *******************************************************
07/05/2022 15:10:37 - INFO - __main__ - *******************************************************
