07/15/2022 11:04:54 - INFO - __main__ - **************** MODEL CONFIGURATION ****************
07/15/2022 11:04:54 - INFO - __main__ - bart_training             -->   True
07/15/2022 11:04:54 - INFO - __main__ - device                    -->   6
07/15/2022 11:04:54 - INFO - __main__ - group_beam                -->   True
07/15/2022 11:04:54 - INFO - __main__ - if_then                   -->   False
07/15/2022 11:04:54 - INFO - __main__ - inductor                  -->   rule
07/15/2022 11:04:54 - INFO - __main__ - log_dir                   -->   logs_new/
07/15/2022 11:04:54 - INFO - __main__ - log_name                  -->   google-k5+bgb+dpp
07/15/2022 11:04:54 - INFO - __main__ - mlm_training              -->   True
07/15/2022 11:04:54 - INFO - __main__ - task                      -->   google-re
07/15/2022 11:04:54 - INFO - __main__ - **************** MODEL CONFIGURATION ****************
07/15/2022 11:07:05 - INFO - __main__ - ***********Input************
07/15/2022 11:07:05 - INFO - __main__ - <mask> (b. 1954 in <mask>) is a best-selling American author of romance novels .
07/15/2022 11:07:05 - INFO - __main__ - *********Hypothesis*********
07/15/2022 11:07:05 - INFO - __main__ - <mask> was born in <mask>.
07/15/2022 11:07:05 - INFO - __main__ - <mask> was a young woman from <mask>.
07/15/2022 11:07:05 - INFO - __main__ - <mask> had been born in <mask>.
07/15/2022 11:07:05 - INFO - __main__ - <mask>, the mayor of <mask>.
07/15/2022 11:07:05 - INFO - __main__ - <mask>, the head of the security department, was in <mask>.
07/15/2022 11:07:05 - INFO - __main__ - <mask>, a lawyer from <mask>.
07/15/2022 11:07:05 - INFO - __main__ - <mask> was a young man from <mask>.
07/15/2022 11:07:05 - INFO - __main__ - <mask> is a lawyer in <mask>.
07/15/2022 11:07:05 - INFO - __main__ - <mask> : i'm in <mask>.
07/15/2022 11:07:05 - INFO - __main__ - <mask> was a native of <mask>.
07/15/2022 11:07:05 - INFO - __main__ - ****************************
07/15/2022 11:07:05 - INFO - __main__ - *********References*********
07/15/2022 11:07:05 - INFO - __main__ - ['the place where <mask> was born is <mask>.']
07/15/2022 11:07:05 - INFO - __main__ - ****************************
07/15/2022 11:07:55 - INFO - __main__ - ***********Input************
07/15/2022 11:07:55 - INFO - __main__ - <mask> (born c.<mask> Chapel Hill, North Carolina) is an American director and designer of experimental theatre from New York City .
07/15/2022 11:07:55 - INFO - __main__ - *********Hypothesis*********
07/15/2022 11:07:55 - INFO - __main__ - <mask> had been born on <mask>.
07/15/2022 11:07:55 - INFO - __main__ - <mask> was a young woman who lived in a <mask>.
07/15/2022 11:07:55 - INFO - __main__ - <mask> was a young woman who lived in <mask>.
07/15/2022 11:07:55 - INFO - __main__ - <mask> was a priest at <mask>.
07/15/2022 11:07:55 - INFO - __main__ - <mask>, the pastor of <mask>.
07/15/2022 11:07:55 - INFO - __main__ - <mask>, the chapel of <mask>.
07/15/2022 11:07:55 - INFO - __main__ - <mask>, the bock-mock, <mask>.
07/15/2022 11:07:55 - INFO - __main__ - <mask>, a car-m,, <mask>.
07/15/2022 11:07:55 - INFO - __main__ - <mask> was born in <mask>.
07/15/2022 11:07:55 - INFO - __main__ - <mask> had been a student at <mask>.
07/15/2022 11:07:55 - INFO - __main__ - ****************************
07/15/2022 11:07:55 - INFO - __main__ - *********References*********
07/15/2022 11:07:55 - INFO - __main__ - ['the date when <mask> was born is <mask>.']
07/15/2022 11:07:55 - INFO - __main__ - ****************************
07/15/2022 11:08:55 - INFO - __main__ - ***********Input************
07/15/2022 11:08:55 - INFO - __main__ - <mask> (born c <mask>) is a former softball player and coach .
07/15/2022 11:08:55 - INFO - __main__ - *********Hypothesis*********
07/15/2022 11:08:55 - INFO - __main__ - <mask>, the maría <mask>.
07/15/2022 11:08:55 - INFO - __main__ - <mask>, married to <mask>.
07/15/2022 11:08:55 - INFO - __main__ - <mask> is a <mask>.
07/15/2022 11:08:55 - INFO - __main__ - <mask>, who was a friend of <mask>.
07/15/2022 11:08:55 - INFO - __main__ - <mask>, a woman from <mask>.
07/15/2022 11:08:55 - INFO - __main__ - <mask> was born in <mask>.
07/15/2022 11:08:55 - INFO - __main__ - <mask>, a. a. <mask>.
07/15/2022 11:08:55 - INFO - __main__ - <mask>, a friend of <mask>.
07/15/2022 11:08:55 - INFO - __main__ - <mask> y el <mask>.
07/15/2022 11:08:55 - INFO - __main__ - <mask> was a friend of <mask>.
07/15/2022 11:08:55 - INFO - __main__ - ****************************
07/15/2022 11:08:55 - INFO - __main__ - *********References*********
07/15/2022 11:08:55 - INFO - __main__ - ['the date when <mask> was born is <mask>.']
07/15/2022 11:08:55 - INFO - __main__ - ****************************
07/15/2022 11:09:34 - INFO - __main__ - ***********Input************
07/15/2022 11:09:34 - INFO - __main__ - <mask> (1738--1811) was a British composer and organist born in <mask> .
07/15/2022 11:09:34 - INFO - __main__ - *********Hypothesis*********
07/15/2022 11:09:34 - INFO - __main__ - <mask>, the head of the department of the interior, was in <mask>.
07/15/2022 11:09:34 - INFO - __main__ - <mask> was a man who had been born in <mask>.
07/15/2022 11:09:34 - INFO - __main__ - <mask> was born in <mask>.
07/15/2022 11:09:34 - INFO - __main__ - <mask>, the man who had been the one to bring me to <mask>.
07/15/2022 11:09:34 - INFO - __main__ - <mask> was a very good friend of <mask>.
07/15/2022 11:09:34 - INFO - __main__ - <mask> had been born in <mask>.
07/15/2022 11:09:34 - INFO - __main__ - <mask> had been a friend of <mask>.
07/15/2022 11:09:34 - INFO - __main__ - <mask>, the mayor of <mask>.
07/15/2022 11:09:34 - INFO - __main__ - <mask>, the head of the security department, was a man from <mask>.
07/15/2022 11:09:34 - INFO - __main__ - <mask> was a young man from <mask>.
07/15/2022 11:09:34 - INFO - __main__ - ****************************
07/15/2022 11:09:34 - INFO - __main__ - *********References*********
07/15/2022 11:09:34 - INFO - __main__ - ['the place where <mask> was born is <mask>.']
07/15/2022 11:09:34 - INFO - __main__ - ****************************
07/15/2022 11:10:35 - INFO - __main__ - ***********Input************
07/15/2022 11:10:35 - INFO - __main__ - <mask> (b. February 11, 1955, <mask>, Tennessee - d July 2, 2007, Tiburon, California) was an American artist .
07/15/2022 11:10:35 - INFO - __main__ - *********Hypothesis*********
07/15/2022 11:10:35 - INFO - __main__ - <mask> was a young man from <mask>.
07/15/2022 11:10:35 - INFO - __main__ - <mask>, the daughter of the mayor of <mask>.
07/15/2022 11:10:35 - INFO - __main__ - <mask> is a lawyer in <mask>.
07/15/2022 11:10:35 - INFO - __main__ - <mask> was a native of <mask>.
07/15/2022 11:10:35 - INFO - __main__ - <mask> was a lawyer in <mask>.
07/15/2022 11:10:35 - INFO - __main__ - <mask>, the mayor of <mask>.
07/15/2022 11:10:35 - INFO - __main__ - <mask> was born in <mask>.
07/15/2022 11:10:35 - INFO - __main__ - <mask> is a native of <mask>.
07/15/2022 11:10:35 - INFO - __main__ - <mask> had been a member of the council of <mask>.
07/15/2022 11:10:35 - INFO - __main__ - <mask>, a professor of history at <mask>.
07/15/2022 11:10:35 - INFO - __main__ - ****************************
07/15/2022 11:10:35 - INFO - __main__ - *********References*********
07/15/2022 11:10:35 - INFO - __main__ - ['the place where <mask> was born is <mask>.']
07/15/2022 11:10:35 - INFO - __main__ - ****************************
07/15/2022 11:11:30 - INFO - __main__ - ***********Input************
07/15/2022 11:11:30 - INFO - __main__ - <mask> (c. <mask> - 25 August 1785) was a British diplomat and politician who sat in the House of Commons between 1762 and 1774 .
07/15/2022 11:11:30 - INFO - __main__ - *********Hypothesis*********
07/15/2022 11:11:30 - INFO - __main__ - <mask>, a young man who had been a friend of the family since <mask>.
07/15/2022 11:11:30 - INFO - __main__ - <mask> was born in the city of england in <mask>.
07/15/2022 11:11:30 - INFO - __main__ - <mask> and his family had been living in the house since <mask>.
07/15/2022 11:11:30 - INFO - __main__ - <mask> was born in <mask>.
07/15/2022 11:11:30 - INFO - __main__ - <mask>, who had been a friend of the family since <mask>.
07/15/2022 11:11:30 - INFO - __main__ - <mask> was born in england in <mask>.
07/15/2022 11:11:30 - INFO - __main__ - <mask> had been born in <mask>.
07/15/2022 11:11:30 - INFO - __main__ - <mask> had been a member of the family since <mask>.
07/15/2022 11:11:30 - INFO - __main__ - <mask> and his wife had been married since <mask>.
07/15/2022 11:11:30 - INFO - __main__ - <mask>, a young man, had been born in <mask>.
07/15/2022 11:11:30 - INFO - __main__ - ****************************
07/15/2022 11:11:30 - INFO - __main__ - *********References*********
07/15/2022 11:11:30 - INFO - __main__ - ['the date when <mask> was born is <mask>.']
07/15/2022 11:11:30 - INFO - __main__ - ****************************
07/15/2022 11:12:26 - INFO - __main__ - ***********Input************
07/15/2022 11:12:26 - INFO - __main__ - <mask> (born December 28th, <mask>) is a United States of America Democratic political consultant and activist who has worked on six presidential campaigns, served as Policy Director for the Speaker of the House in Connecticut, and served as the National Coordinated Campaign Director for both the 1992 and 1996 Presidential campaigns of Bill Clinton .
07/15/2022 11:12:26 - INFO - __main__ - *********Hypothesis*********
07/15/2022 11:12:26 - INFO - __main__ - <mask>, the last of the original members, died in <mask>.
07/15/2022 11:12:26 - INFO - __main__ - <mask> had been a member of the group since <mask>.
07/15/2022 11:12:26 - INFO - __main__ - <mask>, born in <mask>.
07/15/2022 11:12:26 - INFO - __main__ - <mask> had been a member of the council since <mask>.
07/15/2022 11:12:26 - INFO - __main__ - <mask> was born in <mask>.
07/15/2022 11:12:26 - INFO - __main__ - <mask> had been a friend since <mask>.
07/15/2022 11:12:26 - INFO - __main__ - <mask> died in <mask>.
07/15/2022 11:12:26 - INFO - __main__ - <mask> and his wife had been married since <mask>.
07/15/2022 11:12:26 - INFO - __main__ - <mask>, who had been a member of the group since <mask>.
07/15/2022 11:12:26 - INFO - __main__ - <mask> : die bocken in <mask>.
07/15/2022 11:12:26 - INFO - __main__ - ****************************
07/15/2022 11:12:26 - INFO - __main__ - *********References*********
07/15/2022 11:12:26 - INFO - __main__ - ['the date when <mask> was born is <mask>.']
07/15/2022 11:12:26 - INFO - __main__ - ****************************
07/15/2022 11:13:22 - INFO - __main__ - ***********Input************
07/15/2022 11:13:22 - INFO - __main__ - <mask> (born <mask> in Vlorë, Albania) is a singer who at fourtheen moved to Pistoia, Italy were he remains with his parents and three brothers .
07/15/2022 11:13:22 - INFO - __main__ - *********Hypothesis*********
07/15/2022 11:13:22 - INFO - __main__ - <mask> is a surname originating from <mask>.
07/15/2022 11:13:22 - INFO - __main__ - <mask>, i am the mayor of <mask>.
07/15/2022 11:13:22 - INFO - __main__ - <mask> was the capital of <mask>.
07/15/2022 11:13:22 - INFO - __main__ - <mask> : udobnji u <mask>.
07/15/2022 11:13:22 - INFO - __main__ - <mask> is a variant of <mask>.
07/15/2022 11:13:22 - INFO - __main__ - <mask> was the son of <mask>.
07/15/2022 11:13:22 - INFO - __main__ - <mask> was born in <mask>.
07/15/2022 11:13:22 - INFO - __main__ - <mask> is a surname of <mask>.
07/15/2022 11:13:22 - INFO - __main__ - <mask> is a member of <mask>.
07/15/2022 11:13:22 - INFO - __main__ - <mask> is a younger brother of <mask>.
07/15/2022 11:13:22 - INFO - __main__ - ****************************
07/15/2022 11:13:22 - INFO - __main__ - *********References*********
07/15/2022 11:13:22 - INFO - __main__ - ['the date when <mask> was born is <mask>.']
07/15/2022 11:13:22 - INFO - __main__ - ****************************
07/15/2022 11:14:16 - INFO - __main__ - ***********Input************
07/15/2022 11:14:16 - INFO - __main__ - <mask> (born 27 September 1974, in <mask>, India) is a former Indian cricketer .
07/15/2022 11:14:16 - INFO - __main__ - *********Hypothesis*********
07/15/2022 11:14:16 - INFO - __main__ - <mask>, a young man from <mask>.
07/15/2022 11:14:16 - INFO - __main__ - <mask>, a lawyer, was born in <mask>.
07/15/2022 11:14:16 - INFO - __main__ - <mask>, the chief minister of the state, was in <mask>.
07/15/2022 11:14:16 - INFO - __main__ - <mask> is a lawyer in <mask>.
07/15/2022 11:14:16 - INFO - __main__ - <mask>, the head of the security department, was in <mask>.
07/15/2022 11:14:16 - INFO - __main__ - <mask>, the director of the institute, was in <mask>.
07/15/2022 11:14:16 - INFO - __main__ - <mask> was born in <mask>.
07/15/2022 11:14:16 - INFO - __main__ - <mask> was a young man from <mask>.
07/15/2022 11:14:16 - INFO - __main__ - <mask> had been born in <mask>.
07/15/2022 11:14:16 - INFO - __main__ - <mask> is a very famous actor in <mask>.
07/15/2022 11:14:16 - INFO - __main__ - ****************************
07/15/2022 11:14:16 - INFO - __main__ - *********References*********
07/15/2022 11:14:16 - INFO - __main__ - ['the place where <mask> was born is <mask>.']
07/15/2022 11:14:16 - INFO - __main__ - ****************************
07/15/2022 11:15:12 - INFO - __main__ - ***********Input************
07/15/2022 11:15:12 - INFO - __main__ - <mask> (1806-1867) was an American physician, born in <mask>, Massachusetts .
07/15/2022 11:15:12 - INFO - __main__ - *********Hypothesis*********
07/15/2022 11:15:12 - INFO - __main__ - <mask>, the mayor of <mask>.
07/15/2022 11:15:12 - INFO - __main__ - <mask> was born in <mask>.
07/15/2022 11:15:12 - INFO - __main__ - <mask> was a native of <mask>.
07/15/2022 11:15:12 - INFO - __main__ - <mask> is a young man from <mask>.
07/15/2022 11:15:12 - INFO - __main__ - <mask>, the chief of the police, was a native of <mask>.
07/15/2022 11:15:12 - INFO - __main__ - <mask> was a young man from <mask>.
07/15/2022 11:15:12 - INFO - __main__ - <mask> was a man of great wealth and power in <mask>.
07/15/2022 11:15:12 - INFO - __main__ - <mask> had been born in <mask>.
07/15/2022 11:15:12 - INFO - __main__ - <mask> had been a friend of <mask>.
07/15/2022 11:15:12 - INFO - __main__ - <mask> was a man who had been born in <mask>.
07/15/2022 11:15:12 - INFO - __main__ - ****************************
07/15/2022 11:15:12 - INFO - __main__ - *********References*********
07/15/2022 11:15:12 - INFO - __main__ - ['the place where <mask> was born is <mask>.']
07/15/2022 11:15:12 - INFO - __main__ - ****************************
07/15/2022 11:16:06 - INFO - __main__ - ***********Input************
07/15/2022 11:16:06 - INFO - __main__ - A Conservative, the Honourable <mask> served until his death in 1871 in <mask>, Ontario .
07/15/2022 11:16:06 - INFO - __main__ - *********Hypothesis*********
07/15/2022 11:16:06 - INFO - __main__ - <mask>, i am the lord mayor <mask>.
07/15/2022 11:16:06 - INFO - __main__ - <mask>, the lord of <mask>.
07/15/2022 11:16:06 - INFO - __main__ - <mask>, you are a very good friend of <mask>.
07/15/2022 11:16:06 - INFO - __main__ - <mask>, the lord mayor of <mask>.
07/15/2022 11:16:06 - INFO - __main__ - <mask>, the governor of <mask>.
07/15/2022 11:16:06 - INFO - __main__ - <mask>, i am the mayor of <mask>.
07/15/2022 11:16:06 - INFO - __main__ - <mask>, i am from <mask>.
07/15/2022 11:16:06 - INFO - __main__ - <mask> was born in <mask>.
07/15/2022 11:16:06 - INFO - __main__ - <mask>, i am the lord mayor of <mask>.
07/15/2022 11:16:06 - INFO - __main__ - <mask>, i am the governor of <mask>.
07/15/2022 11:16:06 - INFO - __main__ - ****************************
07/15/2022 11:16:06 - INFO - __main__ - *********References*********
07/15/2022 11:16:06 - INFO - __main__ - ['the place where <mask> died is <mask>.']
07/15/2022 11:16:06 - INFO - __main__ - ****************************
07/15/2022 11:16:52 - INFO - __main__ - ***********Input************
07/15/2022 11:16:52 - INFO - __main__ - <mask> died at <mask> BC December 20, 1959 age 85 .
07/15/2022 11:16:52 - INFO - __main__ - *********Hypothesis*********
07/15/2022 11:16:52 - INFO - __main__ - <mask>'s office was in <mask>.
07/15/2022 11:16:52 - INFO - __main__ - <mask>'s name was <mask>.
07/15/2022 11:16:52 - INFO - __main__ - <mask> was born in <mask>.
07/15/2022 11:16:52 - INFO - __main__ - <mask> had been born in <mask>.
07/15/2022 11:16:52 - INFO - __main__ - <mask> and i were in <mask>.
07/15/2022 11:16:52 - INFO - __main__ - <mask> is a young man who lives in <mask>.
07/15/2022 11:16:52 - INFO - __main__ - <mask>'s family had moved to <mask>.
07/15/2022 11:16:52 - INFO - __main__ - <mask> was in <mask>.
07/15/2022 11:16:52 - INFO - __main__ - <mask> is a native of <mask>.
07/15/2022 11:16:52 - INFO - __main__ - <mask> had been a young man in <mask>.
07/15/2022 11:16:52 - INFO - __main__ - ****************************
07/15/2022 11:16:52 - INFO - __main__ - *********References*********
07/15/2022 11:16:52 - INFO - __main__ - ['the place where <mask> died is <mask>.']
07/15/2022 11:16:52 - INFO - __main__ - ****************************
07/15/2022 11:17:51 - INFO - __main__ - ***********Input************
07/15/2022 11:17:51 - INFO - __main__ - Considered by some in the art world to be one of the last of the Surrealists, <mask> died in his home in <mask> on April 25, 2008, aged 99 Donati's health had been failing since involved, as a passenger, in a taxi accident in July, 2007 .
07/15/2022 11:17:51 - INFO - __main__ - *********Hypothesis*********
07/15/2022 11:17:51 - INFO - __main__ - <mask>, i'm sorry, i <mask>.
07/15/2022 11:17:51 - INFO - __main__ - <mask>, i'm going to take <mask>.
07/15/2022 11:17:51 - INFO - __main__ - <mask>, i'm from <mask>.
07/15/2022 11:17:51 - INFO - __main__ - <mask>'s eyes were fixed on <mask>.
07/15/2022 11:17:51 - INFO - __main__ - <mask> wasn't sure what he was doing in <mask>.
07/15/2022 11:17:51 - INFO - __main__ - <mask> was a young man from <mask>.
07/15/2022 11:17:51 - INFO - __main__ - <mask> was a native of <mask>.
07/15/2022 11:17:51 - INFO - __main__ - <mask> had been born in <mask>.
07/15/2022 11:17:51 - INFO - __main__ - <mask>, the mayor of <mask>.
07/15/2022 11:17:51 - INFO - __main__ - <mask> was born in <mask>.
07/15/2022 11:17:51 - INFO - __main__ - ****************************
07/15/2022 11:17:51 - INFO - __main__ - *********References*********
07/15/2022 11:17:51 - INFO - __main__ - ['the place where <mask> died is <mask>.']
07/15/2022 11:17:51 - INFO - __main__ - ****************************
07/15/2022 11:18:32 - INFO - __main__ - ***********Input************
07/15/2022 11:18:32 - INFO - __main__ - <mask> died of pneumonia in 1990 at his home in <mask>, California .
07/15/2022 11:18:32 - INFO - __main__ - *********Hypothesis*********
07/15/2022 11:18:32 - INFO - __main__ - <mask>'s eyes were wide as he stared at <mask>.
07/15/2022 11:18:32 - INFO - __main__ - <mask> was a native of <mask>.
07/15/2022 11:18:32 - INFO - __main__ - <mask> had been a friend of <mask>.
07/15/2022 11:18:32 - INFO - __main__ - <mask> had been a member of <mask>.
07/15/2022 11:18:32 - INFO - __main__ - <mask>, the leader of <mask>.
07/15/2022 11:18:32 - INFO - __main__ - <mask>, i'm going to <mask>.
07/15/2022 11:18:32 - INFO - __main__ - <mask> had been a cop in <mask>.
07/15/2022 11:18:32 - INFO - __main__ - <mask> and i were in <mask>.
07/15/2022 11:18:32 - INFO - __main__ - <mask>'s eyes were wide as he stared at the man in <mask>.
07/15/2022 11:18:32 - INFO - __main__ - <mask> was a man of the people, a man who had been raised in <mask>.
07/15/2022 11:18:32 - INFO - __main__ - ****************************
07/15/2022 11:18:32 - INFO - __main__ - *********References*********
07/15/2022 11:18:32 - INFO - __main__ - ['the place where <mask> died is <mask>.']
07/15/2022 11:18:32 - INFO - __main__ - ****************************
07/15/2022 11:19:11 - INFO - __main__ - ***********Input************
07/15/2022 11:19:11 - INFO - __main__ - <mask> died in 1888 in <mask>, Germany and is buried, together with his wife, Sophie in Weißensee .
07/15/2022 11:19:11 - INFO - __main__ - *********Hypothesis*********
07/15/2022 11:19:11 - INFO - __main__ - <mask>, i'm going to <mask>.
07/15/2022 11:19:11 - INFO - __main__ - <mask>'s father was a lawyer in <mask>.
07/15/2022 11:19:11 - INFO - __main__ - <mask> wasn't sure what he was doing in <mask>.
07/15/2022 11:19:11 - INFO - __main__ - <mask> had been a student at the university of <mask>.
07/15/2022 11:19:11 - INFO - __main__ - <mask> was a professor of mathematics at the university of <mask>.
07/15/2022 11:19:11 - INFO - __main__ - <mask> was born in <mask>.
07/15/2022 11:19:11 - INFO - __main__ - <mask> was born and raised in <mask>.
07/15/2022 11:19:11 - INFO - __main__ - <mask> was a young man from <mask>.
07/15/2022 11:19:11 - INFO - __main__ - <mask>, i am from <mask>.
07/15/2022 11:19:11 - INFO - __main__ - <mask> had been born in <mask>.
07/15/2022 11:19:11 - INFO - __main__ - ****************************
07/15/2022 11:19:11 - INFO - __main__ - *********References*********
07/15/2022 11:19:11 - INFO - __main__ - ['the place where <mask> died is <mask>.']
07/15/2022 11:19:11 - INFO - __main__ - ****************************
07/15/2022 11:19:11 - INFO - __main__ - Task: google-re
07/15/2022 11:19:11 - INFO - __main__ - bleu-4: 3.291594056725496e-79
07/15/2022 11:19:11 - INFO - __main__ - bleu-3: 0.022238604284952116
07/15/2022 11:19:11 - INFO - __main__ - bleu-2: 0.05928118310675325
07/15/2022 11:19:11 - INFO - __main__ - bleu-1: 0.2783799828541654
07/15/2022 11:19:11 - INFO - __main__ - METEOR: 0.19578018603733618
07/15/2022 11:19:11 - INFO - __main__ - ROUGE-L: 0.35019314929996037
07/15/2022 11:19:11 - INFO - __main__ - entailment score(mean-mean): 0.16698378922382592
07/15/2022 11:19:11 - INFO - __main__ - entailment score(mean-max): 0.6317589885865649
07/15/2022 11:19:11 - INFO - __main__ - entailment score(mean-min): 0.0011254818323019815
07/15/2022 11:19:11 - INFO - __main__ - self-BLEU-2: 0.9009288712788525
07/15/2022 11:19:11 - INFO - __main__ - avg: 0.15097885093052787
07/15/2022 11:19:11 - INFO - __main__ - *******************************************************
07/15/2022 11:19:11 - INFO - __main__ - *******************************************************
07/15/2022 11:19:11 - INFO - __main__ - *******************************************************
