07/12/2022 01:02:20 - INFO - __main__ - **************** MODEL CONFIGURATION ****************
07/12/2022 01:02:20 - INFO - __main__ - bart_training             -->   True
07/12/2022 01:02:20 - INFO - __main__ - device                    -->   8
07/12/2022 01:02:20 - INFO - __main__ - group_beam                -->   True
07/12/2022 01:02:20 - INFO - __main__ - if_then                   -->   False
07/12/2022 01:02:20 - INFO - __main__ - inductor                  -->   rule
07/12/2022 01:02:20 - INFO - __main__ - log_dir                   -->   logs_new/
07/12/2022 01:02:20 - INFO - __main__ - log_name                  -->   google-k20+gs+dpp
07/12/2022 01:02:20 - INFO - __main__ - mlm_training              -->   True
07/12/2022 01:02:20 - INFO - __main__ - task                      -->   google-re
07/12/2022 01:02:20 - INFO - __main__ - **************** MODEL CONFIGURATION ****************
07/12/2022 01:05:11 - INFO - __main__ - ***********Input************
07/12/2022 01:05:11 - INFO - __main__ - <mask> (b. 1954 in <mask>) is a best-selling American author of romance novels .
07/12/2022 01:05:11 - INFO - __main__ - *********Hypothesis*********
07/12/2022 01:05:11 - INFO - __main__ - <mask> was born in <mask>.
07/12/2022 01:05:11 - INFO - __main__ - <mask>-hans bock was born in <mask>.
07/12/2022 01:05:11 - INFO - __main__ - <mask> is a writer and artist based in <mask>.
07/12/2022 01:05:11 - INFO - __main__ - <mask>, a former member of the city council of <mask>.
07/12/2022 01:05:11 - INFO - __main__ - <mask> is a former professional basketball player from <mask>.
07/12/2022 01:05:11 - INFO - __main__ - <mask> is a singer-songwriter from <mask>.
07/12/2022 01:05:11 - INFO - __main__ - <mask>, actress, lives in <mask>.
07/12/2022 01:05:11 - INFO - __main__ - <mask> lives in <mask>.
07/12/2022 01:05:11 - INFO - __main__ - <mask> was born and raised in <mask>.
07/12/2022 01:05:11 - INFO - __main__ - <mask> lee was born in <mask>.
07/12/2022 01:05:11 - INFO - __main__ - ****************************
07/12/2022 01:05:11 - INFO - __main__ - *********References*********
07/12/2022 01:05:11 - INFO - __main__ - ['the place where <mask> was born is <mask>.']
07/12/2022 01:05:11 - INFO - __main__ - ****************************
07/12/2022 01:06:27 - INFO - __main__ - ***********Input************
07/12/2022 01:06:27 - INFO - __main__ - <mask> (born c.<mask> Chapel Hill, North Carolina) is an American director and designer of experimental theatre from New York City .
07/12/2022 01:06:27 - INFO - __main__ - *********Hypothesis*********
07/12/2022 01:06:27 - INFO - __main__ - <mask> was born in <mask>.
07/12/2022 01:06:27 - INFO - __main__ - <mask> is a professor of history at <mask>.
07/12/2022 01:06:27 - INFO - __main__ - <mask>, a former member of the band <mask>.
07/12/2022 01:06:27 - INFO - __main__ - <mask>: the history of <mask>.
07/12/2022 01:06:27 - INFO - __main__ - <mask> was born <mask>.
07/12/2022 01:06:27 - INFO - __main__ - <mask> is an artist and writer from <mask>.
07/12/2022 01:06:27 - INFO - __main__ - <mask>. – for service to the community of <mask>.
07/12/2022 01:06:27 - INFO - __main__ - <mask>, professor of chemistry, <mask>.
07/12/2022 01:06:27 - INFO - __main__ - <mask>ara is a professor of psychology at <mask>.
07/12/2022 01:06:27 - INFO - __main__ - <mask>, professor of history, university of <mask>.
07/12/2022 01:06:27 - INFO - __main__ - ****************************
07/12/2022 01:06:27 - INFO - __main__ - *********References*********
07/12/2022 01:06:27 - INFO - __main__ - ['the date when <mask> was born is <mask>.']
07/12/2022 01:06:27 - INFO - __main__ - ****************************
07/12/2022 01:08:03 - INFO - __main__ - ***********Input************
07/12/2022 01:08:03 - INFO - __main__ - <mask> (born c <mask>) is a former softball player and coach .
07/12/2022 01:08:03 - INFO - __main__ - *********Hypothesis*********
07/12/2022 01:08:03 - INFO - __main__ - <mask> was born in <mask>.
07/12/2022 01:08:03 - INFO - __main__ - <mask>, a lawyer, was born in <mask>.
07/12/2022 01:08:03 - INFO - __main__ - <mask> was born and raised in <mask>.
07/12/2022 01:08:03 - INFO - __main__ - <mask>, mayor of <mask>.
07/12/2022 01:08:03 - INFO - __main__ - <mask> is ( <mask>.
07/12/2022 01:08:03 - INFO - __main__ - <mask>, was born in <mask>.
07/12/2022 01:08:03 - INFO - __main__ - <mask> martí was born in <mask>.
07/12/2022 01:08:03 - INFO - __main__ - <mask> is a <mask>.
07/12/2022 01:08:03 - INFO - __main__ - <mask> and ( <mask>.
07/12/2022 01:08:03 - INFO - __main__ - <mask> is a ( <mask>.
07/12/2022 01:08:03 - INFO - __main__ - ****************************
07/12/2022 01:08:03 - INFO - __main__ - *********References*********
07/12/2022 01:08:03 - INFO - __main__ - ['the date when <mask> was born is <mask>.']
07/12/2022 01:08:03 - INFO - __main__ - ****************************
07/12/2022 01:09:05 - INFO - __main__ - ***********Input************
07/12/2022 01:09:05 - INFO - __main__ - <mask> (1738--1811) was a British composer and organist born in <mask> .
07/12/2022 01:09:05 - INFO - __main__ - *********Hypothesis*********
07/12/2022 01:09:05 - INFO - __main__ - <mask> smith,, assistant superintendent of police, <mask>.
07/12/2022 01:09:05 - INFO - __main__ - <mask> smith (1818–1896) was a merchant and politician in <mask>.
07/12/2022 01:09:05 - INFO - __main__ - <mask> smith was a merchant and politician in <mask>.
07/12/2022 01:09:05 - INFO - __main__ - <mask>, a former professional footballer, was born in <mask>.
07/12/2022 01:09:05 - INFO - __main__ - <mask>,, chief constable, city of <mask>.
07/12/2022 01:09:05 - INFO - __main__ - <mask> is a professional rugby union player from <mask>.
07/12/2022 01:09:05 - INFO - __main__ - <mask> was born and raised in the <mask>.
07/12/2022 01:09:05 - INFO - __main__ - <mask> was an early settler in <mask>.
07/12/2022 01:09:05 - INFO - __main__ - <mask> taylor,, assistant superintendent of police, <mask>.
07/12/2022 01:09:05 - INFO - __main__ - <mask>. (1818–1896) was a merchant and politician in <mask>.
07/12/2022 01:09:05 - INFO - __main__ - ****************************
07/12/2022 01:09:05 - INFO - __main__ - *********References*********
07/12/2022 01:09:05 - INFO - __main__ - ['the place where <mask> was born is <mask>.']
07/12/2022 01:09:05 - INFO - __main__ - ****************************
07/12/2022 01:10:19 - INFO - __main__ - ***********Input************
07/12/2022 01:10:19 - INFO - __main__ - <mask> (b. February 11, 1955, <mask>, Tennessee - d July 2, 2007, Tiburon, California) was an American artist .
07/12/2022 01:10:19 - INFO - __main__ - *********Hypothesis*********
07/12/2022 01:10:19 - INFO - __main__ - <mask> was born in <mask>.
07/12/2022 01:10:19 - INFO - __main__ - <mask>- is a lawyer and politician from <mask>.
07/12/2022 01:10:19 - INFO - __main__ - <mask>- is a former professional basketball player and coach in <mask>.
07/12/2022 01:10:19 - INFO - __main__ - <mask>, a former teacher, was born in <mask>.
07/12/2022 01:10:19 - INFO - __main__ - <mask> is a native of <mask>.
07/12/2022 01:10:19 - INFO - __main__ - <mask>- is a jazz saxophonist from <mask>.
07/12/2022 01:10:19 - INFO - __main__ - <mask> (1868–1933) was born in <mask>.
07/12/2022 01:10:19 - INFO - __main__ - <mask> bock- a former professional basketball player who played for <mask>.
07/12/2022 01:10:19 - INFO - __main__ - <mask>, who was a nurse, was born in <mask>.
07/12/2022 01:10:19 - INFO - __main__ - <mask> was born and raised in <mask>.
07/12/2022 01:10:19 - INFO - __main__ - ****************************
07/12/2022 01:10:19 - INFO - __main__ - *********References*********
07/12/2022 01:10:19 - INFO - __main__ - ['the place where <mask> was born is <mask>.']
07/12/2022 01:10:19 - INFO - __main__ - ****************************
07/12/2022 01:11:34 - INFO - __main__ - ***********Input************
07/12/2022 01:11:34 - INFO - __main__ - <mask> (c. <mask> - 25 August 1785) was a British diplomat and politician who sat in the House of Commons between 1762 and 1774 .
07/12/2022 01:11:34 - INFO - __main__ - *********Hypothesis*********
07/12/2022 01:11:34 - INFO - __main__ - <mask> was born in the village in <mask>.
07/12/2022 01:11:34 - INFO - __main__ - <mask>, a local merchant, was the owner of the house in <mask>.
07/12/2022 01:11:34 - INFO - __main__ - <mask> was the last surviving member of the family, who died in <mask>.
07/12/2022 01:11:34 - INFO - __main__ - <mask> had been a member of the council since <mask>.
07/12/2022 01:11:34 - INFO - __main__ - <mask>, who was a prominent local merchant, was born in <mask>.
07/12/2022 01:11:34 - INFO - __main__ - <mask> of st. mary's, who died in <mask>.
07/12/2022 01:11:34 - INFO - __main__ - <mask> was appointed as a justice of the peace in <mask>.
07/12/2022 01:11:34 - INFO - __main__ - <mask>, a prominent local merchant, was born here in <mask>.
07/12/2022 01:11:34 - INFO - __main__ - <mask> died in the house in <mask>.
07/12/2022 01:11:34 - INFO - __main__ - <mask> (1715–1772) was born in <mask>.
07/12/2022 01:11:34 - INFO - __main__ - ****************************
07/12/2022 01:11:34 - INFO - __main__ - *********References*********
07/12/2022 01:11:34 - INFO - __main__ - ['the date when <mask> was born is <mask>.']
07/12/2022 01:11:34 - INFO - __main__ - ****************************
07/12/2022 01:13:22 - INFO - __main__ - ***********Input************
07/12/2022 01:13:22 - INFO - __main__ - <mask> (born December 28th, <mask>) is a United States of America Democratic political consultant and activist who has worked on six presidential campaigns, served as Policy Director for the Speaker of the House in Connecticut, and served as the National Coordinated Campaign Director for both the 1992 and 1996 Presidential campaigns of Bill Clinton .
07/12/2022 01:13:22 - INFO - __main__ - *********Hypothesis*********
07/12/2022 01:13:22 - INFO - __main__ - <mask> was born in <mask>.
07/12/2022 01:13:22 - INFO - __main__ - <mask> was born in the town in <mask>.
07/12/2022 01:13:22 - INFO - __main__ - <mask> has been the editor-in-chief since <mask>.
07/12/2022 01:13:22 - INFO - __main__ - <mask>, the history of the world, <mask>.
07/12/2022 01:13:22 - INFO - __main__ - <mask> was the last president to visit the hotel, in <mask>.
07/12/2022 01:13:22 - INFO - __main__ - <mask>, jr. was born in <mask>.
07/12/2022 01:13:22 - INFO - __main__ - <mask> was appointed as the new president in <mask>.
07/12/2022 01:13:22 - INFO - __main__ - <mask> visited the school in <mask>.
07/12/2022 01:13:22 - INFO - __main__ - <mask> became the company's president in <mask>.
07/12/2022 01:13:22 - INFO - __main__ - <mask>, a former state senator, was elected in <mask>.
07/12/2022 01:13:22 - INFO - __main__ - ****************************
07/12/2022 01:13:22 - INFO - __main__ - *********References*********
07/12/2022 01:13:22 - INFO - __main__ - ['the date when <mask> was born is <mask>.']
07/12/2022 01:13:22 - INFO - __main__ - ****************************
07/12/2022 01:14:49 - INFO - __main__ - ***********Input************
07/12/2022 01:14:49 - INFO - __main__ - <mask> (born <mask> in Vlorë, Albania) is a singer who at fourtheen moved to Pistoia, Italy were he remains with his parents and three brothers .
07/12/2022 01:14:49 - INFO - __main__ - *********Hypothesis*********
07/12/2022 01:14:49 - INFO - __main__ - <mask> was born in <mask>.
07/12/2022 01:14:49 - INFO - __main__ - <mask> is the son of former prime minister <mask>.
07/12/2022 01:14:49 - INFO - __main__ - <mask> is a surname originating from <mask>.
07/12/2022 01:14:49 - INFO - __main__ - <mask> was the father of <mask>.
07/12/2022 01:14:49 - INFO - __main__ - <mask> is the capital of <mask>.
07/12/2022 01:14:49 - INFO - __main__ - <mask> is the younger brother of <mask>.
07/12/2022 01:14:49 - INFO - __main__ - <mask> is the son of a former mayor of <mask>.
07/12/2022 01:14:49 - INFO - __main__ - <mask> started his career in <mask>.
07/12/2022 01:14:49 - INFO - __main__ - <mask> is the capital and largest city of <mask>.
07/12/2022 01:14:49 - INFO - __main__ - <mask>'s main railway station is the railway station of <mask>.
07/12/2022 01:14:49 - INFO - __main__ - ****************************
07/12/2022 01:14:49 - INFO - __main__ - *********References*********
07/12/2022 01:14:49 - INFO - __main__ - ['the date when <mask> was born is <mask>.']
07/12/2022 01:14:49 - INFO - __main__ - ****************************
07/12/2022 01:16:12 - INFO - __main__ - ***********Input************
07/12/2022 01:16:12 - INFO - __main__ - <mask> (born 27 September 1974, in <mask>, India) is a former Indian cricketer .
07/12/2022 01:16:12 - INFO - __main__ - *********Hypothesis*********
07/12/2022 01:16:12 - INFO - __main__ - <mask> was born in <mask>.
07/12/2022 01:16:12 - INFO - __main__ - <mask> kumar was born in <mask>.
07/12/2022 01:16:12 - INFO - __main__ - <mask> is a young man from <mask>.
07/12/2022 01:16:12 - INFO - __main__ - <mask>, a lawyer, lives in <mask>.
07/12/2022 01:16:12 - INFO - __main__ - <mask> was born and brought up in <mask>.
07/12/2022 01:16:12 - INFO - __main__ - <mask> is an actor from <mask>.
07/12/2022 01:16:12 - INFO - __main__ - <mask> is a film director from <mask>.
07/12/2022 01:16:12 - INFO - __main__ - <mask>. was born in <mask>.
07/12/2022 01:16:12 - INFO - __main__ - <mask> kumar is a young man from <mask>.
07/12/2022 01:16:12 - INFO - __main__ - <mask> kumar was born and brought up in <mask>.
07/12/2022 01:16:12 - INFO - __main__ - ****************************
07/12/2022 01:16:12 - INFO - __main__ - *********References*********
07/12/2022 01:16:12 - INFO - __main__ - ['the place where <mask> was born is <mask>.']
07/12/2022 01:16:12 - INFO - __main__ - ****************************
07/12/2022 01:17:27 - INFO - __main__ - ***********Input************
07/12/2022 01:17:27 - INFO - __main__ - <mask> (1806-1867) was an American physician, born in <mask>, Massachusetts .
07/12/2022 01:17:27 - INFO - __main__ - *********Hypothesis*********
07/12/2022 01:17:27 - INFO - __main__ - <mask> o'bryan, of <mask>.
07/12/2022 01:17:27 - INFO - __main__ - <mask> o'donoghue, of <mask>.
07/12/2022 01:17:27 - INFO - __main__ - <mask> o’brien was a welsh-born architect and architect of <mask>.
07/12/2022 01:17:27 - INFO - __main__ - <mask>' was born in <mask>.
07/12/2022 01:17:27 - INFO - __main__ - <mask>' was a priest in <mask>.
07/12/2022 01:17:27 - INFO - __main__ - <mask> was (1836–1909) was a lawyer and politician from <mask>.
07/12/2022 01:17:27 - INFO - __main__ - <mask> was born in <mask>.
07/12/2022 01:17:27 - INFO - __main__ - <mask> o'reilly was born in <mask>.
07/12/2022 01:17:27 - INFO - __main__ - <mask>., o.b.e., of <mask>.
07/12/2022 01:17:27 - INFO - __main__ - <mask>. was a merchant in <mask>.
07/12/2022 01:17:27 - INFO - __main__ - ****************************
07/12/2022 01:17:27 - INFO - __main__ - *********References*********
07/12/2022 01:17:27 - INFO - __main__ - ['the place where <mask> was born is <mask>.']
07/12/2022 01:17:27 - INFO - __main__ - ****************************
07/12/2022 01:18:41 - INFO - __main__ - ***********Input************
07/12/2022 01:18:41 - INFO - __main__ - A Conservative, the Honourable <mask> served until his death in 1871 in <mask>, Ontario .
07/12/2022 01:18:41 - INFO - __main__ - *********Hypothesis*********
07/12/2022 01:18:41 - INFO - __main__ - <mask> was born and raised in the city of <mask>.
07/12/2022 01:18:41 - INFO - __main__ - <mask> was a member of the board of directors of the city of <mask>.
07/12/2022 01:18:41 - INFO - __main__ - <mask>'s father was a lawyer and a prominent lawyer in <mask>.
07/12/2022 01:18:41 - INFO - __main__ - <mask> was born and raised in the suburbs of <mask>.
07/12/2022 01:18:41 - INFO - __main__ - <mask> was born and raised in <mask>.
07/12/2022 01:18:41 - INFO - __main__ - <mask> is a former mayor of <mask>.
07/12/2022 01:18:41 - INFO - __main__ - <mask>'s family had been involved in the lumber industry in <mask>.
07/12/2022 01:18:41 - INFO - __main__ - <mask>'s father was a merchant in <mask>.
07/12/2022 01:18:41 - INFO - __main__ - <mask> was a member of the council of the city of <mask>.
07/12/2022 01:18:41 - INFO - __main__ - <mask>, who was the only candidate, was elected to represent <mask>.
07/12/2022 01:18:41 - INFO - __main__ - ****************************
07/12/2022 01:18:41 - INFO - __main__ - *********References*********
07/12/2022 01:18:41 - INFO - __main__ - ['the place where <mask> died is <mask>.']
07/12/2022 01:18:41 - INFO - __main__ - ****************************
07/12/2022 01:19:54 - INFO - __main__ - ***********Input************
07/12/2022 01:19:54 - INFO - __main__ - <mask> died at <mask> BC December 20, 1959 age 85 .
07/12/2022 01:19:54 - INFO - __main__ - *********Hypothesis*********
07/12/2022 01:19:54 - INFO - __main__ - <mask> was a member of the board of directors of the city of <mask>.
07/12/2022 01:19:54 - INFO - __main__ - <mask> was born and raised in the city of <mask>.
07/12/2022 01:19:54 - INFO - __main__ - <mask> is currently a freelance writer and lives in <mask>.
07/12/2022 01:19:54 - INFO - __main__ - <mask> was born and raised in <mask>.
07/12/2022 01:19:54 - INFO - __main__ - <mask>'s family was a prominent family in <mask>.
07/12/2022 01:19:54 - INFO - __main__ - <mask> has been involved in a number of community projects in <mask>.
07/12/2022 01:19:54 - INFO - __main__ - <mask> was a right-handed batsman who played for <mask>.
07/12/2022 01:19:54 - INFO - __main__ - <mask>'s work has been exhibited in <mask>.
07/12/2022 01:19:54 - INFO - __main__ - <mask> is a former professional soccer player who played for <mask>.
07/12/2022 01:19:54 - INFO - __main__ - <mask> was a member of the city council of <mask>.
07/12/2022 01:19:54 - INFO - __main__ - ****************************
07/12/2022 01:19:54 - INFO - __main__ - *********References*********
07/12/2022 01:19:54 - INFO - __main__ - ['the place where <mask> died is <mask>.']
07/12/2022 01:19:54 - INFO - __main__ - ****************************
07/12/2022 01:21:17 - INFO - __main__ - ***********Input************
07/12/2022 01:21:17 - INFO - __main__ - Considered by some in the art world to be one of the last of the Surrealists, <mask> died in his home in <mask> on April 25, 2008, aged 99 Donati's health had been failing since involved, as a passenger, in a taxi accident in July, 2007 .
07/12/2022 01:21:17 - INFO - __main__ - *********Hypothesis*********
07/12/2022 01:21:17 - INFO - __main__ - <mask> was born and died in <mask>.
07/12/2022 01:21:17 - INFO - __main__ - <mask> was born in the city of <mask>.
07/12/2022 01:21:17 - INFO - __main__ - <mask> was born in <mask>.
07/12/2022 01:21:17 - INFO - __main__ - <mask>'s work is mainly focused on the history of <mask>.
07/12/2022 01:21:17 - INFO - __main__ - <mask> is a native of the <mask>.
07/12/2022 01:21:17 - INFO - __main__ - <mask>, a painter, was born in <mask>.
07/12/2022 01:21:17 - INFO - __main__ - <mask> was born and raised in <mask>.
07/12/2022 01:21:17 - INFO - __main__ - <mask> is a former professional footballer who played for <mask>.
07/12/2022 01:21:17 - INFO - __main__ - <mask> is a surname originating from the <mask>.
07/12/2022 01:21:17 - INFO - __main__ - <mask> is a native of <mask>.
07/12/2022 01:21:17 - INFO - __main__ - ****************************
07/12/2022 01:21:17 - INFO - __main__ - *********References*********
07/12/2022 01:21:17 - INFO - __main__ - ['the place where <mask> died is <mask>.']
07/12/2022 01:21:17 - INFO - __main__ - ****************************
07/12/2022 01:22:29 - INFO - __main__ - ***********Input************
07/12/2022 01:22:29 - INFO - __main__ - <mask> died of pneumonia in 1990 at his home in <mask>, California .
07/12/2022 01:22:29 - INFO - __main__ - *********Hypothesis*********
07/12/2022 01:22:29 - INFO - __main__ - <mask>.williams, and is currently based in the greater metropolitan area of <mask>.
07/12/2022 01:22:29 - INFO - __main__ - <mask> angeles has been a long-time resident of <mask>.
07/12/2022 01:22:29 - INFO - __main__ - <mask>. was and his wife live in <mask>.
07/12/2022 01:22:29 - INFO - __main__ - <mask> was born and raised in the city of <mask>.
07/12/2022 01:22:29 - INFO - __main__ - <mask> was a member of the board of directors of the city of <mask>.
07/12/2022 01:22:29 - INFO - __main__ - <mask> is currently a resident of <mask>.
07/12/2022 01:22:29 - INFO - __main__ - <mask>.’s father was a lawyer in <mask>.
07/12/2022 01:22:29 - INFO - __main__ - <mask>.'s” the film was shot in <mask>.
07/12/2022 01:22:29 - INFO - __main__ - <mask>' family moved to a ranch in <mask>.
07/12/2022 01:22:29 - INFO - __main__ - <mask> has been a long-time resident of <mask>.
07/12/2022 01:22:29 - INFO - __main__ - ****************************
07/12/2022 01:22:29 - INFO - __main__ - *********References*********
07/12/2022 01:22:29 - INFO - __main__ - ['the place where <mask> died is <mask>.']
07/12/2022 01:22:29 - INFO - __main__ - ****************************
07/12/2022 01:23:37 - INFO - __main__ - ***********Input************
07/12/2022 01:23:37 - INFO - __main__ - <mask> died in 1888 in <mask>, Germany and is buried, together with his wife, Sophie in Weißensee .
07/12/2022 01:23:37 - INFO - __main__ - *********Hypothesis*********
07/12/2022 01:23:37 - INFO - __main__ - <mask> was born and died in <mask>.
07/12/2022 01:23:37 - INFO - __main__ - <mask>mann was born and died in <mask>.
07/12/2022 01:23:37 - INFO - __main__ - <mask> was born and raised in <mask>.
07/12/2022 01:23:37 - INFO - __main__ - <mask> st was born and died in <mask>.
07/12/2022 01:23:37 - INFO - __main__ - <mask>. was a member of the city council of <mask>.
07/12/2022 01:23:37 - INFO - __main__ - <mask> was born in the city of <mask>.
07/12/2022 01:23:37 - INFO - __main__ - <mask>mann was born in <mask>.
07/12/2022 01:23:37 - INFO - __main__ - <mask> st's father was a lawyer in <mask>.
07/12/2022 01:23:37 - INFO - __main__ - <mask> is a native of <mask>.
07/12/2022 01:23:37 - INFO - __main__ - <mask>mann's father was a lawyer in <mask>.
07/12/2022 01:23:37 - INFO - __main__ - ****************************
07/12/2022 01:23:37 - INFO - __main__ - *********References*********
07/12/2022 01:23:37 - INFO - __main__ - ['the place where <mask> died is <mask>.']
07/12/2022 01:23:37 - INFO - __main__ - ****************************
07/12/2022 01:23:37 - INFO - __main__ - Task: google-re
07/12/2022 01:23:37 - INFO - __main__ - bleu-4: 4.657696834839479e-79
07/12/2022 01:23:37 - INFO - __main__ - bleu-3: 0.03060330629886233
07/12/2022 01:23:37 - INFO - __main__ - bleu-2: 0.07617644313549653
07/12/2022 01:23:37 - INFO - __main__ - bleu-1: 0.3152505140664638
07/12/2022 01:23:37 - INFO - __main__ - METEOR: 0.22719625373445482
07/12/2022 01:23:37 - INFO - __main__ - ROUGE-L: 0.3718117498829573
07/12/2022 01:23:37 - INFO - __main__ - entailment score(mean-mean): 0.11807982882055512
07/12/2022 01:23:37 - INFO - __main__ - entailment score(mean-max): 0.48751612920314075
07/12/2022 01:23:37 - INFO - __main__ - entailment score(mean-min): 0.0005857815876273283
07/12/2022 01:23:37 - INFO - __main__ - self-BLEU-2: 0.8826980518283666
07/12/2022 01:23:37 - INFO - __main__ - avg: 0.1701730445197058
07/12/2022 01:23:37 - INFO - __main__ - *******************************************************
07/12/2022 01:23:37 - INFO - __main__ - *******************************************************
07/12/2022 01:23:37 - INFO - __main__ - *******************************************************
