07/11/2022 02:56:19 - INFO - __main__ - **************** MODEL CONFIGURATION ****************
07/11/2022 02:56:19 - INFO - __main__ - bart_training             -->   True
07/11/2022 02:56:19 - INFO - __main__ - device                    -->   1
07/11/2022 02:56:19 - INFO - __main__ - group_beam                -->   True
07/11/2022 02:56:19 - INFO - __main__ - if_then                   -->   False
07/11/2022 02:56:19 - INFO - __main__ - inductor                  -->   rule
07/11/2022 02:56:19 - INFO - __main__ - log_dir                   -->   logs_new/
07/11/2022 02:56:19 - INFO - __main__ - log_name                  -->   nyt10-c+gs+dpp
07/11/2022 02:56:19 - INFO - __main__ - mlm_training              -->   True
07/11/2022 02:56:19 - INFO - __main__ - task                      -->   nyt10
07/11/2022 02:56:19 - INFO - __main__ - **************** MODEL CONFIGURATION ****************
07/11/2022 02:57:59 - INFO - __main__ - ***********Input************
07/11/2022 02:57:59 - INFO - __main__ - The United States maintains diplomatic relations with <mask> , but State Department officials say no deeper engagement is warranted until the government in <mask> halts support for radical organizations , including Hezbollah in Lebanon and Hamas in the Palestinian territories . ''
07/11/2022 02:57:59 - INFO - __main__ - *********Hypothesis*********
07/11/2022 02:57:59 - INFO - __main__ - <mask> is the largest producer of natural gas in the world, with the largest refinery in <mask>.
07/11/2022 02:57:59 - INFO - __main__ - <mask>'s capital and largest city is <mask>.
07/11/2022 02:57:59 - INFO - __main__ - <mask> has a large number of foreign embassies in <mask>.
07/11/2022 02:57:59 - INFO - __main__ - <mask>'s largest city is the capital <mask>.
07/11/2022 02:57:59 - INFO - __main__ - <mask> has a large number of private and public universities, most of which are located in <mask>.
07/11/2022 02:57:59 - INFO - __main__ - <mask>.syria's main city is <mask>.
07/11/2022 02:57:59 - INFO - __main__ - <mask>: the capital of the country is <mask>.
07/11/2022 02:57:59 - INFO - __main__ - <mask>. is the only country to have a permanent embassy in <mask>.
07/11/2022 02:57:59 - INFO - __main__ - <mask>.’s main port is <mask>.
07/11/2022 02:57:59 - INFO - __main__ - <mask>. has a long history of military operations in <mask>.
07/11/2022 02:57:59 - INFO - __main__ - ****************************
07/11/2022 02:57:59 - INFO - __main__ - *********References*********
07/11/2022 02:57:59 - INFO - __main__ - ['<mask> is the capital of <mask>.']
07/11/2022 02:57:59 - INFO - __main__ - ****************************
07/11/2022 02:58:41 - INFO - __main__ - ***********Input************
07/11/2022 02:58:41 - INFO - __main__ - Regional analysts said peace efforts had been undermined by the political crisis in <mask> , where Prime Minister <mask> has barely hung on to his job after being excoriated by a committee that reviewed the conduct of the war with Hezbollah in Lebanon last summer . ''
07/11/2022 02:58:41 - INFO - __main__ - *********Hypothesis*********
07/11/2022 02:58:41 - INFO - __main__ - <mask>ebanon has been a major supporter of <mask>.
07/11/2022 02:58:41 - INFO - __main__ - <mask>ebanon's foreign minister is <mask>.
07/11/2022 02:58:41 - INFO - __main__ - <mask> is currently under the rule of <mask>.
07/11/2022 02:58:41 - INFO - __main__ - <mask>'s current prime minister is <mask>.
07/11/2022 02:58:41 - INFO - __main__ - <mask> is currently led by <mask>.
07/11/2022 02:58:41 - INFO - __main__ - <mask>.anon's prime minister <mask>.
07/11/2022 02:58:41 - INFO - __main__ - <mask> was represented by <mask>.
07/11/2022 02:58:41 - INFO - __main__ - <mask>.anon is currently led by <mask>.
07/11/2022 02:58:41 - INFO - __main__ - <mask> is under the rule of <mask>.
07/11/2022 02:58:41 - INFO - __main__ - <mask> has been a major supporter of <mask>.
07/11/2022 02:58:41 - INFO - __main__ - ****************************
07/11/2022 02:58:41 - INFO - __main__ - *********References*********
07/11/2022 02:58:41 - INFO - __main__ - ['the nationality of <mask> is <mask>.']
07/11/2022 02:58:41 - INFO - __main__ - ****************************
07/11/2022 02:59:14 - INFO - __main__ - ***********Input************
07/11/2022 02:59:14 - INFO - __main__ - In fact , <mask> 's business of maintaining Soviet-designed plants in Eastern Europe may get a boost as these countries worry about excess dependency on <mask> natural gas from Gazprom and reconsider nuclear energy as an alternative .
07/11/2022 02:59:14 - INFO - __main__ - *********Hypothesis*********
07/11/2022 02:59:14 - INFO - __main__ - <mask>. has a large number of employees who speak <mask>.
07/11/2022 02:59:14 - INFO - __main__ - <mask>.” the company's name means "the <mask>.
07/11/2022 02:59:14 - INFO - __main__ - <mask>'s official language is the <mask>.
07/11/2022 02:59:14 - INFO - __main__ - <mask>'s main language of instruction is <mask>.
07/11/2022 02:59:14 - INFO - __main__ - <mask> is the world's largest producer of <mask>.
07/11/2022 02:59:14 - INFO - __main__ - <mask>'s name means "the <mask>.
07/11/2022 02:59:14 - INFO - __main__ - <mask>'s name means "the one who is the most powerful" in <mask>.
07/11/2022 02:59:14 - INFO - __main__ - <mask> is a name meaning "the power" in <mask>.
07/11/2022 02:59:14 - INFO - __main__ - <mask> has been accused of using the word "satellite" in <mask>.
07/11/2022 02:59:14 - INFO - __main__ - <mask>: the official language is <mask>.
07/11/2022 02:59:14 - INFO - __main__ - ****************************
07/11/2022 02:59:14 - INFO - __main__ - *********References*********
07/11/2022 02:59:14 - INFO - __main__ - ['<mask> are geographically distributed in <mask>.']
07/11/2022 02:59:14 - INFO - __main__ - ****************************
07/11/2022 02:59:50 - INFO - __main__ - ***********Input************
07/11/2022 02:59:50 - INFO - __main__ - Prime Minister <mask> of <mask> and Mahmoud Abbas , the Palestinian president , met here on Sunday , resulting in some mixed messages regarding a resumption of their long-dormant peace efforts .
07/11/2022 02:59:50 - INFO - __main__ - *********Hypothesis*********
07/11/2022 02:59:50 - INFO - __main__ - <mask>, prime minister of <mask>.
07/11/2022 02:59:50 - INFO - __main__ - <mask>. is a former prime minister of <mask>.
07/11/2022 02:59:50 - INFO - __main__ - <mask> current vice president of <mask>.
07/11/2022 02:59:50 - INFO - __main__ - <mask> is the president of <mask>.
07/11/2022 02:59:50 - INFO - __main__ - <mask>., the prime minister of <mask>.
07/11/2022 02:59:50 - INFO - __main__ - <mask> is a former prime minister of <mask>.
07/11/2022 02:59:50 - INFO - __main__ - <mask> modi is the current prime minister of <mask>.
07/11/2022 02:59:50 - INFO - __main__ - <mask>., former prime minister of <mask>.
07/11/2022 02:59:50 - INFO - __main__ - <mask>, is the current prime minister of <mask>.
07/11/2022 02:59:50 - INFO - __main__ - <mask>. is the president of <mask>.
07/11/2022 02:59:50 - INFO - __main__ - ****************************
07/11/2022 02:59:50 - INFO - __main__ - *********References*********
07/11/2022 02:59:50 - INFO - __main__ - ['the nationality of <mask> is <mask>.']
07/11/2022 02:59:50 - INFO - __main__ - ****************************
07/11/2022 03:00:23 - INFO - __main__ - ***********Input************
07/11/2022 03:00:23 - INFO - __main__ - Even when I visited my upscale cousin -LRB- he 's a psychiatrist -RRB- in <mask> , Conn. , just down the road from <mask> 's place , I felt I belonged .
07/11/2022 03:00:23 - INFO - __main__ - *********Hypothesis*********
07/11/2022 03:00:23 - INFO - __main__ - <mask> is a former member of the band <mask>.
07/11/2022 03:00:23 - INFO - __main__ - <mask> is a member of the national <mask>.
07/11/2022 03:00:23 - INFO - __main__ - <mask>ford is a member of the national <mask>.
07/11/2022 03:00:23 - INFO - __main__ - <mask>, who is the only one who knows about <mask>.
07/11/2022 03:00:23 - INFO - __main__ - <mask> l was the last <mask>.
07/11/2022 03:00:23 - INFO - __main__ - <mask> has an older brother, <mask>.
07/11/2022 03:00:23 - INFO - __main__ - <mask>, ct: st. martin's <mask>.
07/11/2022 03:00:23 - INFO - __main__ - <mask>, ct: the <mask>.
07/11/2022 03:00:23 - INFO - __main__ - <mask> is a friend of the family and is a close friend of <mask>.
07/11/2022 03:00:23 - INFO - __main__ - <mask> was the last station to be built by <mask>.
07/11/2022 03:00:23 - INFO - __main__ - ****************************
07/11/2022 03:00:23 - INFO - __main__ - *********References*********
07/11/2022 03:00:23 - INFO - __main__ - ['<mask> lives in <mask>']
07/11/2022 03:00:23 - INFO - __main__ - ****************************
07/11/2022 03:00:56 - INFO - __main__ - ***********Input************
07/11/2022 03:00:56 - INFO - __main__ - It is the second stoppage of <mask> energy supplies to European countries since last winter , when natural gas shipments were shut down briefly during a gas pricing dispute between <mask> and Ukraine .
07/11/2022 03:00:56 - INFO - __main__ - *********Hypothesis*********
07/11/2022 03:00:56 - INFO - __main__ - <mask> women's national football team is the national team of <mask>.
07/11/2022 03:00:56 - INFO - __main__ - <mask>ian women's national football team is the national team of <mask>.
07/11/2022 03:00:56 - INFO - __main__ - <mask>-born children are not allowed to attend school in <mask>.
07/11/2022 03:00:56 - INFO - __main__ - <mask>ian is the official language of <mask>.
07/11/2022 03:00:56 - INFO - __main__ - <mask> is the official language of <mask>.
07/11/2022 03:00:56 - INFO - __main__ - <mask> authorities have denied that the attack was carried out by <mask>.
07/11/2022 03:00:56 - INFO - __main__ - <mask>ian authorities have denied that the attack was carried out by <mask>.
07/11/2022 03:00:56 - INFO - __main__ - <mask>.chinese. the official language of <mask>.
07/11/2022 03:00:56 - INFO - __main__ - <mask> the official language of <mask>.
07/11/2022 03:00:56 - INFO - __main__ - <mask>-language media are the most popular in <mask>.
07/11/2022 03:00:56 - INFO - __main__ - ****************************
07/11/2022 03:00:56 - INFO - __main__ - *********References*********
07/11/2022 03:00:56 - INFO - __main__ - ['<mask> are geographically distributed in <mask>.']
07/11/2022 03:00:56 - INFO - __main__ - ****************************
07/11/2022 03:01:32 - INFO - __main__ - ***********Input************
07/11/2022 03:01:32 - INFO - __main__ - <mask> , the newly elected first minister of <mask> , expressed concern Thursday that the British government had struck a deal that might permit the only person convicted in the 1988 Lockerbie bombing to return to Libya to complete his sentence .
07/11/2022 03:01:32 - INFO - __main__ - *********Hypothesis*********
07/11/2022 03:01:32 - INFO - __main__ - <mask>, prime minister of <mask>.
07/11/2022 03:01:32 - INFO - __main__ - <mask>, the prime minister of <mask>.
07/11/2022 03:01:32 - INFO - __main__ - <mask>., was a former prime minister of <mask>.
07/11/2022 03:01:32 - INFO - __main__ - <mask>., is the prime minister of <mask>.
07/11/2022 03:01:32 - INFO - __main__ - <mask> is the prime minister of <mask>.
07/11/2022 03:01:32 - INFO - __main__ - <mask> is a politician from <mask>.
07/11/2022 03:01:32 - INFO - __main__ - <mask> is the current prime minister of <mask>.
07/11/2022 03:01:32 - INFO - __main__ - <mask> cameron was the prime minister of <mask>.
07/11/2022 03:01:32 - INFO - __main__ - <mask> is a former prime minister of <mask>.
07/11/2022 03:01:32 - INFO - __main__ - <mask> has been a vocal critic of the government of <mask>.
07/11/2022 03:01:32 - INFO - __main__ - ****************************
07/11/2022 03:01:32 - INFO - __main__ - *********References*********
07/11/2022 03:01:32 - INFO - __main__ - ['the nationality of <mask> is <mask>.']
07/11/2022 03:01:32 - INFO - __main__ - ****************************
07/11/2022 03:02:09 - INFO - __main__ - ***********Input************
07/11/2022 03:02:09 - INFO - __main__ - 10 P.M. -LRB- Travel -RRB- 1,000 PLACES TO SEE BEFORE YOU DIE -- No , it 's not '' The Apprentice , '' but tonight the Ulles will be swimming with the sharks -- as well as riding elephants and discovering <mask> -- as they explore <mask> .
07/11/2022 03:02:09 - INFO - __main__ - *********Hypothesis*********
07/11/2022 03:02:09 - INFO - __main__ - <mask> was the largest and most powerful ship ever to be built in <mask>.
07/11/2022 03:02:09 - INFO - __main__ - <mask> has been a major tourist attraction in <mask>.
07/11/2022 03:02:09 - INFO - __main__ - <mask> is a fictional character from the science fiction television series doctor <mask>.
07/11/2022 03:02:09 - INFO - __main__ - <mask> is the only known lander to have been launched from <mask>.
07/11/2022 03:02:09 - INFO - __main__ - <mask> was an unmanned space station that was designed to be used to explore the <mask>.
07/11/2022 03:02:09 - INFO - __main__ - <mask>'s crew were able to escape and return to <mask>.
07/11/2022 03:02:09 - INFO - __main__ - <mask> city, and is now <mask>.
07/11/2022 03:02:09 - INFO - __main__ - <mask>.africa only country in <mask>.
07/11/2022 03:02:09 - INFO - __main__ - <mask>' mission was to provide a safe and secure environment for the astronauts and crew of <mask>.
07/11/2022 03:02:09 - INFO - __main__ - <mask> is the largest coral reef in <mask>.
07/11/2022 03:02:09 - INFO - __main__ - ****************************
07/11/2022 03:02:09 - INFO - __main__ - *********References*********
07/11/2022 03:02:09 - INFO - __main__ - ['<mask> is located in <mask>.']
07/11/2022 03:02:09 - INFO - __main__ - ****************************
07/11/2022 03:03:11 - INFO - __main__ - ***********Input************
07/11/2022 03:03:11 - INFO - __main__ - In 1999 , she acted in '' Selma , Lord , Selma , '' about the civil rights march , and in 1996 appeared in '' Ghosts of <mask> , '' about efforts to track down the killer of <mask> , the civil rights leader .
07/11/2022 03:03:11 - INFO - __main__ - *********Hypothesis*********
07/11/2022 03:03:11 - INFO - __main__ - <mask> is a fictional character created by <mask>.
07/11/2022 03:03:11 - INFO - __main__ - <mask>: the life and times of <mask>.
07/11/2022 03:03:11 - INFO - __main__ - ****************************
07/11/2022 03:03:11 - INFO - __main__ - *********References*********
07/11/2022 03:03:11 - INFO - __main__ - ['<mask> lives in <mask>']
07/11/2022 03:03:11 - INFO - __main__ - ****************************
07/11/2022 03:03:41 - INFO - __main__ - ***********Input************
07/11/2022 03:03:41 - INFO - __main__ - In a state that was pivotal to President Bush 's election and re-election , <mask> , which includes <mask> , has seen more than its share of recent election troubles .
07/11/2022 03:03:41 - INFO - __main__ - *********Hypothesis*********
07/11/2022 03:03:41 - INFO - __main__ - <mask> highway 6 is a north–south highway in <mask>.
07/11/2022 03:03:41 - INFO - __main__ - <mask> has a large number of public schools, most of which are located in <mask>.
07/11/2022 03:03:41 - INFO - __main__ - <mask> is the only state that does not have a state capital, <mask>.
07/11/2022 03:03:41 - INFO - __main__ - <mask>. route 9 is a north–south highway in <mask>.
07/11/2022 03:03:41 - INFO - __main__ - <mask> route 9 is a north–south highway in <mask>.
07/11/2022 03:03:41 - INFO - __main__ - <mask>. state route 9 is a north–south highway in <mask>.
07/11/2022 03:03:41 - INFO - __main__ - <mask>'s largest city by population is <mask>.
07/11/2022 03:03:41 - INFO - __main__ - <mask>. has a large number of public schools, most of which are located in <mask>.
07/11/2022 03:03:41 - INFO - __main__ - <mask>. is a state-owned company headquartered in <mask>.
07/11/2022 03:03:41 - INFO - __main__ - <mask>. is the only state that does not have a state capital, <mask>.
07/11/2022 03:03:41 - INFO - __main__ - ****************************
07/11/2022 03:03:41 - INFO - __main__ - *********References*********
07/11/2022 03:03:41 - INFO - __main__ - ['<mask>']
07/11/2022 03:03:41 - INFO - __main__ - ****************************
07/11/2022 03:04:15 - INFO - __main__ - ***********Input************
07/11/2022 03:04:15 - INFO - __main__ - House Speaker Nancy Pelosi arrived in <mask> on Tuesday for a visit that is seen as part of an attempt to sway Bush administration policy on Iraq and the rest of the <mask> .
07/11/2022 03:04:15 - INFO - __main__ - *********Hypothesis*********
07/11/2022 03:04:15 - INFO - __main__ - <mask> has been a major source of oil and gas in the ancient and medieval <mask>.
07/11/2022 03:04:15 - INFO - __main__ - <mask>. is is a <mask>.
07/11/2022 03:04:15 - INFO - __main__ - <mask>. is is a country in <mask>.
07/11/2022 03:04:15 - INFO - __main__ - <mask> is a major center for the oil and gas industry in <mask>.
07/11/2022 03:04:15 - INFO - __main__ - <mask> has been a major center of the oil industry in the former <mask>.
07/11/2022 03:04:15 - INFO - __main__ - <mask>: a history of the american <mask>.
07/11/2022 03:04:15 - INFO - __main__ - <mask> was a major hub for trade and commerce in the ancient <mask>.
07/11/2022 03:04:15 - INFO - __main__ - <mask>aghdad is the largest and most important oil producer in <mask>.
07/11/2022 03:04:15 - INFO - __main__ - <mask>.ad has been a major source of oil for <mask>.
07/11/2022 03:04:15 - INFO - __main__ - <mask> has had a long history of involvement in the conflict in <mask>.
07/11/2022 03:04:15 - INFO - __main__ - ****************************
07/11/2022 03:04:15 - INFO - __main__ - *********References*********
07/11/2022 03:04:15 - INFO - __main__ - ['<mask> is located in <mask>.']
07/11/2022 03:04:15 - INFO - __main__ - ****************************
07/11/2022 03:04:50 - INFO - __main__ - ***********Input************
07/11/2022 03:04:50 - INFO - __main__ - A1 Senator <mask> of <mask> , the Republican leader , said his party would unite to block Senate debate next week on a bipartisan resolution opposing President Bush 's troop buildup in Iraq unless Democrats allow votes on at least two Republican alternatives .
07/11/2022 03:04:50 - INFO - __main__ - *********Hypothesis*********
07/11/2022 03:04:50 - INFO - __main__ - <mask>, former governor of <mask>.
07/11/2022 03:04:50 - INFO - __main__ - <mask> is a former governor of <mask>.
07/11/2022 03:04:50 - INFO - __main__ - <mask> is a former senator from <mask>.
07/11/2022 03:04:50 - INFO - __main__ - <mask>, is a former governor of <mask>.
07/11/2022 03:04:50 - INFO - __main__ - <mask> was elected as the new governor of <mask>.
07/11/2022 03:04:50 - INFO - __main__ - <mask> former governor of <mask>.
07/11/2022 03:04:50 - INFO - __main__ - <mask>., former governor of <mask>.
07/11/2022 03:04:50 - INFO - __main__ - <mask> a former governor of <mask>.
07/11/2022 03:04:50 - INFO - __main__ - <mask>, former senator from <mask>.
07/11/2022 03:04:50 - INFO - __main__ - <mask> is a former state senator from <mask>.
07/11/2022 03:04:50 - INFO - __main__ - ****************************
07/11/2022 03:04:50 - INFO - __main__ - *********References*********
07/11/2022 03:04:50 - INFO - __main__ - ['<mask> lives in <mask>']
07/11/2022 03:04:50 - INFO - __main__ - ****************************
07/11/2022 03:05:22 - INFO - __main__ - ***********Input************
07/11/2022 03:05:22 - INFO - __main__ - Having so many operating systems makes it expensive to make software , said <mask> , the chief executive of <mask> , whose software helps users of camera phones save and share multimedia content . ''
07/11/2022 03:05:22 - INFO - __main__ - *********Hypothesis*********
07/11/2022 03:05:22 - INFO - __main__ - <mask>, co-founder of <mask>.
07/11/2022 03:05:22 - INFO - __main__ - <mask> is the founder and ceo of <mask>.
07/11/2022 03:05:22 - INFO - __main__ - <mask>, branson and <mask>.
07/11/2022 03:05:22 - INFO - __main__ - <mask>. is a former ceo of <mask>.
07/11/2022 03:05:22 - INFO - __main__ - <mask> was a co-founder and ceo of <mask>.
07/11/2022 03:05:22 - INFO - __main__ - <mask>., the founder of <mask>.
07/11/2022 03:05:22 - INFO - __main__ - <mask>. was a co-founder of <mask>.
07/11/2022 03:05:22 - INFO - __main__ - <mask> was a co-founder of <mask>.
07/11/2022 03:05:22 - INFO - __main__ - <mask> is. and <mask>.
07/11/2022 03:05:22 - INFO - __main__ - <mask> is a co-founder of <mask>.
07/11/2022 03:05:22 - INFO - __main__ - ****************************
07/11/2022 03:05:22 - INFO - __main__ - *********References*********
07/11/2022 03:05:22 - INFO - __main__ - ['<mask> is the founder of <mask>.']
07/11/2022 03:05:22 - INFO - __main__ - ****************************
07/11/2022 03:05:55 - INFO - __main__ - ***********Input************
07/11/2022 03:05:55 - INFO - __main__ - Opposition Candidate Shot MAKHACHKALA , <mask> , Feb. 14 -LRB- Agence France-Presse -RRB- -- A local legislative candidate was shot in the head Wednesday in the southern <mask> region of Dagestan less than an hour after making a campaign speech on television here , a police spokeswoman said .
07/11/2022 03:05:55 - INFO - __main__ - *********Hypothesis*********
07/11/2022 03:05:55 - INFO - __main__ - <mask>'s official language is the official language of the country, <mask>.
07/11/2022 03:05:55 - INFO - __main__ - <mask>'s official language is <mask>.
07/11/2022 03:05:55 - INFO - __main__ - <mask>.iran's national football team is known as the <mask>.
07/11/2022 03:05:55 - INFO - __main__ - <mask>'s official language is the national language, <mask>.
07/11/2022 03:05:55 - INFO - __main__ - <mask> is a country with a rich tradition of <mask>.
07/11/2022 03:05:55 - INFO - __main__ - <mask> has a large number of foreign languages, including <mask>.
07/11/2022 03:05:55 - INFO - __main__ - <mask> has a large number of ethnic minorities, the majority of whom are <mask>.
07/11/2022 03:05:55 - INFO - __main__ - <mask>iranistan's official language is <mask>.
07/11/2022 03:05:55 - INFO - __main__ - <mask>: the official language is <mask>.
07/11/2022 03:05:55 - INFO - __main__ - <mask> has a number of official languages, including <mask>.
07/11/2022 03:05:55 - INFO - __main__ - ****************************
07/11/2022 03:05:55 - INFO - __main__ - *********References*********
07/11/2022 03:05:55 - INFO - __main__ - ['<mask> are geographically distributed in <mask>.']
07/11/2022 03:05:55 - INFO - __main__ - ****************************
07/11/2022 03:06:28 - INFO - __main__ - ***********Input************
07/11/2022 03:06:28 - INFO - __main__ - Then the hospital signed up for TeleStroke , a program offered by two Harvard teaching hospitals , <mask> and the Brigham and Women 's Hospital in <mask> .
07/11/2022 03:06:28 - INFO - __main__ - *********Hypothesis*********
07/11/2022 03:06:28 - INFO - __main__ - <mask> is a major teaching hospital in <mask>.
07/11/2022 03:06:28 - INFO - __main__ - <mask>, a medical school in <mask>.
07/11/2022 03:06:28 - INFO - __main__ - <mask>, in the medical school medical school of the university of massachusetts, in <mask>.
07/11/2022 03:06:28 - INFO - __main__ - <mask> (hms) is a medical school located in the city of <mask>.
07/11/2022 03:06:28 - INFO - __main__ - <mask> is a major hospital in <mask>.
07/11/2022 03:06:28 - INFO - __main__ - <mask>, is a major employer in <mask>.
07/11/2022 03:06:28 - INFO - __main__ - <mask>, the largest and oldest hospital in <mask>.
07/11/2022 03:06:28 - INFO - __main__ - <mask> is a private medical school in <mask>.
07/11/2022 03:06:28 - INFO - __main__ - <mask> (hms) is a medical school in boston <mask>.
07/11/2022 03:06:28 - INFO - __main__ - <mask>, a private hospital in <mask>.
07/11/2022 03:06:28 - INFO - __main__ - ****************************
07/11/2022 03:06:28 - INFO - __main__ - *********References*********
07/11/2022 03:06:28 - INFO - __main__ - ['<mask> is located in <mask>.']
07/11/2022 03:06:28 - INFO - __main__ - ****************************
07/11/2022 03:07:04 - INFO - __main__ - ***********Input************
07/11/2022 03:07:04 - INFO - __main__ - I think that the handwriting is on the wall that we are going in a different direction in the fall , and I expect the president to lead it , '' the Senate Republican leader , <mask> of <mask> , told reporters .
07/11/2022 03:07:04 - INFO - __main__ - *********Hypothesis*********
07/11/2022 03:07:04 - INFO - __main__ - <mask>, former governor of <mask>.
07/11/2022 03:07:04 - INFO - __main__ - <mask>. is the former governor of <mask>.
07/11/2022 03:07:04 - INFO - __main__ - <mask> is a former governor of <mask>.
07/11/2022 03:07:04 - INFO - __main__ - <mask>., is the former governor of <mask>.
07/11/2022 03:07:04 - INFO - __main__ - <mask> was elected as the new governor of <mask>.
07/11/2022 03:07:04 - INFO - __main__ - <mask> is the former governor of <mask>.
07/11/2022 03:07:04 - INFO - __main__ - <mask>., former governor of <mask>.
07/11/2022 03:07:04 - INFO - __main__ - <mask> is the current lieutenant governor of <mask>.
07/11/2022 03:07:04 - INFO - __main__ - <mask>.int, former governor of <mask>.
07/11/2022 03:07:04 - INFO - __main__ - <mask> is a former state senator from <mask>.
07/11/2022 03:07:04 - INFO - __main__ - ****************************
07/11/2022 03:07:04 - INFO - __main__ - *********References*********
07/11/2022 03:07:04 - INFO - __main__ - ['<mask> lives in <mask>']
07/11/2022 03:07:04 - INFO - __main__ - ****************************
07/11/2022 03:07:18 - INFO - __main__ - ***********Input************
07/11/2022 03:07:18 - INFO - __main__ - New Arts Center in <mask> The New York architects Tod Williams and Billie Tsien have been chosen to design a $ 100 million arts center at the University of <mask> , the university is to announce today .
07/11/2022 03:07:18 - INFO - __main__ - *********Hypothesis*********
07/11/2022 03:07:18 - INFO - __main__ - <mask> is the largest city in the state of <mask>.
07/11/2022 03:07:18 - INFO - __main__ - <mask> is a city in the state of <mask>.
07/11/2022 03:07:18 - INFO - __main__ - <mask> is the capital and largest city of <mask>.
07/11/2022 03:07:18 - INFO - __main__ - <mask>: the state of <mask>.
07/11/2022 03:07:18 - INFO - __main__ - <mask> was chosen as the site because it was the largest city in <mask>.
07/11/2022 03:07:18 - INFO - __main__ - <mask> is the only university in the state of <mask>.
07/11/2022 03:07:18 - INFO - __main__ - <mask> has the highest concentration of high schools in the state of <mask>.
07/11/2022 03:07:18 - INFO - __main__ - <mask>'s largest city is the state of <mask>.
07/11/2022 03:07:18 - INFO - __main__ - <mask> is the most populous city in <mask>.
07/11/2022 03:07:18 - INFO - __main__ - <mask>, pa: university of <mask>.
07/11/2022 03:07:18 - INFO - __main__ - ****************************
07/11/2022 03:07:18 - INFO - __main__ - *********References*********
07/11/2022 03:07:18 - INFO - __main__ - ['<mask> is located in <mask>.']
07/11/2022 03:07:18 - INFO - __main__ - ****************************
07/11/2022 03:07:52 - INFO - __main__ - ***********Input************
07/11/2022 03:07:52 - INFO - __main__ - That splintering is the central fact of '' Wall , '' a film by the British artist Catherine Yass , which is basically a continuous , traveling close-up pan of the concrete security barrier that has separated <mask> from the <mask> since the second intifada of 2000 .
07/11/2022 03:07:52 - INFO - __main__ - *********Hypothesis*********
07/11/2022 03:07:52 - INFO - __main__ - <mask> is a separate entity from the occupied <mask>.
07/11/2022 03:07:52 - INFO - __main__ - <mask>'s border with the occupied <mask>.
07/11/2022 03:07:52 - INFO - __main__ - <mask> has been the target of rocket attacks from the neighboring <mask>.
07/11/2022 03:07:52 - INFO - __main__ - <mask> has been accused of using the gas to attack the civilian population in the occupied <mask>.
07/11/2022 03:07:52 - INFO - __main__ - <mask> is a major source of oil for the developing <mask>.
07/11/2022 03:07:52 - INFO - __main__ - <mask>'s position on the issue has been described as a "strategic shift" towards the <mask>.
07/11/2022 03:07:52 - INFO - __main__ - <mask> is the only territory that does not have a separate <mask>.
07/11/2022 03:07:52 - INFO - __main__ - <mask>, however, is not part of the occupied <mask>.
07/11/2022 03:07:52 - INFO - __main__ - <mask> has been accused of being a "state sponsor of terrorism" by <mask>.
07/11/2022 03:07:52 - INFO - __main__ - <mask>, however, has been accused of using the term to justify its actions against the occupied <mask>.
07/11/2022 03:07:52 - INFO - __main__ - ****************************
07/11/2022 03:07:52 - INFO - __main__ - *********References*********
07/11/2022 03:07:52 - INFO - __main__ - ['<mask> is located in <mask>.']
07/11/2022 03:07:52 - INFO - __main__ - ****************************
07/11/2022 03:08:39 - INFO - __main__ - ***********Input************
07/11/2022 03:08:39 - INFO - __main__ - She left her parents and her home at 14 to train in Melun , <mask> , with the taskmaster coach <mask> .
07/11/2022 03:08:39 - INFO - __main__ - *********Hypothesis*********
07/11/2022 03:08:39 - INFO - __main__ - <mask> was the birthplace of <mask>.
07/11/2022 03:08:39 - INFO - __main__ - <mask>'s current governor is <mask>.
07/11/2022 03:08:39 - INFO - __main__ - <mask> was under the command of <mask>.
07/11/2022 03:08:39 - INFO - __main__ - <mask> is a major industrial center and is the birthplace of <mask>.
07/11/2022 03:08:39 - INFO - __main__ - <mask> was represented by <mask>.
07/11/2022 03:08:39 - INFO - __main__ - <mask>ong was the birthplace of <mask>.
07/11/2022 03:08:39 - INFO - __main__ - <mask> is represented by <mask>.
07/11/2022 03:08:39 - INFO - __main__ - <mask> is the birthplace of <mask>.
07/11/2022 03:08:39 - INFO - __main__ - <mask>'s most famous poet was <mask>.
07/11/2022 03:08:39 - INFO - __main__ - <mask>ong's current governor is <mask>.
07/11/2022 03:08:39 - INFO - __main__ - ****************************
07/11/2022 03:08:39 - INFO - __main__ - *********References*********
07/11/2022 03:08:39 - INFO - __main__ - ['the nationality of <mask> is <mask>.']
07/11/2022 03:08:39 - INFO - __main__ - ****************************
07/11/2022 03:09:15 - INFO - __main__ - ***********Input************
07/11/2022 03:09:15 - INFO - __main__ - Speaking to reporters on Wednesday , Ms. Pelosi announced that she had conveyed a message to Mr. Assad from <mask> 's prime minister , <mask> , that he was ready to negotiate for peace .
07/11/2022 03:09:15 - INFO - __main__ - *********Hypothesis*********
07/11/2022 03:09:15 - INFO - __main__ - <mask>'s foreign minister is <mask>.
07/11/2022 03:09:15 - INFO - __main__ - <mask> is currently led by prime minister <mask>.
07/11/2022 03:09:15 - INFO - __main__ - <mask> hasanon's prime minister is <mask>.
07/11/2022 03:09:15 - INFO - __main__ - <mask>. official website of <mask>.
07/11/2022 03:09:15 - INFO - __main__ - <mask>.britain's prime minister is <mask>.
07/11/2022 03:09:15 - INFO - __main__ - <mask> is currently led by <mask>.
07/11/2022 03:09:15 - INFO - __main__ - <mask>. prime minister <mask>.
07/11/2022 03:09:15 - INFO - __main__ - <mask>.net – official website of <mask>.
07/11/2022 03:09:15 - INFO - __main__ - <mask>'s prime minister is <mask>.
07/11/2022 03:09:15 - INFO - __main__ - <mask> is a major supporter of <mask>.
07/11/2022 03:09:15 - INFO - __main__ - ****************************
07/11/2022 03:09:15 - INFO - __main__ - *********References*********
07/11/2022 03:09:15 - INFO - __main__ - ['the nationality of <mask> is <mask>.']
07/11/2022 03:09:15 - INFO - __main__ - ****************************
07/11/2022 03:09:42 - INFO - __main__ - ***********Input************
07/11/2022 03:09:42 - INFO - __main__ - A memorial is planned at a later date in <mask> , <mask> .
07/11/2022 03:09:42 - INFO - __main__ - *********Hypothesis*********
07/11/2022 03:09:42 - INFO - __main__ - <mask> is the capital and largest city of <mask>.
07/11/2022 03:09:42 - INFO - __main__ - <mask>. is a city in <mask>.
07/11/2022 03:09:42 - INFO - __main__ - <mask> is a city in the state of <mask>.
07/11/2022 03:09:42 - INFO - __main__ - <mask> is the largest city in <mask>.
07/11/2022 03:09:42 - INFO - __main__ - <mask>. is the capital of <mask>.
07/11/2022 03:09:42 - INFO - __main__ - <mask>. is a city in the state of <mask>.
07/11/2022 03:09:42 - INFO - __main__ - <mask> is the largest city in the state of <mask>.
07/11/2022 03:09:42 - INFO - __main__ - <mask> is the capital of <mask>.
07/11/2022 03:09:42 - INFO - __main__ - <mask>, is the largest city in <mask>.
07/11/2022 03:09:42 - INFO - __main__ - <mask>.: the national library of <mask>.
07/11/2022 03:09:42 - INFO - __main__ - ****************************
07/11/2022 03:09:42 - INFO - __main__ - *********References*********
07/11/2022 03:09:42 - INFO - __main__ - ['<mask> is a city of <mask>.']
07/11/2022 03:09:42 - INFO - __main__ - ****************************
07/11/2022 03:10:15 - INFO - __main__ - ***********Input************
07/11/2022 03:10:15 - INFO - __main__ - For example , Mr. Ballmer opened settlement talks over a round of golf in California with <mask> , <mask> ' chairman , and addressed the French Senate in fluent French .
07/11/2022 03:10:15 - INFO - __main__ - *********Hypothesis*********
07/11/2022 03:10:15 - INFO - __main__ - <mask> was appointed as <mask>.
07/11/2022 03:10:15 - INFO - __main__ - <mask> was appointed <mask>.
07/11/2022 03:10:15 - INFO - __main__ - <mask> slim, and <mask>.
07/11/2022 03:10:15 - INFO - __main__ - <mask>'s board of directors elected him as <mask>.
07/11/2022 03:10:15 - INFO - __main__ - <mask>', the former <mask>.
07/11/2022 03:10:15 - INFO - __main__ - <mask>' is is <mask>.
07/11/2022 03:10:15 - INFO - __main__ - <mask>.', the president, <mask>.
07/11/2022 03:10:15 - INFO - __main__ - <mask> is the current <mask>.
07/11/2022 03:10:15 - INFO - __main__ - <mask>ozy, former president <mask>.
07/11/2022 03:10:15 - INFO - __main__ - <mask> was the former <mask>.
07/11/2022 03:10:15 - INFO - __main__ - ****************************
07/11/2022 03:10:15 - INFO - __main__ - *********References*********
07/11/2022 03:10:15 - INFO - __main__ - ['<mask> is the founder of <mask>.']
07/11/2022 03:10:15 - INFO - __main__ - ****************************
07/11/2022 03:10:50 - INFO - __main__ - ***********Input************
07/11/2022 03:10:50 - INFO - __main__ - Named for the <mask> youth program founded in 1999 by Chris Rolle , known as Kazi , a Bahamian orphan forced to grow up on the streets of <mask> , Brooklyn , the movie follows his efforts to encourage at-risk teenagers to express themselves in verse rather than violence .
07/11/2022 03:10:50 - INFO - __main__ - *********Hypothesis*********
07/11/2022 03:10:50 - INFO - __main__ - <mask> is currently a resident of <mask>.
07/11/2022 03:10:50 - INFO - __main__ - <mask>'s family was a prominent family in <mask>.
07/11/2022 03:10:50 - INFO - __main__ - <mask> was a member of the board of directors of the <mask>.
07/11/2022 03:10:50 - INFO - __main__ - <mask> was born and raised in <mask>.
07/11/2022 03:10:50 - INFO - __main__ - <mask> is a neighborhood in the northern part of <mask>.
07/11/2022 03:10:50 - INFO - __main__ - <mask>'s population is the largest in <mask>.
07/11/2022 03:10:50 - INFO - __main__ - <mask> has been a long-time resident of <mask>.
07/11/2022 03:10:50 - INFO - __main__ - <mask> is a former member of the band <mask>.
07/11/2022 03:10:50 - INFO - __main__ - <mask> was raised in the suburbs of <mask>.
07/11/2022 03:10:50 - INFO - __main__ - <mask>'s most famous neighborhood is <mask>.
07/11/2022 03:10:50 - INFO - __main__ - ****************************
07/11/2022 03:10:50 - INFO - __main__ - *********References*********
07/11/2022 03:10:50 - INFO - __main__ - ['<mask> is the neighbor of <mask>.']
07/11/2022 03:10:50 - INFO - __main__ - ****************************
07/11/2022 03:11:16 - INFO - __main__ - ***********Input************
07/11/2022 03:11:16 - INFO - __main__ - 6 5 Killed in <mask> Fighting Five Palestinians were killed in fighting between two clans in the <mask> .
07/11/2022 03:11:16 - INFO - __main__ - *********Hypothesis*********
07/11/2022 03:11:16 - INFO - __main__ - <mask> gaza: the main source of electricity for <mask>.
07/11/2022 03:11:16 - INFO - __main__ - <mask> strip, in the northern <mask>.
07/11/2022 03:11:16 - INFO - __main__ - <mask>. and the <mask>.
07/11/2022 03:11:16 - INFO - __main__ - <mask> jerusalem however, continued to advance on <mask>.
07/11/2022 03:11:16 - INFO - __main__ - <mask> strip, in the <mask>.
07/11/2022 03:11:16 - INFO - __main__ - <mask> gaza strip strip military and political entity in <mask>.
07/11/2022 03:11:16 - INFO - __main__ - <mask> strip. in <mask>.
07/11/2022 03:11:16 - INFO - __main__ - <mask> is the largest settlement in <mask>.
07/11/2022 03:11:16 - INFO - __main__ - <mask>-israeli-a: a history of the (apalid and) <mask>.
07/11/2022 03:11:16 - INFO - __main__ - <mask>., in the northern <mask>.
07/11/2022 03:11:16 - INFO - __main__ - ****************************
07/11/2022 03:11:16 - INFO - __main__ - *********References*********
07/11/2022 03:11:16 - INFO - __main__ - ['<mask> is the capital of <mask>.']
07/11/2022 03:11:16 - INFO - __main__ - ****************************
07/11/2022 03:11:48 - INFO - __main__ - ***********Input************
07/11/2022 03:11:48 - INFO - __main__ - <mask> , the chief executive of <mask> , made a lot of phone calls seeking advice before he entered into a merger deal with XM Satellite Radio on Monday .
07/11/2022 03:11:48 - INFO - __main__ - *********Hypothesis*********
07/11/2022 03:11:48 - INFO - __main__ - <mask> is the founder and ceo of <mask>.
07/11/2022 03:11:48 - INFO - __main__ - <mask> is the founder and chairman of <mask>.
07/11/2022 03:11:48 - INFO - __main__ - <mask> is a radio personality on <mask>.
07/11/2022 03:11:48 - INFO - __main__ - <mask>, founder and ceo of <mask>.
07/11/2022 03:11:48 - INFO - __main__ - <mask>, former ceo of <mask>.
07/11/2022 03:11:48 - INFO - __main__ - <mask> is a billionaire entrepreneur and founder of <mask>.
07/11/2022 03:11:48 - INFO - __main__ - <mask>, the founder of <mask>.
07/11/2022 03:11:48 - INFO - __main__ - <mask> was the host of the show on <mask>.
07/11/2022 03:11:48 - INFO - __main__ - <mask>, billionaire investor, founder of <mask>.
07/11/2022 03:11:48 - INFO - __main__ - <mask> is the co-founder and ceo of <mask>.
07/11/2022 03:11:48 - INFO - __main__ - ****************************
07/11/2022 03:11:48 - INFO - __main__ - *********References*********
07/11/2022 03:11:48 - INFO - __main__ - ['<mask> is the chairman of <mask>.']
07/11/2022 03:11:48 - INFO - __main__ - ****************************
07/11/2022 03:12:20 - INFO - __main__ - ***********Input************
07/11/2022 03:12:20 - INFO - __main__ - When Kyle was 5 , his mother organized a local prayer vigil for <mask> , the African immigrant shot to death by the police in <mask> . ''
07/11/2022 03:12:20 - INFO - __main__ - *********Hypothesis*********
07/11/2022 03:12:20 - INFO - __main__ - <mask> garner, ``the <mask>.
07/11/2022 03:12:20 - INFO - __main__ - <mask> garner, ``a <mask>.
07/11/2022 03:12:20 - INFO - __main__ - <mask>: "i was born in <mask>.
07/11/2022 03:12:20 - INFO - __main__ - <mask>, "the most famous and most famous black man in <mask>.
07/11/2022 03:12:20 - INFO - __main__ - <mask>, ``the city of <mask>.
07/11/2022 03:12:20 - INFO - __main__ - <mask> jr. was born in `` <mask>.
07/11/2022 03:12:20 - INFO - __main__ - <mask>, ``i was born in <mask>.
07/11/2022 03:12:20 - INFO - __main__ - <mask> was a prominent member of the ``new <mask>.
07/11/2022 03:12:20 - INFO - __main__ - <mask> brown, ``the city of <mask>.
07/11/2022 03:12:20 - INFO - __main__ - <mask>, ``i am a citizen of <mask>.
07/11/2022 03:12:20 - INFO - __main__ - ****************************
07/11/2022 03:12:20 - INFO - __main__ - *********References*********
07/11/2022 03:12:20 - INFO - __main__ - ['<mask> lives in <mask>']
07/11/2022 03:12:20 - INFO - __main__ - ****************************
07/11/2022 03:13:00 - INFO - __main__ - ***********Input************
07/11/2022 03:13:00 - INFO - __main__ - <mask> , an evolutionary biologist at <mask> , takes a different and decidedly refreshing approach .
07/11/2022 03:13:00 - INFO - __main__ - *********Hypothesis*********
07/11/2022 03:13:00 - INFO - __main__ - <mask> is a professor at <mask>.
07/11/2022 03:13:00 - INFO - __main__ - <mask> is a professor of mathematics at <mask>.
07/11/2022 03:13:00 - INFO - __main__ - <mask> is a professor of physics at <mask>.
07/11/2022 03:13:00 - INFO - __main__ - <mask>ock is a professor at <mask>.
07/11/2022 03:13:00 - INFO - __main__ - <mask>, physicist and professor of <mask>.
07/11/2022 03:13:00 - INFO - __main__ - <mask> was director of <mask>.
07/11/2022 03:13:00 - INFO - __main__ - <mask>, professor of chemistry at <mask>.
07/11/2022 03:13:00 - INFO - __main__ - <mask> was a professor of physics at <mask>.
07/11/2022 03:13:00 - INFO - __main__ - <mask>, physicist and professor at <mask>.
07/11/2022 03:13:00 - INFO - __main__ - <mask>: a biography, <mask>.
07/11/2022 03:13:00 - INFO - __main__ - ****************************
07/11/2022 03:13:00 - INFO - __main__ - *********References*********
07/11/2022 03:13:00 - INFO - __main__ - ['<mask> is the chairman of <mask>.']
07/11/2022 03:13:00 - INFO - __main__ - ****************************
07/11/2022 03:13:40 - INFO - __main__ - ***********Input************
07/11/2022 03:13:40 - INFO - __main__ - In a 1997 study , Mr. Alesina , along with Reza Baqir , an economist at the International Monetary Fund , and <mask> , an economics professor at <mask> , looked at the relationship between social spending and ethnic diversity in 2,700 cities , counties and metropolitan areas across the United States .
07/11/2022 03:13:40 - INFO - __main__ - *********Hypothesis*********
07/11/2022 03:13:40 - INFO - __main__ - <mask> is a professor of economics at <mask>.
07/11/2022 03:13:40 - INFO - __main__ - <mask>, professor of economics, <mask>.
07/11/2022 03:13:40 - INFO - __main__ - <mask> is an economist and professor of economics at <mask>.
07/11/2022 03:13:40 - INFO - __main__ - <mask>, economist and professor of economics at <mask>.
07/11/2022 03:13:40 - INFO - __main__ - <mask>, economist, professor at <mask>.
07/11/2022 03:13:40 - INFO - __main__ - <mask>, professor of economics at <mask>.
07/11/2022 03:13:40 - INFO - __main__ - <mask> was a professor of economics at <mask>.
07/11/2022 03:13:40 - INFO - __main__ - <mask>, professor emeritus of economics, <mask>.
07/11/2022 03:13:40 - INFO - __main__ - <mask>, economist, professor of economics at <mask>.
07/11/2022 03:13:40 - INFO - __main__ - <mask> is a professor of economics and finance at <mask>.
07/11/2022 03:13:40 - INFO - __main__ - ****************************
07/11/2022 03:13:40 - INFO - __main__ - *********References*********
07/11/2022 03:13:40 - INFO - __main__ - ['<mask> is the chairman of <mask>.']
07/11/2022 03:13:40 - INFO - __main__ - ****************************
07/11/2022 03:14:12 - INFO - __main__ - ***********Input************
07/11/2022 03:14:12 - INFO - __main__ - I was backpacking once , going from <mask> to <mask> at night , and I was at the top of a giant boat at 2 in the morning , everything so black , and me feeling so small .
07/11/2022 03:14:12 - INFO - __main__ - *********Hypothesis*********
07/11/2022 03:14:12 - INFO - __main__ - <mask> is the largest exporter of raw materials to <mask>.
07/11/2022 03:14:12 - INFO - __main__ - <mask> has been a major source of oil for <mask>.
07/11/2022 03:14:12 - INFO - __main__ - <mask> has had a long history of diplomatic relations with <mask>.
07/11/2022 03:14:12 - INFO - __main__ - <mask> is the only country to have a national park in <mask>.
07/11/2022 03:14:12 - INFO - __main__ - <mask>. the largest producer of coffee in <mask>.
07/11/2022 03:14:12 - INFO - __main__ - <mask> has a long history of trade with <mask>.
07/11/2022 03:14:12 - INFO - __main__ - <mask> is a major supplier of raw materials to <mask>.
07/11/2022 03:14:12 - INFO - __main__ - <mask> has a long history of cooperation with <mask>.
07/11/2022 03:14:12 - INFO - __main__ - <mask>. is the only country to have a national park, <mask>.
07/11/2022 03:14:12 - INFO - __main__ - <mask> has been the most successful team in the tournament, beating <mask>.
07/11/2022 03:14:12 - INFO - __main__ - ****************************
07/11/2022 03:14:12 - INFO - __main__ - *********References*********
07/11/2022 03:14:12 - INFO - __main__ - ['<mask> is a city of <mask>.']
07/11/2022 03:14:12 - INFO - __main__ - ****************************
07/11/2022 03:14:44 - INFO - __main__ - ***********Input************
07/11/2022 03:14:44 - INFO - __main__ - The figure does not include residents of <mask> , which <mask> captured in the 1967 war and later annexed .
07/11/2022 03:14:44 - INFO - __main__ - *********Hypothesis*********
07/11/2022 03:14:44 - INFO - __main__ - <mask> is a self-governing region of <mask>.
07/11/2022 03:14:44 - INFO - __main__ - <mask> is a former colony of <mask>.
07/11/2022 03:14:44 - INFO - __main__ - <mask>. is a city in <mask>.
07/11/2022 03:14:44 - INFO - __main__ - <mask> is the largest city in <mask>.
07/11/2022 03:14:44 - INFO - __main__ - <mask>. is the largest city in <mask>.
07/11/2022 03:14:44 - INFO - __main__ - <mask> has been a target of numerous attacks by <mask>.
07/11/2022 03:14:44 - INFO - __main__ - <mask> has been a major source of aid to <mask>.
07/11/2022 03:14:44 - INFO - __main__ - <mask> the largest producer of rice in <mask>.
07/11/2022 03:14:44 - INFO - __main__ - <mask> has an embassy in <mask>.
07/11/2022 03:14:44 - INFO - __main__ - <mask>. a. in the <mask>.
07/11/2022 03:14:44 - INFO - __main__ - ****************************
07/11/2022 03:14:44 - INFO - __main__ - *********References*********
07/11/2022 03:14:44 - INFO - __main__ - ['<mask> is the capital of <mask>.']
07/11/2022 03:14:44 - INFO - __main__ - ****************************
07/11/2022 03:15:11 - INFO - __main__ - ***********Input************
07/11/2022 03:15:11 - INFO - __main__ - We saw our justice system at work today as <mask> was convicted for his heinous crimes against one of <mask> 's children , '' Mr. Crist said in a statement .
07/11/2022 03:15:11 - INFO - __main__ - *********Hypothesis*********
07/11/2022 03:15:11 - INFO - __main__ - <mask>'s father was a successful businessman who had emigrated to <mask>.
07/11/2022 03:15:11 - INFO - __main__ - <mask> is the only one of the group to have been born in <mask>.
07/11/2022 03:15:11 - INFO - __main__ - <mask> is an avid reader and has been a member of several literary societies in <mask>.
07/11/2022 03:15:11 - INFO - __main__ - <mask>'s family had been involved in the slave trade in <mask>.
07/11/2022 03:15:11 - INFO - __main__ - <mask> and his family were among the earliest settlers of <mask>.
07/11/2022 03:15:11 - INFO - __main__ - <mask> was a pioneer in the field of public relations in <mask>.
07/11/2022 03:15:11 - INFO - __main__ - <mask> has been a member of several organizations in <mask>.
07/11/2022 03:15:11 - INFO - __main__ - <mask>'s work has been exhibited at many galleries in <mask>.
07/11/2022 03:15:11 - INFO - __main__ - <mask> is a young man who is in love with <mask>.
07/11/2022 03:15:11 - INFO - __main__ - <mask> is currently a resident of the state of <mask>.
07/11/2022 03:15:11 - INFO - __main__ - ****************************
07/11/2022 03:15:11 - INFO - __main__ - *********References*********
07/11/2022 03:15:11 - INFO - __main__ - ['<mask> is born in <mask>.']
07/11/2022 03:15:11 - INFO - __main__ - ****************************
07/11/2022 03:15:38 - INFO - __main__ - ***********Input************
07/11/2022 03:15:38 - INFO - __main__ - Mr. Katsav has left his official residence in <mask> and is living in southern <mask> .
07/11/2022 03:15:38 - INFO - __main__ - *********Hypothesis*********
07/11/2022 03:15:38 - INFO - __main__ - <mask> is the capital of the country of <mask>.
07/11/2022 03:15:38 - INFO - __main__ - <mask> is the capital of <mask>.
07/11/2022 03:15:38 - INFO - __main__ - <mask>. is the capital and largest city of <mask>.
07/11/2022 03:15:38 - INFO - __main__ - <mask>. capital of the country of <mask>.
07/11/2022 03:15:38 - INFO - __main__ - <mask> is a major center of the oil and gas industry in <mask>.
07/11/2022 03:15:38 - INFO - __main__ - <mask> is a city in the north of <mask>.
07/11/2022 03:15:38 - INFO - __main__ - <mask> was the capital and largest city of <mask>.
07/11/2022 03:15:38 - INFO - __main__ - <mask>. is is a city in <mask>.
07/11/2022 03:15:38 - INFO - __main__ - <mask> is a major oil and gas producer in <mask>.
07/11/2022 03:15:38 - INFO - __main__ - <mask> the capital of the country of <mask>.
07/11/2022 03:15:38 - INFO - __main__ - ****************************
07/11/2022 03:15:38 - INFO - __main__ - *********References*********
07/11/2022 03:15:38 - INFO - __main__ - ['<mask> is the capital of <mask>.']
07/11/2022 03:15:38 - INFO - __main__ - ****************************
07/11/2022 03:15:59 - INFO - __main__ - ***********Input************
07/11/2022 03:15:59 - INFO - __main__ - The group , called the United States Climate Action Partnership , had its origin in conversations last spring among Mr. Lash ; Fred Krupp , the president of Environmental Defense ; and <mask> , the chief executive of <mask> .
07/11/2022 03:15:59 - INFO - __main__ - *********Hypothesis*********
07/11/2022 03:15:59 - INFO - __main__ - <mask> is the founder and ceo of <mask>.
07/11/2022 03:15:59 - INFO - __main__ - <mask> is a co-founder of <mask>.
07/11/2022 03:15:59 - INFO - __main__ - <mask>, the former ceo of <mask>.
07/11/2022 03:15:59 - INFO - __main__ - <mask> is the former chairman of <mask>.
07/11/2022 03:15:59 - INFO - __main__ - <mask> has been a member of <mask>.
07/11/2022 03:15:59 - INFO - __main__ - <mask>, former vice president and former president of <mask>.
07/11/2022 03:15:59 - INFO - __main__ - <mask>, former ceo of <mask>.
07/11/2022 03:15:59 - INFO - __main__ - <mask> was a member of <mask>.
07/11/2022 03:15:59 - INFO - __main__ - <mask> was the founder and ceo of <mask>.
07/11/2022 03:15:59 - INFO - __main__ - <mask>, billionaire businessman, founder of <mask>.
07/11/2022 03:15:59 - INFO - __main__ - ****************************
07/11/2022 03:15:59 - INFO - __main__ - *********References*********
07/11/2022 03:15:59 - INFO - __main__ - ['the major shareholders of <mask> is <mask>.']
07/11/2022 03:15:59 - INFO - __main__ - ****************************
07/11/2022 03:16:24 - INFO - __main__ - ***********Input************
07/11/2022 03:16:24 - INFO - __main__ - And any hope of driving a wedge between Iran and <mask> will have to start by giving <mask> hope that there is a way in from the cold .
07/11/2022 03:16:24 - INFO - __main__ - *********Hypothesis*********
07/11/2022 03:16:24 - INFO - __main__ - <mask> is a major source of oil for <mask>.
07/11/2022 03:16:24 - INFO - __main__ - <mask>'s military has been accused of using chemical weapons against <mask>.
07/11/2022 03:16:24 - INFO - __main__ - <mask> has been accused of using its nuclear weapons to attack <mask>.
07/11/2022 03:16:24 - INFO - __main__ - <mask> is a major source of foreign aid to <mask>.
07/11/2022 03:16:24 - INFO - __main__ - <mask> was the only country that had not yet signed a peace treaty with <mask>.
07/11/2022 03:16:24 - INFO - __main__ - <mask> has not yet agreed to the terms of the peace agreement with <mask>.
07/11/2022 03:16:24 - INFO - __main__ - <mask> is the largest source of foreign aid to <mask>.
07/11/2022 03:16:24 - INFO - __main__ - <mask>, however, has not been able to achieve its goals in the war against <mask>.
07/11/2022 03:16:24 - INFO - __main__ - <mask> has been accused of having a "war on terror" against <mask>.
07/11/2022 03:16:24 - INFO - __main__ - <mask> is the largest source of oil for <mask>.
07/11/2022 03:16:24 - INFO - __main__ - ****************************
07/11/2022 03:16:24 - INFO - __main__ - *********References*********
07/11/2022 03:16:24 - INFO - __main__ - ['<mask> is the capital of <mask>.']
07/11/2022 03:16:24 - INFO - __main__ - ****************************
07/11/2022 03:16:47 - INFO - __main__ - ***********Input************
07/11/2022 03:16:47 - INFO - __main__ - But this time , the domestic scene would take place in <mask> , the sliver of a state on <mask> 's western coast .
07/11/2022 03:16:47 - INFO - __main__ - *********Hypothesis*********
07/11/2022 03:16:47 - INFO - __main__ - <mask>ashtra is a state in the state of <mask>.
07/11/2022 03:16:47 - INFO - __main__ - <mask>. is the only state with a state park system in <mask>.
07/11/2022 03:16:47 - INFO - __main__ - <mask>. is the largest producer of cotton in <mask>.
07/11/2022 03:16:47 - INFO - __main__ - <mask> columbia is a province of <mask>.
07/11/2022 03:16:47 - INFO - __main__ - <mask> is the largest producer of soybeans in <mask>.
07/11/2022 03:16:47 - INFO - __main__ - <mask>. is the only province in <mask>.
07/11/2022 03:16:47 - INFO - __main__ - <mask>. is one of the most literate states in <mask>.
07/11/2022 03:16:47 - INFO - __main__ - <mask> is a province of <mask>.
07/11/2022 03:16:47 - INFO - __main__ - <mask> is a state in the western part of <mask>.
07/11/2022 03:16:47 - INFO - __main__ - <mask>. has the highest number of people with disabilities in <mask>.
07/11/2022 03:16:47 - INFO - __main__ - ****************************
07/11/2022 03:16:47 - INFO - __main__ - *********References*********
07/11/2022 03:16:47 - INFO - __main__ - ['<mask> is a city of <mask>.']
07/11/2022 03:16:47 - INFO - __main__ - ****************************
07/11/2022 03:17:09 - INFO - __main__ - ***********Input************
07/11/2022 03:17:09 - INFO - __main__ - A frenetic schedule -LRB- a <mask> native , she logged 36 flights on Air <mask> alone last year -RRB- has forced her to make some style concessions . ''
07/11/2022 03:17:09 - INFO - __main__ - *********Hypothesis*********
07/11/2022 03:17:09 - INFO - __main__ - <mask> is the most popular and most widely used language in <mask>.
07/11/2022 03:17:09 - INFO - __main__ - <mask>ian cuisine is the cuisine of <mask>.
07/11/2022 03:17:09 - INFO - __main__ - <mask>-based companies are the largest employers in <mask>.
07/11/2022 03:17:09 - INFO - __main__ - <mask> is the largest city in the state of <mask>.
07/11/2022 03:17:09 - INFO - __main__ - <mask> has been the most popular destination for foreign students in <mask>.
07/11/2022 03:17:09 - INFO - __main__ - <mask>'s railway station is one of the busiest railway stations in <mask>.
07/11/2022 03:17:09 - INFO - __main__ - <mask>: university of the west of <mask>.
07/11/2022 03:17:09 - INFO - __main__ - <mask>'s economy is one of the most developed in <mask>.
07/11/2022 03:17:09 - INFO - __main__ - <mask>. is, is the largest city in <mask>.
07/11/2022 03:17:09 - INFO - __main__ - <mask>.german: the history of the city of <mask>.
07/11/2022 03:17:09 - INFO - __main__ - ****************************
07/11/2022 03:17:09 - INFO - __main__ - *********References*********
07/11/2022 03:17:09 - INFO - __main__ - ['<mask> is a city of <mask>.']
07/11/2022 03:17:09 - INFO - __main__ - ****************************
07/11/2022 03:17:39 - INFO - __main__ - ***********Input************
07/11/2022 03:17:39 - INFO - __main__ - Also , the <mask> president , Vladimir V. Putin , is scheduled to attend a Group of 8 meeting of the leaders of industrialized nations in Germany next week , where <mask> 's openness to investment will probably be discussed .
07/11/2022 03:17:39 - INFO - __main__ - *********Hypothesis*********
07/11/2022 03:17:39 - INFO - __main__ - <mask>-language media have been censored in <mask>.
07/11/2022 03:17:39 - INFO - __main__ - <mask> authorities had previously denied that the group had any connection to <mask>.
07/11/2022 03:17:39 - INFO - __main__ - <mask>-language newspapers were banned in <mask>.
07/11/2022 03:17:39 - INFO - __main__ - <mask> troops were not allowed to enter the <mask>.
07/11/2022 03:17:39 - INFO - __main__ - <mask>language media have been censored in <mask>.
07/11/2022 03:17:39 - INFO - __main__ - <mask> had previously denied that the group had any connection to <mask>.
07/11/2022 03:17:39 - INFO - __main__ - <mask> forces were not able to take control of <mask>.
07/11/2022 03:17:39 - INFO - __main__ - <mask> troops were not allowed to enter <mask>.
07/11/2022 03:17:39 - INFO - __main__ - <mask> military personnel were deployed to the <mask>.
07/11/2022 03:17:39 - INFO - __main__ - <mask> troops had been sent to the area to help <mask>.
07/11/2022 03:17:39 - INFO - __main__ - ****************************
07/11/2022 03:17:39 - INFO - __main__ - *********References*********
07/11/2022 03:17:39 - INFO - __main__ - ['<mask> are geographically distributed in <mask>.']
07/11/2022 03:17:39 - INFO - __main__ - ****************************
07/11/2022 03:18:12 - INFO - __main__ - ***********Input************
07/11/2022 03:18:12 - INFO - __main__ - The idea of recreational shopping is not new , '' said <mask> , a professor of sociology at <mask> and author of '' Born to Buy : The Commercialized Child and the New Consumer Culture '' -LRB- Scribner -RRB- . ''
07/11/2022 03:18:12 - INFO - __main__ - *********Hypothesis*********
07/11/2022 03:18:12 - INFO - __main__ - <mask> is a professor of psychology at <mask>.
07/11/2022 03:18:12 - INFO - __main__ - <mask>, psychologist and professor of psychology at <mask>.
07/11/2022 03:18:12 - INFO - __main__ - <mask> is a psychologist and professor of psychology at <mask>.
07/11/2022 03:18:12 - INFO - __main__ - <mask>, professor of psychology, <mask>.
07/11/2022 03:18:12 - INFO - __main__ - <mask> is a professor of economics at <mask>.
07/11/2022 03:18:12 - INFO - __main__ - <mask>, is a professor of economics at <mask>.
07/11/2022 03:18:12 - INFO - __main__ - <mask>: a biography, <mask>.
07/11/2022 03:18:12 - INFO - __main__ - <mask> is the current professor of psychology at <mask>.
07/11/2022 03:18:12 - INFO - __main__ - <mask>, jr. was a graduate of <mask>.
07/11/2022 03:18:12 - INFO - __main__ - <mask>ky is a professor of mathematics at <mask>.
07/11/2022 03:18:12 - INFO - __main__ - ****************************
07/11/2022 03:18:12 - INFO - __main__ - *********References*********
07/11/2022 03:18:12 - INFO - __main__ - ['<mask> is the chairman of <mask>.']
07/11/2022 03:18:12 - INFO - __main__ - ****************************
07/11/2022 03:18:49 - INFO - __main__ - ***********Input************
07/11/2022 03:18:49 - INFO - __main__ - Because <mask> has such a big sports community , he added , its parade has been led by quite a few athletes over the years , including <mask> , who was a National Football League running back ; the former major league outfielder Billy Bean ; and the Olympic diver Greg Louganis .
07/11/2022 03:18:49 - INFO - __main__ - *********Hypothesis*********
07/11/2022 03:18:49 - INFO - __main__ - <mask>'s defense held the colts to a field goal by <mask>.
07/11/2022 03:18:49 - INFO - __main__ - <mask> was led by the legendary <mask>.
07/11/2022 03:18:49 - INFO - __main__ - <mask>'s offense was led by quarterback <mask>.
07/11/2022 03:18:49 - INFO - __main__ - <mask> was led by a strong defense, led by <mask>.
07/11/2022 03:18:49 - INFO - __main__ - <mask> has had a number of quarterbacks in the past, including <mask>.
07/11/2022 03:18:49 - INFO - __main__ - <mask> had a strong defense, led by <mask>.
07/11/2022 03:18:49 - INFO - __main__ - <mask>'s defense was led by the outstanding <mask>.
07/11/2022 03:18:49 - INFO - __main__ - <mask>'s offense was led by a running game led by <mask>.
07/11/2022 03:18:49 - INFO - __main__ - <mask> was led by a strong defense led by <mask>.
07/11/2022 03:18:49 - INFO - __main__ - <mask> was coached by former all-american <mask>.
07/11/2022 03:18:49 - INFO - __main__ - ****************************
07/11/2022 03:18:49 - INFO - __main__ - *********References*********
07/11/2022 03:18:49 - INFO - __main__ - ['<mask> is born in <mask>.']
07/11/2022 03:18:49 - INFO - __main__ - ****************************
07/11/2022 03:19:18 - INFO - __main__ - ***********Input************
07/11/2022 03:19:18 - INFO - __main__ - In 2006 , the annual meeting morphed into a three and a half hour celebration of <mask> , <mask> 's departing chairman .
07/11/2022 03:19:18 - INFO - __main__ - *********Hypothesis*********
07/11/2022 03:19:18 - INFO - __main__ - <mask> is a co-founder of <mask>.
07/11/2022 03:19:18 - INFO - __main__ - <mask> is a former ceo of <mask>.
07/11/2022 03:19:18 - INFO - __main__ - <mask>, co-founder of <mask>.
07/11/2022 03:19:18 - INFO - __main__ - <mask> is the ceo of <mask>.
07/11/2022 03:19:18 - INFO - __main__ - <mask>, who was a co-founder of <mask>.
07/11/2022 03:19:18 - INFO - __main__ - <mask> is a major shareholder of <mask>.
07/11/2022 03:19:18 - INFO - __main__ - <mask> a co-founder of <mask>.
07/11/2022 03:19:18 - INFO - __main__ - <mask> was the son of the late president <mask>.
07/11/2022 03:19:18 - INFO - __main__ - <mask> is a shareholder of <mask>.
07/11/2022 03:19:18 - INFO - __main__ - <mask> is the founder and ceo of <mask>.
07/11/2022 03:19:18 - INFO - __main__ - ****************************
07/11/2022 03:19:18 - INFO - __main__ - *********References*********
07/11/2022 03:19:18 - INFO - __main__ - ['<mask> is advised by <mask>.']
07/11/2022 03:19:18 - INFO - __main__ - ****************************
