07/12/2022 15:45:20 - INFO - __main__ - **************** MODEL CONFIGURATION ****************
07/12/2022 15:45:20 - INFO - __main__ - bart_training             -->   True
07/12/2022 15:45:20 - INFO - __main__ - device                    -->   1
07/12/2022 15:45:20 - INFO - __main__ - group_beam                -->   True
07/12/2022 15:45:20 - INFO - __main__ - if_then                   -->   False
07/12/2022 15:45:20 - INFO - __main__ - inductor                  -->   rule
07/12/2022 15:45:20 - INFO - __main__ - log_dir                   -->   logs_new/
07/12/2022 15:45:20 - INFO - __main__ - log_name                  -->   nyt10-gs+dpp
07/12/2022 15:45:20 - INFO - __main__ - mlm_training              -->   True
07/12/2022 15:45:20 - INFO - __main__ - task                      -->   nyt10
07/12/2022 15:45:20 - INFO - __main__ - **************** MODEL CONFIGURATION ****************
07/12/2022 15:49:39 - INFO - __main__ - **************** MODEL CONFIGURATION ****************
07/12/2022 15:49:39 - INFO - __main__ - bart_training             -->   True
07/12/2022 15:49:39 - INFO - __main__ - device                    -->   1
07/12/2022 15:49:39 - INFO - __main__ - group_beam                -->   True
07/12/2022 15:49:39 - INFO - __main__ - if_then                   -->   False
07/12/2022 15:49:39 - INFO - __main__ - inductor                  -->   rule
07/12/2022 15:49:39 - INFO - __main__ - log_dir                   -->   logs_new/
07/12/2022 15:49:39 - INFO - __main__ - log_name                  -->   nyt10-gs+dpp
07/12/2022 15:49:39 - INFO - __main__ - mlm_training              -->   True
07/12/2022 15:49:39 - INFO - __main__ - task                      -->   nyt10
07/12/2022 15:49:39 - INFO - __main__ - **************** MODEL CONFIGURATION ****************
07/12/2022 15:52:57 - INFO - __main__ - ***********Input************
07/12/2022 15:52:57 - INFO - __main__ - The United States maintains diplomatic relations with <mask> , but State Department officials say no deeper engagement is warranted until the government in <mask> halts support for radical organizations , including Hezbollah in Lebanon and Hamas in the Palestinian territories . ''
07/12/2022 15:52:57 - INFO - __main__ - *********Hypothesis*********
07/12/2022 15:52:57 - INFO - __main__ - <mask>'s capital and largest city is <mask>.
07/12/2022 15:52:57 - INFO - __main__ - <mask>'s main international airport is located in <mask>.
07/12/2022 15:52:57 - INFO - __main__ - <mask> has a large number of foreign embassies in <mask>.
07/12/2022 15:52:57 - INFO - __main__ - <mask> has a large number of private and public universities, most of which are located in <mask>.
07/12/2022 15:52:57 - INFO - __main__ - <mask>'s largest city is the capital, <mask>.
07/12/2022 15:52:57 - INFO - __main__ - <mask> is the largest and most important source of foreign aid to <mask>.
07/12/2022 15:52:57 - INFO - __main__ - <mask> has a large number of embassies and consulates in <mask>.
07/12/2022 15:52:57 - INFO - __main__ - <mask>: the government has announced that it will build a new nuclear power plant in <mask>.
07/12/2022 15:52:57 - INFO - __main__ - <mask> was represented by a single athlete, a female athlete from <mask>.
07/12/2022 15:52:57 - INFO - __main__ - <mask> is the only country to have a permanent embassy in <mask>.
07/12/2022 15:52:57 - INFO - __main__ - ****************************
07/12/2022 15:52:57 - INFO - __main__ - *********References*********
07/12/2022 15:52:57 - INFO - __main__ - ['<mask> is the capital of <mask>.']
07/12/2022 15:52:57 - INFO - __main__ - ****************************
07/12/2022 15:54:18 - INFO - __main__ - ***********Input************
07/12/2022 15:54:18 - INFO - __main__ - Regional analysts said peace efforts had been undermined by the political crisis in <mask> , where Prime Minister <mask> has barely hung on to his job after being excoriated by a committee that reviewed the conduct of the war with Hezbollah in Lebanon last summer . ''
07/12/2022 15:54:18 - INFO - __main__ - *********Hypothesis*********
07/12/2022 15:54:18 - INFO - __main__ - <mask> was represented by a single mp, <mask>.
07/12/2022 15:54:18 - INFO - __main__ - <mask>'s foreign minister is currently <mask>.
07/12/2022 15:54:18 - INFO - __main__ - <mask>'s foreign minister is <mask>.
07/12/2022 15:54:18 - INFO - __main__ - <mask>'s current prime minister is <mask>.
07/12/2022 15:54:18 - INFO - __main__ - <mask> is the birthplace of former president <mask>.
07/12/2022 15:54:18 - INFO - __main__ - <mask> has been accused of using the gas to kill <mask>.
07/12/2022 15:54:18 - INFO - __main__ - <mask> is currently led by <mask>.
07/12/2022 15:54:18 - INFO - __main__ - <mask> has been a major supporter of <mask>.
07/12/2022 15:54:18 - INFO - __main__ - <mask> was represented by <mask>.
07/12/2022 15:54:18 - INFO - __main__ - <mask> is currently led by the <mask>.
07/12/2022 15:54:18 - INFO - __main__ - ****************************
07/12/2022 15:54:18 - INFO - __main__ - *********References*********
07/12/2022 15:54:18 - INFO - __main__ - ['the nationality of <mask> is <mask>.']
07/12/2022 15:54:18 - INFO - __main__ - ****************************
07/12/2022 15:55:27 - INFO - __main__ - ***********Input************
07/12/2022 15:55:27 - INFO - __main__ - In fact , <mask> 's business of maintaining Soviet-designed plants in Eastern Europe may get a boost as these countries worry about excess dependency on <mask> natural gas from Gazprom and reconsider nuclear energy as an alternative .
07/12/2022 15:55:27 - INFO - __main__ - *********Hypothesis*********
07/12/2022 15:55:27 - INFO - __main__ - <mask>'s name means "the great" in <mask>.
07/12/2022 15:55:27 - INFO - __main__ - <mask> has been the subject of several books and articles in <mask>.
07/12/2022 15:55:27 - INFO - __main__ - <mask>'s main language of instruction is <mask>.
07/12/2022 15:55:27 - INFO - __main__ - <mask> is a major source of information on the history of <mask>.
07/12/2022 15:55:27 - INFO - __main__ - <mask> was the only one to be able to speak <mask>.
07/12/2022 15:55:27 - INFO - __main__ - <mask> has a large number of foreign students, most of whom are <mask>.
07/12/2022 15:55:27 - INFO - __main__ - <mask> has a large number of employees who speak <mask>.
07/12/2022 15:55:27 - INFO - __main__ - <mask>, however, is not a <mask>.
07/12/2022 15:55:27 - INFO - __main__ - <mask> is an acronym for "rosatom <mask>.
07/12/2022 15:55:27 - INFO - __main__ - <mask>'s official language is the language of instruction, which is <mask>.
07/12/2022 15:55:27 - INFO - __main__ - ****************************
07/12/2022 15:55:27 - INFO - __main__ - *********References*********
07/12/2022 15:55:27 - INFO - __main__ - ['<mask> are geographically distributed in <mask>.']
07/12/2022 15:55:27 - INFO - __main__ - ****************************
07/12/2022 15:56:35 - INFO - __main__ - ***********Input************
07/12/2022 15:56:35 - INFO - __main__ - Prime Minister <mask> of <mask> and Mahmoud Abbas , the Palestinian president , met here on Sunday , resulting in some mixed messages regarding a resumption of their long-dormant peace efforts .
07/12/2022 15:56:35 - INFO - __main__ - *********Hypothesis*********
07/12/2022 15:56:35 - INFO - __main__ - <mask> is the current prime minister of <mask>.
07/12/2022 15:56:35 - INFO - __main__ - <mask>, prime minister of <mask>.
07/12/2022 15:56:35 - INFO - __main__ - <mask>, former prime minister of <mask>.
07/12/2022 15:56:35 - INFO - __main__ - <mask> was elected as the new prime minister of <mask>.
07/12/2022 15:56:35 - INFO - __main__ - <mask> is a politician in <mask>.
07/12/2022 15:56:35 - INFO - __main__ - <mask> is a former prime minister of <mask>.
07/12/2022 15:56:35 - INFO - __main__ - <mask> was elected prime minister of <mask>.
07/12/2022 15:56:35 - INFO - __main__ - <mask> was a former prime minister of <mask>.
07/12/2022 15:56:35 - INFO - __main__ - <mask>, the prime minister of <mask>.
07/12/2022 15:56:35 - INFO - __main__ - <mask>, who was the prime minister of <mask>.
07/12/2022 15:56:35 - INFO - __main__ - ****************************
07/12/2022 15:56:35 - INFO - __main__ - *********References*********
07/12/2022 15:56:35 - INFO - __main__ - ['the nationality of <mask> is <mask>.']
07/12/2022 15:56:35 - INFO - __main__ - ****************************
07/12/2022 15:57:33 - INFO - __main__ - ***********Input************
07/12/2022 15:57:33 - INFO - __main__ - Even when I visited my upscale cousin -LRB- he 's a psychiatrist -RRB- in <mask> , Conn. , just down the road from <mask> 's place , I felt I belonged .
07/12/2022 15:57:33 - INFO - __main__ - *********Hypothesis*********
07/12/2022 15:57:33 - INFO - __main__ - <mask> is a member of the board of directors of <mask>.
07/12/2022 15:57:33 - INFO - __main__ - <mask>, who had been a friend of <mask>.
07/12/2022 15:57:33 - INFO - __main__ - <mask> was a major hub for <mask>.
07/12/2022 15:57:33 - INFO - __main__ - <mask>'s main street is named after <mask>.
07/12/2022 15:57:33 - INFO - __main__ - <mask>, ct: the new york <mask>.
07/12/2022 15:57:33 - INFO - __main__ - <mask> is served by the local <mask>.
07/12/2022 15:57:33 - INFO - __main__ - <mask>, ct: st. martin's <mask>.
07/12/2022 15:57:33 - INFO - __main__ - <mask>, ct: the <mask>.
07/12/2022 15:57:33 - INFO - __main__ - <mask> has a son, named <mask>.
07/12/2022 15:57:33 - INFO - __main__ - <mask>: the new york times, <mask>.
07/12/2022 15:57:33 - INFO - __main__ - ****************************
07/12/2022 15:57:33 - INFO - __main__ - *********References*********
07/12/2022 15:57:33 - INFO - __main__ - ['<mask> lives in <mask>']
07/12/2022 15:57:33 - INFO - __main__ - ****************************
07/12/2022 15:58:40 - INFO - __main__ - ***********Input************
07/12/2022 15:58:40 - INFO - __main__ - It is the second stoppage of <mask> energy supplies to European countries since last winter , when natural gas shipments were shut down briefly during a gas pricing dispute between <mask> and Ukraine .
07/12/2022 15:58:40 - INFO - __main__ - *********Hypothesis*********
07/12/2022 15:58:40 - INFO - __main__ - <mask> women's national football team is the national team of <mask>.
07/12/2022 15:58:40 - INFO - __main__ - <mask> is the official language of <mask>.
07/12/2022 15:58:40 - INFO - __main__ - <mask> cuisine is the cuisine of <mask>.
07/12/2022 15:58:40 - INFO - __main__ - <mask> cuisine is the cuisine of the country of <mask>.
07/12/2022 15:58:40 - INFO - __main__ - <mask> officials said that the attack was a "serious violation" of the sovereignty of <mask>.
07/12/2022 15:58:40 - INFO - __main__ - <mask> cuisine is a variety of cuisine originating in <mask>.
07/12/2022 15:58:40 - INFO - __main__ - <mask> football is the most popular sport in <mask>.
07/12/2022 15:58:40 - INFO - __main__ - <mask>-born women are not allowed to vote in <mask>.
07/12/2022 15:58:40 - INFO - __main__ - <mask> is the official language of the <mask>.
07/12/2022 15:58:40 - INFO - __main__ - <mask> women's football is the most popular sport in <mask>.
07/12/2022 15:58:40 - INFO - __main__ - ****************************
07/12/2022 15:58:40 - INFO - __main__ - *********References*********
07/12/2022 15:58:40 - INFO - __main__ - ['<mask> are geographically distributed in <mask>.']
07/12/2022 15:58:40 - INFO - __main__ - ****************************
07/12/2022 15:59:48 - INFO - __main__ - ***********Input************
07/12/2022 15:59:48 - INFO - __main__ - <mask> , the newly elected first minister of <mask> , expressed concern Thursday that the British government had struck a deal that might permit the only person convicted in the 1988 Lockerbie bombing to return to Libya to complete his sentence .
07/12/2022 15:59:48 - INFO - __main__ - *********Hypothesis*********
07/12/2022 15:59:48 - INFO - __main__ - <mask>, the former prime minister of <mask>.
07/12/2022 15:59:48 - INFO - __main__ - <mask>, former prime minister of <mask>.
07/12/2022 15:59:48 - INFO - __main__ - <mask> is a politician in <mask>.
07/12/2022 15:59:48 - INFO - __main__ - <mask> is the current prime minister of <mask>.
07/12/2022 15:59:48 - INFO - __main__ - <mask>, prime minister of <mask>.
07/12/2022 15:59:48 - INFO - __main__ - <mask> is the current chief executive of <mask>.
07/12/2022 15:59:48 - INFO - __main__ - <mask> was a former prime minister of <mask>.
07/12/2022 15:59:48 - INFO - __main__ - <mask> is a former prime minister of <mask>.
07/12/2022 15:59:48 - INFO - __main__ - <mask> has been a supporter of the idea of <mask>.
07/12/2022 15:59:48 - INFO - __main__ - <mask> was elected as the new prime minister of <mask>.
07/12/2022 15:59:48 - INFO - __main__ - ****************************
07/12/2022 15:59:48 - INFO - __main__ - *********References*********
07/12/2022 15:59:48 - INFO - __main__ - ['the nationality of <mask> is <mask>.']
07/12/2022 15:59:48 - INFO - __main__ - ****************************
07/12/2022 16:01:08 - INFO - __main__ - ***********Input************
07/12/2022 16:01:08 - INFO - __main__ - 10 P.M. -LRB- Travel -RRB- 1,000 PLACES TO SEE BEFORE YOU DIE -- No , it 's not '' The Apprentice , '' but tonight the Ulles will be swimming with the sharks -- as well as riding elephants and discovering <mask> -- as they explore <mask> .
07/12/2022 16:01:08 - INFO - __main__ - *********Hypothesis*********
07/12/2022 16:01:08 - INFO - __main__ - <mask> is an island in the middle of <mask>.
07/12/2022 16:01:08 - INFO - __main__ - <mask> was a major source of the early settlers of <mask>.
07/12/2022 16:01:08 - INFO - __main__ - <mask> has been a major source of inspiration for the development of <mask>.
07/12/2022 16:01:08 - INFO - __main__ - <mask> is a small, but growing, island in the middle of <mask>.
07/12/2022 16:01:08 - INFO - __main__ - <mask> has been the subject of several books and articles about the <mask>.
07/12/2022 16:01:08 - INFO - __main__ - <mask> has been a major source of inspiration for the city of <mask>.
07/12/2022 16:01:08 - INFO - __main__ - <mask>'s main focus is on the development of a. <mask>.
07/12/2022 16:01:08 - INFO - __main__ - <mask> was the only ship to be built in <mask>.
07/12/2022 16:01:08 - INFO - __main__ - <mask> has been the subject of several books and articles about <mask>.
07/12/2022 16:01:08 - INFO - __main__ - <mask> has been a major source of inspiration for <mask>.
07/12/2022 16:01:08 - INFO - __main__ - ****************************
07/12/2022 16:01:08 - INFO - __main__ - *********References*********
07/12/2022 16:01:08 - INFO - __main__ - ['<mask> is located in <mask>.']
07/12/2022 16:01:08 - INFO - __main__ - ****************************
07/12/2022 16:03:09 - INFO - __main__ - ***********Input************
07/12/2022 16:03:09 - INFO - __main__ - In 1999 , she acted in '' Selma , Lord , Selma , '' about the civil rights march , and in 1996 appeared in '' Ghosts of <mask> , '' about efforts to track down the killer of <mask> , the civil rights leader .
07/12/2022 16:03:09 - INFO - __main__ - *********Hypothesis*********
07/12/2022 16:03:09 - INFO - __main__ - <mask>: the life and times of <mask>.
07/12/2022 16:03:09 - INFO - __main__ - <mask> was a major influence on <mask>.
07/12/2022 16:03:09 - INFO - __main__ - <mask> led by <mask>.
07/12/2022 16:03:09 - INFO - __main__ - <mask>, the scroo, and <mask>.
07/12/2022 16:03:09 - INFO - __main__ - <mask>: a biography of <mask>.
07/12/2022 16:03:09 - INFO - __main__ - ****************************
07/12/2022 16:03:09 - INFO - __main__ - *********References*********
07/12/2022 16:03:09 - INFO - __main__ - ['<mask> lives in <mask>']
07/12/2022 16:03:09 - INFO - __main__ - ****************************
07/12/2022 16:04:09 - INFO - __main__ - ***********Input************
07/12/2022 16:04:09 - INFO - __main__ - In a state that was pivotal to President Bush 's election and re-election , <mask> , which includes <mask> , has seen more than its share of recent election troubles .
07/12/2022 16:04:09 - INFO - __main__ - *********Hypothesis*********
07/12/2022 16:04:09 - INFO - __main__ - <mask>'s largest city by population is <mask>.
07/12/2022 16:04:09 - INFO - __main__ - <mask> highway 6 is a north–south highway in <mask>.
07/12/2022 16:04:09 - INFO - __main__ - <mask> state route 9 is a north–south highway in <mask>.
07/12/2022 16:04:09 - INFO - __main__ - <mask> has a large number of public schools, most of which are located in <mask>.
07/12/2022 16:04:09 - INFO - __main__ - <mask>: the state's capital and largest city is <mask>.
07/12/2022 16:04:09 - INFO - __main__ - <mask> route 9 is a north–south highway in <mask>.
07/12/2022 16:04:09 - INFO - __main__ - <mask> is the only state to have a state capital, <mask>.
07/12/2022 16:04:09 - INFO - __main__ - <mask>: the state capital is <mask>.
07/12/2022 16:04:09 - INFO - __main__ - <mask>'s capital and largest city is <mask>.
07/12/2022 16:04:09 - INFO - __main__ - <mask> state highway 6 is a north–south highway in <mask>.
07/12/2022 16:04:09 - INFO - __main__ - ****************************
07/12/2022 16:04:09 - INFO - __main__ - *********References*********
07/12/2022 16:04:09 - INFO - __main__ - ['<mask>']
07/12/2022 16:04:09 - INFO - __main__ - ****************************
07/12/2022 16:05:13 - INFO - __main__ - ***********Input************
07/12/2022 16:05:13 - INFO - __main__ - House Speaker Nancy Pelosi arrived in <mask> on Tuesday for a visit that is seen as part of an attempt to sway Bush administration policy on Iraq and the rest of the <mask> .
07/12/2022 16:05:13 - INFO - __main__ - *********Hypothesis*********
07/12/2022 16:05:13 - INFO - __main__ - <mask> is the largest city in the entire <mask>.
07/12/2022 16:05:13 - INFO - __main__ - <mask> is a major oil and gas producer in the entire <mask>.
07/12/2022 16:05:13 - INFO - __main__ - <mask> has been the center of the oil industry in the entire <mask>.
07/12/2022 16:05:13 - INFO - __main__ - <mask> was the capital of the ancient <mask>.
07/12/2022 16:05:13 - INFO - __main__ - <mask> is one of the most important cities in <mask>.
07/12/2022 16:05:13 - INFO - __main__ - <mask> was a major oil producer in the ancient <mask>.
07/12/2022 16:05:13 - INFO - __main__ - <mask> has been a major source of oil for the entire <mask>.
07/12/2022 16:05:13 - INFO - __main__ - <mask> was an important trading center in the ancient <mask>.
07/12/2022 16:05:13 - INFO - __main__ - <mask> is one of the most important oil producers of <mask>.
07/12/2022 16:05:13 - INFO - __main__ - <mask>'s economy is one of the most developed in <mask>.
07/12/2022 16:05:13 - INFO - __main__ - ****************************
07/12/2022 16:05:13 - INFO - __main__ - *********References*********
07/12/2022 16:05:13 - INFO - __main__ - ['<mask> is located in <mask>.']
07/12/2022 16:05:13 - INFO - __main__ - ****************************
07/12/2022 16:06:19 - INFO - __main__ - ***********Input************
07/12/2022 16:06:19 - INFO - __main__ - A1 Senator <mask> of <mask> , the Republican leader , said his party would unite to block Senate debate next week on a bipartisan resolution opposing President Bush 's troop buildup in Iraq unless Democrats allow votes on at least two Republican alternatives .
07/12/2022 16:06:19 - INFO - __main__ - *********Hypothesis*********
07/12/2022 16:06:19 - INFO - __main__ - <mask>, former governor of <mask>.
07/12/2022 16:06:19 - INFO - __main__ - <mask> is a former senator from <mask>.
07/12/2022 16:06:19 - INFO - __main__ - <mask> is a former governor of <mask>.
07/12/2022 16:06:19 - INFO - __main__ - <mask> was elected as the new governor of <mask>.
07/12/2022 16:06:19 - INFO - __main__ - <mask>, former senator from the state of <mask>.
07/12/2022 16:06:19 - INFO - __main__ - <mask> is the current senator from <mask>.
07/12/2022 16:06:19 - INFO - __main__ - <mask>, former senator from <mask>.
07/12/2022 16:06:19 - INFO - __main__ - <mask>, incumbent senator from <mask>.
07/12/2022 16:06:19 - INFO - __main__ - <mask> is a former state senator from <mask>.
07/12/2022 16:06:19 - INFO - __main__ - <mask>, who was running for governor of <mask>.
07/12/2022 16:06:19 - INFO - __main__ - ****************************
07/12/2022 16:06:19 - INFO - __main__ - *********References*********
07/12/2022 16:06:19 - INFO - __main__ - ['<mask> lives in <mask>']
07/12/2022 16:06:19 - INFO - __main__ - ****************************
07/12/2022 16:07:24 - INFO - __main__ - ***********Input************
07/12/2022 16:07:24 - INFO - __main__ - Having so many operating systems makes it expensive to make software , said <mask> , the chief executive of <mask> , whose software helps users of camera phones save and share multimedia content . ''
07/12/2022 16:07:24 - INFO - __main__ - *********Hypothesis*********
07/12/2022 16:07:24 - INFO - __main__ - <mask> is the founder and ceo of <mask>.
07/12/2022 16:07:24 - INFO - __main__ - <mask> was a co-founder and ceo of <mask>.
07/12/2022 16:07:24 - INFO - __main__ - <mask> is the founder and chairman of <mask>.
07/12/2022 16:07:24 - INFO - __main__ - <mask> is a former ceo of <mask>.
07/12/2022 16:07:24 - INFO - __main__ - <mask>, the ceo of <mask>.
07/12/2022 16:07:24 - INFO - __main__ - <mask> was a major investor in <mask>.
07/12/2022 16:07:24 - INFO - __main__ - <mask> has stated that he is a fan of <mask>.
07/12/2022 16:07:24 - INFO - __main__ - <mask> has been a frequent contributor to <mask>.
07/12/2022 16:07:24 - INFO - __main__ - <mask> is the ceo of <mask>.
07/12/2022 16:07:24 - INFO - __main__ - <mask> has been a major investor in <mask>.
07/12/2022 16:07:24 - INFO - __main__ - ****************************
07/12/2022 16:07:24 - INFO - __main__ - *********References*********
07/12/2022 16:07:24 - INFO - __main__ - ['<mask> is the founder of <mask>.']
07/12/2022 16:07:24 - INFO - __main__ - ****************************
07/12/2022 16:08:29 - INFO - __main__ - ***********Input************
07/12/2022 16:08:29 - INFO - __main__ - Opposition Candidate Shot MAKHACHKALA , <mask> , Feb. 14 -LRB- Agence France-Presse -RRB- -- A local legislative candidate was shot in the head Wednesday in the southern <mask> region of Dagestan less than an hour after making a campaign speech on television here , a police spokeswoman said .
07/12/2022 16:08:29 - INFO - __main__ - *********Hypothesis*********
07/12/2022 16:08:29 - INFO - __main__ - <mask>'s official language is <mask>.
07/12/2022 16:08:29 - INFO - __main__ - <mask> has a number of different dialects of <mask>.
07/12/2022 16:08:29 - INFO - __main__ - <mask>'s main language is the <mask>.
07/12/2022 16:08:29 - INFO - __main__ - <mask>'s main language is <mask>.
07/12/2022 16:08:29 - INFO - __main__ - <mask> has a number of languages, including <mask>.
07/12/2022 16:08:29 - INFO - __main__ - <mask>: the official language is <mask>.
07/12/2022 16:08:29 - INFO - __main__ - <mask> has a large number of foreign-born <mask>.
07/12/2022 16:08:29 - INFO - __main__ - <mask> has no official language, but most of its population speaks <mask>.
07/12/2022 16:08:29 - INFO - __main__ - <mask>'s official language is the <mask>.
07/12/2022 16:08:29 - INFO - __main__ - <mask> has a large number of foreign-born people, and many of them are of <mask>.
07/12/2022 16:08:29 - INFO - __main__ - ****************************
07/12/2022 16:08:29 - INFO - __main__ - *********References*********
07/12/2022 16:08:29 - INFO - __main__ - ['<mask> are geographically distributed in <mask>.']
07/12/2022 16:08:29 - INFO - __main__ - ****************************
07/12/2022 16:09:31 - INFO - __main__ - ***********Input************
07/12/2022 16:09:31 - INFO - __main__ - Then the hospital signed up for TeleStroke , a program offered by two Harvard teaching hospitals , <mask> and the Brigham and Women 's Hospital in <mask> .
07/12/2022 16:09:31 - INFO - __main__ - *********Hypothesis*********
07/12/2022 16:09:31 - INFO - __main__ - <mask> is a major medical center in <mask>.
07/12/2022 16:09:31 - INFO - __main__ - <mask>, the largest private hospital in <mask>.
07/12/2022 16:09:31 - INFO - __main__ - <mask> is a medical school in <mask>.
07/12/2022 16:09:31 - INFO - __main__ - <mask>, which is located in <mask>.
07/12/2022 16:09:31 - INFO - __main__ - <mask> is the oldest and largest medical school in <mask>.
07/12/2022 16:09:31 - INFO - __main__ - <mask> was founded in <mask>.
07/12/2022 16:09:31 - INFO - __main__ - <mask> has been the largest employer in <mask>.
07/12/2022 16:09:31 - INFO - __main__ - <mask> in the city of <mask>.
07/12/2022 16:09:31 - INFO - __main__ - <mask> is the largest hospital in <mask>.
07/12/2022 16:09:31 - INFO - __main__ - <mask> is an independent, non-profit organization based in <mask>.
07/12/2022 16:09:31 - INFO - __main__ - ****************************
07/12/2022 16:09:31 - INFO - __main__ - *********References*********
07/12/2022 16:09:31 - INFO - __main__ - ['<mask> is located in <mask>.']
07/12/2022 16:09:31 - INFO - __main__ - ****************************
07/12/2022 16:10:34 - INFO - __main__ - ***********Input************
07/12/2022 16:10:34 - INFO - __main__ - I think that the handwriting is on the wall that we are going in a different direction in the fall , and I expect the president to lead it , '' the Senate Republican leader , <mask> of <mask> , told reporters .
07/12/2022 16:10:34 - INFO - __main__ - *********Hypothesis*********
07/12/2022 16:10:34 - INFO - __main__ - <mask>, former governor of <mask>.
07/12/2022 16:10:34 - INFO - __main__ - <mask> is a former senator from <mask>.
07/12/2022 16:10:34 - INFO - __main__ - <mask>, former senator from the state of <mask>.
07/12/2022 16:10:34 - INFO - __main__ - <mask>, incumbent senator from <mask>.
07/12/2022 16:10:34 - INFO - __main__ - <mask> was elected as the new governor of <mask>.
07/12/2022 16:10:34 - INFO - __main__ - <mask> is the current lieutenant governor of <mask>.
07/12/2022 16:10:34 - INFO - __main__ - <mask> is a former governor of <mask>.
07/12/2022 16:10:34 - INFO - __main__ - <mask> is a former state senator from <mask>.
07/12/2022 16:10:34 - INFO - __main__ - <mask>, the incumbent senator from <mask>.
07/12/2022 16:10:34 - INFO - __main__ - <mask> is the current governor of <mask>.
07/12/2022 16:10:34 - INFO - __main__ - ****************************
07/12/2022 16:10:34 - INFO - __main__ - *********References*********
07/12/2022 16:10:34 - INFO - __main__ - ['<mask> lives in <mask>']
07/12/2022 16:10:34 - INFO - __main__ - ****************************
07/12/2022 16:10:54 - INFO - __main__ - ***********Input************
07/12/2022 16:10:54 - INFO - __main__ - New Arts Center in <mask> The New York architects Tod Williams and Billie Tsien have been chosen to design a $ 100 million arts center at the University of <mask> , the university is to announce today .
07/12/2022 16:10:54 - INFO - __main__ - *********Hypothesis*********
07/12/2022 16:10:54 - INFO - __main__ - <mask> is the largest city in the state of <mask>.
07/12/2022 16:10:54 - INFO - __main__ - <mask> is a major center for the arts in <mask>.
07/12/2022 16:10:54 - INFO - __main__ - <mask>: university of <mask>.
07/12/2022 16:10:54 - INFO - __main__ - <mask> has been the home of many notable people in <mask>.
07/12/2022 16:10:54 - INFO - __main__ - <mask> was the only major city in <mask>.
07/12/2022 16:10:54 - INFO - __main__ - <mask>, the capital and largest city of <mask>.
07/12/2022 16:10:54 - INFO - __main__ - <mask> was chosen as the site because it was the largest city in <mask>.
07/12/2022 16:10:54 - INFO - __main__ - <mask> is the capital and largest city of <mask>.
07/12/2022 16:10:54 - INFO - __main__ - <mask> has been a major center of the arts in <mask>.
07/12/2022 16:10:54 - INFO - __main__ - <mask> was named for the state of <mask>.
07/12/2022 16:10:54 - INFO - __main__ - ****************************
07/12/2022 16:10:54 - INFO - __main__ - *********References*********
07/12/2022 16:10:54 - INFO - __main__ - ['<mask> is located in <mask>.']
07/12/2022 16:10:54 - INFO - __main__ - ****************************
07/12/2022 16:11:59 - INFO - __main__ - ***********Input************
07/12/2022 16:11:59 - INFO - __main__ - That splintering is the central fact of '' Wall , '' a film by the British artist Catherine Yass , which is basically a continuous , traveling close-up pan of the concrete security barrier that has separated <mask> from the <mask> since the second intifada of 2000 .
07/12/2022 16:11:59 - INFO - __main__ - *********Hypothesis*********
07/12/2022 16:11:59 - INFO - __main__ - <mask>'s military has been accused of using excessive force against the <mask>.
07/12/2022 16:11:59 - INFO - __main__ - <mask> is a major source of food for the <mask>.
07/12/2022 16:11:59 - INFO - __main__ - <mask> has been a major source of aid for the <mask>.
07/12/2022 16:11:59 - INFO - __main__ - <mask> has been accused of using the gas to attack <mask>.
07/12/2022 16:11:59 - INFO - __main__ - <mask> has a long history of conflict with the <mask>.
07/12/2022 16:11:59 - INFO - __main__ - <mask> has been accused of using the gas to attack the <mask>.
07/12/2022 16:11:59 - INFO - __main__ - <mask> and the <mask>.
07/12/2022 16:11:59 - INFO - __main__ - <mask> and the international: a <mask>.
07/12/2022 16:11:59 - INFO - __main__ - <mask>, however, was not a part of <mask>.
07/12/2022 16:11:59 - INFO - __main__ - <mask> was the only city in the world to have a permanent embassy to <mask>.
07/12/2022 16:11:59 - INFO - __main__ - ****************************
07/12/2022 16:11:59 - INFO - __main__ - *********References*********
07/12/2022 16:11:59 - INFO - __main__ - ['<mask> is located in <mask>.']
07/12/2022 16:11:59 - INFO - __main__ - ****************************
07/12/2022 16:13:30 - INFO - __main__ - ***********Input************
07/12/2022 16:13:30 - INFO - __main__ - She left her parents and her home at 14 to train in Melun , <mask> , with the taskmaster coach <mask> .
07/12/2022 16:13:30 - INFO - __main__ - *********Hypothesis*********
07/12/2022 16:13:30 - INFO - __main__ - <mask> was the birthplace of <mask>.
07/12/2022 16:13:30 - INFO - __main__ - <mask>'s current governor is <mask>.
07/12/2022 16:13:30 - INFO - __main__ - <mask> was represented by <mask>.
07/12/2022 16:13:30 - INFO - __main__ - <mask> was under the command of <mask>.
07/12/2022 16:13:30 - INFO - __main__ - <mask> is a major industrial center, and is the birthplace of <mask>.
07/12/2022 16:13:30 - INFO - __main__ - <mask> is the birthplace of <mask>.
07/12/2022 16:13:30 - INFO - __main__ - <mask>'s most famous poet was <mask>.
07/12/2022 16:13:30 - INFO - __main__ - <mask> is a novel by <mask>.
07/12/2022 16:13:30 - INFO - __main__ - <mask> was the birthplace of the poet <mask>.
07/12/2022 16:13:30 - INFO - __main__ - <mask> has been a major source of inspiration for <mask>.
07/12/2022 16:13:30 - INFO - __main__ - ****************************
07/12/2022 16:13:30 - INFO - __main__ - *********References*********
07/12/2022 16:13:30 - INFO - __main__ - ['the nationality of <mask> is <mask>.']
07/12/2022 16:13:30 - INFO - __main__ - ****************************
07/12/2022 16:14:34 - INFO - __main__ - ***********Input************
07/12/2022 16:14:34 - INFO - __main__ - Speaking to reporters on Wednesday , Ms. Pelosi announced that she had conveyed a message to Mr. Assad from <mask> 's prime minister , <mask> , that he was ready to negotiate for peace .
07/12/2022 16:14:34 - INFO - __main__ - *********Hypothesis*********
07/12/2022 16:14:34 - INFO - __main__ - <mask>'s current prime minister is <mask>.
07/12/2022 16:14:34 - INFO - __main__ - <mask>'s foreign minister is <mask>.
07/12/2022 16:14:34 - INFO - __main__ - <mask>'s prime minister is <mask>.
07/12/2022 16:14:34 - INFO - __main__ - <mask> is currently led by prime minister <mask>.
07/12/2022 16:14:34 - INFO - __main__ - <mask> is currently led by <mask>.
07/12/2022 16:14:34 - INFO - __main__ - <mask> has been a major supporter of <mask>.
07/12/2022 16:14:34 - INFO - __main__ - <mask> is a major oil producer and is the birthplace of <mask>.
07/12/2022 16:14:34 - INFO - __main__ - <mask> is led by prime minister <mask>.
07/12/2022 16:14:34 - INFO - __main__ - <mask> was the birthplace of <mask>.
07/12/2022 16:14:34 - INFO - __main__ - <mask> is currently under the presidency of <mask>.
07/12/2022 16:14:34 - INFO - __main__ - ****************************
07/12/2022 16:14:34 - INFO - __main__ - *********References*********
07/12/2022 16:14:34 - INFO - __main__ - ['the nationality of <mask> is <mask>.']
07/12/2022 16:14:34 - INFO - __main__ - ****************************
07/12/2022 16:15:28 - INFO - __main__ - ***********Input************
07/12/2022 16:15:28 - INFO - __main__ - A memorial is planned at a later date in <mask> , <mask> .
07/12/2022 16:15:28 - INFO - __main__ - *********Hypothesis*********
07/12/2022 16:15:28 - INFO - __main__ - <mask> is the capital and largest city of <mask>.
07/12/2022 16:15:28 - INFO - __main__ - <mask> is the largest city in <mask>.
07/12/2022 16:15:28 - INFO - __main__ - <mask> is one of the most important cities in <mask>.
07/12/2022 16:15:28 - INFO - __main__ - <mask> was chosen as the capital of <mask>.
07/12/2022 16:15:28 - INFO - __main__ - <mask> is a city in the state of <mask>.
07/12/2022 16:15:28 - INFO - __main__ - <mask> has a long history of being the capital of <mask>.
07/12/2022 16:15:28 - INFO - __main__ - <mask> is the largest city in the <mask>.
07/12/2022 16:15:28 - INFO - __main__ - <mask>: university of <mask>.
07/12/2022 16:15:28 - INFO - __main__ - <mask> has the highest concentration of high-rise buildings in <mask>.
07/12/2022 16:15:28 - INFO - __main__ - <mask> is a city in <mask>.
07/12/2022 16:15:28 - INFO - __main__ - ****************************
07/12/2022 16:15:28 - INFO - __main__ - *********References*********
07/12/2022 16:15:28 - INFO - __main__ - ['<mask> is a city of <mask>.']
07/12/2022 16:15:28 - INFO - __main__ - ****************************
07/12/2022 16:16:33 - INFO - __main__ - ***********Input************
07/12/2022 16:16:33 - INFO - __main__ - For example , Mr. Ballmer opened settlement talks over a round of golf in California with <mask> , <mask> ' chairman , and addressed the French Senate in fluent French .
07/12/2022 16:16:33 - INFO - __main__ - *********Hypothesis*********
07/12/2022 16:16:33 - INFO - __main__ - <mask> is the current <mask>.
07/12/2022 16:16:33 - INFO - __main__ - <mask> is a former <mask>.
07/12/2022 16:16:33 - INFO - __main__ - <mask> has been a long-time <mask>.
07/12/2022 16:16:33 - INFO - __main__ - <mask> was appointed as <mask>.
07/12/2022 16:16:33 - INFO - __main__ - <mask> was the company's founder and <mask>.
07/12/2022 16:16:33 - INFO - __main__ - <mask> was the new <mask>.
07/12/2022 16:16:33 - INFO - __main__ - <mask> had previously been a <mask>.
07/12/2022 16:16:33 - INFO - __main__ - <mask> was the only <mask>.
07/12/2022 16:16:33 - INFO - __main__ - <mask>: the man who was <mask>.
07/12/2022 16:16:33 - INFO - __main__ - <mask> was the only person to have been <mask>.
07/12/2022 16:16:33 - INFO - __main__ - ****************************
07/12/2022 16:16:33 - INFO - __main__ - *********References*********
07/12/2022 16:16:33 - INFO - __main__ - ['<mask> is the founder of <mask>.']
07/12/2022 16:16:33 - INFO - __main__ - ****************************
07/12/2022 16:17:38 - INFO - __main__ - ***********Input************
07/12/2022 16:17:38 - INFO - __main__ - Named for the <mask> youth program founded in 1999 by Chris Rolle , known as Kazi , a Bahamian orphan forced to grow up on the streets of <mask> , Brooklyn , the movie follows his efforts to encourage at-risk teenagers to express themselves in verse rather than violence .
07/12/2022 16:17:38 - INFO - __main__ - *********Hypothesis*********
07/12/2022 16:17:38 - INFO - __main__ - <mask> is a neighborhood in the borough of <mask>.
07/12/2022 16:17:38 - INFO - __main__ - <mask> was the only black neighborhood in <mask>.
07/12/2022 16:17:38 - INFO - __main__ - <mask> is a former neighborhood of <mask>.
07/12/2022 16:17:38 - INFO - __main__ - <mask>'s family moved to a house in <mask>.
07/12/2022 16:17:38 - INFO - __main__ - <mask> was born and raised in the <mask>.
07/12/2022 16:17:38 - INFO - __main__ - <mask> has been a major contributor to the development of the <mask>.
07/12/2022 16:17:38 - INFO - __main__ - <mask> was born and raised in <mask>.
07/12/2022 16:17:38 - INFO - __main__ - <mask> is a major cultural and social event in <mask>.
07/12/2022 16:17:38 - INFO - __main__ - <mask> has been a long-time resident of <mask>.
07/12/2022 16:17:38 - INFO - __main__ - <mask> has been a major contributor to the development of <mask>.
07/12/2022 16:17:38 - INFO - __main__ - ****************************
07/12/2022 16:17:38 - INFO - __main__ - *********References*********
07/12/2022 16:17:38 - INFO - __main__ - ['<mask> is the neighbor of <mask>.']
07/12/2022 16:17:38 - INFO - __main__ - ****************************
07/12/2022 16:18:25 - INFO - __main__ - ***********Input************
07/12/2022 16:18:25 - INFO - __main__ - 6 5 Killed in <mask> Fighting Five Palestinians were killed in fighting between two clans in the <mask> .
07/12/2022 16:18:25 - INFO - __main__ - *********Hypothesis*********
07/12/2022 16:18:25 - INFO - __main__ - <mask> officials have said that the rocket was fired from the northern <mask>.
07/12/2022 16:18:25 - INFO - __main__ - <mask> women's football is the women's national football team of <mask>.
07/12/2022 16:18:25 - INFO - __main__ - <mask> cuisine is the cuisine of <mask>.
07/12/2022 16:18:25 - INFO - __main__ - <mask> sources say that the rocket was fired from the <mask>.
07/12/2022 16:18:25 - INFO - __main__ - <mask> militants claimed responsibility for the attack, which occurred in the <mask>.
07/12/2022 16:18:25 - INFO - __main__ - <mask> forces were forced to withdraw from the <mask>.
07/12/2022 16:18:25 - INFO - __main__ - <mask> activists and residents have been killed by rockets fired from <mask>.
07/12/2022 16:18:25 - INFO - __main__ - <mask> women are not allowed to work in the private sector in <mask>.
07/12/2022 16:18:25 - INFO - __main__ - <mask>-israeli border crossings are located in the <mask>.
07/12/2022 16:18:25 - INFO - __main__ - <mask> police said the attack was aimed at a civilian in the <mask>.
07/12/2022 16:18:25 - INFO - __main__ - ****************************
07/12/2022 16:18:25 - INFO - __main__ - *********References*********
07/12/2022 16:18:25 - INFO - __main__ - ['<mask> is the capital of <mask>.']
07/12/2022 16:18:25 - INFO - __main__ - ****************************
07/12/2022 16:19:24 - INFO - __main__ - ***********Input************
07/12/2022 16:19:24 - INFO - __main__ - <mask> , the chief executive of <mask> , made a lot of phone calls seeking advice before he entered into a merger deal with XM Satellite Radio on Monday .
07/12/2022 16:19:24 - INFO - __main__ - *********Hypothesis*********
07/12/2022 16:19:24 - INFO - __main__ - <mask> is the founder and ceo of <mask>.
07/12/2022 16:19:24 - INFO - __main__ - <mask>, the founder of <mask>.
07/12/2022 16:19:24 - INFO - __main__ - <mask> is a former ceo of <mask>.
07/12/2022 16:19:24 - INFO - __main__ - <mask>, former ceo of <mask>.
07/12/2022 16:19:24 - INFO - __main__ - <mask> is the ceo of <mask>.
07/12/2022 16:19:24 - INFO - __main__ - <mask>, ceo of <mask>.
07/12/2022 16:19:24 - INFO - __main__ - <mask> has been a frequent guest on <mask>.
07/12/2022 16:19:24 - INFO - __main__ - <mask>, founder of <mask>.
07/12/2022 16:19:24 - INFO - __main__ - <mask> is a former co-founder of <mask>.
07/12/2022 16:19:24 - INFO - __main__ - <mask> was the original owner of <mask>.
07/12/2022 16:19:24 - INFO - __main__ - ****************************
07/12/2022 16:19:24 - INFO - __main__ - *********References*********
07/12/2022 16:19:24 - INFO - __main__ - ['<mask> is the chairman of <mask>.']
07/12/2022 16:19:24 - INFO - __main__ - ****************************
07/12/2022 16:20:22 - INFO - __main__ - ***********Input************
07/12/2022 16:20:22 - INFO - __main__ - When Kyle was 5 , his mother organized a local prayer vigil for <mask> , the African immigrant shot to death by the police in <mask> . ''
07/12/2022 16:20:22 - INFO - __main__ - *********Hypothesis*********
07/12/2022 16:20:22 - INFO - __main__ - <mask>: "we are in <mask>.
07/12/2022 16:20:22 - INFO - __main__ - <mask>, ``i am a <mask>.
07/12/2022 16:20:22 - INFO - __main__ - <mask> is the ``most famous black man in <mask>.
07/12/2022 16:20:22 - INFO - __main__ - <mask>: "i was born in <mask>.
07/12/2022 16:20:22 - INFO - __main__ - <mask>, ``the city of <mask>.
07/12/2022 16:20:22 - INFO - __main__ - <mask> was born in `` <mask>.
07/12/2022 16:20:22 - INFO - __main__ - <mask>, ``i was a kid in <mask>.
07/12/2022 16:20:22 - INFO - __main__ - <mask> was a "very good friend of <mask>.
07/12/2022 16:20:22 - INFO - __main__ - <mask> said, "i am a <mask>.
07/12/2022 16:20:22 - INFO - __main__ - <mask>: ''i have been to <mask>.
07/12/2022 16:20:22 - INFO - __main__ - ****************************
07/12/2022 16:20:22 - INFO - __main__ - *********References*********
07/12/2022 16:20:22 - INFO - __main__ - ['<mask> lives in <mask>']
07/12/2022 16:20:22 - INFO - __main__ - ****************************
07/12/2022 16:21:38 - INFO - __main__ - ***********Input************
07/12/2022 16:21:38 - INFO - __main__ - <mask> , an evolutionary biologist at <mask> , takes a different and decidedly refreshing approach .
07/12/2022 16:21:38 - INFO - __main__ - *********Hypothesis*********
07/12/2022 16:21:38 - INFO - __main__ - <mask> is a professor of mathematics at <mask>.
07/12/2022 16:21:38 - INFO - __main__ - <mask> was a professor at <mask>.
07/12/2022 16:21:38 - INFO - __main__ - <mask> is a professor of physics at <mask>.
07/12/2022 16:21:38 - INFO - __main__ - <mask>, professor of chemistry at <mask>.
07/12/2022 16:21:38 - INFO - __main__ - <mask>, professor at <mask>.
07/12/2022 16:21:38 - INFO - __main__ - <mask>, physicist and professor of <mask>.
07/12/2022 16:21:38 - INFO - __main__ - <mask> was a professor of physics at <mask>.
07/12/2022 16:21:38 - INFO - __main__ - <mask>: a life at <mask>.
07/12/2022 16:21:38 - INFO - __main__ - <mask>, professor of history at <mask>.
07/12/2022 16:21:38 - INFO - __main__ - <mask> studied at <mask>.
07/12/2022 16:21:38 - INFO - __main__ - ****************************
07/12/2022 16:21:38 - INFO - __main__ - *********References*********
07/12/2022 16:21:38 - INFO - __main__ - ['<mask> is the chairman of <mask>.']
07/12/2022 16:21:38 - INFO - __main__ - ****************************
07/12/2022 16:22:53 - INFO - __main__ - ***********Input************
07/12/2022 16:22:53 - INFO - __main__ - In a 1997 study , Mr. Alesina , along with Reza Baqir , an economist at the International Monetary Fund , and <mask> , an economics professor at <mask> , looked at the relationship between social spending and ethnic diversity in 2,700 cities , counties and metropolitan areas across the United States .
07/12/2022 16:22:53 - INFO - __main__ - *********Hypothesis*********
07/12/2022 16:22:53 - INFO - __main__ - <mask> is a professor of economics at <mask>.
07/12/2022 16:22:53 - INFO - __main__ - <mask>, professor of economics, <mask>.
07/12/2022 16:22:53 - INFO - __main__ - <mask>, economist and professor of economics at <mask>.
07/12/2022 16:22:53 - INFO - __main__ - <mask> is an economist and professor of economics at <mask>.
07/12/2022 16:22:53 - INFO - __main__ - <mask>, professor of economics at <mask>.
07/12/2022 16:22:53 - INFO - __main__ - <mask> has been a professor of economics at <mask>.
07/12/2022 16:22:53 - INFO - __main__ - <mask> was a graduate of <mask>.
07/12/2022 16:22:53 - INFO - __main__ - <mask>, economist, was born in the town and attended <mask>.
07/12/2022 16:22:53 - INFO - __main__ - <mask> was an economist and professor of economics at <mask>.
07/12/2022 16:22:53 - INFO - __main__ - <mask>, professor emeritus of economics, <mask>.
07/12/2022 16:22:53 - INFO - __main__ - ****************************
07/12/2022 16:22:53 - INFO - __main__ - *********References*********
07/12/2022 16:22:53 - INFO - __main__ - ['<mask> is the chairman of <mask>.']
07/12/2022 16:22:53 - INFO - __main__ - ****************************
07/12/2022 16:23:53 - INFO - __main__ - ***********Input************
07/12/2022 16:23:53 - INFO - __main__ - I was backpacking once , going from <mask> to <mask> at night , and I was at the top of a giant boat at 2 in the morning , everything so black , and me feeling so small .
07/12/2022 16:23:53 - INFO - __main__ - *********Hypothesis*********
07/12/2022 16:23:53 - INFO - __main__ - <mask> has been a major source of oil for <mask>.
07/12/2022 16:23:53 - INFO - __main__ - <mask> has a long history of being a major trading partner of <mask>.
07/12/2022 16:23:53 - INFO - __main__ - <mask> is the largest producer of the fruit, followed by <mask>.
07/12/2022 16:23:53 - INFO - __main__ - <mask>'s main exports are: textiles and textiles from <mask>.
07/12/2022 16:23:53 - INFO - __main__ - <mask> is a major tourist destination in <mask>.
07/12/2022 16:23:53 - INFO - __main__ - <mask> had no intention of giving up its claim to <mask>.
07/12/2022 16:23:53 - INFO - __main__ - <mask>, however, was not as successful as <mask>.
07/12/2022 16:23:53 - INFO - __main__ - <mask> is a major source of oil and natural gas for <mask>.
07/12/2022 16:23:53 - INFO - __main__ - <mask>'s largest and most important source of oil is <mask>.
07/12/2022 16:23:53 - INFO - __main__ - <mask>, however, was not able to compete with <mask>.
07/12/2022 16:23:53 - INFO - __main__ - ****************************
07/12/2022 16:23:53 - INFO - __main__ - *********References*********
07/12/2022 16:23:53 - INFO - __main__ - ['<mask> is a city of <mask>.']
07/12/2022 16:23:53 - INFO - __main__ - ****************************
07/12/2022 16:24:49 - INFO - __main__ - ***********Input************
07/12/2022 16:24:49 - INFO - __main__ - The figure does not include residents of <mask> , which <mask> captured in the 1967 war and later annexed .
07/12/2022 16:24:49 - INFO - __main__ - *********Hypothesis*********
07/12/2022 16:24:49 - INFO - __main__ - <mask> is a former province of <mask>.
07/12/2022 16:24:49 - INFO - __main__ - <mask> is a state of <mask>.
07/12/2022 16:24:49 - INFO - __main__ - <mask> is the most populous and most populous region in <mask>.
07/12/2022 16:24:49 - INFO - __main__ - <mask> is the largest city in <mask>.
07/12/2022 16:24:49 - INFO - __main__ - <mask> has been a major source of oil for <mask>.
07/12/2022 16:24:49 - INFO - __main__ - <mask> is a major center of the oil and gas industry in <mask>.
07/12/2022 16:24:49 - INFO - __main__ - <mask> is a major producer of beef and pork in <mask>.
07/12/2022 16:24:49 - INFO - __main__ - <mask> is a major producer of oil and gas in <mask>.
07/12/2022 16:24:49 - INFO - __main__ - <mask> is a major producer of natural gas in <mask>.
07/12/2022 16:24:49 - INFO - __main__ - <mask>'s economy is one of the most developed in <mask>.
07/12/2022 16:24:49 - INFO - __main__ - ****************************
07/12/2022 16:24:49 - INFO - __main__ - *********References*********
07/12/2022 16:24:49 - INFO - __main__ - ['<mask> is the capital of <mask>.']
07/12/2022 16:24:49 - INFO - __main__ - ****************************
07/12/2022 16:25:45 - INFO - __main__ - ***********Input************
07/12/2022 16:25:45 - INFO - __main__ - We saw our justice system at work today as <mask> was convicted for his heinous crimes against one of <mask> 's children , '' Mr. Crist said in a statement .
07/12/2022 16:25:45 - INFO - __main__ - *********Hypothesis*********
07/12/2022 16:25:45 - INFO - __main__ - <mask> is a former member of the band <mask>.
07/12/2022 16:25:45 - INFO - __main__ - <mask> was the only one who was able to escape to <mask>.
07/12/2022 16:25:45 - INFO - __main__ - <mask>'s mother, who was a nurse, was a native of <mask>.
07/12/2022 16:25:45 - INFO - __main__ - <mask> was an early advocate for the development of a national park system in <mask>.
07/12/2022 16:25:45 - INFO - __main__ - <mask> and his wife are currently living in <mask>.
07/12/2022 16:25:45 - INFO - __main__ - <mask> has been a vocal critic of the government's handling of <mask>.
07/12/2022 16:25:45 - INFO - __main__ - <mask> had been a successful businessman and was one of the wealthiest men in <mask>.
07/12/2022 16:25:45 - INFO - __main__ - <mask> has been a vocal critic of the government's handling of the <mask>.
07/12/2022 16:25:45 - INFO - __main__ - <mask> is a member of the board of directors of the nonprofit organization <mask>.
07/12/2022 16:25:45 - INFO - __main__ - <mask> is a member of the board of directors of <mask>.
07/12/2022 16:25:45 - INFO - __main__ - ****************************
07/12/2022 16:25:45 - INFO - __main__ - *********References*********
07/12/2022 16:25:45 - INFO - __main__ - ['<mask> is born in <mask>.']
07/12/2022 16:25:45 - INFO - __main__ - ****************************
07/12/2022 16:26:33 - INFO - __main__ - ***********Input************
07/12/2022 16:26:33 - INFO - __main__ - Mr. Katsav has left his official residence in <mask> and is living in southern <mask> .
07/12/2022 16:26:33 - INFO - __main__ - *********Hypothesis*********
07/12/2022 16:26:33 - INFO - __main__ - <mask> is the capital and largest city of <mask>.
07/12/2022 16:26:33 - INFO - __main__ - <mask> has a long history of being the capital of <mask>.
07/12/2022 16:26:33 - INFO - __main__ - <mask> is one of the most important cities in <mask>.
07/12/2022 16:26:33 - INFO - __main__ - <mask> is the capital of <mask>.
07/12/2022 16:26:33 - INFO - __main__ - <mask> is the capital of the country of <mask>.
07/12/2022 16:26:33 - INFO - __main__ - <mask> was chosen as the capital of <mask>.
07/12/2022 16:26:33 - INFO - __main__ - <mask> is the largest city in <mask>.
07/12/2022 16:26:33 - INFO - __main__ - <mask> is the largest producer of oil in <mask>.
07/12/2022 16:26:33 - INFO - __main__ - <mask>'s main street is named after him, as is the main street of <mask>.
07/12/2022 16:26:33 - INFO - __main__ - <mask> was a major center for the production of the oil and gas industry in <mask>.
07/12/2022 16:26:33 - INFO - __main__ - ****************************
07/12/2022 16:26:33 - INFO - __main__ - *********References*********
07/12/2022 16:26:33 - INFO - __main__ - ['<mask> is the capital of <mask>.']
07/12/2022 16:26:33 - INFO - __main__ - ****************************
07/12/2022 16:27:14 - INFO - __main__ - ***********Input************
07/12/2022 16:27:14 - INFO - __main__ - The group , called the United States Climate Action Partnership , had its origin in conversations last spring among Mr. Lash ; Fred Krupp , the president of Environmental Defense ; and <mask> , the chief executive of <mask> .
07/12/2022 16:27:14 - INFO - __main__ - *********Hypothesis*********
07/12/2022 16:27:14 - INFO - __main__ - <mask>, former ceo of <mask>.
07/12/2022 16:27:14 - INFO - __main__ - <mask> is the founder and ceo of <mask>.
07/12/2022 16:27:14 - INFO - __main__ - <mask> is a former chairman of <mask>.
07/12/2022 16:27:14 - INFO - __main__ - <mask> is the former ceo of <mask>.
07/12/2022 16:27:14 - INFO - __main__ - <mask>, former chairman of <mask>.
07/12/2022 16:27:14 - INFO - __main__ - <mask> was the co-founder and chairman of <mask>.
07/12/2022 16:27:14 - INFO - __main__ - <mask>, former president and ceo of <mask>.
07/12/2022 16:27:14 - INFO - __main__ - <mask> has been a major contributor to <mask>.
07/12/2022 16:27:14 - INFO - __main__ - <mask> is a former executive at <mask>.
07/12/2022 16:27:14 - INFO - __main__ - <mask> was a former executive director of <mask>.
07/12/2022 16:27:14 - INFO - __main__ - ****************************
07/12/2022 16:27:14 - INFO - __main__ - *********References*********
07/12/2022 16:27:14 - INFO - __main__ - ['the major shareholders of <mask> is <mask>.']
07/12/2022 16:27:14 - INFO - __main__ - ****************************
07/12/2022 16:27:59 - INFO - __main__ - ***********Input************
07/12/2022 16:27:59 - INFO - __main__ - And any hope of driving a wedge between Iran and <mask> will have to start by giving <mask> hope that there is a way in from the cold .
07/12/2022 16:27:59 - INFO - __main__ - *********Hypothesis*********
07/12/2022 16:27:59 - INFO - __main__ - <mask> is the only country in the world that has a large number of <mask>.
07/12/2022 16:27:59 - INFO - __main__ - <mask>'s military has been accused of using chemical weapons against <mask>.
07/12/2022 16:27:59 - INFO - __main__ - <mask> was not the only country to have a large number of <mask>.
07/12/2022 16:27:59 - INFO - __main__ - <mask> is the largest source of foreign aid to <mask>.
07/12/2022 16:27:59 - INFO - __main__ - <mask> has been a major source of foreign aid to <mask>.
07/12/2022 16:27:59 - INFO - __main__ - <mask> is a major source of oil for <mask>.
07/12/2022 16:27:59 - INFO - __main__ - <mask> has been accused of using its military to suppress the protests and to suppress dissent among <mask>.
07/12/2022 16:27:59 - INFO - __main__ - <mask> is a major source of foreign aid for <mask>.
07/12/2022 16:27:59 - INFO - __main__ - <mask>, and the government of <mask>.
07/12/2022 16:27:59 - INFO - __main__ - <mask> has a long history of using the term "israelbaric" to describe the <mask>.
07/12/2022 16:27:59 - INFO - __main__ - ****************************
07/12/2022 16:27:59 - INFO - __main__ - *********References*********
07/12/2022 16:27:59 - INFO - __main__ - ['<mask> is the capital of <mask>.']
07/12/2022 16:27:59 - INFO - __main__ - ****************************
07/12/2022 16:28:39 - INFO - __main__ - ***********Input************
07/12/2022 16:28:39 - INFO - __main__ - But this time , the domestic scene would take place in <mask> , the sliver of a state on <mask> 's western coast .
07/12/2022 16:28:39 - INFO - __main__ - *********Hypothesis*********
07/12/2022 16:28:39 - INFO - __main__ - <mask> has the highest number of people with disabilities in <mask>.
07/12/2022 16:28:39 - INFO - __main__ - <mask> is a state in the south of <mask>.
07/12/2022 16:28:39 - INFO - __main__ - <mask> is the largest producer of sugar in <mask>.
07/12/2022 16:28:39 - INFO - __main__ - <mask> is the largest producer of natural gas in <mask>.
07/12/2022 16:28:39 - INFO - __main__ - <mask> is one of the most diverse and diverse regions of <mask>.
07/12/2022 16:28:39 - INFO - __main__ - <mask> is a state in the <mask>.
07/12/2022 16:28:39 - INFO - __main__ - <mask> is one of the most important agricultural regions of <mask>.
07/12/2022 16:28:39 - INFO - __main__ - <mask> is a state in <mask>.
07/12/2022 16:28:39 - INFO - __main__ - <mask> is one of the most diverse states in <mask>.
07/12/2022 16:28:39 - INFO - __main__ - <mask>'s economy is one of the most diversified in <mask>.
07/12/2022 16:28:39 - INFO - __main__ - ****************************
07/12/2022 16:28:39 - INFO - __main__ - *********References*********
07/12/2022 16:28:39 - INFO - __main__ - ['<mask> is a city of <mask>.']
07/12/2022 16:28:39 - INFO - __main__ - ****************************
07/12/2022 16:29:12 - INFO - __main__ - ***********Input************
07/12/2022 16:29:12 - INFO - __main__ - A frenetic schedule -LRB- a <mask> native , she logged 36 flights on Air <mask> alone last year -RRB- has forced her to make some style concessions . ''
07/12/2022 16:29:12 - INFO - __main__ - *********Hypothesis*********
07/12/2022 16:29:12 - INFO - __main__ - <mask> is the most populous city in <mask>.
07/12/2022 16:29:12 - INFO - __main__ - <mask> is the largest city in <mask>.
07/12/2022 16:29:12 - INFO - __main__ - <mask> is a major centre of the automotive industry in <mask>.
07/12/2022 16:29:12 - INFO - __main__ - <mask> is the capital and largest city of <mask>.
07/12/2022 16:29:12 - INFO - __main__ - <mask>: the society of antiquaries of <mask>.
07/12/2022 16:29:12 - INFO - __main__ - <mask>: the government of <mask>.
07/12/2022 16:29:12 - INFO - __main__ - <mask> is one of the most important cities in <mask>.
07/12/2022 16:29:12 - INFO - __main__ - <mask> is the largest city in the <mask>.
07/12/2022 16:29:12 - INFO - __main__ - <mask> was a major centre of the fur trade in <mask>.
07/12/2022 16:29:12 - INFO - __main__ - <mask> has been the most important center of the arts in <mask>.
07/12/2022 16:29:12 - INFO - __main__ - ****************************
07/12/2022 16:29:12 - INFO - __main__ - *********References*********
07/12/2022 16:29:12 - INFO - __main__ - ['<mask> is a city of <mask>.']
07/12/2022 16:29:12 - INFO - __main__ - ****************************
07/12/2022 16:30:10 - INFO - __main__ - ***********Input************
07/12/2022 16:30:10 - INFO - __main__ - Also , the <mask> president , Vladimir V. Putin , is scheduled to attend a Group of 8 meeting of the leaders of industrialized nations in Germany next week , where <mask> 's openness to investment will probably be discussed .
07/12/2022 16:30:10 - INFO - __main__ - *********Hypothesis*********
07/12/2022 16:30:10 - INFO - __main__ - <mask> officials have denied that the attack was a retaliation for the attack on <mask>.
07/12/2022 16:30:10 - INFO - __main__ - <mask>-language media have been censored in <mask>.
07/12/2022 16:30:10 - INFO - __main__ - <mask> authorities have been accused of using the gas to destabilize <mask>.
07/12/2022 16:30:10 - INFO - __main__ - <mask> troops were sent to the area to help defend <mask>.
07/12/2022 16:30:10 - INFO - __main__ - <mask> government officials have denied that they are involved in the attack on <mask>.
07/12/2022 16:30:10 - INFO - __main__ - <mask> authorities had previously been accused of using the same tactics in <mask>.
07/12/2022 16:30:10 - INFO - __main__ - <mask> troops are now in control of the entire northern part of <mask>.
07/12/2022 16:30:10 - INFO - __main__ - <mask> troops were sent to the area to help <mask>.
07/12/2022 16:30:10 - INFO - __main__ - <mask> is the name of several inhabited localities in <mask>.
07/12/2022 16:30:10 - INFO - __main__ - <mask> has been accused of being a "fascist" and "fascist-fascist" in <mask>.
07/12/2022 16:30:10 - INFO - __main__ - ****************************
07/12/2022 16:30:10 - INFO - __main__ - *********References*********
07/12/2022 16:30:10 - INFO - __main__ - ['<mask> are geographically distributed in <mask>.']
07/12/2022 16:30:10 - INFO - __main__ - ****************************
07/12/2022 16:31:14 - INFO - __main__ - ***********Input************
07/12/2022 16:31:14 - INFO - __main__ - The idea of recreational shopping is not new , '' said <mask> , a professor of sociology at <mask> and author of '' Born to Buy : The Commercialized Child and the New Consumer Culture '' -LRB- Scribner -RRB- . ''
07/12/2022 16:31:14 - INFO - __main__ - *********Hypothesis*********
07/12/2022 16:31:14 - INFO - __main__ - <mask> is a professor of psychology at <mask>.
07/12/2022 16:31:14 - INFO - __main__ - <mask>, professor of psychology, <mask>.
07/12/2022 16:31:14 - INFO - __main__ - <mask> was an assistant professor of psychology at <mask>.
07/12/2022 16:31:14 - INFO - __main__ - <mask>, professor of psychology at <mask>.
07/12/2022 16:31:14 - INFO - __main__ - <mask> is a psychologist and professor of psychology at <mask>.
07/12/2022 16:31:14 - INFO - __main__ - <mask> is a professor of economics at <mask>.
07/12/2022 16:31:14 - INFO - __main__ - <mask> is a professor of political science at <mask>.
07/12/2022 16:31:14 - INFO - __main__ - <mask>, professor of economics, <mask>.
07/12/2022 16:31:14 - INFO - __main__ - <mask>, psychologist and professor of psychology at <mask>.
07/12/2022 16:31:14 - INFO - __main__ - <mask> is a professor of mathematics at <mask>.
07/12/2022 16:31:14 - INFO - __main__ - ****************************
07/12/2022 16:31:14 - INFO - __main__ - *********References*********
07/12/2022 16:31:14 - INFO - __main__ - ['<mask> is the chairman of <mask>.']
07/12/2022 16:31:14 - INFO - __main__ - ****************************
07/12/2022 16:31:48 - INFO - __main__ - **************** MODEL CONFIGURATION ****************
07/12/2022 16:31:48 - INFO - __main__ - bart_training             -->   True
07/12/2022 16:31:48 - INFO - __main__ - device                    -->   1
07/12/2022 16:31:48 - INFO - __main__ - group_beam                -->   True
07/12/2022 16:31:48 - INFO - __main__ - if_then                   -->   False
07/12/2022 16:31:48 - INFO - __main__ - inductor                  -->   rule
07/12/2022 16:31:48 - INFO - __main__ - log_dir                   -->   logs_new/
07/12/2022 16:31:48 - INFO - __main__ - log_name                  -->   nyt10-gs+dpp
07/12/2022 16:31:48 - INFO - __main__ - mlm_training              -->   True
07/12/2022 16:31:48 - INFO - __main__ - task                      -->   nyt10
07/12/2022 16:31:48 - INFO - __main__ - **************** MODEL CONFIGURATION ****************
07/12/2022 16:34:50 - INFO - __main__ - ***********Input************
07/12/2022 16:34:50 - INFO - __main__ - The United States maintains diplomatic relations with <mask> , but State Department officials say no deeper engagement is warranted until the government in <mask> halts support for radical organizations , including Hezbollah in Lebanon and Hamas in the Palestinian territories . ''
07/12/2022 16:34:50 - INFO - __main__ - *********Hypothesis*********
07/12/2022 16:34:50 - INFO - __main__ - <mask>'s main international airport is located in <mask>.
07/12/2022 16:34:50 - INFO - __main__ - <mask>'s capital and largest city is <mask>.
07/12/2022 16:34:50 - INFO - __main__ - <mask> has been accused of using the tunnels to smuggle weapons into <mask>.
07/12/2022 16:34:50 - INFO - __main__ - <mask> has a large number of embassies and consulates in <mask>.
07/12/2022 16:34:50 - INFO - __main__ - <mask> is the only country to have a permanent embassy in <mask>.
07/12/2022 16:34:50 - INFO - __main__ - <mask>'s main port is the port of <mask>.
07/12/2022 16:34:50 - INFO - __main__ - <mask> has a long history of military operations in <mask>.
07/12/2022 16:34:50 - INFO - __main__ - <mask> has a large presence in <mask>.
07/12/2022 16:34:50 - INFO - __main__ - <mask> has a large number of foreign embassies in <mask>.
07/12/2022 16:34:50 - INFO - __main__ - <mask> is the largest and most powerful of the militant groups in <mask>.
07/12/2022 16:34:50 - INFO - __main__ - ****************************
07/12/2022 16:34:50 - INFO - __main__ - *********References*********
07/12/2022 16:34:50 - INFO - __main__ - ['<mask> is the capital of <mask>.']
07/12/2022 16:34:50 - INFO - __main__ - ****************************
07/12/2022 16:36:08 - INFO - __main__ - ***********Input************
07/12/2022 16:36:08 - INFO - __main__ - Regional analysts said peace efforts had been undermined by the political crisis in <mask> , where Prime Minister <mask> has barely hung on to his job after being excoriated by a committee that reviewed the conduct of the war with Hezbollah in Lebanon last summer . ''
07/12/2022 16:36:08 - INFO - __main__ - *********Hypothesis*********
07/12/2022 16:36:08 - INFO - __main__ - <mask>'s current prime minister is <mask>.
07/12/2022 16:36:08 - INFO - __main__ - <mask> is currently led by <mask>.
07/12/2022 16:36:08 - INFO - __main__ - <mask> was represented by <mask>.
07/12/2022 16:36:08 - INFO - __main__ - <mask> is the birthplace of <mask>.
07/12/2022 16:36:08 - INFO - __main__ - <mask>'s foreign minister is <mask>.
07/12/2022 16:36:08 - INFO - __main__ - <mask> has been a major supporter of <mask>.
07/12/2022 16:36:08 - INFO - __main__ - <mask>'s main opposition party is <mask>.
07/12/2022 16:36:08 - INFO - __main__ - <mask>'s main opposition party is the <mask>.
07/12/2022 16:36:08 - INFO - __main__ - <mask>'s current president is <mask>.
07/12/2022 16:36:08 - INFO - __main__ - <mask> is currently under the control of <mask>.
07/12/2022 16:36:08 - INFO - __main__ - ****************************
07/12/2022 16:36:08 - INFO - __main__ - *********References*********
07/12/2022 16:36:08 - INFO - __main__ - ['the nationality of <mask> is <mask>.']
07/12/2022 16:36:08 - INFO - __main__ - ****************************
07/12/2022 16:37:12 - INFO - __main__ - ***********Input************
07/12/2022 16:37:12 - INFO - __main__ - In fact , <mask> 's business of maintaining Soviet-designed plants in Eastern Europe may get a boost as these countries worry about excess dependency on <mask> natural gas from Gazprom and reconsider nuclear energy as an alternative .
07/12/2022 16:37:12 - INFO - __main__ - *********Hypothesis*********
07/12/2022 16:37:12 - INFO - __main__ - <mask> has a large number of employees who speak <mask>.
07/12/2022 16:37:12 - INFO - __main__ - <mask>'s official language is <mask>.
07/12/2022 16:37:12 - INFO - __main__ - <mask> has a large number of foreign students, most of whom are <mask>.
07/12/2022 16:37:12 - INFO - __main__ - <mask>'s main language of instruction is <mask>.
07/12/2022 16:37:12 - INFO - __main__ - <mask>'s name means "the great" in <mask>.
07/12/2022 16:37:12 - INFO - __main__ - <mask> is a company that produces and sells a range of products in <mask>.
07/12/2022 16:37:12 - INFO - __main__ - <mask>'s main language is the official language of the country, <mask>.
07/12/2022 16:37:12 - INFO - __main__ - <mask>'s official language is the official language of the country, <mask>.
07/12/2022 16:37:12 - INFO - __main__ - <mask>'s name means "the big one" in <mask>.
07/12/2022 16:37:12 - INFO - __main__ - <mask> has been criticized for its lack of support for <mask>.
07/12/2022 16:37:12 - INFO - __main__ - ****************************
07/12/2022 16:37:12 - INFO - __main__ - *********References*********
07/12/2022 16:37:12 - INFO - __main__ - ['<mask> are geographically distributed in <mask>.']
07/12/2022 16:37:12 - INFO - __main__ - ****************************
07/12/2022 16:38:15 - INFO - __main__ - ***********Input************
07/12/2022 16:38:15 - INFO - __main__ - Prime Minister <mask> of <mask> and Mahmoud Abbas , the Palestinian president , met here on Sunday , resulting in some mixed messages regarding a resumption of their long-dormant peace efforts .
07/12/2022 16:38:15 - INFO - __main__ - *********Hypothesis*********
07/12/2022 16:38:15 - INFO - __main__ - <mask> is a former prime minister of <mask>.
07/12/2022 16:38:15 - INFO - __main__ - <mask>, prime minister of <mask>.
07/12/2022 16:38:15 - INFO - __main__ - <mask> is the current prime minister of <mask>.
07/12/2022 16:38:15 - INFO - __main__ - <mask>, former prime minister of <mask>.
07/12/2022 16:38:15 - INFO - __main__ - <mask>, the prime minister of <mask>.
07/12/2022 16:38:15 - INFO - __main__ - <mask> was elected as the new prime minister of <mask>.
07/12/2022 16:38:15 - INFO - __main__ - <mask> is a politician in <mask>.
07/12/2022 16:38:15 - INFO - __main__ - <mask> was a member of the delegation to <mask>.
07/12/2022 16:38:15 - INFO - __main__ - <mask> has been a vocal critic of <mask>.
07/12/2022 16:38:15 - INFO - __main__ - <mask>, the former prime minister of <mask>.
07/12/2022 16:38:15 - INFO - __main__ - ****************************
07/12/2022 16:38:15 - INFO - __main__ - *********References*********
07/12/2022 16:38:15 - INFO - __main__ - ['the nationality of <mask> is <mask>.']
07/12/2022 16:38:15 - INFO - __main__ - ****************************
07/12/2022 16:39:12 - INFO - __main__ - ***********Input************
07/12/2022 16:39:12 - INFO - __main__ - Even when I visited my upscale cousin -LRB- he 's a psychiatrist -RRB- in <mask> , Conn. , just down the road from <mask> 's place , I felt I belonged .
07/12/2022 16:39:12 - INFO - __main__ - *********Hypothesis*********
07/12/2022 16:39:12 - INFO - __main__ - <mask>, ct: the <mask>.
07/12/2022 16:39:12 - INFO - __main__ - <mask>'s main street is named after <mask>.
07/12/2022 16:39:12 - INFO - __main__ - <mask>, ct: st. martin's <mask>.
07/12/2022 16:39:12 - INFO - __main__ - <mask> is a member of the board of directors of <mask>.
07/12/2022 16:39:12 - INFO - __main__ - <mask>, ct: the new york times, <mask>.
07/12/2022 16:39:12 - INFO - __main__ - <mask> is the home of the famous <mask>.
07/12/2022 16:39:12 - INFO - __main__ - <mask>: the new york times, <mask>.
07/12/2022 16:39:12 - INFO - __main__ - <mask> is the home of the fictional character <mask>.
07/12/2022 16:39:12 - INFO - __main__ - <mask> is the home of the <mask>.
07/12/2022 16:39:12 - INFO - __main__ - <mask> is the home of the professional baseball team <mask>.
07/12/2022 16:39:12 - INFO - __main__ - ****************************
07/12/2022 16:39:12 - INFO - __main__ - *********References*********
07/12/2022 16:39:12 - INFO - __main__ - ['<mask> lives in <mask>']
07/12/2022 16:39:12 - INFO - __main__ - ****************************
07/12/2022 16:40:13 - INFO - __main__ - ***********Input************
07/12/2022 16:40:13 - INFO - __main__ - It is the second stoppage of <mask> energy supplies to European countries since last winter , when natural gas shipments were shut down briefly during a gas pricing dispute between <mask> and Ukraine .
07/12/2022 16:40:13 - INFO - __main__ - *********Hypothesis*********
07/12/2022 16:40:13 - INFO - __main__ - <mask> is the official language of <mask>.
07/12/2022 16:40:13 - INFO - __main__ - <mask> women's national football team is the national team of <mask>.
07/12/2022 16:40:13 - INFO - __main__ - <mask>-language media are not allowed to publish in <mask>.
07/12/2022 16:40:13 - INFO - __main__ - <mask> cuisine is the cuisine of <mask>.
07/12/2022 16:40:13 - INFO - __main__ - <mask> is a major source of oil for <mask>.
07/12/2022 16:40:13 - INFO - __main__ - <mask> cuisine is the cuisine of the country of <mask>.
07/12/2022 16:40:13 - INFO - __main__ - <mask> has been a major source of oil for <mask>.
07/12/2022 16:40:13 - INFO - __main__ - <mask> is the official language of the government of <mask>.
07/12/2022 16:40:13 - INFO - __main__ - <mask> authorities have been accused of using the internet to spread disinformation about <mask>.
07/12/2022 16:40:13 - INFO - __main__ - <mask>-based companies are the largest in <mask>.
07/12/2022 16:40:13 - INFO - __main__ - ****************************
07/12/2022 16:40:13 - INFO - __main__ - *********References*********
07/12/2022 16:40:13 - INFO - __main__ - ['<mask> are geographically distributed in <mask>.']
07/12/2022 16:40:13 - INFO - __main__ - ****************************
07/12/2022 16:41:10 - INFO - __main__ - ***********Input************
07/12/2022 16:41:10 - INFO - __main__ - <mask> , the newly elected first minister of <mask> , expressed concern Thursday that the British government had struck a deal that might permit the only person convicted in the 1988 Lockerbie bombing to return to Libya to complete his sentence .
07/12/2022 16:41:10 - INFO - __main__ - *********Hypothesis*********
07/12/2022 16:41:10 - INFO - __main__ - <mask>, the former prime minister of <mask>.
07/12/2022 16:41:10 - INFO - __main__ - <mask> is a former international lawn bowler for <mask>.
07/12/2022 16:41:10 - INFO - __main__ - <mask>, former prime minister of <mask>.
07/12/2022 16:41:10 - INFO - __main__ - <mask> is a politician in <mask>.
07/12/2022 16:41:10 - INFO - __main__ - <mask> was a professional footballer who played for <mask>.
07/12/2022 16:41:10 - INFO - __main__ - <mask> is the current prime minister of <mask>.
07/12/2022 16:41:10 - INFO - __main__ - <mask> was a former international rugby union player for <mask>.
07/12/2022 16:41:10 - INFO - __main__ - <mask> is a former prime minister of <mask>.
07/12/2022 16:41:10 - INFO - __main__ - <mask> is a former professional rugby union player from <mask>.
07/12/2022 16:41:10 - INFO - __main__ - <mask> is a male former international table tennis player from <mask>.
07/12/2022 16:41:10 - INFO - __main__ - ****************************
07/12/2022 16:41:10 - INFO - __main__ - *********References*********
07/12/2022 16:41:10 - INFO - __main__ - ['the nationality of <mask> is <mask>.']
07/12/2022 16:41:10 - INFO - __main__ - ****************************
07/12/2022 16:42:20 - INFO - __main__ - ***********Input************
07/12/2022 16:42:20 - INFO - __main__ - 10 P.M. -LRB- Travel -RRB- 1,000 PLACES TO SEE BEFORE YOU DIE -- No , it 's not '' The Apprentice , '' but tonight the Ulles will be swimming with the sharks -- as well as riding elephants and discovering <mask> -- as they explore <mask> .
07/12/2022 16:42:20 - INFO - __main__ - *********Hypothesis*********
07/12/2022 16:42:20 - INFO - __main__ - <mask> was the only ship to be built in <mask>.
07/12/2022 16:42:20 - INFO - __main__ - <mask> is a major source of oil for <mask>.
07/12/2022 16:42:20 - INFO - __main__ - <mask> is a major tourist attraction in <mask>.
07/12/2022 16:42:20 - INFO - __main__ - <mask> was the largest and most powerful ship ever built in <mask>.
07/12/2022 16:42:20 - INFO - __main__ - <mask> has been a major tourist attraction in <mask>.
07/12/2022 16:42:20 - INFO - __main__ - <mask> was the most important source of food for the people of <mask>.
07/12/2022 16:42:20 - INFO - __main__ - <mask> is one of the most popular tourist destinations in <mask>.
07/12/2022 16:42:20 - INFO - __main__ - <mask> has been a major source of oil and natural gas for <mask>.
07/12/2022 16:42:20 - INFO - __main__ - <mask> is an island in the middle of <mask>.
07/12/2022 16:42:20 - INFO - __main__ - <mask>) and the continent of <mask>.
07/12/2022 16:42:20 - INFO - __main__ - ****************************
07/12/2022 16:42:20 - INFO - __main__ - *********References*********
07/12/2022 16:42:20 - INFO - __main__ - ['<mask> is located in <mask>.']
07/12/2022 16:42:20 - INFO - __main__ - ****************************
07/12/2022 16:44:07 - INFO - __main__ - ***********Input************
07/12/2022 16:44:07 - INFO - __main__ - In 1999 , she acted in '' Selma , Lord , Selma , '' about the civil rights march , and in 1996 appeared in '' Ghosts of <mask> , '' about efforts to track down the killer of <mask> , the civil rights leader .
07/12/2022 16:44:07 - INFO - __main__ - *********Hypothesis*********
07/12/2022 16:44:07 - INFO - __main__ - <mask>: the life and times of <mask>.
07/12/2022 16:44:07 - INFO - __main__ - <mask> was a major influence on <mask>.
07/12/2022 16:44:07 - INFO - __main__ - <mask> led by <mask>.
07/12/2022 16:44:07 - INFO - __main__ - <mask>: a biography of <mask>.
07/12/2022 16:44:07 - INFO - __main__ - <mask>, the scroo, and <mask>.
07/12/2022 16:44:07 - INFO - __main__ - ****************************
07/12/2022 16:44:07 - INFO - __main__ - *********References*********
07/12/2022 16:44:07 - INFO - __main__ - ['<mask> lives in <mask>']
07/12/2022 16:44:07 - INFO - __main__ - ****************************
07/12/2022 16:45:03 - INFO - __main__ - ***********Input************
07/12/2022 16:45:03 - INFO - __main__ - In a state that was pivotal to President Bush 's election and re-election , <mask> , which includes <mask> , has seen more than its share of recent election troubles .
07/12/2022 16:45:03 - INFO - __main__ - *********Hypothesis*********
07/12/2022 16:45:03 - INFO - __main__ - <mask>'s largest city by population is <mask>.
07/12/2022 16:45:03 - INFO - __main__ - <mask> highway 6 is a north–south highway in <mask>.
07/12/2022 16:45:03 - INFO - __main__ - <mask> state route 9 is a north–south highway in <mask>.
07/12/2022 16:45:03 - INFO - __main__ - <mask> route 9 is a north–south highway in <mask>.
07/12/2022 16:45:03 - INFO - __main__ - <mask>: the state's capital and largest city is <mask>.
07/12/2022 16:45:03 - INFO - __main__ - <mask> has a large number of public schools, most of which are located in <mask>.
07/12/2022 16:45:03 - INFO - __main__ - <mask>: the state capital is <mask>.
07/12/2022 16:45:03 - INFO - __main__ - <mask> highway 9 is a north–south highway in <mask>.
07/12/2022 16:45:03 - INFO - __main__ - <mask> is the only state to have a state capital, <mask>.
07/12/2022 16:45:03 - INFO - __main__ - <mask> has a large number of historic buildings in <mask>.
07/12/2022 16:45:03 - INFO - __main__ - ****************************
07/12/2022 16:45:03 - INFO - __main__ - *********References*********
07/12/2022 16:45:03 - INFO - __main__ - ['<mask>']
07/12/2022 16:45:03 - INFO - __main__ - ****************************
07/12/2022 16:46:01 - INFO - __main__ - ***********Input************
07/12/2022 16:46:01 - INFO - __main__ - House Speaker Nancy Pelosi arrived in <mask> on Tuesday for a visit that is seen as part of an attempt to sway Bush administration policy on Iraq and the rest of the <mask> .
07/12/2022 16:46:01 - INFO - __main__ - *********Hypothesis*********
07/12/2022 16:46:01 - INFO - __main__ - <mask> is a major hub for the oil and gas industry in the entire <mask>.
07/12/2022 16:46:01 - INFO - __main__ - <mask> is one of the most important cities in <mask>.
07/12/2022 16:46:01 - INFO - __main__ - <mask> has been a major center of the oil industry in <mask>.
07/12/2022 16:46:01 - INFO - __main__ - <mask>: the history of the jews in the near and <mask>.
07/12/2022 16:46:01 - INFO - __main__ - <mask> is the largest city in the entire <mask>.
07/12/2022 16:46:01 - INFO - __main__ - <mask> has a long history of military and diplomatic relations with <mask>.
07/12/2022 16:46:01 - INFO - __main__ - <mask> has a long history of involvement in <mask>.
07/12/2022 16:46:01 - INFO - __main__ - <mask> is a major center of the oil and gas industry in the world's <mask>.
07/12/2022 16:46:01 - INFO - __main__ - <mask> was the only country to have a consulate in <mask>.
07/12/2022 16:46:01 - INFO - __main__ - <mask> is a major center of the oil and gas industry in the entire <mask>.
07/12/2022 16:46:01 - INFO - __main__ - ****************************
07/12/2022 16:46:01 - INFO - __main__ - *********References*********
07/12/2022 16:46:01 - INFO - __main__ - ['<mask> is located in <mask>.']
07/12/2022 16:46:01 - INFO - __main__ - ****************************
07/12/2022 16:47:01 - INFO - __main__ - ***********Input************
07/12/2022 16:47:01 - INFO - __main__ - A1 Senator <mask> of <mask> , the Republican leader , said his party would unite to block Senate debate next week on a bipartisan resolution opposing President Bush 's troop buildup in Iraq unless Democrats allow votes on at least two Republican alternatives .
07/12/2022 16:47:01 - INFO - __main__ - *********Hypothesis*********
07/12/2022 16:47:01 - INFO - __main__ - <mask>, former governor of <mask>.
07/12/2022 16:47:01 - INFO - __main__ - <mask> is a former governor of <mask>.
07/12/2022 16:47:01 - INFO - __main__ - <mask> is a former senator from <mask>.
07/12/2022 16:47:01 - INFO - __main__ - <mask> was elected as the new governor of <mask>.
07/12/2022 16:47:01 - INFO - __main__ - <mask>, former senator from the state of <mask>.
07/12/2022 16:47:01 - INFO - __main__ - <mask>, former senator from <mask>.
07/12/2022 16:47:01 - INFO - __main__ - <mask> is a former state senator from <mask>.
07/12/2022 16:47:01 - INFO - __main__ - <mask> (r) is a former governor of <mask>.
07/12/2022 16:47:01 - INFO - __main__ - <mask> is the current senator from <mask>.
07/12/2022 16:47:01 - INFO - __main__ - <mask>, incumbent senator from <mask>.
07/12/2022 16:47:01 - INFO - __main__ - ****************************
07/12/2022 16:47:01 - INFO - __main__ - *********References*********
07/12/2022 16:47:01 - INFO - __main__ - ['<mask> lives in <mask>']
07/12/2022 16:47:01 - INFO - __main__ - ****************************
07/12/2022 16:48:01 - INFO - __main__ - ***********Input************
07/12/2022 16:48:01 - INFO - __main__ - Having so many operating systems makes it expensive to make software , said <mask> , the chief executive of <mask> , whose software helps users of camera phones save and share multimedia content . ''
07/12/2022 16:48:01 - INFO - __main__ - *********Hypothesis*********
07/12/2022 16:48:01 - INFO - __main__ - <mask> is the founder and ceo of <mask>.
07/12/2022 16:48:01 - INFO - __main__ - <mask> is the ceo of <mask>.
07/12/2022 16:48:01 - INFO - __main__ - <mask> is a co-founder of <mask>.
07/12/2022 16:48:01 - INFO - __main__ - <mask> was a co-founder of <mask>.
07/12/2022 16:48:01 - INFO - __main__ - <mask>, co-founder of <mask>.
07/12/2022 16:48:01 - INFO - __main__ - <mask>, the ceo of <mask>.
07/12/2022 16:48:01 - INFO - __main__ - <mask> is a former ceo of <mask>.
07/12/2022 16:48:01 - INFO - __main__ - <mask> was the chief executive officer of <mask>.
07/12/2022 16:48:01 - INFO - __main__ - <mask> is the founder and chairman of <mask>.
07/12/2022 16:48:01 - INFO - __main__ - <mask> was a co-founder and ceo of <mask>.
07/12/2022 16:48:01 - INFO - __main__ - ****************************
07/12/2022 16:48:01 - INFO - __main__ - *********References*********
07/12/2022 16:48:01 - INFO - __main__ - ['<mask> is the founder of <mask>.']
07/12/2022 16:48:01 - INFO - __main__ - ****************************
07/12/2022 16:49:03 - INFO - __main__ - ***********Input************
07/12/2022 16:49:03 - INFO - __main__ - Opposition Candidate Shot MAKHACHKALA , <mask> , Feb. 14 -LRB- Agence France-Presse -RRB- -- A local legislative candidate was shot in the head Wednesday in the southern <mask> region of Dagestan less than an hour after making a campaign speech on television here , a police spokeswoman said .
07/12/2022 16:49:03 - INFO - __main__ - *********Hypothesis*********
07/12/2022 16:49:03 - INFO - __main__ - <mask> is the only country to have a national anthem in <mask>.
07/12/2022 16:49:03 - INFO - __main__ - <mask>'s official language is <mask>.
07/12/2022 16:49:03 - INFO - __main__ - <mask> has a long history of using the term <mask>.
07/12/2022 16:49:03 - INFO - __main__ - <mask>'s main language is <mask>.
07/12/2022 16:49:03 - INFO - __main__ - <mask>'s main source of foreign currency is the <mask>.
07/12/2022 16:49:03 - INFO - __main__ - <mask>'s largest oil refinery is located in <mask>.
07/12/2022 16:49:03 - INFO - __main__ - <mask>'s main source of foreign currency is <mask>.
07/12/2022 16:49:03 - INFO - __main__ - <mask>'s main language is the <mask>.
07/12/2022 16:49:03 - INFO - __main__ - <mask> has a number of languages, including <mask>.
07/12/2022 16:49:03 - INFO - __main__ - <mask> has a large number of foreign-born <mask>.
07/12/2022 16:49:03 - INFO - __main__ - ****************************
07/12/2022 16:49:03 - INFO - __main__ - *********References*********
07/12/2022 16:49:03 - INFO - __main__ - ['<mask> are geographically distributed in <mask>.']
07/12/2022 16:49:03 - INFO - __main__ - ****************************
07/12/2022 16:50:04 - INFO - __main__ - ***********Input************
07/12/2022 16:50:04 - INFO - __main__ - Then the hospital signed up for TeleStroke , a program offered by two Harvard teaching hospitals , <mask> and the Brigham and Women 's Hospital in <mask> .
07/12/2022 16:50:04 - INFO - __main__ - *********Hypothesis*********
07/12/2022 16:50:04 - INFO - __main__ - <mask> is a major medical center in <mask>.
07/12/2022 16:50:04 - INFO - __main__ - <mask>, the largest private hospital in <mask>.
07/12/2022 16:50:04 - INFO - __main__ - <mask> is a major employer in <mask>.
07/12/2022 16:50:04 - INFO - __main__ - <mask> is a major teaching hospital in <mask>.
07/12/2022 16:50:04 - INFO - __main__ - <mask>, the largest private employer in <mask>.
07/12/2022 16:50:04 - INFO - __main__ - <mask>, which is located in <mask>.
07/12/2022 16:50:04 - INFO - __main__ - <mask>, a medical school in <mask>.
07/12/2022 16:50:04 - INFO - __main__ - <mask> is a public university in <mask>.
07/12/2022 16:50:04 - INFO - __main__ - <mask>, a private hospital in <mask>.
07/12/2022 16:50:04 - INFO - __main__ - <mask> is an independent, non-profit organization based in <mask>.
07/12/2022 16:50:04 - INFO - __main__ - ****************************
07/12/2022 16:50:04 - INFO - __main__ - *********References*********
07/12/2022 16:50:04 - INFO - __main__ - ['<mask> is located in <mask>.']
07/12/2022 16:50:04 - INFO - __main__ - ****************************
07/12/2022 16:51:03 - INFO - __main__ - ***********Input************
07/12/2022 16:51:03 - INFO - __main__ - I think that the handwriting is on the wall that we are going in a different direction in the fall , and I expect the president to lead it , '' the Senate Republican leader , <mask> of <mask> , told reporters .
07/12/2022 16:51:03 - INFO - __main__ - *********Hypothesis*********
07/12/2022 16:51:03 - INFO - __main__ - <mask>, former governor of <mask>.
07/12/2022 16:51:03 - INFO - __main__ - <mask> is a former senator from <mask>.
07/12/2022 16:51:03 - INFO - __main__ - <mask> is a former governor of <mask>.
07/12/2022 16:51:03 - INFO - __main__ - <mask> was elected as the new governor of <mask>.
07/12/2022 16:51:03 - INFO - __main__ - <mask> is the current governor of <mask>.
07/12/2022 16:51:03 - INFO - __main__ - <mask>, former senator from the state of <mask>.
07/12/2022 16:51:03 - INFO - __main__ - <mask>, former senator from <mask>.
07/12/2022 16:51:03 - INFO - __main__ - <mask>, a former state senator from <mask>.
07/12/2022 16:51:03 - INFO - __main__ - <mask>, incumbent senator from <mask>.
07/12/2022 16:51:03 - INFO - __main__ - <mask> is the current senator from <mask>.
07/12/2022 16:51:03 - INFO - __main__ - ****************************
07/12/2022 16:51:03 - INFO - __main__ - *********References*********
07/12/2022 16:51:03 - INFO - __main__ - ['<mask> lives in <mask>']
07/12/2022 16:51:03 - INFO - __main__ - ****************************
07/12/2022 16:51:19 - INFO - __main__ - ***********Input************
07/12/2022 16:51:19 - INFO - __main__ - New Arts Center in <mask> The New York architects Tod Williams and Billie Tsien have been chosen to design a $ 100 million arts center at the University of <mask> , the university is to announce today .
07/12/2022 16:51:19 - INFO - __main__ - *********Hypothesis*********
07/12/2022 16:51:19 - INFO - __main__ - <mask> is the largest city in the state of <mask>.
07/12/2022 16:51:19 - INFO - __main__ - <mask> is a major center for the arts in <mask>.
07/12/2022 16:51:19 - INFO - __main__ - <mask>: university of <mask>.
07/12/2022 16:51:19 - INFO - __main__ - <mask> has been the home of many notable people in <mask>.
07/12/2022 16:51:19 - INFO - __main__ - <mask> was the only major city in <mask>.
07/12/2022 16:51:19 - INFO - __main__ - <mask> is the capital and largest city of <mask>.
07/12/2022 16:51:19 - INFO - __main__ - <mask>, the capital and largest city of <mask>.
07/12/2022 16:51:19 - INFO - __main__ - <mask> was chosen as the site because it was the largest city in <mask>.
07/12/2022 16:51:19 - INFO - __main__ - <mask> is the largest city in <mask>.
07/12/2022 16:51:19 - INFO - __main__ - <mask> was named for the state of <mask>.
07/12/2022 16:51:19 - INFO - __main__ - ****************************
07/12/2022 16:51:19 - INFO - __main__ - *********References*********
07/12/2022 16:51:19 - INFO - __main__ - ['<mask> is located in <mask>.']
07/12/2022 16:51:19 - INFO - __main__ - ****************************
