07/15/2022 06:30:03 - INFO - __main__ - **************** MODEL CONFIGURATION ****************
07/15/2022 06:30:03 - INFO - __main__ - bart_training             -->   True
07/15/2022 06:30:03 - INFO - __main__ - device                    -->   9
07/15/2022 06:30:03 - INFO - __main__ - group_beam                -->   True
07/15/2022 06:30:03 - INFO - __main__ - if_then                   -->   False
07/15/2022 06:30:03 - INFO - __main__ - inductor                  -->   rule
07/15/2022 06:30:03 - INFO - __main__ - log_dir                   -->   logs_new/
07/15/2022 06:30:03 - INFO - __main__ - log_name                  -->   openrule155-prompt10+gs+dpp
07/15/2022 06:30:03 - INFO - __main__ - mlm_training              -->   True
07/15/2022 06:30:03 - INFO - __main__ - task                      -->   openrule155
07/15/2022 06:30:03 - INFO - __main__ - **************** MODEL CONFIGURATION ****************
07/15/2022 06:35:42 - INFO - __main__ - ***********Input************
07/15/2022 06:35:42 - INFO - __main__ - <mask> acts in <mask>.
07/15/2022 06:35:42 - INFO - __main__ - *********Hypothesis*********
07/15/2022 06:35:42 - INFO - __main__ - <mask> is a former <mask>.
07/15/2022 06:35:42 - INFO - __main__ - <mask> is a former member of <mask>.
07/15/2022 06:35:42 - INFO - __main__ - <mask> is a former professional basketball player in <mask>.
07/15/2022 06:35:42 - INFO - __main__ - <mask> is the former member of <mask>.
07/15/2022 06:35:42 - INFO - __main__ - <mask> was a member of <mask>.
07/15/2022 06:35:42 - INFO - __main__ - <mask> is a member of <mask>.
07/15/2022 06:35:42 - INFO - __main__ - <mask> has been a member of <mask>.
07/15/2022 06:35:42 - INFO - __main__ - <mask> was the member of <mask>.
07/15/2022 06:35:42 - INFO - __main__ - <mask>: the first four years of <mask>.
07/15/2022 06:35:42 - INFO - __main__ - <mask> is a <mask>.
07/15/2022 06:35:42 - INFO - __main__ - ****************************
07/15/2022 06:35:42 - INFO - __main__ - *********References*********
07/15/2022 06:35:42 - INFO - __main__ - ['<mask> is a member of <mask>.', '<mask> participates in <mask>.', '<mask> performs in <mask>.', '<mask> plays a role in <mask>.', '<mask> creates <mask>.']
07/15/2022 06:35:42 - INFO - __main__ - ****************************
07/15/2022 06:39:26 - INFO - __main__ - ***********Input************
07/15/2022 06:39:26 - INFO - __main__ - <mask> are geographically distributed in <mask>.
07/15/2022 06:39:26 - INFO - __main__ - *********Hypothesis*********
07/15/2022 06:39:26 - INFO - __main__ - <mask> have been the main source of immigrants to <mask>.
07/15/2022 06:39:26 - INFO - __main__ - <mask> are the majority of the population in <mask>.
07/15/2022 06:39:26 - INFO - __main__ - <mask> have been the subject of a number of studies in <mask>.
07/15/2022 06:39:26 - INFO - __main__ - <mask> were not allowed to enter <mask>.
07/15/2022 06:39:26 - INFO - __main__ - <mask> were not allowed to vote in <mask>.
07/15/2022 06:39:26 - INFO - __main__ - <mask> are a major source of income for <mask>.
07/15/2022 06:39:26 - INFO - __main__ - <mask> are the largest group of people in <mask>.
07/15/2022 06:39:26 - INFO - __main__ - <mask> are the largest ethnic group in <mask>.
07/15/2022 06:39:26 - INFO - __main__ - <mask> are the largest immigrant group in <mask>.
07/15/2022 06:39:26 - INFO - __main__ - <mask> are a minority in <mask>.
07/15/2022 06:39:26 - INFO - __main__ - ****************************
07/15/2022 06:39:26 - INFO - __main__ - *********References*********
07/15/2022 06:39:26 - INFO - __main__ - ['<mask> are located in <mask>.', '<mask> live in <mask>.', '<mask> is a species unique only in <mask>.']
07/15/2022 06:39:26 - INFO - __main__ - ****************************
07/15/2022 06:43:35 - INFO - __main__ - ***********Input************
07/15/2022 06:43:35 - INFO - __main__ - <mask> believe in <mask>.
07/15/2022 06:43:35 - INFO - __main__ - *********Hypothesis*********
07/15/2022 06:43:35 - INFO - __main__ - <mask> of the people of the village <mask>.
07/15/2022 06:43:35 - INFO - __main__ - <mask> of the <mask>.
07/15/2022 06:43:35 - INFO - __main__ - <mask> have a strong belief in <mask>.
07/15/2022 06:43:35 - INFO - __main__ - <mask> do not believe in <mask>.
07/15/2022 06:43:35 - INFO - __main__ - <mask> believe in <mask>.
07/15/2022 06:43:35 - INFO - __main__ - <mask> believe that <mask>.
07/15/2022 06:43:35 - INFO - __main__ - <mask>, which was abolished during <mask>.
07/15/2022 06:43:35 - INFO - __main__ - <mask> is a text of the <mask>.
07/15/2022 06:43:35 - INFO - __main__ - <mask> believe that the world is <mask>.
07/15/2022 06:43:35 - INFO - __main__ - <mask> had a great influence on <mask>.
07/15/2022 06:43:35 - INFO - __main__ - ****************************
07/15/2022 06:43:35 - INFO - __main__ - *********References*********
07/15/2022 06:43:35 - INFO - __main__ - ['the religion of <mask> is <mask>.', '<mask> created <mask>.', '<mask> obeys the rule that listed in <mask>.']
07/15/2022 06:43:35 - INFO - __main__ - ****************************
07/15/2022 06:49:02 - INFO - __main__ - ***********Input************
07/15/2022 06:49:02 - INFO - __main__ - <mask> belongs to <mask>.
07/15/2022 06:49:02 - INFO - __main__ - *********Hypothesis*********
07/15/2022 06:49:02 - INFO - __main__ - <mask>, a collection of <mask>.
07/15/2022 06:49:02 - INFO - __main__ - <mask> has a close relationship with <mask>.
07/15/2022 06:49:02 - INFO - __main__ - <mask> was a member of <mask>.
07/15/2022 06:49:02 - INFO - __main__ - <mask> is the member of <mask>.
07/15/2022 06:49:02 - INFO - __main__ - <mask> belongs to <mask>.
07/15/2022 06:49:02 - INFO - __main__ - <mask> is the main centre of <mask>.
07/15/2022 06:49:02 - INFO - __main__ - <mask> is a main centre of <mask>.
07/15/2022 06:49:02 - INFO - __main__ - <mask> is a part of <mask>.
07/15/2022 06:49:02 - INFO - __main__ - <mask> has been a member of <mask>.
07/15/2022 06:49:02 - INFO - __main__ - <mask> is a member of <mask>.
07/15/2022 06:49:02 - INFO - __main__ - ****************************
07/15/2022 06:49:02 - INFO - __main__ - *********References*********
07/15/2022 06:49:02 - INFO - __main__ - ['<mask> is owned by <mask>', '<mask> is located in <mask>', '<mask> is a member of <mask>.', '<mask> is in the group of <mask>.', '<mask> is a part of <mask>.']
07/15/2022 06:49:02 - INFO - __main__ - ****************************
07/15/2022 06:53:09 - INFO - __main__ - ***********Input************
07/15/2022 06:53:09 - INFO - __main__ - <mask> comes after <mask>.
07/15/2022 06:53:09 - INFO - __main__ - *********Hypothesis*********
07/15/2022 06:53:09 - INFO - __main__ - <mask> is the church of <mask>.
07/15/2022 06:53:09 - INFO - __main__ - <mask> is a member of <mask>.
07/15/2022 06:53:09 - INFO - __main__ - <mask> is a part of <mask>.
07/15/2022 06:53:09 - INFO - __main__ - <mask> is a major source of income for <mask>.
07/15/2022 06:53:09 - INFO - __main__ - <mask> has been a major source of inspiration for <mask>.
07/15/2022 06:53:09 - INFO - __main__ - <mask> was the son of <mask>.
07/15/2022 06:53:09 - INFO - __main__ - <mask> was a great-grandson of <mask>.
07/15/2022 06:53:09 - INFO - __main__ - <mask> was a close friend of <mask>.
07/15/2022 06:53:09 - INFO - __main__ - <mask> has been a great influence on <mask>.
07/15/2022 06:53:09 - INFO - __main__ - <mask> is a major source of <mask>.
07/15/2022 06:53:09 - INFO - __main__ - ****************************
07/15/2022 06:53:09 - INFO - __main__ - *********References*********
07/15/2022 06:53:09 - INFO - __main__ - ['<mask> happens after <mask>', 'the prerequisite of <mask> is <mask>.']
07/15/2022 06:53:09 - INFO - __main__ - ****************************
07/15/2022 06:57:10 - INFO - __main__ - ***********Input************
07/15/2022 06:57:10 - INFO - __main__ - <mask> comes before <mask>.
07/15/2022 06:57:10 - INFO - __main__ - *********Hypothesis*********
07/15/2022 06:57:10 - INFO - __main__ - <mask> is a member of the group <mask>.
07/15/2022 06:57:10 - INFO - __main__ - <mask> is a member of <mask>.
07/15/2022 06:57:10 - INFO - __main__ - <mask> was originally called <mask>.
07/15/2022 06:57:10 - INFO - __main__ - <mask> is a non-binding body of <mask>.
07/15/2022 06:57:10 - INFO - __main__ - <mask> was a major influence on <mask>.
07/15/2022 06:57:10 - INFO - __main__ - <mask> is a major source of <mask>.
07/15/2022 06:57:10 - INFO - __main__ - <mask>, a former of <mask>.
07/15/2022 06:57:10 - INFO - __main__ - <mask> is the location of <mask>.
07/15/2022 06:57:10 - INFO - __main__ - <mask> is a major source of information for <mask>.
07/15/2022 06:57:10 - INFO - __main__ - <mask> has been a major source of information for <mask>.
07/15/2022 06:57:10 - INFO - __main__ - ****************************
07/15/2022 06:57:10 - INFO - __main__ - *********References*********
07/15/2022 06:57:10 - INFO - __main__ - ['<mask> is the prerequisite of <mask>.', 'the following event of <mask> is <mask>.', 'the sequel of <mask> is <mask>.']
07/15/2022 06:57:10 - INFO - __main__ - ****************************
07/15/2022 07:01:48 - INFO - __main__ - ***********Input************
07/15/2022 07:01:48 - INFO - __main__ - <mask> crosses <mask>.
07/15/2022 07:01:48 - INFO - __main__ - *********Hypothesis*********
07/15/2022 07:01:48 - INFO - __main__ - <mask> is a major river crossing in <mask>.
07/15/2022 07:01:48 - INFO - __main__ - <mask> is located on <mask>.
07/15/2022 07:01:48 - INFO - __main__ - <mask> is a major transportation hub for <mask>.
07/15/2022 07:01:48 - INFO - __main__ - <mask> runs along the west side of <mask>.
07/15/2022 07:01:48 - INFO - __main__ - <mask> runs along <mask>.
07/15/2022 07:01:48 - INFO - __main__ - <mask> is the main route to <mask>.
07/15/2022 07:01:48 - INFO - __main__ - <mask> is a major port on <mask>.
07/15/2022 07:01:48 - INFO - __main__ - <mask> is a tributary of <mask>.
07/15/2022 07:01:48 - INFO - __main__ - <mask>, which was located on <mask>.
07/15/2022 07:01:48 - INFO - __main__ - <mask> is a former province of <mask>.
07/15/2022 07:01:48 - INFO - __main__ - ****************************
07/15/2022 07:01:48 - INFO - __main__ - *********References*********
07/15/2022 07:01:48 - INFO - __main__ - ['<mask> goes to the other side of <mask>.']
07/15/2022 07:01:48 - INFO - __main__ - ****************************
07/15/2022 07:06:18 - INFO - __main__ - ***********Input************
07/15/2022 07:06:18 - INFO - __main__ - <mask> deals with <mask>.
07/15/2022 07:06:18 - INFO - __main__ - *********Hypothesis*********
07/15/2022 07:06:18 - INFO - __main__ - <mask> is a former department of <mask>.
07/15/2022 07:06:18 - INFO - __main__ - <mask> is a department of <mask>.
07/15/2022 07:06:18 - INFO - __main__ - <mask> is a major source of <mask>.
07/15/2022 07:06:18 - INFO - __main__ - <mask> is a member of <mask>.
07/15/2022 07:06:18 - INFO - __main__ - <mask> has been a member of <mask>.
07/15/2022 07:06:18 - INFO - __main__ - <mask> has been a major contributor to <mask>.
07/15/2022 07:06:18 - INFO - __main__ - <mask> is a former military and political leader of <mask>.
07/15/2022 07:06:18 - INFO - __main__ - <mask> is a fictionalized account of <mask>.
07/15/2022 07:06:18 - INFO - __main__ - <mask> has been a major source of funding for <mask>.
07/15/2022 07:06:18 - INFO - __main__ - <mask> has been a major influence on <mask>.
07/15/2022 07:06:18 - INFO - __main__ - ****************************
07/15/2022 07:06:18 - INFO - __main__ - *********References*********
07/15/2022 07:06:18 - INFO - __main__ - ['<mask> run business with <mask>.', '<mask> recognizes <mask>.', '<mask> is familiar with <mask>.']
07/15/2022 07:06:18 - INFO - __main__ - ****************************
07/15/2022 07:10:20 - INFO - __main__ - ***********Input************
07/15/2022 07:10:20 - INFO - __main__ - <mask> died in <mask>.
07/15/2022 07:10:20 - INFO - __main__ - *********Hypothesis*********
07/15/2022 07:10:20 - INFO - __main__ - <mask> was a major force in <mask>.
07/15/2022 07:10:20 - INFO - __main__ - <mask> was born in the <mask>.
07/15/2022 07:10:20 - INFO - __main__ - <mask> was a member of the council of <mask>.
07/15/2022 07:10:20 - INFO - __main__ - <mask> is a native of <mask>.
07/15/2022 07:10:20 - INFO - __main__ - <mask> was a member of the committee of the <mask>.
07/15/2022 07:10:20 - INFO - __main__ - <mask> was born in <mask>.
07/15/2022 07:10:20 - INFO - __main__ - <mask> was born and raised in <mask>.
07/15/2022 07:10:20 - INFO - __main__ - <mask> was a major contributor to the development of <mask>.
07/15/2022 07:10:20 - INFO - __main__ - <mask> was a major contributor to <mask>.
07/15/2022 07:10:20 - INFO - __main__ - <mask> had been killed in <mask>.
07/15/2022 07:10:20 - INFO - __main__ - ****************************
07/15/2022 07:10:20 - INFO - __main__ - *********References*********
07/15/2022 07:10:20 - INFO - __main__ - ['<mask> lived in <mask>', '<mask> was a native in <mask>', '<mask> was a citizen of <mask>.', '<mask> worked in <mask>.', '<mask> was buried in <mask>.']
07/15/2022 07:10:20 - INFO - __main__ - ****************************
07/15/2022 07:15:05 - INFO - __main__ - ***********Input************
07/15/2022 07:15:05 - INFO - __main__ - <mask> exports <mask>.
07/15/2022 07:15:05 - INFO - __main__ - *********Hypothesis*********
07/15/2022 07:15:05 - INFO - __main__ - <mask> was a major contributor to the development of <mask>.
07/15/2022 07:15:05 - INFO - __main__ - <mask> has a large market for <mask>.
07/15/2022 07:15:05 - INFO - __main__ - <mask> has a long history of <mask>.
07/15/2022 07:15:05 - INFO - __main__ - <mask> has a population growth rate of <mask>.
07/15/2022 07:15:05 - INFO - __main__ - <mask> had an unemployment rate of <mask>.
07/15/2022 07:15:05 - INFO - __main__ - <mask> is the only territory that has never been awarded <mask>.
07/15/2022 07:15:05 - INFO - __main__ - <mask> is the only country to have a <mask>.
07/15/2022 07:15:05 - INFO - __main__ - <mask> has a number of different types of <mask>.
07/15/2022 07:15:05 - INFO - __main__ - <mask> had a population of <mask>.
07/15/2022 07:15:05 - INFO - __main__ - <mask> is the largest producer of <mask>.
07/15/2022 07:15:05 - INFO - __main__ - ****************************
07/15/2022 07:15:05 - INFO - __main__ - *********References*********
07/15/2022 07:15:05 - INFO - __main__ - ['<mask> produces <mask>.', '<mask> lives on <mask>.', '<mask> makes money through <mask>.', '<mask> knows a lot about <mask>.']
07/15/2022 07:15:05 - INFO - __main__ - ****************************
07/15/2022 07:19:45 - INFO - __main__ - ***********Input************
07/15/2022 07:19:45 - INFO - __main__ - <mask> follows <mask>.
07/15/2022 07:19:45 - INFO - __main__ - *********Hypothesis*********
07/15/2022 07:19:45 - INFO - __main__ - <mask> has ratified <mask>.
07/15/2022 07:19:45 - INFO - __main__ - <mask> is a major contributor to <mask>.
07/15/2022 07:19:45 - INFO - __main__ - <mask> is a major influence on <mask>.
07/15/2022 07:19:45 - INFO - __main__ - <mask> was a great admirer of <mask>.
07/15/2022 07:19:45 - INFO - __main__ - <mask> is a signatory to <mask>.
07/15/2022 07:19:45 - INFO - __main__ - <mask> has been a signatory to <mask>.
07/15/2022 07:19:45 - INFO - __main__ - <mask> is a signatory of <mask>.
07/15/2022 07:19:45 - INFO - __main__ - <mask> is a major source of <mask>.
07/15/2022 07:19:45 - INFO - __main__ - <mask> is located on <mask>.
07/15/2022 07:19:45 - INFO - __main__ - <mask> is a small town on <mask>.
07/15/2022 07:19:45 - INFO - __main__ - ****************************
07/15/2022 07:19:45 - INFO - __main__ - *********References*********
07/15/2022 07:19:45 - INFO - __main__ - ['<mask> is the child of <mask>.', '<mask> recognizes <mask>.', '<mask> wants to hurt <mask>.', '<mask> was leaded by <mask>.']
07/15/2022 07:19:45 - INFO - __main__ - ****************************
07/15/2022 07:24:16 - INFO - __main__ - ***********Input************
07/15/2022 07:24:16 - INFO - __main__ - <mask> graduated from <mask>.
07/15/2022 07:24:16 - INFO - __main__ - *********Hypothesis*********
07/15/2022 07:24:16 - INFO - __main__ - <mask> was educated at <mask>.
07/15/2022 07:24:16 - INFO - __main__ - <mask> was a graduate of <mask>.
07/15/2022 07:24:16 - INFO - __main__ - <mask> studied at <mask>.
07/15/2022 07:24:16 - INFO - __main__ - <mask> is a graduate of <mask>.
07/15/2022 07:24:16 - INFO - __main__ - <mask> graduated from <mask>.
07/15/2022 07:24:16 - INFO - __main__ - <mask> in economics from <mask>.
07/15/2022 07:24:16 - INFO - __main__ - <mask> is an alumnus of <mask>.
07/15/2022 07:24:16 - INFO - __main__ - <mask> was a professor at <mask>.
07/15/2022 07:24:16 - INFO - __main__ - <mask> is currently a professor at <mask>.
07/15/2022 07:24:16 - INFO - __main__ - <mask> was a student of <mask>.
07/15/2022 07:24:16 - INFO - __main__ - ****************************
07/15/2022 07:24:16 - INFO - __main__ - *********References*********
07/15/2022 07:24:16 - INFO - __main__ - ['<mask> paid for <mask>.', '<mask> is a student of <mask>.', '<mask> studied in <mask> for many years.', '<mask> knows a lot about <mask>.', '<mask> is familiar with <mask>.', '<mask> used to be a member of <mask>.']
07/15/2022 07:24:16 - INFO - __main__ - ****************************
07/15/2022 07:28:01 - INFO - __main__ - ***********Input************
07/15/2022 07:28:01 - INFO - __main__ - <mask> has influence on <mask>.
07/15/2022 07:28:01 - INFO - __main__ - *********Hypothesis*********
07/15/2022 07:28:01 - INFO - __main__ - <mask> was a major part of <mask>.
07/15/2022 07:28:01 - INFO - __main__ - <mask>'s economy is heavily dependent on <mask>.
07/15/2022 07:28:01 - INFO - __main__ - <mask> has a long history of military cooperation with <mask>.
07/15/2022 07:28:01 - INFO - __main__ - <mask> is a major source of <mask>.
07/15/2022 07:28:01 - INFO - __main__ - <mask> has been a major influence on <mask>.
07/15/2022 07:28:01 - INFO - __main__ - <mask> is a part of <mask>.
07/15/2022 07:28:01 - INFO - __main__ - <mask> was a major influence on <mask>.
07/15/2022 07:28:01 - INFO - __main__ - <mask> has been a major source of information for <mask>.
07/15/2022 07:28:01 - INFO - __main__ - <mask> is a major source of information on <mask>.
07/15/2022 07:28:01 - INFO - __main__ - <mask> has a long history of working with <mask>.
07/15/2022 07:28:01 - INFO - __main__ - ****************************
07/15/2022 07:28:01 - INFO - __main__ - *********References*********
07/15/2022 07:28:01 - INFO - __main__ - ['<mask> is the parent of <mask>.', '<mask> is the advisor of <mask>.', '<mask> is the supervisor of <mask>.', '<mask> is familiar with <mask>.']
07/15/2022 07:28:01 - INFO - __main__ - ****************************
07/15/2022 07:32:48 - INFO - __main__ - ***********Input************
07/15/2022 07:32:48 - INFO - __main__ - <mask> holds position of <mask>.
07/15/2022 07:32:48 - INFO - __main__ - *********Hypothesis*********
07/15/2022 07:32:48 - INFO - __main__ - <mask> is the only <mask>.
07/15/2022 07:32:48 - INFO - __main__ - <mask> is a <mask>.
07/15/2022 07:32:48 - INFO - __main__ - <mask> was the recipient of <mask>.
07/15/2022 07:32:48 - INFO - __main__ - <mask> was awarded <mask>.
07/15/2022 07:32:48 - INFO - __main__ - <mask> was a recipient of <mask>.
07/15/2022 07:32:48 - INFO - __main__ - <mask> member and <mask>.
07/15/2022 07:32:48 - INFO - __main__ - <mask>: the current <mask>.
07/15/2022 07:32:48 - INFO - __main__ - <mask>, which is a <mask>.
07/15/2022 07:32:48 - INFO - __main__ - <mask> is a former <mask>.
07/15/2022 07:32:48 - INFO - __main__ - <mask> is the current <mask>.
07/15/2022 07:32:48 - INFO - __main__ - ****************************
07/15/2022 07:32:48 - INFO - __main__ - *********References*********
07/15/2022 07:32:48 - INFO - __main__ - ['<mask> works as a <mask>.', '<mask> supports family through being a <mask>.', '<mask> chase dream through being a <mask>.']
07/15/2022 07:32:48 - INFO - __main__ - ****************************
07/15/2022 07:37:30 - INFO - __main__ - ***********Input************
07/15/2022 07:37:30 - INFO - __main__ - <mask> holds the political position of <mask>.
07/15/2022 07:37:30 - INFO - __main__ - *********Hypothesis*********
07/15/2022 07:37:30 - INFO - __main__ - <mask> was the only <mask>.
07/15/2022 07:37:30 - INFO - __main__ - <mask> has a number of other offices, including <mask>.
07/15/2022 07:37:30 - INFO - __main__ - <mask> is the only <mask>.
07/15/2022 07:37:30 - INFO - __main__ - <mask> is a former <mask>.
07/15/2022 07:37:30 - INFO - __main__ - <mask> is a member of <mask>.
07/15/2022 07:37:30 - INFO - __main__ - <mask> is the current <mask>.
07/15/2022 07:37:30 - INFO - __main__ - <mask> is the capital and <mask>.
07/15/2022 07:37:30 - INFO - __main__ - <mask> has a <mask>.
07/15/2022 07:37:30 - INFO - __main__ - <mask> is a <mask>.
07/15/2022 07:37:30 - INFO - __main__ - <mask>, a former <mask>.
07/15/2022 07:37:30 - INFO - __main__ - ****************************
07/15/2022 07:37:30 - INFO - __main__ - *********References*********
07/15/2022 07:37:30 - INFO - __main__ - ['<mask> is currently a <mask>.', '<mask> works as a <mask>.', '<mask> realizes political ambition through being a <mask>.']
07/15/2022 07:37:30 - INFO - __main__ - ****************************
07/15/2022 07:42:35 - INFO - __main__ - ***********Input************
07/15/2022 07:42:35 - INFO - __main__ - <mask> imports <mask>.
07/15/2022 07:42:35 - INFO - __main__ - *********Hypothesis*********
07/15/2022 07:42:35 - INFO - __main__ - <mask> has a large number of <mask>.
07/15/2022 07:42:35 - INFO - __main__ - <mask> has a long history of <mask>.
07/15/2022 07:42:35 - INFO - __main__ - <mask> has a long history of being <mask>.
07/15/2022 07:42:35 - INFO - __main__ - <mask> article on <mask>.
07/15/2022 07:42:35 - INFO - __main__ - <mask> was the country with the highest number of people infected, <mask>.
07/15/2022 07:42:35 - INFO - __main__ - <mask> has a large number of foreign students, <mask>.
07/15/2022 07:42:35 - INFO - __main__ - <mask> was born in <mask>.
07/15/2022 07:42:35 - INFO - __main__ - <mask> is a former member of <mask>.
07/15/2022 07:42:35 - INFO - __main__ - <mask> was a major supplier of the <mask>.
07/15/2022 07:42:35 - INFO - __main__ - <mask> is the largest producer of <mask>.
07/15/2022 07:42:35 - INFO - __main__ - ****************************
07/15/2022 07:42:35 - INFO - __main__ - *********References*********
07/15/2022 07:42:35 - INFO - __main__ - ['<mask> needs <mask>.', '<mask> cannot produce enough <mask>.', '<mask> do not have <mask>.', '<mask> has to pay for <mask>.']
07/15/2022 07:42:35 - INFO - __main__ - ****************************
07/15/2022 07:46:33 - INFO - __main__ - ***********Input************
07/15/2022 07:46:33 - INFO - __main__ - <mask> is <mask> by occupation.
07/15/2022 07:46:33 - INFO - __main__ - *********Hypothesis*********
07/15/2022 07:46:33 - INFO - __main__ - <mask>, which is <mask>.
07/15/2022 07:46:33 - INFO - __main__ - <mask> is a very good <mask>.
07/15/2022 07:46:33 - INFO - __main__ - <mask>, however, was not <mask>.
07/15/2022 07:46:33 - INFO - __main__ - <mask> is a major influence on <mask>.
07/15/2022 07:46:33 - INFO - __main__ - <mask> was the only one of the group to be <mask>.
07/15/2022 07:46:33 - INFO - __main__ - <mask> has a large number of people who are <mask>.
07/15/2022 07:46:33 - INFO - __main__ - <mask> is a <mask>.
07/15/2022 07:46:33 - INFO - __main__ - <mask>'s father was a doctor and his mother was <mask>.
07/15/2022 07:46:33 - INFO - __main__ - <mask> is a surname, <mask>.
07/15/2022 07:46:33 - INFO - __main__ - <mask> is a major <mask>.
07/15/2022 07:46:33 - INFO - __main__ - ****************************
07/15/2022 07:46:33 - INFO - __main__ - *********References*********
07/15/2022 07:46:33 - INFO - __main__ - ['<mask> works as a <mask>.', '<mask> supports his family through being a <mask>.']
07/15/2022 07:46:33 - INFO - __main__ - ****************************
07/15/2022 07:50:03 - INFO - __main__ - ***********Input************
07/15/2022 07:50:03 - INFO - __main__ - <mask> is a citizen of <mask>.
07/15/2022 07:50:03 - INFO - __main__ - *********Hypothesis*********
07/15/2022 07:50:03 - INFO - __main__ - <mask> is a former international table tennis player from <mask>.
07/15/2022 07:50:03 - INFO - __main__ - <mask> is a citizen of <mask>.
07/15/2022 07:50:03 - INFO - __main__ - <mask> is a former member of <mask>.
07/15/2022 07:50:03 - INFO - __main__ - <mask> was born and raised in <mask>.
07/15/2022 07:50:03 - INFO - __main__ - <mask> is a major cultural and political figure in <mask>.
07/15/2022 07:50:03 - INFO - __main__ - <mask> was born in <mask>.
07/15/2022 07:50:03 - INFO - __main__ - <mask> is a member of <mask>.
07/15/2022 07:50:03 - INFO - __main__ - <mask> is a former professional basketball player in <mask>.
07/15/2022 07:50:03 - INFO - __main__ - <mask> and his family emigrated to <mask>.
07/15/2022 07:50:03 - INFO - __main__ - <mask> has been a member of <mask>.
07/15/2022 07:50:03 - INFO - __main__ - ****************************
07/15/2022 07:50:03 - INFO - __main__ - *********References*********
07/15/2022 07:50:03 - INFO - __main__ - ['<mask> is a native of <mask>.', '<mask> is a member of <mask>.', '<mask> lives and works in <mask>.', '<mask> is familiar with <mask>.']
07/15/2022 07:50:03 - INFO - __main__ - ****************************
07/15/2022 07:53:10 - INFO - __main__ - ***********Input************
07/15/2022 07:53:10 - INFO - __main__ - <mask> is a city of <mask>.
07/15/2022 07:53:10 - INFO - __main__ - *********Hypothesis*********
07/15/2022 07:53:10 - INFO - __main__ - <mask> is the capital and largest city of <mask>.
07/15/2022 07:53:10 - INFO - __main__ - <mask> is the largest city in <mask>.
07/15/2022 07:53:10 - INFO - __main__ - <mask> is the capital of <mask>.
07/15/2022 07:53:10 - INFO - __main__ - <mask> is a city in <mask>.
07/15/2022 07:53:10 - INFO - __main__ - <mask> is a state in <mask>.
07/15/2022 07:53:10 - INFO - __main__ - <mask> was one of the most important cities in <mask>.
07/15/2022 07:53:10 - INFO - __main__ - <mask> is the capital of the <mask>.
07/15/2022 07:53:10 - INFO - __main__ - <mask> is one of the most important cities in <mask>.
07/15/2022 07:53:10 - INFO - __main__ - <mask> is a city in the <mask>.
07/15/2022 07:53:10 - INFO - __main__ - <mask> is the most populous city in <mask>.
07/15/2022 07:53:10 - INFO - __main__ - ****************************
07/15/2022 07:53:10 - INFO - __main__ - *********References*********
07/15/2022 07:53:10 - INFO - __main__ - ['<mask> is a part of <mask>.', '<mask> is the member of <mask>.', '<mask> belongs to <mask>.']
07/15/2022 07:53:10 - INFO - __main__ - ****************************
07/15/2022 07:56:19 - INFO - __main__ - ***********Input************
07/15/2022 07:56:19 - INFO - __main__ - <mask> is a constellation of <mask>.
07/15/2022 07:56:19 - INFO - __main__ - *********Hypothesis*********
07/15/2022 07:56:19 - INFO - __main__ - <mask> is a star in the constellation <mask>.
07/15/2022 07:56:19 - INFO - __main__ - <mask> is the largest and most massive star in <mask>.
07/15/2022 07:56:19 - INFO - __main__ - <mask> is an elliptical galaxy in <mask>.
07/15/2022 07:56:19 - INFO - __main__ - <mask> is the brightest star in <mask>.
07/15/2022 07:56:19 - INFO - __main__ - <mask> is the star in <mask>.
07/15/2022 07:56:19 - INFO - __main__ - <mask> is a star system in <mask>.
07/15/2022 07:56:19 - INFO - __main__ - <mask> is the brightest star in the constellation <mask>.
07/15/2022 07:56:19 - INFO - __main__ - <mask> is a variable star in the constellation <mask>.
07/15/2022 07:56:19 - INFO - __main__ - <mask> is a single star in the constellation <mask>.
07/15/2022 07:56:19 - INFO - __main__ - <mask> is a star in <mask>.
07/15/2022 07:56:19 - INFO - __main__ - ****************************
07/15/2022 07:56:19 - INFO - __main__ - *********References*********
07/15/2022 07:56:19 - INFO - __main__ - ['<mask> is a part of <mask>.', '<mask> is a member of <mask>.', '<mask> rotates around <mask>.']
07/15/2022 07:56:19 - INFO - __main__ - ****************************
07/15/2022 08:00:42 - INFO - __main__ - ***********Input************
07/15/2022 08:00:42 - INFO - __main__ - <mask> is a member of political party <mask>.
07/15/2022 08:00:42 - INFO - __main__ - *********Hypothesis*********
07/15/2022 08:00:42 - INFO - __main__ - <mask> was represented by <mask>.
07/15/2022 08:00:42 - INFO - __main__ - <mask> was a member of <mask>.
07/15/2022 08:00:42 - INFO - __main__ - <mask> is currently represented by <mask>.
07/15/2022 08:00:42 - INFO - __main__ - <mask> has a political party called <mask>.
07/15/2022 08:00:42 - INFO - __main__ - <mask> was the leader of the ruling <mask>.
07/15/2022 08:00:42 - INFO - __main__ - <mask> was elected from <mask>.
07/15/2022 08:00:42 - INFO - __main__ - <mask> belongs to <mask>.
07/15/2022 08:00:42 - INFO - __main__ - <mask> is a member of <mask>.
07/15/2022 08:00:42 - INFO - __main__ - <mask> has been a member of <mask>.
07/15/2022 08:00:42 - INFO - __main__ - <mask> was the state president of <mask>.
07/15/2022 08:00:42 - INFO - __main__ - ****************************
07/15/2022 08:00:42 - INFO - __main__ - *********References*********
07/15/2022 08:00:42 - INFO - __main__ - ['<mask> supports <mask>.', '<mask> pays membership dues to <mask>.', '<mask> has applied to join <mask>.']
07/15/2022 08:00:42 - INFO - __main__ - ****************************
07/15/2022 08:05:24 - INFO - __main__ - ***********Input************
07/15/2022 08:05:24 - INFO - __main__ - <mask> is a member of <mask>.
07/15/2022 08:05:24 - INFO - __main__ - *********Hypothesis*********
07/15/2022 08:05:24 - INFO - __main__ - <mask> was the founding member of <mask>.
07/15/2022 08:05:24 - INFO - __main__ - <mask> was a founding member of <mask>.
07/15/2022 08:05:24 - INFO - __main__ - <mask> is an official member of <mask>.
07/15/2022 08:05:24 - INFO - __main__ - <mask> a listed on <mask>.
07/15/2022 08:05:24 - INFO - __main__ - <mask> is listed on <mask>.
07/15/2022 08:05:24 - INFO - __main__ - <mask> listed on <mask>.
07/15/2022 08:05:24 - INFO - __main__ - <mask> is the member of <mask>.
07/15/2022 08:05:24 - INFO - __main__ - <mask> has been a member of <mask>.
07/15/2022 08:05:24 - INFO - __main__ - <mask> is an active member of <mask>.
07/15/2022 08:05:24 - INFO - __main__ - <mask> is a member of <mask>.
07/15/2022 08:05:24 - INFO - __main__ - ****************************
07/15/2022 08:05:24 - INFO - __main__ - *********References*********
07/15/2022 08:05:24 - INFO - __main__ - ['<mask> make contributions to <mask>.', '<mask> applied to join <mask>.', '<mask> belongs to <mask>.']
07/15/2022 08:05:24 - INFO - __main__ - ****************************
07/15/2022 08:10:07 - INFO - __main__ - ***********Input************
07/15/2022 08:10:07 - INFO - __main__ - <mask> is a part of <mask>.
07/15/2022 08:10:07 - INFO - __main__ - *********Hypothesis*********
07/15/2022 08:10:07 - INFO - __main__ - <mask> has been a major contributor to <mask>.
07/15/2022 08:10:07 - INFO - __main__ - <mask> was a member of <mask>.
07/15/2022 08:10:07 - INFO - __main__ - <mask> is a part of <mask>.
07/15/2022 08:10:07 - INFO - __main__ - <mask> is a member of <mask>.
07/15/2022 08:10:07 - INFO - __main__ - <mask> is part of <mask>.
07/15/2022 08:10:07 - INFO - __main__ - <mask> is a member of the <mask>.
07/15/2022 08:10:07 - INFO - __main__ - <mask> has been a member of <mask>.
07/15/2022 08:10:07 - INFO - __main__ - <mask> is the member of <mask>.
07/15/2022 08:10:07 - INFO - __main__ - <mask> is a state of <mask>.
07/15/2022 08:10:07 - INFO - __main__ - <mask> is a major centre of <mask>.
07/15/2022 08:10:07 - INFO - __main__ - ****************************
07/15/2022 08:10:07 - INFO - __main__ - *********References*********
07/15/2022 08:10:07 - INFO - __main__ - ['<mask> make contributions to <mask>.', '<mask> applied to join <mask>.', '<mask> belongs to <mask>.']
07/15/2022 08:10:07 - INFO - __main__ - ****************************
07/15/2022 08:13:38 - INFO - __main__ - ***********Input************
07/15/2022 08:13:38 - INFO - __main__ - <mask> is a provicial capital of <mask>.
07/15/2022 08:13:38 - INFO - __main__ - *********Hypothesis*********
07/15/2022 08:13:38 - INFO - __main__ - <mask> is a former administrative region of <mask>.
07/15/2022 08:13:38 - INFO - __main__ - <mask> is the capital of <mask>.
07/15/2022 08:13:38 - INFO - __main__ - <mask> is a city in <mask>.
07/15/2022 08:13:38 - INFO - __main__ - <mask> was then the capital of <mask>.
07/15/2022 08:13:38 - INFO - __main__ - <mask> is the largest city in <mask>.
07/15/2022 08:13:38 - INFO - __main__ - <mask> was chosen as the capital of <mask>.
07/15/2022 08:13:38 - INFO - __main__ - <mask> is the capital and largest city of <mask>.
07/15/2022 08:13:38 - INFO - __main__ - <mask> is a city in the <mask>.
07/15/2022 08:13:38 - INFO - __main__ - <mask> is the capital of the <mask>.
07/15/2022 08:13:38 - INFO - __main__ - <mask> is one of the most important cities in <mask>.
07/15/2022 08:13:38 - INFO - __main__ - ****************************
07/15/2022 08:13:38 - INFO - __main__ - *********References*********
07/15/2022 08:13:38 - INFO - __main__ - ['<mask> is a part of <mask>.', '<mask> is a regional political cneter of <mask>.', '<mask> belongs to <mask>.', '<mask> is a city of <mask>.']
07/15/2022 08:13:38 - INFO - __main__ - ****************************
07/15/2022 08:16:44 - INFO - __main__ - ***********Input************
07/15/2022 08:16:44 - INFO - __main__ - <mask> is a state or province within <mask>.
07/15/2022 08:16:44 - INFO - __main__ - *********Hypothesis*********
07/15/2022 08:16:44 - INFO - __main__ - <mask> is a territory of <mask>.
07/15/2022 08:16:44 - INFO - __main__ - <mask>'s economy is one of the fastest growing in <mask>.
07/15/2022 08:16:44 - INFO - __main__ - <mask> has the largest number of public school districts in <mask>.
07/15/2022 08:16:44 - INFO - __main__ - <mask> is a province of <mask>.
07/15/2022 08:16:44 - INFO - __main__ - <mask> is the state of <mask>.
07/15/2022 08:16:44 - INFO - __main__ - <mask> is a state of <mask>.
07/15/2022 08:16:44 - INFO - __main__ - <mask> is a state in <mask>.
07/15/2022 08:16:44 - INFO - __main__ - <mask> is the state in <mask>.
07/15/2022 08:16:44 - INFO - __main__ - <mask> has the highest rate of child marriage in <mask>.
07/15/2022 08:16:44 - INFO - __main__ - <mask> is the most populous state in <mask>.
07/15/2022 08:16:44 - INFO - __main__ - ****************************
07/15/2022 08:16:44 - INFO - __main__ - *********References*********
07/15/2022 08:16:44 - INFO - __main__ - ['<mask> is a part of <mask>.', '<mask> blelongs to <mask>.']
07/15/2022 08:16:44 - INFO - __main__ - ****************************
07/15/2022 08:20:57 - INFO - __main__ - ***********Input************
07/15/2022 08:20:57 - INFO - __main__ - <mask> is advised by <mask>.
07/15/2022 08:20:57 - INFO - __main__ - *********Hypothesis*********
07/15/2022 08:20:57 - INFO - __main__ - <mask> is the member of <mask>.
07/15/2022 08:20:57 - INFO - __main__ - <mask> has been a member of <mask>.
07/15/2022 08:20:57 - INFO - __main__ - <mask> is a member of the <mask>.
07/15/2022 08:20:57 - INFO - __main__ - <mask> was the cinematographer for <mask>.
07/15/2022 08:20:57 - INFO - __main__ - <mask> was the cinematographer for the <mask>.
07/15/2022 08:20:57 - INFO - __main__ - <mask> is the son of <mask>.
07/15/2022 08:20:57 - INFO - __main__ - <mask> has been a major contributor to <mask>.
07/15/2022 08:20:57 - INFO - __main__ - <mask> has been the member of <mask>.
07/15/2022 08:20:57 - INFO - __main__ - <mask> is a member of <mask>.
07/15/2022 08:20:57 - INFO - __main__ - <mask> is a book of <mask>.
07/15/2022 08:20:57 - INFO - __main__ - ****************************
07/15/2022 08:20:57 - INFO - __main__ - *********References*********
07/15/2022 08:20:57 - INFO - __main__ - ['<mask> is influenced by <mask>.', '<mask> is one of the students of <mask>.', '<mask> is taught by <mask>.', '<mask> follows <mask>.', '<mask> receive advice from <mask>.']
07/15/2022 08:20:57 - INFO - __main__ - ****************************
07/15/2022 08:25:16 - INFO - __main__ - ***********Input************
07/15/2022 08:25:16 - INFO - __main__ - <mask> is an instance of <mask>.
07/15/2022 08:25:16 - INFO - __main__ - *********Hypothesis*********
07/15/2022 08:25:16 - INFO - __main__ - <mask> is a member of <mask>.
07/15/2022 08:25:16 - INFO - __main__ - <mask> was a part of <mask>.
07/15/2022 08:25:16 - INFO - __main__ - <mask> is a <mask>.
07/15/2022 08:25:16 - INFO - __main__ - <mask> was a member of <mask>.
07/15/2022 08:25:16 - INFO - __main__ - <mask> is a major part of <mask>.
07/15/2022 08:25:16 - INFO - __main__ - <mask> is a major <mask>.
07/15/2022 08:25:16 - INFO - __main__ - <mask> is a part of <mask>.
07/15/2022 08:25:16 - INFO - __main__ - <mask> is a major source of <mask>.
07/15/2022 08:25:16 - INFO - __main__ - <mask> is a major figure in <mask>.
07/15/2022 08:25:16 - INFO - __main__ - <mask> is a former member of <mask>.
07/15/2022 08:25:16 - INFO - __main__ - ****************************
07/15/2022 08:25:16 - INFO - __main__ - *********References*********
07/15/2022 08:25:16 - INFO - __main__ - ['<mask> is a kind of <mask>.', '<mask> derives from <mask>.', '<mask> is recognized as <mask>.']
07/15/2022 08:25:16 - INFO - __main__ - ****************************
07/15/2022 08:30:24 - INFO - __main__ - ***********Input************
07/15/2022 08:30:24 - INFO - __main__ - <mask> is composed by <mask>.
07/15/2022 08:30:24 - INFO - __main__ - *********Hypothesis*********
07/15/2022 08:30:24 - INFO - __main__ - <mask> is a popular song composed by <mask>.
07/15/2022 08:30:24 - INFO - __main__ - <mask> is a work of <mask>.
07/15/2022 08:30:24 - INFO - __main__ - <mask> is a composition by <mask>.
07/15/2022 08:30:24 - INFO - __main__ - <mask> was composed by <mask>.
07/15/2022 08:30:24 - INFO - __main__ - <mask> was a great influence on <mask>.
07/15/2022 08:30:24 - INFO - __main__ - <mask> was the last film to be directed by <mask>.
07/15/2022 08:30:24 - INFO - __main__ - <mask> has been a major influence on <mask>.
07/15/2022 08:30:24 - INFO - __main__ - <mask> is a musical composition by <mask>.
07/15/2022 08:30:24 - INFO - __main__ - <mask> is the birthplace of <mask>.
07/15/2022 08:30:24 - INFO - __main__ - <mask> is a symphonic poem by <mask>.
07/15/2022 08:30:24 - INFO - __main__ - ****************************
07/15/2022 08:30:24 - INFO - __main__ - *********References*********
07/15/2022 08:30:24 - INFO - __main__ - ['<mask> is created by <mask>.', 'the copyright of <mask> is owned by <mask>.', '<mask> was sold by <mask> to make profits.', "<mask> is used to express <mask>'s emotions."]
07/15/2022 08:30:24 - INFO - __main__ - ****************************
07/15/2022 08:35:08 - INFO - __main__ - ***********Input************
07/15/2022 08:35:08 - INFO - __main__ - <mask> is created by <mask>.
07/15/2022 08:35:08 - INFO - __main__ - *********Hypothesis*********
07/15/2022 08:35:08 - INFO - __main__ - <mask> is a major source of information for <mask>.
07/15/2022 08:35:08 - INFO - __main__ - <mask> has been a major source of information for <mask>.
07/15/2022 08:35:08 - INFO - __main__ - <mask> is a <mask>.
07/15/2022 08:35:08 - INFO - __main__ - <mask> is a member of <mask>.
07/15/2022 08:35:08 - INFO - __main__ - <mask> is the birthplace of <mask>.
07/15/2022 08:35:08 - INFO - __main__ - <mask> is a major figure in <mask>.
07/15/2022 08:35:08 - INFO - __main__ - <mask> is a major source of <mask>.
07/15/2022 08:35:08 - INFO - __main__ - <mask> is the name of <mask>.
07/15/2022 08:35:08 - INFO - __main__ - <mask> was a major source of information for <mask>.
07/15/2022 08:35:08 - INFO - __main__ - <mask> has been a major influence on <mask>.
07/15/2022 08:35:08 - INFO - __main__ - ****************************
07/15/2022 08:35:08 - INFO - __main__ - *********References*********
07/15/2022 08:35:08 - INFO - __main__ - ['the copyright of <mask> belongs to <mask>.', '<mask> is sold by <mask> to make profits.']
07/15/2022 08:35:08 - INFO - __main__ - ****************************
07/15/2022 08:39:04 - INFO - __main__ - ***********Input************
07/15/2022 08:39:04 - INFO - __main__ - <mask> is designated as a <mask>.
07/15/2022 08:39:04 - INFO - __main__ - *********Hypothesis*********
07/15/2022 08:39:04 - INFO - __main__ - <mask> has been declared a <mask>.
07/15/2022 08:39:04 - INFO - __main__ - <mask> was a <mask>.
07/15/2022 08:39:04 - INFO - __main__ - <mask> is a unesco <mask>.
07/15/2022 08:39:04 - INFO - __main__ - <mask>'s old town is a <mask>.
07/15/2022 08:39:04 - INFO - __main__ - <mask> has been designated as a <mask>.
07/15/2022 08:39:04 - INFO - __main__ - <mask> is a <mask>.
07/15/2022 08:39:04 - INFO - __main__ - <mask> has been designated a <mask>.
07/15/2022 08:39:04 - INFO - __main__ - <mask> has been a <mask>.
07/15/2022 08:39:04 - INFO - __main__ - <mask> was declared a <mask>.
07/15/2022 08:39:04 - INFO - __main__ - <mask> is now a <mask>.
07/15/2022 08:39:04 - INFO - __main__ - ****************************
07/15/2022 08:39:04 - INFO - __main__ - *********References*********
07/15/2022 08:39:04 - INFO - __main__ - ['<mask> needs to choose whether to become <mask>.', '<mask> knows how to work as <mask>.']
07/15/2022 08:39:04 - INFO - __main__ - ****************************
07/15/2022 08:44:48 - INFO - __main__ - ***********Input************
07/15/2022 08:44:48 - INFO - __main__ - <mask> is directed by <mask>.
07/15/2022 08:44:48 - INFO - __main__ - *********Hypothesis*********
07/15/2022 08:44:48 - INFO - __main__ - <mask> was replaced by <mask>.
07/15/2022 08:44:48 - INFO - __main__ - <mask> is the brother of <mask>.
07/15/2022 08:44:48 - INFO - __main__ - <mask>'s foreign minister is the head of <mask>.
07/15/2022 08:44:48 - INFO - __main__ - <mask> was the son of <mask>.
07/15/2022 08:44:48 - INFO - __main__ - <mask> is a cousin of <mask>.
07/15/2022 08:44:48 - INFO - __main__ - <mask>'s mayor is <mask>.
07/15/2022 08:44:48 - INFO - __main__ - <mask> is the birthplace of <mask>.
07/15/2022 08:44:48 - INFO - __main__ - <mask>'s foreign policy is coordinated by <mask>.
07/15/2022 08:44:48 - INFO - __main__ - <mask> is represented by <mask>.
07/15/2022 08:44:48 - INFO - __main__ - <mask> was the birthplace of <mask>.
07/15/2022 08:44:48 - INFO - __main__ - ****************************
07/15/2022 08:44:48 - INFO - __main__ - *********References*********
07/15/2022 08:44:48 - INFO - __main__ - ['<mask> is known for <mask>.', '<mask> is one of the works of <mask>.']
07/15/2022 08:44:48 - INFO - __main__ - ****************************
07/15/2022 08:48:55 - INFO - __main__ - ***********Input************
07/15/2022 08:48:55 - INFO - __main__ - <mask> is happened in <mask>.
07/15/2022 08:48:55 - INFO - __main__ - *********Hypothesis*********
07/15/2022 08:48:55 - INFO - __main__ - <mask> is a former professional basketball player from <mask>.
07/15/2022 08:48:55 - INFO - __main__ - <mask> is a major international event in <mask>.
07/15/2022 08:48:55 - INFO - __main__ - <mask> is the largest city in <mask>.
07/15/2022 08:48:55 - INFO - __main__ - <mask> is the capital of <mask>.
07/15/2022 08:48:55 - INFO - __main__ - <mask> is a major cultural and political event in <mask>.
07/15/2022 08:48:55 - INFO - __main__ - <mask> was a major political and cultural event in <mask>.
07/15/2022 08:48:55 - INFO - __main__ - <mask> is a major cultural and educational centre of <mask>.
07/15/2022 08:48:55 - INFO - __main__ - <mask> was born in <mask>.
07/15/2022 08:48:55 - INFO - __main__ - <mask> was a major cultural event in <mask>.
07/15/2022 08:48:55 - INFO - __main__ - <mask> is a city in <mask>.
07/15/2022 08:48:55 - INFO - __main__ - ****************************
07/15/2022 08:48:55 - INFO - __main__ - *********References*********
07/15/2022 08:48:55 - INFO - __main__ - ['<mask> is known by people in <mask>.', '<mask> ends in <mask>.']
07/15/2022 08:48:55 - INFO - __main__ - ****************************
07/15/2022 08:54:12 - INFO - __main__ - ***********Input************
07/15/2022 08:54:12 - INFO - __main__ - <mask> is known for <mask>.
07/15/2022 08:54:12 - INFO - __main__ - *********Hypothesis*********
07/15/2022 08:54:12 - INFO - __main__ - <mask> has a tradition of using <mask>.
07/15/2022 08:54:12 - INFO - __main__ - <mask> has a tradition of <mask>.
07/15/2022 08:54:12 - INFO - __main__ - <mask> is the main character of <mask>.
07/15/2022 08:54:12 - INFO - __main__ - <mask>, the founder of <mask>.
07/15/2022 08:54:12 - INFO - __main__ - <mask> was an ardent follower of <mask>.
07/15/2022 08:54:12 - INFO - __main__ - <mask> was a great admirer of <mask>.
07/15/2022 08:54:12 - INFO - __main__ - <mask> is the major source of <mask>.
07/15/2022 08:54:12 - INFO - __main__ - <mask> is a main character of <mask>.
07/15/2022 08:54:12 - INFO - __main__ - <mask> and his <mask>.
07/15/2022 08:54:12 - INFO - __main__ - <mask> is home to <mask>.
07/15/2022 08:54:12 - INFO - __main__ - ****************************
07/15/2022 08:54:12 - INFO - __main__ - *********References*********
07/15/2022 08:54:12 - INFO - __main__ - ['<mask> makes great contribution to <mask>.', '<mask> is a member of <mask>.', '<mask> belongs to <mask>.']
07/15/2022 08:54:12 - INFO - __main__ - ****************************
07/15/2022 08:58:13 - INFO - __main__ - ***********Input************
07/15/2022 08:58:13 - INFO - __main__ - <mask> is licensed to broadcast to <mask>.
07/15/2022 08:58:13 - INFO - __main__ - *********Hypothesis*********
07/15/2022 08:58:13 - INFO - __main__ - <mask> is the only commercial radio station in <mask>.
07/15/2022 08:58:13 - INFO - __main__ - <mask> is the national public service broadcaster of <mask>.
07/15/2022 08:58:13 - INFO - __main__ - <mask> is a national television network in <mask>.
07/15/2022 08:58:13 - INFO - __main__ - <mask> is the national television network in <mask>.
07/15/2022 08:58:13 - INFO - __main__ - <mask> is the only public radio station in <mask>.
07/15/2022 08:58:13 - INFO - __main__ - <mask> is a public radio station in <mask>.
07/15/2022 08:58:13 - INFO - __main__ - <mask> was a radio station in <mask>.
07/15/2022 08:58:13 - INFO - __main__ - <mask> is a national radio station in <mask>.
07/15/2022 08:58:13 - INFO - __main__ - <mask> is the national radio station of <mask>.
07/15/2022 08:58:13 - INFO - __main__ - <mask> is a radio station in <mask>.
07/15/2022 08:58:13 - INFO - __main__ - ****************************
07/15/2022 08:58:13 - INFO - __main__ - *********References*********
07/15/2022 08:58:13 - INFO - __main__ - ['<mask> run business in <mask>.', '<mask> offers service in <mask>.', '<mask> distribute news in <mask>.']
07/15/2022 08:58:13 - INFO - __main__ - ****************************
07/15/2022 09:03:11 - INFO - __main__ - ***********Input************
07/15/2022 09:03:11 - INFO - __main__ - <mask> is located in <mask>.
07/15/2022 09:03:11 - INFO - __main__ - *********Hypothesis*********
07/15/2022 09:03:11 - INFO - __main__ - <mask> is a public university in <mask>.
07/15/2022 09:03:11 - INFO - __main__ - <mask> is a former municipality in <mask>.
07/15/2022 09:03:11 - INFO - __main__ - <mask> is the largest church in <mask>.
07/15/2022 09:03:11 - INFO - __main__ - <mask> has a temple in <mask>.
07/15/2022 09:03:11 - INFO - __main__ - <mask> is the major tourist destination in <mask>.
07/15/2022 09:03:11 - INFO - __main__ - <mask> is located in <mask>.
07/15/2022 09:03:11 - INFO - __main__ - <mask> was born in <mask>.
07/15/2022 09:03:11 - INFO - __main__ - <mask> is the main attraction of <mask>.
07/15/2022 09:03:11 - INFO - __main__ - <mask> is the largest city in <mask>.
07/15/2022 09:03:11 - INFO - __main__ - <mask> is the capital of <mask>.
07/15/2022 09:03:11 - INFO - __main__ - ****************************
07/15/2022 09:03:11 - INFO - __main__ - *********References*********
07/15/2022 09:03:11 - INFO - __main__ - ['<mask> lives in <mask>', '<mask> belongs to <mask>.', '<mask> is a part of <mask>.']
07/15/2022 09:03:11 - INFO - __main__ - ****************************
07/15/2022 09:08:03 - INFO - __main__ - ***********Input************
07/15/2022 09:08:03 - INFO - __main__ - <mask> is married to <mask>.
07/15/2022 09:08:03 - INFO - __main__ - *********Hypothesis*********
07/15/2022 09:08:03 - INFO - __main__ - <mask>'s father is a rich businessman and his mother is <mask>.
07/15/2022 09:08:03 - INFO - __main__ - <mask> is the only person who can be trusted by <mask>.
07/15/2022 09:08:03 - INFO - __main__ - <mask> has a daughter named <mask>.
07/15/2022 09:08:03 - INFO - __main__ - <mask>, who is <mask>.
07/15/2022 09:08:03 - INFO - __main__ - <mask> is married to <mask>.
07/15/2022 09:08:03 - INFO - __main__ - <mask> has a long history of diplomatic relations with <mask>.
07/15/2022 09:08:03 - INFO - __main__ - <mask>'s father is a rich businessman and his mother is a <mask>.
07/15/2022 09:08:03 - INFO - __main__ - <mask> is a young man who falls in love with <mask>.
07/15/2022 09:08:03 - INFO - __main__ - <mask> is a rich man who has a daughter named <mask>.
07/15/2022 09:08:03 - INFO - __main__ - <mask> is a rich man who is in love with <mask>.
07/15/2022 09:08:03 - INFO - __main__ - ****************************
07/15/2022 09:08:03 - INFO - __main__ - *********References*********
07/15/2022 09:08:03 - INFO - __main__ - ['<mask> lives together with <mask>.', '<mask> is the partner of <mask>.', '<mask> recognizes <mask>.', '<mask> loves <mask>.', '<mask> and <mask> have children.', '<mask> is one of the family member of <mask>.']
07/15/2022 09:08:03 - INFO - __main__ - ****************************
07/15/2022 09:12:44 - INFO - __main__ - ***********Input************
07/15/2022 09:12:44 - INFO - __main__ - <mask> is nominated for <mask>.
07/15/2022 09:12:44 - INFO - __main__ - *********Hypothesis*********
07/15/2022 09:12:44 - INFO - __main__ - <mask> was nominated for <mask>.
07/15/2022 09:12:44 - INFO - __main__ - <mask> is a recipient of <mask>.
07/15/2022 09:12:44 - INFO - __main__ - <mask> has been nominated for <mask>.
07/15/2022 09:12:44 - INFO - __main__ - <mask> was the for <mask>.
07/15/2022 09:12:44 - INFO - __main__ - <mask> was awarded <mask>.
07/15/2022 09:12:44 - INFO - __main__ - <mask>, which was nominated for <mask>.
07/15/2022 09:12:44 - INFO - __main__ - <mask> is a film that was nominated for <mask>.
07/15/2022 09:12:44 - INFO - __main__ - <mask> was a finalist for <mask>.
07/15/2022 09:12:44 - INFO - __main__ - <mask> was the finalist for <mask>.
07/15/2022 09:12:44 - INFO - __main__ - <mask> is a nominee for <mask>.
07/15/2022 09:12:44 - INFO - __main__ - ****************************
07/15/2022 09:12:44 - INFO - __main__ - *********References*********
07/15/2022 09:12:44 - INFO - __main__ - ['<mask> competes with other to win the <mask>.', '<mask> wants to win <mask>.', '<mask> wins the <mask>.']
07/15/2022 09:12:44 - INFO - __main__ - ****************************
07/15/2022 09:17:21 - INFO - __main__ - ***********Input************
07/15/2022 09:17:21 - INFO - __main__ - <mask> is one of a mount in <mask>.
07/15/2022 09:17:21 - INFO - __main__ - *********Hypothesis*********
07/15/2022 09:17:21 - INFO - __main__ - <mask> is a region of <mask>.
07/15/2022 09:17:21 - INFO - __main__ - <mask> lies in <mask>.
07/15/2022 09:17:21 - INFO - __main__ - <mask> is a small town in <mask>.
07/15/2022 09:17:21 - INFO - __main__ - <mask> is the capital of <mask>.
07/15/2022 09:17:21 - INFO - __main__ - <mask> is a former municipality in <mask>.
07/15/2022 09:17:21 - INFO - __main__ - <mask> is a city in <mask>.
07/15/2022 09:17:21 - INFO - __main__ - <mask> is located in <mask>.
07/15/2022 09:17:21 - INFO - __main__ - <mask> is a mountain in <mask>.
07/15/2022 09:17:21 - INFO - __main__ - <mask> is a capital of <mask>.
07/15/2022 09:17:21 - INFO - __main__ - <mask> is a mountain range in <mask>.
07/15/2022 09:17:21 - INFO - __main__ - ****************************
07/15/2022 09:17:21 - INFO - __main__ - *********References*********
07/15/2022 09:17:21 - INFO - __main__ - ['<mask> is a part of <mask>.', '<mask> is one of the tallest peaks in <mask>.', '<mask> is located in <mask>.', '<mask> belongs to <mask>.', '<mask> is known for <mask>.']
07/15/2022 09:17:21 - INFO - __main__ - ****************************
07/15/2022 09:22:39 - INFO - __main__ - ***********Input************
07/15/2022 09:22:39 - INFO - __main__ - <mask> operates <mask>.
07/15/2022 09:22:39 - INFO - __main__ - *********Hypothesis*********
07/15/2022 09:22:39 - INFO - __main__ - <mask>: the town is served by <mask>.
07/15/2022 09:22:39 - INFO - __main__ - <mask> mail is delivered to <mask>.
07/15/2022 09:22:39 - INFO - __main__ - <mask>, which is <mask>.
07/15/2022 09:22:39 - INFO - __main__ - <mask> is the home of <mask>.
07/15/2022 09:22:39 - INFO - __main__ - <mask> is responsible for <mask>.
07/15/2022 09:22:39 - INFO - __main__ - <mask> was a major in <mask>.
07/15/2022 09:22:39 - INFO - __main__ - <mask> is a major of <mask>.
07/15/2022 09:22:39 - INFO - __main__ - <mask> is a former employee of <mask>.
07/15/2022 09:22:39 - INFO - __main__ - <mask> is a part of <mask>.
07/15/2022 09:22:39 - INFO - __main__ - <mask> is a division of <mask>.
07/15/2022 09:22:39 - INFO - __main__ - ****************************
07/15/2022 09:22:39 - INFO - __main__ - *********References*********
07/15/2022 09:22:39 - INFO - __main__ - ['<mask> is licensed to operates <mask>.', '<mask> operates <mask> to make profits.', '<mask> is familiar with <mask>.']
07/15/2022 09:22:39 - INFO - __main__ - ****************************
07/15/2022 09:27:26 - INFO - __main__ - ***********Input************
07/15/2022 09:27:26 - INFO - __main__ - <mask> is owned by <mask>.
07/15/2022 09:27:26 - INFO - __main__ - *********Hypothesis*********
07/15/2022 09:27:26 - INFO - __main__ - <mask> is a department of <mask>.
07/15/2022 09:27:26 - INFO - __main__ - <mask> is a former official of <mask>.
07/15/2022 09:27:26 - INFO - __main__ - <mask> is a former member of <mask>.
07/15/2022 09:27:26 - INFO - __main__ - <mask> is a part of <mask>.
07/15/2022 09:27:26 - INFO - __main__ - <mask> is a division of <mask>.
07/15/2022 09:27:26 - INFO - __main__ - <mask> is a member of the <mask>.
07/15/2022 09:27:26 - INFO - __main__ - <mask> is a member of <mask>.
07/15/2022 09:27:26 - INFO - __main__ - <mask> has been a member of <mask>.
07/15/2022 09:27:26 - INFO - __main__ - <mask> was a member of <mask>.
07/15/2022 09:27:26 - INFO - __main__ - <mask> is the member of <mask>.
07/15/2022 09:27:26 - INFO - __main__ - ****************************
07/15/2022 09:27:26 - INFO - __main__ - *********References*********
07/15/2022 09:27:26 - INFO - __main__ - ['<mask> is produced by <mask>.', 'the copyright of <mask> belongs to <mask>.', '<mask> was sold by <mask> to make profits.']
07/15/2022 09:27:26 - INFO - __main__ - ****************************
07/15/2022 09:32:31 - INFO - __main__ - ***********Input************
07/15/2022 09:32:31 - INFO - __main__ - <mask> is performed by <mask>.
07/15/2022 09:32:31 - INFO - __main__ - *********Hypothesis*********
07/15/2022 09:32:31 - INFO - __main__ - <mask> was played by <mask>.
07/15/2022 09:32:31 - INFO - __main__ - <mask> is the official language of <mask>.
07/15/2022 09:32:31 - INFO - __main__ - <mask>, the main character, is played by <mask>.
07/15/2022 09:32:31 - INFO - __main__ - <mask> is a fictional character in the film <mask>.
07/15/2022 09:32:31 - INFO - __main__ - <mask> is the national holiday of <mask>.
07/15/2022 09:32:31 - INFO - __main__ - <mask> was performed by <mask>.
07/15/2022 09:32:31 - INFO - __main__ - <mask> is performed by <mask>.
07/15/2022 09:32:31 - INFO - __main__ - <mask> is a musical composition by <mask>.
07/15/2022 09:32:31 - INFO - __main__ - <mask> was a member of <mask>.
07/15/2022 09:32:31 - INFO - __main__ - <mask> is a member of <mask>.
07/15/2022 09:32:31 - INFO - __main__ - ****************************
07/15/2022 09:32:31 - INFO - __main__ - *********References*********
07/15/2022 09:32:31 - INFO - __main__ - ['<mask> is one of works of <mask>.', '<mask> is known for <mask>.']
07/15/2022 09:32:31 - INFO - __main__ - ****************************
07/15/2022 09:36:06 - INFO - __main__ - ***********Input************
07/15/2022 09:36:06 - INFO - __main__ - <mask> is preceded by <mask>.
07/15/2022 09:36:06 - INFO - __main__ - *********Hypothesis*********
07/15/2022 09:36:06 - INFO - __main__ - <mask> is the successor to <mask>.
07/15/2022 09:36:06 - INFO - __main__ - <mask> is a major source of <mask>.
07/15/2022 09:36:06 - INFO - __main__ - <mask> is a small village in the commune of <mask>.
07/15/2022 09:36:06 - INFO - __main__ - <mask> is the most important <mask>.
07/15/2022 09:36:06 - INFO - __main__ - <mask> has been a major source of inspiration for <mask>.
07/15/2022 09:36:06 - INFO - __main__ - <mask> is a major tourist attraction in <mask>.
07/15/2022 09:36:06 - INFO - __main__ - <mask> is a major <mask>.
07/15/2022 09:36:06 - INFO - __main__ - <mask> is a member of <mask>.
07/15/2022 09:36:06 - INFO - __main__ - <mask>: a translation of the great <mask>.
07/15/2022 09:36:06 - INFO - __main__ - <mask> is a member of the <mask>.
07/15/2022 09:36:06 - INFO - __main__ - ****************************
07/15/2022 09:36:06 - INFO - __main__ - *********References*********
07/15/2022 09:36:06 - INFO - __main__ - ['<mask> is behind <mask>.', '<mask> happens after <mask>.']
07/15/2022 09:36:06 - INFO - __main__ - ****************************
07/15/2022 09:40:52 - INFO - __main__ - ***********Input************
07/15/2022 09:40:52 - INFO - __main__ - <mask> is produced by <mask>.
07/15/2022 09:40:52 - INFO - __main__ - *********Hypothesis*********
07/15/2022 09:40:52 - INFO - __main__ - <mask> has been a major contributor to <mask>.
07/15/2022 09:40:52 - INFO - __main__ - <mask> is the home of <mask>.
07/15/2022 09:40:52 - INFO - __main__ - <mask> is a film produced by <mask>.
07/15/2022 09:40:52 - INFO - __main__ - <mask> is the music director of the film <mask>.
07/15/2022 09:40:52 - INFO - __main__ - <mask> is the music director of <mask>.
07/15/2022 09:40:52 - INFO - __main__ - <mask> is the main source of income for <mask>.
07/15/2022 09:40:52 - INFO - __main__ - <mask> is a member of <mask>.
07/15/2022 09:40:52 - INFO - __main__ - <mask> was the father of <mask>.
07/15/2022 09:40:52 - INFO - __main__ - <mask> was a member of <mask>.
07/15/2022 09:40:52 - INFO - __main__ - <mask> is a member of the <mask>.
07/15/2022 09:40:52 - INFO - __main__ - ****************************
07/15/2022 09:40:52 - INFO - __main__ - *********References*********
07/15/2022 09:40:52 - INFO - __main__ - ['<mask> issold by <mask> to make profits.', '<mask> is designed by <mask>.', '<mask> is assembled by <mask>.', '<mask> belongs to <mask>.', 'the copyright of <mask> is owned by <mask>.']
07/15/2022 09:40:52 - INFO - __main__ - ****************************
07/15/2022 09:45:37 - INFO - __main__ - ***********Input************
07/15/2022 09:45:37 - INFO - __main__ - <mask> is published by <mask>.
07/15/2022 09:45:37 - INFO - __main__ - *********Hypothesis*********
07/15/2022 09:45:37 - INFO - __main__ - <mask> is a non-profit organization of <mask>.
07/15/2022 09:45:37 - INFO - __main__ - <mask> is maintained by <mask>.
07/15/2022 09:45:37 - INFO - __main__ - <mask> is a member of <mask>.
07/15/2022 09:45:37 - INFO - __main__ - <mask>, the official publication of <mask>.
07/15/2022 09:45:37 - INFO - __main__ - <mask> was published by <mask>.
07/15/2022 09:45:37 - INFO - __main__ - <mask> is the member of <mask>.
07/15/2022 09:45:37 - INFO - __main__ - <mask> is a publication of <mask>.
07/15/2022 09:45:37 - INFO - __main__ - <mask>: a history of <mask>.
07/15/2022 09:45:37 - INFO - __main__ - <mask> is a peer-reviewed academic journal published by <mask>.
07/15/2022 09:45:37 - INFO - __main__ - <mask> is a reference work published by <mask>.
07/15/2022 09:45:37 - INFO - __main__ - ****************************
07/15/2022 09:45:37 - INFO - __main__ - *********References*********
07/15/2022 09:45:37 - INFO - __main__ - ['the copyright of <mask> is owned by <mask>.', '<mask> is created by <mask>.']
07/15/2022 09:45:37 - INFO - __main__ - ****************************
07/15/2022 09:49:17 - INFO - __main__ - ***********Input************
07/15/2022 09:49:17 - INFO - __main__ - <mask> is same as <mask>.
07/15/2022 09:49:17 - INFO - __main__ - *********Hypothesis*********
07/15/2022 09:49:17 - INFO - __main__ - <mask> is a part of <mask>.
07/15/2022 09:49:17 - INFO - __main__ - <mask> is a state of <mask>.
07/15/2022 09:49:17 - INFO - __main__ - <mask> is the main source of <mask>.
07/15/2022 09:49:17 - INFO - __main__ - <mask> is a major source of income for <mask>.
07/15/2022 09:49:17 - INFO - __main__ - <mask> is a major source of the <mask>.
07/15/2022 09:49:17 - INFO - __main__ - <mask> is the only son of <mask>.
07/15/2022 09:49:17 - INFO - __main__ - <mask> has been a major source of inspiration for <mask>.
07/15/2022 09:49:17 - INFO - __main__ - <mask> is the main source of the <mask>.
07/15/2022 09:49:17 - INFO - __main__ - <mask> is a major part of <mask>.
07/15/2022 09:49:17 - INFO - __main__ - <mask> is the only <mask>.
07/15/2022 09:49:17 - INFO - __main__ - ****************************
07/15/2022 09:49:17 - INFO - __main__ - *********References*********
07/15/2022 09:49:17 - INFO - __main__ - ['<mask> and <mask> are hard to distinguish.', '<mask> are refered to as <mask>.']
07/15/2022 09:49:17 - INFO - __main__ - ****************************
07/15/2022 09:52:33 - INFO - __main__ - ***********Input************
07/15/2022 09:52:33 - INFO - __main__ - <mask> is spoken in <mask>.
07/15/2022 09:52:33 - INFO - __main__ - *********Hypothesis*********
07/15/2022 09:52:33 - INFO - __main__ - <mask> has a long history in <mask>.
07/15/2022 09:52:33 - INFO - __main__ - <mask> cuisine is the cuisine of <mask>.
07/15/2022 09:52:33 - INFO - __main__ - <mask> is the main language of <mask>.
07/15/2022 09:52:33 - INFO - __main__ - <mask> is a national holiday in <mask>.
07/15/2022 09:52:33 - INFO - __main__ - <mask> language is the official language of <mask>.
07/15/2022 09:52:33 - INFO - __main__ - <mask> is the official language of <mask>.
07/15/2022 09:52:33 - INFO - __main__ - <mask> is the most widely spoken language in <mask>.
07/15/2022 09:52:33 - INFO - __main__ - <mask> is a major language in <mask>.
07/15/2022 09:52:33 - INFO - __main__ - <mask> has been the official language of <mask>.
07/15/2022 09:52:33 - INFO - __main__ - <mask> is the most popular language in <mask>.
07/15/2022 09:52:33 - INFO - __main__ - ****************************
07/15/2022 09:52:33 - INFO - __main__ - *********References*********
07/15/2022 09:52:33 - INFO - __main__ - ['<mask> is the official language in <mask>.', '<mask> is spoken by most of people in <mask>.', '<mask> is originated from <mask>.']
07/15/2022 09:52:33 - INFO - __main__ - ****************************
07/15/2022 09:57:32 - INFO - __main__ - ***********Input************
07/15/2022 09:57:32 - INFO - __main__ - <mask> is the academic advisor of <mask>.
07/15/2022 09:57:32 - INFO - __main__ - *********Hypothesis*********
07/15/2022 09:57:32 - INFO - __main__ - <mask> has been a member of <mask>.
07/15/2022 09:57:32 - INFO - __main__ - <mask> is a member of <mask>.
07/15/2022 09:57:32 - INFO - __main__ - <mask> is a graduate of <mask>.
07/15/2022 09:57:32 - INFO - __main__ - <mask> was elected a member of <mask>.
07/15/2022 09:57:32 - INFO - __main__ - <mask> was a member of <mask>.
07/15/2022 09:57:32 - INFO - __main__ - <mask> is an academician of <mask>.
07/15/2022 09:57:32 - INFO - __main__ - <mask> has been elected a member of <mask>.
07/15/2022 09:57:32 - INFO - __main__ - <mask> in economics from <mask>.
07/15/2022 09:57:32 - INFO - __main__ - <mask> dissertation, from <mask>.
07/15/2022 09:57:32 - INFO - __main__ - <mask> is a constituent college of <mask>.
07/15/2022 09:57:32 - INFO - __main__ - ****************************
07/15/2022 09:57:32 - INFO - __main__ - *********References*********
07/15/2022 09:57:32 - INFO - __main__ - ['<mask> influences <mask>.', '<mask> is the professor of <mask>.', '<mask> is taught by <mask>.', '<mask> leads <mask>.', '<mask> offers advice to <mask>.']
07/15/2022 09:57:32 - INFO - __main__ - ****************************
