07/05/2022 04:02:12 - INFO - __main__ - **************** MODEL CONFIGURATION ****************
07/05/2022 04:02:12 - INFO - __main__ - bart_training             -->   True
07/05/2022 04:02:12 - INFO - __main__ - device                    -->   5
07/05/2022 04:02:12 - INFO - __main__ - group_beam                -->   True
07/05/2022 04:02:12 - INFO - __main__ - if_then                   -->   False
07/05/2022 04:02:12 - INFO - __main__ - inductor                  -->   rule
07/05/2022 04:02:12 - INFO - __main__ - log_dir                   -->   logs_new/
07/05/2022 04:02:12 - INFO - __main__ - log_name                  -->   semeval+dpp
07/05/2022 04:02:12 - INFO - __main__ - mlm_training              -->   True
07/05/2022 04:02:12 - INFO - __main__ - task                      -->   semeval
07/05/2022 04:02:12 - INFO - __main__ - **************** MODEL CONFIGURATION ****************
07/05/2022 04:03:39 - INFO - __main__ - ***********Input************
07/05/2022 04:03:39 - INFO - __main__ - much of the <mask> evaporated from the <mask> without ever reaching the ground .
07/05/2022 04:03:39 - INFO - __main__ - *********Hypothesis*********
07/05/2022 04:03:39 - INFO - __main__ - <mask> is a young boy who is sent to <mask>.
07/05/2022 04:03:39 - INFO - __main__ - <mask>'s father is a scientist who has been sent to <mask>.
07/05/2022 04:03:39 - INFO - __main__ - <mask> is a planet orbiting the star <mask>.
07/05/2022 04:03:39 - INFO - __main__ - <mask> is the only one of the group who has survived the crash and returns to <mask>.
07/05/2022 04:03:39 - INFO - __main__ - <mask> was a member of the crew of the space shuttle enterprise, which crashed on <mask>.
07/05/2022 04:03:39 - INFO - __main__ - <mask> has a higher density of water than <mask>.
07/05/2022 04:03:39 - INFO - __main__ - <mask>'s mother, who is a former nurse, is a doctor on <mask>.
07/05/2022 04:03:39 - INFO - __main__ - <mask>, in turn, is in the process of being eclipsed by <mask>.
07/05/2022 04:03:39 - INFO - __main__ - <mask> is the only planet that has a magnetic field that is stronger than <mask>.
07/05/2022 04:03:39 - INFO - __main__ - <mask>, who has been sent to the future to save <mask>.
07/05/2022 04:03:39 - INFO - __main__ - ****************************
07/05/2022 04:03:39 - INFO - __main__ - *********References*********
07/05/2022 04:03:39 - INFO - __main__ - ['<mask> is originated from <mask>.']
07/05/2022 04:03:39 - INFO - __main__ - ****************************
07/05/2022 04:03:49 - INFO - __main__ - ***********Input************
07/05/2022 04:03:49 - INFO - __main__ - dolf oehler , a leader in the leftist <mask> of heine <mask> since the 1970s , gathered a group of likeminded critics for this symposium .
07/05/2022 04:03:49 - INFO - __main__ - *********Hypothesis*********
07/05/2022 04:03:49 - INFO - __main__ - <mask>-wing parties were not allowed to participate in the elections in <mask>.
07/05/2022 04:03:49 - INFO - __main__ - <mask> and the reformation in <mask>.
07/05/2022 04:03:49 - INFO - __main__ - <mask> was a period of great change in <mask>.
07/05/2022 04:03:49 - INFO - __main__ - <mask> and right: the politics of the left in <mask>.
07/05/2022 04:03:49 - INFO - __main__ - <mask> was a major influence on the development of <mask>.
07/05/2022 04:03:49 - INFO - __main__ - <mask>-wing groups have been active in <mask>.
07/05/2022 04:03:49 - INFO - __main__ - <mask> and right-wing parties are not allowed to run candidates for office in <mask>.
07/05/2022 04:03:49 - INFO - __main__ - <mask>-wing political parties are the largest political parties in <mask>.
07/05/2022 04:03:49 - INFO - __main__ - <mask> is an important part of the history of <mask>.
07/05/2022 04:03:49 - INFO - __main__ - <mask> wing parties were the main opposition parties in <mask>.
07/05/2022 04:03:49 - INFO - __main__ - ****************************
07/05/2022 04:03:49 - INFO - __main__ - *********References*********
07/05/2022 04:03:49 - INFO - __main__ - ['<mask> is the collection of <mask>.']
07/05/2022 04:03:49 - INFO - __main__ - ****************************
07/05/2022 04:03:56 - INFO - __main__ - ***********Input************
07/05/2022 04:03:56 - INFO - __main__ - the cornish pirates have signed a <mask> to tackle <mask> as part of their commitment to save energy and reduce their environmental footprint .
07/05/2022 04:03:56 - INFO - __main__ - *********Hypothesis*********
07/05/2022 04:03:56 - INFO - __main__ - <mask> to be a part of <mask>.
07/05/2022 04:03:56 - INFO - __main__ - <mask> was a member of the group <mask>.
07/05/2022 04:03:56 - INFO - __main__ - <mask> to the future: the impact of <mask>.
07/05/2022 04:03:56 - INFO - __main__ - <mask> is a peer-reviewed scientific journal covering <mask>.
07/05/2022 04:03:56 - INFO - __main__ - <mask> to the <mask>.
07/05/2022 04:03:56 - INFO - __main__ - <mask> to the future: <mask>.
07/05/2022 04:03:56 - INFO - __main__ - <mask>'s research focuses on <mask>.
07/05/2022 04:03:56 - INFO - __main__ - <mask> is a peer-reviewed scientific journal covering the <mask>.
07/05/2022 04:03:56 - INFO - __main__ - <mask> to be a <mask>.
07/05/2022 04:03:56 - INFO - __main__ - <mask> for the development of <mask>.
07/05/2022 04:03:56 - INFO - __main__ - ****************************
07/05/2022 04:03:56 - INFO - __main__ - *********References*********
07/05/2022 04:03:56 - INFO - __main__ - ['the topic of <mask> is <mask>.']
07/05/2022 04:03:56 - INFO - __main__ - ****************************
07/05/2022 04:04:02 - INFO - __main__ - ***********Input************
07/05/2022 04:04:02 - INFO - __main__ - the <mask> of the <mask> is lined with more than 3 cm thick castable refractory material .
07/05/2022 04:04:02 - INFO - __main__ - *********Hypothesis*********
07/05/2022 04:04:02 - INFO - __main__ - <mask> was originally a part of <mask>.
07/05/2022 04:04:02 - INFO - __main__ - <mask>'s main objective is to destroy the entire <mask>.
07/05/2022 04:04:02 - INFO - __main__ - <mask> has been the subject of several films, including <mask>.
07/05/2022 04:04:02 - INFO - __main__ - <mask>'s primary mission is to protect the people of <mask>.
07/05/2022 04:04:02 - INFO - __main__ - <mask> of the world: <mask>.
07/05/2022 04:04:02 - INFO - __main__ - <mask>: a large, red-colored <mask>.
07/05/2022 04:04:02 - INFO - __main__ - <mask>, however, was not a part of <mask>.
07/05/2022 04:04:02 - INFO - __main__ - <mask> has been a major influence on the development of the <mask>.
07/05/2022 04:04:02 - INFO - __main__ - <mask> is the only one of the group to have a <mask>.
07/05/2022 04:04:02 - INFO - __main__ - <mask> was a member of the group <mask>.
07/05/2022 04:04:02 - INFO - __main__ - ****************************
07/05/2022 04:04:02 - INFO - __main__ - *********References*********
07/05/2022 04:04:02 - INFO - __main__ - ['<mask> is the component of <mask>.']
07/05/2022 04:04:02 - INFO - __main__ - ****************************
07/05/2022 04:04:07 - INFO - __main__ - ***********Input************
07/05/2022 04:04:07 - INFO - __main__ - the <mask> , made up of one or more <mask> , encloses an ovary that contains the ovules , or potential seeds .
07/05/2022 04:04:07 - INFO - __main__ - *********Hypothesis*********
07/05/2022 04:04:07 - INFO - __main__ - <mask> glands are located on the <mask>.
07/05/2022 04:04:07 - INFO - __main__ - <mask> glands are located on the underside of the <mask>.
07/05/2022 04:04:07 - INFO - __main__ - <mask>s) is a genus of <mask>.
07/05/2022 04:04:07 - INFO - __main__ - <mask>) is a genus of mule <mask>.
07/05/2022 04:04:07 - INFO - __main__ - <mask> and ovary are <mask>.
07/05/2022 04:04:07 - INFO - __main__ - <mask> cells, and <mask>.
07/05/2022 04:04:07 - INFO - __main__ - ****************************
07/05/2022 04:04:07 - INFO - __main__ - *********References*********
07/05/2022 04:04:07 - INFO - __main__ - ['<mask> is the component of <mask>.']
07/05/2022 04:04:07 - INFO - __main__ - ****************************
07/05/2022 04:04:15 - INFO - __main__ - ***********Input************
07/05/2022 04:04:15 - INFO - __main__ - <mask> appear by <mask> when circumstances prevent their appearance in person .
07/05/2022 04:04:15 - INFO - __main__ - *********Hypothesis*********
07/05/2022 04:04:15 - INFO - __main__ - <mask> are both rendered in <mask>.
07/05/2022 04:04:15 - INFO - __main__ - <mask> are often used to create a <mask>.
07/05/2022 04:04:15 - INFO - __main__ - <mask> are often used to create <mask>.
07/05/2022 04:04:15 - INFO - __main__ - <mask> and other characters are often used to create <mask>.
07/05/2022 04:04:15 - INFO - __main__ - <mask> are able to communicate with each other via <mask>.
07/05/2022 04:04:15 - INFO - __main__ - <mask>, however, were not able to use <mask>.
07/05/2022 04:04:15 - INFO - __main__ - <mask> appear in the film, but are rendered in <mask>.
07/05/2022 04:04:15 - INFO - __main__ - <mask> were able to use their own voice-over technology, <mask>.
07/05/2022 04:04:15 - INFO - __main__ - <mask> were both rendered in <mask>.
07/05/2022 04:04:15 - INFO - __main__ - <mask> can be created using any of the available tools, including <mask>.
07/05/2022 04:04:15 - INFO - __main__ - ****************************
07/05/2022 04:04:15 - INFO - __main__ - *********References*********
07/05/2022 04:04:15 - INFO - __main__ - ['<mask> is the instrument of <mask>.']
07/05/2022 04:04:15 - INFO - __main__ - ****************************
07/05/2022 04:04:20 - INFO - __main__ - ***********Input************
07/05/2022 04:04:20 - INFO - __main__ - most of the <mask> has been about the <mask> he used .
07/05/2022 04:04:20 - INFO - __main__ - *********Hypothesis*********
07/05/2022 04:04:20 - INFO - __main__ - <mask>, the most important source of <mask>.
07/05/2022 04:04:20 - INFO - __main__ - <mask>: a guide to the scriptures and <mask>.
07/05/2022 04:04:20 - INFO - __main__ - <mask> study is a major part of the <mask>.
07/05/2022 04:04:20 - INFO - __main__ - <mask>: the old and new <mask>.
07/05/2022 04:04:20 - INFO - __main__ - <mask>, the most important source of the <mask>.
07/05/2022 04:04:20 - INFO - __main__ - <mask> translations of the <mask>.
07/05/2022 04:04:20 - INFO - __main__ - <mask> study is a major part of <mask>.
07/05/2022 04:04:20 - INFO - __main__ - <mask> and other <mask>.
07/05/2022 04:04:20 - INFO - __main__ - <mask>: a guide to the <mask>.
07/05/2022 04:04:20 - INFO - __main__ - ****************************
07/05/2022 04:04:20 - INFO - __main__ - *********References*********
07/05/2022 04:04:20 - INFO - __main__ - ['the topic of <mask> is <mask>.']
07/05/2022 04:04:20 - INFO - __main__ - ****************************
07/05/2022 04:04:30 - INFO - __main__ - ***********Input************
07/05/2022 04:04:30 - INFO - __main__ - a <mask> of pygmy <mask> is now a critical economic mainstay , even as generations of migrants develop innovative tourism products and create new export markets .
07/05/2022 04:04:30 - INFO - __main__ - *********Hypothesis*********
07/05/2022 04:04:30 - INFO - __main__ - <mask> is a national park in <mask>.
07/05/2022 04:04:30 - INFO - __main__ - <mask>'s history is a history of the native americans and <mask>.
07/05/2022 04:04:30 - INFO - __main__ - <mask>'s largest and most important source of income is the sale of alcohol to <mask>.
07/05/2022 04:04:30 - INFO - __main__ - <mask> is a term used by the navajo nation to refer to the tribe of <mask>.
07/05/2022 04:04:30 - INFO - __main__ - <mask> is the only place where the majority of the population is <mask>.
07/05/2022 04:04:30 - INFO - __main__ - <mask>-wide, the government has been criticized for its treatment of <mask>.
07/05/2022 04:04:30 - INFO - __main__ - <mask> leaders have been criticized for their treatment of <mask>.
07/05/2022 04:04:30 - INFO - __main__ - <mask> and nation: the history of the cherokee nation and its <mask>.
07/05/2022 04:04:30 - INFO - __main__ - <mask>, a group of people who were not <mask>.
07/05/2022 04:04:30 - INFO - __main__ - <mask> was the name of a tribe of <mask>.
07/05/2022 04:04:30 - INFO - __main__ - ****************************
07/05/2022 04:04:30 - INFO - __main__ - *********References*********
07/05/2022 04:04:30 - INFO - __main__ - ['<mask> is the collection of <mask>.']
07/05/2022 04:04:30 - INFO - __main__ - ****************************
07/05/2022 04:04:37 - INFO - __main__ - ***********Input************
07/05/2022 04:04:37 - INFO - __main__ - a human <mask> was found in a <mask> of menudo soup .
07/05/2022 04:04:37 - INFO - __main__ - *********Hypothesis*********
07/05/2022 04:04:37 - INFO - __main__ - <mask> melanogaster is a <mask>.
07/05/2022 04:04:37 - INFO - __main__ - <mask>, the only known species of <mask>.
07/05/2022 04:04:37 - INFO - __main__ - <mask> melanogaster is a species of <mask>.
07/05/2022 04:04:37 - INFO - __main__ - <mask>, the only known <mask>.
07/05/2022 04:04:37 - INFO - __main__ - <mask> is a <mask>.
07/05/2022 04:04:37 - INFO - __main__ - <mask> is a fictional <mask>.
07/05/2022 04:04:37 - INFO - __main__ - <mask> was the most successful of <mask>.
07/05/2022 04:04:37 - INFO - __main__ - <mask>, the only <mask>.
07/05/2022 04:04:37 - INFO - __main__ - <mask>: a new american <mask>.
07/05/2022 04:04:37 - INFO - __main__ - <mask> melanogaster, the <mask>.
07/05/2022 04:04:37 - INFO - __main__ - ****************************
07/05/2022 04:04:37 - INFO - __main__ - *********References*********
07/05/2022 04:04:37 - INFO - __main__ - ['<mask> is contained in <mask>.']
07/05/2022 04:04:37 - INFO - __main__ - ****************************
07/05/2022 04:04:43 - INFO - __main__ - ***********Input************
07/05/2022 04:04:43 - INFO - __main__ - skype , a free software , allows a <mask> of multiple computer <mask> to join in an online conference call without incurring any telephone costs .
07/05/2022 04:04:43 - INFO - __main__ - *********Hypothesis*********
07/05/2022 04:04:43 - INFO - __main__ - <mask> is a term used to refer to a group of <mask>.
07/05/2022 04:04:43 - INFO - __main__ - <mask>: a user can create a group of <mask>.
07/05/2022 04:04:43 - INFO - __main__ - <mask>'s name is a reference to the number of <mask>.
07/05/2022 04:04:43 - INFO - __main__ - <mask>-based, or "user-centric" <mask>.
07/05/2022 04:04:43 - INFO - __main__ - <mask> and group-based <mask>.
07/05/2022 04:04:43 - INFO - __main__ - <mask>'s ip is a reference to the number of <mask>.
07/05/2022 04:04:43 - INFO - __main__ - ****************************
07/05/2022 04:04:43 - INFO - __main__ - *********References*********
07/05/2022 04:04:43 - INFO - __main__ - ['<mask> is the collection of <mask>.']
07/05/2022 04:04:43 - INFO - __main__ - ****************************
07/05/2022 04:04:48 - INFO - __main__ - ***********Input************
07/05/2022 04:04:48 - INFO - __main__ - two of the <mask> resulted in fatal co <mask> ( cohb levels of 55 % and 49 % ) .
07/05/2022 04:04:48 - INFO - __main__ - *********Hypothesis*********
07/05/2022 04:04:48 - INFO - __main__ - <mask> is the most common form of <mask>.
07/05/2022 04:04:48 - INFO - __main__ - <mask> has been shown to interact with <mask>.
07/05/2022 04:04:48 - INFO - __main__ - <mask> can be used to treat <mask>.
07/05/2022 04:04:48 - INFO - __main__ - <mask> has been shown to interact with the <mask>.
07/05/2022 04:04:48 - INFO - __main__ - <mask> is a major component of <mask>.
07/05/2022 04:04:48 - INFO - __main__ - <mask> is a major component of the <mask>.
07/05/2022 04:04:48 - INFO - __main__ - <mask> is the most common type of <mask>.
07/05/2022 04:04:48 - INFO - __main__ - <mask> is a common method of treatment for <mask>.
07/05/2022 04:04:48 - INFO - __main__ - <mask> was originally a subtype of <mask>.
07/05/2022 04:04:48 - INFO - __main__ - <mask> can be used as a treatment for <mask>.
07/05/2022 04:04:48 - INFO - __main__ - ****************************
07/05/2022 04:04:48 - INFO - __main__ - *********References*********
07/05/2022 04:04:48 - INFO - __main__ - ['<mask> causes <mask>.']
07/05/2022 04:04:48 - INFO - __main__ - ****************************
07/05/2022 04:04:55 - INFO - __main__ - ***********Input************
07/05/2022 04:04:55 - INFO - __main__ - both her and her <mask> of pampered beverly hills <mask> learn valuable lessons in character , courage , and friendship with a super happy ending .
07/05/2022 04:04:55 - INFO - __main__ - *********Hypothesis*********
07/05/2022 04:04:55 - INFO - __main__ - <mask> members were not allowed to marry <mask>.
07/05/2022 04:04:55 - INFO - __main__ - <mask> was a name for a group of <mask>.
07/05/2022 04:04:55 - INFO - __main__ - <mask>'s name is derived from the name of the local <mask>.
07/05/2022 04:04:55 - INFO - __main__ - <mask> members are called "tribes" or <mask>.
07/05/2022 04:04:55 - INFO - __main__ - <mask> is the name of the tribe of <mask>.
07/05/2022 04:04:55 - INFO - __main__ - <mask> is a very good friend of the <mask>.
07/05/2022 04:04:55 - INFO - __main__ - <mask>'s name is a play on the name <mask>.
07/05/2022 04:04:55 - INFO - __main__ - <mask>, a former member of the band <mask>.
07/05/2022 04:04:55 - INFO - __main__ - <mask> is a very good friend of <mask>.
07/05/2022 04:04:55 - INFO - __main__ - <mask> was an important part of the life of the <mask>.
07/05/2022 04:04:55 - INFO - __main__ - ****************************
07/05/2022 04:04:55 - INFO - __main__ - *********References*********
07/05/2022 04:04:55 - INFO - __main__ - ['<mask> is the collection of <mask>.']
07/05/2022 04:04:55 - INFO - __main__ - ****************************
07/05/2022 04:05:02 - INFO - __main__ - ***********Input************
07/05/2022 04:05:02 - INFO - __main__ - yet this signing <mask> issued by the <mask> yesterday is the clearest signal yet that the administration wants to hold this option in reserve .
07/05/2022 04:05:02 - INFO - __main__ - *********Hypothesis*********
07/05/2022 04:05:02 - INFO - __main__ - <mask> was not a part of the original <mask>.
07/05/2022 04:05:02 - INFO - __main__ - <mask> is a member of the executive committee of <mask>.
07/05/2022 04:05:02 - INFO - __main__ - <mask>, which was later confirmed by the <mask>.
07/05/2022 04:05:02 - INFO - __main__ - <mask> of the white house, <mask>.
07/05/2022 04:05:02 - INFO - __main__ - <mask> of the president rose, <mask>.
07/05/2022 04:05:02 - INFO - __main__ - <mask> of the <mask>.
07/05/2022 04:05:02 - INFO - __main__ - <mask>, which was later confirmed by <mask>.
07/05/2022 04:05:02 - INFO - __main__ - <mask> to be delivered to the president by the <mask>.
07/05/2022 04:05:02 - INFO - __main__ - <mask> to be delivered to the president by <mask>.
07/05/2022 04:05:02 - INFO - __main__ - <mask> was given to the president and his <mask>.
07/05/2022 04:05:02 - INFO - __main__ - ****************************
07/05/2022 04:05:02 - INFO - __main__ - *********References*********
07/05/2022 04:05:02 - INFO - __main__ - ['<mask> is the producer of <mask>.']
07/05/2022 04:05:02 - INFO - __main__ - ****************************
07/05/2022 04:05:09 - INFO - __main__ - ***********Input************
07/05/2022 04:05:09 - INFO - __main__ - the recent <mask> has been caused by the environmentally-induced <mask> of fish catches from the black sea .
07/05/2022 04:05:09 - INFO - __main__ - *********Hypothesis*********
07/05/2022 04:05:09 - INFO - __main__ - <mask> has been shown to reduce the number of species in the genus by <mask>.
07/05/2022 04:05:09 - INFO - __main__ - <mask> and the subsequent global warming have reduced the number of species in the lake by <mask>.
07/05/2022 04:05:09 - INFO - __main__ - <mask> events have been associated with a decrease in population, and a decrease of <mask>.
07/05/2022 04:05:09 - INFO - __main__ - <mask> has been shown to increase the risk of <mask>.
07/05/2022 04:05:09 - INFO - __main__ - <mask> events have reduced the number of tropical cyclones by <mask>.
07/05/2022 04:05:09 - INFO - __main__ - <mask>, however, has been shown to reduce the number of species in the lake by <mask>.
07/05/2022 04:05:09 - INFO - __main__ - <mask> has reduced the number of tropical cyclones by <mask>.
07/05/2022 04:05:09 - INFO - __main__ - <mask>: the number of casualties was <mask>.
07/05/2022 04:05:09 - INFO - __main__ - <mask> events have been associated with a decrease in population, and a <mask>.
07/05/2022 04:05:09 - INFO - __main__ - <mask>: the population of the city was reduced by <mask>.
07/05/2022 04:05:09 - INFO - __main__ - ****************************
07/05/2022 04:05:09 - INFO - __main__ - *********References*********
07/05/2022 04:05:09 - INFO - __main__ - ['<mask> causes <mask>.']
07/05/2022 04:05:09 - INFO - __main__ - ****************************
07/05/2022 04:05:15 - INFO - __main__ - ***********Input************
07/05/2022 04:05:15 - INFO - __main__ - <mask> consisted of <mask> , dragoons and chevauxlegers .
07/05/2022 04:05:15 - INFO - __main__ - *********Hypothesis*********
07/05/2022 04:05:15 - INFO - __main__ - <mask> was to be the only <mask>.
07/05/2022 04:05:15 - INFO - __main__ - <mask> was to be <mask>.
07/05/2022 04:05:15 - INFO - __main__ - <mask> is the only unit to have been entirely <mask>.
07/05/2022 04:05:15 - INFO - __main__ - <mask> was in the process of being reinforced by <mask>.
07/05/2022 04:05:15 - INFO - __main__ - <mask> had a number of battalions that were not <mask>.
07/05/2022 04:05:15 - INFO - __main__ - <mask>, however, was not <mask>.
07/05/2022 04:05:15 - INFO - __main__ - <mask>, which was in the center of the line, was the only <mask>.
07/05/2022 04:05:15 - INFO - __main__ - <mask> was to be the only one to be able to speak <mask>.
07/05/2022 04:05:15 - INFO - __main__ - <mask> had been ordered to attack the enemy in <mask>.
07/05/2022 04:05:15 - INFO - __main__ - <mask> is the only unit to have been entirely in <mask>.
07/05/2022 04:05:15 - INFO - __main__ - ****************************
07/05/2022 04:05:15 - INFO - __main__ - *********References*********
07/05/2022 04:05:15 - INFO - __main__ - ['<mask> is the collection of <mask>.']
07/05/2022 04:05:15 - INFO - __main__ - ****************************
07/05/2022 04:05:26 - INFO - __main__ - ***********Input************
07/05/2022 04:05:26 - INFO - __main__ - there is a rubbery silicone <mask> , created by an american <mask> for a whispered 5,000 , pounds for exploring 3d visualisation and ways of removing tremor .
07/05/2022 04:05:26 - INFO - __main__ - *********Hypothesis*********
07/05/2022 04:05:26 - INFO - __main__ - <mask> is a very good example of a native <mask>.
07/05/2022 04:05:26 - INFO - __main__ - <mask>'s name is a play on the word <mask>.
07/05/2022 04:05:26 - INFO - __main__ - <mask> is a great tool for a young <mask>.
07/05/2022 04:05:26 - INFO - __main__ - <mask>'s music is mostly <mask>.
07/05/2022 04:05:26 - INFO - __main__ - <mask>, and the other major <mask>.
07/05/2022 04:05:26 - INFO - __main__ - <mask> is an <mask>.
07/05/2022 04:05:26 - INFO - __main__ - <mask>: the most popular and popular <mask>.
07/05/2022 04:05:26 - INFO - __main__ - <mask> is a very popular and popular device in <mask>.
07/05/2022 04:05:26 - INFO - __main__ - <mask> is a very large and very powerful <mask>.
07/05/2022 04:05:26 - INFO - __main__ - <mask> was an <mask>.
07/05/2022 04:05:26 - INFO - __main__ - ****************************
07/05/2022 04:05:26 - INFO - __main__ - *********References*********
07/05/2022 04:05:26 - INFO - __main__ - ['<mask> is the producer of <mask>.']
07/05/2022 04:05:26 - INFO - __main__ - ****************************
07/05/2022 04:05:29 - INFO - __main__ - ***********Input************
07/05/2022 04:05:29 - INFO - __main__ - sensitive and robust , this active <mask> features a small metal and rubber button <mask> with a preamped pvdf film sensor inside .
07/05/2022 04:05:29 - INFO - __main__ - *********Hypothesis*********
07/05/2022 04:05:29 - INFO - __main__ - no proper relation hypothesis
07/05/2022 04:05:29 - INFO - __main__ - ****************************
07/05/2022 04:05:29 - INFO - __main__ - *********References*********
07/05/2022 04:05:29 - INFO - __main__ - ['<mask> is the component of <mask>.']
07/05/2022 04:05:29 - INFO - __main__ - ****************************
07/05/2022 04:05:29 - WARNING - __main__ - Skip self-bleu-2 in example: sensitive and robust , this active <mask> features a small metal and rubber button <mask> with a preamped pvdf film sensor inside ..
07/05/2022 04:05:36 - INFO - __main__ - ***********Input************
07/05/2022 04:05:36 - INFO - __main__ - the <mask> has assembled a <mask> of precious and base metal exploration prospects in ontario , saskatchewan , and the north west territories .
07/05/2022 04:05:36 - INFO - __main__ - *********Hypothesis*********
07/05/2022 04:05:36 - INFO - __main__ - <mask>, the official name of the site, <mask>.
07/05/2022 04:05:36 - INFO - __main__ - <mask>: the world's most wanted <mask>.
07/05/2022 04:05:36 - INFO - __main__ - <mask>: the world's most wanted: <mask>.
07/05/2022 04:05:36 - INFO - __main__ - <mask>, the official name of the site, is <mask>.
07/05/2022 04:05:36 - INFO - __main__ - <mask>, the official name of the <mask>.
07/05/2022 04:05:36 - INFO - __main__ - <mask>, which is a public company, is a member of the internet-as-<mask>.
07/05/2022 04:05:36 - INFO - __main__ - <mask> has an extensive list of these sites on its <mask>.
07/05/2022 04:05:36 - INFO - __main__ - <mask>'s official website, including a <mask>.
07/05/2022 04:05:36 - INFO - __main__ - <mask> is a <mask>.
07/05/2022 04:05:36 - INFO - __main__ - <mask> (usgs) – official <mask>.
07/05/2022 04:05:36 - INFO - __main__ - ****************************
07/05/2022 04:05:36 - INFO - __main__ - *********References*********
07/05/2022 04:05:36 - INFO - __main__ - ['<mask> is the producer of <mask>.']
07/05/2022 04:05:36 - INFO - __main__ - ****************************
07/05/2022 04:05:43 - INFO - __main__ - ***********Input************
07/05/2022 04:05:43 - INFO - __main__ - you placed two bare ends of the <mask> into a <mask> filled halfway with distilled water .
07/05/2022 04:05:43 - INFO - __main__ - *********Hypothesis*********
07/05/2022 04:05:43 - INFO - __main__ - <mask> is a plastic used in <mask>.
07/05/2022 04:05:43 - INFO - __main__ - <mask> is a plastic material used in <mask>.
07/05/2022 04:05:43 - INFO - __main__ - <mask> is a brand of <mask>.
07/05/2022 04:05:43 - INFO - __main__ - <mask> is a brand of instant noodles sold by <mask>.
07/05/2022 04:05:43 - INFO - __main__ - <mask> is the most common material used in <mask>.
07/05/2022 04:05:43 - INFO - __main__ - <mask> was originally developed for <mask>.
07/05/2022 04:05:43 - INFO - __main__ - <mask> is the most common type of <mask>.
07/05/2022 04:05:43 - INFO - __main__ - <mask> was developed by the company <mask>.
07/05/2022 04:05:43 - INFO - __main__ - <mask> and other items are stored in <mask>.
07/05/2022 04:05:43 - INFO - __main__ - <mask> is a brand of disposable containers manufactured by <mask>.
07/05/2022 04:05:43 - INFO - __main__ - ****************************
07/05/2022 04:05:43 - INFO - __main__ - *********References*********
07/05/2022 04:05:43 - INFO - __main__ - ['<mask> was delievered to <mask>.']
07/05/2022 04:05:43 - INFO - __main__ - ****************************
07/05/2022 04:05:49 - INFO - __main__ - ***********Input************
07/05/2022 04:05:49 - INFO - __main__ - many <mask> have come from popular <mask> and tend to appear in different forms .
07/05/2022 04:05:49 - INFO - __main__ - *********Hypothesis*********
07/05/2022 04:05:49 - INFO - __main__ - <mask> cuisine is the cuisine of the people of <mask>.
07/05/2022 04:05:49 - INFO - __main__ - <mask> women's football is the most popular women's sport in <mask>.
07/05/2022 04:05:49 - INFO - __main__ - <mask> cuisine is a variety of cuisine originating from <mask>.
07/05/2022 04:05:49 - INFO - __main__ - <mask> are known for their use of the word <mask>.
07/05/2022 04:05:49 - INFO - __main__ - <mask> tea, or jianghu, is a tea produced in <mask>.
07/05/2022 04:05:49 - INFO - __main__ - <mask> is the official language of the government of <mask>.
07/05/2022 04:05:49 - INFO - __main__ - <mask> people are not allowed to use the internet in <mask>.
07/05/2022 04:05:49 - INFO - __main__ - <mask> are not allowed to wear the headscarf in <mask>.
07/05/2022 04:05:49 - INFO - __main__ - <mask> who are not fluent in other languages are not allowed to speak <mask>.
07/05/2022 04:05:49 - INFO - __main__ - <mask> culture and language are the primary sources for the history of <mask>.
07/05/2022 04:05:49 - INFO - __main__ - ****************************
07/05/2022 04:05:49 - INFO - __main__ - *********References*********
07/05/2022 04:05:49 - INFO - __main__ - ['<mask> is originated from <mask>.']
07/05/2022 04:05:49 - INFO - __main__ - ****************************
07/05/2022 04:05:58 - INFO - __main__ - ***********Input************
07/05/2022 04:05:58 - INFO - __main__ - the aircraft was written off in the <mask> due to the severe <mask> caused by the klm aircraft , and the resulting fire .
07/05/2022 04:05:58 - INFO - __main__ - *********Hypothesis*********
07/05/2022 04:05:58 - INFO - __main__ - <mask> has a long history of <mask>.
07/05/2022 04:05:58 - INFO - __main__ - <mask> has a long history of using <mask>.
07/05/2022 04:05:58 - INFO - __main__ - <mask> has a very high rate of <mask>.
07/05/2022 04:05:58 - INFO - __main__ - <mask> is the only country to have a <mask>.
07/05/2022 04:05:58 - INFO - __main__ - <mask>-based companies are now using the term <mask>.
07/05/2022 04:05:58 - INFO - __main__ - <mask>: the government has banned the use of the word <mask>.
07/05/2022 04:05:58 - INFO - __main__ - <mask> does not have a national <mask>.
07/05/2022 04:05:58 - INFO - __main__ - <mask> does not have a <mask>.
07/05/2022 04:05:58 - INFO - __main__ - <mask> law does not allow for the use of <mask>.
07/05/2022 04:05:58 - INFO - __main__ - <mask> government officials have stated that they are not aware of any <mask>.
07/05/2022 04:05:58 - INFO - __main__ - ****************************
07/05/2022 04:05:58 - INFO - __main__ - *********References*********
07/05/2022 04:05:58 - INFO - __main__ - ['<mask> causes <mask>.']
07/05/2022 04:05:58 - INFO - __main__ - ****************************
07/05/2022 04:06:09 - INFO - __main__ - ***********Input************
07/05/2022 04:06:09 - INFO - __main__ - the <mask> is france 's largest producer of sparkling <mask> outside of the champagne region .
07/05/2022 04:06:09 - INFO - __main__ - *********Hypothesis*********
07/05/2022 04:06:09 - INFO - __main__ - <mask> de la ville is a châteaux in <mask>.
07/05/2022 04:06:09 - INFO - __main__ - <mask> d'orléans is a châteaux in <mask>.
07/05/2022 04:06:09 - INFO - __main__ - <mask> du côte d'or is a winery located in <mask>.
07/05/2022 04:06:09 - INFO - __main__ - <mask> is a wine region in <mask>.
07/05/2022 04:06:09 - INFO - __main__ - <mask> is a wine region in the south of <mask>.
07/05/2022 04:06:09 - INFO - __main__ - <mask> is the most important wine region in <mask>.
07/05/2022 04:06:09 - INFO - __main__ - <mask> is the largest producer of <mask>.
07/05/2022 04:06:09 - INFO - __main__ - <mask> is a commune in the department of <mask>.
07/05/2022 04:06:09 - INFO - __main__ - <mask> is the most important producer of <mask>.
07/05/2022 04:06:09 - INFO - __main__ - <mask> was an important centre for the production of <mask>.
07/05/2022 04:06:09 - INFO - __main__ - ****************************
07/05/2022 04:06:09 - INFO - __main__ - *********References*********
07/05/2022 04:06:09 - INFO - __main__ - ['<mask> is originated from <mask>.']
07/05/2022 04:06:09 - INFO - __main__ - ****************************
07/05/2022 04:06:16 - INFO - __main__ - ***********Input************
07/05/2022 04:06:16 - INFO - __main__ - the closely guarded raffles <mask> was locked in a <mask> that still remains onsite today .
07/05/2022 04:06:16 - INFO - __main__ - *********Hypothesis*********
07/05/2022 04:06:16 - INFO - __main__ - <mask>'s work has been featured in the book <mask>.
07/05/2022 04:06:16 - INFO - __main__ - <mask> is a member of the board of directors of <mask>.
07/05/2022 04:06:16 - INFO - __main__ - <mask> has been a member of the board of directors of <mask>.
07/05/2022 04:06:16 - INFO - __main__ - <mask>'s most notable work is his <mask>.
07/05/2022 04:06:16 - INFO - __main__ - <mask> is a member of the group <mask>.
07/05/2022 04:06:16 - INFO - __main__ - <mask> is a member of the board of <mask>.
07/05/2022 04:06:16 - INFO - __main__ - <mask>'s work was exhibited in the museum's <mask>.
07/05/2022 04:06:16 - INFO - __main__ - <mask>'s main residence is the historic <mask>.
07/05/2022 04:06:16 - INFO - __main__ - <mask>'s most notable work is <mask>.
07/05/2022 04:06:16 - INFO - __main__ - <mask> was the only one of the original members to remain in <mask>.
07/05/2022 04:06:16 - INFO - __main__ - ****************************
07/05/2022 04:06:16 - INFO - __main__ - *********References*********
07/05/2022 04:06:16 - INFO - __main__ - ['<mask> was delievered to <mask>.']
07/05/2022 04:06:16 - INFO - __main__ - ****************************
07/05/2022 04:06:23 - INFO - __main__ - ***********Input************
07/05/2022 04:06:23 - INFO - __main__ - i grew up with <mask> in a <mask> .
07/05/2022 04:06:23 - INFO - __main__ - *********Hypothesis*********
07/05/2022 04:06:23 - INFO - __main__ - <mask> weren't allowed to be <mask>.
07/05/2022 04:06:23 - INFO - __main__ - <mask>, he said, and i am <mask>.
07/05/2022 04:06:23 - INFO - __main__ - <mask>, i mean, i'm <mask>.
07/05/2022 04:06:23 - INFO - __main__ - <mask> are not allowed to be <mask>.
07/05/2022 04:06:23 - INFO - __main__ - <mask>, i'm from <mask>.
07/05/2022 04:06:23 - INFO - __main__ - <mask> are not <mask>.
07/05/2022 04:06:23 - INFO - __main__ - <mask> had been a very good friend of mine in <mask>.
07/05/2022 04:06:23 - INFO - __main__ - <mask> are not the <mask>.
07/05/2022 04:06:23 - INFO - __main__ - <mask> was a young, beautiful, <mask>.
07/05/2022 04:06:23 - INFO - __main__ - <mask> was a young, beautiful <mask>.
07/05/2022 04:06:23 - INFO - __main__ - ****************************
07/05/2022 04:06:23 - INFO - __main__ - *********References*********
07/05/2022 04:06:23 - INFO - __main__ - ['<mask> is contained in <mask>.']
07/05/2022 04:06:23 - INFO - __main__ - ****************************
07/05/2022 04:06:26 - INFO - __main__ - ***********Input************
07/05/2022 04:06:26 - INFO - __main__ - the brick is aligned with the <mask> of the repaired <mask> .
07/05/2022 04:06:26 - INFO - __main__ - *********Hypothesis*********
07/05/2022 04:06:26 - INFO - __main__ - <mask> is the most common, followed by <mask>.
07/05/2022 04:06:26 - INFO - __main__ - <mask> is the same as <mask>.
07/05/2022 04:06:26 - INFO - __main__ - <mask> has a higher rate of mutation than <mask>.
07/05/2022 04:06:26 - INFO - __main__ - <mask> has been shown to interact with <mask>.
07/05/2022 04:06:26 - INFO - __main__ - ****************************
07/05/2022 04:06:26 - INFO - __main__ - *********References*********
07/05/2022 04:06:26 - INFO - __main__ - ['<mask> is the component of <mask>.']
07/05/2022 04:06:26 - INFO - __main__ - ****************************
07/05/2022 04:06:32 - INFO - __main__ - ***********Input************
07/05/2022 04:06:32 - INFO - __main__ - a <mask> who prepares baked <mask> as a profession is called a baker .
07/05/2022 04:06:32 - INFO - __main__ - *********Hypothesis*********
07/05/2022 04:06:32 - INFO - __main__ - <mask>-style rice cakes are similar to <mask>.
07/05/2022 04:06:32 - INFO - __main__ - <mask> is a brand of <mask>.
07/05/2022 04:06:32 - INFO - __main__ - <mask> people have been known to eat <mask>.
07/05/2022 04:06:32 - INFO - __main__ - <mask> cuisine is known for its <mask>.
07/05/2022 04:06:32 - INFO - __main__ - <mask> children are known to have been given <mask>.
07/05/2022 04:06:32 - INFO - __main__ - <mask> krispies are a type of <mask>.
07/05/2022 04:06:32 - INFO - __main__ - <mask>-style cookies are similar to <mask>.
07/05/2022 04:06:32 - INFO - __main__ - <mask> cuisine is famous for its <mask>.
07/05/2022 04:06:32 - INFO - __main__ - <mask> people are known to eat <mask>.
07/05/2022 04:06:32 - INFO - __main__ - <mask> rice cakes are similar to <mask>.
07/05/2022 04:06:32 - INFO - __main__ - ****************************
07/05/2022 04:06:32 - INFO - __main__ - *********References*********
07/05/2022 04:06:32 - INFO - __main__ - ['<mask> is the producer of <mask>.']
07/05/2022 04:06:32 - INFO - __main__ - ****************************
07/05/2022 04:06:39 - INFO - __main__ - ***********Input************
07/05/2022 04:06:39 - INFO - __main__ - unit direct injection also injects fuel directly into the <mask> of the <mask> .
07/05/2022 04:06:39 - INFO - __main__ - *********Hypothesis*********
07/05/2022 04:06:39 - INFO - __main__ - <mask> is a more powerful version of <mask>.
07/05/2022 04:06:39 - INFO - __main__ - <mask> was replaced by a new <mask>.
07/05/2022 04:06:39 - INFO - __main__ - <mask> is a variant of <mask>.
07/05/2022 04:06:39 - INFO - __main__ - <mask> is a variant of the <mask>.
07/05/2022 04:06:39 - INFO - __main__ - <mask> is a more powerful version of the <mask>.
07/05/2022 04:06:39 - INFO - __main__ - <mask> is an evolution of the original <mask>.
07/05/2022 04:06:39 - INFO - __main__ - <mask> has been replaced by a <mask>.
07/05/2022 04:06:39 - INFO - __main__ - <mask>, which6,8 and <mask>.
07/05/2022 04:06:39 - INFO - __main__ - <mask> and v8 engines were replaced by <mask>.
07/05/2022 04:06:39 - INFO - __main__ - <mask> engines were replaced by <mask>.
07/05/2022 04:06:39 - INFO - __main__ - ****************************
07/05/2022 04:06:39 - INFO - __main__ - *********References*********
07/05/2022 04:06:39 - INFO - __main__ - ['<mask> is the component of <mask>.']
07/05/2022 04:06:39 - INFO - __main__ - ****************************
07/05/2022 04:06:47 - INFO - __main__ - ***********Input************
07/05/2022 04:06:47 - INFO - __main__ - <mask> start by reading <mask> - called blueprints - that show how electricity flows .
07/05/2022 04:06:47 - INFO - __main__ - *********Hypothesis*********
07/05/2022 04:06:47 - INFO - __main__ - <mask> in the world, <mask>.
07/05/2022 04:06:47 - INFO - __main__ - <mask>'s and youth's <mask>.
07/05/2022 04:06:47 - INFO - __main__ - <mask> can be taught to read and write by reading <mask>.
07/05/2022 04:06:47 - INFO - __main__ - <mask> are responsible for the maintenance of <mask>.
07/05/2022 04:06:47 - INFO - __main__ - <mask>'s book of <mask>.
07/05/2022 04:06:47 - INFO - __main__ - <mask> and other professionals <mask>.
07/05/2022 04:06:47 - INFO - __main__ - <mask> and their work <mask>.
07/05/2022 04:06:47 - INFO - __main__ - <mask> and their work in <mask>.
07/05/2022 04:06:47 - INFO - __main__ - <mask> and their <mask>.
07/05/2022 04:06:47 - INFO - __main__ - <mask>: a history, <mask>.
07/05/2022 04:06:47 - INFO - __main__ - ****************************
07/05/2022 04:06:47 - INFO - __main__ - *********References*********
07/05/2022 04:06:47 - INFO - __main__ - ['<mask> is the instrument of <mask>.']
07/05/2022 04:06:47 - INFO - __main__ - ****************************
07/05/2022 04:06:54 - INFO - __main__ - ***********Input************
07/05/2022 04:06:54 - INFO - __main__ - the most common <mask> were about <mask> and recycling .
07/05/2022 04:06:54 - INFO - __main__ - *********Hypothesis*********
07/05/2022 04:06:54 - INFO - __main__ - <mask> about the future of <mask>.
07/05/2022 04:06:54 - INFO - __main__ - <mask> the question of <mask>.
07/05/2022 04:06:54 - INFO - __main__ - <mask> to the question of <mask>.
07/05/2022 04:06:54 - INFO - __main__ - <mask> were raised about the effectiveness of <mask>.
07/05/2022 04:06:54 - INFO - __main__ - <mask> were raised about <mask>.
07/05/2022 04:06:54 - INFO - __main__ - <mask> have been raised about <mask>.
07/05/2022 04:06:54 - INFO - __main__ - <mask> have been raised about the effectiveness of <mask>.
07/05/2022 04:06:54 - INFO - __main__ - <mask> to questions about <mask>.
07/05/2022 04:06:54 - INFO - __main__ - <mask> are being asked about <mask>.
07/05/2022 04:06:54 - INFO - __main__ - <mask> are being asked about how <mask>.
07/05/2022 04:06:54 - INFO - __main__ - ****************************
07/05/2022 04:06:54 - INFO - __main__ - *********References*********
07/05/2022 04:06:54 - INFO - __main__ - ['the topic of <mask> is <mask>.']
07/05/2022 04:06:54 - INFO - __main__ - ****************************
07/05/2022 04:07:00 - INFO - __main__ - ***********Input************
07/05/2022 04:07:00 - INFO - __main__ - as the <mask> sailed away from the <mask> one of the crew felt increasingly uneasy about some of the signs he observed .
07/05/2022 04:07:00 - INFO - __main__ - *********Hypothesis*********
07/05/2022 04:07:00 - INFO - __main__ - <mask> was a major factor in the development of the modern <mask>.
07/05/2022 04:07:00 - INFO - __main__ - <mask> is an unincorporated community in the northern <mask>.
07/05/2022 04:07:00 - INFO - __main__ - <mask>, which was a major commercial success in <mask>.
07/05/2022 04:07:00 - INFO - __main__ - <mask> had to be towed to <mask>.
07/05/2022 04:07:00 - INFO - __main__ - <mask> has been a major tourist attraction in <mask>.
07/05/2022 04:07:00 - INFO - __main__ - <mask>'s crew were rescued by <mask>.
07/05/2022 04:07:00 - INFO - __main__ - <mask> was the only foreign language spoken in the entire <mask>.
07/05/2022 04:07:00 - INFO - __main__ - <mask> is a common surname in the northern <mask>.
07/05/2022 04:07:00 - INFO - __main__ - <mask> has been a major tourist attraction in the <mask>.
07/05/2022 04:07:00 - INFO - __main__ - <mask> forces were able to capture a number of islands in the northern <mask>.
07/05/2022 04:07:00 - INFO - __main__ - ****************************
07/05/2022 04:07:00 - INFO - __main__ - *********References*********
07/05/2022 04:07:00 - INFO - __main__ - ['<mask> is originated from <mask>.']
07/05/2022 04:07:00 - INFO - __main__ - ****************************
07/05/2022 04:07:02 - INFO - __main__ - ***********Input************
07/05/2022 04:07:02 - INFO - __main__ - i 'm importing old document <mask> into the new <mask> .
07/05/2022 04:07:02 - INFO - __main__ - *********Hypothesis*********
07/05/2022 04:07:02 - INFO - __main__ - no proper relation hypothesis
07/05/2022 04:07:02 - INFO - __main__ - ****************************
07/05/2022 04:07:02 - INFO - __main__ - *********References*********
07/05/2022 04:07:02 - INFO - __main__ - ['<mask> was delievered to <mask>.']
07/05/2022 04:07:02 - INFO - __main__ - ****************************
07/05/2022 04:07:02 - WARNING - __main__ - Skip self-bleu-2 in example: i 'm importing old document <mask> into the new <mask> ..
07/05/2022 04:07:09 - INFO - __main__ - ***********Input************
07/05/2022 04:07:09 - INFO - __main__ - he gave two <mask> to each <mask> .
07/05/2022 04:07:09 - INFO - __main__ - *********Hypothesis*********
07/05/2022 04:07:09 - INFO - __main__ - <mask> and other public holidays are observed by <mask>.
07/05/2022 04:07:09 - INFO - __main__ - <mask>, however, is not a <mask>.
07/05/2022 04:07:09 - INFO - __main__ - <mask> and other public holidays are observed by the <mask>.
07/05/2022 04:07:09 - INFO - __main__ - <mask> were not allowed to marry <mask>.
07/05/2022 04:07:09 - INFO - __main__ - <mask>, however, is not a public <mask>.
07/05/2022 04:07:09 - INFO - __main__ - <mask> and baronets of the former <mask>.
07/05/2022 04:07:09 - INFO - __main__ - <mask> is a major event in the calendar of the <mask>.
07/05/2022 04:07:09 - INFO - __main__ - <mask> are usually styled as lord privy seal and lord <mask>.
07/05/2022 04:07:09 - INFO - __main__ - <mask> were not entitled to sit in the new <mask>.
07/05/2022 04:07:09 - INFO - __main__ - <mask> people were not allowed to marry <mask>.
07/05/2022 04:07:09 - INFO - __main__ - ****************************
07/05/2022 04:07:09 - INFO - __main__ - *********References*********
07/05/2022 04:07:09 - INFO - __main__ - ['<mask> was delievered to <mask>.']
07/05/2022 04:07:09 - INFO - __main__ - ****************************
07/05/2022 04:07:17 - INFO - __main__ - ***********Input************
07/05/2022 04:07:17 - INFO - __main__ - the first native tea <mask> were those made in the early thirteenth century by the <mask> to-shiro at his kiln in seto , aichi prefecture .
07/05/2022 04:07:17 - INFO - __main__ - *********Hypothesis*********
07/05/2022 04:07:17 - INFO - __main__ - <mask> are allowed to enter the country, but only if they are a <mask>.
07/05/2022 04:07:17 - INFO - __main__ - <mask> have been known to use this term to refer to any <mask>.
07/05/2022 04:07:17 - INFO - __main__ - <mask> is the official language of the <mask>.
07/05/2022 04:07:17 - INFO - __main__ - <mask>, however, was not a common language in <mask>.
07/05/2022 04:07:17 - INFO - __main__ - <mask> is the official language of <mask>.
07/05/2022 04:07:17 - INFO - __main__ - <mask> kami are often associated with the <mask>.
07/05/2022 04:07:17 - INFO - __main__ - <mask> culture is a major influence on <mask>.
07/05/2022 04:07:17 - INFO - __main__ - <mask> kami are often associated with <mask>.
07/05/2022 04:07:17 - INFO - __main__ - <mask> people were not allowed to use the name <mask>.
07/05/2022 04:07:17 - INFO - __main__ - <mask> has a long history of <mask>.
07/05/2022 04:07:17 - INFO - __main__ - ****************************
07/05/2022 04:07:17 - INFO - __main__ - *********References*********
07/05/2022 04:07:17 - INFO - __main__ - ['<mask> is the producer of <mask>.']
07/05/2022 04:07:17 - INFO - __main__ - ****************************
07/05/2022 04:07:20 - INFO - __main__ - ***********Input************
07/05/2022 04:07:20 - INFO - __main__ - entrepreneur creates a <mask> over 'amber alert ' <mask> .
07/05/2022 04:07:20 - INFO - __main__ - *********Hypothesis*********
07/05/2022 04:07:20 - INFO - __main__ - <mask> hotspots are devices that provide access to a network of <mask>.
07/05/2022 04:07:20 - INFO - __main__ - <mask> is available in the form of a free <mask>.
07/05/2022 04:07:20 - INFO - __main__ - <mask>-based services are available in the form of free <mask>.
07/05/2022 04:07:20 - INFO - __main__ - <mask>: the user can connect to any computer using <mask>.
07/05/2022 04:07:20 - INFO - __main__ - <mask> is available in the station, and the station has free <mask>.
07/05/2022 04:07:20 - INFO - __main__ - <mask> and bluetooth: the most common form of wireless communication is <mask>.
07/05/2022 04:07:20 - INFO - __main__ - <mask>: the station has a free <mask>.
07/05/2022 04:07:20 - INFO - __main__ - <mask> is provided by a number of companies, and many of these companies offer free <mask>.
07/05/2022 04:07:20 - INFO - __main__ - <mask> and bluetooth are available, but not all devices have a full-fledged <mask>.
07/05/2022 04:07:20 - INFO - __main__ - ****************************
07/05/2022 04:07:20 - INFO - __main__ - *********References*********
07/05/2022 04:07:20 - INFO - __main__ - ['the topic of <mask> is <mask>.']
07/05/2022 04:07:20 - INFO - __main__ - ****************************
07/05/2022 04:07:28 - INFO - __main__ - ***********Input************
07/05/2022 04:07:28 - INFO - __main__ - <mask> support by <mask> has a long tradition in open and distance learning .
07/05/2022 04:07:28 - INFO - __main__ - *********Hypothesis*********
07/05/2022 04:07:28 - INFO - __main__ - <mask> schools are run by <mask>.
07/05/2022 04:07:28 - INFO - __main__ - <mask> education is provided by <mask>.
07/05/2022 04:07:28 - INFO - __main__ - <mask> secondary schools are run by <mask>.
07/05/2022 04:07:28 - INFO - __main__ - <mask> schools are administered by <mask>.
07/05/2022 04:07:28 - INFO - __main__ - <mask> schools are the subject to <mask>.
07/05/2022 04:07:28 - INFO - __main__ - <mask> schools are not subject to <mask>.
07/05/2022 04:07:28 - INFO - __main__ - <mask> and other educational institutions are <mask>.
07/05/2022 04:07:28 - INFO - __main__ - <mask> public schools are administered by <mask>.
07/05/2022 04:07:28 - INFO - __main__ - <mask> universities are regulated by <mask>.
07/05/2022 04:07:28 - INFO - __main__ - <mask> education is a part of <mask>.
07/05/2022 04:07:28 - INFO - __main__ - ****************************
07/05/2022 04:07:28 - INFO - __main__ - *********References*********
07/05/2022 04:07:28 - INFO - __main__ - ['<mask> is the instrument of <mask>.']
07/05/2022 04:07:28 - INFO - __main__ - ****************************
07/05/2022 04:07:40 - INFO - __main__ - ***********Input************
07/05/2022 04:07:40 - INFO - __main__ - hiroshima has rejected the demands of some citizens and victims groups that the newly renovated museum include an exhibition on japan 's `` aggressive role '' in world war ii , alongside the gruesome displays of the <mask> and devastation caused by the <mask> .
07/05/2022 04:07:40 - INFO - __main__ - *********Hypothesis*********
07/05/2022 04:07:40 - INFO - __main__ - <mask> is a former member of the band <mask>.
07/05/2022 04:07:40 - INFO - __main__ - <mask>'s father was a <mask>.
07/05/2022 04:07:40 - INFO - __main__ - <mask> has been a vocal critic of <mask>.
07/05/2022 04:07:40 - INFO - __main__ - <mask> denial is a form of denial that is associated with <mask>.
07/05/2022 04:07:40 - INFO - __main__ - <mask>'s father was a teacher and <mask>.
07/05/2022 04:07:40 - INFO - __main__ - <mask>'s mother is <mask>.
07/05/2022 04:07:40 - INFO - __main__ - <mask> denial has been a controversial topic since the <mask>.
07/05/2022 04:07:40 - INFO - __main__ - <mask>, however, was not a victim of <mask>.
07/05/2022 04:07:40 - INFO - __main__ - <mask>: the history of the jews and <mask>.
07/05/2022 04:07:40 - INFO - __main__ - <mask> has been a vocal critic of the <mask>.
07/05/2022 04:07:40 - INFO - __main__ - ****************************
07/05/2022 04:07:40 - INFO - __main__ - *********References*********
07/05/2022 04:07:40 - INFO - __main__ - ['<mask> causes <mask>.']
07/05/2022 04:07:40 - INFO - __main__ - ****************************
07/05/2022 04:07:50 - INFO - __main__ - ***********Input************
07/05/2022 04:07:50 - INFO - __main__ - the <mask> was in a <mask> on the back of the wagon , and cold as it was , mr. huy waded to the wagon and fed it that night and the next morning .
07/05/2022 04:07:50 - INFO - __main__ - *********Hypothesis*********
07/05/2022 04:07:50 - INFO - __main__ - <mask>'s eyes widened as he looked at the <mask>.
07/05/2022 04:07:50 - INFO - __main__ - <mask>'s eyes were wide as he stared at the <mask>.
07/05/2022 04:07:50 - INFO - __main__ - <mask>, i'm going to get you a <mask>.
07/05/2022 04:07:50 - INFO - __main__ - <mask> and i were sitting in the back of a <mask>.
07/05/2022 04:07:50 - INFO - __main__ - <mask>'s eyes widened as he looked at <mask>.
07/05/2022 04:07:50 - INFO - __main__ - <mask> was still in the car, but he was now in a <mask>.
07/05/2022 04:07:50 - INFO - __main__ - <mask> looked at the man who had been standing in front of his <mask>.
07/05/2022 04:07:50 - INFO - __main__ - <mask>'s eyes were wide as he stared at <mask>.
07/05/2022 04:07:50 - INFO - __main__ - <mask> wasn't sure what to do with <mask>.
07/05/2022 04:07:50 - INFO - __main__ - <mask>, you're not going to be able to get out of this <mask>.
07/05/2022 04:07:50 - INFO - __main__ - ****************************
07/05/2022 04:07:50 - INFO - __main__ - *********References*********
07/05/2022 04:07:50 - INFO - __main__ - ['<mask> is contained in <mask>.']
07/05/2022 04:07:50 - INFO - __main__ - ****************************
07/05/2022 04:07:57 - INFO - __main__ - ***********Input************
07/05/2022 04:07:57 - INFO - __main__ - in ionic conduction charge carriers are affected by the electromagnetic <mask> from the <mask> by being attracted or repelled by the electric field .
07/05/2022 04:07:57 - INFO - __main__ - *********Hypothesis*********
07/05/2022 04:07:57 - INFO - __main__ - <mask> is a large, circular field located approximately from <mask>.
07/05/2022 04:07:57 - INFO - __main__ - <mask> is the largest field on <mask>.
07/05/2022 04:07:57 - INFO - __main__ - <mask> is a small lunar impact crater that lies approximately from <mask>.
07/05/2022 04:07:57 - INFO - __main__ - <mask> was named after the crater on <mask>.
07/05/2022 04:07:57 - INFO - __main__ - <mask> has been shown to have a strong influence on the climate of <mask>.
07/05/2022 04:07:57 - INFO - __main__ - <mask> is a major contributor to the formation of <mask>.
07/05/2022 04:07:57 - INFO - __main__ - <mask> has been used to study the evolution of life on <mask>.
07/05/2022 04:07:57 - INFO - __main__ - <mask>'s mission is to protect the planet's <mask>.
07/05/2022 04:07:57 - INFO - __main__ - <mask>'s mission is to be the most powerful and technologically advanced planet on <mask>.
07/05/2022 04:07:57 - INFO - __main__ - <mask> is the only known planet to have a magnetic field that is stronger than that of <mask>.
07/05/2022 04:07:57 - INFO - __main__ - ****************************
07/05/2022 04:07:57 - INFO - __main__ - *********References*********
07/05/2022 04:07:57 - INFO - __main__ - ['<mask> causes <mask>.']
07/05/2022 04:07:57 - INFO - __main__ - ****************************
07/05/2022 04:08:03 - INFO - __main__ - ***********Input************
07/05/2022 04:08:03 - INFO - __main__ - the <mask> are concerned with <mask> of speaking the language .
07/05/2022 04:08:03 - INFO - __main__ - *********Hypothesis*********
07/05/2022 04:08:03 - INFO - __main__ - <mask>ness in the sense of <mask>.
07/05/2022 04:08:03 - INFO - __main__ - <mask> and other foreign influences were a major factor in <mask>.
07/05/2022 04:08:03 - INFO - __main__ - <mask>, in the sense of <mask>.
07/05/2022 04:08:03 - INFO - __main__ - <mask> had a strong influence on <mask>.
07/05/2022 04:08:03 - INFO - __main__ - <mask> had to be evacuated, and many of the settlers were killed by <mask>.
07/05/2022 04:08:03 - INFO - __main__ - <mask>: the name of <mask>.
07/05/2022 04:08:03 - INFO - __main__ - <mask>: the name of the country, <mask>.
07/05/2022 04:08:03 - INFO - __main__ - <mask> is a language of the people and <mask>.
07/05/2022 04:08:03 - INFO - __main__ - <mask>ness, in the sense of <mask>.
07/05/2022 04:08:03 - INFO - __main__ - <mask>: the french of the country, <mask>.
07/05/2022 04:08:03 - INFO - __main__ - ****************************
07/05/2022 04:08:03 - INFO - __main__ - *********References*********
07/05/2022 04:08:03 - INFO - __main__ - ['the topic of <mask> is <mask>.']
07/05/2022 04:08:03 - INFO - __main__ - ****************************
07/05/2022 04:08:08 - INFO - __main__ - ***********Input************
07/05/2022 04:08:08 - INFO - __main__ - the bottles have leaked <mask> into the <mask> .
07/05/2022 04:08:08 - INFO - __main__ - *********Hypothesis*********
07/05/2022 04:08:08 - INFO - __main__ - <mask> is the largest importer of natural gas in the world, followed by <mask>.
07/05/2022 04:08:08 - INFO - __main__ - <mask>'s economy is heavily dependent on the export of raw materials to the western <mask>.
07/05/2022 04:08:08 - INFO - __main__ - <mask> of the company's products are sold in <mask>.
07/05/2022 04:08:08 - INFO - __main__ - <mask> of the population are resident in <mask>.
07/05/2022 04:08:08 - INFO - __main__ - <mask>'s foreign policy is based on a strong alliance with the <mask>.
07/05/2022 04:08:08 - INFO - __main__ - <mask> of the population were born outside <mask>.
07/05/2022 04:08:08 - INFO - __main__ - <mask> of the population is from <mask>.
07/05/2022 04:08:08 - INFO - __main__ - <mask> has been the largest importer of the drug, followed by <mask>.
07/05/2022 04:08:08 - INFO - __main__ - <mask> of people were born in <mask>.
07/05/2022 04:08:08 - INFO - __main__ - <mask> of all the students are from <mask>.
07/05/2022 04:08:08 - INFO - __main__ - ****************************
07/05/2022 04:08:08 - INFO - __main__ - *********References*********
07/05/2022 04:08:08 - INFO - __main__ - ['<mask> was delievered to <mask>.']
07/05/2022 04:08:08 - INFO - __main__ - ****************************
07/05/2022 04:08:13 - INFO - __main__ - ***********Input************
07/05/2022 04:08:13 - INFO - __main__ - the <mask> is going away from the <mask> , pushing its cars to gain elevation .
07/05/2022 04:08:13 - INFO - __main__ - *********Hypothesis*********
07/05/2022 04:08:13 - INFO - __main__ - <mask> is a name for a number of roads in the northern <mask>.
07/05/2022 04:08:13 - INFO - __main__ - <mask>, and the rest of the world, and <mask>.
07/05/2022 04:08:13 - INFO - __main__ - <mask> has a similar system to that of <mask>.
07/05/2022 04:08:13 - INFO - __main__ - <mask> traffic is not permitted in the northern <mask>.
07/05/2022 04:08:13 - INFO - __main__ - <mask> and motorway traffic is not permitted in the northern <mask>.
07/05/2022 04:08:13 - INFO - __main__ - <mask> is the largest producer of natural gas in <mask>.
07/05/2022 04:08:13 - INFO - __main__ - <mask> routes are the most important routes in the northern <mask>.
07/05/2022 04:08:13 - INFO - __main__ - <mask>-like roads are common in the northern <mask>.
07/05/2022 04:08:13 - INFO - __main__ - <mask> and other countries have a similar system to <mask>.
07/05/2022 04:08:13 - INFO - __main__ - <mask> was the successor to <mask>.
07/05/2022 04:08:13 - INFO - __main__ - ****************************
07/05/2022 04:08:13 - INFO - __main__ - *********References*********
07/05/2022 04:08:13 - INFO - __main__ - ['<mask> is originated from <mask>.']
07/05/2022 04:08:13 - INFO - __main__ - ****************************
07/05/2022 04:08:15 - INFO - __main__ - ***********Input************
07/05/2022 04:08:15 - INFO - __main__ - they chose a <mask> that oven bakes the paint in a down draft paint <mask> .
07/05/2022 04:08:15 - INFO - __main__ - *********Hypothesis*********
07/05/2022 04:08:15 - INFO - __main__ - no proper relation hypothesis
07/05/2022 04:08:15 - INFO - __main__ - ****************************
07/05/2022 04:08:15 - INFO - __main__ - *********References*********
07/05/2022 04:08:15 - INFO - __main__ - ['<mask> is the instrument of <mask>.']
07/05/2022 04:08:15 - INFO - __main__ - ****************************
07/05/2022 04:08:15 - WARNING - __main__ - Skip self-bleu-2 in example: they chose a <mask> that oven bakes the paint in a down draft paint <mask> ..
07/05/2022 04:08:21 - INFO - __main__ - ***********Input************
07/05/2022 04:08:21 - INFO - __main__ - the <mask> carefully chose <mask> to be used in a nihilistic approach to style .
07/05/2022 04:08:21 - INFO - __main__ - *********Hypothesis*********
07/05/2022 04:08:21 - INFO - __main__ - <mask>, with a few words in <mask>.
07/05/2022 04:08:21 - INFO - __main__ - <mask> and other works in <mask>.
07/05/2022 04:08:21 - INFO - __main__ - <mask> have been known to use the term <mask>.
07/05/2022 04:08:21 - INFO - __main__ - <mask>: the history of <mask>.
07/05/2022 04:08:21 - INFO - __main__ - <mask>, however, were not interested in the new style of <mask>.
07/05/2022 04:08:21 - INFO - __main__ - <mask> were known for their taste in <mask>.
07/05/2022 04:08:21 - INFO - __main__ - <mask> is a word that means "new" in a language other than <mask>.
07/05/2022 04:08:21 - INFO - __main__ - <mask> are known to have used a variety of styles, including the late <mask>.
07/05/2022 04:08:21 - INFO - __main__ - <mask> had a strong interest in <mask>.
07/05/2022 04:08:21 - INFO - __main__ - <mask> in the early modern period preferred the style of <mask>.
07/05/2022 04:08:21 - INFO - __main__ - ****************************
07/05/2022 04:08:21 - INFO - __main__ - *********References*********
07/05/2022 04:08:21 - INFO - __main__ - ['<mask> is the instrument of <mask>.']
07/05/2022 04:08:21 - INFO - __main__ - ****************************
07/05/2022 04:08:24 - INFO - __main__ - ***********Input************
07/05/2022 04:08:24 - INFO - __main__ - the cost of <mask> delivered in a vessel <mask> is always high .
07/05/2022 04:08:24 - INFO - __main__ - *********Hypothesis*********
07/05/2022 04:08:24 - INFO - __main__ - <mask> is a major source of the <mask>.
07/05/2022 04:08:24 - INFO - __main__ - <mask> was the only major competitor to <mask>.
07/05/2022 04:08:24 - INFO - __main__ - <mask> is a <mask>.
07/05/2022 04:08:24 - INFO - __main__ - <mask> is a major <mask>.
07/05/2022 04:08:24 - INFO - __main__ - ****************************
07/05/2022 04:08:24 - INFO - __main__ - *********References*********
07/05/2022 04:08:24 - INFO - __main__ - ['<mask> is contained in <mask>.']
07/05/2022 04:08:24 - INFO - __main__ - ****************************
07/05/2022 04:08:30 - INFO - __main__ - ***********Input************
07/05/2022 04:08:30 - INFO - __main__ - the <mask> was full of furry orange-and-black <mask> -- kittens .
07/05/2022 04:08:30 - INFO - __main__ - *********Hypothesis*********
07/05/2022 04:08:30 - INFO - __main__ - <mask> cats are often used as a substitute for <mask>.
07/05/2022 04:08:30 - INFO - __main__ - <mask> was a member of the group <mask>.
07/05/2022 04:08:30 - INFO - __main__ - <mask> and the other housemates are all <mask>.
07/05/2022 04:08:30 - INFO - __main__ - <mask> dogs have been shown to be more aggressive than <mask>.
07/05/2022 04:08:30 - INFO - __main__ - <mask> cats are the most common type of <mask>.
07/05/2022 04:08:30 - INFO - __main__ - <mask> of mouse: a <mask>.
07/05/2022 04:08:30 - INFO - __main__ - <mask> is a <mask>.
07/05/2022 04:08:30 - INFO - __main__ - <mask>-trained dogs are often used to help <mask>.
07/05/2022 04:08:30 - INFO - __main__ - <mask>'s name is a reference to the name of <mask>.
07/05/2022 04:08:30 - INFO - __main__ - <mask> dogs are usually <mask>.
07/05/2022 04:08:30 - INFO - __main__ - ****************************
07/05/2022 04:08:30 - INFO - __main__ - *********References*********
07/05/2022 04:08:30 - INFO - __main__ - ['<mask> is contained in <mask>.']
07/05/2022 04:08:30 - INFO - __main__ - ****************************
07/05/2022 04:08:30 - INFO - __main__ - Task: semeval
07/05/2022 04:08:30 - INFO - __main__ - bleu-4: 1.0490810023373147e-79
07/05/2022 04:08:30 - INFO - __main__ - bleu-3: 0.0063043534755670054
07/05/2022 04:08:30 - INFO - __main__ - bleu-2: 0.054270069857557494
07/05/2022 04:08:30 - INFO - __main__ - bleu-1: 0.30333837725022356
07/05/2022 04:08:30 - INFO - __main__ - METEOR: 0.26380907500152156
07/05/2022 04:08:30 - INFO - __main__ - ROUGE-L: 0.3800970183288381
07/05/2022 04:08:30 - INFO - __main__ - entailment score(mean-mean): 0.09671985380340258
07/05/2022 04:08:30 - INFO - __main__ - entailment score(mean-max): 0.36513209584809375
07/05/2022 04:08:30 - INFO - __main__ - entailment score(mean-min): 0.003506437735066154
07/05/2022 04:08:30 - INFO - __main__ - self-BLEU-2: 0.8800162204531161
07/05/2022 04:08:30 - INFO - __main__ - avg: 0.16796981565228464
07/05/2022 04:08:30 - INFO - __main__ - *******************************************************
07/05/2022 04:08:30 - INFO - __main__ - *******************************************************
07/05/2022 04:08:30 - INFO - __main__ - *******************************************************
