07/15/2022 11:04:54 - INFO - __main__ - **************** MODEL CONFIGURATION ****************
07/15/2022 11:04:54 - INFO - __main__ - bart_training             -->   True
07/15/2022 11:04:54 - INFO - __main__ - device                    -->   7
07/15/2022 11:04:54 - INFO - __main__ - group_beam                -->   True
07/15/2022 11:04:54 - INFO - __main__ - if_then                   -->   False
07/15/2022 11:04:54 - INFO - __main__ - inductor                  -->   rule
07/15/2022 11:04:54 - INFO - __main__ - log_dir                   -->   logs_new/
07/15/2022 11:04:54 - INFO - __main__ - log_name                  -->   semeval-k5+bgb+dpp
07/15/2022 11:04:54 - INFO - __main__ - mlm_training              -->   True
07/15/2022 11:04:54 - INFO - __main__ - task                      -->   semeval
07/15/2022 11:04:54 - INFO - __main__ - **************** MODEL CONFIGURATION ****************
07/15/2022 11:07:00 - INFO - __main__ - ***********Input************
07/15/2022 11:07:00 - INFO - __main__ - much of the <mask> evaporated from the <mask> without ever reaching the ground .
07/15/2022 11:07:00 - INFO - __main__ - *********Hypothesis*********
07/15/2022 11:07:00 - INFO - __main__ - <mask> had been the only one who had ever been able to see the sun and <mask>.
07/15/2022 11:07:00 - INFO - __main__ - <mask>, the sun, the moon, <mask>.
07/15/2022 11:07:00 - INFO - __main__ - <mask> wasn't the only thing that was different about the <mask>.
07/15/2022 11:07:00 - INFO - __main__ - <mask> is the only thing that can bring us back to <mask>.
07/15/2022 11:07:00 - INFO - __main__ - <mask> had been the only thing that had kept him from going to <mask>.
07/15/2022 11:07:00 - INFO - __main__ - <mask> was a very different place from <mask>.
07/15/2022 11:07:00 - INFO - __main__ - <mask> was a very different place from the <mask>.
07/15/2022 11:07:00 - INFO - __main__ - <mask> is a small planet orbiting the star <mask>.
07/15/2022 11:07:00 - INFO - __main__ - <mask>, it was a <mask>.
07/15/2022 11:07:00 - INFO - __main__ - <mask> is a large and very active <mask>.
07/15/2022 11:07:00 - INFO - __main__ - ****************************
07/15/2022 11:07:00 - INFO - __main__ - *********References*********
07/15/2022 11:07:00 - INFO - __main__ - ['<mask> is originated from <mask>.']
07/15/2022 11:07:00 - INFO - __main__ - ****************************
07/15/2022 11:07:44 - INFO - __main__ - ***********Input************
07/15/2022 11:07:44 - INFO - __main__ - dolf oehler , a leader in the leftist <mask> of heine <mask> since the 1970s , gathered a group of likeminded critics for this symposium .
07/15/2022 11:07:44 - INFO - __main__ - *********Hypothesis*********
07/15/2022 11:07:44 - INFO - __main__ - <mask>, the new <mask>.
07/15/2022 11:07:44 - INFO - __main__ - <mask>, and the new <mask>.
07/15/2022 11:07:44 - INFO - __main__ - <mask> was a very important part of <mask>.
07/15/2022 11:07:44 - INFO - __main__ - <mask> is a big part of the <mask>.
07/15/2022 11:07:44 - INFO - __main__ - <mask> and the <mask>.
07/15/2022 11:07:44 - INFO - __main__ - <mask>, the only one in <mask>.
07/15/2022 11:07:44 - INFO - __main__ - <mask> is a big part of <mask>.
07/15/2022 11:07:44 - INFO - __main__ - <mask> of art and <mask>.
07/15/2022 11:07:44 - INFO - __main__ - <mask>, i'm a graduate of <mask>.
07/15/2022 11:07:44 - INFO - __main__ - <mask> was a small, private school in <mask>.
07/15/2022 11:07:44 - INFO - __main__ - ****************************
07/15/2022 11:07:44 - INFO - __main__ - *********References*********
07/15/2022 11:07:44 - INFO - __main__ - ['<mask> is the collection of <mask>.']
07/15/2022 11:07:44 - INFO - __main__ - ****************************
07/15/2022 11:08:19 - INFO - __main__ - ***********Input************
07/15/2022 11:08:19 - INFO - __main__ - the cornish pirates have signed a <mask> to tackle <mask> as part of their commitment to save energy and reduce their environmental footprint .
07/15/2022 11:08:19 - INFO - __main__ - *********Hypothesis*********
07/15/2022 11:08:19 - INFO - __main__ - <mask> to work on <mask>.
07/15/2022 11:08:19 - INFO - __main__ - <mask> to the government to reduce <mask>.
07/15/2022 11:08:19 - INFO - __main__ - <mask> to support the global effort to combat <mask>.
07/15/2022 11:08:19 - INFO - __main__ - <mask> to reduce the amount of <mask>.
07/15/2022 11:08:19 - INFO - __main__ - <mask> to reduce greenhouse gas emissions and <mask>.
07/15/2022 11:08:19 - INFO - __main__ - <mask> that they would not accept any government funding for <mask>.
07/15/2022 11:08:19 - INFO - __main__ - <mask> is a type of <mask>.
07/15/2022 11:08:19 - INFO - __main__ - <mask> for a new <mask>.
07/15/2022 11:08:19 - INFO - __main__ - <mask>, which is a call for action on <mask>.
07/15/2022 11:08:19 - INFO - __main__ - <mask> on the future of <mask>.
07/15/2022 11:08:19 - INFO - __main__ - ****************************
07/15/2022 11:08:19 - INFO - __main__ - *********References*********
07/15/2022 11:08:19 - INFO - __main__ - ['the topic of <mask> is <mask>.']
07/15/2022 11:08:19 - INFO - __main__ - ****************************
07/15/2022 11:08:53 - INFO - __main__ - ***********Input************
07/15/2022 11:08:53 - INFO - __main__ - the <mask> of the <mask> is lined with more than 3 cm thick castable refractory material .
07/15/2022 11:08:53 - INFO - __main__ - *********Hypothesis*********
07/15/2022 11:08:53 - INFO - __main__ - <mask> of the mountain, the <mask>.
07/15/2022 11:08:53 - INFO - __main__ - <mask> of the house, the front of <mask>.
07/15/2022 11:08:53 - INFO - __main__ - <mask> of the building was a large <mask>.
07/15/2022 11:08:53 - INFO - __main__ - <mask>, the man said, pointing to the <mask>.
07/15/2022 11:08:53 - INFO - __main__ - <mask>, the man said, pointing to <mask>.
07/15/2022 11:08:53 - INFO - __main__ - <mask> of the house, the <mask>.
07/15/2022 11:08:53 - INFO - __main__ - <mask> of the building is a large <mask>.
07/15/2022 11:08:53 - INFO - __main__ - <mask>, the main entrance of <mask>.
07/15/2022 11:08:53 - INFO - __main__ - <mask>, the main entrance of the <mask>.
07/15/2022 11:08:53 - INFO - __main__ - <mask>, a2, and <mask>.
07/15/2022 11:08:53 - INFO - __main__ - ****************************
07/15/2022 11:08:53 - INFO - __main__ - *********References*********
07/15/2022 11:08:53 - INFO - __main__ - ['<mask> is the component of <mask>.']
07/15/2022 11:08:53 - INFO - __main__ - ****************************
07/15/2022 11:09:20 - INFO - __main__ - ***********Input************
07/15/2022 11:09:20 - INFO - __main__ - the <mask> , made up of one or more <mask> , encloses an ovary that contains the ovules , or potential seeds .
07/15/2022 11:09:20 - INFO - __main__ - *********Hypothesis*********
07/15/2022 11:09:20 - INFO - __main__ - <mask> is the only one that is not a part of the other <mask>.
07/15/2022 11:09:20 - INFO - __main__ - <mask> is a genus of bacteria in the class <mask>.
07/15/2022 11:09:20 - INFO - __main__ - <mask> is a monotypic genus of <mask>.
07/15/2022 11:09:20 - INFO - __main__ - <mask>, and the name of the genus <mask>.
07/15/2022 11:09:20 - INFO - __main__ - <mask> is a common name for <mask>.
07/15/2022 11:09:20 - INFO - __main__ - <mask>) is a genus of <mask>.
07/15/2022 11:09:20 - INFO - __main__ - <mask> is a genus of <mask>.
07/15/2022 11:09:20 - INFO - __main__ - <mask> was an extinct genus of <mask>.
07/15/2022 11:09:20 - INFO - __main__ - <mask> is the plural form of <mask>.
07/15/2022 11:09:20 - INFO - __main__ - <mask>, the caladenia <mask>.
07/15/2022 11:09:20 - INFO - __main__ - ****************************
07/15/2022 11:09:20 - INFO - __main__ - *********References*********
07/15/2022 11:09:20 - INFO - __main__ - ['<mask> is the component of <mask>.']
07/15/2022 11:09:20 - INFO - __main__ - ****************************
07/15/2022 11:10:00 - INFO - __main__ - ***********Input************
07/15/2022 11:10:00 - INFO - __main__ - <mask> appear by <mask> when circumstances prevent their appearance in person .
07/15/2022 11:10:00 - INFO - __main__ - *********Hypothesis*********
07/15/2022 11:10:00 - INFO - __main__ - <mask>, and the <mask>.
07/15/2022 11:10:00 - INFO - __main__ - <mask> who are not in <mask>.
07/15/2022 11:10:00 - INFO - __main__ - <mask> weren't the only ones who 'd been using <mask>.
07/15/2022 11:10:00 - INFO - __main__ - <mask> and other super-heroes <mask>.
07/15/2022 11:10:00 - INFO - __main__ - <mask>, and i'm not talking about <mask>.
07/15/2022 11:10:00 - INFO - __main__ - <mask> are not allowed to use <mask>.
07/15/2022 11:10:00 - INFO - __main__ - <mask>, the ones who weren't <mask>.
07/15/2022 11:10:00 - INFO - __main__ - <mask> were a lot more dangerous than <mask>.
07/15/2022 11:10:00 - INFO - __main__ - <mask> had been in <mask>.
07/15/2022 11:10:00 - INFO - __main__ - <mask> are not mentioned in <mask>.
07/15/2022 11:10:00 - INFO - __main__ - ****************************
07/15/2022 11:10:00 - INFO - __main__ - *********References*********
07/15/2022 11:10:00 - INFO - __main__ - ['<mask> is the instrument of <mask>.']
07/15/2022 11:10:00 - INFO - __main__ - ****************************
07/15/2022 11:10:33 - INFO - __main__ - ***********Input************
07/15/2022 11:10:33 - INFO - __main__ - most of the <mask> has been about the <mask> he used .
07/15/2022 11:10:33 - INFO - __main__ - *********Hypothesis*********
07/15/2022 11:10:33 - INFO - __main__ - <mask>, quran, and <mask>.
07/15/2022 11:10:33 - INFO - __main__ - <mask> is a word that means <mask>.
07/15/2022 11:10:33 - INFO - __main__ - <mask> with the author of the book and <mask>.
07/15/2022 11:10:33 - INFO - __main__ - <mask> : a collection of articles on <mask>.
07/15/2022 11:10:33 - INFO - __main__ - <mask>, i'm sorry, <mask>.
07/15/2022 11:10:33 - INFO - __main__ - <mask>, i'm going to <mask>.
07/15/2022 11:10:33 - INFO - __main__ - <mask>, a dictionary of <mask>.
07/15/2022 11:10:33 - INFO - __main__ - <mask>, the bible, the <mask>.
07/15/2022 11:10:33 - INFO - __main__ - <mask>, the bible, and <mask>.
07/15/2022 11:10:33 - INFO - __main__ - <mask> and a few other <mask>.
07/15/2022 11:10:33 - INFO - __main__ - ****************************
07/15/2022 11:10:33 - INFO - __main__ - *********References*********
07/15/2022 11:10:33 - INFO - __main__ - ['the topic of <mask> is <mask>.']
07/15/2022 11:10:33 - INFO - __main__ - ****************************
07/15/2022 11:11:12 - INFO - __main__ - ***********Input************
07/15/2022 11:11:12 - INFO - __main__ - a <mask> of pygmy <mask> is now a critical economic mainstay , even as generations of migrants develop innovative tourism products and create new export markets .
07/15/2022 11:11:12 - INFO - __main__ - *********Hypothesis*********
07/15/2022 11:11:12 - INFO - __main__ - <mask>, the island <mask>.
07/15/2022 11:11:12 - INFO - __main__ - <mask>, i think, <mask>.
07/15/2022 11:11:12 - INFO - __main__ - <mask>, the land of <mask>.
07/15/2022 11:11:12 - INFO - __main__ - <mask>, new york, <mask>.
07/15/2022 11:11:12 - INFO - __main__ - <mask> was a lot more than just <mask>.
07/15/2022 11:11:12 - INFO - __main__ - <mask>, the land, and <mask>.
07/15/2022 11:11:12 - INFO - __main__ - <mask> is a very big part of <mask>.
07/15/2022 11:11:12 - INFO - __main__ - <mask> is a big part of the culture of <mask>.
07/15/2022 11:11:12 - INFO - __main__ - <mask> was the only thing that mattered to <mask>.
07/15/2022 11:11:12 - INFO - __main__ - <mask> is a big part of <mask>.
07/15/2022 11:11:12 - INFO - __main__ - ****************************
07/15/2022 11:11:12 - INFO - __main__ - *********References*********
07/15/2022 11:11:12 - INFO - __main__ - ['<mask> is the collection of <mask>.']
07/15/2022 11:11:12 - INFO - __main__ - ****************************
07/15/2022 11:11:53 - INFO - __main__ - ***********Input************
07/15/2022 11:11:53 - INFO - __main__ - a human <mask> was found in a <mask> of menudo soup .
07/15/2022 11:11:53 - INFO - __main__ - *********Hypothesis*********
07/15/2022 11:11:53 - INFO - __main__ - <mask> is a very <mask>.
07/15/2022 11:11:53 - INFO - __main__ - <mask> had been a <mask>.
07/15/2022 11:11:53 - INFO - __main__ - <mask>, the american <mask>.
07/15/2022 11:11:53 - INFO - __main__ - <mask> was a term <mask>.
07/15/2022 11:11:53 - INFO - __main__ - <mask> or not, <mask>.
07/15/2022 11:11:53 - INFO - __main__ - <mask> or not, he was <mask>.
07/15/2022 11:11:53 - INFO - __main__ - <mask> is a <mask>.
07/15/2022 11:11:53 - INFO - __main__ - <mask> melanogaster is a <mask>.
07/15/2022 11:11:53 - INFO - __main__ - <mask> had a <mask>.
07/15/2022 11:11:53 - INFO - __main__ - <mask> was a <mask>.
07/15/2022 11:11:53 - INFO - __main__ - ****************************
07/15/2022 11:11:53 - INFO - __main__ - *********References*********
07/15/2022 11:11:53 - INFO - __main__ - ['<mask> is contained in <mask>.']
07/15/2022 11:11:53 - INFO - __main__ - ****************************
07/15/2022 11:12:25 - INFO - __main__ - ***********Input************
07/15/2022 11:12:25 - INFO - __main__ - skype , a free software , allows a <mask> of multiple computer <mask> to join in an online conference call without incurring any telephone costs .
07/15/2022 11:12:25 - INFO - __main__ - *********Hypothesis*********
07/15/2022 11:12:25 - INFO - __main__ - <mask>-defined variables are defined by the user's <mask>.
07/15/2022 11:12:25 - INFO - __main__ - <mask>-defined variables are defined by the user and are not defined by <mask>.
07/15/2022 11:12:25 - INFO - __main__ - <mask>'s name is not displayed on <mask>.
07/15/2022 11:12:25 - INFO - __main__ - <mask> is a user of the same name as <mask>.
07/15/2022 11:12:25 - INFO - __main__ - <mask> has to be able to read the <mask>.
07/15/2022 11:12:25 - INFO - __main__ - <mask> is a user of <mask>.
07/15/2022 11:12:25 - INFO - __main__ - <mask>, i'm sorry <mask>.
07/15/2022 11:12:25 - INFO - __main__ - <mask> had been a good friend of <mask>.
07/15/2022 11:12:25 - INFO - __main__ - <mask> members were often referred to as <mask>.
07/15/2022 11:12:25 - INFO - __main__ - <mask> of a group of <mask>.
07/15/2022 11:12:25 - INFO - __main__ - ****************************
07/15/2022 11:12:25 - INFO - __main__ - *********References*********
07/15/2022 11:12:25 - INFO - __main__ - ['<mask> is the collection of <mask>.']
07/15/2022 11:12:25 - INFO - __main__ - ****************************
07/15/2022 11:12:57 - INFO - __main__ - ***********Input************
07/15/2022 11:12:57 - INFO - __main__ - two of the <mask> resulted in fatal co <mask> ( cohb levels of 55 % and 49 % ) .
07/15/2022 11:12:57 - INFO - __main__ - *********Hypothesis*********
07/15/2022 11:12:57 - INFO - __main__ - <mask>, v., f. g. <mask>.
07/15/2022 11:12:57 - INFO - __main__ - <mask> is a special case of <mask>.
07/15/2022 11:12:57 - INFO - __main__ - <mask> = i.e., i. <mask>.
07/15/2022 11:12:57 - INFO - __main__ - <mask> =    <mask>.
07/15/2022 11:12:57 - INFO - __main__ - <mask> : the vatican, <mask>.
07/15/2022 11:12:57 - INFO - __main__ - <mask> is the number of the number in <mask>.
07/15/2022 11:12:57 - INFO - __main__ - <mask> is a special case of the <mask>.
07/15/2022 11:12:57 - INFO - __main__ - <mask>, i'm sorry, <mask>.
07/15/2022 11:12:57 - INFO - __main__ - <mask> is a common abbreviation for <mask>.
07/15/2022 11:12:57 - INFO - __main__ - <mask> are not used in the case of <mask>.
07/15/2022 11:12:57 - INFO - __main__ - ****************************
07/15/2022 11:12:57 - INFO - __main__ - *********References*********
07/15/2022 11:12:57 - INFO - __main__ - ['<mask> causes <mask>.']
07/15/2022 11:12:57 - INFO - __main__ - ****************************
07/15/2022 11:13:33 - INFO - __main__ - ***********Input************
07/15/2022 11:13:33 - INFO - __main__ - both her and her <mask> of pampered beverly hills <mask> learn valuable lessons in character , courage , and friendship with a super happy ending .
07/15/2022 11:13:33 - INFO - __main__ - *********Hypothesis*********
07/15/2022 11:13:33 - INFO - __main__ - <mask>'s eyes were wide as he looked at the other <mask>.
07/15/2022 11:13:33 - INFO - __main__ - <mask> was a small group of people who were all <mask>.
07/15/2022 11:13:33 - INFO - __main__ - <mask> members were often accompanied by their <mask>.
07/15/2022 11:13:33 - INFO - __main__ - <mask> is a group of young <mask>.
07/15/2022 11:13:33 - INFO - __main__ - <mask>, i'm sorry, <mask>.
07/15/2022 11:13:33 - INFO - __main__ - <mask>, i'm going to get you some <mask>.
07/15/2022 11:13:33 - INFO - __main__ - <mask> was a good place to start, <mask>.
07/15/2022 11:13:33 - INFO - __main__ - <mask> members, the ones who weren't <mask>.
07/15/2022 11:13:33 - INFO - __main__ - <mask>, the land of fairies, was the home of <mask>.
07/15/2022 11:13:33 - INFO - __main__ - <mask>, you are <mask>.
07/15/2022 11:13:33 - INFO - __main__ - ****************************
07/15/2022 11:13:33 - INFO - __main__ - *********References*********
07/15/2022 11:13:33 - INFO - __main__ - ['<mask> is the collection of <mask>.']
07/15/2022 11:13:33 - INFO - __main__ - ****************************
07/15/2022 11:14:08 - INFO - __main__ - ***********Input************
07/15/2022 11:14:08 - INFO - __main__ - yet this signing <mask> issued by the <mask> yesterday is the clearest signal yet that the administration wants to hold this option in reserve .
07/15/2022 11:14:08 - INFO - __main__ - *********Hypothesis*********
07/15/2022 11:14:08 - INFO - __main__ - <mask> was to be given to the <mask>.
07/15/2022 11:14:08 - INFO - __main__ - <mask> is that the <mask>.
07/15/2022 11:14:08 - INFO - __main__ - <mask> to the secretary of the <mask>.
07/15/2022 11:14:08 - INFO - __main__ - <mask> of the president, <mask>.
07/15/2022 11:14:08 - INFO - __main__ - <mask> : the secretary of <mask>.
07/15/2022 11:14:08 - INFO - __main__ - <mask> to the secretary of state for <mask>.
07/15/2022 11:14:08 - INFO - __main__ - <mask> to the president to set up a <mask>.
07/15/2022 11:14:08 - INFO - __main__ - <mask> from the president, <mask>.
07/15/2022 11:14:08 - INFO - __main__ - <mask> : i am the president of the <mask>.
07/15/2022 11:14:08 - INFO - __main__ - <mask>, i'm going to be in the <mask>.
07/15/2022 11:14:08 - INFO - __main__ - ****************************
07/15/2022 11:14:08 - INFO - __main__ - *********References*********
07/15/2022 11:14:08 - INFO - __main__ - ['<mask> is the producer of <mask>.']
07/15/2022 11:14:08 - INFO - __main__ - ****************************
07/15/2022 11:14:44 - INFO - __main__ - ***********Input************
07/15/2022 11:14:44 - INFO - __main__ - the recent <mask> has been caused by the environmentally-induced <mask> of fish catches from the black sea .
07/15/2022 11:14:44 - INFO - __main__ - *********Hypothesis*********
07/15/2022 11:14:44 - INFO - __main__ - <mask> damage was estimated at <mask>.
07/15/2022 11:14:44 - INFO - __main__ - <mask>, the death of the sun, the <mask>.
07/15/2022 11:14:44 - INFO - __main__ - <mask> y el más important <mask>.
07/15/2022 11:14:44 - INFO - __main__ - <mask> y el misterio: <mask>.
07/15/2022 11:14:44 - INFO - __main__ - <mask> has a literacy rate of <mask>.
07/15/2022 11:14:44 - INFO - __main__ - <mask> had an average literacy rate of <mask>.
07/15/2022 11:14:44 - INFO - __main__ - <mask> has a population growth rate of <mask>.
07/15/2022 11:14:44 - INFO - __main__ - <mask> is a very rare disease and the mortality rate is <mask>.
07/15/2022 11:14:44 - INFO - __main__ - <mask> has been reported in the area, with the death rate of <mask>.
07/15/2022 11:14:44 - INFO - __main__ - <mask>, which has a melting point of <mask>.
07/15/2022 11:14:44 - INFO - __main__ - ****************************
07/15/2022 11:14:44 - INFO - __main__ - *********References*********
07/15/2022 11:14:44 - INFO - __main__ - ['<mask> causes <mask>.']
07/15/2022 11:14:44 - INFO - __main__ - ****************************
07/15/2022 11:15:24 - INFO - __main__ - ***********Input************
07/15/2022 11:15:24 - INFO - __main__ - <mask> consisted of <mask> , dragoons and chevauxlegers .
07/15/2022 11:15:24 - INFO - __main__ - *********Hypothesis*********
07/15/2022 11:15:24 - INFO - __main__ - <mask> was a division of <mask>.
07/15/2022 11:15:24 - INFO - __main__ - <mask> was a <mask>.
07/15/2022 11:15:24 - INFO - __main__ - <mask> was still <mask>.
07/15/2022 11:15:24 - INFO - __main__ - <mask> of the regiment was <mask>.
07/15/2022 11:15:24 - INFO - __main__ - <mask> was now in <mask>.
07/15/2022 11:15:24 - INFO - __main__ - <mask> was a cavalry brigade <mask>.
07/15/2022 11:15:24 - INFO - __main__ - <mask> had been reinforced by <mask>.
07/15/2022 11:15:24 - INFO - __main__ - <mask> was still in <mask>.
07/15/2022 11:15:24 - INFO - __main__ - <mask> was in <mask>.
07/15/2022 11:15:24 - INFO - __main__ - <mask> had been ordered to attack the enemy in <mask>.
07/15/2022 11:15:24 - INFO - __main__ - ****************************
07/15/2022 11:15:24 - INFO - __main__ - *********References*********
07/15/2022 11:15:24 - INFO - __main__ - ['<mask> is the collection of <mask>.']
07/15/2022 11:15:24 - INFO - __main__ - ****************************
07/15/2022 11:16:06 - INFO - __main__ - ***********Input************
07/15/2022 11:16:06 - INFO - __main__ - there is a rubbery silicone <mask> , created by an american <mask> for a whispered 5,000 , pounds for exploring 3d visualisation and ways of removing tremor .
07/15/2022 11:16:06 - INFO - __main__ - *********Hypothesis*********
07/15/2022 11:16:06 - INFO - __main__ - <mask>'s voice was a little <mask>.
07/15/2022 11:16:06 - INFO - __main__ - <mask>, he said, sounding <mask>.
07/15/2022 11:16:06 - INFO - __main__ - <mask>'s a native <mask>.
07/15/2022 11:16:06 - INFO - __main__ - <mask> is a big, big, fat <mask>.
07/15/2022 11:16:06 - INFO - __main__ - <mask> was the only one who was <mask>.
07/15/2022 11:16:06 - INFO - __main__ - <mask> is a very good <mask>.
07/15/2022 11:16:06 - INFO - __main__ - <mask>, the man said, sounding <mask>.
07/15/2022 11:16:06 - INFO - __main__ - <mask>, i said, sounding <mask>.
07/15/2022 11:16:06 - INFO - __main__ - <mask>'s voice was a deep, raspy <mask>.
07/15/2022 11:16:06 - INFO - __main__ - <mask> wasn't a native <mask>.
07/15/2022 11:16:06 - INFO - __main__ - ****************************
07/15/2022 11:16:06 - INFO - __main__ - *********References*********
07/15/2022 11:16:06 - INFO - __main__ - ['<mask> is the producer of <mask>.']
07/15/2022 11:16:06 - INFO - __main__ - ****************************
07/15/2022 11:16:25 - INFO - __main__ - ***********Input************
07/15/2022 11:16:25 - INFO - __main__ - sensitive and robust , this active <mask> features a small metal and rubber button <mask> with a preamped pvdf film sensor inside .
07/15/2022 11:16:25 - INFO - __main__ - *********Hypothesis*********
07/15/2022 11:16:25 - INFO - __main__ - <mask>, i'm going to get <mask>.
07/15/2022 11:16:25 - INFO - __main__ - <mask> : i'm sorry, <mask>.
07/15/2022 11:16:25 - INFO - __main__ - <mask> is a type of <mask>.
07/15/2022 11:16:25 - INFO - __main__ - <mask> : i 'll be there, <mask>.
07/15/2022 11:16:25 - INFO - __main__ - <mask>, p., and <mask>.
07/15/2022 11:16:25 - INFO - __main__ - <mask> is a variant of the <mask>.
07/15/2022 11:16:25 - INFO - __main__ - <mask> had a small <mask>.
07/15/2022 11:16:25 - INFO - __main__ - <mask> is a sensor that detects the presence of a <mask>.
07/15/2022 11:16:25 - INFO - __main__ - <mask> is a common name for <mask>.
07/15/2022 11:16:25 - INFO - __main__ - <mask>, i'm sorry, <mask>.
07/15/2022 11:16:25 - INFO - __main__ - ****************************
07/15/2022 11:16:25 - INFO - __main__ - *********References*********
07/15/2022 11:16:25 - INFO - __main__ - ['<mask> is the component of <mask>.']
07/15/2022 11:16:25 - INFO - __main__ - ****************************
07/15/2022 11:17:01 - INFO - __main__ - ***********Input************
07/15/2022 11:17:01 - INFO - __main__ - the <mask> has assembled a <mask> of precious and base metal exploration prospects in ontario , saskatchewan , and the north west territories .
07/15/2022 11:17:01 - INFO - __main__ - *********Hypothesis*********
07/15/2022 11:17:01 - INFO - __main__ - <mask>.gov is a <mask>.
07/15/2022 11:17:01 - INFO - __main__ - <mask>.gov has a <mask>.
07/15/2022 11:17:01 - INFO - __main__ - <mask> is a <mask>.
07/15/2022 11:17:01 - INFO - __main__ - <mask> has a <mask>.
07/15/2022 11:17:01 - INFO - __main__ - <mask>, i'm going to check your <mask>.
07/15/2022 11:17:01 - INFO - __main__ - <mask> was a very good <mask>.
07/15/2022 11:17:01 - INFO - __main__ - <mask> had been a part of a <mask>.
07/15/2022 11:17:01 - INFO - __main__ - <mask> : this is a <mask>.
07/15/2022 11:17:01 - INFO - __main__ - <mask>'s name was on the <mask>.
07/15/2022 11:17:01 - INFO - __main__ - <mask> was not the only one who had a <mask>.
07/15/2022 11:17:01 - INFO - __main__ - ****************************
07/15/2022 11:17:01 - INFO - __main__ - *********References*********
07/15/2022 11:17:01 - INFO - __main__ - ['<mask> is the producer of <mask>.']
07/15/2022 11:17:01 - INFO - __main__ - ****************************
07/15/2022 11:17:35 - INFO - __main__ - ***********Input************
07/15/2022 11:17:35 - INFO - __main__ - you placed two bare ends of the <mask> into a <mask> filled halfway with distilled water .
07/15/2022 11:17:35 - INFO - __main__ - *********Hypothesis*********
07/15/2022 11:17:35 - INFO - __main__ - <mask>, a knife, and a <mask>.
07/15/2022 11:17:35 - INFO - __main__ - <mask>, she said, and then she handed him a <mask>.
07/15/2022 11:17:35 - INFO - __main__ - <mask>, bottle, bottle... <mask>.
07/15/2022 11:17:35 - INFO - __main__ - <mask> : a bottle of water, a <mask>.
07/15/2022 11:17:35 - INFO - __main__ - <mask>, bible, bible... and <mask>.
07/15/2022 11:17:35 - INFO - __main__ - <mask>, alexander, and <mask>.
07/15/2022 11:17:35 - INFO - __main__ - <mask>, a pen, a <mask>.
07/15/2022 11:17:35 - INFO - __main__ - <mask> in hand, he took the <mask>.
07/15/2022 11:17:35 - INFO - __main__ - <mask> and pen, and <mask>.
07/15/2022 11:17:35 - INFO - __main__ - <mask> and pen, and a <mask>.
07/15/2022 11:17:35 - INFO - __main__ - ****************************
07/15/2022 11:17:35 - INFO - __main__ - *********References*********
07/15/2022 11:17:35 - INFO - __main__ - ['<mask> was delievered to <mask>.']
07/15/2022 11:17:35 - INFO - __main__ - ****************************
07/15/2022 11:18:11 - INFO - __main__ - ***********Input************
07/15/2022 11:18:11 - INFO - __main__ - many <mask> have come from popular <mask> and tend to appear in different forms .
07/15/2022 11:18:11 - INFO - __main__ - *********Hypothesis*********
07/15/2022 11:18:11 - INFO - __main__ - <mask> is a <mask>.
07/15/2022 11:18:11 - INFO - __main__ - <mask>, the native people of <mask>.
07/15/2022 11:18:11 - INFO - __main__ - <mask> is the most popular language in <mask>.
07/15/2022 11:18:11 - INFO - __main__ - <mask>, the people of <mask>.
07/15/2022 11:18:11 - INFO - __main__ - <mask> people are not <mask>.
07/15/2022 11:18:11 - INFO - __main__ - <mask> is the most common language in <mask>.
07/15/2022 11:18:11 - INFO - __main__ - <mask> is the language of the people of <mask>.
07/15/2022 11:18:11 - INFO - __main__ - <mask> had been the only language spoken in <mask>.
07/15/2022 11:18:11 - INFO - __main__ - <mask>, and the <mask>.
07/15/2022 11:18:11 - INFO - __main__ - <mask> are the most diverse group in <mask>.
07/15/2022 11:18:11 - INFO - __main__ - ****************************
07/15/2022 11:18:11 - INFO - __main__ - *********References*********
07/15/2022 11:18:11 - INFO - __main__ - ['<mask> is originated from <mask>.']
07/15/2022 11:18:11 - INFO - __main__ - ****************************
07/15/2022 11:18:46 - INFO - __main__ - ***********Input************
07/15/2022 11:18:46 - INFO - __main__ - the aircraft was written off in the <mask> due to the severe <mask> caused by the klm aircraft , and the resulting fire .
07/15/2022 11:18:46 - INFO - __main__ - *********Hypothesis*********
07/15/2022 11:18:46 - INFO - __main__ - <mask> is an example of a <mask>.
07/15/2022 11:18:46 - INFO - __main__ - <mask> is a website that provides information about <mask>.
07/15/2022 11:18:46 - INFO - __main__ - <mask> is a very good place to start, <mask>.
07/15/2022 11:18:46 - INFO - __main__ - <mask> has been a major contributor to the development of the <mask>.
07/15/2022 11:18:46 - INFO - __main__ - <mask> has been a great help to <mask>.
07/15/2022 11:18:46 - INFO - __main__ - <mask>, the world, <mask>.
07/15/2022 11:18:46 - INFO - __main__ - <mask>, the world, and <mask>.
07/15/2022 11:18:46 - INFO - __main__ - <mask>, i'm going to <mask>.
07/15/2022 11:18:46 - INFO - __main__ - <mask>, the world, the <mask>.
07/15/2022 11:18:46 - INFO - __main__ - <mask> and the united states, <mask>.
07/15/2022 11:18:46 - INFO - __main__ - ****************************
07/15/2022 11:18:46 - INFO - __main__ - *********References*********
07/15/2022 11:18:46 - INFO - __main__ - ['<mask> causes <mask>.']
07/15/2022 11:18:46 - INFO - __main__ - ****************************
07/15/2022 11:19:28 - INFO - __main__ - ***********Input************
07/15/2022 11:19:28 - INFO - __main__ - the <mask> is france 's largest producer of sparkling <mask> outside of the champagne region .
07/15/2022 11:19:28 - INFO - __main__ - *********Hypothesis*********
07/15/2022 11:19:28 - INFO - __main__ - <mask> was a good place to drink <mask>.
07/15/2022 11:19:28 - INFO - __main__ - <mask> is a wine that is made from <mask>.
07/15/2022 11:19:28 - INFO - __main__ - <mask>, the most of the <mask>.
07/15/2022 11:19:28 - INFO - __main__ - <mask>, a dark red wine, was the color of <mask>.
07/15/2022 11:19:28 - INFO - __main__ - <mask> wasn't the only thing that tasted like <mask>.
07/15/2022 11:19:28 - INFO - __main__ - <mask> is a very good way to drink <mask>.
07/15/2022 11:19:28 - INFO - __main__ - <mask>, the most famous <mask>.
07/15/2022 11:19:28 - INFO - __main__ - <mask>, the most famous of the <mask>.
07/15/2022 11:19:28 - INFO - __main__ - <mask>, the french word for <mask>.
07/15/2022 11:19:28 - INFO - __main__ - <mask>'s eyes were wide as he drank <mask>.
07/15/2022 11:19:28 - INFO - __main__ - ****************************
07/15/2022 11:19:28 - INFO - __main__ - *********References*********
07/15/2022 11:19:28 - INFO - __main__ - ['<mask> is originated from <mask>.']
07/15/2022 11:19:28 - INFO - __main__ - ****************************
07/15/2022 11:20:01 - INFO - __main__ - ***********Input************
07/15/2022 11:20:01 - INFO - __main__ - the closely guarded raffles <mask> was locked in a <mask> that still remains onsite today .
07/15/2022 11:20:01 - INFO - __main__ - *********Hypothesis*********
07/15/2022 11:20:01 - INFO - __main__ - <mask> had been a <mask>.
07/15/2022 11:20:01 - INFO - __main__ - <mask>, the state who had been the one to bring me to <mask>.
07/15/2022 11:20:01 - INFO - __main__ - <mask>, the old man, and <mask>.
07/15/2022 11:20:01 - INFO - __main__ - <mask>, i'm going to make you a <mask>.
07/15/2022 11:20:01 - INFO - __main__ - <mask>'s room was a <mask>.
07/15/2022 11:20:01 - INFO - __main__ - <mask>'s office was a <mask>.
07/15/2022 11:20:01 - INFO - __main__ - <mask> was a small, but well-appointed, <mask>.
07/15/2022 11:20:01 - INFO - __main__ - <mask> was a small town with a small <mask>.
07/15/2022 11:20:01 - INFO - __main__ - <mask> was a <mask>.
07/15/2022 11:20:01 - INFO - __main__ - <mask> was a large room with a large <mask>.
07/15/2022 11:20:01 - INFO - __main__ - ****************************
07/15/2022 11:20:01 - INFO - __main__ - *********References*********
07/15/2022 11:20:01 - INFO - __main__ - ['<mask> was delievered to <mask>.']
07/15/2022 11:20:01 - INFO - __main__ - ****************************
07/15/2022 11:20:37 - INFO - __main__ - ***********Input************
07/15/2022 11:20:37 - INFO - __main__ - i grew up with <mask> in a <mask> .
07/15/2022 11:20:37 - INFO - __main__ - *********Hypothesis*********
07/15/2022 11:20:37 - INFO - __main__ - <mask>, i'm from <mask>.
07/15/2022 11:20:37 - INFO - __main__ - <mask> and i were in a <mask>.
07/15/2022 11:20:37 - INFO - __main__ - <mask>, you are the only one who has ever been to a <mask>.
07/15/2022 11:20:37 - INFO - __main__ - <mask>, i'm going to the old <mask>.
07/15/2022 11:20:37 - INFO - __main__ - <mask>, i'm going to a <mask>.
07/15/2022 11:20:37 - INFO - __main__ - <mask>'s eyes were wide as she looked at the beautiful <mask>.
07/15/2022 11:20:37 - INFO - __main__ - <mask> was a young woman from a <mask>.
07/15/2022 11:20:37 - INFO - __main__ - <mask> had been born in a <mask>.
07/15/2022 11:20:37 - INFO - __main__ - <mask> had been a very good friend of mine in <mask>.
07/15/2022 11:20:37 - INFO - __main__ - <mask> and i were walking down the street in a <mask>.
07/15/2022 11:20:37 - INFO - __main__ - ****************************
07/15/2022 11:20:37 - INFO - __main__ - *********References*********
07/15/2022 11:20:37 - INFO - __main__ - ['<mask> is contained in <mask>.']
07/15/2022 11:20:37 - INFO - __main__ - ****************************
07/15/2022 11:21:04 - INFO - __main__ - ***********Input************
07/15/2022 11:21:04 - INFO - __main__ - the brick is aligned with the <mask> of the repaired <mask> .
07/15/2022 11:21:04 - INFO - __main__ - *********Hypothesis*********
07/15/2022 11:21:04 - INFO - __main__ - <mask>, the north, the <mask>.
07/15/2022 11:21:04 - INFO - __main__ - <mask>, l5, l6, <mask>.
07/15/2022 11:21:04 - INFO - __main__ - <mask>) is a subgroup of <mask>.
07/15/2022 11:21:04 - INFO - __main__ - <mask> is a subgroup of <mask>.
07/15/2022 11:21:04 - INFO - __main__ - <mask>, l2, and <mask>.
07/15/2022 11:21:04 - INFO - __main__ - <mask> is the same as <mask>.
07/15/2022 11:21:04 - INFO - __main__ - <mask> is a subset of <mask>.
07/15/2022 11:21:04 - INFO - __main__ - <mask>, the north, the east, <mask>.
07/15/2022 11:21:04 - INFO - __main__ - <mask> b1 b3 b4 a5 <mask>.
07/15/2022 11:21:04 - INFO - __main__ - <mask> and b2 are the same as <mask>.
07/15/2022 11:21:04 - INFO - __main__ - ****************************
07/15/2022 11:21:04 - INFO - __main__ - *********References*********
07/15/2022 11:21:04 - INFO - __main__ - ['<mask> is the component of <mask>.']
07/15/2022 11:21:04 - INFO - __main__ - ****************************
07/15/2022 11:21:33 - INFO - __main__ - ***********Input************
07/15/2022 11:21:33 - INFO - __main__ - a <mask> who prepares baked <mask> as a profession is called a baker .
07/15/2022 11:21:33 - INFO - __main__ - *********Hypothesis*********
07/15/2022 11:21:33 - INFO - __main__ - <mask> is a <mask>.
07/15/2022 11:21:33 - INFO - __main__ - <mask> food is a <mask>.
07/15/2022 11:21:33 - INFO - __main__ - <mask> people, the <mask>.
07/15/2022 11:21:33 - INFO - __main__ - <mask> food is <mask>.
07/15/2022 11:21:33 - INFO - __main__ - <mask> was a language of <mask>.
07/15/2022 11:21:33 - INFO - __main__ - <mask> is the most common language in <mask>.
07/15/2022 11:21:33 - INFO - __main__ - <mask>, and the <mask>.
07/15/2022 11:21:33 - INFO - __main__ - <mask> people are not just <mask>.
07/15/2022 11:21:33 - INFO - __main__ - <mask> people are not <mask>.
07/15/2022 11:21:33 - INFO - __main__ - <mask> men were always buying <mask>.
07/15/2022 11:21:33 - INFO - __main__ - ****************************
07/15/2022 11:21:33 - INFO - __main__ - *********References*********
07/15/2022 11:21:33 - INFO - __main__ - ['<mask> is the producer of <mask>.']
07/15/2022 11:21:33 - INFO - __main__ - ****************************
07/15/2022 11:22:05 - INFO - __main__ - ***********Input************
07/15/2022 11:22:05 - INFO - __main__ - unit direct injection also injects fuel directly into the <mask> of the <mask> .
07/15/2022 11:22:05 - INFO - __main__ - *********Hypothesis*********
07/15/2022 11:22:05 - INFO - __main__ - <mask> is the most common version of <mask>.
07/15/2022 11:22:05 - INFO - __main__ - <mask> was a new model, a <mask>.
07/15/2022 11:22:05 - INFO - __main__ - <mask> is a very similar version of <mask>.
07/15/2022 11:22:05 - INFO - __main__ - <mask> : a new version of <mask>.
07/15/2022 11:22:05 - INFO - __main__ - <mask> was the last of the new <mask>.
07/15/2022 11:22:05 - INFO - __main__ - <mask> was the last of the original <mask>.
07/15/2022 11:22:05 - INFO - __main__ - <mask> is a free and open source software package for the linux kernel, version <mask>.
07/15/2022 11:22:05 - INFO - __main__ - <mask> is a version of <mask>.
07/15/2022 11:22:05 - INFO - __main__ - <mask> is a new version of <mask>.
07/15/2022 11:22:05 - INFO - __main__ - <mask> has been replaced by <mask>.
07/15/2022 11:22:05 - INFO - __main__ - ****************************
07/15/2022 11:22:05 - INFO - __main__ - *********References*********
07/15/2022 11:22:05 - INFO - __main__ - ['<mask> is the component of <mask>.']
07/15/2022 11:22:05 - INFO - __main__ - ****************************
07/15/2022 11:22:42 - INFO - __main__ - ***********Input************
07/15/2022 11:22:42 - INFO - __main__ - <mask> start by reading <mask> - called blueprints - that show how electricity flows .
07/15/2022 11:22:42 - INFO - __main__ - *********Hypothesis*********
07/15/2022 11:22:42 - INFO - __main__ - <mask> in the electricians <mask>.
07/15/2022 11:22:42 - INFO - __main__ - <mask> are a bunch of idiots, said <mask>.
07/15/2022 11:22:42 - INFO - __main__ - <mask> and their work <mask>.
07/15/2022 11:22:42 - INFO - __main__ - <mask>, i think, are making <mask>.
07/15/2022 11:22:42 - INFO - __main__ - <mask> and young adults are making <mask>.
07/15/2022 11:22:42 - INFO - __main__ - <mask>, you know, you have <mask>.
07/15/2022 11:22:42 - INFO - __main__ - <mask>, i'm not going to make <mask>.
07/15/2022 11:22:42 - INFO - __main__ - <mask> of the world, <mask>.
07/15/2022 11:22:42 - INFO - __main__ - <mask> had been born with <mask>.
07/15/2022 11:22:42 - INFO - __main__ - <mask> are not allowed to have <mask>.
07/15/2022 11:22:42 - INFO - __main__ - ****************************
07/15/2022 11:22:42 - INFO - __main__ - *********References*********
07/15/2022 11:22:42 - INFO - __main__ - ['<mask> is the instrument of <mask>.']
07/15/2022 11:22:42 - INFO - __main__ - ****************************
07/15/2022 11:23:16 - INFO - __main__ - ***********Input************
07/15/2022 11:23:16 - INFO - __main__ - the most common <mask> were about <mask> and recycling .
07/15/2022 11:23:16 - INFO - __main__ - *********Hypothesis*********
07/15/2022 11:23:16 - INFO - __main__ - <mask> were raised about <mask>.
07/15/2022 11:23:16 - INFO - __main__ - <mask> have been raised about <mask>.
07/15/2022 11:23:16 - INFO - __main__ - <mask>, i am <mask>.
07/15/2022 11:23:16 - INFO - __main__ - <mask>, i am a citizen of <mask>.
07/15/2022 11:23:16 - INFO - __main__ - <mask> to the question of <mask>.
07/15/2022 11:23:16 - INFO - __main__ - <mask> to questions about <mask>.
07/15/2022 11:23:16 - INFO - __main__ - <mask> the questions question, <mask>.
07/15/2022 11:23:16 - INFO - __main__ - <mask> the question of the <mask>.
07/15/2022 11:23:16 - INFO - __main__ - <mask> the question of <mask>.
07/15/2022 11:23:16 - INFO - __main__ - <mask> about the future of <mask>.
07/15/2022 11:23:16 - INFO - __main__ - ****************************
07/15/2022 11:23:16 - INFO - __main__ - *********References*********
07/15/2022 11:23:16 - INFO - __main__ - ['the topic of <mask> is <mask>.']
07/15/2022 11:23:16 - INFO - __main__ - ****************************
07/15/2022 11:23:55 - INFO - __main__ - ***********Input************
07/15/2022 11:23:55 - INFO - __main__ - as the <mask> sailed away from the <mask> one of the crew felt increasingly uneasy about some of the signs he observed .
07/15/2022 11:23:55 - INFO - __main__ - *********Hypothesis*********
07/15/2022 11:23:55 - INFO - __main__ - <mask>, the great, great, <mask>.
07/15/2022 11:23:55 - INFO - __main__ - <mask> ships were the most powerful ships in <mask>.
07/15/2022 11:23:55 - INFO - __main__ - <mask> had been a great success in <mask>.
07/15/2022 11:23:55 - INFO - __main__ - <mask> and other ships were in <mask>.
07/15/2022 11:23:55 - INFO - __main__ - <mask> and germany, and <mask>.
07/15/2022 11:23:55 - INFO - __main__ - <mask> was a land of <mask>.
07/15/2022 11:23:55 - INFO - __main__ - <mask>, the god of the moon, <mask>.
07/15/2022 11:23:55 - INFO - __main__ - <mask> wasn't the only one who 'd been born on <mask>.
07/15/2022 11:23:55 - INFO - __main__ - <mask> was a man of the dark side, a man who had been born on <mask>.
07/15/2022 11:23:55 - INFO - __main__ - <mask>, the french, the <mask>.
07/15/2022 11:23:55 - INFO - __main__ - ****************************
07/15/2022 11:23:55 - INFO - __main__ - *********References*********
07/15/2022 11:23:55 - INFO - __main__ - ['<mask> is originated from <mask>.']
07/15/2022 11:23:55 - INFO - __main__ - ****************************
07/15/2022 11:24:13 - INFO - __main__ - ***********Input************
07/15/2022 11:24:13 - INFO - __main__ - i 'm importing old document <mask> into the new <mask> .
07/15/2022 11:24:13 - INFO - __main__ - *********Hypothesis*********
07/15/2022 11:24:13 - INFO - __main__ - <mask> is the most common form of <mask>.
07/15/2022 11:24:13 - INFO - __main__ - <mask> is a special case of <mask>.
07/15/2022 11:24:13 - INFO - __main__ - <mask> is the most popular form of <mask>.
07/15/2022 11:24:13 - INFO - __main__ - <mask> is a form of <mask>.
07/15/2022 11:24:13 - INFO - __main__ - <mask> is a language that is not related to <mask>.
07/15/2022 11:24:13 - INFO - __main__ - <mask> has been replaced by <mask>.
07/15/2022 11:24:13 - INFO - __main__ - <mask> is a subset of <mask>.
07/15/2022 11:24:13 - INFO - __main__ - <mask> has been superseded by <mask>.
07/15/2022 11:24:13 - INFO - __main__ - <mask> and later, <mask>.
07/15/2022 11:24:13 - INFO - __main__ - <mask> is a version of <mask>.
07/15/2022 11:24:13 - INFO - __main__ - ****************************
07/15/2022 11:24:13 - INFO - __main__ - *********References*********
07/15/2022 11:24:13 - INFO - __main__ - ['<mask> was delievered to <mask>.']
07/15/2022 11:24:13 - INFO - __main__ - ****************************
07/15/2022 11:24:52 - INFO - __main__ - ***********Input************
07/15/2022 11:24:52 - INFO - __main__ - he gave two <mask> to each <mask> .
07/15/2022 11:24:52 - INFO - __main__ - *********Hypothesis*********
07/15/2022 11:24:52 - INFO - __main__ - <mask> and other titles were given to the <mask>.
07/15/2022 11:24:52 - INFO - __main__ - <mask> were not to be broken by a <mask>.
07/15/2022 11:24:52 - INFO - __main__ - <mask>, the king's <mask>.
07/15/2022 11:24:52 - INFO - __main__ - <mask> were given to the best <mask>.
07/15/2022 11:24:52 - INFO - __main__ - <mask> are awarded by <mask>.
07/15/2022 11:24:52 - INFO - __main__ - <mask> and other senior officials of the <mask>.
07/15/2022 11:24:52 - INFO - __main__ - <mask> was a very <mask>.
07/15/2022 11:24:52 - INFO - __main__ - <mask> is a <mask>.
07/15/2022 11:24:52 - INFO - __main__ - <mask> are not given to <mask>.
07/15/2022 11:24:52 - INFO - __main__ - <mask> and other titles were given to <mask>.
07/15/2022 11:24:52 - INFO - __main__ - ****************************
07/15/2022 11:24:52 - INFO - __main__ - *********References*********
07/15/2022 11:24:52 - INFO - __main__ - ['<mask> was delievered to <mask>.']
07/15/2022 11:24:52 - INFO - __main__ - ****************************
07/15/2022 11:25:26 - INFO - __main__ - ***********Input************
07/15/2022 11:25:26 - INFO - __main__ - the first native tea <mask> were those made in the early thirteenth century by the <mask> to-shiro at his kiln in seto , aichi prefecture .
07/15/2022 11:25:26 - INFO - __main__ - *********Hypothesis*********
07/15/2022 11:25:26 - INFO - __main__ - <mask> was a <mask>.
07/15/2022 11:25:26 - INFO - __main__ - <mask>'s voice was <mask>.
07/15/2022 11:25:26 - INFO - __main__ - <mask>, the name of the <mask>.
07/15/2022 11:25:26 - INFO - __main__ - <mask>, i think, said <mask>.
07/15/2022 11:25:26 - INFO - __main__ - <mask>, i think, <mask>.
07/15/2022 11:25:26 - INFO - __main__ - <mask> was the only language spoken in <mask>.
07/15/2022 11:25:26 - INFO - __main__ - <mask> soldiers were stationed in <mask>.
07/15/2022 11:25:26 - INFO - __main__ - <mask> is a very popular language in <mask>.
07/15/2022 11:25:26 - INFO - __main__ - <mask> is a lot like <mask>.
07/15/2022 11:25:26 - INFO - __main__ - <mask>, the most famous of <mask>.
07/15/2022 11:25:26 - INFO - __main__ - ****************************
07/15/2022 11:25:26 - INFO - __main__ - *********References*********
07/15/2022 11:25:26 - INFO - __main__ - ['<mask> is the producer of <mask>.']
07/15/2022 11:25:26 - INFO - __main__ - ****************************
07/15/2022 11:25:47 - INFO - __main__ - ***********Input************
07/15/2022 11:25:47 - INFO - __main__ - entrepreneur creates a <mask> over 'amber alert ' <mask> .
07/15/2022 11:25:47 - INFO - __main__ - *********Hypothesis*********
07/15/2022 11:25:47 - INFO - __main__ - <mask> is a very good way to get a good <mask>.
07/15/2022 11:25:47 - INFO - __main__ - <mask>, the internet, <mask>.
07/15/2022 11:25:47 - INFO - __main__ - <mask> and cell phones are available in the area, but not <mask>.
07/15/2022 11:25:47 - INFO - __main__ - <mask>, i said, holding up my <mask>.
07/15/2022 11:25:47 - INFO - __main__ - <mask>, i'm sorry, <mask>.
07/15/2022 11:25:47 - INFO - __main__ - <mask> : `` i'm <mask>.
07/15/2022 11:25:47 - INFO - __main__ - <mask> printing is a new technology that is being developed by <mask>.
07/15/2022 11:25:47 - INFO - __main__ - <mask> is the only way to get <mask>.
07/15/2022 11:25:47 - INFO - __main__ - <mask> glasses are the most common type of <mask>.
07/15/2022 11:25:47 - INFO - __main__ - <mask> and 4d are the same as <mask>.
07/15/2022 11:25:47 - INFO - __main__ - ****************************
07/15/2022 11:25:47 - INFO - __main__ - *********References*********
07/15/2022 11:25:47 - INFO - __main__ - ['the topic of <mask> is <mask>.']
07/15/2022 11:25:47 - INFO - __main__ - ****************************
07/15/2022 11:26:29 - INFO - __main__ - ***********Input************
07/15/2022 11:26:29 - INFO - __main__ - <mask> support by <mask> has a long tradition in open and distance learning .
07/15/2022 11:26:29 - INFO - __main__ - *********Hypothesis*********
07/15/2022 11:26:29 - INFO - __main__ - <mask> students, and <mask>.
07/15/2022 11:26:29 - INFO - __main__ - <mask> education, and <mask>.
07/15/2022 11:26:29 - INFO - __main__ - <mask> is a university of <mask>.
07/15/2022 11:26:29 - INFO - __main__ - <mask>, and is <mask>.
07/15/2022 11:26:29 - INFO - __main__ - <mask> of the education of <mask>.
07/15/2022 11:26:29 - INFO - __main__ - <mask> education of the and <mask>.
07/15/2022 11:26:29 - INFO - __main__ - <mask> and is <mask>.
07/15/2022 11:26:29 - INFO - __main__ - <mask> is a member of <mask>.
07/15/2022 11:26:29 - INFO - __main__ - <mask> library of <mask>.
07/15/2022 11:26:29 - INFO - __main__ - <mask> archive at the library of <mask>.
07/15/2022 11:26:29 - INFO - __main__ - ****************************
07/15/2022 11:26:29 - INFO - __main__ - *********References*********
07/15/2022 11:26:29 - INFO - __main__ - ['<mask> is the instrument of <mask>.']
07/15/2022 11:26:29 - INFO - __main__ - ****************************
07/15/2022 11:27:10 - INFO - __main__ - ***********Input************
07/15/2022 11:27:10 - INFO - __main__ - hiroshima has rejected the demands of some citizens and victims groups that the newly renovated museum include an exhibition on japan 's `` aggressive role '' in world war ii , alongside the gruesome displays of the <mask> and devastation caused by the <mask> .
07/15/2022 11:27:10 - INFO - __main__ - *********Hypothesis*********
07/15/2022 11:27:10 - INFO - __main__ - <mask>, the war, the plague <mask>.
07/15/2022 11:27:10 - INFO - __main__ - <mask>, the war, the <mask>.
07/15/2022 11:27:10 - INFO - __main__ - <mask>, the war, and <mask>.
07/15/2022 11:27:10 - INFO - __main__ - <mask>, and the other, <mask>.
07/15/2022 11:27:10 - INFO - __main__ - <mask>, and the other <mask>.
07/15/2022 11:27:10 - INFO - __main__ - <mask> is a term used by many <mask>.
07/15/2022 11:27:10 - INFO - __main__ - <mask> and the <mask>.
07/15/2022 11:27:10 - INFO - __main__ - <mask> and genocide, and the <mask>.
07/15/2022 11:27:10 - INFO - __main__ - <mask> wasn't a big deal to <mask>.
07/15/2022 11:27:10 - INFO - __main__ - <mask>, the war, <mask>.
07/15/2022 11:27:10 - INFO - __main__ - ****************************
07/15/2022 11:27:10 - INFO - __main__ - *********References*********
07/15/2022 11:27:10 - INFO - __main__ - ['<mask> causes <mask>.']
07/15/2022 11:27:10 - INFO - __main__ - ****************************
07/15/2022 11:27:49 - INFO - __main__ - ***********Input************
07/15/2022 11:27:49 - INFO - __main__ - the <mask> was in a <mask> on the back of the wagon , and cold as it was , mr. huy waded to the wagon and fed it that night and the next morning .
07/15/2022 11:27:49 - INFO - __main__ - *********Hypothesis*********
07/15/2022 11:27:49 - INFO - __main__ - <mask>'s eyes were wide as he stared at the empty <mask>.
07/15/2022 11:27:49 - INFO - __main__ - <mask>'s eyes widened as he looked at <mask>.
07/15/2022 11:27:49 - INFO - __main__ - <mask>'s eyes were wide as he stared at the man in the <mask>.
07/15/2022 11:27:49 - INFO - __main__ - <mask> wasn't sure what to make of the man in the <mask>.
07/15/2022 11:27:49 - INFO - __main__ - <mask>, youre not a <mask>.
07/15/2022 11:27:49 - INFO - __main__ - <mask>, i'm going to <mask>.
07/15/2022 11:27:49 - INFO - __main__ - <mask>, i'm going to get you a <mask>.
07/15/2022 11:27:49 - INFO - __main__ - <mask>'s eyes widened as he looked at the man in the <mask>.
07/15/2022 11:27:49 - INFO - __main__ - <mask>'s eyes were wide, and he was staring at the empty <mask>.
07/15/2022 11:27:49 - INFO - __main__ - <mask>, you're not going to be able to get out of this <mask>.
07/15/2022 11:27:49 - INFO - __main__ - ****************************
07/15/2022 11:27:49 - INFO - __main__ - *********References*********
07/15/2022 11:27:49 - INFO - __main__ - ['<mask> is contained in <mask>.']
07/15/2022 11:27:49 - INFO - __main__ - ****************************
07/15/2022 11:28:21 - INFO - __main__ - ***********Input************
07/15/2022 11:28:21 - INFO - __main__ - in ionic conduction charge carriers are affected by the electromagnetic <mask> from the <mask> by being attracted or repelled by the electric field .
07/15/2022 11:28:21 - INFO - __main__ - *********Hypothesis*********
07/15/2022 11:28:21 - INFO - __main__ - <mask> had been the only thing that had kept him from crashing into <mask>.
07/15/2022 11:28:21 - INFO - __main__ - <mask> and i were in the middle of a conversation about the future of <mask>.
07/15/2022 11:28:21 - INFO - __main__ - <mask> is the only way to get to <mask>.
07/15/2022 11:28:21 - INFO - __main__ - <mask>'s eyes were wide as he looked at the <mask>.
07/15/2022 11:28:21 - INFO - __main__ - <mask>, i'm not going to let you go back to <mask>.
07/15/2022 11:28:21 - INFO - __main__ - <mask> had been a great help to him when he was on <mask>.
07/15/2022 11:28:21 - INFO - __main__ - <mask>, the field of the sun, <mask>.
07/15/2022 11:28:21 - INFO - __main__ - <mask>, the field of the <mask>.
07/15/2022 11:28:21 - INFO - __main__ - <mask> was a small, dark-skinned man who had been born on <mask>.
07/15/2022 11:28:21 - INFO - __main__ - <mask> is the most powerful force on <mask>.
07/15/2022 11:28:21 - INFO - __main__ - ****************************
07/15/2022 11:28:21 - INFO - __main__ - *********References*********
07/15/2022 11:28:21 - INFO - __main__ - ['<mask> causes <mask>.']
07/15/2022 11:28:21 - INFO - __main__ - ****************************
07/15/2022 11:29:05 - INFO - __main__ - ***********Input************
07/15/2022 11:29:05 - INFO - __main__ - the <mask> are concerned with <mask> of speaking the language .
07/15/2022 11:29:05 - INFO - __main__ - *********Hypothesis*********
07/15/2022 11:29:05 - INFO - __main__ - <mask> were the only ones who were not part of <mask>.
07/15/2022 11:29:05 - INFO - __main__ - <mask> had been <mask>.
07/15/2022 11:29:05 - INFO - __main__ - <mask> had been the mainstay of <mask>.
07/15/2022 11:29:05 - INFO - __main__ - <mask> had been a mainstay of <mask>.
07/15/2022 11:29:05 - INFO - __main__ - <mask>, they were <mask>.
07/15/2022 11:29:05 - INFO - __main__ - <mask> have been in <mask>.
07/15/2022 11:29:05 - INFO - __main__ - <mask>, i said, <mask>.
07/15/2022 11:29:05 - INFO - __main__ - <mask> and other people were in <mask>.
07/15/2022 11:29:05 - INFO - __main__ - <mask> are not allowed to be in <mask>.
07/15/2022 11:29:05 - INFO - __main__ - <mask> were not <mask>.
07/15/2022 11:29:05 - INFO - __main__ - ****************************
07/15/2022 11:29:05 - INFO - __main__ - *********References*********
07/15/2022 11:29:05 - INFO - __main__ - ['the topic of <mask> is <mask>.']
07/15/2022 11:29:05 - INFO - __main__ - ****************************
07/15/2022 11:29:38 - INFO - __main__ - ***********Input************
07/15/2022 11:29:38 - INFO - __main__ - the bottles have leaked <mask> into the <mask> .
07/15/2022 11:29:38 - INFO - __main__ - *********Hypothesis*********
07/15/2022 11:29:38 - INFO - __main__ - <mask> of africa's <mask>.
07/15/2022 11:29:38 - INFO - __main__ - <mask> of africa <mask>.
07/15/2022 11:29:38 - INFO - __main__ - <mask> are from the united states of <mask>.
07/15/2022 11:29:38 - INFO - __main__ - <mask> of all the world's population live in <mask>.
07/15/2022 11:29:38 - INFO - __main__ - <mask> of the population was born in <mask>.
07/15/2022 11:29:38 - INFO - __main__ - <mask>, the highest percentage in <mask>.
07/15/2022 11:29:38 - INFO - __main__ - <mask> of the world's population live in <mask>.
07/15/2022 11:29:38 - INFO - __main__ - <mask> of the population of the country is living in <mask>.
07/15/2022 11:29:38 - INFO - __main__ - <mask> of the population is <mask>.
07/15/2022 11:29:38 - INFO - __main__ - <mask> of the population is from <mask>.
07/15/2022 11:29:38 - INFO - __main__ - ****************************
07/15/2022 11:29:38 - INFO - __main__ - *********References*********
07/15/2022 11:29:38 - INFO - __main__ - ['<mask> was delievered to <mask>.']
07/15/2022 11:29:38 - INFO - __main__ - ****************************
07/15/2022 11:30:05 - INFO - __main__ - ***********Input************
07/15/2022 11:30:05 - INFO - __main__ - the <mask> is going away from the <mask> , pushing its cars to gain elevation .
07/15/2022 11:30:05 - INFO - __main__ - *********Hypothesis*********
07/15/2022 11:30:05 - INFO - __main__ - <mask>, i'm going to <mask>.
07/15/2022 11:30:05 - INFO - __main__ - <mask> had been a good friend of <mask>.
07/15/2022 11:30:05 - INFO - __main__ - <mask> soldiers were coming to help <mask>.
07/15/2022 11:30:05 - INFO - __main__ - <mask> people are not the only ones who have been affected by <mask>.
07/15/2022 11:30:05 - INFO - __main__ - <mask> is the most common form of <mask>.
07/15/2022 11:30:05 - INFO - __main__ - <mask> is a subunit of <mask>.
07/15/2022 11:30:05 - INFO - __main__ - <mask> has been shown to interact with <mask>.
07/15/2022 11:30:05 - INFO - __main__ - <mask> was a good friend of <mask>.
07/15/2022 11:30:05 - INFO - __main__ - <mask> had been driving a <mask>.
07/15/2022 11:30:05 - INFO - __main__ - <mask> is a good way to get <mask>.
07/15/2022 11:30:05 - INFO - __main__ - ****************************
07/15/2022 11:30:05 - INFO - __main__ - *********References*********
07/15/2022 11:30:05 - INFO - __main__ - ['<mask> is originated from <mask>.']
07/15/2022 11:30:05 - INFO - __main__ - ****************************
07/15/2022 11:30:28 - INFO - __main__ - ***********Input************
07/15/2022 11:30:28 - INFO - __main__ - they chose a <mask> that oven bakes the paint in a down draft paint <mask> .
07/15/2022 11:30:28 - INFO - __main__ - *********Hypothesis*********
07/15/2022 11:30:28 - INFO - __main__ - <mask> has been replaced by <mask>.
07/15/2022 11:30:28 - INFO - __main__ - <mask>, pva, pa <mask>.
07/15/2022 11:30:28 - INFO - __main__ - <mask>, i'm sorry, <mask>.
07/15/2022 11:30:28 - INFO - __main__ - <mask> is a variant of the <mask>.
07/15/2022 11:30:28 - INFO - __main__ - <mask> was a small town in <mask>.
07/15/2022 11:30:28 - INFO - __main__ - <mask>, alexander, and <mask>.
07/15/2022 11:30:28 - INFO - __main__ - <mask> is a <mask>.
07/15/2022 11:30:28 - INFO - __main__ - <mask>, printer, and printer <mask>.
07/15/2022 11:30:28 - INFO - __main__ - <mask> is a technology that uses a printer to print a <mask>.
07/15/2022 11:30:28 - INFO - __main__ - <mask> and printer-to-table software is available for <mask>.
07/15/2022 11:30:28 - INFO - __main__ - ****************************
07/15/2022 11:30:28 - INFO - __main__ - *********References*********
07/15/2022 11:30:28 - INFO - __main__ - ['<mask> is the instrument of <mask>.']
07/15/2022 11:30:28 - INFO - __main__ - ****************************
07/15/2022 11:31:03 - INFO - __main__ - ***********Input************
07/15/2022 11:31:03 - INFO - __main__ - the <mask> carefully chose <mask> to be used in a nihilistic approach to style .
07/15/2022 11:31:03 - INFO - __main__ - *********Hypothesis*********
07/15/2022 11:31:03 - INFO - __main__ - <mask>, the menshevik, <mask>.
07/15/2022 11:31:03 - INFO - __main__ - <mask> are not <mask>.
07/15/2022 11:31:03 - INFO - __main__ - <mask> and the <mask>.
07/15/2022 11:31:03 - INFO - __main__ - <mask>, and the <mask>.
07/15/2022 11:31:03 - INFO - __main__ - <mask>, he said, and i was <mask>.
07/15/2022 11:31:03 - INFO - __main__ - <mask> are a very different people from <mask>.
07/15/2022 11:31:03 - INFO - __main__ - <mask>, a dictionary of <mask>.
07/15/2022 11:31:03 - INFO - __main__ - <mask>, the greats, and <mask>.
07/15/2022 11:31:03 - INFO - __main__ - <mask> and other <mask>.
07/15/2022 11:31:03 - INFO - __main__ - <mask>, galian, and <mask>.
07/15/2022 11:31:03 - INFO - __main__ - ****************************
07/15/2022 11:31:03 - INFO - __main__ - *********References*********
07/15/2022 11:31:03 - INFO - __main__ - ['<mask> is the instrument of <mask>.']
07/15/2022 11:31:03 - INFO - __main__ - ****************************
07/15/2022 11:31:31 - INFO - __main__ - ***********Input************
07/15/2022 11:31:31 - INFO - __main__ - the cost of <mask> delivered in a vessel <mask> is always high .
07/15/2022 11:31:31 - INFO - __main__ - *********Hypothesis*********
07/15/2022 11:31:31 - INFO - __main__ - <mask>, the company that owns <mask>.
07/15/2022 11:31:31 - INFO - __main__ - <mask> is a brand of <mask>.
07/15/2022 11:31:31 - INFO - __main__ - <mask> is the same as <mask>.
07/15/2022 11:31:31 - INFO - __main__ - <mask> is a special case of <mask>.
07/15/2022 11:31:31 - INFO - __main__ - <mask> is the number of the number <mask>.
07/15/2022 11:31:31 - INFO - __main__ - <mask> is the most common form of <mask>.
07/15/2022 11:31:31 - INFO - __main__ - <mask> is the abbreviation for <mask>.
07/15/2022 11:31:31 - INFO - __main__ - <mask> : i'm not <mask>.
07/15/2022 11:31:31 - INFO - __main__ - <mask> and then <mask>.
07/15/2022 11:31:31 - INFO - __main__ - <mask>, a1, and <mask>.
07/15/2022 11:31:31 - INFO - __main__ - ****************************
07/15/2022 11:31:31 - INFO - __main__ - *********References*********
07/15/2022 11:31:31 - INFO - __main__ - ['<mask> is contained in <mask>.']
07/15/2022 11:31:31 - INFO - __main__ - ****************************
07/15/2022 11:32:06 - INFO - __main__ - ***********Input************
07/15/2022 11:32:06 - INFO - __main__ - the <mask> was full of furry orange-and-black <mask> -- kittens .
07/15/2022 11:32:06 - INFO - __main__ - *********Hypothesis*********
07/15/2022 11:32:06 - INFO - __main__ - <mask> was a <mask>.
07/15/2022 11:32:06 - INFO - __main__ - <mask>, the man said, his voice <mask>.
07/15/2022 11:32:06 - INFO - __main__ - <mask> is a place for <mask>.
07/15/2022 11:32:06 - INFO - __main__ - <mask>, i'm sorry <mask>.
07/15/2022 11:32:06 - INFO - __main__ - <mask>, i'm going to get you a <mask>.
07/15/2022 11:32:06 - INFO - __main__ - <mask> was a good place to start, <mask>.
07/15/2022 11:32:06 - INFO - __main__ - <mask> is the only one who can understand <mask>.
07/15/2022 11:32:06 - INFO - __main__ - <mask> had been a good friend of <mask>.
07/15/2022 11:32:06 - INFO - __main__ - <mask>, a place for <mask>.
07/15/2022 11:32:06 - INFO - __main__ - <mask> students were allowed to wear <mask>.
07/15/2022 11:32:06 - INFO - __main__ - ****************************
07/15/2022 11:32:06 - INFO - __main__ - *********References*********
07/15/2022 11:32:06 - INFO - __main__ - ['<mask> is contained in <mask>.']
07/15/2022 11:32:06 - INFO - __main__ - ****************************
07/15/2022 11:32:07 - INFO - __main__ - Task: semeval
07/15/2022 11:32:07 - INFO - __main__ - bleu-4: 5.8019279735244545e-80
07/15/2022 11:32:07 - INFO - __main__ - bleu-3: 0.0036197288001850758
07/15/2022 11:32:07 - INFO - __main__ - bleu-2: 0.06656047677454864
07/15/2022 11:32:07 - INFO - __main__ - bleu-1: 0.3290502837145685
07/15/2022 11:32:07 - INFO - __main__ - METEOR: 0.2540913506582035
07/15/2022 11:32:07 - INFO - __main__ - ROUGE-L: 0.4239266749571187
07/15/2022 11:32:07 - INFO - __main__ - entailment score(mean-mean): 0.12904627687613862
07/15/2022 11:32:07 - INFO - __main__ - entailment score(mean-max): 0.4969250871903367
07/15/2022 11:32:07 - INFO - __main__ - entailment score(mean-min): 0.0020965343401864326
07/15/2022 11:32:07 - INFO - __main__ - self-BLEU-2: 0.8795089290064856
07/15/2022 11:32:07 - INFO - __main__ - avg: 0.17954141915077074
07/15/2022 11:32:07 - INFO - __main__ - *******************************************************
07/15/2022 11:32:07 - INFO - __main__ - *******************************************************
07/15/2022 11:32:07 - INFO - __main__ - *******************************************************
