07/05/2022 13:48:58 - INFO - __main__ - **************** MODEL CONFIGURATION ****************
07/05/2022 13:48:58 - INFO - __main__ - bart_training             -->   True
07/05/2022 13:48:58 - INFO - __main__ - device                    -->   5
07/05/2022 13:48:58 - INFO - __main__ - group_beam                -->   True
07/05/2022 13:48:58 - INFO - __main__ - if_then                   -->   False
07/05/2022 13:48:58 - INFO - __main__ - inductor                  -->   rule
07/05/2022 13:48:58 - INFO - __main__ - log_dir                   -->   logs_new/
07/05/2022 13:48:58 - INFO - __main__ - log_name                  -->   semeval+cgb+dpp
07/05/2022 13:48:58 - INFO - __main__ - mlm_training              -->   True
07/05/2022 13:48:58 - INFO - __main__ - task                      -->   semeval
07/05/2022 13:48:58 - INFO - __main__ - **************** MODEL CONFIGURATION ****************
07/05/2022 13:50:49 - INFO - __main__ - ***********Input************
07/05/2022 13:50:49 - INFO - __main__ - much of the <mask> evaporated from the <mask> without ever reaching the ground .
07/05/2022 13:50:49 - INFO - __main__ - *********Hypothesis*********
07/05/2022 13:50:49 - INFO - __main__ - <mask>'s magnetic field is much stronger than that of its <mask>.
07/05/2022 13:50:49 - INFO - __main__ - <mask> is the only planet that has a magnetic field that is stronger than that of our <mask>.
07/05/2022 13:50:49 - INFO - __main__ - <mask> has a much larger mass than our <mask>.
07/05/2022 13:50:49 - INFO - __main__ - <mask> is a young boy who is sent to <mask>.
07/05/2022 13:50:49 - INFO - __main__ - <mask> is moving further away from the <mask>.
07/05/2022 13:50:49 - INFO - __main__ - <mask>'s orbit is inclined to the north, due to its proximity to its <mask>.
07/05/2022 13:50:49 - INFO - __main__ - <mask> has an atmosphere that is much hotter than our <mask>.
07/05/2022 13:50:49 - INFO - __main__ - <mask>'s father is a scientist who has been sent to <mask>.
07/05/2022 13:50:49 - INFO - __main__ - <mask> is a planet orbiting the star <mask>.
07/05/2022 13:50:49 - INFO - __main__ - <mask> is the only one of the group who has survived the crash and returns to <mask>.
07/05/2022 13:50:49 - INFO - __main__ - ****************************
07/05/2022 13:50:49 - INFO - __main__ - *********References*********
07/05/2022 13:50:49 - INFO - __main__ - ['<mask> is originated from <mask>.']
07/05/2022 13:50:49 - INFO - __main__ - ****************************
07/05/2022 13:51:03 - INFO - __main__ - ***********Input************
07/05/2022 13:51:03 - INFO - __main__ - dolf oehler , a leader in the leftist <mask> of heine <mask> since the 1970s , gathered a group of likeminded critics for this symposium .
07/05/2022 13:51:03 - INFO - __main__ - *********Hypothesis*********
07/05/2022 13:51:03 - INFO - __main__ - <mask>: das neue <mask>.
07/05/2022 13:51:03 - INFO - __main__ - <mask> school: das neue <mask>.
07/05/2022 13:51:03 - INFO - __main__ - <mask> school of art: die deutsche <mask>.
07/05/2022 13:51:03 - INFO - __main__ - <mask> of art: die deutsche <mask>.
07/05/2022 13:51:03 - INFO - __main__ - <mask>.:: die deutsche <mask>.
07/05/2022 13:51:03 - INFO - __main__ - <mask> school: die deutsche <mask>.
07/05/2022 13:51:03 - INFO - __main__ - <mask>: die deutsche <mask>.
07/05/2022 13:51:03 - INFO - __main__ - <mask>.: die deutsche <mask>.
07/05/2022 13:51:03 - INFO - __main__ - <mask>-wing parties were not allowed to participate in the elections in <mask>.
07/05/2022 13:51:03 - INFO - __main__ - <mask> and the reformation in <mask>.
07/05/2022 13:51:03 - INFO - __main__ - ****************************
07/05/2022 13:51:03 - INFO - __main__ - *********References*********
07/05/2022 13:51:03 - INFO - __main__ - ['<mask> is the collection of <mask>.']
07/05/2022 13:51:03 - INFO - __main__ - ****************************
07/05/2022 13:51:16 - INFO - __main__ - ***********Input************
07/05/2022 13:51:16 - INFO - __main__ - the cornish pirates have signed a <mask> to tackle <mask> as part of their commitment to save energy and reduce their environmental footprint .
07/05/2022 13:51:16 - INFO - __main__ - *********Hypothesis*********
07/05/2022 13:51:16 - INFO - __main__ - <mask> to be a part of <mask>.
07/05/2022 13:51:16 - INFO - __main__ - <mask> is a compilation album by <mask>.
07/05/2022 13:51:16 - INFO - __main__ - <mask> was a member of the group <mask>.
07/05/2022 13:51:16 - INFO - __main__ - <mask> to fight <mask>.
07/05/2022 13:51:16 - INFO - __main__ - <mask> to protect <mask>.
07/05/2022 13:51:16 - INFO - __main__ - <mask> is a global campaign to raise awareness of <mask>.
07/05/2022 13:51:16 - INFO - __main__ - <mask> was a major contributor to the establishment of <mask>.
07/05/2022 13:51:16 - INFO - __main__ - <mask> is a peer-reviewed scientific journal covering <mask>.
07/05/2022 13:51:16 - INFO - __main__ - <mask> to the future: the impact of <mask>.
07/05/2022 13:51:16 - INFO - __main__ - <mask> to the <mask>.
07/05/2022 13:51:16 - INFO - __main__ - ****************************
07/05/2022 13:51:16 - INFO - __main__ - *********References*********
07/05/2022 13:51:16 - INFO - __main__ - ['the topic of <mask> is <mask>.']
07/05/2022 13:51:16 - INFO - __main__ - ****************************
07/05/2022 13:51:26 - INFO - __main__ - ***********Input************
07/05/2022 13:51:26 - INFO - __main__ - the <mask> of the <mask> is lined with more than 3 cm thick castable refractory material .
07/05/2022 13:51:26 - INFO - __main__ - *********Hypothesis*********
07/05/2022 13:51:26 - INFO - __main__ - <mask>'s main objective is to destroy the entire <mask>.
07/05/2022 13:51:26 - INFO - __main__ - <mask> is the only known planet to have a higher <mask>.
07/05/2022 13:51:26 - INFO - __main__ - <mask> is a member of the fictional superhero team <mask>.
07/05/2022 13:51:26 - INFO - __main__ - <mask> is a small planet orbiting the star <mask>.
07/05/2022 13:51:26 - INFO - __main__ - <mask>im is a small planet orbiting the star <mask>.
07/05/2022 13:51:26 - INFO - __main__ - <mask> was not the only one who was interested in the <mask>.
07/05/2022 13:51:26 - INFO - __main__ - <mask> the only known planet to have a <mask>.
07/05/2022 13:51:26 - INFO - __main__ - <mask> main objective is to destroy the entire <mask>.
07/05/2022 13:51:26 - INFO - __main__ - <mask> is the largest commercial bank in the whole <mask>.
07/05/2022 13:51:26 - INFO - __main__ - <mask>'s father is a former member of <mask>.
07/05/2022 13:51:26 - INFO - __main__ - ****************************
07/05/2022 13:51:26 - INFO - __main__ - *********References*********
07/05/2022 13:51:26 - INFO - __main__ - ['<mask> is the component of <mask>.']
07/05/2022 13:51:26 - INFO - __main__ - ****************************
07/05/2022 13:51:32 - INFO - __main__ - ***********Input************
07/05/2022 13:51:32 - INFO - __main__ - the <mask> , made up of one or more <mask> , encloses an ovary that contains the ovules , or potential seeds .
07/05/2022 13:51:32 - INFO - __main__ - *********Hypothesis*********
07/05/2022 13:51:32 - INFO - __main__ - <mask> cells are the cells that produce the <mask>.
07/05/2022 13:51:32 - INFO - __main__ - <mask> gland cells are the cells that produce the <mask>.
07/05/2022 13:51:32 - INFO - __main__ - <mask> glands are located on the <mask>.
07/05/2022 13:51:32 - INFO - __main__ - <mask> wall cells are cells in the <mask>.
07/05/2022 13:51:32 - INFO - __main__ - <mask> glands are located on the underside of the <mask>.
07/05/2022 13:51:32 - INFO - __main__ - ovaries are located in the <mask>, and the <mask>.
07/05/2022 13:51:32 - INFO - __main__ - <mask> cells) and the <mask>.
07/05/2022 13:51:32 - INFO - __main__ - <mask> cells are the cells that are produced by the <mask>.
07/05/2022 13:51:32 - INFO - __main__ - <mask>s) is a genus of <mask>.
07/05/2022 13:51:32 - INFO - __main__ - <mask> cells) are the cells that are produced by the <mask>.
07/05/2022 13:51:32 - INFO - __main__ - ****************************
07/05/2022 13:51:32 - INFO - __main__ - *********References*********
07/05/2022 13:51:32 - INFO - __main__ - ['<mask> is the component of <mask>.']
07/05/2022 13:51:32 - INFO - __main__ - ****************************
07/05/2022 13:51:44 - INFO - __main__ - ***********Input************
07/05/2022 13:51:44 - INFO - __main__ - <mask> appear by <mask> when circumstances prevent their appearance in person .
07/05/2022 13:51:44 - INFO - __main__ - *********Hypothesis*********
07/05/2022 13:51:44 - INFO - __main__ - <mask>ers can communicate with their friends via <mask>.
07/05/2022 13:51:44 - INFO - __main__ - <mask> can communicate with their friends via <mask>.
07/05/2022 13:51:44 - INFO - __main__ - <mask> are portrayed in a variety of ways, including using <mask>.
07/05/2022 13:51:44 - INFO - __main__ - <mask> are both rendered in <mask>.
07/05/2022 13:51:44 - INFO - __main__ - <mask> are often used to create a <mask>.
07/05/2022 13:51:44 - INFO - __main__ - <mask> and the fantastic four are portrayed in <mask>.
07/05/2022 13:51:44 - INFO - __main__ - <mask> is a series of comic books that are published by <mask>.
07/05/2022 13:51:44 - INFO - __main__ - <mask> are often used to create <mask>.
07/05/2022 13:51:44 - INFO - __main__ - <mask> and other characters are often used to create <mask>.
07/05/2022 13:51:44 - INFO - __main__ - <mask> are able to communicate with each other via <mask>.
07/05/2022 13:51:44 - INFO - __main__ - ****************************
07/05/2022 13:51:44 - INFO - __main__ - *********References*********
07/05/2022 13:51:44 - INFO - __main__ - ['<mask> is the instrument of <mask>.']
07/05/2022 13:51:44 - INFO - __main__ - ****************************
07/05/2022 13:51:54 - INFO - __main__ - ***********Input************
07/05/2022 13:51:54 - INFO - __main__ - most of the <mask> has been about the <mask> he used .
07/05/2022 13:51:54 - INFO - __main__ - *********Hypothesis*********
07/05/2022 13:51:54 - INFO - __main__ - <mask> studies are taught in the school, and the school teaches <mask>.
07/05/2022 13:51:54 - INFO - __main__ - <mask> and the holy spirit: a study in <mask>.
07/05/2022 13:51:54 - INFO - __main__ - <mask> translations of the psalms are often used to teach <mask>.
07/05/2022 13:51:54 - INFO - __main__ - <mask> studies are taught in the school, and the school teaches a <mask>.
07/05/2022 13:51:54 - INFO - __main__ - <mask> stories are often told in the form of a <mask>.
07/05/2022 13:51:54 - INFO - __main__ - <mask> translations of the psalms are often used to teach the <mask>.
07/05/2022 13:51:54 - INFO - __main__ - <mask>: the bible is the only source for the <mask>.
07/05/2022 13:51:54 - INFO - __main__ - <mask>, and the use of the <mask>.
07/05/2022 13:51:54 - INFO - __main__ - <mask> studies: the study of the scriptures, especially <mask>.
07/05/2022 13:51:54 - INFO - __main__ - <mask> verses are often sung in the style of <mask>.
07/05/2022 13:51:54 - INFO - __main__ - ****************************
07/05/2022 13:51:54 - INFO - __main__ - *********References*********
07/05/2022 13:51:54 - INFO - __main__ - ['the topic of <mask> is <mask>.']
07/05/2022 13:51:54 - INFO - __main__ - ****************************
07/05/2022 13:52:07 - INFO - __main__ - ***********Input************
07/05/2022 13:52:07 - INFO - __main__ - a <mask> of pygmy <mask> is now a critical economic mainstay , even as generations of migrants develop innovative tourism products and create new export markets .
07/05/2022 13:52:07 - INFO - __main__ - *********Hypothesis*********
07/05/2022 13:52:07 - INFO - __main__ - <mask> officials have stated that the park is not a refuge for <mask>.
07/05/2022 13:52:07 - INFO - __main__ - <mask> is a popular destination for tourists and <mask>.
07/05/2022 13:52:07 - INFO - __main__ - <mask> officials were concerned about the potential for violence against <mask>.
07/05/2022 13:52:07 - INFO - __main__ - <mask>: the great pyramid of <mask>.
07/05/2022 13:52:07 - INFO - __main__ - <mask> officials have been criticized for their treatment of <mask>.
07/05/2022 13:52:07 - INFO - __main__ - <mask> status is granted to the site because it is a sacred site to the ancient <mask>.
07/05/2022 13:52:07 - INFO - __main__ - <mask>, which is home to a large population of <mask>.
07/05/2022 13:52:07 - INFO - __main__ - <mask> of the pyramids of <mask>.
07/05/2022 13:52:07 - INFO - __main__ - <mask> management has been criticized for its treatment of <mask>.
07/05/2022 13:52:07 - INFO - __main__ - <mask>, a list of monuments in <mask>.
07/05/2022 13:52:07 - INFO - __main__ - ****************************
07/05/2022 13:52:07 - INFO - __main__ - *********References*********
07/05/2022 13:52:07 - INFO - __main__ - ['<mask> is the collection of <mask>.']
07/05/2022 13:52:07 - INFO - __main__ - ****************************
07/05/2022 13:52:19 - INFO - __main__ - ***********Input************
07/05/2022 13:52:19 - INFO - __main__ - a human <mask> was found in a <mask> of menudo soup .
07/05/2022 13:52:19 - INFO - __main__ - *********Hypothesis*********
07/05/2022 13:52:19 - INFO - __main__ - <mask> and early modern <mask>.
07/05/2022 13:52:19 - INFO - __main__ - <mask>, the most common form of <mask>.
07/05/2022 13:52:19 - INFO - __main__ - <mask> culture is a sub-culture of the indigenous <mask>.
07/05/2022 13:52:19 - INFO - __main__ - <mask> and early modern humans american <mask>.
07/05/2022 13:52:19 - INFO - __main__ - <mask>-like creatures are found in the northern <mask>.
07/05/2022 13:52:19 - INFO - __main__ - <mask> melanogaster is a <mask>.
07/05/2022 13:52:19 - INFO - __main__ - <mask> was the only team to win the inaugural <mask>.
07/05/2022 13:52:19 - INFO - __main__ - <mask> won the inaugural edition of the prestigious <mask>.
07/05/2022 13:52:19 - INFO - __main__ - <mask>'s skull is the only known skull of a <mask>.
07/05/2022 13:52:19 - INFO - __main__ - <mask>, the only known species of <mask>.
07/05/2022 13:52:19 - INFO - __main__ - ****************************
07/05/2022 13:52:19 - INFO - __main__ - *********References*********
07/05/2022 13:52:19 - INFO - __main__ - ['<mask> is contained in <mask>.']
07/05/2022 13:52:19 - INFO - __main__ - ****************************
07/05/2022 13:52:29 - INFO - __main__ - ***********Input************
07/05/2022 13:52:29 - INFO - __main__ - skype , a free software , allows a <mask> of multiple computer <mask> to join in an online conference call without incurring any telephone costs .
07/05/2022 13:52:29 - INFO - __main__ - *********Hypothesis*********
07/05/2022 13:52:29 - INFO - __main__ - <mask> is a song by the band <mask>.
07/05/2022 13:52:29 - INFO - __main__ - <mask>'s corner is a community radio station owned by <mask>.
07/05/2022 13:52:29 - INFO - __main__ - <mask>'s guide to the world's most famous <mask>.
07/05/2022 13:52:29 - INFO - __main__ - <mask>-based networks are often referred to as "virtual <mask>.
07/05/2022 13:52:29 - INFO - __main__ - <mask>s are often used to connect to other <mask>.
07/05/2022 13:52:29 - INFO - __main__ - <mask>ly is a compilation album by the band <mask>.
07/05/2022 13:52:29 - INFO - __main__ - <mask>s can be connected to other <mask>.
07/05/2022 13:52:29 - INFO - __main__ - <mask>'s name, address, and <mask>.
07/05/2022 13:52:29 - INFO - __main__ - <mask>-based systems are typically used for the transmission of data between <mask>.
07/05/2022 13:52:29 - INFO - __main__ - <mask>-based applications can be implemented using a variety of different protocols, including wireless <mask>.
07/05/2022 13:52:29 - INFO - __main__ - ****************************
07/05/2022 13:52:29 - INFO - __main__ - *********References*********
07/05/2022 13:52:29 - INFO - __main__ - ['<mask> is the collection of <mask>.']
07/05/2022 13:52:29 - INFO - __main__ - ****************************
07/05/2022 13:52:37 - INFO - __main__ - ***********Input************
07/05/2022 13:52:37 - INFO - __main__ - two of the <mask> resulted in fatal co <mask> ( cohb levels of 55 % and 49 % ) .
07/05/2022 13:52:37 - INFO - __main__ - *********Hypothesis*********
07/05/2022 13:52:37 - INFO - __main__ - <mask> is the most common method of <mask>.
07/05/2022 13:52:37 - INFO - __main__ - <mask> has been shown to be effective in preventing <mask>.
07/05/2022 13:52:37 - INFO - __main__ - <mask> can be used to treat <mask>.
07/05/2022 13:52:37 - INFO - __main__ - <mask> is the most common form of <mask>.
07/05/2022 13:52:37 - INFO - __main__ - <mask> has been shown to interact with <mask>.
07/05/2022 13:52:37 - INFO - __main__ - <mask> treatment is the most common treatment for <mask>.
07/05/2022 13:52:37 - INFO - __main__ - <mask> may be a useful treatment for <mask>.
07/05/2022 13:52:37 - INFO - __main__ - <mask> has been shown to reduce the risk of <mask>.
07/05/2022 13:52:37 - INFO - __main__ - <mask> has been shown to increase the expression of <mask>.
07/05/2022 13:52:37 - INFO - __main__ - <mask> is a more common form of <mask>.
07/05/2022 13:52:37 - INFO - __main__ - ****************************
07/05/2022 13:52:37 - INFO - __main__ - *********References*********
07/05/2022 13:52:37 - INFO - __main__ - ['<mask> causes <mask>.']
07/05/2022 13:52:37 - INFO - __main__ - ****************************
07/05/2022 13:52:50 - INFO - __main__ - ***********Input************
07/05/2022 13:52:50 - INFO - __main__ - both her and her <mask> of pampered beverly hills <mask> learn valuable lessons in character , courage , and friendship with a super happy ending .
07/05/2022 13:52:50 - INFO - __main__ - *********Hypothesis*********
07/05/2022 13:52:50 - INFO - __main__ - <mask> is a fictional character in the television series <mask>.
07/05/2022 13:52:50 - INFO - __main__ - <mask> of mouse is a spin-off of the television series <mask>.
07/05/2022 13:52:50 - INFO - __main__ - <mask> of mouse: the story of the original <mask>.
07/05/2022 13:52:50 - INFO - __main__ - <mask>, a character in the television series <mask>.
07/05/2022 13:52:50 - INFO - __main__ - <mask> is an album by the band <mask>.
07/05/2022 13:52:50 - INFO - __main__ - <mask>: a history of the house of <mask>.
07/05/2022 13:52:50 - INFO - __main__ - <mask> is a young man who is in love with <mask>.
07/05/2022 13:52:50 - INFO - __main__ - <mask> members were not allowed to marry <mask>.
07/05/2022 13:52:50 - INFO - __main__ - <mask> and his wife are the parents of a daughter, <mask>.
07/05/2022 13:52:50 - INFO - __main__ - <mask> tells him that he is not going to be able to marry <mask>.
07/05/2022 13:52:50 - INFO - __main__ - ****************************
07/05/2022 13:52:50 - INFO - __main__ - *********References*********
07/05/2022 13:52:50 - INFO - __main__ - ['<mask> is the collection of <mask>.']
07/05/2022 13:52:50 - INFO - __main__ - ****************************
07/05/2022 13:53:01 - INFO - __main__ - ***********Input************
07/05/2022 13:53:01 - INFO - __main__ - yet this signing <mask> issued by the <mask> yesterday is the clearest signal yet that the administration wants to hold this option in reserve .
07/05/2022 13:53:01 - INFO - __main__ - *********Hypothesis*********
07/05/2022 13:53:01 - INFO - __main__ - <mask> house white: a brief history of the united states <mask>.
07/05/2022 13:53:01 - INFO - __main__ - <mask> is currently the longest-serving member of the united states <mask>.
07/05/2022 13:53:01 - INFO - __main__ - <mask>'s nomination was sent to the full <mask>.
07/05/2022 13:53:01 - INFO - __main__ - <mask> has been a member of the united states <mask>.
07/05/2022 13:53:01 - INFO - __main__ - <mask>orandum of the secretary of <mask>.
07/05/2022 13:53:01 - INFO - __main__ - <mask> was not approved by the full state <mask>.
07/05/2022 13:53:01 - INFO - __main__ - <mask>.memor.mem, official website of the president's<mask>.
07/05/2022 13:53:01 - INFO - __main__ - <mask> of the secretary of <mask>.
07/05/2022 13:53:01 - INFO - __main__ - <mask>'s bill was defeated in both houses of the state <mask>.
07/05/2022 13:53:01 - INFO - __main__ - <mask>.order of the <mask>.
07/05/2022 13:53:01 - INFO - __main__ - ****************************
07/05/2022 13:53:01 - INFO - __main__ - *********References*********
07/05/2022 13:53:01 - INFO - __main__ - ['<mask> is the producer of <mask>.']
07/05/2022 13:53:01 - INFO - __main__ - ****************************
07/05/2022 13:53:13 - INFO - __main__ - ***********Input************
07/05/2022 13:53:13 - INFO - __main__ - the recent <mask> has been caused by the environmentally-induced <mask> of fish catches from the black sea .
07/05/2022 13:53:13 - INFO - __main__ - *********Hypothesis*********
07/05/2022 13:53:13 - INFO - __main__ - <mask> is a major factor in the global <mask>.
07/05/2022 13:53:13 - INFO - __main__ - <mask> and other global warming events have been linked to <mask>.
07/05/2022 13:53:13 - INFO - __main__ - <mask> has been shown to be associated with increased global warming and <mask>.
07/05/2022 13:53:13 - INFO - __main__ - <mask> has been shown to reduce the number of species in the genus by <mask>.
07/05/2022 13:53:13 - INFO - __main__ - <mask> events are the main cause of <mask>.
07/05/2022 13:53:13 - INFO - __main__ - <mask>, however, is a major factor in <mask>.
07/05/2022 13:53:13 - INFO - __main__ - <mask> may be a contributing factor to the global <mask>.
07/05/2022 13:53:13 - INFO - __main__ - <mask> can cause a large increase in water levels, which can lead to <mask>.
07/05/2022 13:53:13 - INFO - __main__ - <mask> and the subsequent global warming have reduced the number of species in the lake by <mask>.
07/05/2022 13:53:13 - INFO - __main__ - <mask> has been shown to reduce the number of tropical cyclones by <mask>.
07/05/2022 13:53:13 - INFO - __main__ - ****************************
07/05/2022 13:53:13 - INFO - __main__ - *********References*********
07/05/2022 13:53:13 - INFO - __main__ - ['<mask> causes <mask>.']
07/05/2022 13:53:13 - INFO - __main__ - ****************************
07/05/2022 13:53:25 - INFO - __main__ - ***********Input************
07/05/2022 13:53:25 - INFO - __main__ - <mask> consisted of <mask> , dragoons and chevauxlegers .
07/05/2022 13:53:25 - INFO - __main__ - *********Hypothesis*********
07/05/2022 13:53:25 - INFO - __main__ - <mask> was originally formed as a <mask>.
07/05/2022 13:53:25 - INFO - __main__ - <mask> is a separate regiment from the regular <mask>.
07/05/2022 13:53:25 - INFO - __main__ - <mask> was re-designated as <mask>.
07/05/2022 13:53:25 - INFO - __main__ - <mask> was to be the only unit to be fully equipped with <mask>.
07/05/2022 13:53:25 - INFO - __main__ - <mask> was a mixed-race unit, with most of its personnel being <mask>.
07/05/2022 13:53:25 - INFO - __main__ - <mask>, royal regiment of artillery was <mask>.
07/05/2022 13:53:25 - INFO - __main__ - <mask> had been re-designated as <mask>.
07/05/2022 13:53:25 - INFO - __main__ - <mask> is the only unit to have a separate <mask>.
07/05/2022 13:53:25 - INFO - __main__ - <mask> was the only one to be <mask>.
07/05/2022 13:53:25 - INFO - __main__ - <mask>, the 2nd <mask>.
07/05/2022 13:53:25 - INFO - __main__ - ****************************
07/05/2022 13:53:25 - INFO - __main__ - *********References*********
07/05/2022 13:53:25 - INFO - __main__ - ['<mask> is the collection of <mask>.']
07/05/2022 13:53:25 - INFO - __main__ - ****************************
07/05/2022 13:53:41 - INFO - __main__ - ***********Input************
07/05/2022 13:53:41 - INFO - __main__ - there is a rubbery silicone <mask> , created by an american <mask> for a whispered 5,000 , pounds for exploring 3d visualisation and ways of removing tremor .
07/05/2022 13:53:41 - INFO - __main__ - *********Hypothesis*********
07/05/2022 13:53:41 - INFO - __main__ - <mask> has been used to determine whether the patient is <mask>.
07/05/2022 13:53:41 - INFO - __main__ - <mask> and mri scans showed that the brain was not native <mask>.
07/05/2022 13:53:41 - INFO - __main__ - <mask> scans showed that the brain was not native <mask>.
07/05/2022 13:53:41 - INFO - __main__ - <mask> data suggests that the brain is more <mask>.
07/05/2022 13:53:41 - INFO - __main__ - <mask> analysis of the brain showed that the brain was not native <mask>.
07/05/2022 13:53:41 - INFO - __main__ - <mask> can be used to identify individuals who are <mask>.
07/05/2022 13:53:41 - INFO - __main__ - <mask> is a very good example of a native <mask>.
07/05/2022 13:53:41 - INFO - __main__ - <mask>'s name is a play on the word <mask>.
07/05/2022 13:53:41 - INFO - __main__ - <mask>'s father is a retired army officer who is <mask>.
07/05/2022 13:53:41 - INFO - __main__ - <mask> was born in the south <mask>.
07/05/2022 13:53:41 - INFO - __main__ - ****************************
07/05/2022 13:53:41 - INFO - __main__ - *********References*********
07/05/2022 13:53:41 - INFO - __main__ - ['<mask> is the producer of <mask>.']
07/05/2022 13:53:41 - INFO - __main__ - ****************************
07/05/2022 13:53:45 - INFO - __main__ - ***********Input************
07/05/2022 13:53:45 - INFO - __main__ - sensitive and robust , this active <mask> features a small metal and rubber button <mask> with a preamped pvdf film sensor inside .
07/05/2022 13:53:45 - INFO - __main__ - *********Hypothesis*********
07/05/2022 13:53:45 - INFO - __main__ - no proper relation hypothesis
07/05/2022 13:53:45 - INFO - __main__ - ****************************
07/05/2022 13:53:45 - INFO - __main__ - *********References*********
07/05/2022 13:53:45 - INFO - __main__ - ['<mask> is the component of <mask>.']
07/05/2022 13:53:45 - INFO - __main__ - ****************************
07/05/2022 13:53:45 - WARNING - __main__ - Skip self-bleu-2 in example: sensitive and robust , this active <mask> features a small metal and rubber button <mask> with a preamped pvdf film sensor inside ..
07/05/2022 13:53:56 - INFO - __main__ - ***********Input************
07/05/2022 13:53:56 - INFO - __main__ - the <mask> has assembled a <mask> of precious and base metal exploration prospects in ontario , saskatchewan , and the north west territories .
07/05/2022 13:53:56 - INFO - __main__ - *********Hypothesis*********
07/05/2022 13:53:56 - INFO - __main__ - <mask>, geologic time-scale <mask>.
07/05/2022 13:53:56 - INFO - __main__ - <mask> geologic map of the world, <mask>.
07/05/2022 13:53:56 - INFO - __main__ - <mask> geologic map of the world, general <mask>.
07/05/2022 13:53:56 - INFO - __main__ - <mask>, geologic time-scale for <mask>.
07/05/2022 13:53:56 - INFO - __main__ - <mask>oc is the only organization that has a full <mask>.
07/05/2022 13:53:56 - INFO - __main__ - <mask> geology and geology <mask>.
07/05/2022 13:53:56 - INFO - __main__ - <mask>, the official name of the site, <mask>.
07/05/2022 13:53:56 - INFO - __main__ - <mask> is a publicly traded company with a publicly available <mask>.
07/05/2022 13:53:56 - INFO - __main__ - <mask>: the world's most wanted <mask>.
07/05/2022 13:53:56 - INFO - __main__ - <mask>: the geologic map of the world, <mask>.
07/05/2022 13:53:56 - INFO - __main__ - ****************************
07/05/2022 13:53:56 - INFO - __main__ - *********References*********
07/05/2022 13:53:56 - INFO - __main__ - ['<mask> is the producer of <mask>.']
07/05/2022 13:53:56 - INFO - __main__ - ****************************
07/05/2022 13:54:08 - INFO - __main__ - ***********Input************
07/05/2022 13:54:08 - INFO - __main__ - you placed two bare ends of the <mask> into a <mask> filled halfway with distilled water .
07/05/2022 13:54:08 - INFO - __main__ - *********Hypothesis*********
07/05/2022 13:54:08 - INFO - __main__ - <mask> in the head is a live album by the band <mask>.
07/05/2022 13:54:08 - INFO - __main__ - <mask> is a member of the band <mask>.
07/05/2022 13:54:08 - INFO - __main__ - <mask> and gun: the story of a <mask>.
07/05/2022 13:54:08 - INFO - __main__ - <mask> is a plastic used in <mask>.
07/05/2022 13:54:08 - INFO - __main__ - <mask>, and the band's debut album, <mask>.
07/05/2022 13:54:08 - INFO - __main__ - <mask> is an album by the rock band <mask>.
07/05/2022 13:54:08 - INFO - __main__ - <mask> is a plastic material used in <mask>.
07/05/2022 13:54:08 - INFO - __main__ - <mask>'s debut album, in a <mask>.
07/05/2022 13:54:08 - INFO - __main__ - <mask> was originally a member of the band <mask>.
07/05/2022 13:54:08 - INFO - __main__ - <mask> is a brand of <mask>.
07/05/2022 13:54:08 - INFO - __main__ - ****************************
07/05/2022 13:54:08 - INFO - __main__ - *********References*********
07/05/2022 13:54:08 - INFO - __main__ - ['<mask> was delievered to <mask>.']
07/05/2022 13:54:08 - INFO - __main__ - ****************************
07/05/2022 13:54:17 - INFO - __main__ - ***********Input************
07/05/2022 13:54:17 - INFO - __main__ - many <mask> have come from popular <mask> and tend to appear in different forms .
07/05/2022 13:54:17 - INFO - __main__ - *********Hypothesis*********
07/05/2022 13:54:17 - INFO - __main__ - <mask> women's football is the most popular women's sport in <mask>.
07/05/2022 13:54:17 - INFO - __main__ - <mask> cuisine is the cuisine of the island of <mask>.
07/05/2022 13:54:17 - INFO - __main__ - <mask> cuisine is the cuisine of the people of <mask>.
07/05/2022 13:54:17 - INFO - __main__ - <mask> are known for their use of the word <mask>.
07/05/2022 13:54:17 - INFO - __main__ - <mask> tea, or jianghu, is a tea produced in <mask>.
07/05/2022 13:54:17 - INFO - __main__ - <mask> people are not allowed to use the internet in <mask>.
07/05/2022 13:54:17 - INFO - __main__ - <mask> women's football is the most popular sport in <mask>.
07/05/2022 13:54:17 - INFO - __main__ - <mask> are not allowed to wear the headscarf in <mask>.
07/05/2022 13:54:17 - INFO - __main__ - <mask> women's national volleyball team is the national volleyball side of <mask>.
07/05/2022 13:54:17 - INFO - __main__ - <mask> tea ceremony is a form of tea ceremony practiced in <mask>.
07/05/2022 13:54:17 - INFO - __main__ - ****************************
07/05/2022 13:54:17 - INFO - __main__ - *********References*********
07/05/2022 13:54:17 - INFO - __main__ - ['<mask> is originated from <mask>.']
07/05/2022 13:54:17 - INFO - __main__ - ****************************
07/05/2022 13:54:29 - INFO - __main__ - ***********Input************
07/05/2022 13:54:29 - INFO - __main__ - the aircraft was written off in the <mask> due to the severe <mask> caused by the klm aircraft , and the resulting fire .
07/05/2022 13:54:29 - INFO - __main__ - *********Hypothesis*********
07/05/2022 13:54:29 - INFO - __main__ - <mask> are the only ones to have been hit by <mask>.
07/05/2022 13:54:29 - INFO - __main__ - <mask> is a relatively small, but growing, market for <mask>.
07/05/2022 13:54:29 - INFO - __main__ - <mask> has a long history of using <mask>.
07/05/2022 13:54:29 - INFO - __main__ - <mask>.uk has a long history of high levels of <mask>.
07/05/2022 13:54:29 - INFO - __main__ - <mask> has a long history of high levels of <mask>.
07/05/2022 13:54:29 - INFO - __main__ - <mask> has a long history of <mask>.
07/05/2022 13:54:29 - INFO - __main__ - <mask> is the only country to have a <mask>.
07/05/2022 13:54:29 - INFO - __main__ - <mask>: a tropical storm was upgraded to a <mask>.
07/05/2022 13:54:29 - INFO - __main__ - <mask> – the philippines is devastated by <mask>.
07/05/2022 13:54:29 - INFO - __main__ - <mask>: the government has banned the use of the word <mask>.
07/05/2022 13:54:29 - INFO - __main__ - ****************************
07/05/2022 13:54:29 - INFO - __main__ - *********References*********
07/05/2022 13:54:29 - INFO - __main__ - ['<mask> causes <mask>.']
07/05/2022 13:54:29 - INFO - __main__ - ****************************
07/05/2022 13:54:43 - INFO - __main__ - ***********Input************
07/05/2022 13:54:43 - INFO - __main__ - the <mask> is france 's largest producer of sparkling <mask> outside of the champagne region .
07/05/2022 13:54:43 - INFO - __main__ - *********Hypothesis*********
07/05/2022 13:54:43 - INFO - __main__ - <mask> is the most important producer of <mask>.
07/05/2022 13:54:43 - INFO - __main__ - <mask> was a major producer of <mask>.
07/05/2022 13:54:43 - INFO - __main__ - <mask> the most important producer of <mask>.
07/05/2022 13:54:43 - INFO - __main__ - <mask> de la ville is a châteaux in <mask>.
07/05/2022 13:54:43 - INFO - __main__ - <mask> a major producer of <mask>.
07/05/2022 13:54:43 - INFO - __main__ - <mask> d'orléans is a châteaux in <mask>.
07/05/2022 13:54:43 - INFO - __main__ - <mask> the main grape variety used in <mask>.
07/05/2022 13:54:43 - INFO - __main__ - <mask> du côte d'or is a winery located in <mask>.
07/05/2022 13:54:43 - INFO - __main__ - <mask>ron is a wine region in the south of <mask>.
07/05/2022 13:54:43 - INFO - __main__ - <mask> is a wine region in the south of <mask>.
07/05/2022 13:54:43 - INFO - __main__ - ****************************
07/05/2022 13:54:43 - INFO - __main__ - *********References*********
07/05/2022 13:54:43 - INFO - __main__ - ['<mask> is originated from <mask>.']
07/05/2022 13:54:43 - INFO - __main__ - ****************************
07/05/2022 13:54:54 - INFO - __main__ - ***********Input************
07/05/2022 13:54:54 - INFO - __main__ - the closely guarded raffles <mask> was locked in a <mask> that still remains onsite today .
07/05/2022 13:54:54 - INFO - __main__ - *********Hypothesis*********
07/05/2022 13:54:54 - INFO - __main__ - <mask> is a member of the band <mask>.
07/05/2022 13:54:54 - INFO - __main__ - <mask> has been a member of the band <mask>.
07/05/2022 13:54:54 - INFO - __main__ - <mask>'s father was a former member of the band <mask>.
07/05/2022 13:54:54 - INFO - __main__ - <mask>'s collection is housed in the university's <mask>.
07/05/2022 13:54:54 - INFO - __main__ - <mask> is home to the university's <mask>.
07/05/2022 13:54:54 - INFO - __main__ - <mask> then reveals that he is a member of <mask>.
07/05/2022 13:54:54 - INFO - __main__ - <mask> is a former member of the band <mask>.
07/05/2022 13:54:54 - INFO - __main__ - <mask> is the home to the university's <mask>.
07/05/2022 13:54:54 - INFO - __main__ - <mask>'s papers are held in <mask>.
07/05/2022 13:54:54 - INFO - __main__ - <mask>'s personal papers are housed in the university's <mask>.
07/05/2022 13:54:54 - INFO - __main__ - ****************************
07/05/2022 13:54:54 - INFO - __main__ - *********References*********
07/05/2022 13:54:54 - INFO - __main__ - ['<mask> was delievered to <mask>.']
07/05/2022 13:54:54 - INFO - __main__ - ****************************
07/05/2022 13:55:05 - INFO - __main__ - ***********Input************
07/05/2022 13:55:05 - INFO - __main__ - i grew up with <mask> in a <mask> .
07/05/2022 13:55:05 - INFO - __main__ - *********Hypothesis*********
07/05/2022 13:55:05 - INFO - __main__ - <mask> was a native of a <mask>.
07/05/2022 13:55:05 - INFO - __main__ - <mask> had been born in a small <mask>.
07/05/2022 13:55:05 - INFO - __main__ - <mask>'s eyes widened as he looked at the small <mask>.
07/05/2022 13:55:05 - INFO - __main__ - <mask> wasn't sure what to make of this <mask>.
07/05/2022 13:55:05 - INFO - __main__ - <mask>, i'm from a <mask>.
07/05/2022 13:55:05 - INFO - __main__ - <mask>'s family had been born in a <mask>.
07/05/2022 13:55:05 - INFO - __main__ - <mask> weren't allowed to be <mask>.
07/05/2022 13:55:05 - INFO - __main__ - <mask> and i were walking down the street in a <mask>.
07/05/2022 13:55:05 - INFO - __main__ - <mask>'s mom was a nurse in <mask>.
07/05/2022 13:55:05 - INFO - __main__ - <mask> had been a nurse in <mask>.
07/05/2022 13:55:05 - INFO - __main__ - ****************************
07/05/2022 13:55:05 - INFO - __main__ - *********References*********
07/05/2022 13:55:05 - INFO - __main__ - ['<mask> is contained in <mask>.']
07/05/2022 13:55:05 - INFO - __main__ - ****************************
07/05/2022 13:55:10 - INFO - __main__ - ***********Input************
07/05/2022 13:55:10 - INFO - __main__ - the brick is aligned with the <mask> of the repaired <mask> .
07/05/2022 13:55:10 - INFO - __main__ - *********Hypothesis*********
07/05/2022 13:55:10 - INFO - __main__ - <mask> is the most common, followed by <mask>.
07/05/2022 13:55:10 - INFO - __main__ - <mask> is a subset of <mask>.
07/05/2022 13:55:10 - INFO - __main__ - <mask> is a subunit of <mask>.
07/05/2022 13:55:10 - INFO - __main__ - <mask>, which is the most common type, is the same as <mask>.
07/05/2022 13:55:10 - INFO - __main__ - <mask> has a higher rate of mutation than <mask>.
07/05/2022 13:55:10 - INFO - __main__ - <mask> is the smallest of the subgroups of <mask>.
07/05/2022 13:55:10 - INFO - __main__ - <mask> has been shown to interact with <mask>.
07/05/2022 13:55:10 - INFO - __main__ - <mask> is the same as <mask>.
07/05/2022 13:55:10 - INFO - __main__ - <mask> is the most common type of <mask>.
07/05/2022 13:55:10 - INFO - __main__ - <mask>, and the <mask>.
07/05/2022 13:55:10 - INFO - __main__ - ****************************
07/05/2022 13:55:10 - INFO - __main__ - *********References*********
07/05/2022 13:55:10 - INFO - __main__ - ['<mask> is the component of <mask>.']
07/05/2022 13:55:10 - INFO - __main__ - ****************************
07/05/2022 13:55:19 - INFO - __main__ - ***********Input************
07/05/2022 13:55:19 - INFO - __main__ - a <mask> who prepares baked <mask> as a profession is called a baker .
07/05/2022 13:55:19 - INFO - __main__ - *********Hypothesis*********
07/05/2022 13:55:19 - INFO - __main__ - <mask> is the local language and the main food is <mask>.
07/05/2022 13:55:19 - INFO - __main__ - <mask> cuisine is mainly based on <mask>.
07/05/2022 13:55:19 - INFO - __main__ - <mask> is the main language of the city and the main food is <mask>.
07/05/2022 13:55:19 - INFO - __main__ - <mask> cuisine includes many dishes such as <mask>.
07/05/2022 13:55:19 - INFO - __main__ - <mask> women are not allowed to eat <mask>.
07/05/2022 13:55:19 - INFO - __main__ - <mask> people have been known to eat <mask>.
07/05/2022 13:55:19 - INFO - __main__ - <mask>-style rice cakes are similar to <mask>.
07/05/2022 13:55:19 - INFO - __main__ - <mask> cuisine has a strong influence from the neighbouring country, especially <mask>.
07/05/2022 13:55:19 - INFO - __main__ - <mask>-themed products include <mask>.
07/05/2022 13:55:19 - INFO - __main__ - <mask> women have been featured in advertisements for <mask>.
07/05/2022 13:55:19 - INFO - __main__ - ****************************
07/05/2022 13:55:19 - INFO - __main__ - *********References*********
07/05/2022 13:55:19 - INFO - __main__ - ['<mask> is the producer of <mask>.']
07/05/2022 13:55:19 - INFO - __main__ - ****************************
07/05/2022 13:55:28 - INFO - __main__ - ***********Input************
07/05/2022 13:55:28 - INFO - __main__ - unit direct injection also injects fuel directly into the <mask> of the <mask> .
07/05/2022 13:55:28 - INFO - __main__ - *********Hypothesis*********
07/05/2022 13:55:28 - INFO - __main__ - <mask> was the only option for the new <mask>.
07/05/2022 13:55:28 - INFO - __main__ - <mask> is a more powerful version of <mask>.
07/05/2022 13:55:28 - INFO - __main__ - <mask> engines were replaced by <mask>.
07/05/2022 13:55:28 - INFO - __main__ - <mask> was developed to replace the older <mask>.
07/05/2022 13:55:28 - INFO - __main__ - <mask> was used to power the new <mask>.
07/05/2022 13:55:28 - INFO - __main__ - <mask> is a variant of <mask>.
07/05/2022 13:55:28 - INFO - __main__ - <mask> was replaced by a new <mask>.
07/05/2022 13:55:28 - INFO - __main__ - <mask>'s were used to power the new <mask>.
07/05/2022 13:55:28 - INFO - __main__ - <mask> is a more powerful version of the <mask>.
07/05/2022 13:55:28 - INFO - __main__ - <mask> is a common feature of <mask>.
07/05/2022 13:55:28 - INFO - __main__ - ****************************
07/05/2022 13:55:28 - INFO - __main__ - *********References*********
07/05/2022 13:55:28 - INFO - __main__ - ['<mask> is the component of <mask>.']
07/05/2022 13:55:28 - INFO - __main__ - ****************************
07/05/2022 13:55:41 - INFO - __main__ - ***********Input************
07/05/2022 13:55:41 - INFO - __main__ - <mask> start by reading <mask> - called blueprints - that show how electricity flows .
07/05/2022 13:55:41 - INFO - __main__ - *********Hypothesis*********
07/05/2022 13:55:41 - INFO - __main__ - <mask> and the world: a new <mask>.
07/05/2022 13:55:41 - INFO - __main__ - <mask> are encouraged to read <mask>.
07/05/2022 13:55:41 - INFO - __main__ - <mask>'s encyclopedia of science, <mask>.
07/05/2022 13:55:41 - INFO - __main__ - <mask>'s books are often written in the form of <mask>.
07/05/2022 13:55:41 - INFO - __main__ - <mask>'s edition of <mask>.
07/05/2022 13:55:41 - INFO - __main__ - <mask> are encouraged to participate in the development of <mask>.
07/05/2022 13:55:41 - INFO - __main__ - <mask> and the future: a guide to the future's <mask>.
07/05/2022 13:55:41 - INFO - __main__ - <mask> are encouraged to participate in the development of their <mask>.
07/05/2022 13:55:41 - INFO - __main__ - <mask> in the world, <mask>.
07/05/2022 13:55:41 - INFO - __main__ - <mask> can be taught to read and write by reading <mask>.
07/05/2022 13:55:41 - INFO - __main__ - ****************************
07/05/2022 13:55:41 - INFO - __main__ - *********References*********
07/05/2022 13:55:41 - INFO - __main__ - ['<mask> is the instrument of <mask>.']
07/05/2022 13:55:41 - INFO - __main__ - ****************************
07/05/2022 13:55:50 - INFO - __main__ - ***********Input************
07/05/2022 13:55:50 - INFO - __main__ - the most common <mask> were about <mask> and recycling .
07/05/2022 13:55:50 - INFO - __main__ - *********Hypothesis*********
07/05/2022 13:55:50 - INFO - __main__ - <mask> the state government and <mask>.
07/05/2022 13:55:50 - INFO - __main__ - <mask>ers, environmental protection and <mask>.
07/05/2022 13:55:50 - INFO - __main__ - <mask> the agency, <mask>.
07/05/2022 13:55:50 - INFO - __main__ - <mask> the to <mask>.
07/05/2022 13:55:50 - INFO - __main__ - <mask>ers have petitioned <mask>.
07/05/2022 13:55:50 - INFO - __main__ - <mask> the state agency, <mask>.
07/05/2022 13:55:50 - INFO - __main__ - <mask> and answers to questions about <mask>.
07/05/2022 13:55:50 - INFO - __main__ - <mask> and the answers to questions about <mask>.
07/05/2022 13:55:50 - INFO - __main__ - <mask> the report of <mask>.
07/05/2022 13:55:50 - INFO - __main__ - <mask> and questions about <mask>.
07/05/2022 13:55:50 - INFO - __main__ - ****************************
07/05/2022 13:55:50 - INFO - __main__ - *********References*********
07/05/2022 13:55:50 - INFO - __main__ - ['the topic of <mask> is <mask>.']
07/05/2022 13:55:50 - INFO - __main__ - ****************************
07/05/2022 13:56:01 - INFO - __main__ - ***********Input************
07/05/2022 13:56:01 - INFO - __main__ - as the <mask> sailed away from the <mask> one of the crew felt increasingly uneasy about some of the signs he observed .
07/05/2022 13:56:01 - INFO - __main__ - *********Hypothesis*********
07/05/2022 13:56:01 - INFO - __main__ - <mask> was a major factor in the development of the modern <mask>.
07/05/2022 13:56:01 - INFO - __main__ - <mask> is an unincorporated community in the northern <mask>.
07/05/2022 13:56:01 - INFO - __main__ - <mask> is a lunar impact crater that lies approximately from <mask>.
07/05/2022 13:56:01 - INFO - __main__ - <mask> is a registered charity in <mask>.
07/05/2022 13:56:01 - INFO - __main__ - <mask>'s orbit is approximately from the center of <mask>.
07/05/2022 13:56:01 - INFO - __main__ - <mask> craters are the most common type of craters on <mask>.
07/05/2022 13:56:01 - INFO - __main__ - <mask> railways (br) is a railway company in <mask>.
07/05/2022 13:56:01 - INFO - __main__ - <mask>-style beer is a type of beer produced in the <mask>.
07/05/2022 13:56:01 - INFO - __main__ - <mask> is the only planet that has a higher density of water than <mask>.
07/05/2022 13:56:01 - INFO - __main__ - <mask> was the last ship to be sunk by a submarine in the entire <mask>.
07/05/2022 13:56:01 - INFO - __main__ - ****************************
07/05/2022 13:56:01 - INFO - __main__ - *********References*********
07/05/2022 13:56:01 - INFO - __main__ - ['<mask> is originated from <mask>.']
07/05/2022 13:56:01 - INFO - __main__ - ****************************
07/05/2022 13:56:03 - INFO - __main__ - ***********Input************
07/05/2022 13:56:03 - INFO - __main__ - i 'm importing old document <mask> into the new <mask> .
07/05/2022 13:56:03 - INFO - __main__ - *********Hypothesis*********
07/05/2022 13:56:03 - INFO - __main__ - no proper relation hypothesis
07/05/2022 13:56:03 - INFO - __main__ - ****************************
07/05/2022 13:56:03 - INFO - __main__ - *********References*********
07/05/2022 13:56:03 - INFO - __main__ - ['<mask> was delievered to <mask>.']
07/05/2022 13:56:03 - INFO - __main__ - ****************************
07/05/2022 13:56:03 - WARNING - __main__ - Skip self-bleu-2 in example: i 'm importing old document <mask> into the new <mask> ..
07/05/2022 13:56:15 - INFO - __main__ - ***********Input************
07/05/2022 13:56:15 - INFO - __main__ - he gave two <mask> to each <mask> .
07/05/2022 13:56:15 - INFO - __main__ - *********Hypothesis*********
07/05/2022 13:56:15 - INFO - __main__ - <mask> and other public holidays are observed by <mask>.
07/05/2022 13:56:15 - INFO - __main__ - <mask>, however, is not a <mask>.
07/05/2022 13:56:15 - INFO - __main__ - <mask> are appointed by the lord speaker of the uk <mask>.
07/05/2022 13:56:15 - INFO - __main__ - <mask> of and of <mask>.
07/05/2022 13:56:15 - INFO - __main__ - <mask> is a day of mourning for the death of a <mask>.
07/05/2022 13:56:15 - INFO - __main__ - <mask> and other public holidays are observed by the <mask>.
07/05/2022 13:56:15 - INFO - __main__ - <mask> of are appointed by the lord speaker of the uk <mask>.
07/05/2022 13:56:15 - INFO - __main__ - <mask> were not allowed to marry <mask>.
07/05/2022 13:56:15 - INFO - __main__ - <mask>, however, is not a public <mask>.
07/05/2022 13:56:15 - INFO - __main__ - <mask> and baronets of the former <mask>.
07/05/2022 13:56:15 - INFO - __main__ - ****************************
07/05/2022 13:56:15 - INFO - __main__ - *********References*********
07/05/2022 13:56:15 - INFO - __main__ - ['<mask> was delievered to <mask>.']
07/05/2022 13:56:15 - INFO - __main__ - ****************************
07/05/2022 13:56:26 - INFO - __main__ - ***********Input************
07/05/2022 13:56:26 - INFO - __main__ - the first native tea <mask> were those made in the early thirteenth century by the <mask> to-shiro at his kiln in seto , aichi prefecture .
07/05/2022 13:56:26 - INFO - __main__ - *********Hypothesis*********
07/05/2022 13:56:26 - INFO - __main__ - <mask> are allowed to enter the country, but only if they are a <mask>.
07/05/2022 13:56:26 - INFO - __main__ - <mask> forces were defeated and forced to retreat to <mask>.
07/05/2022 13:56:26 - INFO - __main__ - <mask> art was a major influence on <mask>.
07/05/2022 13:56:26 - INFO - __main__ - <mask> history has been dominated by <mask>.
07/05/2022 13:56:26 - INFO - __main__ - <mask> cuisine is influenced by the cuisine of <mask>.
07/05/2022 13:56:26 - INFO - __main__ - <mask> have been known to use this term to refer to any <mask>.
07/05/2022 13:56:26 - INFO - __main__ - <mask> and pans) is a term used in <mask>.
07/05/2022 13:56:26 - INFO - __main__ - <mask> sources refer to the castle as <mask>.
07/05/2022 13:56:26 - INFO - __main__ - <mask> cuisine is influenced by the cuisine of the <mask>.
07/05/2022 13:56:26 - INFO - __main__ - <mask> are used to represent the sound of a word in <mask>.
07/05/2022 13:56:26 - INFO - __main__ - ****************************
07/05/2022 13:56:26 - INFO - __main__ - *********References*********
07/05/2022 13:56:26 - INFO - __main__ - ['<mask> is the producer of <mask>.']
07/05/2022 13:56:26 - INFO - __main__ - ****************************
07/05/2022 13:56:31 - INFO - __main__ - ***********Input************
07/05/2022 13:56:31 - INFO - __main__ - entrepreneur creates a <mask> over 'amber alert ' <mask> .
07/05/2022 13:56:31 - INFO - __main__ - *********Hypothesis*********
07/05/2022 13:56:31 - INFO - __main__ - <mask> hotspots are devices that provide access to a network of <mask>.
07/05/2022 13:56:31 - INFO - __main__ - <mask> is available in the form of a free <mask>.
07/05/2022 13:56:31 - INFO - __main__ - <mask>-based services are available in the form of free <mask>.
07/05/2022 13:56:31 - INFO - __main__ - <mask>: the user can connect to any computer using <mask>.
07/05/2022 13:56:31 - INFO - __main__ - <mask> is available in the station, and the station has free <mask>.
07/05/2022 13:56:31 - INFO - __main__ - <mask> and bluetooth: the most common form of wireless communication is <mask>.
07/05/2022 13:56:31 - INFO - __main__ - <mask>: the station has a free <mask>.
07/05/2022 13:56:31 - INFO - __main__ - <mask> is provided by a number of companies, and many of these companies offer free <mask>.
07/05/2022 13:56:31 - INFO - __main__ - <mask> and bluetooth are available, but not all devices have a full-fledged <mask>.
07/05/2022 13:56:31 - INFO - __main__ - ****************************
07/05/2022 13:56:31 - INFO - __main__ - *********References*********
07/05/2022 13:56:31 - INFO - __main__ - ['the topic of <mask> is <mask>.']
07/05/2022 13:56:31 - INFO - __main__ - ****************************
07/05/2022 13:56:43 - INFO - __main__ - ***********Input************
07/05/2022 13:56:43 - INFO - __main__ - <mask> support by <mask> has a long tradition in open and distance learning .
07/05/2022 13:56:43 - INFO - __main__ - *********Hypothesis*********
07/05/2022 13:56:43 - INFO - __main__ - <mask>: the university is a member of <mask>.
07/05/2022 13:56:43 - INFO - __main__ - <mask>: a history of <mask>.
07/05/2022 13:56:43 - INFO - __main__ - <mask> law is the law of <mask>.
07/05/2022 13:56:43 - INFO - __main__ - <mask>- and college- is <mask>.
07/05/2022 13:56:43 - INFO - __main__ - <mask> students, and other students of <mask>.
07/05/2022 13:56:43 - INFO - __main__ - <mask> courses in the arts, science and <mask>.
07/05/2022 13:56:43 - INFO - __main__ - <mask> schools are run by <mask>.
07/05/2022 13:56:43 - INFO - __main__ - <mask> education is provided by <mask>.
07/05/2022 13:56:43 - INFO - __main__ - <mask> citizens are entitled to a passport issued by <mask>.
07/05/2022 13:56:43 - INFO - __main__ - <mask> education is a department of <mask>.
07/05/2022 13:56:43 - INFO - __main__ - ****************************
07/05/2022 13:56:43 - INFO - __main__ - *********References*********
07/05/2022 13:56:43 - INFO - __main__ - ['<mask> is the instrument of <mask>.']
07/05/2022 13:56:43 - INFO - __main__ - ****************************
07/05/2022 13:56:59 - INFO - __main__ - ***********Input************
07/05/2022 13:56:59 - INFO - __main__ - hiroshima has rejected the demands of some citizens and victims groups that the newly renovated museum include an exhibition on japan 's `` aggressive role '' in world war ii , alongside the gruesome displays of the <mask> and devastation caused by the <mask> .
07/05/2022 13:56:59 - INFO - __main__ - *********Hypothesis*********
07/05/2022 13:56:59 - INFO - __main__ - <mask> denial is a term used by <mask>.
07/05/2022 13:56:59 - INFO - __main__ - <mask> is a given name in <mask>.
07/05/2022 13:56:59 - INFO - __main__ - <mask> means "the place of the sun" in <mask>.
07/05/2022 13:56:59 - INFO - __main__ - <mask>'s name means "the place of the sun" in <mask>.
07/05/2022 13:56:59 - INFO - __main__ - <mask> is a former member of the band <mask>.
07/05/2022 13:56:59 - INFO - __main__ - <mask> survivors were not allowed to speak <mask>.
07/05/2022 13:56:59 - INFO - __main__ - <mask> means "beautiful" in <mask>.
07/05/2022 13:56:59 - INFO - __main__ - <mask> is the name of the town in <mask>.
07/05/2022 13:56:59 - INFO - __main__ - <mask>: the rise and fall of the <mask>.
07/05/2022 13:56:59 - INFO - __main__ - <mask> and the holocaust: a history of <mask>.
07/05/2022 13:56:59 - INFO - __main__ - ****************************
07/05/2022 13:56:59 - INFO - __main__ - *********References*********
07/05/2022 13:56:59 - INFO - __main__ - ['<mask> causes <mask>.']
07/05/2022 13:56:59 - INFO - __main__ - ****************************
07/05/2022 13:57:14 - INFO - __main__ - ***********Input************
07/05/2022 13:57:14 - INFO - __main__ - the <mask> was in a <mask> on the back of the wagon , and cold as it was , mr. huy waded to the wagon and fed it that night and the next morning .
07/05/2022 13:57:14 - INFO - __main__ - *********Hypothesis*********
07/05/2022 13:57:14 - INFO - __main__ - <mask>, i'm going to get you a <mask>.
07/05/2022 13:57:14 - INFO - __main__ - <mask>'s eyes widened as he looked at the man in the <mask>.
07/05/2022 13:57:14 - INFO - __main__ - <mask> and cat were in the same <mask>.
07/05/2022 13:57:14 - INFO - __main__ - <mask> was sitting on the floor in the <mask>.
07/05/2022 13:57:14 - INFO - __main__ - <mask>'s head was still on the floor of the <mask>.
07/05/2022 13:57:14 - INFO - __main__ - <mask> is a little bit of a <mask>.
07/05/2022 13:57:14 - INFO - __main__ - <mask> was still in the back seat of his <mask>.
07/05/2022 13:57:14 - INFO - __main__ - <mask>uy was still in the back seat of his <mask>.
07/05/2022 13:57:14 - INFO - __main__ - <mask>'s eyes widened as he looked at the <mask>.
07/05/2022 13:57:14 - INFO - __main__ - <mask>uy's eyes widened as he looked at the man in the back of the <mask>.
07/05/2022 13:57:14 - INFO - __main__ - ****************************
07/05/2022 13:57:14 - INFO - __main__ - *********References*********
07/05/2022 13:57:14 - INFO - __main__ - ['<mask> is contained in <mask>.']
07/05/2022 13:57:14 - INFO - __main__ - ****************************
07/05/2022 13:57:26 - INFO - __main__ - ***********Input************
07/05/2022 13:57:26 - INFO - __main__ - in ionic conduction charge carriers are affected by the electromagnetic <mask> from the <mask> by being attracted or repelled by the electric field .
07/05/2022 13:57:26 - INFO - __main__ - *********Hypothesis*********
07/05/2022 13:57:26 - INFO - __main__ - <mask>'s name is a play on the word <mask>.
07/05/2022 13:57:26 - INFO - __main__ - <mask> is the name of the star's <mask>.
07/05/2022 13:57:26 - INFO - __main__ - <mask> is a non-profit organization that works to protect the environment and <mask>.
07/05/2022 13:57:26 - INFO - __main__ - <mask> is a non-profit organization that works to protect the environment and the <mask>.
07/05/2022 13:57:26 - INFO - __main__ - <mask> is the only known non-meteorological satellite to orbit <mask>.
07/05/2022 13:57:26 - INFO - __main__ - <mask> has been used in the study of the evolution of <mask>.
07/05/2022 13:57:26 - INFO - __main__ - <mask> was a member of the band <mask>.
07/05/2022 13:57:26 - INFO - __main__ - <mask>'s mission is to provide a safe and reliable alternative to <mask>.
07/05/2022 13:57:26 - INFO - __main__ - <mask> is the name given to a star in the constellation <mask>.
07/05/2022 13:57:26 - INFO - __main__ - <mask> is the only known non-meteorological satellite to orbit the <mask>.
07/05/2022 13:57:26 - INFO - __main__ - ****************************
07/05/2022 13:57:26 - INFO - __main__ - *********References*********
07/05/2022 13:57:26 - INFO - __main__ - ['<mask> causes <mask>.']
07/05/2022 13:57:26 - INFO - __main__ - ****************************
07/05/2022 13:57:38 - INFO - __main__ - ***********Input************
07/05/2022 13:57:38 - INFO - __main__ - the <mask> are concerned with <mask> of speaking the language .
07/05/2022 13:57:38 - INFO - __main__ - *********Hypothesis*********
07/05/2022 13:57:38 - INFO - __main__ - <mask>-speaking people are often referred to as <mask>.
07/05/2022 13:57:38 - INFO - __main__ - <mask> cuisine is a fusion of the various cuisines of <mask>.
07/05/2022 13:57:38 - INFO - __main__ - <mask>ness in the sense of <mask>.
07/05/2022 13:57:38 - INFO - __main__ - <mask> culture has been a source of controversy, with some critics questioning <mask>.
07/05/2022 13:57:38 - INFO - __main__ - <mask> is the official language, and the term "french" is used to describe <mask>.
07/05/2022 13:57:38 - INFO - __main__ - <mask> literature, in particular, has been a major influence on the development of <mask>.
07/05/2022 13:57:38 - INFO - __main__ - <mask> and other foreign influences were a major factor in <mask>.
07/05/2022 13:57:38 - INFO - __main__ - <mask>, and the word "france" is used to describe <mask>.
07/05/2022 13:57:38 - INFO - __main__ - <mask>, in the sense of <mask>.
07/05/2022 13:57:38 - INFO - __main__ - <mask> had a long history of conflict with <mask>.
07/05/2022 13:57:38 - INFO - __main__ - ****************************
07/05/2022 13:57:38 - INFO - __main__ - *********References*********
07/05/2022 13:57:38 - INFO - __main__ - ['the topic of <mask> is <mask>.']
07/05/2022 13:57:38 - INFO - __main__ - ****************************
07/05/2022 13:57:47 - INFO - __main__ - ***********Input************
07/05/2022 13:57:47 - INFO - __main__ - the bottles have leaked <mask> into the <mask> .
07/05/2022 13:57:47 - INFO - __main__ - *********Hypothesis*********
07/05/2022 13:57:47 - INFO - __main__ - <mask> of the population lives in the eastern <mask>.
07/05/2022 13:57:47 - INFO - __main__ - <mask> is the largest importer of natural gas in the world, followed by <mask>.
07/05/2022 13:57:47 - INFO - __main__ - <mask>'s economy is heavily dependent on the export of raw materials to the western <mask>.
07/05/2022 13:57:47 - INFO - __main__ - <mask> of the population are resident in <mask>.
07/05/2022 13:57:47 - INFO - __main__ - <mask> of the company's products are sold in <mask>.
07/05/2022 13:57:47 - INFO - __main__ - <mask> of the species are native to the western <mask>.
07/05/2022 13:57:47 - INFO - __main__ - <mask> of the population is <mask>.
07/05/2022 13:57:47 - INFO - __main__ - <mask>'s foreign policy is based on a strong alliance with the <mask>.
07/05/2022 13:57:47 - INFO - __main__ - <mask> of the population were born outside <mask>.
07/05/2022 13:57:47 - INFO - __main__ - <mask> of the population is from <mask>.
07/05/2022 13:57:47 - INFO - __main__ - ****************************
07/05/2022 13:57:47 - INFO - __main__ - *********References*********
07/05/2022 13:57:47 - INFO - __main__ - ['<mask> was delievered to <mask>.']
07/05/2022 13:57:47 - INFO - __main__ - ****************************
07/05/2022 13:57:55 - INFO - __main__ - ***********Input************
07/05/2022 13:57:55 - INFO - __main__ - the <mask> is going away from the <mask> , pushing its cars to gain elevation .
07/05/2022 13:57:55 - INFO - __main__ - *********Hypothesis*********
07/05/2022 13:57:55 - INFO - __main__ - <mask> is a name for a number of roads in the northern <mask>.
07/05/2022 13:57:55 - INFO - __main__ - <mask> is a racing class that is similar to <mask>.
07/05/2022 13:57:55 - INFO - __main__ - <mask>, and the rest of the world, and <mask>.
07/05/2022 13:57:55 - INFO - __main__ - <mask> version of the song was released as a single in <mask>.
07/05/2022 13:57:55 - INFO - __main__ - <mask> has a similar system to that of <mask>.
07/05/2022 13:57:55 - INFO - __main__ - <mask>, and the album was released in <mask>.
07/05/2022 13:57:55 - INFO - __main__ - <mask> traffic is not permitted in the northern <mask>.
07/05/2022 13:57:55 - INFO - __main__ - gt2, <mask>, and <mask>.
07/05/2022 13:57:55 - INFO - __main__ - <mask> and motorway traffic is not permitted in the northern <mask>.
07/05/2022 13:57:55 - INFO - __main__ - <mask> cars were not allowed to compete in <mask>.
07/05/2022 13:57:55 - INFO - __main__ - ****************************
07/05/2022 13:57:55 - INFO - __main__ - *********References*********
07/05/2022 13:57:55 - INFO - __main__ - ['<mask> is originated from <mask>.']
07/05/2022 13:57:55 - INFO - __main__ - ****************************
07/05/2022 13:57:57 - INFO - __main__ - ***********Input************
07/05/2022 13:57:57 - INFO - __main__ - they chose a <mask> that oven bakes the paint in a down draft paint <mask> .
07/05/2022 13:57:57 - INFO - __main__ - *********Hypothesis*********
07/05/2022 13:57:57 - INFO - __main__ - no proper relation hypothesis
07/05/2022 13:57:57 - INFO - __main__ - ****************************
07/05/2022 13:57:57 - INFO - __main__ - *********References*********
07/05/2022 13:57:57 - INFO - __main__ - ['<mask> is the instrument of <mask>.']
07/05/2022 13:57:57 - INFO - __main__ - ****************************
07/05/2022 13:57:58 - WARNING - __main__ - Skip self-bleu-2 in example: they chose a <mask> that oven bakes the paint in a down draft paint <mask> ..
07/05/2022 13:58:08 - INFO - __main__ - ***********Input************
07/05/2022 13:58:08 - INFO - __main__ - the <mask> carefully chose <mask> to be used in a nihilistic approach to style .
07/05/2022 13:58:08 - INFO - __main__ - *********Hypothesis*********
07/05/2022 13:58:08 - INFO - __main__ - <mask> architecture was a major influence on <mask>.
07/05/2022 13:58:08 - INFO - __main__ - <mask>, with a few words in <mask>.
07/05/2022 13:58:08 - INFO - __main__ - <mask> britannica, volume ii: <mask>.
07/05/2022 13:58:08 - INFO - __main__ - <mask> and other works in <mask>.
07/05/2022 13:58:08 - INFO - __main__ - <mask> britannica: the oxford english dictionary in <mask>.
07/05/2022 13:58:08 - INFO - __main__ - <mask> is the official language of the school, with some courses taught in <mask>.
07/05/2022 13:58:08 - INFO - __main__ - <mask> architecture is the most common style in <mask>.
07/05/2022 13:58:08 - INFO - __main__ - <mask> have been known to use the term <mask>.
07/05/2022 13:58:08 - INFO - __main__ - <mask> word order is similar to that of <mask>.
07/05/2022 13:58:08 - INFO - __main__ - <mask>: the history of <mask>.
07/05/2022 13:58:08 - INFO - __main__ - ****************************
07/05/2022 13:58:08 - INFO - __main__ - *********References*********
07/05/2022 13:58:08 - INFO - __main__ - ['<mask> is the instrument of <mask>.']
07/05/2022 13:58:08 - INFO - __main__ - ****************************
07/05/2022 13:58:16 - INFO - __main__ - ***********Input************
07/05/2022 13:58:16 - INFO - __main__ - the cost of <mask> delivered in a vessel <mask> is always high .
07/05/2022 13:58:16 - INFO - __main__ - *********Hypothesis*********
07/05/2022 13:58:16 - INFO - __main__ - <mask> is the most common, followed by <mask>.
07/05/2022 13:58:16 - INFO - __main__ - <mask> is a more efficient alternative to <mask>.
07/05/2022 13:58:16 - INFO - __main__ - <mask> has been replaced by <mask>.
07/05/2022 13:58:16 - INFO - __main__ - <mask> is a cheaper alternative to <mask>.
07/05/2022 13:58:16 - INFO - __main__ - the <mask> is a more powerful version of the <mask>.
07/05/2022 13:58:16 - INFO - __main__ - <mask> can be used as a substitute for <mask>.
07/05/2022 13:58:16 - INFO - __main__ - <mask> is a more general term for the same type of <mask>.
07/05/2022 13:58:16 - INFO - __main__ - <mask> is a major source of the <mask>.
07/05/2022 13:58:16 - INFO - __main__ - <mask> is the same as <mask>.
07/05/2022 13:58:16 - INFO - __main__ - <mask> has been shown to interact with <mask>.
07/05/2022 13:58:16 - INFO - __main__ - ****************************
07/05/2022 13:58:16 - INFO - __main__ - *********References*********
07/05/2022 13:58:16 - INFO - __main__ - ['<mask> is contained in <mask>.']
07/05/2022 13:58:16 - INFO - __main__ - ****************************
07/05/2022 13:58:30 - INFO - __main__ - ***********Input************
07/05/2022 13:58:30 - INFO - __main__ - the <mask> was full of furry orange-and-black <mask> -- kittens .
07/05/2022 13:58:30 - INFO - __main__ - *********Hypothesis*********
07/05/2022 13:58:30 - INFO - __main__ - <mask> cats are often used as a companion dog to a <mask>.
07/05/2022 13:58:30 - INFO - __main__ - <mask> cats have a similar temperament to <mask>.
07/05/2022 13:58:30 - INFO - __main__ - <mask> cats are often used as a substitute for <mask>.
07/05/2022 13:58:30 - INFO - __main__ - <mask> dogs are usually a mix of a purebred <mask>.
07/05/2022 13:58:30 - INFO - __main__ - <mask> pets include a dog named <mask>.
07/05/2022 13:58:30 - INFO - __main__ - <mask> cat is a breed of dog that is similar to a <mask>.
07/05/2022 13:58:30 - INFO - __main__ - <mask> cats, dogs, and cats are often used as pets, including a <mask>.
07/05/2022 13:58:30 - INFO - __main__ - <mask> dogs include the <mask>.
07/05/2022 13:58:30 - INFO - __main__ - <mask> is a <mask>.
07/05/2022 13:58:30 - INFO - __main__ - <mask> was a member of the group <mask>.
07/05/2022 13:58:30 - INFO - __main__ - ****************************
07/05/2022 13:58:30 - INFO - __main__ - *********References*********
07/05/2022 13:58:30 - INFO - __main__ - ['<mask> is contained in <mask>.']
07/05/2022 13:58:30 - INFO - __main__ - ****************************
07/05/2022 13:58:30 - INFO - __main__ - Task: semeval
07/05/2022 13:58:30 - INFO - __main__ - bleu-4: 1.0260389403444568e-79
07/05/2022 13:58:30 - INFO - __main__ - bleu-3: 0.006013148298305597
07/05/2022 13:58:30 - INFO - __main__ - bleu-2: 0.05211805359926483
07/05/2022 13:58:30 - INFO - __main__ - bleu-1: 0.29733604577041434
07/05/2022 13:58:30 - INFO - __main__ - METEOR: 0.26477086072751743
07/05/2022 13:58:30 - INFO - __main__ - ROUGE-L: 0.3786591435366506
07/05/2022 13:58:30 - INFO - __main__ - entailment score(mean-mean): 0.07968601237554954
07/05/2022 13:58:30 - INFO - __main__ - entailment score(mean-max): 0.3570395140776074
07/05/2022 13:58:30 - INFO - __main__ - entailment score(mean-min): 0.0028949564475624356
07/05/2022 13:58:30 - INFO - __main__ - self-BLEU-2: 0.8872848749474413
07/05/2022 13:58:30 - INFO - __main__ - avg: 0.16648287532202546
07/05/2022 13:58:30 - INFO - __main__ - *******************************************************
07/05/2022 13:58:30 - INFO - __main__ - *******************************************************
07/05/2022 13:58:30 - INFO - __main__ - *******************************************************
