07/11/2022 03:22:11 - INFO - __main__ - **************** MODEL CONFIGURATION ****************
07/11/2022 03:22:11 - INFO - __main__ - bart_training             -->   True
07/11/2022 03:22:11 - INFO - __main__ - device                    -->   5
07/11/2022 03:22:11 - INFO - __main__ - group_beam                -->   True
07/11/2022 03:22:11 - INFO - __main__ - if_then                   -->   False
07/11/2022 03:22:11 - INFO - __main__ - inductor                  -->   rule
07/11/2022 03:22:11 - INFO - __main__ - log_dir                   -->   logs_new/
07/11/2022 03:22:11 - INFO - __main__ - log_name                  -->   semeval-gs+temp+dpp
07/11/2022 03:22:11 - INFO - __main__ - mlm_training              -->   True
07/11/2022 03:22:11 - INFO - __main__ - task                      -->   semeval
07/11/2022 03:22:11 - INFO - __main__ - **************** MODEL CONFIGURATION ****************
07/11/2022 03:23:55 - INFO - __main__ - ***********Input************
07/11/2022 03:23:55 - INFO - __main__ - much of the <mask> evaporated from the <mask> without ever reaching the ground .
07/11/2022 03:23:55 - INFO - __main__ - *********Hypothesis*********
07/11/2022 03:23:55 - INFO - __main__ - the <mask> and <mask> have a similar orbit, but are not in the same orbital plane.
07/11/2022 03:23:55 - INFO - __main__ - he has been a member of the <mask> <mask> mon-based team.
07/11/2022 03:23:55 - INFO - __main__ - during this time, the <mask> was the only planet in the solar system that was not <mask>.
07/11/2022 03:23:55 - INFO - __main__ - he was able to escape from <mask> and return to <mask>, but was captured by the.
07/11/2022 03:23:55 - INFO - __main__ - in the <mask>, the planet <mask> has been destroyed by a massive explosion.
07/11/2022 03:23:55 - INFO - __main__ - this is a list of <mask> <mask>-like features.
07/11/2022 03:23:55 - INFO - __main__ - in the <mask> <mask> the sea is covered with a layer of ice.
07/11/2022 03:23:55 - INFO - __main__ - the <mask>'s atmosphere is a mixture of <mask> and gas.
07/11/2022 03:23:55 - INFO - __main__ - as a result, the <mask> <mask> has been a source of many of the most powerful.
07/11/2022 03:23:55 - INFO - __main__ - the <mask> is the only known planet that is not <mask>-like.
07/11/2022 03:23:55 - INFO - __main__ - ****************************
07/11/2022 03:23:55 - INFO - __main__ - *********References*********
07/11/2022 03:23:55 - INFO - __main__ - ['<mask> is originated from <mask>.']
07/11/2022 03:23:55 - INFO - __main__ - ****************************
07/11/2022 03:24:37 - INFO - __main__ - ***********Input************
07/11/2022 03:24:37 - INFO - __main__ - dolf oehler , a leader in the leftist <mask> of heine <mask> since the 1970s , gathered a group of likeminded critics for this symposium .
07/11/2022 03:24:37 - INFO - __main__ - *********Hypothesis*********
07/11/2022 03:24:37 - INFO - __main__ - he was a member of the <mask> of <mask>.
07/11/2022 03:24:37 - INFO - __main__ - the <mask> was a major influence on <mask>.
07/11/2022 03:24:37 - INFO - __main__ - the <mask>, which was a major influence on <mask>, had a profound effect on the development.
07/11/2022 03:24:37 - INFO - __main__ - he was a member of the <mask> (<mask>).
07/11/2022 03:24:37 - INFO - __main__ - in the <mask>, <mask>'s "fascism" was a major theme in the movement.
07/11/2022 03:24:37 - INFO - __main__ - the <mask> of <mask> theolog.ie.
07/11/2022 03:24:37 - INFO - __main__ - he was one of the founders of <mask> <mask> germany.
07/11/2022 03:24:37 - INFO - __main__ - the <mask> of <mask> theolog.
07/11/2022 03:24:37 - INFO - __main__ - he was a member of the influential <mask> <mask> school.
07/11/2022 03:24:37 - INFO - __main__ - ****************************
07/11/2022 03:24:37 - INFO - __main__ - *********References*********
07/11/2022 03:24:37 - INFO - __main__ - ['<mask> is the collection of <mask>.']
07/11/2022 03:24:37 - INFO - __main__ - ****************************
07/11/2022 03:25:14 - INFO - __main__ - ***********Input************
07/11/2022 03:25:14 - INFO - __main__ - the cornish pirates have signed a <mask> to tackle <mask> as part of their commitment to save energy and reduce their environmental footprint .
07/11/2022 03:25:14 - INFO - __main__ - *********Hypothesis*********
07/11/2022 03:25:14 - INFO - __main__ - he is a member of the <mask> and <mask> pledge.
07/11/2022 03:25:14 - INFO - __main__ - he is a member of the <mask>, <mask> pledge.
07/11/2022 03:25:14 - INFO - __main__ - he is a member of the <mask>, a <mask> pledge.
07/11/2022 03:25:14 - INFO - __main__ - the <mask> is a non-profit organization that works to prevent <mask>.
07/11/2022 03:25:14 - INFO - __main__ - a <mask> to the pledge is a pledge to reduce <mask>.
07/11/2022 03:25:14 - INFO - __main__ - the <mask> is a pledge to the <mask> pledge.
07/11/2022 03:25:14 - INFO - __main__ - the <mask> is a global commitment to reduce <mask> emissions and to reduce the greenhouse gas emissions.
07/11/2022 03:25:14 - INFO - __main__ - "<mask>" is a song by <mask>.
07/11/2022 03:25:14 - INFO - __main__ - the <mask> is a <mask> war ii pledge.
07/11/2022 03:25:14 - INFO - __main__ - it is a <mask> of <mask> pledge.
07/11/2022 03:25:14 - INFO - __main__ - ****************************
07/11/2022 03:25:14 - INFO - __main__ - *********References*********
07/11/2022 03:25:14 - INFO - __main__ - ['the topic of <mask> is <mask>.']
07/11/2022 03:25:14 - INFO - __main__ - ****************************
07/11/2022 03:25:47 - INFO - __main__ - ***********Input************
07/11/2022 03:25:47 - INFO - __main__ - the <mask> of the <mask> is lined with more than 3 cm thick castable refractory material .
07/11/2022 03:25:47 - INFO - __main__ - *********Hypothesis*********
07/11/2022 03:25:47 - INFO - __main__ - the <mask> and <mask> have been used as a model for the development of the internet.
07/11/2022 03:25:47 - INFO - __main__ - he was a member of the <mask> and <mask> bands.
07/11/2022 03:25:47 - INFO - __main__ - the <mask> is a <mask>-based, non-profit organization.
07/11/2022 03:25:47 - INFO - __main__ - the <mask> and <mask> have been used as a model for the development of the internet.com domain.
07/11/2022 03:25:47 - INFO - __main__ - "the <mask>" is a song by <mask> of god.
07/11/2022 03:25:47 - INFO - __main__ - a large number of <mask> and <mask>'s works are in the public domain.
07/11/2022 03:25:47 - INFO - __main__ - it is located on the <mask> of <mask>, and is a popular tourist destination.
07/11/2022 03:25:47 - INFO - __main__ - he was a member of the <mask> and <mask> bands.he was the lead singer of the band.
07/11/2022 03:25:47 - INFO - __main__ - the <mask> and <mask> have been used as a model for the development of the new technology.
07/11/2022 03:25:47 - INFO - __main__ - a number of <mask> and <mask>-based companies have been established.
07/11/2022 03:25:47 - INFO - __main__ - ****************************
07/11/2022 03:25:47 - INFO - __main__ - *********References*********
07/11/2022 03:25:47 - INFO - __main__ - ['<mask> is the component of <mask>.']
07/11/2022 03:25:47 - INFO - __main__ - ****************************
07/11/2022 03:26:16 - INFO - __main__ - ***********Input************
07/11/2022 03:26:16 - INFO - __main__ - the <mask> , made up of one or more <mask> , encloses an ovary that contains the ovules , or potential seeds .
07/11/2022 03:26:16 - INFO - __main__ - *********Hypothesis*********
07/11/2022 03:26:16 - INFO - __main__ - the larvae feed on <mask> and <mask> species.
07/11/2022 03:26:16 - INFO - __main__ - it is the only species in the genus <mask>, which is sometimes called <mask>.
07/11/2022 03:26:16 - INFO - __main__ - the larvae feed on <mask> species, including <mask> spp.
07/11/2022 03:26:16 - INFO - __main__ - he was a member of the <mask> and <mask> club.he was the captain of the.
07/11/2022 03:26:16 - INFO - __main__ - the larvae feed on <mask> and <mask> species.the larvae have been recorded feeding.
07/11/2022 03:26:16 - INFO - __main__ - it is the only species in the genus <mask>, and the only <mask> species.
07/11/2022 03:26:16 - INFO - __main__ - in the <mask>, the <mask> ovules.
07/11/2022 03:26:16 - INFO - __main__ - they are often confused with <mask> and <mask>, but are not closely related.
07/11/2022 03:26:16 - INFO - __main__ - in the <mask> and <mask>, the female is usually a little smaller than the male and the male.
07/11/2022 03:26:16 - INFO - __main__ - a number of <mask> and <mask>-like structures are found in the area, and are.
07/11/2022 03:26:16 - INFO - __main__ - ****************************
07/11/2022 03:26:16 - INFO - __main__ - *********References*********
07/11/2022 03:26:16 - INFO - __main__ - ['<mask> is the component of <mask>.']
07/11/2022 03:26:16 - INFO - __main__ - ****************************
07/11/2022 03:26:54 - INFO - __main__ - ***********Input************
07/11/2022 03:26:54 - INFO - __main__ - <mask> appear by <mask> when circumstances prevent their appearance in person .
07/11/2022 03:26:54 - INFO - __main__ - *********Hypothesis*********
07/11/2022 03:26:54 - INFO - __main__ - the <mask> of <mask> of the crown of england.
07/11/2022 03:26:54 - INFO - __main__ - a number of <mask> <mask> have been created.
07/11/2022 03:26:54 - INFO - __main__ - he is a member of <mask> <mask>, and group.
07/11/2022 03:26:54 - INFO - __main__ - he is a member of <mask> and <mask>.
07/11/2022 03:26:54 - INFO - __main__ - in the end, the <mask> are able to communicate with each other via <mask>, and they are.
07/11/2022 03:26:54 - INFO - __main__ - it was later revealed that <mask> had been using <mask> to communicate with each other.
07/11/2022 03:26:54 - INFO - __main__ - the <mask> are <mask> the superhero league.
07/11/2022 03:26:54 - INFO - __main__ - in the <mask>, <mask> the justice.
07/11/2022 03:26:54 - INFO - __main__ - he is a member of the <mask> <mask> twitter the.
07/11/2022 03:26:54 - INFO - __main__ - ****************************
07/11/2022 03:26:54 - INFO - __main__ - *********References*********
07/11/2022 03:26:54 - INFO - __main__ - ['<mask> is the instrument of <mask>.']
07/11/2022 03:26:54 - INFO - __main__ - ****************************
