07/11/2022 02:56:19 - INFO - __main__ - **************** MODEL CONFIGURATION ****************
07/11/2022 02:56:19 - INFO - __main__ - bart_training             -->   True
07/11/2022 02:56:19 - INFO - __main__ - device                    -->   6
07/11/2022 02:56:19 - INFO - __main__ - group_beam                -->   True
07/11/2022 02:56:19 - INFO - __main__ - if_then                   -->   False
07/11/2022 02:56:19 - INFO - __main__ - inductor                  -->   rule
07/11/2022 02:56:19 - INFO - __main__ - log_dir                   -->   logs_new/
07/11/2022 02:56:19 - INFO - __main__ - log_name                  -->   TREx-c+gs+dpp
07/11/2022 02:56:19 - INFO - __main__ - mlm_training              -->   True
07/11/2022 02:56:19 - INFO - __main__ - task                      -->   TREx
07/11/2022 02:56:19 - INFO - __main__ - **************** MODEL CONFIGURATION ****************
07/11/2022 02:58:05 - INFO - __main__ - ***********Input************
07/11/2022 02:58:05 - INFO - __main__ - The production included a 32-member choir, session musician Dan Higgins on soprano saxophone, jazz pianist Russell Ferrante of The Yellowjackets, notable string players Dave Stone (upright bass), <mask> (<mask>), and Steve Erdody (cello).
07/11/2022 02:58:05 - INFO - __main__ - *********Hypothesis*********
07/11/2022 02:58:05 - INFO - __main__ - <mask> smith: a history of the <mask>.
07/11/2022 02:58:05 - INFO - __main__ - <mask>: the essential guide to <mask>.
07/11/2022 02:58:05 - INFO - __main__ - <mask>.: a history of <mask>.
07/11/2022 02:58:05 - INFO - __main__ - <mask> smith is a former professional <mask>.
07/11/2022 02:58:05 - INFO - __main__ - <mask> smith – for his solo and <mask>.
07/11/2022 02:58:05 - INFO - __main__ - <mask>: the essential guide to jazz <mask>.
07/11/2022 02:58:05 - INFO - __main__ - <mask>: the essential guide to jazz and <mask>.
07/11/2022 02:58:05 - INFO - __main__ - <mask> smith: the art of playing <mask>.
07/11/2022 02:58:05 - INFO - __main__ - <mask> – bass guitar, <mask>.
07/11/2022 02:58:05 - INFO - __main__ - <mask> is the current bassist for <mask>.
07/11/2022 02:58:05 - INFO - __main__ - ****************************
07/11/2022 02:58:05 - INFO - __main__ - *********References*********
07/11/2022 02:58:05 - INFO - __main__ - ['<mask> plays <mask>.']
07/11/2022 02:58:05 - INFO - __main__ - ****************************
07/11/2022 02:58:38 - INFO - __main__ - ***********Input************
07/11/2022 02:58:38 - INFO - __main__ - "<mask>" is a song by <mask> post-punk band Joy Division.
07/11/2022 02:58:38 - INFO - __main__ - *********Hypothesis*********
07/11/2022 02:58:38 - INFO - __main__ - <mask> you a <mask>.
07/11/2022 02:58:38 - INFO - __main__ - <mask> is a compilation album by <mask>.
07/11/2022 02:58:38 - INFO - __main__ - <mask> back is a song by <mask>.
07/11/2022 02:58:38 - INFO - __main__ - <mask> you, you <mask>.
07/11/2022 02:58:38 - INFO - __main__ - <mask> me is a song by <mask>.
07/11/2022 02:58:38 - INFO - __main__ - <mask> is a song by <mask>.
07/11/2022 02:58:38 - INFO - __main__ - <mask> was released in <mask>.
07/11/2022 02:58:38 - INFO - __main__ - <mask> is the debut studio album by <mask>.
07/11/2022 02:58:38 - INFO - __main__ - <mask> has been translated into <mask>.
07/11/2022 02:58:38 - INFO - __main__ - <mask> was released as a single in <mask>.
07/11/2022 02:58:38 - INFO - __main__ - ****************************
07/11/2022 02:58:38 - INFO - __main__ - *********References*********
07/11/2022 02:58:38 - INFO - __main__ - ['<mask> was written in <mask>.']
07/11/2022 02:58:38 - INFO - __main__ - ****************************
07/11/2022 02:59:11 - INFO - __main__ - ***********Input************
07/11/2022 02:59:11 - INFO - __main__ - Toseland is also a solo artist and in the past has performed alongside <mask> for <mask>'s Sport Relief and played a piano set at the British sports personality of the year awards in 2007.
07/11/2022 02:59:11 - INFO - __main__ - *********Hypothesis*********
07/11/2022 02:59:11 - INFO - __main__ - <mask>: the best of <mask>.
07/11/2022 02:59:11 - INFO - __main__ - <mask> is a music video director for <mask>.
07/11/2022 02:59:11 - INFO - __main__ - <mask>, "i'm a celebrity" <mask>.
07/11/2022 02:59:11 - INFO - __main__ - <mask> was the only artist to perform on <mask>.
07/11/2022 02:59:11 - INFO - __main__ - <mask>, "i'm a celebrity" – <mask>.
07/11/2022 02:59:11 - INFO - __main__ - <mask> is the only person to have won the award twice in <mask>.
07/11/2022 02:59:11 - INFO - __main__ - <mask>: a history of the <mask>.
07/11/2022 02:59:11 - INFO - __main__ - <mask>., "i'm a celebrity" <mask>.
07/11/2022 02:59:11 - INFO - __main__ - <mask>, the last word, <mask>.
07/11/2022 02:59:11 - INFO - __main__ - <mask>. is a music video director for <mask>.
07/11/2022 02:59:11 - INFO - __main__ - ****************************
07/11/2022 02:59:11 - INFO - __main__ - *********References*********
07/11/2022 02:59:11 - INFO - __main__ - ['<mask> works for <mask>.']
07/11/2022 02:59:11 - INFO - __main__ - ****************************
07/11/2022 02:59:50 - INFO - __main__ - ***********Input************
07/11/2022 02:59:50 - INFO - __main__ - <mask>' emergence from international isolation has been marked through improved and expanded relations with other nations such as <mask>, France, Japan, Sweden, and India.
07/11/2022 02:59:50 - INFO - __main__ - *********Hypothesis*********
07/11/2022 02:59:50 - INFO - __main__ - <mask> as a major trading partner of <mask>.
07/11/2022 02:59:50 - INFO - __main__ - <mask> in the world was a result of the war with <mask>.
07/11/2022 02:59:50 - INFO - __main__ - <mask> into the world was a result of the war with <mask>.
07/11/2022 02:59:50 - INFO - __main__ - <mask> was not without controversy in <mask>.
07/11/2022 02:59:50 - INFO - __main__ - <mask> was not without its own problems, especially with <mask>.
07/11/2022 02:59:50 - INFO - __main__ - <mask> into the war had been a catalyst for the development of <mask>.
07/11/2022 02:59:50 - INFO - __main__ - <mask> is a result of the war with <mask>.
07/11/2022 02:59:50 - INFO - __main__ - <mask> into the world is a result of <mask>.
07/11/2022 02:59:50 - INFO - __main__ - <mask> in the region was due to the discovery of gold in <mask>.
07/11/2022 02:59:50 - INFO - __main__ - <mask> the was <mask>.
07/11/2022 02:59:50 - INFO - __main__ - ****************************
07/11/2022 02:59:50 - INFO - __main__ - *********References*********
07/11/2022 02:59:50 - INFO - __main__ - ['<mask> maintains diplomatic relations with <mask>.']
07/11/2022 02:59:50 - INFO - __main__ - ****************************
07/11/2022 03:00:23 - INFO - __main__ - ***********Input************
07/11/2022 03:00:23 - INFO - __main__ - <mask> (also known as Award Theatre and Golden Years of Television) is a 30-minute dramatic television anthology series telecast on <mask> from 1957 to 1960 for a total of 55 episodes.
07/11/2022 03:00:23 - INFO - __main__ - *********Hypothesis*********
07/11/2022 03:00:23 - INFO - __main__ - <mask>: the rise and fall of <mask>.
07/11/2022 03:00:23 - INFO - __main__ - <mask>: a history of <mask>.
07/11/2022 03:00:23 - INFO - __main__ - <mask>: the golden age of <mask>.
07/11/2022 03:00:23 - INFO - __main__ - <mask>, a television series produced by <mask>.
07/11/2022 03:00:23 - INFO - __main__ - <mask> is a television series that aired on <mask>.
07/11/2022 03:00:23 - INFO - __main__ - <mask> is a television anthology series produced by <mask>.
07/11/2022 03:00:23 - INFO - __main__ - <mask> was a television series that aired on <mask>.
07/11/2022 03:00:23 - INFO - __main__ - <mask> was the golden age of <mask>.
07/11/2022 03:00:23 - INFO - __main__ - <mask> is a television series produced by <mask>.
07/11/2022 03:00:23 - INFO - __main__ - <mask> is a television program on <mask>.
07/11/2022 03:00:23 - INFO - __main__ - ****************************
07/11/2022 03:00:23 - INFO - __main__ - *********References*********
07/11/2022 03:00:23 - INFO - __main__ - ['<mask> was originally aired on <mask>.']
07/11/2022 03:00:23 - INFO - __main__ - ****************************
07/11/2022 03:01:05 - INFO - __main__ - ***********Input************
07/11/2022 03:01:05 - INFO - __main__ - Kulture Jazz is an album by American <mask> trumpeter and composer <mask> recorded in 1993 and released on the ECM label.
07/11/2022 03:01:05 - INFO - __main__ - *********Hypothesis*********
07/11/2022 03:01:05 - INFO - __main__ - <mask> band the who recorded a cover of the song, which was later covered by <mask>.
07/11/2022 03:01:05 - INFO - __main__ - <mask> bill: the life and times of <mask>.
07/11/2022 03:01:05 - INFO - __main__ - <mask> composer and pianist <mask>.
07/11/2022 03:01:05 - INFO - __main__ - <mask> evans is a jazz album by <mask>.
07/11/2022 03:01:05 - INFO - __main__ - <mask> jazz saxophonist <mask>.
07/11/2022 03:01:05 - INFO - __main__ - <mask> jazz pianist and composer <mask>.
07/11/2022 03:01:05 - INFO - __main__ - <mask> composer, conductor, and pianist <mask>.
07/11/2022 03:01:05 - INFO - __main__ - <mask> romanticism: the life and music of <mask>.
07/11/2022 03:01:05 - INFO - __main__ - <mask> evans, and the music of <mask>.
07/11/2022 03:01:05 - INFO - __main__ - <mask> music has been influenced by <mask>.
07/11/2022 03:01:05 - INFO - __main__ - ****************************
07/11/2022 03:01:05 - INFO - __main__ - *********References*********
07/11/2022 03:01:05 - INFO - __main__ - ['<mask> plays <mask> music.']
07/11/2022 03:01:05 - INFO - __main__ - ****************************
07/11/2022 03:02:02 - INFO - __main__ - ***********Input************
07/11/2022 03:02:02 - INFO - __main__ - The Nazi Ghost Train is the popular name for a train that, at the beginning of September 1944, was intended to transport the political prisoners and Allied airmen held at <mask> in <mask>, to camps in Germany.
07/11/2022 03:02:02 - INFO - __main__ - *********Hypothesis*********
07/11/2022 03:02:02 - INFO - __main__ - <mask> is a former military installation in <mask>.
07/11/2022 03:02:02 - INFO - __main__ - <mask>. is a former military installation in <mask>.
07/11/2022 03:02:02 - INFO - __main__ - <mask>-belsen is the largest city in <mask>.
07/11/2022 03:02:02 - INFO - __main__ - <mask> the then used <mask>.
07/11/2022 03:02:02 - INFO - __main__ - <mask> the, in <mask>.
07/11/2022 03:02:02 - INFO - __main__ - <mask>, the largest and most modern of the military installations in the state of <mask>.
07/11/2022 03:02:02 - INFO - __main__ - <mask>-belsen is a city in <mask>.
07/11/2022 03:02:02 - INFO - __main__ - <mask> is located in the state of <mask>.
07/11/2022 03:02:02 - INFO - __main__ - <mask> was a major military base in <mask>.
07/11/2022 03:02:02 - INFO - __main__ - <mask> ridge is a former military installation in <mask>.
07/11/2022 03:02:02 - INFO - __main__ - ****************************
07/11/2022 03:02:02 - INFO - __main__ - *********References*********
07/11/2022 03:02:02 - INFO - __main__ - ['<mask> shares border with <mask>.']
07/11/2022 03:02:02 - INFO - __main__ - ****************************
07/11/2022 03:02:59 - INFO - __main__ - ***********Input************
07/11/2022 03:02:59 - INFO - __main__ - Bienvenue chez les Ch'tis ([bjɛ̃vny ʃe le ʃti]; English: Welcome to the Sticks or Welcome to the Land of Shtis) is a 2008 <mask> comedy film directed, co-written by and starring Dany Boon, co-starring <mask> and Zoé Félix.
07/11/2022 03:02:59 - INFO - __main__ - *********Hypothesis*********
07/11/2022 03:02:59 - INFO - __main__ - <mask> was the only language spoken by <mask>.
07/11/2022 03:02:59 - INFO - __main__ - <mask> is the official language of <mask>.
07/11/2022 03:02:59 - INFO - __main__ - <mask>, who was a friend of <mask>.
07/11/2022 03:02:59 - INFO - __main__ - <mask> troops were sent to <mask>.
07/11/2022 03:02:59 - INFO - __main__ - <mask> authorities have not released any information about <mask>.
07/11/2022 03:02:59 - INFO - __main__ - <mask>: "i am a <mask>.
07/11/2022 03:02:59 - INFO - __main__ - <mask> translation of the book by <mask>.
07/11/2022 03:02:59 - INFO - __main__ - <mask> was a friend of <mask>.
07/11/2022 03:02:59 - INFO - __main__ - <mask> officials were not impressed with the performance of <mask>.
07/11/2022 03:02:59 - INFO - __main__ - <mask> intelligence was unable to determine the exact location of <mask>.
07/11/2022 03:02:59 - INFO - __main__ - ****************************
07/11/2022 03:02:59 - INFO - __main__ - *********References*********
07/11/2022 03:02:59 - INFO - __main__ - ['the native language of <mask> is <mask>.']
07/11/2022 03:02:59 - INFO - __main__ - ****************************
07/11/2022 03:03:45 - INFO - __main__ - ***********Input************
07/11/2022 03:03:45 - INFO - __main__ - He is the lead singer and songwriter for the <mask> band <mask>.
07/11/2022 03:03:45 - INFO - __main__ - *********Hypothesis*********
07/11/2022 03:03:45 - INFO - __main__ - <mask> rock band <mask>.
07/11/2022 03:03:45 - INFO - __main__ - <mask> alternative rock band <mask>.
07/11/2022 03:03:45 - INFO - __main__ - <mask> hip hop group <mask>.
07/11/2022 03:03:45 - INFO - __main__ - <mask> release of "i don't want to be"" by <mask>.
07/11/2022 03:03:45 - INFO - __main__ - <mask> authorities have not confirmed the death of <mask>.
07/11/2022 03:03:45 - INFO - __main__ - <mask> troops were sent to <mask>.
07/11/2022 03:03:45 - INFO - __main__ - <mask> is the official language of <mask>.
07/11/2022 03:03:45 - INFO - __main__ - <mask> heavy metal band <mask>.
07/11/2022 03:03:45 - INFO - __main__ - <mask> rock band, <mask>.
07/11/2022 03:03:45 - INFO - __main__ - <mask> authorities have never officially confirmed the death of <mask>.
07/11/2022 03:03:45 - INFO - __main__ - ****************************
07/11/2022 03:03:45 - INFO - __main__ - *********References*********
07/11/2022 03:03:45 - INFO - __main__ - ['<mask> was founded in <mask>.']
07/11/2022 03:03:45 - INFO - __main__ - ****************************
07/11/2022 03:04:32 - INFO - __main__ - ***********Input************
07/11/2022 03:04:32 - INFO - __main__ - The Acra is often called the Seleucid Acra to distinguish it from references to the <mask> as an acra and from the later quarter in <mask> which inherited the name Acra.
07/11/2022 03:04:32 - INFO - __main__ - *********Hypothesis*********
07/11/2022 03:04:32 - INFO - __main__ - <mask> were the most important people in <mask>.
07/11/2022 03:04:32 - INFO - __main__ - <mask> had a long history of trade with <mask>.
07/11/2022 03:04:32 - INFO - __main__ - <mask> were known to have used the same method of writing in ancient <mask>.
07/11/2022 03:04:32 - INFO - __main__ - <mask> tribes were the most numerous in <mask>.
07/11/2022 03:04:32 - INFO - __main__ - <mask> was a town in ancient <mask>.
07/11/2022 03:04:32 - INFO - __main__ - <mask> and greeks had been living in the area since ancient <mask>.
07/11/2022 03:04:32 - INFO - __main__ - <mask> culture was a major influence on the <mask>.
07/11/2022 03:04:32 - INFO - __main__ - <mask> was a roman city, located in the ancient city of <mask>.
07/11/2022 03:04:32 - INFO - __main__ - <mask> women were not allowed to marry in <mask>.
07/11/2022 03:04:32 - INFO - __main__ - <mask>.id is a state-owned company in <mask>.
07/11/2022 03:04:32 - INFO - __main__ - ****************************
07/11/2022 03:04:32 - INFO - __main__ - *********References*********
07/11/2022 03:04:32 - INFO - __main__ - ['<mask> is located in <mask>.']
07/11/2022 03:04:32 - INFO - __main__ - ****************************
07/11/2022 03:05:16 - INFO - __main__ - ***********Input************
07/11/2022 03:05:16 - INFO - __main__ - Born in Barcelona to a <mask> father and a Swiss mother, <mask> was Mayor of Évry from 2001 to 2012 and was first elected to the National Assembly of France in 2002.
07/11/2022 03:05:16 - INFO - __main__ - *********Hypothesis*********
07/11/2022 03:05:16 - INFO - __main__ - <mask> troops were sent to the area to protect <mask>.
07/11/2022 03:05:16 - INFO - __main__ - <mask> is the official language of <mask>.
07/11/2022 03:05:16 - INFO - __main__ - <mask> was the official language of the <mask>.
07/11/2022 03:05:16 - INFO - __main__ - <mask> authorities have never officially confirmed the death of <mask>.
07/11/2022 03:05:16 - INFO - __main__ - <mask> forces had been ordered to attack the <mask>.
07/11/2022 03:05:16 - INFO - __main__ - <mask> troops then began to withdraw from <mask>.
07/11/2022 03:05:16 - INFO - __main__ - <mask>-speaking people are known as <mask>.
07/11/2022 03:05:16 - INFO - __main__ - <mask>: "i am a <mask>.
07/11/2022 03:05:16 - INFO - __main__ - <mask> is the official language of the commune <mask>.
07/11/2022 03:05:16 - INFO - __main__ - <mask> was the only language spoken by the <mask>.
07/11/2022 03:05:16 - INFO - __main__ - ****************************
07/11/2022 03:05:16 - INFO - __main__ - *********References*********
07/11/2022 03:05:16 - INFO - __main__ - ['the native language of <mask> is <mask>.']
07/11/2022 03:05:16 - INFO - __main__ - ****************************
07/11/2022 03:05:50 - INFO - __main__ - ***********Input************
07/11/2022 03:05:50 - INFO - __main__ - <mask> (Greek: Ανδρέας Εμπειρίκος; Brăila, 2 September 1901 – 3 August 1975, Athens) was a Greek surrealist <mask> and the first Greek psychoanalyst.
07/11/2022 03:05:50 - INFO - __main__ - *********Hypothesis*********
07/11/2022 03:05:50 - INFO - __main__ - <mask> was a great <mask>.
07/11/2022 03:05:50 - INFO - __main__ - <mask> was a <mask>.
07/11/2022 03:05:50 - INFO - __main__ - <mask> is considered the father of psychoanalysis <mask>.
07/11/2022 03:05:50 - INFO - __main__ - <mask>'s work on psychoanalysis <mask>.
07/11/2022 03:05:50 - INFO - __main__ - <mask> was a pioneer <mask>.
07/11/2022 03:05:50 - INFO - __main__ - <mask> is a <mask>.
07/11/2022 03:05:50 - INFO - __main__ - <mask> was an avid <mask>.
07/11/2022 03:05:50 - INFO - __main__ - <mask>: a philosopher and <mask>.
07/11/2022 03:05:50 - INFO - __main__ - <mask>: the life of a <mask>.
07/11/2022 03:05:50 - INFO - __main__ - <mask>, who was a <mask>.
07/11/2022 03:05:50 - INFO - __main__ - ****************************
07/11/2022 03:05:50 - INFO - __main__ - *********References*********
07/11/2022 03:05:50 - INFO - __main__ - ['<mask> is a <mask> by profession.']
07/11/2022 03:05:50 - INFO - __main__ - ****************************
07/11/2022 03:06:06 - INFO - __main__ - ***********Input************
07/11/2022 03:06:06 - INFO - __main__ - The <mask> Accounting Machine, introduced in 1949, was one of a long line of <mask> tabulating machines dating back to the days of Herman Hollerith.
07/11/2022 03:06:06 - INFO - __main__ - *********Hypothesis*********
07/11/2022 03:06:06 - INFO - __main__ - <mask>'s work on the computer was a major influence on <mask>.
07/11/2022 03:06:06 - INFO - __main__ - <mask>, the company was a division of <mask>.
07/11/2022 03:06:06 - INFO - __main__ - <mask>-based companies were not allowed to use the name <mask>.
07/11/2022 03:06:06 - INFO - __main__ - <mask>'s main competitor for the market share was <mask>.
07/11/2022 03:06:06 - INFO - __main__ - <mask> is a software development company that is a subsidiary of <mask>.
07/11/2022 03:06:06 - INFO - __main__ - <mask> company was the largest supplier of computer peripherals to <mask>.
07/11/2022 03:06:06 - INFO - __main__ - <mask> troops were sent to the area to protect the settlers from the advancing <mask>.
07/11/2022 03:06:06 - INFO - __main__ - <mask> soldiers were not allowed to wear the uniform of <mask>.
07/11/2022 03:06:06 - INFO - __main__ - <mask> was, however, still retained the rights to the name <mask>.
07/11/2022 03:06:06 - INFO - __main__ - <mask> soldiers and sailors were killed, and the rest were captured by <mask>.
07/11/2022 03:06:06 - INFO - __main__ - ****************************
07/11/2022 03:06:06 - INFO - __main__ - *********References*********
07/11/2022 03:06:06 - INFO - __main__ - ['<mask> is produced by <mask>.']
07/11/2022 03:06:06 - INFO - __main__ - ****************************
07/11/2022 03:06:48 - INFO - __main__ - ***********Input************
07/11/2022 03:06:48 - INFO - __main__ - First documented in the 13th century and situated at the crossing of two important historic trade routes, <mask> became the capital of the Margraviate of <mask> (1417–1701), the Kingdom of Prussia (1701–1918), the German Empire (1871–1918), the Weimar Republic (1919–1933) and the Third Reich (1933–1945).
07/11/2022 03:06:48 - INFO - __main__ - *********Hypothesis*********
07/11/2022 03:06:48 - INFO - __main__ - <mask> is the capital of <mask>.
07/11/2022 03:06:48 - INFO - __main__ - <mask> was the capital of <mask>.
07/11/2022 03:06:48 - INFO - __main__ - <mask> is the capital and largest city of <mask>.
07/11/2022 03:06:48 - INFO - __main__ - <mask>. is the largest city in <mask>.
07/11/2022 03:06:48 - INFO - __main__ - <mask> is the largest city in <mask>.
07/11/2022 03:06:48 - INFO - __main__ - <mask> is the capital of the federal state of <mask>.
07/11/2022 03:06:48 - INFO - __main__ - <mask> is a city in the <mask>.
07/11/2022 03:06:48 - INFO - __main__ - <mask> is one of the most important cities in <mask>.
07/11/2022 03:06:48 - INFO - __main__ - <mask> is a city in <mask>.
07/11/2022 03:06:48 - INFO - __main__ - <mask> was then the capital of <mask>.
07/11/2022 03:06:48 - INFO - __main__ - ****************************
07/11/2022 03:06:48 - INFO - __main__ - *********References*********
07/11/2022 03:06:48 - INFO - __main__ - ['the capital of <mask> is <mask>.']
07/11/2022 03:06:48 - INFO - __main__ - ****************************
07/11/2022 03:07:19 - INFO - __main__ - ***********Input************
07/11/2022 03:07:19 - INFO - __main__ - María <mask> Portales (born March 6, 1965 in <mask>), is a Chilean television, theatre and film actress.
07/11/2022 03:07:19 - INFO - __main__ - *********Hypothesis*********
07/11/2022 03:07:19 - INFO - __main__ - <mask> is a young woman who lives in <mask>.
07/11/2022 03:07:19 - INFO - __main__ - <mask> was born and raised in the city of <mask>.
07/11/2022 03:07:19 - INFO - __main__ - <mask> was born and raised in <mask>.
07/11/2022 03:07:19 - INFO - __main__ - <mask> is the daughter of a wealthy family in <mask>.
07/11/2022 03:07:19 - INFO - __main__ - <mask> was born in the city of <mask>.
07/11/2022 03:07:19 - INFO - __main__ - <mask>, who is the daughter of a wealthy family, lives in <mask>.
07/11/2022 03:07:19 - INFO - __main__ - <mask> has been a member of the editorial board of the magazine <mask>.
07/11/2022 03:07:19 - INFO - __main__ - <mask>'s mother, who is a nurse, is in <mask>.
07/11/2022 03:07:19 - INFO - __main__ - <mask> is a young girl who is the daughter of <mask>.
07/11/2022 03:07:19 - INFO - __main__ - <mask> is the daughter of a wealthy family from <mask>.
07/11/2022 03:07:19 - INFO - __main__ - ****************************
07/11/2022 03:07:19 - INFO - __main__ - *********References*********
07/11/2022 03:07:19 - INFO - __main__ - ['<mask> was born in <mask>.']
07/11/2022 03:07:19 - INFO - __main__ - ****************************
07/11/2022 03:07:52 - INFO - __main__ - ***********Input************
07/11/2022 03:07:52 - INFO - __main__ - The problem was that neither figure was particularly impressive; the <mask> (based on a <mask> concept car of 1954) wasn't doing all that well even before competition came over the horizon.
07/11/2022 03:07:52 - INFO - __main__ - *********Hypothesis*********
07/11/2022 03:07:52 - INFO - __main__ - <mask> is the name of a range of vehicles produced by <mask>.
07/11/2022 03:07:52 - INFO - __main__ - <mask>.'s design was based on the design of the <mask>.
07/11/2022 03:07:52 - INFO - __main__ - <mask> is an automobile brand owned and operated by <mask>.
07/11/2022 03:07:52 - INFO - __main__ - <mask> was a luxury car produced by <mask>.
07/11/2022 03:07:52 - INFO - __main__ - <mask> design was based on the design of <mask>.
07/11/2022 03:07:52 - INFO - __main__ - <mask>'s name was changed to <mask>.
07/11/2022 03:07:52 - INFO - __main__ - <mask> and the team's new sponsor <mask>.
07/11/2022 03:07:52 - INFO - __main__ - <mask> has been a major contributor to the development of <mask>.
07/11/2022 03:07:52 - INFO - __main__ - <mask> used as a test car for <mask>.
07/11/2022 03:07:52 - INFO - __main__ - <mask> was the only car in the series to be built by <mask>.
07/11/2022 03:07:52 - INFO - __main__ - ****************************
07/11/2022 03:07:52 - INFO - __main__ - *********References*********
07/11/2022 03:07:52 - INFO - __main__ - ['<mask> is produced by <mask>.']
07/11/2022 03:07:52 - INFO - __main__ - ****************************
07/11/2022 03:08:39 - INFO - __main__ - ***********Input************
07/11/2022 03:08:39 - INFO - __main__ - His credits include Star Trek: The Next Generation, Deep Space Nine, The Twilight Zone, Babylon 5, Beauty and the Beast, <mask>, Sliders, Friday the 13th: The Series, Liberty's Kids, Superfriends, He-Man and the Masters of the Universe, Real Ghostbusters, The Smurfs and many others, as well as pilots for <mask>, NBC, ABC and Showtime.
07/11/2022 03:08:39 - INFO - __main__ - *********Hypothesis*********
07/11/2022 03:08:39 - INFO - __main__ - <mask> is a television series that aired on <mask>.
07/11/2022 03:08:39 - INFO - __main__ - <mask> was the most watched show on <mask>.
07/11/2022 03:08:39 - INFO - __main__ - <mask> is a comedy television series that aired on <mask>.
07/11/2022 03:08:39 - INFO - __main__ - <mask> is an animated television series produced by <mask>.
07/11/2022 03:08:39 - INFO - __main__ - <mask>: the animated series is a television series that aired on <mask>.
07/11/2022 03:08:39 - INFO - __main__ - <mask> was originally broadcast on the cable network <mask>.
07/11/2022 03:08:39 - INFO - __main__ - <mask>: the animated series (2001–2002) on <mask>.
07/11/2022 03:08:39 - INFO - __main__ - <mask> was the highest-rated animated series on <mask>.
07/11/2022 03:08:39 - INFO - __main__ - <mask> has been a major success for <mask>.
07/11/2022 03:08:39 - INFO - __main__ - <mask>: the next generation is a television series that aired on <mask>.
07/11/2022 03:08:39 - INFO - __main__ - ****************************
07/11/2022 03:08:39 - INFO - __main__ - *********References*********
07/11/2022 03:08:39 - INFO - __main__ - ['<mask> was originally aired on <mask>.']
07/11/2022 03:08:39 - INFO - __main__ - ****************************
07/11/2022 03:09:18 - INFO - __main__ - ***********Input************
07/11/2022 03:09:18 - INFO - __main__ - <mask> (born August 2, 1973 in Drummondville, Quebec) is a <mask> ice hockey player.
07/11/2022 03:09:18 - INFO - __main__ - *********Hypothesis*********
07/11/2022 03:09:18 - INFO - __main__ - <mask>-pierre is a <mask>.
07/11/2022 03:09:18 - INFO - __main__ - <mask>.- was a <mask>.
07/11/2022 03:09:18 - INFO - __main__ - <mask> is a <mask>.
07/11/2022 03:09:18 - INFO - __main__ - <mask>- l is <mask>.
07/11/2022 03:09:18 - INFO - __main__ - <mask>, is a <mask>.
07/11/2022 03:09:18 - INFO - __main__ - <mask>.jean is a <mask>.
07/11/2022 03:09:18 - INFO - __main__ - <mask>- is a <mask>.
07/11/2022 03:09:18 - INFO - __main__ - <mask> was a <mask>.
07/11/2022 03:09:18 - INFO - __main__ - <mask>- is is <mask>.
07/11/2022 03:09:18 - INFO - __main__ - <mask>- is is a <mask>.
07/11/2022 03:09:18 - INFO - __main__ - ****************************
07/11/2022 03:09:18 - INFO - __main__ - *********References*********
07/11/2022 03:09:18 - INFO - __main__ - ['<mask> is <mask> citizen.']
07/11/2022 03:09:18 - INFO - __main__ - ****************************
07/11/2022 03:09:50 - INFO - __main__ - ***********Input************
07/11/2022 03:09:50 - INFO - __main__ - The Early Years are an <mask> band from East London consisting of members David Malkinson (<mask>/Guitars), Roger Mackin (Guitars), Brendan Kersey (Bass) and Phil Raines (Drums).
07/11/2022 03:09:50 - INFO - __main__ - *********Hypothesis*********
07/11/2022 03:09:50 - INFO - __main__ - <mask> translation of the book is <mask>.
07/11/2022 03:09:50 - INFO - __main__ - <mask> is the only language that is spoken by most <mask>.
07/11/2022 03:09:50 - INFO - __main__ - <mask>: "i'm a man" <mask>.
07/11/2022 03:09:50 - INFO - __main__ - <mask> and welsh: a dictionary of the language, <mask>.
07/11/2022 03:09:50 - INFO - __main__ - <mask>: the history of the english-english <mask>.
07/11/2022 03:09:50 - INFO - __main__ - <mask> is the medium of instruction in <mask>.
07/11/2022 03:09:50 - INFO - __main__ - <mask> translation: the last days of the <mask>.
07/11/2022 03:09:50 - INFO - __main__ - <mask> idol: the best of <mask>.
07/11/2022 03:09:50 - INFO - __main__ - <mask> is the only language that is spoken by <mask>.
07/11/2022 03:09:50 - INFO - __main__ - <mask> tv drama series the good wife: <mask>.
07/11/2022 03:09:50 - INFO - __main__ - ****************************
07/11/2022 03:09:50 - INFO - __main__ - *********References*********
07/11/2022 03:09:50 - INFO - __main__ - ['<mask> was written in <mask>.']
07/11/2022 03:09:50 - INFO - __main__ - ****************************
07/11/2022 03:10:28 - INFO - __main__ - ***********Input************
07/11/2022 03:10:28 - INFO - __main__ - John Barham is an <mask> classical pianist, composer, arranger, producer and educator, best known for his orchestration of George Harrison albums such as All Things Must Pass (1970) and for his association with Indian sitar maestro <mask>.
07/11/2022 03:10:28 - INFO - __main__ - *********Hypothesis*********
07/11/2022 03:10:28 - INFO - __main__ - <mask> translation of the book by <mask>.
07/11/2022 03:10:28 - INFO - __main__ - <mask> film director and producer <mask>.
07/11/2022 03:10:28 - INFO - __main__ - <mask> lyrics were written by <mask>.
07/11/2022 03:10:28 - INFO - __main__ - <mask> composer and music director <mask>.
07/11/2022 03:10:28 - INFO - __main__ - <mask> version of the song was recorded by <mask>.
07/11/2022 03:10:28 - INFO - __main__ - <mask> translation by <mask>.
07/11/2022 03:10:28 - INFO - __main__ - <mask> was the only language spoken by <mask>.
07/11/2022 03:10:28 - INFO - __main__ - <mask> version was directed by <mask>.
07/11/2022 03:10:28 - INFO - __main__ - <mask> film director, <mask>.
07/11/2022 03:10:28 - INFO - __main__ - <mask>-born film director, <mask>.
07/11/2022 03:10:28 - INFO - __main__ - ****************************
07/11/2022 03:10:28 - INFO - __main__ - *********References*********
07/11/2022 03:10:28 - INFO - __main__ - ['<mask> used to communicate in <mask>.']
07/11/2022 03:10:28 - INFO - __main__ - ****************************
07/11/2022 03:11:03 - INFO - __main__ - ***********Input************
07/11/2022 03:11:03 - INFO - __main__ - On 14 July 1808, in the company of renowned mountain guide Jacques Balmat (possibly instigated by some of his sons, also guides), she became the first woman to climb <mask>, <mask>'s highest mountain.
07/11/2022 03:11:03 - INFO - __main__ - *********Hypothesis*********
07/11/2022 03:11:03 - INFO - __main__ - <mask> is the highest mountain in <mask>.
07/11/2022 03:11:03 - INFO - __main__ - <mask> is a mountain in <mask>.
07/11/2022 03:11:03 - INFO - __main__ - <mask> is the highest point in <mask>.
07/11/2022 03:11:03 - INFO - __main__ - <mask>. is a mountain in <mask>.
07/11/2022 03:11:03 - INFO - __main__ - <mask> the highest mountain in <mask>.
07/11/2022 03:11:03 - INFO - __main__ - <mask> blanc is the highest mountain in <mask>.
07/11/2022 03:11:03 - INFO - __main__ - <mask>: is a popular and popular tourist destination in the central of north country <mask>.
07/11/2022 03:11:03 - INFO - __main__ - <mask> was one of the most popular destinations for tourists in <mask>.
07/11/2022 03:11:03 - INFO - __main__ - <mask> fuji is is a mountain in <mask>.
07/11/2022 03:11:03 - INFO - __main__ - <mask> is a mountain of <mask>.
07/11/2022 03:11:03 - INFO - __main__ - ****************************
07/11/2022 03:11:03 - INFO - __main__ - *********References*********
07/11/2022 03:11:03 - INFO - __main__ - ['<mask> is located in <mask>.']
07/11/2022 03:11:03 - INFO - __main__ - ****************************
07/11/2022 03:11:38 - INFO - __main__ - ***********Input************
07/11/2022 03:11:38 - INFO - __main__ - <mask> (born Elizabeth Guerra Vázquez, February 13, 1972) is a Mexican singer-songwriter who was raised in Monterrey, Nuevo Leon, <mask>.
07/11/2022 03:11:38 - INFO - __main__ - *********Hypothesis*********
07/11/2022 03:11:38 - INFO - __main__ - <mask> is a former professional tennis player from <mask>.
07/11/2022 03:11:38 - INFO - __main__ - <mask>, the daughter of a wealthy family, was raised in <mask>.
07/11/2022 03:11:38 - INFO - __main__ - <mask> was born and raised in <mask>.
07/11/2022 03:11:38 - INFO - __main__ - <mask> was born in the <mask>.
07/11/2022 03:11:38 - INFO - __main__ - <mask> is an actress, singer, and dancer from <mask>.
07/11/2022 03:11:38 - INFO - __main__ - <mask> has been a member of the national team of <mask>.
07/11/2022 03:11:38 - INFO - __main__ - <mask>. is is, is a former international table tennis player from the country of <mask>.
07/11/2022 03:11:38 - INFO - __main__ - <mask>. is. is the first woman to be elected president of the state of <mask>.
07/11/2022 03:11:38 - INFO - __main__ - <mask>.. is a former international table tennis player from the country of <mask>.
07/11/2022 03:11:38 - INFO - __main__ - <mask> garcía the first woman to be elected president of the state of <mask>.
07/11/2022 03:11:38 - INFO - __main__ - ****************************
07/11/2022 03:11:38 - INFO - __main__ - *********References*********
07/11/2022 03:11:38 - INFO - __main__ - ['<mask> is <mask> citizen.']
07/11/2022 03:11:38 - INFO - __main__ - ****************************
07/11/2022 03:12:12 - INFO - __main__ - ***********Input************
07/11/2022 03:12:12 - INFO - __main__ - The Book of Judges (Hebrew: Sefer <mask> ספר שופטים) is the seventh book of the Hebrew Bible and the <mask>.
07/11/2022 03:12:12 - INFO - __main__ - *********Hypothesis*********
07/11/2022 03:12:12 - INFO - __main__ - <mask> is a biblical text, and <mask>.
07/11/2022 03:12:12 - INFO - __main__ - <mask> was a major influence on <mask>.
07/11/2022 03:12:12 - INFO - __main__ - <mask>'s name is not mentioned in the entire <mask>.
07/11/2022 03:12:12 - INFO - __main__ - <mask>, and the other <mask>.
07/11/2022 03:12:12 - INFO - __main__ - <mask>, the law of moses, and <mask>.
07/11/2022 03:12:12 - INFO - __main__ - <mask>. is a book of <mask>.
07/11/2022 03:12:12 - INFO - __main__ - <mask>: a commentary on the <mask>.
07/11/2022 03:12:12 - INFO - __main__ - <mask> was not a part of <mask>.
07/11/2022 03:12:12 - INFO - __main__ - <mask> is a part of the <mask>.
07/11/2022 03:12:12 - INFO - __main__ - <mask> is the only one of the <mask>.
07/11/2022 03:12:12 - INFO - __main__ - ****************************
07/11/2022 03:12:12 - INFO - __main__ - *********References*********
07/11/2022 03:12:12 - INFO - __main__ - ['<mask> is part of <mask>.']
07/11/2022 03:12:12 - INFO - __main__ - ****************************
07/11/2022 03:12:43 - INFO - __main__ - ***********Input************
07/11/2022 03:12:43 - INFO - __main__ - MacLysaght suggests a connection with the surname <mask> - which is probably the name of a separate and distinct family of <mask> Origin based in Dublin and later in Galway.
07/11/2022 03:12:43 - INFO - __main__ - *********Hypothesis*********
07/11/2022 03:12:43 - INFO - __main__ - <mask>'s father was a farmer and his mother was <mask>.
07/11/2022 03:12:43 - INFO - __main__ - <mask> was a keen sportsman, and was fluent in <mask>.
07/11/2022 03:12:43 - INFO - __main__ - <mask>'s mother is welsh and his father is <mask>.
07/11/2022 03:12:43 - INFO - __main__ - <mask>'s mother is <mask>.
07/11/2022 03:12:43 - INFO - __main__ - <mask> was born in county tipperary, and is <mask>.
07/11/2022 03:12:43 - INFO - __main__ - <mask> is the author of several books on <mask>.
07/11/2022 03:12:43 - INFO - __main__ - <mask> has said that he is <mask>.
07/11/2022 03:12:43 - INFO - __main__ - <mask>. was’s father was <mask>.
07/11/2022 03:12:43 - INFO - __main__ - <mask> was born in county tipperary, and was raised <mask>.
07/11/2022 03:12:43 - INFO - __main__ - <mask>.’s father was <mask>.
07/11/2022 03:12:43 - INFO - __main__ - ****************************
07/11/2022 03:12:43 - INFO - __main__ - *********References*********
07/11/2022 03:12:43 - INFO - __main__ - ['<mask> used to communicate in <mask>.']
07/11/2022 03:12:43 - INFO - __main__ - ****************************
07/11/2022 03:13:20 - INFO - __main__ - ***********Input************
07/11/2022 03:13:20 - INFO - __main__ - <mask> (IATA: IND, ICAO: KIND, FAA LID: IND) is a public airport seven miles (11 km) southwest of downtown <mask>, in Marion County, Indiana, United States.
07/11/2022 03:13:20 - INFO - __main__ - *********Hypothesis*********
07/11/2022 03:13:20 - INFO - __main__ - <mask> is located in <mask>.
07/11/2022 03:13:20 - INFO - __main__ - <mask> airport is located in <mask>.
07/11/2022 03:13:20 - INFO - __main__ - <mask> airport is is located in <mask>.
07/11/2022 03:13:20 - INFO - __main__ - <mask> international airport is located in <mask>.
07/11/2022 03:13:20 - INFO - __main__ - <mask> international is located in <mask>.
07/11/2022 03:13:20 - INFO - __main__ - <mask> is a general aviation airport located in <mask>.
07/11/2022 03:13:20 - INFO - __main__ - <mask> airport is a major international airport serving <mask>.
07/11/2022 03:13:20 - INFO - __main__ - <mask> airport is is a major international airport serving <mask>.
07/11/2022 03:13:20 - INFO - __main__ - <mask> located in the northwest part of <mask>.
07/11/2022 03:13:20 - INFO - __main__ - <mask> is a major international airport serving <mask>.
07/11/2022 03:13:20 - INFO - __main__ - ****************************
07/11/2022 03:13:20 - INFO - __main__ - *********References*********
07/11/2022 03:13:20 - INFO - __main__ - ['<mask> is named after <mask>.']
07/11/2022 03:13:20 - INFO - __main__ - ****************************
07/11/2022 03:13:49 - INFO - __main__ - ***********Input************
07/11/2022 03:13:49 - INFO - __main__ - <mask>'s consumer software includes the OS X and iOS operating systems, the iTunes media player, the <mask>, and the iLife and iWork creativity and productivity suites.
07/11/2022 03:13:49 - INFO - __main__ - *********Hypothesis*********
07/11/2022 03:13:49 - INFO - __main__ - <mask> has a "s" in the <mask>.
07/11/2022 03:13:49 - INFO - __main__ - <mask> is a free and open-source software application for <mask>.
07/11/2022 03:13:49 - INFO - __main__ - <mask> is a cloud-based digital distribution platform for <mask>.
07/11/2022 03:13:49 - INFO - __main__ - <mask> has been criticized for its lack of support for <mask>.
07/11/2022 03:13:49 - INFO - __main__ - <mask> has since released a version of the app for <mask>.
07/11/2022 03:13:49 - INFO - __main__ - <mask> has released a number of products that are compatible with <mask>.
07/11/2022 03:13:49 - INFO - __main__ - <mask> has been criticized for its lack of support for the <mask>.
07/11/2022 03:13:49 - INFO - __main__ - <mask> has since released a version of the game for <mask>.
07/11/2022 03:13:49 - INFO - __main__ - <mask> is the successor to the original <mask>.
07/11/2022 03:13:49 - INFO - __main__ - <mask>, an online store for books, and <mask>.
07/11/2022 03:13:49 - INFO - __main__ - ****************************
07/11/2022 03:13:49 - INFO - __main__ - *********References*********
07/11/2022 03:13:49 - INFO - __main__ - ['<mask> is developed by <mask>.']
07/11/2022 03:13:49 - INFO - __main__ - ****************************
07/11/2022 03:14:17 - INFO - __main__ - ***********Input************
07/11/2022 03:14:17 - INFO - __main__ - The <mask> (Norwegian: Stortingsbygningen) is the seat of the Storting, the parliament of Norway, located in central <mask>.
07/11/2022 03:14:17 - INFO - __main__ - *********Hypothesis*********
07/11/2022 03:14:17 - INFO - __main__ - <mask> is located in the city of <mask>.
07/11/2022 03:14:17 - INFO - __main__ - <mask> is the main public building in <mask>.
07/11/2022 03:14:17 - INFO - __main__ - <mask> building is a building in <mask>.
07/11/2022 03:14:17 - INFO - __main__ - <mask> is a large building in <mask>.
07/11/2022 03:14:17 - INFO - __main__ - <mask> is a major commercial and cultural centre in <mask>.
07/11/2022 03:14:17 - INFO - __main__ - <mask> was held at the stortinget in <mask>.
07/11/2022 03:14:17 - INFO - __main__ - <mask> building is the main building in <mask>.
07/11/2022 03:14:17 - INFO - __main__ - <mask> is is the main public building in <mask>.
07/11/2022 03:14:17 - INFO - __main__ - <mask> was built in the old city centre of <mask>.
07/11/2022 03:14:17 - INFO - __main__ - <mask> has its headquarters in <mask>.
07/11/2022 03:14:17 - INFO - __main__ - ****************************
07/11/2022 03:14:17 - INFO - __main__ - *********References*********
07/11/2022 03:14:17 - INFO - __main__ - ['<mask> is located in <mask>.']
07/11/2022 03:14:17 - INFO - __main__ - ****************************
07/11/2022 03:14:48 - INFO - __main__ - ***********Input************
07/11/2022 03:14:48 - INFO - __main__ - Currently, iQue only releases portable <mask> games for iQue 3DS XL DS, Game Boy Advance, and <mask>.
07/11/2022 03:14:48 - INFO - __main__ - *********Hypothesis*********
07/11/2022 03:14:48 - INFO - __main__ - <mask> released a version of the game for <mask>.
07/11/2022 03:14:48 - INFO - __main__ - <mask> has released a number of games for the <mask>.
07/11/2022 03:14:48 - INFO - __main__ - <mask> later released the game on the <mask>.
07/11/2022 03:14:48 - INFO - __main__ - <mask> is a port of the original <mask>.
07/11/2022 03:14:48 - INFO - __main__ - <mask> has released a version of the game for <mask>.
07/11/2022 03:14:48 - INFO - __main__ - <mask>'s version was released for <mask>.
07/11/2022 03:14:48 - INFO - __main__ - <mask> released the game for the <mask>.
07/11/2022 03:14:48 - INFO - __main__ - <mask> has since released a version of the game for <mask>.
07/11/2022 03:14:48 - INFO - __main__ - <mask> was originally developed for <mask>.
07/11/2022 03:14:48 - INFO - __main__ - <mask> is developing a new game console, <mask>.
07/11/2022 03:14:48 - INFO - __main__ - ****************************
07/11/2022 03:14:48 - INFO - __main__ - *********References*********
07/11/2022 03:14:48 - INFO - __main__ - ['<mask> is produced by <mask>.']
07/11/2022 03:14:48 - INFO - __main__ - ****************************
07/11/2022 03:15:22 - INFO - __main__ - ***********Input************
07/11/2022 03:15:22 - INFO - __main__ - After the second season of America's Best Dance Crew was over, they returned to <mask> for a two-part <mask> special, Battle of the VMA's.
07/11/2022 03:15:22 - INFO - __main__ - *********Hypothesis*********
07/11/2022 03:15:22 - INFO - __main__ - <mask> has since been replaced by <mask>.
07/11/2022 03:15:22 - INFO - __main__ - <mask> is a major sponsor of <mask>.
07/11/2022 03:15:22 - INFO - __main__ - <mask>, which was a major competitor to <mask>.
07/11/2022 03:15:22 - INFO - __main__ - <mask> has had a long history of producing <mask>.
07/11/2022 03:15:22 - INFO - __main__ - <mask>cbs's programming is similar to that of <mask>.
07/11/2022 03:15:22 - INFO - __main__ - <mask>. and the show's music video was shown on <mask>.
07/11/2022 03:15:22 - INFO - __main__ - <mask>. was a major competitor to <mask>.
07/11/2022 03:15:22 - INFO - __main__ - <mask>. had previously been a major competitor to <mask>.
07/11/2022 03:15:22 - INFO - __main__ - <mask>. wastv. was a tv channel, and <mask>.
07/11/2022 03:15:22 - INFO - __main__ - <mask>. has had a long history of producing <mask>.
07/11/2022 03:15:22 - INFO - __main__ - ****************************
07/11/2022 03:15:22 - INFO - __main__ - *********References*********
07/11/2022 03:15:22 - INFO - __main__ - ['<mask> was originally aired on <mask>.']
07/11/2022 03:15:22 - INFO - __main__ - ****************************
07/11/2022 03:16:01 - INFO - __main__ - ***********Input************
07/11/2022 03:16:01 - INFO - __main__ - In addition, <mask> from Tears for Fears (<mask> on "Emotion in Motion"), Tony Levin from King Crimson/Peter Gabriel, Tom Verlaine of Television and G. E. Smith of the Saturday Night Live Band guest on the various songs.
07/11/2022 03:16:01 - INFO - __main__ - *********Hypothesis*********
07/11/2022 03:16:01 - INFO - __main__ - <mask>, the band's lead singer, was born in <mask>.
07/11/2022 03:16:01 - INFO - __main__ - <mask>: a biography is a compilation album by <mask>.
07/11/2022 03:16:01 - INFO - __main__ - <mask> has been compared to <mask>.
07/11/2022 03:16:01 - INFO - __main__ - <mask> was a fan of <mask>.
07/11/2022 03:16:01 - INFO - __main__ - <mask> was the only person to have recorded with <mask>.
07/11/2022 03:16:01 - INFO - __main__ - <mask> is a fan of <mask>.
07/11/2022 03:16:01 - INFO - __main__ - <mask>: the best of bob <mask>.
07/11/2022 03:16:01 - INFO - __main__ - <mask>: the life and times of a <mask>.
07/11/2022 03:16:01 - INFO - __main__ - <mask>: the life and times of a grateful <mask>.
07/11/2022 03:16:01 - INFO - __main__ - <mask>, the guitarist, was born in <mask>.
07/11/2022 03:16:01 - INFO - __main__ - ****************************
07/11/2022 03:16:01 - INFO - __main__ - *********References*********
07/11/2022 03:16:01 - INFO - __main__ - ['<mask> plays <mask>.']
07/11/2022 03:16:01 - INFO - __main__ - ****************************
07/11/2022 03:16:32 - INFO - __main__ - ***********Input************
07/11/2022 03:16:32 - INFO - __main__ - Canadian singer <mask> recorded a live acoustic cover for her 2010 DVD "Live in <mask>."
07/11/2022 03:16:32 - INFO - __main__ - *********Hypothesis*********
07/11/2022 03:16:32 - INFO - __main__ - <mask> is a singer-songwriter and actress from <mask>.
07/11/2022 03:16:32 - INFO - __main__ - <mask> was the opening act for the show in <mask>.
07/11/2022 03:16:32 - INFO - __main__ - <mask> performed at the show in <mask>.
07/11/2022 03:16:32 - INFO - __main__ - <mask> is a country music singer and songwriter from <mask>.
07/11/2022 03:16:32 - INFO - __main__ - <mask>, country music singer, born in <mask>.
07/11/2022 03:16:32 - INFO - __main__ - <mask> has performed at the festival in <mask>.
07/11/2022 03:16:32 - INFO - __main__ - <mask> is a singer-songwriter from <mask>.
07/11/2022 03:16:32 - INFO - __main__ - <mask> was born in <mask>.
07/11/2022 03:16:32 - INFO - __main__ - <mask>, singer-songwriter, was born in <mask>.
07/11/2022 03:16:32 - INFO - __main__ - <mask>. is a singer-songwriter and actress from <mask>.
07/11/2022 03:16:32 - INFO - __main__ - ****************************
07/11/2022 03:16:32 - INFO - __main__ - *********References*********
07/11/2022 03:16:32 - INFO - __main__ - ['<mask> was born in <mask>.']
07/11/2022 03:16:32 - INFO - __main__ - ****************************
07/11/2022 03:17:17 - INFO - __main__ - ***********Input************
07/11/2022 03:17:17 - INFO - __main__ - It has an annual audience of 100,000 and has made 66 international tours to over 30 cities including New York, Montreal, London, Paris, Berlin, Lyon, Sydney, Tokyo, Seoul, Singapore, Manila, Beijing, Shanghai, <mask>, Munich, Stuttgart, Mumbai, Delhi, Brisbane, Copenhagen, <mask>, Karmiel (Israel), St.
07/11/2022 03:17:17 - INFO - __main__ - *********Hypothesis*********
07/11/2022 03:17:17 - INFO - __main__ - <mask> has a long history of diplomatic relations with <mask>.
07/11/2022 03:17:17 - INFO - __main__ - <mask> was the only city to have a consulate in <mask>.
07/11/2022 03:17:17 - INFO - __main__ - <mask> is located approximately, by road, northwest of <mask>.
07/11/2022 03:17:17 - INFO - __main__ - <mask>'s main port of entry is <mask>.
07/11/2022 03:17:17 - INFO - __main__ - <mask>, however, was not as successful as <mask>.
07/11/2022 03:17:17 - INFO - __main__ - <mask>: oriental translation fund of great britain, <mask>.
07/11/2022 03:17:17 - INFO - __main__ - <mask> is the largest city in the region, followed by <mask>.
07/11/2022 03:17:17 - INFO - __main__ - <mask>'s main railway station is located in <mask>.
07/11/2022 03:17:17 - INFO - __main__ - <mask>: institut für politik und politik, <mask>.
07/11/2022 03:17:17 - INFO - __main__ - <mask>. was the last stop before <mask>.
07/11/2022 03:17:17 - INFO - __main__ - ****************************
07/11/2022 03:17:17 - INFO - __main__ - *********References*********
07/11/2022 03:17:17 - INFO - __main__ - ['<mask> and <mask> are twin cities.']
07/11/2022 03:17:17 - INFO - __main__ - ****************************
07/11/2022 03:17:52 - INFO - __main__ - ***********Input************
07/11/2022 03:17:52 - INFO - __main__ - <mask> is an <mask> screenwriter.
07/11/2022 03:17:52 - INFO - __main__ - *********Hypothesis*********
07/11/2022 03:17:52 - INFO - __main__ - <mask> is an <mask>.
07/11/2022 03:17:52 - INFO - __main__ - <mask>nez is an <mask>.
07/11/2022 03:17:52 - INFO - __main__ - <mask> kumar is an <mask>.
07/11/2022 03:17:52 - INFO - __main__ - <mask>, is an <mask>.
07/11/2022 03:17:52 - INFO - __main__ - <mask> a retired <mask>.
07/11/2022 03:17:52 - INFO - __main__ - <mask> is a retired <mask>.
07/11/2022 03:17:52 - INFO - __main__ - <mask>. is an <mask>.
07/11/2022 03:17:52 - INFO - __main__ - <mask> a former <mask>.
07/11/2022 03:17:52 - INFO - __main__ - <mask> the only female <mask>.
07/11/2022 03:17:52 - INFO - __main__ - <mask> rahman is a bangladeshi- <mask>.
07/11/2022 03:17:52 - INFO - __main__ - ****************************
07/11/2022 03:17:52 - INFO - __main__ - *********References*********
07/11/2022 03:17:52 - INFO - __main__ - ['<mask> used to communicate in <mask>.']
07/11/2022 03:17:52 - INFO - __main__ - ****************************
07/11/2022 03:18:17 - INFO - __main__ - ***********Input************
07/11/2022 03:18:17 - INFO - __main__ - <mask> (born May 18, 1993) is an American football outside <mask> for the Denver Broncos of the National Football League (NFL).
07/11/2022 03:18:17 - INFO - __main__ - *********Hypothesis*********
07/11/2022 03:18:17 - INFO - __main__ - <mask>. is a former <mask>.
07/11/2022 03:18:17 - INFO - __main__ - <mask> was the team's starting <mask>.
07/11/2022 03:18:17 - INFO - __main__ - <mask>. was, who was <mask>.
07/11/2022 03:18:17 - INFO - __main__ - <mask>., was a <mask>.
07/11/2022 03:18:17 - INFO - __main__ - <mask>. played as a <mask>.
07/11/2022 03:18:17 - INFO - __main__ - <mask> was named the team's new <mask>.
07/11/2022 03:18:17 - INFO - __main__ - <mask>, a former professional football player, was named <mask>.
07/11/2022 03:18:17 - INFO - __main__ - <mask>. was named the starting middle <mask>.
07/11/2022 03:18:17 - INFO - __main__ - <mask>, who was the team's starting <mask>.
07/11/2022 03:18:17 - INFO - __main__ - <mask> (rb) was named the team's <mask>.
07/11/2022 03:18:17 - INFO - __main__ - ****************************
07/11/2022 03:18:17 - INFO - __main__ - *********References*********
07/11/2022 03:18:17 - INFO - __main__ - ['<mask> plays in <mask> position.']
07/11/2022 03:18:17 - INFO - __main__ - ****************************
07/11/2022 03:18:52 - INFO - __main__ - ***********Input************
07/11/2022 03:18:52 - INFO - __main__ - The <mask> is that part of the ice shelf fringing the Princess Astrid Coast of Queen Maud Land, <mask>, that lies between Leningradskiy Island and Verblyud Island.
07/11/2022 03:18:52 - INFO - __main__ - *********Hypothesis*********
07/11/2022 03:18:52 - INFO - __main__ - <mask>, and is the largest island in the world, and the largest in <mask>.
07/11/2022 03:18:52 - INFO - __main__ - <mask>. is a name for a large area in the south of the continent of <mask>.
07/11/2022 03:18:52 - INFO - __main__ - <mask> has the largest ice sheet in the world, and the largest in <mask>.
07/11/2022 03:18:52 - INFO - __main__ - <mask> is a small, rocky island in <mask>.
07/11/2022 03:18:52 - INFO - __main__ - <mask>rad is the name of several inhabited localities in <mask>.
07/11/2022 03:18:52 - INFO - __main__ - <mask> is the name of several inhabited localities in <mask>.
07/11/2022 03:18:52 - INFO - __main__ - <mask>., and is the largest island in the world, and the largest in <mask>.
07/11/2022 03:18:52 - INFO - __main__ - <mask>., is a name for a large area in the south of the continent of <mask>.
07/11/2022 03:18:52 - INFO - __main__ - <mask>, an ice-free region of <mask>.
07/11/2022 03:18:52 - INFO - __main__ - <mask>.’s history and culture are closely linked to the history of <mask>.
07/11/2022 03:18:52 - INFO - __main__ - ****************************
07/11/2022 03:18:52 - INFO - __main__ - *********References*********
07/11/2022 03:18:52 - INFO - __main__ - ['<mask> is located in <mask>.']
07/11/2022 03:18:52 - INFO - __main__ - ****************************
07/11/2022 03:19:33 - INFO - __main__ - ***********Input************
07/11/2022 03:19:33 - INFO - __main__ - The Iran national futsal team represents Iran in <mask> futsal competitions and is controlled by the Futsal Commission of the <mask>.
07/11/2022 03:19:33 - INFO - __main__ - *********Hypothesis*********
07/11/2022 03:19:33 - INFO - __main__ - <mask> is a member of <mask>.
07/11/2022 03:19:33 - INFO - __main__ - <mask> is a football club that is affiliated to <mask>.
07/11/2022 03:19:33 - INFO - __main__ - <mask> is the official governing body of the <mask>.
07/11/2022 03:19:33 - INFO - __main__ - <mask> is a national team that is affiliated with <mask>.
07/11/2022 03:19:33 - INFO - __main__ - <mask> is the national team of <mask>.
07/11/2022 03:19:33 - INFO - __main__ - <mask> was a member of <mask>.
07/11/2022 03:19:33 - INFO - __main__ - <mask> has been a member of the <mask>.
07/11/2022 03:19:33 - INFO - __main__ - <mask>: official website <mask>.
07/11/2022 03:19:33 - INFO - __main__ - <mask> is the official governing body of <mask>.
07/11/2022 03:19:33 - INFO - __main__ - <mask>, is the official futsal team of <mask>.
07/11/2022 03:19:33 - INFO - __main__ - ****************************
07/11/2022 03:19:33 - INFO - __main__ - *********References*********
07/11/2022 03:19:33 - INFO - __main__ - ['<mask> is a member of <mask>.']
07/11/2022 03:19:33 - INFO - __main__ - ****************************
