07/11/2022 03:22:11 - INFO - __main__ - **************** MODEL CONFIGURATION ****************
07/11/2022 03:22:11 - INFO - __main__ - bart_training             -->   True
07/11/2022 03:22:11 - INFO - __main__ - device                    -->   6
07/11/2022 03:22:11 - INFO - __main__ - group_beam                -->   True
07/11/2022 03:22:11 - INFO - __main__ - if_then                   -->   False
07/11/2022 03:22:11 - INFO - __main__ - inductor                  -->   rule
07/11/2022 03:22:11 - INFO - __main__ - log_dir                   -->   logs_new/
07/11/2022 03:22:11 - INFO - __main__ - log_name                  -->   TREx-gs+temp+dpp
07/11/2022 03:22:11 - INFO - __main__ - mlm_training              -->   True
07/11/2022 03:22:11 - INFO - __main__ - task                      -->   TREx
07/11/2022 03:22:11 - INFO - __main__ - **************** MODEL CONFIGURATION ****************
07/11/2022 03:24:04 - INFO - __main__ - ***********Input************
07/11/2022 03:24:04 - INFO - __main__ - The production included a 32-member choir, session musician Dan Higgins on soprano saxophone, jazz pianist Russell Ferrante of The Yellowjackets, notable string players Dave Stone (upright bass), <mask> (<mask>), and Steve Erdody (cello).
07/11/2022 03:24:04 - INFO - __main__ - *********Hypothesis*********
07/11/2022 03:24:04 - INFO - __main__ - he is the son of <mask>, a former <mask> player.
07/11/2022 03:24:04 - INFO - __main__ - his father, <mask>, was a <mask> player.
07/11/2022 03:24:04 - INFO - __main__ - he was the son of <mask>, a <mask> player.
07/11/2022 03:24:04 - INFO - __main__ - his father, <mask>, was a <mask> bass player.
07/11/2022 03:24:04 - INFO - __main__ - all songs written by <mask>, except where noted, except "<mask>" and ".
07/11/2022 03:24:04 - INFO - __main__ - all songs written by <mask> except "guitar" and "<mask>".
07/11/2022 03:24:04 - INFO - __main__ - all songs written by <mask>, except "<mask>" and "fiddle".
07/11/2022 03:24:04 - INFO - __main__ - all songs written by <mask> except where noted, except where indicated (<mask>,.
07/11/2022 03:24:04 - INFO - __main__ - he was a friend of <mask> and <mask> fiddle.
07/11/2022 03:24:04 - INFO - __main__ - the song was written by <mask> and <mask> smith.
07/11/2022 03:24:04 - INFO - __main__ - ****************************
07/11/2022 03:24:04 - INFO - __main__ - *********References*********
07/11/2022 03:24:04 - INFO - __main__ - ['<mask> plays <mask>.']
07/11/2022 03:24:04 - INFO - __main__ - ****************************
07/11/2022 03:24:41 - INFO - __main__ - ***********Input************
07/11/2022 03:24:41 - INFO - __main__ - "<mask>" is a song by <mask> post-punk band Joy Division.
07/11/2022 03:24:41 - INFO - __main__ - *********Hypothesis*********
07/11/2022 03:24:41 - INFO - __main__ - "the <mask>" is a song by <mask> rock band the who.
07/11/2022 03:24:41 - INFO - __main__ - it was originally titled " <mask>" and was released as a single in <mask>.
07/11/2022 03:24:41 - INFO - __main__ - "<mask>" is a song by <mask> british your love, from their debut album.
07/11/2022 03:24:41 - INFO - __main__ - he is best known for his book <mask>, which is a classic work of <mask>.
07/11/2022 03:24:41 - INFO - __main__ - "it's <mask>" is a song by <mask> rock band the who.
07/11/2022 03:24:41 - INFO - __main__ - "<mask> i want" is a song by <mask> rock band the script.
07/11/2022 03:24:41 - INFO - __main__ - this is a list of songs that have been released as singles from <mask> <mask>.
07/11/2022 03:24:41 - INFO - __main__ - it was released as a single, with the b-side "<mask> of <mask>.
07/11/2022 03:24:41 - INFO - __main__ - "the <mask>" is a song by <mask> rock band, the who.
07/11/2022 03:24:41 - INFO - __main__ - the title of the album, <mask> <mask>, is a reference to the song "i'm.
07/11/2022 03:24:41 - INFO - __main__ - ****************************
07/11/2022 03:24:41 - INFO - __main__ - *********References*********
07/11/2022 03:24:41 - INFO - __main__ - ['<mask> was written in <mask>.']
07/11/2022 03:24:41 - INFO - __main__ - ****************************
07/11/2022 03:25:20 - INFO - __main__ - ***********Input************
07/11/2022 03:25:20 - INFO - __main__ - Toseland is also a solo artist and in the past has performed alongside <mask> for <mask>'s Sport Relief and played a piano set at the British sports personality of the year awards in 2007.
07/11/2022 03:25:20 - INFO - __main__ - *********Hypothesis*********
07/11/2022 03:25:20 - INFO - __main__ - the song was covered by <mask> on his <mask> radio show.
07/11/2022 03:25:20 - INFO - __main__ - the song was written by <mask>, who was a <mask> radio presenter.
07/11/2022 03:25:20 - INFO - __main__ - he has been compared to <mask>, who was a <mask> radio presenter.
07/11/2022 03:25:20 - INFO - __main__ - he is best known for his role as <mask> in the long-running <mask> comedy series.
07/11/2022 03:25:20 - INFO - __main__ - he is best known for his role as <mask> in the long-running <mask> comedy series the.
07/11/2022 03:25:20 - INFO - __main__ - the song was written by <mask>, who was a <mask> radio presenter.the song is about.
07/11/2022 03:25:20 - INFO - __main__ - all songs written by <mask> except where noted and adapted from the original <mask> liner notes.
07/11/2022 03:25:20 - INFO - __main__ - it was hosted by <mask>. and was broadcast on <mask> radio.
07/11/2022 03:25:20 - INFO - __main__ - this was followed by a performance of "i'm not your girl" by <mask> on <mask>.
07/11/2022 03:25:20 - INFO - __main__ - it was produced by <mask>, who had previously worked with <mask> on the series.
07/11/2022 03:25:20 - INFO - __main__ - ****************************
07/11/2022 03:25:20 - INFO - __main__ - *********References*********
07/11/2022 03:25:20 - INFO - __main__ - ['<mask> works for <mask>.']
07/11/2022 03:25:20 - INFO - __main__ - ****************************
07/11/2022 03:26:05 - INFO - __main__ - ***********Input************
07/11/2022 03:26:05 - INFO - __main__ - <mask>' emergence from international isolation has been marked through improved and expanded relations with other nations such as <mask>, France, Japan, Sweden, and India.
07/11/2022 03:26:05 - INFO - __main__ - *********Hypothesis*********
07/11/2022 03:26:05 - INFO - __main__ - this was <mask> <mask>'.
07/11/2022 03:26:05 - INFO - __main__ - after <mask> into <mask>, the government began to take steps to improve the situation.
07/11/2022 03:26:05 - INFO - __main__ - he is a member of <mask> in <mask>' and a former member of the.
07/11/2022 03:26:05 - INFO - __main__ - he was a strong supporter of <mask> into <mask>.
07/11/2022 03:26:05 - INFO - __main__ - in the aftermath of <mask> into <mask> the government was in a state.
07/11/2022 03:26:05 - INFO - __main__ - the <mask> the in <mask> has been a source of controversy.
07/11/2022 03:26:05 - INFO - __main__ - he was a member of the <mask> in <mask> and was a prominent member of.
07/11/2022 03:26:05 - INFO - __main__ - it is the only one of <mask> to <mask> that is not a part of.
07/11/2022 03:26:05 - INFO - __main__ - in the aftermath of <mask>, <mask>'s economy was in a state of crisis.
07/11/2022 03:26:05 - INFO - __main__ - this was the beginning of <mask> into <mask>.
07/11/2022 03:26:05 - INFO - __main__ - ****************************
07/11/2022 03:26:05 - INFO - __main__ - *********References*********
07/11/2022 03:26:05 - INFO - __main__ - ['<mask> maintains diplomatic relations with <mask>.']
07/11/2022 03:26:05 - INFO - __main__ - ****************************
07/11/2022 03:26:46 - INFO - __main__ - ***********Input************
07/11/2022 03:26:46 - INFO - __main__ - <mask> (also known as Award Theatre and Golden Years of Television) is a 30-minute dramatic television anthology series telecast on <mask> from 1957 to 1960 for a total of 55 episodes.
07/11/2022 03:26:46 - INFO - __main__ - *********Hypothesis*********
07/11/2022 03:26:46 - INFO - __main__ - "<mask>" was a popular <mask> series.
07/11/2022 03:26:46 - INFO - __main__ - this is a list of <mask> episodes that aired on <mask> television.
07/11/2022 03:26:46 - INFO - __main__ - in addition, <mask> was a <mask> affiliate.
07/11/2022 03:26:46 - INFO - __main__ - this is a list of episodes from <mask>, an <mask> television series.
07/11/2022 03:26:46 - INFO - __main__ - he is best known for his work on <mask>, <mask>'s longest-running sitcom.
07/11/2022 03:26:46 - INFO - __main__ - it was the last <mask> to be produced by <mask>, and the last to be.
07/11/2022 03:26:46 - INFO - __main__ - it was produced by <mask> and <mask> for the network.
07/11/2022 03:26:46 - INFO - __main__ - this is a list of <mask> episodes for <mask>'s the simpsons.
07/11/2022 03:26:46 - INFO - __main__ - the series was originally broadcast on <mask>, but <mask> canceled it after one season.
07/11/2022 03:26:46 - INFO - __main__ - it was produced by <mask>, a <mask> production company.
07/11/2022 03:26:46 - INFO - __main__ - ****************************
07/11/2022 03:26:46 - INFO - __main__ - *********References*********
07/11/2022 03:26:46 - INFO - __main__ - ['<mask> was originally aired on <mask>.']
07/11/2022 03:26:46 - INFO - __main__ - ****************************
