07/12/2022 15:45:20 - INFO - __main__ - **************** MODEL CONFIGURATION ****************
07/12/2022 15:45:20 - INFO - __main__ - bart_training             -->   True
07/12/2022 15:45:20 - INFO - __main__ - device                    -->   3
07/12/2022 15:45:20 - INFO - __main__ - group_beam                -->   True
07/12/2022 15:45:20 - INFO - __main__ - if_then                   -->   False
07/12/2022 15:45:20 - INFO - __main__ - inductor                  -->   rule
07/12/2022 15:45:20 - INFO - __main__ - log_dir                   -->   logs_new/
07/12/2022 15:45:20 - INFO - __main__ - log_name                  -->   wiki80-gs+dpp
07/12/2022 15:45:20 - INFO - __main__ - mlm_training              -->   True
07/12/2022 15:45:20 - INFO - __main__ - task                      -->   wiki80
07/12/2022 15:45:20 - INFO - __main__ - **************** MODEL CONFIGURATION ****************
07/12/2022 15:49:39 - INFO - __main__ - **************** MODEL CONFIGURATION ****************
07/12/2022 15:49:39 - INFO - __main__ - bart_training             -->   True
07/12/2022 15:49:39 - INFO - __main__ - device                    -->   3
07/12/2022 15:49:39 - INFO - __main__ - group_beam                -->   True
07/12/2022 15:49:39 - INFO - __main__ - if_then                   -->   False
07/12/2022 15:49:39 - INFO - __main__ - inductor                  -->   rule
07/12/2022 15:49:39 - INFO - __main__ - log_dir                   -->   logs_new/
07/12/2022 15:49:39 - INFO - __main__ - log_name                  -->   wiki80-gs+dpp
07/12/2022 15:49:39 - INFO - __main__ - mlm_training              -->   True
07/12/2022 15:49:39 - INFO - __main__ - task                      -->   wiki80
07/12/2022 15:49:39 - INFO - __main__ - **************** MODEL CONFIGURATION ****************
07/12/2022 15:53:10 - INFO - __main__ - ***********Input************
07/12/2022 15:53:10 - INFO - __main__ - set in <mask> , the game is a remake of " <mask> " .
07/12/2022 15:53:10 - INFO - __main__ - *********Hypothesis*********
07/12/2022 15:53:10 - INFO - __main__ - <mask>'s version of the game was titled <mask>.
07/12/2022 15:53:10 - INFO - __main__ - <mask> was a major market for the <mask>.
07/12/2022 15:53:10 - INFO - __main__ - <mask> has been a major market for the <mask>.
07/12/2022 15:53:10 - INFO - __main__ - <mask>: the united states the. <mask>.
07/12/2022 15:53:10 - INFO - __main__ - <mask> was a major market for <mask>.
07/12/2022 15:53:10 - INFO - __main__ - <mask>: the game is the sequel. <mask>.
07/12/2022 15:53:10 - INFO - __main__ - <mask> has been a major market for <mask>.
07/12/2022 15:53:10 - INFO - __main__ - <mask> was not included in the <mask>.
07/12/2022 15:53:10 - INFO - __main__ - <mask> was not included in <mask>.
07/12/2022 15:53:10 - INFO - __main__ - <mask>'s official website has a list of all the characters from <mask>.
07/12/2022 15:53:10 - INFO - __main__ - ****************************
07/12/2022 15:53:10 - INFO - __main__ - *********References*********
07/12/2022 15:53:10 - INFO - __main__ - ['the main subject of <mask> is <mask>.']
07/12/2022 15:53:10 - INFO - __main__ - ****************************
07/12/2022 15:54:17 - INFO - __main__ - ***********Input************
07/12/2022 15:54:17 - INFO - __main__ - the third part of the suite , " orienthology " , is a reference to " <mask> " ( 1946 ) by jazz saxophonist <mask> .
07/12/2022 15:54:17 - INFO - __main__ - *********Hypothesis*********
07/12/2022 15:54:17 - INFO - __main__ - <mask> is a jazz album by <mask>.
07/12/2022 15:54:17 - INFO - __main__ - <mask>, the music of <mask>.
07/12/2022 15:54:17 - INFO - __main__ - <mask>: the life and times of <mask>.
07/12/2022 15:54:17 - INFO - __main__ - <mask> and the jazz of <mask>.
07/12/2022 15:54:17 - INFO - __main__ - <mask> is a collection of short stories by <mask>.
07/12/2022 15:54:17 - INFO - __main__ - <mask>: a biography of <mask>.
07/12/2022 15:54:17 - INFO - __main__ - <mask> is a jazz composition by <mask>.
07/12/2022 15:54:17 - INFO - __main__ - <mask> was an important influence on the jazz musician <mask>.
07/12/2022 15:54:17 - INFO - __main__ - <mask> is a studio album by <mask>.
07/12/2022 15:54:17 - INFO - __main__ - <mask>, an album by <mask>.
07/12/2022 15:54:17 - INFO - __main__ - ****************************
07/12/2022 15:54:17 - INFO - __main__ - *********References*********
07/12/2022 15:54:17 - INFO - __main__ - ['<mask> is composed by <mask>.']
07/12/2022 15:54:17 - INFO - __main__ - ****************************
07/12/2022 15:55:22 - INFO - __main__ - ***********Input************
07/12/2022 15:55:22 - INFO - __main__ - she was awarded a ph . d in <mask> by johns hopkins university studying the synthesis of the bacteriophage ms2 , advised by <mask> .
07/12/2022 15:55:22 - INFO - __main__ - *********Hypothesis*********
07/12/2022 15:55:22 - INFO - __main__ - <mask> and biochemistry, <mask>.
07/12/2022 15:55:22 - INFO - __main__ - <mask>, the biology of the human body, <mask>.
07/12/2022 15:55:22 - INFO - __main__ - <mask> is a science, <mask>.
07/12/2022 15:55:22 - INFO - __main__ - <mask> has been a long time coming, <mask>.
07/12/2022 15:55:22 - INFO - __main__ - <mask>, biology, and chemistry, <mask>.
07/12/2022 15:55:22 - INFO - __main__ - <mask> and genetics, <mask>.
07/12/2022 15:55:22 - INFO - __main__ - <mask> : i'm not, <mask>.
07/12/2022 15:55:22 - INFO - __main__ - <mask>, the world of science, and <mask>.
07/12/2022 15:55:22 - INFO - __main__ - <mask> is a science that is <mask>.
07/12/2022 15:55:22 - INFO - __main__ - <mask> and biochemistry : a new approach, <mask>.
07/12/2022 15:55:22 - INFO - __main__ - ****************************
07/12/2022 15:55:22 - INFO - __main__ - *********References*********
07/12/2022 15:55:22 - INFO - __main__ - ['<mask> works in the field of <mask>.']
07/12/2022 15:55:22 - INFO - __main__ - ****************************
07/12/2022 15:56:18 - INFO - __main__ - ***********Input************
07/12/2022 15:56:18 - INFO - __main__ - chukwudi chukwuma ( born 27 may 1994 ) is a nigerian professional footballer who last played as a forward for <mask> in the <mask> .
07/12/2022 15:56:18 - INFO - __main__ - *********Hypothesis*********
07/12/2022 15:56:18 - INFO - __main__ - <mask> is a football club in <mask>.
07/12/2022 15:56:18 - INFO - __main__ - <mask> are the defending champions of <mask>.
07/12/2022 15:56:18 - INFO - __main__ - <mask> won the 2015–16 <mask>.
07/12/2022 15:56:18 - INFO - __main__ - <mask> was promoted to <mask>.
07/12/2022 15:56:18 - INFO - __main__ - <mask> is a football club that plays in <mask>.
07/12/2022 15:56:18 - INFO - __main__ - <mask> were promoted to <mask>.
07/12/2022 15:56:18 - INFO - __main__ - <mask> is a professional football club in <mask>.
07/12/2022 15:56:18 - INFO - __main__ - <mask> won the title and were promoted to <mask>.
07/12/2022 15:56:18 - INFO - __main__ - <mask> are the defending champions of the <mask>.
07/12/2022 15:56:18 - INFO - __main__ - <mask> were relegated from <mask>.
07/12/2022 15:56:18 - INFO - __main__ - ****************************
07/12/2022 15:56:18 - INFO - __main__ - *********References*********
07/12/2022 15:56:18 - INFO - __main__ - ['the league of <mask> is <mask>.']
07/12/2022 15:56:18 - INFO - __main__ - ****************************
07/12/2022 15:57:19 - INFO - __main__ - ***********Input************
07/12/2022 15:57:19 - INFO - __main__ - it is primarily used for <mask> and was the home of <mask> before they moved to richmond county bank ballpark in 2001 .
07/12/2022 15:57:19 - INFO - __main__ - *********Hypothesis*********
07/12/2022 15:57:19 - INFO - __main__ - <mask>, he played for <mask>.
07/12/2022 15:57:19 - INFO - __main__ - <mask>, and was the manager of <mask>.
07/12/2022 15:57:19 - INFO - __main__ - <mask> is the home of <mask>.
07/12/2022 15:57:19 - INFO - __main__ - <mask> players who have played for <mask>.
07/12/2022 15:57:19 - INFO - __main__ - <mask>, and the a manager of <mask>.
07/12/2022 15:57:19 - INFO - __main__ - <mask> player, and the a manager of <mask>.
07/12/2022 15:57:19 - INFO - __main__ - <mask> and was the manager of <mask>.
07/12/2022 15:57:19 - INFO - __main__ - <mask> – the team is known as <mask>.
07/12/2022 15:57:19 - INFO - __main__ - <mask> player for <mask>.
07/12/2022 15:57:19 - INFO - __main__ - <mask>: the team is now <mask>.
07/12/2022 15:57:19 - INFO - __main__ - ****************************
07/12/2022 15:57:19 - INFO - __main__ - *********References*********
07/12/2022 15:57:19 - INFO - __main__ - ['the sports <mask> plays is <mask>.']
07/12/2022 15:57:19 - INFO - __main__ - ****************************
07/12/2022 15:58:34 - INFO - __main__ - ***********Input************
07/12/2022 15:58:34 - INFO - __main__ - the poprad ( , ) is a river in northern <mask> and southern poland , and a tributary of the <mask> near stary sącz , poland .
07/12/2022 15:58:34 - INFO - __main__ - *********Hypothesis*********
07/12/2022 15:58:34 - INFO - __main__ - <mask>'s main river is <mask>.
07/12/2022 15:58:34 - INFO - __main__ - <mask>'s main river is the <mask>.
07/12/2022 15:58:34 - INFO - __main__ - <mask> was the only country to have a permanent military presence in <mask>.
07/12/2022 15:58:34 - INFO - __main__ - <mask> is a major producer of <mask>.
07/12/2022 15:58:34 - INFO - __main__ - <mask> has a large number of small lakes, including the <mask>.
07/12/2022 15:58:34 - INFO - __main__ - <mask> had no other option but to withdraw from <mask>.
07/12/2022 15:58:34 - INFO - __main__ - <mask> was the last country to be conquered by <mask>.
07/12/2022 15:58:34 - INFO - __main__ - <mask> has a large number of small lakes, including <mask>.
07/12/2022 15:58:34 - INFO - __main__ - <mask>'s largest city is <mask>.
07/12/2022 15:58:34 - INFO - __main__ - <mask> is a major source of <mask>.
07/12/2022 15:58:34 - INFO - __main__ - ****************************
07/12/2022 15:58:34 - INFO - __main__ - *********References*********
07/12/2022 15:58:34 - INFO - __main__ - ['the body of water which <mask> is located in is <mask>.']
07/12/2022 15:58:34 - INFO - __main__ - ****************************
07/12/2022 15:59:37 - INFO - __main__ - ***********Input************
07/12/2022 15:59:37 - INFO - __main__ - on 22 july 2017 it was announced the airline would operate weekly flights to johannesburg via <mask> in <mask> , with a monthly link to ascension island .
07/12/2022 15:59:37 - INFO - __main__ - *********Hypothesis*********
07/12/2022 15:59:37 - INFO - __main__ - <mask> is the capital of <mask>.
07/12/2022 15:59:37 - INFO - __main__ - <mask> was a major city in <mask>.
07/12/2022 15:59:37 - INFO - __main__ - <mask> was the most important city in <mask>.
07/12/2022 15:59:37 - INFO - __main__ - <mask> is a city in <mask>.
07/12/2022 15:59:37 - INFO - __main__ - <mask> is the largest and most important international airport in <mask>.
07/12/2022 15:59:37 - INFO - __main__ - <mask> is a major international airport in <mask>.
07/12/2022 15:59:37 - INFO - __main__ - <mask> is a big city in <mask>.
07/12/2022 15:59:37 - INFO - __main__ - <mask> is the largest airport in <mask>.
07/12/2022 15:59:37 - INFO - __main__ - <mask> was a small town in <mask>.
07/12/2022 15:59:37 - INFO - __main__ - <mask> is the main international airport in <mask>.
07/12/2022 15:59:37 - INFO - __main__ - ****************************
07/12/2022 15:59:37 - INFO - __main__ - *********References*********
07/12/2022 15:59:37 - INFO - __main__ - ['the country where <mask> is located in is <mask>.']
07/12/2022 15:59:37 - INFO - __main__ - ****************************
07/12/2022 16:00:44 - INFO - __main__ - ***********Input************
07/12/2022 16:00:44 - INFO - __main__ - search for station 08mg001 chehalis river near harrison mills thus the mean annual discharge of the <mask> at its mouth on the <mask> is at least .
07/12/2022 16:00:44 - INFO - __main__ - *********Hypothesis*********
07/12/2022 16:00:44 - INFO - __main__ - <mask> is located on the south side of the <mask>.
07/12/2022 16:00:44 - INFO - __main__ - <mask> is a small community on the south side of the <mask>.
07/12/2022 16:00:44 - INFO - __main__ - <mask> is located at the mouth of the <mask>.
07/12/2022 16:00:44 - INFO - __main__ - <mask> is a small community on the south side of <mask>.
07/12/2022 16:00:44 - INFO - __main__ - <mask> was an important port for shipping goods and passengers across the <mask>.
07/12/2022 16:00:44 - INFO - __main__ - <mask> lies on the south side of the <mask>.
07/12/2022 16:00:44 - INFO - __main__ - <mask> has a large number of <mask>.
07/12/2022 16:00:44 - INFO - __main__ - <mask> is located at the mouth of the river, <mask>.
07/12/2022 16:00:44 - INFO - __main__ - <mask> is located at the mouth of the river <mask>.
07/12/2022 16:00:44 - INFO - __main__ - <mask> was a small river, but it was a <mask>.
07/12/2022 16:00:44 - INFO - __main__ - ****************************
07/12/2022 16:00:44 - INFO - __main__ - *********References*********
07/12/2022 16:00:44 - INFO - __main__ - ['the tributary of <mask> is <mask>.']
07/12/2022 16:00:44 - INFO - __main__ - ****************************
07/12/2022 16:01:43 - INFO - __main__ - ***********Input************
07/12/2022 16:01:43 - INFO - __main__ - in 1985 , <mask> acquired the <mask> brand .
07/12/2022 16:01:43 - INFO - __main__ - *********Hypothesis*********
07/12/2022 16:01:43 - INFO - __main__ - <mask> is a subsidiary of <mask>.
07/12/2022 16:01:43 - INFO - __main__ - <mask> is the largest consumer of <mask>.
07/12/2022 16:01:43 - INFO - __main__ - <mask>, which is a subsidiary of <mask>.
07/12/2022 16:01:43 - INFO - __main__ - <mask> was the largest employer in the city, followed by <mask>.
07/12/2022 16:01:43 - INFO - __main__ - <mask> is the largest consumer of the <mask>.
07/12/2022 16:01:43 - INFO - __main__ - <mask> is a major competitor to <mask>.
07/12/2022 16:01:43 - INFO - __main__ - <mask> has been a major sponsor of <mask>.
07/12/2022 16:01:43 - INFO - __main__ - <mask> was the only major competitor to <mask>.
07/12/2022 16:01:43 - INFO - __main__ - <mask> was the largest employer in <mask>.
07/12/2022 16:01:43 - INFO - __main__ - <mask> is a brand of <mask>.
07/12/2022 16:01:43 - INFO - __main__ - ****************************
07/12/2022 16:01:43 - INFO - __main__ - *********References*********
07/12/2022 16:01:43 - INFO - __main__ - ['the subsidiary of <mask> is <mask>.']
07/12/2022 16:01:43 - INFO - __main__ - ****************************
07/12/2022 16:02:36 - INFO - __main__ - ***********Input************
07/12/2022 16:02:36 - INFO - __main__ - u.s. hwy 11 passes through the center of the community , which is approximately from chilhowie . smyth county history  <mask> was listed on the <mask> in 1980 .
07/12/2022 16:02:36 - INFO - __main__ - *********Hypothesis*********
07/12/2022 16:02:36 - INFO - __main__ - <mask>, which is listed on <mask>.
07/12/2022 16:02:36 - INFO - __main__ - <mask> and the building are listed on <mask>.
07/12/2022 16:02:36 - INFO - __main__ - <mask> is listed on the <mask>.
07/12/2022 16:02:36 - INFO - __main__ - <mask> was listed on the <mask>.
07/12/2022 16:02:36 - INFO - __main__ - <mask> is a contributing property to the <mask>.
07/12/2022 16:02:36 - INFO - __main__ - <mask> has been listed on the <mask>.
07/12/2022 16:02:36 - INFO - __main__ - <mask>'s historic district is listed on <mask>.
07/12/2022 16:02:36 - INFO - __main__ - <mask> is listed on <mask>.
07/12/2022 16:02:36 - INFO - __main__ - <mask>, and the building is listed on <mask>.
07/12/2022 16:02:36 - INFO - __main__ - <mask>, which is listed on the <mask>.
07/12/2022 16:02:36 - INFO - __main__ - ****************************
07/12/2022 16:02:36 - INFO - __main__ - *********References*********
07/12/2022 16:02:36 - INFO - __main__ - ['<mask> is designated as a <mask>.']
07/12/2022 16:02:36 - INFO - __main__ - ****************************
07/12/2022 16:03:36 - INFO - __main__ - ***********Input************
07/12/2022 16:03:36 - INFO - __main__ - quigley beat world number one <mask> , before defeating bogdan juratoni in the <mask> final .
07/12/2022 16:03:36 - INFO - __main__ - *********Hypothesis*********
07/12/2022 16:03:36 - INFO - __main__ - <mask> won the singles title at <mask>.
07/12/2022 16:03:36 - INFO - __main__ - <mask> is a former <mask>.
07/12/2022 16:03:36 - INFO - __main__ - <mask> is the current champion of <mask>.
07/12/2022 16:03:36 - INFO - __main__ - <mask>, tennis player, was born in <mask>.
07/12/2022 16:03:36 - INFO - __main__ - <mask> won his first masters 1000 title at <mask>.
07/12/2022 16:03:36 - INFO - __main__ - <mask> was the defending champion, but chose not to participate at <mask>.
07/12/2022 16:03:36 - INFO - __main__ - <mask>, tennis player, <mask>.
07/12/2022 16:03:36 - INFO - __main__ - <mask> was the defending champion but chose not to participate at <mask>.
07/12/2022 16:03:36 - INFO - __main__ - <mask> was the defending champion, but chose to compete in <mask>.
07/12/2022 16:03:36 - INFO - __main__ - <mask> is a greek <mask>.
07/12/2022 16:03:36 - INFO - __main__ - ****************************
07/12/2022 16:03:36 - INFO - __main__ - *********References*********
07/12/2022 16:03:36 - INFO - __main__ - ['<mask> is the competition class of <mask>.']
07/12/2022 16:03:36 - INFO - __main__ - ****************************
07/12/2022 16:04:55 - INFO - __main__ - ***********Input************
07/12/2022 16:04:55 - INFO - __main__ - it dates back to the seljukid era and is located on the northern bank of <mask> beside the <mask> .
07/12/2022 16:04:55 - INFO - __main__ - *********Hypothesis*********
07/12/2022 16:04:55 - INFO - __main__ - <mask>, which flows into <mask>.
07/12/2022 16:04:55 - INFO - __main__ - <mask> and the <mask>.
07/12/2022 16:04:55 - INFO - __main__ - <mask>, and the <mask>.
07/12/2022 16:04:55 - INFO - __main__ - <mask>, a tributary of <mask>.
07/12/2022 16:04:55 - INFO - __main__ - <mask> is the name of the upper <mask>.
07/12/2022 16:04:55 - INFO - __main__ - <mask>'s name is derived from the nearby <mask>.
07/12/2022 16:04:55 - INFO - __main__ - <mask> is a river in the region, a tributary of <mask>.
07/12/2022 16:04:55 - INFO - __main__ - <mask> river is a tributary of the larger <mask>.
07/12/2022 16:04:55 - INFO - __main__ - <mask>'s main tributary is the lower <mask>.
07/12/2022 16:04:55 - INFO - __main__ - <mask> was named after the nearby <mask>.
07/12/2022 16:04:55 - INFO - __main__ - ****************************
07/12/2022 16:04:55 - INFO - __main__ - *********References*********
07/12/2022 16:04:55 - INFO - __main__ - ['<mask> crosses <mask>.']
07/12/2022 16:04:55 - INFO - __main__ - ****************************
07/12/2022 16:06:11 - INFO - __main__ - ***********Input************
07/12/2022 16:06:11 - INFO - __main__ - jerred smithson ( born february 4 , 1979 ) is a canadian professional ice hockey centre who is currently playing with <mask> of the danish <mask> .
07/12/2022 16:06:11 - INFO - __main__ - *********Hypothesis*********
07/12/2022 16:06:11 - INFO - __main__ - <mask> was relegated to <mask>.
07/12/2022 16:06:11 - INFO - __main__ - <mask> won the championship and were promoted to <mask>.
07/12/2022 16:06:11 - INFO - __main__ - <mask> is a professional ice hockey team playing in <mask>.
07/12/2022 16:06:11 - INFO - __main__ - <mask> was promoted to <mask>.
07/12/2022 16:06:11 - INFO - __main__ - <mask> were promoted to <mask>.
07/12/2022 16:06:11 - INFO - __main__ - <mask>, who had been relegated from <mask>.
07/12/2022 16:06:11 - INFO - __main__ - <mask> were relegated to <mask>.
07/12/2022 16:06:11 - INFO - __main__ - <mask> are currently playing in <mask>.
07/12/2022 16:06:11 - INFO - __main__ - <mask>, which plays in <mask>.
07/12/2022 16:06:11 - INFO - __main__ - <mask> won the league title and were promoted to <mask>.
07/12/2022 16:06:11 - INFO - __main__ - ****************************
07/12/2022 16:06:11 - INFO - __main__ - *********References*********
07/12/2022 16:06:11 - INFO - __main__ - ['the league of <mask> is <mask>.']
07/12/2022 16:06:11 - INFO - __main__ - ****************************
07/12/2022 16:07:16 - INFO - __main__ - ***********Input************
07/12/2022 16:07:16 - INFO - __main__ - in london 2012 <mask> won the first bronze medal of the + 100   kg category in <mask>   – the tenth olympic medal in the club 's history .
07/12/2022 16:07:16 - INFO - __main__ - *********Hypothesis*********
07/12/2022 16:07:16 - INFO - __main__ - <mask> was born in <mask>.
07/12/2022 16:07:16 - INFO - __main__ - <mask>'s work was published in <mask>.
07/12/2022 16:07:16 - INFO - __main__ - <mask> is a <mask>.
07/12/2022 16:07:16 - INFO - __main__ - <mask>, the only <mask>.
07/12/2022 16:07:16 - INFO - __main__ - <mask> and his wife, <mask>.
07/12/2022 16:07:16 - INFO - __main__ - <mask>: the history of <mask>.
07/12/2022 16:07:16 - INFO - __main__ - <mask>, in the context of <mask>.
07/12/2022 16:07:16 - INFO - __main__ - <mask> had to be <mask>.
07/12/2022 16:07:16 - INFO - __main__ - <mask> is a member of <mask>.
07/12/2022 16:07:16 - INFO - __main__ - <mask>'s work is in the : <mask>.
07/12/2022 16:07:16 - INFO - __main__ - ****************************
07/12/2022 16:07:16 - INFO - __main__ - *********References*********
07/12/2022 16:07:16 - INFO - __main__ - ['the sports <mask> plays is <mask>.']
07/12/2022 16:07:16 - INFO - __main__ - ****************************
07/12/2022 16:08:17 - INFO - __main__ - ***********Input************
07/12/2022 16:08:17 - INFO - __main__ - chelsea , directly across the <mask> from <mask> , had long been in economic decline with a spiraling fiscal crisis .
07/12/2022 16:08:17 - INFO - __main__ - *********Hypothesis*********
07/12/2022 16:08:17 - INFO - __main__ - <mask> was born in the city of <mask>.
07/12/2022 16:08:17 - INFO - __main__ - <mask> is a river in the south of <mask>.
07/12/2022 16:08:17 - INFO - __main__ - <mask> was born and raised in <mask>.
07/12/2022 16:08:17 - INFO - __main__ - <mask> is a major river in <mask>.
07/12/2022 16:08:17 - INFO - __main__ - <mask> is a major river in the <mask>.
07/12/2022 16:08:17 - INFO - __main__ - <mask>, the main river of <mask>.
07/12/2022 16:08:17 - INFO - __main__ - <mask> is a small town in <mask>.
07/12/2022 16:08:17 - INFO - __main__ - <mask>'s father was a merchant and a merchant in <mask>.
07/12/2022 16:08:17 - INFO - __main__ - <mask> was born and raised in the <mask>.
07/12/2022 16:08:17 - INFO - __main__ - <mask> has been a major source of water for <mask>.
07/12/2022 16:08:17 - INFO - __main__ - ****************************
07/12/2022 16:08:17 - INFO - __main__ - *********References*********
07/12/2022 16:08:17 - INFO - __main__ - ['the body of water which <mask> is located in is <mask>.']
07/12/2022 16:08:17 - INFO - __main__ - ****************************
07/12/2022 16:09:15 - INFO - __main__ - ***********Input************
07/12/2022 16:09:15 - INFO - __main__ - he won <mask> with the cowboys against the <mask> , giving him his only super bowl title .
07/12/2022 16:09:15 - INFO - __main__ - *********Hypothesis*********
07/12/2022 16:09:15 - INFO - __main__ - <mask> was a big deal for <mask>.
07/12/2022 16:09:15 - INFO - __main__ - <mask> is the biggest game in <mask>.
07/12/2022 16:09:15 - INFO - __main__ - <mask> was going to be a big deal for <mask>.
07/12/2022 16:09:15 - INFO - __main__ - <mask> had been a big deal for <mask>.
07/12/2022 16:09:15 - INFO - __main__ - <mask> is a big deal to <mask>.
07/12/2022 16:09:15 - INFO - __main__ - <mask> has been the most important event in the history of <mask>.
07/12/2022 16:09:15 - INFO - __main__ - <mask> and the national anthem were played by <mask>.
07/12/2022 16:09:15 - INFO - __main__ - <mask> wasn't a big deal to most <mask>.
07/12/2022 16:09:15 - INFO - __main__ - <mask> is the biggest game in the <mask>.
07/12/2022 16:09:15 - INFO - __main__ - <mask> wasn't a big deal to <mask>.
07/12/2022 16:09:15 - INFO - __main__ - ****************************
07/12/2022 16:09:15 - INFO - __main__ - *********References*********
07/12/2022 16:09:15 - INFO - __main__ - ['<mask> participates in <mask>.']
07/12/2022 16:09:15 - INFO - __main__ - ****************************
07/12/2022 16:10:01 - INFO - __main__ - ***********Input************
07/12/2022 16:10:01 - INFO - __main__ - <mask> won the <mask> with the team .
07/12/2022 16:10:01 - INFO - __main__ - *********Hypothesis*********
07/12/2022 16:10:01 - INFO - __main__ - <mask> would go on to win the <mask>.
07/12/2022 16:10:01 - INFO - __main__ - <mask> was named the team's most valuable player in <mask>.
07/12/2022 16:10:01 - INFO - __main__ - <mask> was the only player to win the <mask>.
07/12/2022 16:10:01 - INFO - __main__ - <mask>'s performance earned him a spot in the final of <mask>.
07/12/2022 16:10:01 - INFO - __main__ - <mask>'s performance earned him a spot in the <mask>.
07/12/2022 16:10:01 - INFO - __main__ - <mask> won the <mask>.
07/12/2022 16:10:01 - INFO - __main__ - <mask> won the tournament and <mask>.
07/12/2022 16:10:01 - INFO - __main__ - <mask>'s team won the inaugural <mask>.
07/12/2022 16:10:01 - INFO - __main__ - <mask> had been a regular starter in the team's <mask>.
07/12/2022 16:10:01 - INFO - __main__ - <mask> was the only player to win both the <mask>.
07/12/2022 16:10:01 - INFO - __main__ - ****************************
07/12/2022 16:10:01 - INFO - __main__ - *********References*********
07/12/2022 16:10:01 - INFO - __main__ - ['the winner of <mask> is <mask>.']
07/12/2022 16:10:01 - INFO - __main__ - ****************************
07/12/2022 16:11:07 - INFO - __main__ - ***********Input************
07/12/2022 16:11:07 - INFO - __main__ - <mask> ( born 17 december 1999 ) is a venezuelan footballer who plays as a <mask> for argentine primera división side talleres .
07/12/2022 16:11:07 - INFO - __main__ - *********Hypothesis*********
07/12/2022 16:11:07 - INFO - __main__ - <mask>: forward and <mask>.
07/12/2022 16:11:07 - INFO - __main__ - <mask> started his career as a <mask>.
07/12/2022 16:11:07 - INFO - __main__ - <mask> was a <mask>.
07/12/2022 16:11:07 - INFO - __main__ - <mask>, footballer who plays as a <mask>.
07/12/2022 16:11:07 - INFO - __main__ - <mask> is a <mask>.
07/12/2022 16:11:07 - INFO - __main__ - <mask> was named <mask>.
07/12/2022 16:11:07 - INFO - __main__ - <mask> was the team's regular <mask>.
07/12/2022 16:11:07 - INFO - __main__ - <mask> was the team's <mask>.
07/12/2022 16:11:07 - INFO - __main__ - <mask> was named as <mask>.
07/12/2022 16:11:07 - INFO - __main__ - <mask> played as a <mask>.
07/12/2022 16:11:07 - INFO - __main__ - ****************************
07/12/2022 16:11:07 - INFO - __main__ - *********References*********
07/12/2022 16:11:07 - INFO - __main__ - ['<mask> plays <mask> in the team.']
07/12/2022 16:11:07 - INFO - __main__ - ****************************
07/12/2022 16:12:07 - INFO - __main__ - ***********Input************
07/12/2022 16:12:07 - INFO - __main__ - the <mask> is a historic ranch on the <mask> located near hood , california , south of sacramento .
07/12/2022 16:12:07 - INFO - __main__ - *********Hypothesis*********
07/12/2022 16:12:07 - INFO - __main__ - <mask> is located on the east side of <mask>.
07/12/2022 16:12:07 - INFO - __main__ - <mask> is located on the north side of <mask>.
07/12/2022 16:12:07 - INFO - __main__ - <mask> was named for <mask>.
07/12/2022 16:12:07 - INFO - __main__ - <mask> is a historic ranch located in <mask>.
07/12/2022 16:12:07 - INFO - __main__ - <mask> was a large ranch on the upper <mask>.
07/12/2022 16:12:07 - INFO - __main__ - <mask>, a ranch located on the east side of <mask>.
07/12/2022 16:12:07 - INFO - __main__ - <mask> is located in <mask>.
07/12/2022 16:12:07 - INFO - __main__ - <mask> was named for the <mask>.
07/12/2022 16:12:07 - INFO - __main__ - <mask> is located on the east side of the <mask>.
07/12/2022 16:12:07 - INFO - __main__ - <mask> is located in the <mask>.
07/12/2022 16:12:07 - INFO - __main__ - ****************************
07/12/2022 16:12:07 - INFO - __main__ - *********References*********
07/12/2022 16:12:07 - INFO - __main__ - ['<mask> is designated as a <mask>.']
07/12/2022 16:12:07 - INFO - __main__ - ****************************
07/12/2022 16:13:01 - INFO - __main__ - ***********Input************
07/12/2022 16:13:01 - INFO - __main__ - the village is named after <mask> over the <mask> and straddles the boundary between the ancient counties of cumberland and westmorland .
07/12/2022 16:13:01 - INFO - __main__ - *********Hypothesis*********
07/12/2022 16:13:01 - INFO - __main__ - <mask>, which is a tributary of <mask>.
07/12/2022 16:13:01 - INFO - __main__ - <mask> is the main river of <mask>.
07/12/2022 16:13:01 - INFO - __main__ - <mask>) is a tributary of the river <mask>.
07/12/2022 16:13:01 - INFO - __main__ - <mask>, a tributary of the river <mask>.
07/12/2022 16:13:01 - INFO - __main__ - <mask>, which flows through <mask>.
07/12/2022 16:13:01 - INFO - __main__ - <mask>) and the river <mask>.
07/12/2022 16:13:01 - INFO - __main__ - <mask> and its tributaries, and the river <mask>.
07/12/2022 16:13:01 - INFO - __main__ - <mask> is the main tributary of <mask>.
07/12/2022 16:13:01 - INFO - __main__ - <mask> is the main river of the <mask>.
07/12/2022 16:13:01 - INFO - __main__ - <mask>, a tributary of the river te <mask>.
07/12/2022 16:13:01 - INFO - __main__ - ****************************
07/12/2022 16:13:01 - INFO - __main__ - *********References*********
07/12/2022 16:13:01 - INFO - __main__ - ['<mask> crosses <mask>.']
07/12/2022 16:13:01 - INFO - __main__ - ****************************
07/12/2022 16:14:00 - INFO - __main__ - ***********Input************
07/12/2022 16:14:00 - INFO - __main__ - in early june 1908 , she appeared in the <mask> play " <mask> " , a melodramatic comedy , at the los angeles theatre on spring street .
07/12/2022 16:14:00 - INFO - __main__ - *********Hypothesis*********
07/12/2022 16:14:00 - INFO - __main__ - <mask> version of the film <mask>.
07/12/2022 16:14:00 - INFO - __main__ - <mask> pop singer and songwriter <mask>.
07/12/2022 16:14:00 - INFO - __main__ - <mask> version of the movie <mask>.
07/12/2022 16:14:00 - INFO - __main__ - <mask> film and television, <mask>.
07/12/2022 16:14:00 - INFO - __main__ - <mask> movie star <mask>.
07/12/2022 16:14:00 - INFO - __main__ - <mask> film and television, and <mask>.
07/12/2022 16:14:00 - INFO - __main__ - <mask> television series based on <mask>.
07/12/2022 16:14:00 - INFO - __main__ - <mask> pop singer and songwriter, <mask>.
07/12/2022 16:14:00 - INFO - __main__ - <mask> singer-songwriter and actor <mask>.
07/12/2022 16:14:00 - INFO - __main__ - <mask> version of <mask>.
07/12/2022 16:14:00 - INFO - __main__ - ****************************
07/12/2022 16:14:00 - INFO - __main__ - *********References*********
07/12/2022 16:14:00 - INFO - __main__ - ['the screenwriter of <mask> is <mask>.']
07/12/2022 16:14:00 - INFO - __main__ - ****************************
07/12/2022 16:15:15 - INFO - __main__ - ***********Input************
07/12/2022 16:15:15 - INFO - __main__ - as a part of the 2011 kallikratis government reform , the <mask> zakynthos was created out of the former <mask> zakynthos ( ) .
07/12/2022 16:15:15 - INFO - __main__ - *********Hypothesis*********
07/12/2022 16:15:15 - INFO - __main__ - <mask> was born in <mask>.
07/12/2022 16:15:15 - INFO - __main__ - <mask> was the home of <mask>.
07/12/2022 16:15:15 - INFO - __main__ - <mask> is a product of <mask>.
07/12/2022 16:15:15 - INFO - __main__ - <mask>' father was a native <mask>.
07/12/2022 16:15:15 - INFO - __main__ - <mask> started his career with <mask>.
07/12/2022 16:15:15 - INFO - __main__ - <mask> began his career in his native <mask>.
07/12/2022 16:15:15 - INFO - __main__ - <mask> were drawn against <mask>.
07/12/2022 16:15:15 - INFO - __main__ - <mask> is a <mask>.
07/12/2022 16:15:15 - INFO - __main__ - <mask>' father was a <mask>.
07/12/2022 16:15:15 - INFO - __main__ - <mask> was replaced by <mask>.
07/12/2022 16:15:15 - INFO - __main__ - ****************************
07/12/2022 16:15:15 - INFO - __main__ - *********References*********
07/12/2022 16:15:15 - INFO - __main__ - ['<mask> is followed by <mask>.']
07/12/2022 16:15:15 - INFO - __main__ - ****************************
07/12/2022 16:16:04 - INFO - __main__ - ***********Input************
07/12/2022 16:16:04 - INFO - __main__ - <mask> was born to crown prince <mask> and his chief consort hanthawaddy mibaya on 27 november 1558 in pegu ( bago ) .
07/12/2022 16:16:04 - INFO - __main__ - *********Hypothesis*********
07/12/2022 16:16:04 - INFO - __main__ - <mask> was a son of <mask>.
07/12/2022 16:16:04 - INFO - __main__ - <mask> was the son of <mask>.
07/12/2022 16:16:04 - INFO - __main__ - <mask> is a small town in <mask>.
07/12/2022 16:16:04 - INFO - __main__ - <mask>'s father was a minister in <mask>.
07/12/2022 16:16:04 - INFO - __main__ - <mask> is a village in <mask>.
07/12/2022 16:16:04 - INFO - __main__ - <mask> was a son of king <mask>.
07/12/2022 16:16:04 - INFO - __main__ - <mask> was born in the city of <mask>.
07/12/2022 16:16:04 - INFO - __main__ - <mask> is the son of the former prime minister <mask>.
07/12/2022 16:16:04 - INFO - __main__ - <mask> was the son of king <mask>.
07/12/2022 16:16:04 - INFO - __main__ - <mask>, who had been a close friend of <mask>.
07/12/2022 16:16:04 - INFO - __main__ - ****************************
07/12/2022 16:16:04 - INFO - __main__ - *********References*********
07/12/2022 16:16:04 - INFO - __main__ - ['<mask> is the father of <mask>.']
07/12/2022 16:16:04 - INFO - __main__ - ****************************
07/12/2022 16:16:50 - INFO - __main__ - ***********Input************
07/12/2022 16:16:50 - INFO - __main__ - he is best known for playing kevin malone in the <mask> adaptation of " <mask> " .
07/12/2022 16:16:50 - INFO - __main__ - *********Hypothesis*********
07/12/2022 16:16:50 - INFO - __main__ - <mask> version of <mask>.
07/12/2022 16:16:50 - INFO - __main__ - <mask> version of the movie <mask>.
07/12/2022 16:16:50 - INFO - __main__ - <mask> television series <mask>.
07/12/2022 16:16:50 - INFO - __main__ - <mask> version of the film <mask>.
07/12/2022 16:16:50 - INFO - __main__ - <mask> television series, <mask>.
07/12/2022 16:16:50 - INFO - __main__ - <mask> comic book series <mask>.
07/12/2022 16:16:50 - INFO - __main__ - <mask> film, and the film <mask>.
07/12/2022 16:16:50 - INFO - __main__ - <mask> film and television series, including <mask>.
07/12/2022 16:16:50 - INFO - __main__ - <mask> version of the musical <mask>.
07/12/2022 16:16:50 - INFO - __main__ - <mask> comic book series, <mask>.
07/12/2022 16:16:50 - INFO - __main__ - ****************************
07/12/2022 16:16:50 - INFO - __main__ - *********References*********
07/12/2022 16:16:50 - INFO - __main__ - ['the country where <mask> is originated from is <mask>.']
07/12/2022 16:16:50 - INFO - __main__ - ****************************
07/12/2022 16:17:39 - INFO - __main__ - ***********Input************
07/12/2022 16:17:39 - INFO - __main__ - mourinho won the award a second successive time <mask>   – the first foreign manager to do so   – as chelsea won their second <mask> title .
07/12/2022 16:17:39 - INFO - __main__ - *********Hypothesis*********
07/12/2022 16:17:39 - INFO - __main__ - <mask> denotes a player who is <mask>.
07/12/2022 16:17:39 - INFO - __main__ - <mask> "i'm a little bit <mask>.
07/12/2022 16:17:39 - INFO - __main__ - <mask> the player is not <mask>.
07/12/2022 16:17:39 - INFO - __main__ - <mask> indicates that the player was <mask>.
07/12/2022 16:17:39 - INFO - __main__ - <mask>    =  = <mask>.
07/12/2022 16:17:39 - INFO - __main__ - ****************************
07/12/2022 16:17:39 - INFO - __main__ - *********References*********
07/12/2022 16:17:39 - INFO - __main__ - ['<mask> is the sports season of league or competition <mask>.']
07/12/2022 16:17:39 - INFO - __main__ - ****************************
07/12/2022 16:18:30 - INFO - __main__ - ***********Input************
07/12/2022 16:18:30 - INFO - __main__ - " shoot " is the ninth episode of the <mask> of the american television drama series " <mask> " .
07/12/2022 16:18:30 - INFO - __main__ - *********Hypothesis*********
07/12/2022 16:18:30 - INFO - __main__ - <mask> of the television series <mask>.
07/12/2022 16:18:30 - INFO - __main__ - <mask>, and the pilot episode of <mask>.
07/12/2022 16:18:30 - INFO - __main__ - <mask> premiere of the television series <mask>.
07/12/2022 16:18:30 - INFO - __main__ - <mask> of the tv show <mask>.
07/12/2022 16:18:30 - INFO - __main__ - <mask> finale of <mask>.
07/12/2022 16:18:30 - INFO - __main__ - <mask>, episode "the end" of <mask>.
07/12/2022 16:18:30 - INFO - __main__ - <mask> episode "the end" of <mask>.
07/12/2022 16:18:30 - INFO - __main__ - <mask>, episode 1 of the television series <mask>.
07/12/2022 16:18:30 - INFO - __main__ - <mask> was a spin-off of <mask>.
07/12/2022 16:18:30 - INFO - __main__ - <mask>, episode "the last" of <mask>.
07/12/2022 16:18:30 - INFO - __main__ - ****************************
07/12/2022 16:18:30 - INFO - __main__ - *********References*********
07/12/2022 16:18:30 - INFO - __main__ - ['<mask> contains <mask> as one of its parts.']
07/12/2022 16:18:30 - INFO - __main__ - ****************************
07/12/2022 16:19:24 - INFO - __main__ - ***********Input************
07/12/2022 16:19:24 - INFO - __main__ - the building was designed by noted architects <mask> & philip johnson , partners influential in <mask> .
07/12/2022 16:19:24 - INFO - __main__ - *********Hypothesis*********
07/12/2022 16:19:24 - INFO - __main__ - <mask>, the president of <mask>.
07/12/2022 16:19:24 - INFO - __main__ - <mask> was a native of <mask>.
07/12/2022 16:19:24 - INFO - __main__ - <mask> had been a great friend of mine in <mask>.
07/12/2022 16:19:24 - INFO - __main__ - <mask>, you are the most beautiful woman in <mask>.
07/12/2022 16:19:24 - INFO - __main__ - <mask> was a man who had been a soldier in <mask>.
07/12/2022 16:19:24 - INFO - __main__ - <mask>, i'm going to <mask>.
07/12/2022 16:19:24 - INFO - __main__ - <mask> was the only one who knew about the new <mask>.
07/12/2022 16:19:24 - INFO - __main__ - <mask> wasn't sure what he was doing in <mask>.
07/12/2022 16:19:24 - INFO - __main__ - <mask> and his family had been in <mask>.
07/12/2022 16:19:24 - INFO - __main__ - <mask>'s voice was a deep, raspy, <mask>.
07/12/2022 16:19:24 - INFO - __main__ - ****************************
07/12/2022 16:19:24 - INFO - __main__ - *********References*********
07/12/2022 16:19:24 - INFO - __main__ - ['the movement that <mask> is related to is <mask>.']
07/12/2022 16:19:24 - INFO - __main__ - ****************************
07/12/2022 16:20:18 - INFO - __main__ - ***********Input************
07/12/2022 16:20:18 - INFO - __main__ - after going undrafted in the 1995 nfl draft , berger joined the newly formed amsterdam admirals of the <mask> ( later known as nfl europe ) for the <mask> .
07/12/2022 16:20:18 - INFO - __main__ - *********Hypothesis*********
07/12/2022 16:20:18 - INFO - __main__ - <mask> has been a member of the league since <mask>.
07/12/2022 16:20:18 - INFO - __main__ - <mask> was the only team to win the title in <mask>.
07/12/2022 16:20:18 - INFO - __main__ - <mask> has not had a winning season since <mask>.
07/12/2022 16:20:18 - INFO - __main__ - <mask> was a professional football league that began in <mask>.
07/12/2022 16:20:18 - INFO - __main__ - <mask> was founded as a non-profit organization in <mask>.
07/12/2022 16:20:18 - INFO - __main__ - <mask>. nfl. season <mask>.
07/12/2022 16:20:18 - INFO - __main__ - <mask>) was founded in <mask>.
07/12/2022 16:20:18 - INFO - __main__ - <mask>, which was founded in <mask>.
07/12/2022 16:20:18 - INFO - __main__ - <mask>. the only team to win the title in <mask>.
07/12/2022 16:20:18 - INFO - __main__ - <mask> was a member of the nbl in <mask>.
07/12/2022 16:20:18 - INFO - __main__ - ****************************
07/12/2022 16:20:18 - INFO - __main__ - *********References*********
07/12/2022 16:20:18 - INFO - __main__ - ['<mask> is the sports season of league or competition <mask>.']
07/12/2022 16:20:18 - INFO - __main__ - ****************************
07/12/2022 16:21:25 - INFO - __main__ - ***********Input************
07/12/2022 16:21:25 - INFO - __main__ - a human lampshade appears in the 2007 film " <mask> " , which was made by <mask> .
07/12/2022 16:21:25 - INFO - __main__ - *********Hypothesis*********
07/12/2022 16:21:25 - INFO - __main__ - <mask> is a television series produced by <mask>.
07/12/2022 16:21:25 - INFO - __main__ - <mask> is a film produced by <mask>.
07/12/2022 16:21:25 - INFO - __main__ - <mask> was produced by <mask>.
07/12/2022 16:21:25 - INFO - __main__ - <mask> is a short animated film produced by <mask>.
07/12/2022 16:21:25 - INFO - __main__ - <mask> is a fantasy film produced by <mask>.
07/12/2022 16:21:25 - INFO - __main__ - <mask> is a horror film produced by <mask>.
07/12/2022 16:21:25 - INFO - __main__ - <mask> is an animated film produced by <mask>.
07/12/2022 16:21:25 - INFO - __main__ - <mask> is a short film by <mask>.
07/12/2022 16:21:25 - INFO - __main__ - <mask> is a comic book series published by <mask>.
07/12/2022 16:21:25 - INFO - __main__ - <mask> was released by <mask>.
07/12/2022 16:21:25 - INFO - __main__ - ****************************
07/12/2022 16:21:25 - INFO - __main__ - *********References*********
07/12/2022 16:21:25 - INFO - __main__ - ['<mask> is directed by <mask>.']
07/12/2022 16:21:25 - INFO - __main__ - ****************************
07/12/2022 16:22:05 - INFO - __main__ - ***********Input************
07/12/2022 16:22:05 - INFO - __main__ - laban key was introduced in september 2013 by the project manager pham kim long who is also the developer of the <mask> input method editor <mask> .
07/12/2022 16:22:05 - INFO - __main__ - *********Hypothesis*********
07/12/2022 16:22:05 - INFO - __main__ - <mask> is the main language of <mask>.
07/12/2022 16:22:05 - INFO - __main__ - <mask>, however, does not support <mask>.
07/12/2022 16:22:05 - INFO - __main__ - <mask> is a language that is a descendant of <mask>.
07/12/2022 16:22:05 - INFO - __main__ - <mask> has a number of <mask>.
07/12/2022 16:22:05 - INFO - __main__ - <mask> is a qt and <mask>.
07/12/2022 16:22:05 - INFO - __main__ - <mask> is a free and open-source <mask>.
07/12/2022 16:22:05 - INFO - __main__ - <mask>: the name of the program is <mask>.
07/12/2022 16:22:05 - INFO - __main__ - <mask> is a libinput open-source <mask>.
07/12/2022 16:22:05 - INFO - __main__ - <mask>'s name is a play on <mask>.
07/12/2022 16:22:05 - INFO - __main__ - <mask> is a free and open-source software library for <mask>.
07/12/2022 16:22:05 - INFO - __main__ - ****************************
07/12/2022 16:22:05 - INFO - __main__ - *********References*********
07/12/2022 16:22:05 - INFO - __main__ - ['the operating system <mask> based on is <mask>.']
07/12/2022 16:22:05 - INFO - __main__ - ****************************
07/12/2022 16:23:09 - INFO - __main__ - ***********Input************
07/12/2022 16:23:09 - INFO - __main__ - <mask> ( basel , 23 june 1768 – 3 december 1829 ) was a swiss <mask> and astronomer .
07/12/2022 16:23:09 - INFO - __main__ - *********Hypothesis*********
07/12/2022 16:23:09 - INFO - __main__ - <mask> was a <mask>.
07/12/2022 16:23:09 - INFO - __main__ - <mask>, was a <mask>.
07/12/2022 16:23:09 - INFO - __main__ - <mask>, who was a <mask>.
07/12/2022 16:23:09 - INFO - __main__ - <mask> was a prominent <mask>.
07/12/2022 16:23:09 - INFO - __main__ - <mask> was born into a family of <mask>.
07/12/2022 16:23:09 - INFO - __main__ - <mask> was an early <mask>.
07/12/2022 16:23:09 - INFO - __main__ - <mask> was a jesuit <mask>.
07/12/2022 16:23:09 - INFO - __main__ - <mask> is a former <mask>.
07/12/2022 16:23:09 - INFO - __main__ - <mask> is a <mask>.
07/12/2022 16:23:09 - INFO - __main__ - <mask>, the founder <mask>.
07/12/2022 16:23:09 - INFO - __main__ - ****************************
07/12/2022 16:23:09 - INFO - __main__ - *********References*********
07/12/2022 16:23:09 - INFO - __main__ - ['<mask> is <mask> by occupation.']
07/12/2022 16:23:09 - INFO - __main__ - ****************************
07/12/2022 16:24:03 - INFO - __main__ - ***********Input************
07/12/2022 16:24:03 - INFO - __main__ - the <mask> , <mask> , in a written statement from the federal president 's office , called for a " responsible use of the language " .
07/12/2022 16:24:03 - INFO - __main__ - *********Hypothesis*********
07/12/2022 16:24:03 - INFO - __main__ - <mask>: the government of <mask>.
07/12/2022 16:24:03 - INFO - __main__ - <mask> opposition to the bill was led by <mask>.
07/12/2022 16:24:03 - INFO - __main__ - <mask>: the president is <mask>.
07/12/2022 16:24:03 - INFO - __main__ - <mask>, the lower house of <mask>.
07/12/2022 16:24:03 - INFO - __main__ - <mask> officials said that the attack was carried out by <mask>.
07/12/2022 16:24:03 - INFO - __main__ - <mask> members are elected by <mask>.
07/12/2022 16:24:03 - INFO - __main__ - <mask> authorities were not able to find <mask>.
07/12/2022 16:24:03 - INFO - __main__ - <mask> vice president <mask>.
07/12/2022 16:24:03 - INFO - __main__ - <mask>: the upper house is <mask>.
07/12/2022 16:24:03 - INFO - __main__ - <mask> women's national football team is the national team of <mask>.
07/12/2022 16:24:03 - INFO - __main__ - ****************************
07/12/2022 16:24:03 - INFO - __main__ - *********References*********
07/12/2022 16:24:03 - INFO - __main__ - ['<mask> holds position of <mask>.']
07/12/2022 16:24:03 - INFO - __main__ - ****************************
07/12/2022 16:24:55 - INFO - __main__ - ***********Input************
07/12/2022 16:24:55 - INFO - __main__ - on 25 may 2014 , lundgren and <mask> became the first representatives of the sweden democrats to be elected <mask> .
07/12/2022 16:24:55 - INFO - __main__ - *********Hypothesis*********
07/12/2022 16:24:55 - INFO - __main__ - <mask> was a member of <mask>.
07/12/2022 16:24:55 - INFO - __main__ - <mask> is a member of <mask>.
07/12/2022 16:24:55 - INFO - __main__ - <mask> was elected to <mask>.
07/12/2022 16:24:55 - INFO - __main__ - <mask> has been a member of <mask>.
07/12/2022 16:24:55 - INFO - __main__ - <mask> was a member of the <mask>.
07/12/2022 16:24:55 - INFO - __main__ - <mask> has been a member of the <mask>.
07/12/2022 16:24:55 - INFO - __main__ - <mask> had been a member of <mask>.
07/12/2022 16:24:55 - INFO - __main__ - <mask>'s father was a member of <mask>.
07/12/2022 16:24:55 - INFO - __main__ - <mask> was elected <mask>.
07/12/2022 16:24:55 - INFO - __main__ - <mask> was a member of the party <mask>.
07/12/2022 16:24:55 - INFO - __main__ - ****************************
07/12/2022 16:24:55 - INFO - __main__ - *********References*********
07/12/2022 16:24:55 - INFO - __main__ - ['<mask> holds position of <mask>.']
07/12/2022 16:24:55 - INFO - __main__ - ****************************
07/12/2022 16:25:42 - INFO - __main__ - ***********Input************
07/12/2022 16:25:42 - INFO - __main__ - the new <mask> provides twinned highway service across the <mask> .
07/12/2022 16:25:42 - INFO - __main__ - *********Hypothesis*********
07/12/2022 16:25:42 - INFO - __main__ - <mask> is a major east–west highway in <mask>.
07/12/2022 16:25:42 - INFO - __main__ - <mask>, the only major <mask>.
07/12/2022 16:25:42 - INFO - __main__ - <mask> 1 is a regional road in the southern <mask>.
07/12/2022 16:25:42 - INFO - __main__ - <mask> is the main road in <mask>.
07/12/2022 16:25:42 - INFO - __main__ - <mask> 5 is a road in the southern <mask>.
07/12/2022 16:25:42 - INFO - __main__ - <mask> was the only <mask>.
07/12/2022 16:25:42 - INFO - __main__ - <mask> 7 (b 7) is a regional road in <mask>.
07/12/2022 16:25:42 - INFO - __main__ - <mask> is a major north–south highway in the western <mask>.
07/12/2022 16:25:42 - INFO - __main__ - <mask> is a <mask>.
07/12/2022 16:25:42 - INFO - __main__ - <mask> was built to connect the city to <mask>.
07/12/2022 16:25:42 - INFO - __main__ - ****************************
07/12/2022 16:25:42 - INFO - __main__ - *********References*********
07/12/2022 16:25:42 - INFO - __main__ - ['<mask> crosses <mask>.']
07/12/2022 16:25:42 - INFO - __main__ - ****************************
07/12/2022 16:26:39 - INFO - __main__ - ***********Input************
07/12/2022 16:26:39 - INFO - __main__ - " <mask> " is the tenth episode of the <mask> and the 163rd overall episode of the american animated television series " south park " .
07/12/2022 16:26:39 - INFO - __main__ - *********Hypothesis*********
07/12/2022 16:26:39 - INFO - __main__ - <mask>: the animation, <mask>.
07/12/2022 16:26:39 - INFO - __main__ - <mask> is a fictional <mask>.
07/12/2022 16:26:39 - INFO - __main__ - <mask> was released on dvd in the <mask>.
07/12/2022 16:26:39 - INFO - __main__ - <mask> is a <mask>.
07/12/2022 16:26:39 - INFO - __main__ - <mask>, inc. v. <mask>.
07/12/2022 16:26:39 - INFO - __main__ - <mask> is the only oz in the <mask>.
07/12/2022 16:26:39 - INFO - __main__ - <mask>: a comedy series, <mask>.
07/12/2022 16:26:39 - INFO - __main__ - <mask>, which was a spin-off of the original <mask>.
07/12/2022 16:26:39 - INFO - __main__ - <mask>: the return of oz <mask>.
07/12/2022 16:26:39 - INFO - __main__ - <mask> is a fictional character from the oz television <mask>.
07/12/2022 16:26:39 - INFO - __main__ - ****************************
07/12/2022 16:26:39 - INFO - __main__ - *********References*********
07/12/2022 16:26:39 - INFO - __main__ - ['<mask> is a part of <mask>.']
07/12/2022 16:26:39 - INFO - __main__ - ****************************
07/12/2022 16:27:54 - INFO - __main__ - ***********Input************
07/12/2022 16:27:54 - INFO - __main__ - the film was nominated for <mask> ( <mask> ) , costume design ( albert wolsky ) , best music ( marvin hamlisch ) , and best adapted screenplay ( alan j. pakula ) .
07/12/2022 16:27:54 - INFO - __main__ - *********Hypothesis*********
07/12/2022 16:27:54 - INFO - __main__ - <mask> for the film <mask>.
07/12/2022 16:27:54 - INFO - __main__ - <mask> was won by <mask>.
07/12/2022 16:27:54 - INFO - __main__ - <mask> in the category of <mask>.
07/12/2022 16:27:54 - INFO - __main__ - <mask> for the film, for <mask>.
07/12/2022 16:27:54 - INFO - __main__ - <mask> is awarded for <mask>.
07/12/2022 16:27:54 - INFO - __main__ - <mask> has been for <mask>.
07/12/2022 16:27:54 - INFO - __main__ - <mask>, for the film <mask>.
07/12/2022 16:27:54 - INFO - __main__ - <mask> was awarded to <mask>.
07/12/2022 16:27:54 - INFO - __main__ - <mask> has been won by <mask>.
07/12/2022 16:27:54 - INFO - __main__ - <mask> for the jsonson <mask>.
07/12/2022 16:27:54 - INFO - __main__ - ****************************
07/12/2022 16:27:54 - INFO - __main__ - *********References*********
07/12/2022 16:27:54 - INFO - __main__ - ['<mask> is nominated for <mask>.']
07/12/2022 16:27:54 - INFO - __main__ - ****************************
07/12/2022 16:28:48 - INFO - __main__ - ***********Input************
07/12/2022 16:28:48 - INFO - __main__ - a branch line was built from sydenham to belmore in 1895 , bankstown in 1909 and <mask> in 1928 , which became part of the bankstown line of the <mask> transport network .
07/12/2022 16:28:48 - INFO - __main__ - *********Hypothesis*********
07/12/2022 16:28:48 - INFO - __main__ - <mask> is the largest city in <mask>.
07/12/2022 16:28:48 - INFO - __main__ - <mask> is a major centre for the production of <mask>.
07/12/2022 16:28:48 - INFO - __main__ - <mask> is a major centre for the manufacture of wool and wool products in <mask>.
07/12/2022 16:28:48 - INFO - __main__ - <mask> has a long history of being a <mask>.
07/12/2022 16:28:48 - INFO - __main__ - <mask> has a long history of being a major centre for the wool trade in <mask>.
07/12/2022 16:28:48 - INFO - __main__ - <mask>'s population is one of the most diverse in <mask>.
07/12/2022 16:28:48 - INFO - __main__ - <mask> was the last major city to be completely <mask>.
07/12/2022 16:28:48 - INFO - __main__ - <mask> has been a major centre of the wool trade in <mask>.
07/12/2022 16:28:48 - INFO - __main__ - <mask> is an important regional centre for the development of <mask>.
07/12/2022 16:28:48 - INFO - __main__ - <mask> has been a popular destination for many <mask>.
07/12/2022 16:28:48 - INFO - __main__ - ****************************
07/12/2022 16:28:48 - INFO - __main__ - *********References*********
07/12/2022 16:28:48 - INFO - __main__ - ['<mask> is operated by <mask>.']
07/12/2022 16:28:48 - INFO - __main__ - ****************************
07/12/2022 16:29:56 - INFO - __main__ - ***********Input************
07/12/2022 16:29:56 - INFO - __main__ - the post was first created after the <mask> created the kingdom of great britain from the <mask> and the kingdom of scotland .
07/12/2022 16:29:56 - INFO - __main__ - *********Hypothesis*********
07/12/2022 16:29:56 - INFO - __main__ - <mask>, the area was a <mask>.
07/12/2022 16:29:56 - INFO - __main__ - <mask> had a <mask>.
07/12/2022 16:29:56 - INFO - __main__ - <mask> had a long <mask>.
07/12/2022 16:29:56 - INFO - __main__ - <mask>) and the former <mask>.
07/12/2022 16:29:56 - INFO - __main__ - <mask>, it was a <mask>.
07/12/2022 16:29:56 - INFO - __main__ - <mask> and other <mask>.
07/12/2022 16:29:56 - INFO - __main__ - <mask>) and the area was a <mask>.
07/12/2022 16:29:56 - INFO - __main__ - <mask>), which was a <mask>.
07/12/2022 16:29:56 - INFO - __main__ - <mask>), which was a separate <mask>.
07/12/2022 16:29:56 - INFO - __main__ - <mask> had a small <mask>.
07/12/2022 16:29:56 - INFO - __main__ - ****************************
07/12/2022 16:29:56 - INFO - __main__ - *********References*********
07/12/2022 16:29:56 - INFO - __main__ - ['the country where <mask> is located in is <mask>.']
07/12/2022 16:29:56 - INFO - __main__ - ****************************
07/12/2022 16:30:42 - INFO - __main__ - ***********Input************
07/12/2022 16:30:42 - INFO - __main__ - smythe taught at least six <mask> laureates : charles townes , donald glaser , william shockley , carl anderson , james rainwater , and edwin mcmillan , who won the <mask> .
07/12/2022 16:30:42 - INFO - __main__ - *********Hypothesis*********
07/12/2022 16:30:42 - INFO - __main__ - <mask> is in the field of <mask>.
07/12/2022 16:30:42 - INFO - __main__ - <mask>, and the <mask>.
07/12/2022 16:30:42 - INFO - __main__ - <mask> and the winner of the prize is <mask>.
07/12/2022 16:30:42 - INFO - __main__ - <mask> is a short-lived science <mask>.
07/12/2022 16:30:42 - INFO - __main__ - <mask> is a literary <mask>.
07/12/2022 16:30:42 - INFO - __main__ - <mask>) is a member of the <mask>.
07/12/2022 16:30:42 - INFO - __main__ - <mask>-based science fiction and fantasy author and <mask>.
07/12/2022 16:30:42 - INFO - __main__ - <mask> and the winner of the prize <mask>.
07/12/2022 16:30:42 - INFO - __main__ - <mask> is a <mask>.
07/12/2022 16:30:42 - INFO - __main__ - <mask> was a great man and a <mask>.
07/12/2022 16:30:42 - INFO - __main__ - ****************************
07/12/2022 16:30:42 - INFO - __main__ - *********References*********
07/12/2022 16:30:42 - INFO - __main__ - ['<mask> is an instance of <mask>.']
07/12/2022 16:30:42 - INFO - __main__ - ****************************
07/12/2022 16:31:47 - INFO - __main__ - **************** MODEL CONFIGURATION ****************
07/12/2022 16:31:47 - INFO - __main__ - bart_training             -->   True
07/12/2022 16:31:47 - INFO - __main__ - device                    -->   3
07/12/2022 16:31:47 - INFO - __main__ - group_beam                -->   True
07/12/2022 16:31:47 - INFO - __main__ - if_then                   -->   False
07/12/2022 16:31:47 - INFO - __main__ - inductor                  -->   rule
07/12/2022 16:31:47 - INFO - __main__ - log_dir                   -->   logs_new/
07/12/2022 16:31:47 - INFO - __main__ - log_name                  -->   wiki80-gs+dpp
07/12/2022 16:31:47 - INFO - __main__ - mlm_training              -->   True
07/12/2022 16:31:47 - INFO - __main__ - task                      -->   wiki80
07/12/2022 16:31:47 - INFO - __main__ - **************** MODEL CONFIGURATION ****************
07/12/2022 16:35:11 - INFO - __main__ - ***********Input************
07/12/2022 16:35:11 - INFO - __main__ - set in <mask> , the game is a remake of " <mask> " .
07/12/2022 16:35:11 - INFO - __main__ - *********Hypothesis*********
07/12/2022 16:35:11 - INFO - __main__ - <mask> version of <mask>.
07/12/2022 16:35:11 - INFO - __main__ - <mask>'s version of the game was titled <mask>.
07/12/2022 16:35:11 - INFO - __main__ - <mask> was the only country to receive <mask>.
07/12/2022 16:35:11 - INFO - __main__ - <mask> is the setting for the video game <mask>.
07/12/2022 16:35:11 - INFO - __main__ - <mask> was a major market for <mask>.
07/12/2022 16:35:11 - INFO - __main__ - <mask> is a major market for <mask>.
07/12/2022 16:35:11 - INFO - __main__ - <mask> has been the setting for several video games, including <mask>.
07/12/2022 16:35:11 - INFO - __main__ - <mask>'s version of the game was released as <mask>.
07/12/2022 16:35:11 - INFO - __main__ - <mask> release of <mask>.
07/12/2022 16:35:11 - INFO - __main__ - <mask>'s version was titled <mask>.
07/12/2022 16:35:11 - INFO - __main__ - ****************************
07/12/2022 16:35:11 - INFO - __main__ - *********References*********
07/12/2022 16:35:11 - INFO - __main__ - ['the main subject of <mask> is <mask>.']
07/12/2022 16:35:11 - INFO - __main__ - ****************************
07/12/2022 16:36:25 - INFO - __main__ - ***********Input************
07/12/2022 16:36:25 - INFO - __main__ - the third part of the suite , " orienthology " , is a reference to " <mask> " ( 1946 ) by jazz saxophonist <mask> .
07/12/2022 16:36:25 - INFO - __main__ - *********Hypothesis*********
07/12/2022 16:36:25 - INFO - __main__ - <mask> is a jazz album by <mask>.
07/12/2022 16:36:25 - INFO - __main__ - <mask> is a collection of short stories by <mask>.
07/12/2022 16:36:25 - INFO - __main__ - <mask>: the life and times of <mask>.
07/12/2022 16:36:25 - INFO - __main__ - <mask> is a studio album by <mask>.
07/12/2022 16:36:25 - INFO - __main__ - <mask>, an album by <mask>.
07/12/2022 16:36:25 - INFO - __main__ - <mask>, the music of <mask>.
07/12/2022 16:36:25 - INFO - __main__ - <mask> was the last studio album by <mask>.
07/12/2022 16:36:25 - INFO - __main__ - <mask> was the last album to feature <mask>.
07/12/2022 16:36:25 - INFO - __main__ - <mask> is a book by <mask>.
07/12/2022 16:36:25 - INFO - __main__ - <mask> was the subject of a book by <mask>.
07/12/2022 16:36:25 - INFO - __main__ - ****************************
07/12/2022 16:36:25 - INFO - __main__ - *********References*********
07/12/2022 16:36:25 - INFO - __main__ - ['<mask> is composed by <mask>.']
07/12/2022 16:36:25 - INFO - __main__ - ****************************
07/12/2022 16:37:32 - INFO - __main__ - ***********Input************
07/12/2022 16:37:32 - INFO - __main__ - she was awarded a ph . d in <mask> by johns hopkins university studying the synthesis of the bacteriophage ms2 , advised by <mask> .
07/12/2022 16:37:32 - INFO - __main__ - *********Hypothesis*********
07/12/2022 16:37:32 - INFO - __main__ - <mask> is a science, <mask>.
07/12/2022 16:37:32 - INFO - __main__ - <mask> and biochemistry, <mask>.
07/12/2022 16:37:32 - INFO - __main__ - <mask>, biology, and chemistry, <mask>.
07/12/2022 16:37:32 - INFO - __main__ - <mask>, the world, <mask>.
07/12/2022 16:37:32 - INFO - __main__ - <mask>, the biology of the human body, <mask>.
07/12/2022 16:37:32 - INFO - __main__ - <mask> and the human body, <mask>.
07/12/2022 16:37:32 - INFO - __main__ - <mask> : the science of bioinformatic, <mask>.
07/12/2022 16:37:32 - INFO - __main__ - <mask> and genomics : a new approach, <mask>.
07/12/2022 16:37:32 - INFO - __main__ - <mask>, the world of science, and <mask>.
07/12/2022 16:37:32 - INFO - __main__ - <mask> and biochemistry : a new approach, <mask>.
07/12/2022 16:37:32 - INFO - __main__ - ****************************
07/12/2022 16:37:32 - INFO - __main__ - *********References*********
07/12/2022 16:37:32 - INFO - __main__ - ['<mask> works in the field of <mask>.']
07/12/2022 16:37:32 - INFO - __main__ - ****************************
07/12/2022 16:38:36 - INFO - __main__ - ***********Input************
07/12/2022 16:38:36 - INFO - __main__ - chukwudi chukwuma ( born 27 may 1994 ) is a nigerian professional footballer who last played as a forward for <mask> in the <mask> .
07/12/2022 16:38:36 - INFO - __main__ - *********Hypothesis*********
07/12/2022 16:38:36 - INFO - __main__ - <mask> are the defending champions of <mask>.
07/12/2022 16:38:36 - INFO - __main__ - <mask> is a football club in <mask>.
07/12/2022 16:38:36 - INFO - __main__ - <mask> were promoted to <mask>.
07/12/2022 16:38:36 - INFO - __main__ - <mask> is a professional football club in <mask>.
07/12/2022 16:38:36 - INFO - __main__ - <mask> won the 2015–16 <mask>.
07/12/2022 16:38:36 - INFO - __main__ - <mask> was promoted to <mask>.
07/12/2022 16:38:36 - INFO - __main__ - <mask> are a professional football club in <mask>.
07/12/2022 16:38:36 - INFO - __main__ - <mask>, who play in <mask>.
07/12/2022 16:38:36 - INFO - __main__ - <mask>, a team in <mask>.
07/12/2022 16:38:36 - INFO - __main__ - <mask> were relegated from <mask>.
07/12/2022 16:38:36 - INFO - __main__ - ****************************
07/12/2022 16:38:36 - INFO - __main__ - *********References*********
07/12/2022 16:38:36 - INFO - __main__ - ['the league of <mask> is <mask>.']
07/12/2022 16:38:36 - INFO - __main__ - ****************************
07/12/2022 16:39:42 - INFO - __main__ - ***********Input************
07/12/2022 16:39:42 - INFO - __main__ - it is primarily used for <mask> and was the home of <mask> before they moved to richmond county bank ballpark in 2001 .
07/12/2022 16:39:42 - INFO - __main__ - *********Hypothesis*********
07/12/2022 16:39:42 - INFO - __main__ - <mask> were renamed <mask>.
07/12/2022 16:39:42 - INFO - __main__ - <mask>, he played for <mask>.
07/12/2022 16:39:42 - INFO - __main__ - <mask>, and was the manager of <mask>.
07/12/2022 16:39:42 - INFO - __main__ - <mask> and the triple-a affiliate, <mask>.
07/12/2022 16:39:42 - INFO - __main__ - <mask>, and then <mask>.
07/12/2022 16:39:42 - INFO - __main__ - <mask> is the home of <mask>.
07/12/2022 16:39:42 - INFO - __main__ - <mask>: the team is now <mask>.
07/12/2022 16:39:42 - INFO - __main__ - <mask> were renamed as <mask>.
07/12/2022 16:39:42 - INFO - __main__ - <mask>, and later <mask>.
07/12/2022 16:39:42 - INFO - __main__ - <mask> players who have played for <mask>.
07/12/2022 16:39:42 - INFO - __main__ - ****************************
07/12/2022 16:39:42 - INFO - __main__ - *********References*********
07/12/2022 16:39:42 - INFO - __main__ - ['the sports <mask> plays is <mask>.']
07/12/2022 16:39:42 - INFO - __main__ - ****************************
07/12/2022 16:41:03 - INFO - __main__ - ***********Input************
07/12/2022 16:41:03 - INFO - __main__ - the poprad ( , ) is a river in northern <mask> and southern poland , and a tributary of the <mask> near stary sącz , poland .
07/12/2022 16:41:03 - INFO - __main__ - *********Hypothesis*********
07/12/2022 16:41:03 - INFO - __main__ - <mask>'s largest city is <mask>.
07/12/2022 16:41:03 - INFO - __main__ - <mask>'s main railway station is <mask>.
07/12/2022 16:41:03 - INFO - __main__ - <mask> is the largest producer of <mask>.
07/12/2022 16:41:03 - INFO - __main__ - <mask>'s main river is <mask>.
07/12/2022 16:41:03 - INFO - __main__ - <mask>: the name of the town is <mask>.
07/12/2022 16:41:03 - INFO - __main__ - <mask> has a large number of small lakes, including the <mask>.
07/12/2022 16:41:03 - INFO - __main__ - <mask> was located in the <mask>.
07/12/2022 16:41:03 - INFO - __main__ - <mask> is located on the left bank of the river <mask>.
07/12/2022 16:41:03 - INFO - __main__ - <mask> is located in <mask>.
07/12/2022 16:41:03 - INFO - __main__ - <mask>'s largest producer of the product is <mask>.
07/12/2022 16:41:03 - INFO - __main__ - ****************************
07/12/2022 16:41:03 - INFO - __main__ - *********References*********
07/12/2022 16:41:03 - INFO - __main__ - ['the body of water which <mask> is located in is <mask>.']
07/12/2022 16:41:03 - INFO - __main__ - ****************************
07/12/2022 16:42:07 - INFO - __main__ - ***********Input************
07/12/2022 16:42:07 - INFO - __main__ - on 22 july 2017 it was announced the airline would operate weekly flights to johannesburg via <mask> in <mask> , with a monthly link to ascension island .
07/12/2022 16:42:07 - INFO - __main__ - *********Hypothesis*********
07/12/2022 16:42:07 - INFO - __main__ - <mask> is a province of <mask>.
07/12/2022 16:42:07 - INFO - __main__ - <mask> is the capital of <mask>.
07/12/2022 16:42:07 - INFO - __main__ - <mask> is a city in <mask>.
07/12/2022 16:42:07 - INFO - __main__ - <mask> was a small town in <mask>.
07/12/2022 16:42:07 - INFO - __main__ - <mask> is a major international airport in <mask>.
07/12/2022 16:42:07 - INFO - __main__ - <mask>, the capital of <mask>.
07/12/2022 16:42:07 - INFO - __main__ - <mask> was the most important city in <mask>.
07/12/2022 16:42:07 - INFO - __main__ - <mask> is a major tourist destination in <mask>.
07/12/2022 16:42:07 - INFO - __main__ - <mask> is a very old word in <mask>.
07/12/2022 16:42:07 - INFO - __main__ - <mask> was a big city in <mask>.
07/12/2022 16:42:07 - INFO - __main__ - ****************************
07/12/2022 16:42:07 - INFO - __main__ - *********References*********
07/12/2022 16:42:07 - INFO - __main__ - ['the country where <mask> is located in is <mask>.']
07/12/2022 16:42:07 - INFO - __main__ - ****************************
07/12/2022 16:43:15 - INFO - __main__ - ***********Input************
07/12/2022 16:43:15 - INFO - __main__ - search for station 08mg001 chehalis river near harrison mills thus the mean annual discharge of the <mask> at its mouth on the <mask> is at least .
07/12/2022 16:43:15 - INFO - __main__ - *********Hypothesis*********
07/12/2022 16:43:15 - INFO - __main__ - <mask> is a small <mask>.
07/12/2022 16:43:15 - INFO - __main__ - <mask> is located on the south side of the <mask>.
07/12/2022 16:43:15 - INFO - __main__ - <mask> is a small community in the central <mask>.
07/12/2022 16:43:15 - INFO - __main__ - <mask> is a small community on the south side of the <mask>.
07/12/2022 16:43:15 - INFO - __main__ - <mask> is located in the northern <mask>.
07/12/2022 16:43:15 - INFO - __main__ - <mask> is a small community in the southeast corner of <mask>.
07/12/2022 16:43:15 - INFO - __main__ - <mask> is the only city in the state to have a city <mask>.
07/12/2022 16:43:15 - INFO - __main__ - <mask> is a small community of <mask>.
07/12/2022 16:43:15 - INFO - __main__ - <mask> is located on the south side of <mask>.
07/12/2022 16:43:15 - INFO - __main__ - <mask> has a long history of <mask>.
07/12/2022 16:43:15 - INFO - __main__ - ****************************
07/12/2022 16:43:15 - INFO - __main__ - *********References*********
07/12/2022 16:43:15 - INFO - __main__ - ['the tributary of <mask> is <mask>.']
07/12/2022 16:43:15 - INFO - __main__ - ****************************
07/12/2022 16:44:14 - INFO - __main__ - ***********Input************
07/12/2022 16:44:14 - INFO - __main__ - in 1985 , <mask> acquired the <mask> brand .
07/12/2022 16:44:14 - INFO - __main__ - *********Hypothesis*********
07/12/2022 16:44:14 - INFO - __main__ - <mask> has been a major sponsor of <mask>.
07/12/2022 16:44:14 - INFO - __main__ - <mask> is a subsidiary of <mask>.
07/12/2022 16:44:14 - INFO - __main__ - <mask> is a major sponsor of <mask>.
07/12/2022 16:44:14 - INFO - __main__ - <mask> is the largest consumer of <mask>.
07/12/2022 16:44:14 - INFO - __main__ - <mask> was a major sponsor of <mask>.
07/12/2022 16:44:14 - INFO - __main__ - <mask> is the largest employer in the city, followed by <mask>.
07/12/2022 16:44:14 - INFO - __main__ - <mask> is the largest employer in <mask>.
07/12/2022 16:44:14 - INFO - __main__ - <mask> is a brand of <mask>.
07/12/2022 16:44:14 - INFO - __main__ - <mask> was the largest shareholder of <mask>.
07/12/2022 16:44:14 - INFO - __main__ - <mask> was the largest employer in the <mask>.
07/12/2022 16:44:14 - INFO - __main__ - ****************************
07/12/2022 16:44:14 - INFO - __main__ - *********References*********
07/12/2022 16:44:14 - INFO - __main__ - ['the subsidiary of <mask> is <mask>.']
07/12/2022 16:44:14 - INFO - __main__ - ****************************
07/12/2022 16:45:10 - INFO - __main__ - ***********Input************
07/12/2022 16:45:10 - INFO - __main__ - u.s. hwy 11 passes through the center of the community , which is approximately from chilhowie . smyth county history  <mask> was listed on the <mask> in 1980 .
07/12/2022 16:45:10 - INFO - __main__ - *********Hypothesis*********
07/12/2022 16:45:10 - INFO - __main__ - <mask>, which is listed on <mask>.
07/12/2022 16:45:10 - INFO - __main__ - <mask> is listed on the state's <mask>.
07/12/2022 16:45:10 - INFO - __main__ - <mask> was listed on the now-defunct <mask>.
07/12/2022 16:45:10 - INFO - __main__ - <mask> and the surrounding area are listed on <mask>.
07/12/2022 16:45:10 - INFO - __main__ - <mask>, which is listed on the <mask>.
07/12/2022 16:45:10 - INFO - __main__ - <mask> has been listed on the state and national <mask>.
07/12/2022 16:45:10 - INFO - __main__ - <mask> and the building are listed on <mask>.
07/12/2022 16:45:10 - INFO - __main__ - <mask>'s original building was listed on <mask>.
07/12/2022 16:45:10 - INFO - __main__ - <mask>, and is listed on <mask>.
07/12/2022 16:45:10 - INFO - __main__ - <mask> is a contributing property to the district, and <mask>.
07/12/2022 16:45:10 - INFO - __main__ - ****************************
07/12/2022 16:45:10 - INFO - __main__ - *********References*********
07/12/2022 16:45:10 - INFO - __main__ - ['<mask> is designated as a <mask>.']
07/12/2022 16:45:10 - INFO - __main__ - ****************************
07/12/2022 16:46:12 - INFO - __main__ - ***********Input************
07/12/2022 16:46:12 - INFO - __main__ - quigley beat world number one <mask> , before defeating bogdan juratoni in the <mask> final .
07/12/2022 16:46:12 - INFO - __main__ - *********Hypothesis*********
07/12/2022 16:46:12 - INFO - __main__ - <mask> won the singles title at <mask>.
07/12/2022 16:46:12 - INFO - __main__ - <mask> is a former professional tennis player who played for <mask>.
07/12/2022 16:46:12 - INFO - __main__ - <mask> was the defending champion, but chose to compete in <mask>.
07/12/2022 16:46:12 - INFO - __main__ - <mask> is a former <mask>.
07/12/2022 16:46:12 - INFO - __main__ - <mask>, tennis player, <mask>.
07/12/2022 16:46:12 - INFO - __main__ - <mask>, tennis player, was born in <mask>.
07/12/2022 16:46:12 - INFO - __main__ - <mask> is a greek <mask>.
07/12/2022 16:46:12 - INFO - __main__ - <mask> was the defending champion, but chose to compete at <mask>.
07/12/2022 16:46:12 - INFO - __main__ - <mask> is the current champion of <mask>.
07/12/2022 16:46:12 - INFO - __main__ - <mask>, tennis player, was <mask>.
07/12/2022 16:46:12 - INFO - __main__ - ****************************
07/12/2022 16:46:12 - INFO - __main__ - *********References*********
07/12/2022 16:46:12 - INFO - __main__ - ['<mask> is the competition class of <mask>.']
07/12/2022 16:46:12 - INFO - __main__ - ****************************
07/12/2022 16:47:37 - INFO - __main__ - ***********Input************
07/12/2022 16:47:37 - INFO - __main__ - it dates back to the seljukid era and is located on the northern bank of <mask> beside the <mask> .
07/12/2022 16:47:37 - INFO - __main__ - *********Hypothesis*********
07/12/2022 16:47:37 - INFO - __main__ - <mask>, a tributary of <mask>.
07/12/2022 16:47:37 - INFO - __main__ - <mask>, which flows into <mask>.
07/12/2022 16:47:37 - INFO - __main__ - <mask> and the <mask>.
07/12/2022 16:47:37 - INFO - __main__ - <mask>, and the <mask>.
07/12/2022 16:47:37 - INFO - __main__ - <mask> and its tributary <mask>.
07/12/2022 16:47:37 - INFO - __main__ - <mask>, and the river <mask>.
07/12/2022 16:47:37 - INFO - __main__ - <mask>, which is a tributary of <mask>.
07/12/2022 16:47:37 - INFO - __main__ - <mask>, which flows through the <mask>.
07/12/2022 16:47:37 - INFO - __main__ - <mask>, a right tributary of <mask>.
07/12/2022 16:47:37 - INFO - __main__ - <mask> is the main river of <mask>.
07/12/2022 16:47:37 - INFO - __main__ - ****************************
07/12/2022 16:47:37 - INFO - __main__ - *********References*********
07/12/2022 16:47:37 - INFO - __main__ - ['<mask> crosses <mask>.']
07/12/2022 16:47:37 - INFO - __main__ - ****************************
07/12/2022 16:48:53 - INFO - __main__ - ***********Input************
07/12/2022 16:48:53 - INFO - __main__ - jerred smithson ( born february 4 , 1979 ) is a canadian professional ice hockey centre who is currently playing with <mask> of the danish <mask> .
07/12/2022 16:48:53 - INFO - __main__ - *********Hypothesis*********
07/12/2022 16:48:53 - INFO - __main__ - <mask> won the championship and were promoted to <mask>.
07/12/2022 16:48:53 - INFO - __main__ - <mask> was relegated to <mask>.
07/12/2022 16:48:53 - INFO - __main__ - <mask> is a professional ice hockey team playing in <mask>.
07/12/2022 16:48:53 - INFO - __main__ - <mask> were promoted to <mask>.
07/12/2022 16:48:53 - INFO - __main__ - <mask>, who had been relegated from <mask>.
07/12/2022 16:48:53 - INFO - __main__ - <mask> was promoted to <mask>.
07/12/2022 16:48:53 - INFO - __main__ - <mask>, which plays in <mask>.
07/12/2022 16:48:53 - INFO - __main__ - <mask> are the defending champions of <mask>.
07/12/2022 16:48:53 - INFO - __main__ - <mask> were relegated to <mask>.
07/12/2022 16:48:53 - INFO - __main__ - <mask> are currently playing in <mask>.
07/12/2022 16:48:53 - INFO - __main__ - ****************************
07/12/2022 16:48:53 - INFO - __main__ - *********References*********
07/12/2022 16:48:53 - INFO - __main__ - ['the league of <mask> is <mask>.']
07/12/2022 16:48:53 - INFO - __main__ - ****************************
07/12/2022 16:50:05 - INFO - __main__ - ***********Input************
07/12/2022 16:50:05 - INFO - __main__ - in london 2012 <mask> won the first bronze medal of the + 100   kg category in <mask>   – the tenth olympic medal in the club 's history .
07/12/2022 16:50:05 - INFO - __main__ - *********Hypothesis*********
07/12/2022 16:50:05 - INFO - __main__ - <mask> was born in <mask>.
07/12/2022 16:50:05 - INFO - __main__ - <mask> is a <mask>.
07/12/2022 16:50:05 - INFO - __main__ - <mask>'s work was published in <mask>.
07/12/2022 16:50:05 - INFO - __main__ - <mask>, a. h. <mask>.
07/12/2022 16:50:05 - INFO - __main__ - <mask>'s work is in <mask>.
07/12/2022 16:50:05 - INFO - __main__ - <mask>'s work was exhibited in <mask>.
07/12/2022 16:50:05 - INFO - __main__ - <mask> is a member of <mask>.
07/12/2022 16:50:05 - INFO - __main__ - <mask> has been a regular contributor to <mask>.
07/12/2022 16:50:05 - INFO - __main__ - <mask> was the member of <mask>.
07/12/2022 16:50:05 - INFO - __main__ - <mask> is a former member of <mask>.
07/12/2022 16:50:05 - INFO - __main__ - ****************************
07/12/2022 16:50:05 - INFO - __main__ - *********References*********
07/12/2022 16:50:05 - INFO - __main__ - ['the sports <mask> plays is <mask>.']
07/12/2022 16:50:05 - INFO - __main__ - ****************************
07/12/2022 16:51:11 - INFO - __main__ - ***********Input************
07/12/2022 16:51:11 - INFO - __main__ - chelsea , directly across the <mask> from <mask> , had long been in economic decline with a spiraling fiscal crisis .
07/12/2022 16:51:11 - INFO - __main__ - *********Hypothesis*********
07/12/2022 16:51:11 - INFO - __main__ - <mask> was born and raised in <mask>.
07/12/2022 16:51:11 - INFO - __main__ - <mask> was born in the city of <mask>.
07/12/2022 16:51:11 - INFO - __main__ - <mask> is a small village in the south of <mask>.
07/12/2022 16:51:11 - INFO - __main__ - <mask> was born in the town of <mask>.
07/12/2022 16:51:11 - INFO - __main__ - <mask> and the river thames, <mask>.
07/12/2022 16:51:11 - INFO - __main__ - <mask> was a small town in the south of <mask>.
07/12/2022 16:51:11 - INFO - __main__ - <mask> is a river in the south of <mask>.
07/12/2022 16:51:11 - INFO - __main__ - <mask> is a major river in <mask>.
07/12/2022 16:51:11 - INFO - __main__ - <mask> was born in the south of <mask>.
07/12/2022 16:51:11 - INFO - __main__ - <mask> is a major river in the <mask>.
07/12/2022 16:51:11 - INFO - __main__ - ****************************
07/12/2022 16:51:11 - INFO - __main__ - *********References*********
07/12/2022 16:51:11 - INFO - __main__ - ['the body of water which <mask> is located in is <mask>.']
07/12/2022 16:51:11 - INFO - __main__ - ****************************
