07/11/2022 03:22:11 - INFO - __main__ - **************** MODEL CONFIGURATION ****************
07/11/2022 03:22:11 - INFO - __main__ - bart_training             -->   True
07/11/2022 03:22:11 - INFO - __main__ - device                    -->   3
07/11/2022 03:22:11 - INFO - __main__ - group_beam                -->   True
07/11/2022 03:22:11 - INFO - __main__ - if_then                   -->   False
07/11/2022 03:22:11 - INFO - __main__ - inductor                  -->   rule
07/11/2022 03:22:11 - INFO - __main__ - log_dir                   -->   logs_new/
07/11/2022 03:22:11 - INFO - __main__ - log_name                  -->   wiki80-gs+temp+dpp
07/11/2022 03:22:11 - INFO - __main__ - mlm_training              -->   True
07/11/2022 03:22:11 - INFO - __main__ - task                      -->   wiki80
07/11/2022 03:22:11 - INFO - __main__ - **************** MODEL CONFIGURATION ****************
07/11/2022 03:23:59 - INFO - __main__ - ***********Input************
07/11/2022 03:23:59 - INFO - __main__ - set in <mask> , the game is a remake of " <mask> " .
07/11/2022 03:23:59 - INFO - __main__ - *********Hypothesis*********
07/11/2022 03:23:59 - INFO - __main__ - it was released in <mask> as <mask>.
07/11/2022 03:23:59 - INFO - __main__ - the game was released in <mask> under the title <mask>.
07/11/2022 03:23:59 - INFO - __main__ - the game was released in <mask> as <mask>.
07/11/2022 03:23:59 - INFO - __main__ - the game was released in <mask> as <mask>: the game.
07/11/2022 03:23:59 - INFO - __main__ - is a fictional character from the <mask>-exclusive video game <mask>.
07/11/2022 03:23:59 - INFO - __main__ - the game was originally released in <mask> as <mask>.
07/11/2022 03:23:59 - INFO - __main__ - a similar game was released in <mask>, titled <mask>.
07/11/2022 03:23:59 - INFO - __main__ - the game was released in <mask> as a direct sequel to <mask>: breath of the.
07/11/2022 03:23:59 - INFO - __main__ - the game was released in <mask> as <mask> the: legend of the zelda.
07/11/2022 03:23:59 - INFO - __main__ - ****************************
07/11/2022 03:23:59 - INFO - __main__ - *********References*********
07/11/2022 03:23:59 - INFO - __main__ - ['the main subject of <mask> is <mask>.']
07/11/2022 03:23:59 - INFO - __main__ - ****************************
07/11/2022 03:24:41 - INFO - __main__ - ***********Input************
07/11/2022 03:24:41 - INFO - __main__ - the third part of the suite , " orienthology " , is a reference to " <mask> " ( 1946 ) by jazz saxophonist <mask> .
07/11/2022 03:24:41 - INFO - __main__ - *********Hypothesis*********
07/11/2022 03:24:41 - INFO - __main__ - "<mask>" is a song by <mask>.
07/11/2022 03:24:41 - INFO - __main__ - "<mask>" (with <mask>) (no.
07/11/2022 03:24:41 - INFO - __main__ - the term <mask> was a term coined by <mask>.
07/11/2022 03:24:41 - INFO - __main__ - the film <mask> is a <mask>-inspired film.
07/11/2022 03:24:41 - INFO - __main__ - the <mask> was coined by <mask>.
07/11/2022 03:24:41 - INFO - __main__ - in his book <mask>ology, <mask>.
07/11/2022 03:24:41 - INFO - __main__ - ****************************
07/11/2022 03:24:41 - INFO - __main__ - *********References*********
07/11/2022 03:24:41 - INFO - __main__ - ['<mask> is composed by <mask>.']
07/11/2022 03:24:41 - INFO - __main__ - ****************************
07/11/2022 03:25:22 - INFO - __main__ - ***********Input************
07/11/2022 03:25:22 - INFO - __main__ - she was awarded a ph . d in <mask> by johns hopkins university studying the synthesis of the bacteriophage ms2 , advised by <mask> .
07/11/2022 03:25:22 - INFO - __main__ - *********Hypothesis*********
07/11/2022 03:25:22 - INFO - __main__ - `` i'm a <mask> professor, '' <mask> said.
07/11/2022 03:25:22 - INFO - __main__ - in <mask>, <mask>.
07/11/2022 03:25:22 - INFO - __main__ - i'm a <mask> professor, <mask>.
07/11/2022 03:25:22 - INFO - __main__ - he was a <mask> professor, <mask> had said.
07/11/2022 03:25:22 - INFO - __main__ - in <mask>, <mask> jackman.
07/11/2022 03:25:22 - INFO - __main__ - as a professor of <mask> <mask> bi had a lot of experience in the field of.
07/11/2022 03:25:22 - INFO - __main__ - i'm a <mask> professor, <mask> said.
07/11/2022 03:25:22 - INFO - __main__ - in <mask>, and <mask>.
07/11/2022 03:25:22 - INFO - __main__ - i'm a professor of <mask>. <mask>, and i'm not a.
07/11/2022 03:25:22 - INFO - __main__ - in the field of <mask>, <mask> bioin is a bio-mechan.
07/11/2022 03:25:22 - INFO - __main__ - ****************************
07/11/2022 03:25:22 - INFO - __main__ - *********References*********
07/11/2022 03:25:22 - INFO - __main__ - ['<mask> works in the field of <mask>.']
07/11/2022 03:25:22 - INFO - __main__ - ****************************
07/11/2022 03:26:05 - INFO - __main__ - ***********Input************
07/11/2022 03:26:05 - INFO - __main__ - chukwudi chukwuma ( born 27 may 1994 ) is a nigerian professional footballer who last played as a forward for <mask> in the <mask> .
07/11/2022 03:26:05 - INFO - __main__ - *********Hypothesis*********
07/11/2022 03:26:05 - INFO - __main__ - he is currently the manager of <mask> in <mask> (npl).
07/11/2022 03:26:05 - INFO - __main__ - he is currently playing for <mask> in <mask> (npl).
07/11/2022 03:26:05 - INFO - __main__ - he currently plays for <mask> in <mask> (npl).
07/11/2022 03:26:05 - INFO - __main__ - he currently plays for <mask> in <mask> as a midfielder.
07/11/2022 03:26:05 - INFO - __main__ - he currently plays for <mask> in <mask> premier league.
07/11/2022 03:26:05 - INFO - __main__ - his last club was <mask>, where he played in <mask> for the majority of.
07/11/2022 03:26:05 - INFO - __main__ - after his retirement, he became the manager of <mask>, a <mask> club.
07/11/2022 03:26:05 - INFO - __main__ - he is currently the manager of <mask> in <mask> (npl).he is.
07/11/2022 03:26:05 - INFO - __main__ - he is currently playing for <mask> in <mask> premier league.
07/11/2022 03:26:05 - INFO - __main__ - he currently plays for <mask> in <mask>.
07/11/2022 03:26:05 - INFO - __main__ - ****************************
07/11/2022 03:26:05 - INFO - __main__ - *********References*********
07/11/2022 03:26:05 - INFO - __main__ - ['the league of <mask> is <mask>.']
07/11/2022 03:26:05 - INFO - __main__ - ****************************
07/11/2022 03:26:49 - INFO - __main__ - ***********Input************
07/11/2022 03:26:49 - INFO - __main__ - it is primarily used for <mask> and was the home of <mask> before they moved to richmond county bank ballpark in 2001 .
07/11/2022 03:26:49 - INFO - __main__ - *********Hypothesis*********
07/11/2022 03:26:49 - INFO - __main__ - he played for <mask> and <mask> the.
07/11/2022 03:26:49 - INFO - __main__ - the following is a list of <mask> players who have played for <mask>.
07/11/2022 03:26:49 - INFO - __main__ - he played for <mask> and <mask> in.
07/11/2022 03:26:49 - INFO - __main__ - he played for <mask> and <mask> the following season.
07/11/2022 03:26:49 - INFO - __main__ - they were originally known as <mask>, but changed their name to <mask>.
07/11/2022 03:26:49 - INFO - __main__ - he played for <mask> and <mask> the. and.
07/11/2022 03:26:49 - INFO - __main__ - he played <mask> for <mask> baseball team.
07/11/2022 03:26:49 - INFO - __main__ - the team was originally known as <mask>, but changed its name to <mask> after.
07/11/2022 03:26:49 - INFO - __main__ - he was a member of <mask> and <mask>.
07/11/2022 03:26:49 - INFO - __main__ - he was a member of <mask> and <mask> the following season.
07/11/2022 03:26:49 - INFO - __main__ - ****************************
07/11/2022 03:26:49 - INFO - __main__ - *********References*********
07/11/2022 03:26:49 - INFO - __main__ - ['the sports <mask> plays is <mask>.']
07/11/2022 03:26:49 - INFO - __main__ - ****************************
