07/11/2022 02:56:19 - INFO - __main__ - **************** MODEL CONFIGURATION ****************
07/11/2022 02:56:19 - INFO - __main__ - bart_training             -->   True
07/11/2022 02:56:19 - INFO - __main__ - device                    -->   3
07/11/2022 02:56:19 - INFO - __main__ - group_beam                -->   True
07/11/2022 02:56:19 - INFO - __main__ - if_then                   -->   False
07/11/2022 02:56:19 - INFO - __main__ - inductor                  -->   rule
07/11/2022 02:56:19 - INFO - __main__ - log_dir                   -->   logs_new/
07/11/2022 02:56:19 - INFO - __main__ - log_name                  -->   wiki80-c+gs+dpp
07/11/2022 02:56:19 - INFO - __main__ - mlm_training              -->   True
07/11/2022 02:56:19 - INFO - __main__ - task                      -->   wiki80
07/11/2022 02:56:19 - INFO - __main__ - **************** MODEL CONFIGURATION ****************
07/11/2022 02:58:05 - INFO - __main__ - ***********Input************
07/11/2022 02:58:05 - INFO - __main__ - set in <mask> , the game is a remake of " <mask> " .
07/11/2022 02:58:05 - INFO - __main__ - *********Hypothesis*********
07/11/2022 02:58:05 - INFO - __main__ - <mask>'s version of the game was titled <mask>.
07/11/2022 02:58:05 - INFO - __main__ - <mask> was not included in <mask>.
07/11/2022 02:58:05 - INFO - __main__ - <mask>, where it was released as <mask>.
07/11/2022 02:58:05 - INFO - __main__ - <mask>'s version of the game is called <mask>.
07/11/2022 02:58:05 - INFO - __main__ - <mask> was a major factor in the development of <mask>.
07/11/2022 02:58:05 - INFO - __main__ - <mask> version of <mask>.
07/11/2022 02:58:05 - INFO - __main__ - <mask> united states <mask>.
07/11/2022 02:58:05 - INFO - __main__ - <mask> is represented by a single character in <mask>.
07/11/2022 02:58:05 - INFO - __main__ - <mask> was a major theme in <mask>.
07/11/2022 02:58:05 - INFO - __main__ - <mask> and its aftermath: <mask>.
07/11/2022 02:58:05 - INFO - __main__ - ****************************
07/11/2022 02:58:05 - INFO - __main__ - *********References*********
07/11/2022 02:58:05 - INFO - __main__ - ['the main subject of <mask> is <mask>.']
07/11/2022 02:58:05 - INFO - __main__ - ****************************
07/11/2022 02:58:43 - INFO - __main__ - ***********Input************
07/11/2022 02:58:43 - INFO - __main__ - the third part of the suite , " orienthology " , is a reference to " <mask> " ( 1946 ) by jazz saxophonist <mask> .
07/11/2022 02:58:43 - INFO - __main__ - *********Hypothesis*********
07/11/2022 02:58:43 - INFO - __main__ - <mask> is a jazz album by <mask>.
07/11/2022 02:58:43 - INFO - __main__ - <mask>: the life and music of <mask>.
07/11/2022 02:58:43 - INFO - __main__ - <mask>: a biography of <mask>.
07/11/2022 02:58:43 - INFO - __main__ - <mask> is a studio album by <mask>.
07/11/2022 02:58:43 - INFO - __main__ - <mask>, an album by <mask>.
07/11/2022 02:58:43 - INFO - __main__ - <mask>: the life and times of <mask>.
07/11/2022 02:58:43 - INFO - __main__ - <mask> and the jazz of <mask>.
07/11/2022 02:58:43 - INFO - __main__ - <mask> was the last studio album by <mask>.
07/11/2022 02:58:43 - INFO - __main__ - <mask> was a term coined by <mask>.
07/11/2022 02:58:43 - INFO - __main__ - <mask> was a musical style pioneered by <mask>.
07/11/2022 02:58:43 - INFO - __main__ - ****************************
07/11/2022 02:58:43 - INFO - __main__ - *********References*********
07/11/2022 02:58:43 - INFO - __main__ - ['<mask> is composed by <mask>.']
07/11/2022 02:58:43 - INFO - __main__ - ****************************
07/11/2022 02:59:20 - INFO - __main__ - ***********Input************
07/11/2022 02:59:20 - INFO - __main__ - she was awarded a ph . d in <mask> by johns hopkins university studying the synthesis of the bacteriophage ms2 , advised by <mask> .
07/11/2022 02:59:20 - INFO - __main__ - *********Hypothesis*********
07/11/2022 02:59:20 - INFO - __main__ - <mask>, biology, and chemistry, <mask>.
07/11/2022 02:59:20 - INFO - __main__ - <mask> and biochemistry, <mask>.
07/11/2022 02:59:20 - INFO - __main__ - <mask> is a science that is not a science, <mask>.
07/11/2022 02:59:20 - INFO - __main__ - <mask> jack and <mask>.
07/11/2022 02:59:20 - INFO - __main__ - <mask>, microbiology, and genetics, <mask>.
07/11/2022 02:59:20 - INFO - __main__ - <mask> is a science of biology, <mask>.
07/11/2022 02:59:20 - INFO - __main__ - <mask> : i'm not a doctor, <mask>.
07/11/2022 02:59:20 - INFO - __main__ - <mask> has been a long time in the making, <mask>.
07/11/2022 02:59:20 - INFO - __main__ - <mask> is a science that is <mask>.
07/11/2022 02:59:20 - INFO - __main__ - <mask>, the world of science, <mask>.
07/11/2022 02:59:20 - INFO - __main__ - ****************************
07/11/2022 02:59:20 - INFO - __main__ - *********References*********
07/11/2022 02:59:20 - INFO - __main__ - ['<mask> works in the field of <mask>.']
07/11/2022 02:59:20 - INFO - __main__ - ****************************
07/11/2022 02:59:56 - INFO - __main__ - ***********Input************
07/11/2022 02:59:56 - INFO - __main__ - chukwudi chukwuma ( born 27 may 1994 ) is a nigerian professional footballer who last played as a forward for <mask> in the <mask> .
07/11/2022 02:59:56 - INFO - __main__ - *********Hypothesis*********
07/11/2022 02:59:56 - INFO - __main__ - <mask> were promoted to <mask>.
07/11/2022 02:59:56 - INFO - __main__ - <mask> united are the defending champions of <mask>.
07/11/2022 02:59:56 - INFO - __main__ - <mask> was promoted to <mask>.
07/11/2022 02:59:56 - INFO - __main__ - <mask>.arsenal united are the defending champions of <mask>.
07/11/2022 02:59:56 - INFO - __main__ - <mask> is a professional football club in <mask>.
07/11/2022 02:59:56 - INFO - __main__ - <mask> is a football club in <mask>.
07/11/2022 02:59:56 - INFO - __main__ - <mask> won the 2008–09 <mask>.
07/11/2022 02:59:56 - INFO - __main__ - <mask> afc is a football club in <mask>.
07/11/2022 02:59:56 - INFO - __main__ - <mask> won the championship and promoted to <mask>.
07/11/2022 02:59:56 - INFO - __main__ - <mask> united currently play in <mask>.
07/11/2022 02:59:56 - INFO - __main__ - ****************************
07/11/2022 02:59:56 - INFO - __main__ - *********References*********
07/11/2022 02:59:56 - INFO - __main__ - ['the league of <mask> is <mask>.']
07/11/2022 02:59:56 - INFO - __main__ - ****************************
07/11/2022 03:00:32 - INFO - __main__ - ***********Input************
07/11/2022 03:00:32 - INFO - __main__ - it is primarily used for <mask> and was the home of <mask> before they moved to richmond county bank ballpark in 2001 .
07/11/2022 03:00:32 - INFO - __main__ - *********Hypothesis*********
07/11/2022 03:00:32 - INFO - __main__ - <mask> player for <mask>.
07/11/2022 03:00:32 - INFO - __main__ - <mask> phillies, and <mask>.
07/11/2022 03:00:32 - INFO - __main__ - <mask>, and played for <mask>.
07/11/2022 03:00:32 - INFO - __main__ - <mask> player, and <mask>.
07/11/2022 03:00:32 - INFO - __main__ - <mask>, he played for <mask>.
07/11/2022 03:00:32 - INFO - __main__ - <mask> and was a member of <mask>.
07/11/2022 03:00:32 - INFO - __main__ - <mask>: he played for <mask>.
07/11/2022 03:00:32 - INFO - __main__ - <mask> team, which was <mask>.
07/11/2022 03:00:32 - INFO - __main__ - <mask> phillies, and later <mask>.
07/11/2022 03:00:32 - INFO - __main__ - <mask> phillies and <mask>.
07/11/2022 03:00:32 - INFO - __main__ - ****************************
07/11/2022 03:00:32 - INFO - __main__ - *********References*********
07/11/2022 03:00:32 - INFO - __main__ - ['the sports <mask> plays is <mask>.']
07/11/2022 03:00:32 - INFO - __main__ - ****************************
07/11/2022 03:01:16 - INFO - __main__ - ***********Input************
07/11/2022 03:01:16 - INFO - __main__ - the poprad ( , ) is a river in northern <mask> and southern poland , and a tributary of the <mask> near stary sącz , poland .
07/11/2022 03:01:16 - INFO - __main__ - *********Hypothesis*********
07/11/2022 03:01:16 - INFO - __main__ - <mask>'s largest city is <mask>.
07/11/2022 03:01:16 - INFO - __main__ - <mask> is the largest producer of <mask>.
07/11/2022 03:01:16 - INFO - __main__ - <mask>'s main railway station is located in <mask>.
07/11/2022 03:01:16 - INFO - __main__ - <mask>, however, did not recognize <mask>.
07/11/2022 03:01:16 - INFO - __main__ - <mask> has a small population in <mask>.
07/11/2022 03:01:16 - INFO - __main__ - <mask>'s main railway station is <mask>.
07/11/2022 03:01:16 - INFO - __main__ - <mask>: the town of <mask>.
07/11/2022 03:01:16 - INFO - __main__ - <mask> was represented by a single athlete, <mask>.
07/11/2022 03:01:16 - INFO - __main__ - <mask> is located in <mask>.
07/11/2022 03:01:16 - INFO - __main__ - <mask> has a large number of small lakes, including <mask>.
07/11/2022 03:01:16 - INFO - __main__ - ****************************
07/11/2022 03:01:16 - INFO - __main__ - *********References*********
07/11/2022 03:01:16 - INFO - __main__ - ['the body of water which <mask> is located in is <mask>.']
07/11/2022 03:01:16 - INFO - __main__ - ****************************
07/11/2022 03:01:53 - INFO - __main__ - ***********Input************
07/11/2022 03:01:53 - INFO - __main__ - on 22 july 2017 it was announced the airline would operate weekly flights to johannesburg via <mask> in <mask> , with a monthly link to ascension island .
07/11/2022 03:01:53 - INFO - __main__ - *********Hypothesis*********
07/11/2022 03:01:53 - INFO - __main__ - <mask> is the capital of <mask>.
07/11/2022 03:01:53 - INFO - __main__ - <mask> was a major city in <mask>.
07/11/2022 03:01:53 - INFO - __main__ - <mask> is south is <mask>.
07/11/2022 03:01:53 - INFO - __main__ - <mask>. is the capital of <mask>.
07/11/2022 03:01:53 - INFO - __main__ - <mask> was a small town in <mask>.
07/11/2022 03:01:53 - INFO - __main__ - <mask> is the largest city in <mask>.
07/11/2022 03:01:53 - INFO - __main__ - <mask> was a city in <mask>.
07/11/2022 03:01:53 - INFO - __main__ - <mask> is a province of <mask>.
07/11/2022 03:01:53 - INFO - __main__ - <mask>, the,,, and <mask>.
07/11/2022 03:01:53 - INFO - __main__ - <mask>, the capital of <mask>.
07/11/2022 03:01:53 - INFO - __main__ - ****************************
07/11/2022 03:01:53 - INFO - __main__ - *********References*********
07/11/2022 03:01:53 - INFO - __main__ - ['the country where <mask> is located in is <mask>.']
07/11/2022 03:01:53 - INFO - __main__ - ****************************
07/11/2022 03:02:29 - INFO - __main__ - ***********Input************
07/11/2022 03:02:29 - INFO - __main__ - search for station 08mg001 chehalis river near harrison mills thus the mean annual discharge of the <mask> at its mouth on the <mask> is at least .
07/11/2022 03:02:29 - INFO - __main__ - *********Hypothesis*********
07/11/2022 03:02:29 - INFO - __main__ - <mask> is a small <mask>.
07/11/2022 03:02:29 - INFO - __main__ - <mask> has a long history of being a <mask>.
07/11/2022 03:02:29 - INFO - __main__ - <mask> was the last major city to be built on the <mask>.
07/11/2022 03:02:29 - INFO - __main__ - <mask> was originally a small <mask>.
07/11/2022 03:02:29 - INFO - __main__ - <mask> is located at the confluence of the rivers and the <mask>.
07/11/2022 03:02:29 - INFO - __main__ - <mask>, the river, the water, the <mask>.
07/11/2022 03:02:29 - INFO - __main__ - <mask> had been the last major port on the <mask>.
07/11/2022 03:02:29 - INFO - __main__ - <mask> is located on the south side of the river, and is surrounded by a <mask>.
07/11/2022 03:02:29 - INFO - __main__ - <mask>, i said, pointing to the <mask>.
07/11/2022 03:02:29 - INFO - __main__ - <mask> wasn't a river, but a <mask>.
07/11/2022 03:02:29 - INFO - __main__ - ****************************
07/11/2022 03:02:29 - INFO - __main__ - *********References*********
07/11/2022 03:02:29 - INFO - __main__ - ['the tributary of <mask> is <mask>.']
07/11/2022 03:02:29 - INFO - __main__ - ****************************
07/11/2022 03:03:04 - INFO - __main__ - ***********Input************
07/11/2022 03:03:04 - INFO - __main__ - in 1985 , <mask> acquired the <mask> brand .
07/11/2022 03:03:04 - INFO - __main__ - *********Hypothesis*********
07/11/2022 03:03:04 - INFO - __main__ - <mask> is a major sponsor of <mask>.
07/11/2022 03:03:04 - INFO - __main__ - <mask> is a subsidiary of <mask>.
07/11/2022 03:03:04 - INFO - __main__ - <mask> is the largest shareholder of <mask>.
07/11/2022 03:03:04 - INFO - __main__ - <mask> was the largest employer in <mask>.
07/11/2022 03:03:04 - INFO - __main__ - <mask>. and is a subsidiary of <mask>.
07/11/2022 03:03:04 - INFO - __main__ - <mask>. is a subsidiary of <mask>.
07/11/2022 03:03:04 - INFO - __main__ - <mask> has been a major sponsor of <mask>.
07/11/2022 03:03:04 - INFO - __main__ - <mask> was the largest shareholder of <mask>.
07/11/2022 03:03:04 - INFO - __main__ - <mask> has a large brewery in <mask>.
07/11/2022 03:03:04 - INFO - __main__ - <mask>'s stores were closed and replaced by <mask>.
07/11/2022 03:03:04 - INFO - __main__ - ****************************
07/11/2022 03:03:04 - INFO - __main__ - *********References*********
07/11/2022 03:03:04 - INFO - __main__ - ['the subsidiary of <mask> is <mask>.']
07/11/2022 03:03:04 - INFO - __main__ - ****************************
07/11/2022 03:03:39 - INFO - __main__ - ***********Input************
07/11/2022 03:03:39 - INFO - __main__ - u.s. hwy 11 passes through the center of the community , which is approximately from chilhowie . smyth county history  <mask> was listed on the <mask> in 1980 .
07/11/2022 03:03:39 - INFO - __main__ - *********Hypothesis*********
07/11/2022 03:03:39 - INFO - __main__ - <mask>. and is listed on <mask>.
07/11/2022 03:03:39 - INFO - __main__ - <mask>. is listed on the state's <mask>.
07/11/2022 03:03:39 - INFO - __main__ - <mask>., which was listed on <mask>.
07/11/2022 03:03:39 - INFO - __main__ - <mask>., and is <mask>.
07/11/2022 03:03:39 - INFO - __main__ - <mask>. and is <mask>.
07/11/2022 03:03:39 - INFO - __main__ - <mask> nr is listed on the state's <mask>.
07/11/2022 03:03:39 - INFO - __main__ - <mask> national, which is listed on the <mask>.
07/11/2022 03:03:39 - INFO - __main__ - <mask>, which is listed on the <mask>.
07/11/2022 03:03:39 - INFO - __main__ - <mask>, which was listed on <mask>.
07/11/2022 03:03:39 - INFO - __main__ - <mask>. and the building is listed on <mask>.
07/11/2022 03:03:39 - INFO - __main__ - ****************************
07/11/2022 03:03:39 - INFO - __main__ - *********References*********
07/11/2022 03:03:39 - INFO - __main__ - ['<mask> is designated as a <mask>.']
07/11/2022 03:03:39 - INFO - __main__ - ****************************
07/11/2022 03:04:15 - INFO - __main__ - ***********Input************
07/11/2022 03:04:15 - INFO - __main__ - quigley beat world number one <mask> , before defeating bogdan juratoni in the <mask> final .
07/11/2022 03:04:15 - INFO - __main__ - *********Hypothesis*********
07/11/2022 03:04:15 - INFO - __main__ - <mask>. won the singles title at <mask>.
07/11/2022 03:04:15 - INFO - __main__ - <mask>. is a former tennis player.the <mask>.
07/11/2022 03:04:15 - INFO - __main__ - <mask> is a greek <mask>.
07/11/2022 03:04:15 - INFO - __main__ - <mask> is a greek- <mask>.
07/11/2022 03:04:15 - INFO - __main__ - <mask> is a <mask>.
07/11/2022 03:04:15 - INFO - __main__ - <mask>. is a former <mask>.
07/11/2022 03:04:15 - INFO - __main__ - <mask> cup. – <mask>.
07/11/2022 03:04:15 - INFO - __main__ - <mask>. was is, <mask>.
07/11/2022 03:04:15 - INFO - __main__ - <mask>, a former member of the band, is <mask>.
07/11/2022 03:04:15 - INFO - __main__ - <mask>, former professional tennis player, <mask>.
07/11/2022 03:04:15 - INFO - __main__ - ****************************
07/11/2022 03:04:15 - INFO - __main__ - *********References*********
07/11/2022 03:04:15 - INFO - __main__ - ['<mask> is the competition class of <mask>.']
07/11/2022 03:04:15 - INFO - __main__ - ****************************
07/11/2022 03:05:00 - INFO - __main__ - ***********Input************
07/11/2022 03:05:00 - INFO - __main__ - it dates back to the seljukid era and is located on the northern bank of <mask> beside the <mask> .
07/11/2022 03:05:00 - INFO - __main__ - *********Hypothesis*********
07/11/2022 03:05:00 - INFO - __main__ - <mask> and the river <mask>.
07/11/2022 03:05:00 - INFO - __main__ - <mask> the river <mask>.
07/11/2022 03:05:00 - INFO - __main__ - <mask>, and the river <mask>.
07/11/2022 03:05:00 - INFO - __main__ - <mask> river river <mask>.
07/11/2022 03:05:00 - INFO - __main__ - <mask> is a tributary of <mask>.
07/11/2022 03:05:00 - INFO - __main__ - <mask>.the river is the main river of <mask>.
07/11/2022 03:05:00 - INFO - __main__ - <mask>,, and the river <mask>.
07/11/2022 03:05:00 - INFO - __main__ - <mask>. and the river <mask>.
07/11/2022 03:05:00 - INFO - __main__ - <mask> is, and is <mask>.
07/11/2022 03:05:00 - INFO - __main__ - <mask> is a right tributary of <mask>.
07/11/2022 03:05:00 - INFO - __main__ - ****************************
07/11/2022 03:05:00 - INFO - __main__ - *********References*********
07/11/2022 03:05:00 - INFO - __main__ - ['<mask> crosses <mask>.']
07/11/2022 03:05:00 - INFO - __main__ - ****************************
07/11/2022 03:05:41 - INFO - __main__ - ***********Input************
07/11/2022 03:05:41 - INFO - __main__ - jerred smithson ( born february 4 , 1979 ) is a canadian professional ice hockey centre who is currently playing with <mask> of the danish <mask> .
07/11/2022 03:05:41 - INFO - __main__ - *********Hypothesis*********
07/11/2022 03:05:41 - INFO - __main__ - <mask> hockey were relegated to <mask>.
07/11/2022 03:05:41 - INFO - __main__ - <mask> hockey is the team currently playing in <mask>.
07/11/2022 03:05:41 - INFO - __main__ - <mask> hockey won the championship and were promoted to <mask>.
07/11/2022 03:05:41 - INFO - __main__ - <mask> bergen currently playing in <mask>.
07/11/2022 03:05:41 - INFO - __main__ - <mask> won the championship and were promoted to <mask>.
07/11/2022 03:05:41 - INFO - __main__ - <mask>.hc ber hockey team in <mask>.
07/11/2022 03:05:41 - INFO - __main__ - <mask> if in <mask>.
07/11/2022 03:05:41 - INFO - __main__ - <mask> was promoted to <mask>.
07/11/2022 03:05:41 - INFO - __main__ - <mask> midt currently playing in <mask>.
07/11/2022 03:05:41 - INFO - __main__ - <mask> are the defending champions of <mask>.
07/11/2022 03:05:41 - INFO - __main__ - ****************************
07/11/2022 03:05:41 - INFO - __main__ - *********References*********
07/11/2022 03:05:41 - INFO - __main__ - ['the league of <mask> is <mask>.']
07/11/2022 03:05:41 - INFO - __main__ - ****************************
07/11/2022 03:06:19 - INFO - __main__ - ***********Input************
07/11/2022 03:06:19 - INFO - __main__ - in london 2012 <mask> won the first bronze medal of the + 100   kg category in <mask>   – the tenth olympic medal in the club 's history .
07/11/2022 03:06:19 - INFO - __main__ - *********Hypothesis*********
07/11/2022 03:06:19 - INFO - __main__ - <mask>    <mask>.
07/11/2022 03:06:19 - INFO - __main__ - <mask> was born in <mask>.
07/11/2022 03:06:19 - INFO - __main__ - <mask>  – at <mask>.
07/11/2022 03:06:19 - INFO - __main__ - <mask>,    <mask>.
07/11/2022 03:06:19 - INFO - __main__ - <mask>   <mask>.
07/11/2022 03:06:19 - INFO - __main__ - <mask>    at <mask>.
07/11/2022 03:06:19 - INFO - __main__ - <mask>   – : <mask>.
07/11/2022 03:06:19 - INFO - __main__ - <mask> has qualified for <mask>.
07/11/2022 03:06:19 - INFO - __main__ - <mask> is a native of <mask>.
07/11/2022 03:06:19 - INFO - __main__ - <mask>,  (, <mask>.
07/11/2022 03:06:19 - INFO - __main__ - ****************************
07/11/2022 03:06:19 - INFO - __main__ - *********References*********
07/11/2022 03:06:19 - INFO - __main__ - ['the sports <mask> plays is <mask>.']
07/11/2022 03:06:19 - INFO - __main__ - ****************************
07/11/2022 03:06:52 - INFO - __main__ - ***********Input************
07/11/2022 03:06:52 - INFO - __main__ - chelsea , directly across the <mask> from <mask> , had long been in economic decline with a spiraling fiscal crisis .
07/11/2022 03:06:52 - INFO - __main__ - *********Hypothesis*********
07/11/2022 03:06:52 - INFO - __main__ - <mask> is a river in the south of <mask>.
07/11/2022 03:06:52 - INFO - __main__ - <mask> was born and raised in the city of <mask>.
07/11/2022 03:06:52 - INFO - __main__ - <mask> is the main river of <mask>.
07/11/2022 03:06:52 - INFO - __main__ - <mask>, which is a major river in <mask>.
07/11/2022 03:06:52 - INFO - __main__ - <mask>'s father was a merchant in <mask>.
07/11/2022 03:06:52 - INFO - __main__ - <mask> was born in the city of <mask>.
07/11/2022 03:06:52 - INFO - __main__ - <mask> is a small river in the north of <mask>.
07/11/2022 03:06:52 - INFO - __main__ - <mask> and its tributaries are the main rivers of <mask>.
07/11/2022 03:06:52 - INFO - __main__ - <mask> is a district of the city of <mask>.
07/11/2022 03:06:52 - INFO - __main__ - <mask> born and raised in <mask>.
07/11/2022 03:06:52 - INFO - __main__ - ****************************
07/11/2022 03:06:52 - INFO - __main__ - *********References*********
07/11/2022 03:06:52 - INFO - __main__ - ['the body of water which <mask> is located in is <mask>.']
07/11/2022 03:06:52 - INFO - __main__ - ****************************
07/11/2022 03:07:27 - INFO - __main__ - ***********Input************
07/11/2022 03:07:27 - INFO - __main__ - he won <mask> with the cowboys against the <mask> , giving him his only super bowl title .
07/11/2022 03:07:27 - INFO - __main__ - *********Hypothesis*********
07/11/2022 03:07:27 - INFO - __main__ - <mask> bowl, is <mask>.
07/11/2022 03:07:27 - INFO - __main__ - <mask> bowl, and the <mask>.
07/11/2022 03:07:27 - INFO - __main__ - <mask> bowl bowl was <mask>.
07/11/2022 03:07:27 - INFO - __main__ - <mask> was a big deal for <mask>.
07/11/2022 03:07:27 - INFO - __main__ - <mask> had been a big deal for <mask>.
07/11/2022 03:07:27 - INFO - __main__ - <mask> was in <mask>.
07/11/2022 03:07:27 - INFO - __main__ - <mask> is going to be in <mask>.
07/11/2022 03:07:27 - INFO - __main__ - <mask>.the and the <mask>.
07/11/2022 03:07:27 - INFO - __main__ - <mask> is the biggest game in the history of <mask>.
07/11/2022 03:07:27 - INFO - __main__ - <mask> was the biggest game ever played in <mask>.
07/11/2022 03:07:27 - INFO - __main__ - ****************************
07/11/2022 03:07:27 - INFO - __main__ - *********References*********
07/11/2022 03:07:27 - INFO - __main__ - ['<mask> participates in <mask>.']
07/11/2022 03:07:27 - INFO - __main__ - ****************************
07/11/2022 03:07:57 - INFO - __main__ - ***********Input************
07/11/2022 03:07:57 - INFO - __main__ - <mask> won the <mask> with the team .
07/11/2022 03:07:57 - INFO - __main__ - *********Hypothesis*********
07/11/2022 03:07:57 - INFO - __main__ - <mask> won the <mask>.
07/11/2022 03:07:57 - INFO - __main__ - <mask> played in the 2012 <mask>.
07/11/2022 03:07:57 - INFO - __main__ - <mask> was the only player to win both the league and <mask>.
07/11/2022 03:07:57 - INFO - __main__ - <mask>'s team won the league and <mask>.
07/11/2022 03:07:57 - INFO - __main__ - <mask> was named to the all-euroleague first team and <mask>.
07/11/2022 03:07:57 - INFO - __main__ - <mask>. won the <mask>.
07/11/2022 03:07:57 - INFO - __main__ - <mask> was a member of the team that won the 2000 <mask>.
07/11/2022 03:07:57 - INFO - __main__ - <mask>lez played in the 2012 <mask>.
07/11/2022 03:07:57 - INFO - __main__ - <mask> won the tournament and <mask>.
07/11/2022 03:07:57 - INFO - __main__ - <mask> and his team won the <mask>.
07/11/2022 03:07:57 - INFO - __main__ - ****************************
07/11/2022 03:07:57 - INFO - __main__ - *********References*********
07/11/2022 03:07:57 - INFO - __main__ - ['the winner of <mask> is <mask>.']
07/11/2022 03:07:57 - INFO - __main__ - ****************************
07/11/2022 03:08:37 - INFO - __main__ - ***********Input************
07/11/2022 03:08:37 - INFO - __main__ - <mask> ( born 17 december 1999 ) is a venezuelan footballer who plays as a <mask> for argentine primera división side talleres .
07/11/2022 03:08:37 - INFO - __main__ - *********Hypothesis*********
07/11/2022 03:08:37 - INFO - __main__ - <mask> gonzáles – <mask>.
07/11/2022 03:08:37 - INFO - __main__ - <mask>. is a <mask>.
07/11/2022 03:08:37 - INFO - __main__ - <mask>.gustá. and midfield isisplayer <mask>.
07/11/2022 03:08:37 - INFO - __main__ - <mask> is a <mask>.
07/11/2022 03:08:37 - INFO - __main__ - <mask>.gustust is is, and is <mask>.
07/11/2022 03:08:37 - INFO - __main__ - <mask>.gust l: (a:a <mask>.
07/11/2022 03:08:37 - INFO - __main__ - <mask>.gusto, is a (<mask>.
07/11/2022 03:08:37 - INFO - __main__ - <mask>.ric rodr is is, and is <mask>.
07/11/2022 03:08:37 - INFO - __main__ - <mask> rodr (r l: (a:a <mask>.
07/11/2022 03:08:37 - INFO - __main__ - <mask> started his career as a <mask>.
07/11/2022 03:08:37 - INFO - __main__ - ****************************
07/11/2022 03:08:37 - INFO - __main__ - *********References*********
07/11/2022 03:08:37 - INFO - __main__ - ['<mask> plays <mask> in the team.']
07/11/2022 03:08:37 - INFO - __main__ - ****************************
07/11/2022 03:09:11 - INFO - __main__ - ***********Input************
07/11/2022 03:09:11 - INFO - __main__ - the <mask> is a historic ranch on the <mask> located near hood , california , south of sacramento .
07/11/2022 03:09:11 - INFO - __main__ - *********Hypothesis*********
07/11/2022 03:09:11 - INFO - __main__ - <mask> is located in the northern part of <mask>.
07/11/2022 03:09:11 - INFO - __main__ - <mask> is located on the east bank of <mask>.
07/11/2022 03:09:11 - INFO - __main__ - <mask> is on the east bank of <mask>.
07/11/2022 03:09:11 - INFO - __main__ - <mask> is a historic ranch in <mask>.
07/11/2022 03:09:11 - INFO - __main__ - <mask>, a former ranch in <mask>.
07/11/2022 03:09:11 - INFO - __main__ - <mask> is located along <mask>.
07/11/2022 03:09:11 - INFO - __main__ - <mask> located in the northern <mask>.
07/11/2022 03:09:11 - INFO - __main__ - <mask> a ranch in <mask>.
07/11/2022 03:09:11 - INFO - __main__ - <mask> is located on the banks of <mask>.
07/11/2022 03:09:11 - INFO - __main__ - <mask>, a ranch in <mask>.
07/11/2022 03:09:11 - INFO - __main__ - ****************************
07/11/2022 03:09:11 - INFO - __main__ - *********References*********
07/11/2022 03:09:11 - INFO - __main__ - ['<mask> is designated as a <mask>.']
07/11/2022 03:09:11 - INFO - __main__ - ****************************
07/11/2022 03:09:51 - INFO - __main__ - ***********Input************
07/11/2022 03:09:51 - INFO - __main__ - the village is named after <mask> over the <mask> and straddles the boundary between the ancient counties of cumberland and westmorland .
07/11/2022 03:09:51 - INFO - __main__ - *********Hypothesis*********
07/11/2022 03:09:51 - INFO - __main__ - <mask>, which flows through <mask>.
07/11/2022 03:09:51 - INFO - __main__ - <mask> is the main river in <mask>.
07/11/2022 03:09:51 - INFO - __main__ - <mask>) and the river tweer.or <mask>.
07/11/2022 03:09:51 - INFO - __main__ - <mask>, and the river <mask>.
07/11/2022 03:09:51 - INFO - __main__ - <mask>, and the <mask>.
07/11/2022 03:09:51 - INFO - __main__ - <mask> river and the river <mask>.
07/11/2022 03:09:51 - INFO - __main__ - <mask> is a river in the county of <mask>.
07/11/2022 03:09:51 - INFO - __main__ - <mask> and the river <mask>.
07/11/2022 03:09:51 - INFO - __main__ - <mask>) and the river <mask>.
07/11/2022 03:09:51 - INFO - __main__ - <mask> is a tributary of <mask>.
07/11/2022 03:09:51 - INFO - __main__ - ****************************
07/11/2022 03:09:51 - INFO - __main__ - *********References*********
07/11/2022 03:09:51 - INFO - __main__ - ['<mask> crosses <mask>.']
07/11/2022 03:09:51 - INFO - __main__ - ****************************
07/11/2022 03:10:30 - INFO - __main__ - ***********Input************
07/11/2022 03:10:30 - INFO - __main__ - in early june 1908 , she appeared in the <mask> play " <mask> " , a melodramatic comedy , at the los angeles theatre on spring street .
07/11/2022 03:10:30 - INFO - __main__ - *********Hypothesis*********
07/11/2022 03:10:30 - INFO - __main__ - <mask> version of the novel <mask>.
07/11/2022 03:10:30 - INFO - __main__ - <mask> novel series, <mask>.
07/11/2022 03:10:30 - INFO - __main__ - <mask> singer and songwriter, <mask>.
07/11/2022 03:10:30 - INFO - __main__ - <mask> comic book series <mask>.
07/11/2022 03:10:30 - INFO - __main__ - <mask> author and translator of <mask>.
07/11/2022 03:10:30 - INFO - __main__ - <mask> version of the song was recorded by <mask>.
07/11/2022 03:10:30 - INFO - __main__ - <mask> actress and singer, <mask>.
07/11/2022 03:10:30 - INFO - __main__ - <mask> singer-songwriter and guitarist <mask>.
07/11/2022 03:10:30 - INFO - __main__ - <mask>-style, the song was written by <mask>.
07/11/2022 03:10:30 - INFO - __main__ - <mask> version of the song, <mask>.
07/11/2022 03:10:30 - INFO - __main__ - ****************************
07/11/2022 03:10:30 - INFO - __main__ - *********References*********
07/11/2022 03:10:30 - INFO - __main__ - ['the screenwriter of <mask> is <mask>.']
07/11/2022 03:10:30 - INFO - __main__ - ****************************
07/11/2022 03:11:19 - INFO - __main__ - ***********Input************
07/11/2022 03:11:19 - INFO - __main__ - as a part of the 2011 kallikratis government reform , the <mask> zakynthos was created out of the former <mask> zakynthos ( ) .
07/11/2022 03:11:19 - INFO - __main__ - *********Hypothesis*********
07/11/2022 03:11:19 - INFO - __main__ - <mask> was born in <mask>.
07/11/2022 03:11:19 - INFO - __main__ - <mask>' father was a <mask>.
07/11/2022 03:11:19 - INFO - __main__ - <mask> started his career with <mask>.
07/11/2022 03:11:19 - INFO - __main__ - <mask> was the home of <mask>.
07/11/2022 03:11:19 - INFO - __main__ - <mask> were drawn against <mask>.
07/11/2022 03:11:19 - INFO - __main__ - <mask> won the championship by defeating <mask>.
07/11/2022 03:11:19 - INFO - __main__ - <mask>'s main rival is <mask>.
07/11/2022 03:11:19 - INFO - __main__ - <mask> is a <mask>.
07/11/2022 03:11:19 - INFO - __main__ - <mask> was replaced by <mask>.
07/11/2022 03:11:19 - INFO - __main__ - <mask> is the home ground of <mask>.
07/11/2022 03:11:19 - INFO - __main__ - ****************************
07/11/2022 03:11:19 - INFO - __main__ - *********References*********
07/11/2022 03:11:19 - INFO - __main__ - ['<mask> is followed by <mask>.']
07/11/2022 03:11:19 - INFO - __main__ - ****************************
07/11/2022 03:11:50 - INFO - __main__ - ***********Input************
07/11/2022 03:11:50 - INFO - __main__ - <mask> was born to crown prince <mask> and his chief consort hanthawaddy mibaya on 27 november 1558 in pegu ( bago ) .
07/11/2022 03:11:50 - INFO - __main__ - *********Hypothesis*********
07/11/2022 03:11:50 - INFO - __main__ - <mask> was a king of <mask>.
07/11/2022 03:11:50 - INFO - __main__ - <mask> is the son of <mask>.
07/11/2022 03:11:50 - INFO - __main__ - <mask> was a royal courtier in <mask>.
07/11/2022 03:11:50 - INFO - __main__ - <mask> was a great devotee of <mask>.
07/11/2022 03:11:50 - INFO - __main__ - <mask> is an ancient city of <mask>.
07/11/2022 03:11:50 - INFO - __main__ - <mask> was born in <mask>.
07/11/2022 03:11:50 - INFO - __main__ - <mask>, the capital of <mask>.
07/11/2022 03:11:50 - INFO - __main__ - <mask> ii was succeeded by his son <mask>.
07/11/2022 03:11:50 - INFO - __main__ - <mask>'s father was a royal official in <mask>.
07/11/2022 03:11:50 - INFO - __main__ - <mask> was born in the village of <mask>.
07/11/2022 03:11:50 - INFO - __main__ - ****************************
07/11/2022 03:11:50 - INFO - __main__ - *********References*********
07/11/2022 03:11:50 - INFO - __main__ - ['<mask> is the father of <mask>.']
07/11/2022 03:11:50 - INFO - __main__ - ****************************
07/11/2022 03:12:17 - INFO - __main__ - ***********Input************
07/11/2022 03:12:17 - INFO - __main__ - he is best known for playing kevin malone in the <mask> adaptation of " <mask> " .
07/11/2022 03:12:17 - INFO - __main__ - *********Hypothesis*********
07/11/2022 03:12:17 - INFO - __main__ - <mask> version of <mask>.
07/11/2022 03:12:17 - INFO - __main__ - <mask> television series, <mask>.
07/11/2022 03:12:17 - INFO - __main__ - <mask> version of the novel <mask>.
07/11/2022 03:12:17 - INFO - __main__ - <mask>-style films such as <mask>.
07/11/2022 03:12:17 - INFO - __main__ - <mask> version of the film <mask>.
07/11/2022 03:12:17 - INFO - __main__ - <mask> version of the book <mask>.
07/11/2022 03:12:17 - INFO - __main__ - <mask> horror film <mask>.
07/11/2022 03:12:17 - INFO - __main__ - <mask> comic book series, <mask>.
07/11/2022 03:12:17 - INFO - __main__ - <mask> writer who wrote <mask>.
07/11/2022 03:12:17 - INFO - __main__ - <mask> version of the song "<mask>.
07/11/2022 03:12:17 - INFO - __main__ - ****************************
07/11/2022 03:12:17 - INFO - __main__ - *********References*********
07/11/2022 03:12:17 - INFO - __main__ - ['the country where <mask> is originated from is <mask>.']
07/11/2022 03:12:17 - INFO - __main__ - ****************************
07/11/2022 03:12:48 - INFO - __main__ - ***********Input************
07/11/2022 03:12:48 - INFO - __main__ - mourinho won the award a second successive time <mask>   – the first foreign manager to do so   – as chelsea won their second <mask> title .
07/11/2022 03:12:48 - INFO - __main__ - *********Hypothesis*********
07/11/2022 03:12:48 - INFO - __main__ - <mask>n't sure if it was <mask>.
07/11/2022 03:12:48 - INFO - __main__ - <mask> – –  –   – <mask>.
07/11/2022 03:12:48 - INFO - __main__ - <mask> to be a native <mask>.
07/11/2022 03:12:48 - INFO - __main__ - <mask> – a big, strong, and <mask>.
07/11/2022 03:12:48 - INFO - __main__ - ****************************
07/11/2022 03:12:48 - INFO - __main__ - *********References*********
07/11/2022 03:12:48 - INFO - __main__ - ['<mask> is the sports season of league or competition <mask>.']
07/11/2022 03:12:48 - INFO - __main__ - ****************************
07/11/2022 03:13:18 - INFO - __main__ - ***********Input************
07/11/2022 03:13:18 - INFO - __main__ - " shoot " is the ninth episode of the <mask> of the american television drama series " <mask> " .
07/11/2022 03:13:18 - INFO - __main__ - *********Hypothesis*********
07/11/2022 03:13:18 - INFO - __main__ - <mask> season of the television series <mask>.
07/11/2022 03:13:18 - INFO - __main__ - <mask>. of the television series <mask>.
07/11/2022 03:13:18 - INFO - __main__ - <mask> of the television series <mask>.
07/11/2022 03:13:18 - INFO - __main__ - <mask> season premiere of <mask>.
07/11/2022 03:13:18 - INFO - __main__ - <mask> season, episode 1 of <mask>.
07/11/2022 03:13:18 - INFO - __main__ - <mask>, episode "the end" of <mask>.
07/11/2022 03:13:18 - INFO - __main__ - <mask> & finale of <mask>.
07/11/2022 03:13:18 - INFO - __main__ - <mask>. was a spin-off of <mask>.
07/11/2022 03:13:18 - INFO - __main__ - <mask> season, episode "the end" of <mask>.
07/11/2022 03:13:18 - INFO - __main__ - <mask> of the science fiction television series <mask>.
07/11/2022 03:13:18 - INFO - __main__ - ****************************
07/11/2022 03:13:18 - INFO - __main__ - *********References*********
07/11/2022 03:13:18 - INFO - __main__ - ['<mask> contains <mask> as one of its parts.']
07/11/2022 03:13:18 - INFO - __main__ - ****************************
07/11/2022 03:13:51 - INFO - __main__ - ***********Input************
07/11/2022 03:13:51 - INFO - __main__ - the building was designed by noted architects <mask> & philip johnson , partners influential in <mask> .
07/11/2022 03:13:51 - INFO - __main__ - *********Hypothesis*********
07/11/2022 03:13:51 - INFO - __main__ - <mask> americ was americ, and the <mask>.
07/11/2022 03:13:51 - INFO - __main__ - <mask> jackson, the president of <mask>.
07/11/2022 03:13:51 - INFO - __main__ - <mask> jackson was a native of <mask>.
07/11/2022 03:13:51 - INFO - __main__ - <mask> soldier, who fought in <mask>.
07/11/2022 03:13:51 - INFO - __main__ - <mask>'s was the only one in <mask>.
07/11/2022 03:13:51 - INFO - __main__ - <mask>, the president of <mask>.
07/11/2022 03:13:51 - INFO - __main__ - <mask> war hero of <mask>.
07/11/2022 03:13:51 - INFO - __main__ - <mask> had never had a good time in <mask>.
07/11/2022 03:13:51 - INFO - __main__ - <mask> the new, <mask>.
07/11/2022 03:13:51 - INFO - __main__ - <mask> was a native of <mask>.
07/11/2022 03:13:51 - INFO - __main__ - ****************************
07/11/2022 03:13:51 - INFO - __main__ - *********References*********
07/11/2022 03:13:51 - INFO - __main__ - ['the movement that <mask> is related to is <mask>.']
07/11/2022 03:13:51 - INFO - __main__ - ****************************
07/11/2022 03:14:24 - INFO - __main__ - ***********Input************
07/11/2022 03:14:24 - INFO - __main__ - after going undrafted in the 1995 nfl draft , berger joined the newly formed amsterdam admirals of the <mask> ( later known as nfl europe ) for the <mask> .
07/11/2022 03:14:24 - INFO - __main__ - *********Hypothesis*********
07/11/2022 03:14:24 - INFO - __main__ - <mask> had a new rule in <mask>.
07/11/2022 03:14:24 - INFO - __main__ - <mask> team was founded in <mask>.
07/11/2022 03:14:24 - INFO - __main__ - <mask>. nfl. season <mask>.
07/11/2022 03:14:24 - INFO - __main__ - <mask> : nfl.com : <mask>.
07/11/2022 03:14:24 - INFO - __main__ - <mask> has been the official game of the league since <mask>.
07/11/2022 03:14:24 - INFO - __main__ - <mask> had not had a playoff appearance since <mask>.
07/11/2022 03:14:24 - INFO - __main__ - <mask> has had a team since <mask>.
07/11/2022 03:14:24 - INFO - __main__ - <mask> was the only team to win the league in <mask>.
07/11/2022 03:14:24 - INFO - __main__ - <mask>. in the league in <mask>.
07/11/2022 03:14:24 - INFO - __main__ - <mask>) and was released by the team in <mask>.
07/11/2022 03:14:24 - INFO - __main__ - ****************************
07/11/2022 03:14:24 - INFO - __main__ - *********References*********
07/11/2022 03:14:24 - INFO - __main__ - ['<mask> is the sports season of league or competition <mask>.']
07/11/2022 03:14:24 - INFO - __main__ - ****************************
07/11/2022 03:15:06 - INFO - __main__ - ***********Input************
07/11/2022 03:15:06 - INFO - __main__ - a human lampshade appears in the 2007 film " <mask> " , which was made by <mask> .
07/11/2022 03:15:06 - INFO - __main__ - *********Hypothesis*********
07/11/2022 03:15:06 - INFO - __main__ - <mask>: the original series, <mask>.
07/11/2022 03:15:06 - INFO - __main__ - <mask> is a television series produced by <mask>.
07/11/2022 03:15:06 - INFO - __main__ - <mask> was released by <mask>.
07/11/2022 03:15:06 - INFO - __main__ - <mask> was produced by <mask>.
07/11/2022 03:15:06 - INFO - __main__ - <mask> is a film produced by <mask>.
07/11/2022 03:15:06 - INFO - __main__ - <mask>.the human was produced by <mask>.
07/11/2022 03:15:06 - INFO - __main__ - <mask> animation animationades is an animated short film produced by <mask>.
07/11/2022 03:15:06 - INFO - __main__ - <mask> is a fantasy animated film produced by <mask>.
07/11/2022 03:15:06 - INFO - __main__ - <mask> is a live-action film produced by <mask>.
07/11/2022 03:15:06 - INFO - __main__ - <mask> animation animationades was produced by <mask>.
07/11/2022 03:15:06 - INFO - __main__ - ****************************
07/11/2022 03:15:06 - INFO - __main__ - *********References*********
07/11/2022 03:15:06 - INFO - __main__ - ['<mask> is directed by <mask>.']
07/11/2022 03:15:06 - INFO - __main__ - ****************************
07/11/2022 03:15:32 - INFO - __main__ - ***********Input************
07/11/2022 03:15:32 - INFO - __main__ - laban key was introduced in september 2013 by the project manager pham kim long who is also the developer of the <mask> input method editor <mask> .
07/11/2022 03:15:32 - INFO - __main__ - *********Hypothesis*********
07/11/2022 03:15:32 - INFO - __main__ - <mask> is the main character of <mask>.
07/11/2022 03:15:32 - INFO - __main__ - <mask> is a libinput lib<mask>.
07/11/2022 03:15:32 - INFO - __main__ - <mask> is a free and open-source software package for <mask>.
07/11/2022 03:15:32 - INFO - __main__ - <mask> is a language that supports <mask>.
07/11/2022 03:15:32 - INFO - __main__ - <mask> is a qt and <mask>.
07/11/2022 03:15:32 - INFO - __main__ - <mask> provides an open source implementation of <mask>.
07/11/2022 03:15:32 - INFO - __main__ - <mask> has a number of other features, including <mask>.
07/11/2022 03:15:32 - INFO - __main__ - <mask> has a <mask>.
07/11/2022 03:15:32 - INFO - __main__ - <mask> is the name of a number of <mask>.
07/11/2022 03:15:32 - INFO - __main__ - <mask> is the only language that supports <mask>.
07/11/2022 03:15:32 - INFO - __main__ - ****************************
07/11/2022 03:15:32 - INFO - __main__ - *********References*********
07/11/2022 03:15:32 - INFO - __main__ - ['the operating system <mask> based on is <mask>.']
07/11/2022 03:15:32 - INFO - __main__ - ****************************
07/11/2022 03:16:13 - INFO - __main__ - ***********Input************
07/11/2022 03:16:13 - INFO - __main__ - <mask> ( basel , 23 june 1768 – 3 december 1829 ) was a swiss <mask> and astronomer .
07/11/2022 03:16:13 - INFO - __main__ - *********Hypothesis*********
07/11/2022 03:16:13 - INFO - __main__ - <mask> heinrich was a <mask>.
07/11/2022 03:16:13 - INFO - __main__ - <mask> was a <mask>.
07/11/2022 03:16:13 - INFO - __main__ - <mask> müller was <mask>.
07/11/2022 03:16:13 - INFO - __main__ - <mask> lef was a <mask>.
07/11/2022 03:16:13 - INFO - __main__ - <mask> gottlie, was a <mask>.
07/11/2022 03:16:13 - INFO - __main__ - <mask>vy was a <mask>.
07/11/2022 03:16:13 - INFO - __main__ - <mask>. was a <mask>.
07/11/2022 03:16:13 - INFO - __main__ - <mask>, was priest <mask>.
07/11/2022 03:16:13 - INFO - __main__ - <mask> is an author and <mask>.
07/11/2022 03:16:13 - INFO - __main__ - <mask> was a prominent <mask>.
07/11/2022 03:16:13 - INFO - __main__ - ****************************
07/11/2022 03:16:13 - INFO - __main__ - *********References*********
07/11/2022 03:16:13 - INFO - __main__ - ['<mask> is <mask> by occupation.']
07/11/2022 03:16:13 - INFO - __main__ - ****************************
07/11/2022 03:16:47 - INFO - __main__ - ***********Input************
07/11/2022 03:16:47 - INFO - __main__ - the <mask> , <mask> , in a written statement from the federal president 's office , called for a " responsible use of the language " .
07/11/2022 03:16:47 - INFO - __main__ - *********Hypothesis*********
07/11/2022 03:16:47 - INFO - __main__ - <mask> foreign minister is <mask>.
07/11/2022 03:16:47 - INFO - __main__ - <mask> françois: the official website of <mask>.
07/11/2022 03:16:47 - INFO - __main__ - <mask> vice president <mask>.
07/11/2022 03:16:47 - INFO - __main__ - <mask> prime minister <mask>.
07/11/2022 03:16:47 - INFO - __main__ - <mask> members of <mask>.
07/11/2022 03:16:47 - INFO - __main__ - <mask> president – <mask>.
07/11/2022 03:16:47 - INFO - __main__ - <mask> foreign minister <mask>.
07/11/2022 03:16:47 - INFO - __main__ - <mask> is a political party in the country, and the party founded and led by <mask>.
07/11/2022 03:16:47 - INFO - __main__ - <mask> foreign minister is currently <mask>.
07/11/2022 03:16:47 - INFO - __main__ - <mask>-s.: vice president <mask>.
07/11/2022 03:16:47 - INFO - __main__ - ****************************
07/11/2022 03:16:47 - INFO - __main__ - *********References*********
07/11/2022 03:16:47 - INFO - __main__ - ['<mask> holds position of <mask>.']
07/11/2022 03:16:47 - INFO - __main__ - ****************************
07/11/2022 03:17:23 - INFO - __main__ - ***********Input************
07/11/2022 03:17:23 - INFO - __main__ - on 25 may 2014 , lundgren and <mask> became the first representatives of the sweden democrats to be elected <mask> .
07/11/2022 03:17:23 - INFO - __main__ - *********Hypothesis*********
07/11/2022 03:17:23 - INFO - __main__ - <mask> the is the member of <mask>.
07/11/2022 03:17:23 - INFO - __main__ - <mask> the was elected to <mask>.
07/11/2022 03:17:23 - INFO - __main__ - <mask>. is a member of <mask>.
07/11/2022 03:17:23 - INFO - __main__ - <mask>. was elected to the national <mask>.
07/11/2022 03:17:23 - INFO - __main__ - <mask> the was the member of <mask>.
07/11/2022 03:17:23 - INFO - __main__ - <mask> the, and <mask>.
07/11/2022 03:17:23 - INFO - __main__ - <mask> den berg a member of the <mask>.
07/11/2022 03:17:23 - INFO - __main__ - <mask> the european is <mask>.
07/11/2022 03:17:23 - INFO - __main__ - <mask>son was a member of <mask>.
07/11/2022 03:17:23 - INFO - __main__ - <mask>. was elected to <mask>.
07/11/2022 03:17:23 - INFO - __main__ - ****************************
07/11/2022 03:17:23 - INFO - __main__ - *********References*********
07/11/2022 03:17:23 - INFO - __main__ - ['<mask> holds position of <mask>.']
07/11/2022 03:17:23 - INFO - __main__ - ****************************
07/11/2022 03:17:59 - INFO - __main__ - ***********Input************
07/11/2022 03:17:59 - INFO - __main__ - the new <mask> provides twinned highway service across the <mask> .
07/11/2022 03:17:59 - INFO - __main__ - *********Hypothesis*********
07/11/2022 03:17:59 - INFO - __main__ - <mask>, a toll road in <mask>.
07/11/2022 03:17:59 - INFO - __main__ - <mask> is a major highway in <mask>.
07/11/2022 03:17:59 - INFO - __main__ - <mask> (tch) is a major highway in <mask>.
07/11/2022 03:17:59 - INFO - __main__ - <mask> 1 is a major highway in <mask>.
07/11/2022 03:17:59 - INFO - __main__ - <mask>a1.e is a railway in <mask>.
07/11/2022 03:17:59 - INFO - __main__ - <mask>, which is a major highway in <mask>.
07/11/2022 03:17:59 - INFO - __main__ - <mask> was designated as <mask>.
07/11/2022 03:17:59 - INFO - __main__ - <mask>ike, a toll road in <mask>.
07/11/2022 03:17:59 - INFO - __main__ - <mask> (tch) is a highway in <mask>.
07/11/2022 03:17:59 - INFO - __main__ - <mask> was originally designated as a freeway in the southern <mask>.
07/11/2022 03:17:59 - INFO - __main__ - ****************************
07/11/2022 03:17:59 - INFO - __main__ - *********References*********
07/11/2022 03:17:59 - INFO - __main__ - ['<mask> crosses <mask>.']
07/11/2022 03:17:59 - INFO - __main__ - ****************************
07/11/2022 03:18:41 - INFO - __main__ - ***********Input************
07/11/2022 03:18:41 - INFO - __main__ - " <mask> " is the tenth episode of the <mask> and the 163rd overall episode of the american animated television series " south park " .
07/11/2022 03:18:41 - INFO - __main__ - *********Hypothesis*********
07/11/2022 03:18:41 - INFO - __main__ - <mask>: the animation, <mask>.
07/11/2022 03:18:41 - INFO - __main__ - <mask> is a live-action <mask>.
07/11/2022 03:18:41 - INFO - __main__ - <mask>: the lost <mask>.
07/11/2022 03:18:41 - INFO - __main__ - <mask>, south australia, <mask>.
07/11/2022 03:18:41 - INFO - __main__ - <mask> was released in the continental <mask>.
07/11/2022 03:18:41 - INFO - __main__ - <mask>: a history of the wild and the wild- things <mask>.
07/11/2022 03:18:41 - INFO - __main__ - <mask> is a film in the wizard of the oz <mask>.
07/11/2022 03:18:41 - INFO - __main__ - <mask>: the complete oz <mask>.
07/11/2022 03:18:41 - INFO - __main__ - <mask> is the only film in the <mask>.
07/11/2022 03:18:41 - INFO - __main__ - <mask>, an episode from the tv <mask>.
07/11/2022 03:18:41 - INFO - __main__ - ****************************
07/11/2022 03:18:41 - INFO - __main__ - *********References*********
07/11/2022 03:18:41 - INFO - __main__ - ['<mask> is a part of <mask>.']
07/11/2022 03:18:41 - INFO - __main__ - ****************************
