08/10/2022 07:28:50 - INFO - __main__ - **************** MODEL CONFIGURATION ****************
08/10/2022 07:28:50 - INFO - __main__ - bart_training             -->   True
08/10/2022 07:28:50 - INFO - __main__ - device                    -->   7
08/10/2022 07:28:50 - INFO - __main__ - dpp                       -->   False
08/10/2022 07:28:50 - INFO - __main__ - group_beam                -->   True
08/10/2022 07:28:50 - INFO - __main__ - if_then                   -->   False
08/10/2022 07:28:50 - INFO - __main__ - inductor                  -->   rule
08/10/2022 07:28:50 - INFO - __main__ - log_dir                   -->   logs_new_new_new_new_new/
08/10/2022 07:28:50 - INFO - __main__ - log_name                  -->   openrule155-ref
08/10/2022 07:28:50 - INFO - __main__ - mcgs                      -->   False
08/10/2022 07:28:50 - INFO - __main__ - mlm_training              -->   True
08/10/2022 07:28:50 - INFO - __main__ - prompt                    -->   False
08/10/2022 07:28:50 - INFO - __main__ - task                      -->   openrule155
08/10/2022 07:28:50 - INFO - __main__ - **************** MODEL CONFIGURATION ****************
08/10/2022 07:29:58 - INFO - __main__ - ***********Input************
08/10/2022 07:29:58 - INFO - __main__ - <mask> acts in <mask>.
08/10/2022 07:29:58 - INFO - __main__ - *********References*********
08/10/2022 07:29:58 - INFO - __main__ - ['<mask> is a member of <mask>.', '<mask> participates in <mask>.', '<mask> performs in <mask>.', '<mask> plays a role in <mask>.', '<mask> creates <mask>.']
08/10/2022 07:29:58 - INFO - __main__ - ****************************
08/10/2022 07:29:59 - INFO - __main__ - ***********Input************
08/10/2022 07:29:59 - INFO - __main__ - <mask> are geographically distributed in <mask>.
08/10/2022 07:29:59 - INFO - __main__ - *********References*********
08/10/2022 07:29:59 - INFO - __main__ - ['<mask> are located in <mask>.', '<mask> live in <mask>.', '<mask> is a species unique only in <mask>.']
08/10/2022 07:29:59 - INFO - __main__ - ****************************
08/10/2022 07:29:59 - INFO - __main__ - ***********Input************
08/10/2022 07:29:59 - INFO - __main__ - <mask> believe in <mask>.
08/10/2022 07:29:59 - INFO - __main__ - *********References*********
08/10/2022 07:29:59 - INFO - __main__ - ['the religion of <mask> is <mask>.', '<mask> created <mask>.', '<mask> obeys the rule that listed in <mask>.']
08/10/2022 07:29:59 - INFO - __main__ - ****************************
08/10/2022 07:29:59 - INFO - __main__ - ***********Input************
08/10/2022 07:29:59 - INFO - __main__ - <mask> belongs to <mask>.
08/10/2022 07:29:59 - INFO - __main__ - *********References*********
08/10/2022 07:29:59 - INFO - __main__ - ['<mask> is owned by <mask>', '<mask> is located in <mask>', '<mask> is a member of <mask>.', '<mask> is in the group of <mask>.', '<mask> is a part of <mask>.']
08/10/2022 07:29:59 - INFO - __main__ - ****************************
08/10/2022 07:29:59 - INFO - __main__ - ***********Input************
08/10/2022 07:29:59 - INFO - __main__ - <mask> comes after <mask>.
08/10/2022 07:29:59 - INFO - __main__ - *********References*********
08/10/2022 07:29:59 - INFO - __main__ - ['<mask> happens after <mask>', 'the prerequisite of <mask> is <mask>.']
08/10/2022 07:29:59 - INFO - __main__ - ****************************
08/10/2022 07:29:59 - INFO - __main__ - ***********Input************
08/10/2022 07:29:59 - INFO - __main__ - <mask> comes before <mask>.
08/10/2022 07:29:59 - INFO - __main__ - *********References*********
08/10/2022 07:29:59 - INFO - __main__ - ['<mask> is the prerequisite of <mask>.', 'the following event of <mask> is <mask>.', 'the sequel of <mask> is <mask>.']
08/10/2022 07:29:59 - INFO - __main__ - ****************************
08/10/2022 07:29:59 - INFO - __main__ - ***********Input************
08/10/2022 07:29:59 - INFO - __main__ - <mask> crosses <mask>.
08/10/2022 07:29:59 - INFO - __main__ - *********References*********
08/10/2022 07:29:59 - INFO - __main__ - ['<mask> goes to the other side of <mask>.']
08/10/2022 07:29:59 - INFO - __main__ - ****************************
08/10/2022 07:29:59 - INFO - __main__ - ***********Input************
08/10/2022 07:29:59 - INFO - __main__ - <mask> deals with <mask>.
08/10/2022 07:29:59 - INFO - __main__ - *********References*********
08/10/2022 07:29:59 - INFO - __main__ - ['<mask> run business with <mask>.', '<mask> recognizes <mask>.', '<mask> is familiar with <mask>.']
08/10/2022 07:29:59 - INFO - __main__ - ****************************
08/10/2022 07:30:00 - INFO - __main__ - ***********Input************
08/10/2022 07:30:00 - INFO - __main__ - <mask> died in <mask>.
08/10/2022 07:30:00 - INFO - __main__ - *********References*********
08/10/2022 07:30:00 - INFO - __main__ - ['<mask> lived in <mask>', '<mask> was a native in <mask>', '<mask> was a citizen of <mask>.', '<mask> worked in <mask>.', '<mask> was buried in <mask>.']
08/10/2022 07:30:00 - INFO - __main__ - ****************************
08/10/2022 07:30:00 - INFO - __main__ - ***********Input************
08/10/2022 07:30:00 - INFO - __main__ - <mask> exports <mask>.
08/10/2022 07:30:00 - INFO - __main__ - *********References*********
08/10/2022 07:30:00 - INFO - __main__ - ['<mask> produces <mask>.', '<mask> lives on <mask>.', '<mask> makes money through <mask>.', '<mask> knows a lot about <mask>.']
08/10/2022 07:30:00 - INFO - __main__ - ****************************
08/10/2022 07:30:00 - INFO - __main__ - ***********Input************
08/10/2022 07:30:00 - INFO - __main__ - <mask> follows <mask>.
08/10/2022 07:30:00 - INFO - __main__ - *********References*********
08/10/2022 07:30:00 - INFO - __main__ - ['<mask> is the child of <mask>.', '<mask> recognizes <mask>.', '<mask> wants to hurt <mask>.', '<mask> was leaded by <mask>.']
08/10/2022 07:30:00 - INFO - __main__ - ****************************
08/10/2022 07:30:00 - INFO - __main__ - ***********Input************
08/10/2022 07:30:00 - INFO - __main__ - <mask> graduated from <mask>.
08/10/2022 07:30:00 - INFO - __main__ - *********References*********
08/10/2022 07:30:00 - INFO - __main__ - ['<mask> paid for <mask>.', '<mask> is a student of <mask>.', '<mask> studied in <mask> for many years.', '<mask> knows a lot about <mask>.', '<mask> is familiar with <mask>.', '<mask> used to be a member of <mask>.']
08/10/2022 07:30:00 - INFO - __main__ - ****************************
08/10/2022 07:30:00 - INFO - __main__ - ***********Input************
08/10/2022 07:30:00 - INFO - __main__ - <mask> has influence on <mask>.
08/10/2022 07:30:00 - INFO - __main__ - *********References*********
08/10/2022 07:30:00 - INFO - __main__ - ['<mask> is the parent of <mask>.', '<mask> is the advisor of <mask>.', '<mask> is the supervisor of <mask>.', '<mask> is familiar with <mask>.']
08/10/2022 07:30:00 - INFO - __main__ - ****************************
08/10/2022 07:30:00 - INFO - __main__ - ***********Input************
08/10/2022 07:30:00 - INFO - __main__ - <mask> holds position of <mask>.
08/10/2022 07:30:00 - INFO - __main__ - *********References*********
08/10/2022 07:30:00 - INFO - __main__ - ['<mask> works as a <mask>.', '<mask> supports family through being a <mask>.', '<mask> chase dream through being a <mask>.']
08/10/2022 07:30:00 - INFO - __main__ - ****************************
08/10/2022 07:30:00 - INFO - __main__ - ***********Input************
08/10/2022 07:30:00 - INFO - __main__ - <mask> holds the political position of <mask>.
08/10/2022 07:30:00 - INFO - __main__ - *********References*********
08/10/2022 07:30:00 - INFO - __main__ - ['<mask> is currently a <mask>.', '<mask> works as a <mask>.', '<mask> realizes political ambition through being a <mask>.']
08/10/2022 07:30:00 - INFO - __main__ - ****************************
08/10/2022 07:30:00 - INFO - __main__ - ***********Input************
08/10/2022 07:30:00 - INFO - __main__ - <mask> imports <mask>.
08/10/2022 07:30:00 - INFO - __main__ - *********References*********
08/10/2022 07:30:00 - INFO - __main__ - ['<mask> needs <mask>.', '<mask> cannot produce enough <mask>.', '<mask> do not have <mask>.', '<mask> has to pay for <mask>.']
08/10/2022 07:30:00 - INFO - __main__ - ****************************
08/10/2022 07:30:00 - INFO - __main__ - ***********Input************
08/10/2022 07:30:00 - INFO - __main__ - <mask> is <mask> by occupation.
08/10/2022 07:30:00 - INFO - __main__ - *********References*********
08/10/2022 07:30:00 - INFO - __main__ - ['<mask> works as a <mask>.', '<mask> supports his family through being a <mask>.']
08/10/2022 07:30:00 - INFO - __main__ - ****************************
08/10/2022 07:30:00 - INFO - __main__ - ***********Input************
08/10/2022 07:30:00 - INFO - __main__ - <mask> is a citizen of <mask>.
08/10/2022 07:30:00 - INFO - __main__ - *********References*********
08/10/2022 07:30:00 - INFO - __main__ - ['<mask> is a native of <mask>.', '<mask> is a member of <mask>.', '<mask> lives and works in <mask>.', '<mask> is familiar with <mask>.']
08/10/2022 07:30:00 - INFO - __main__ - ****************************
08/10/2022 07:30:01 - INFO - __main__ - ***********Input************
08/10/2022 07:30:01 - INFO - __main__ - <mask> is a city of <mask>.
08/10/2022 07:30:01 - INFO - __main__ - *********References*********
08/10/2022 07:30:01 - INFO - __main__ - ['<mask> is a part of <mask>.', '<mask> is the member of <mask>.', '<mask> belongs to <mask>.']
08/10/2022 07:30:01 - INFO - __main__ - ****************************
08/10/2022 07:30:01 - INFO - __main__ - ***********Input************
08/10/2022 07:30:01 - INFO - __main__ - <mask> is a constellation of <mask>.
08/10/2022 07:30:01 - INFO - __main__ - *********References*********
08/10/2022 07:30:01 - INFO - __main__ - ['<mask> is a part of <mask>.', '<mask> is a member of <mask>.', '<mask> rotates around <mask>.']
08/10/2022 07:30:01 - INFO - __main__ - ****************************
08/10/2022 07:30:01 - INFO - __main__ - ***********Input************
08/10/2022 07:30:01 - INFO - __main__ - <mask> is a member of political party <mask>.
08/10/2022 07:30:01 - INFO - __main__ - *********References*********
08/10/2022 07:30:01 - INFO - __main__ - ['<mask> supports <mask>.', '<mask> pays membership dues to <mask>.', '<mask> has applied to join <mask>.']
08/10/2022 07:30:01 - INFO - __main__ - ****************************
08/10/2022 07:30:01 - INFO - __main__ - ***********Input************
08/10/2022 07:30:01 - INFO - __main__ - <mask> is a member of <mask>.
08/10/2022 07:30:01 - INFO - __main__ - *********References*********
08/10/2022 07:30:01 - INFO - __main__ - ['<mask> make contributions to <mask>.', '<mask> applied to join <mask>.', '<mask> belongs to <mask>.']
08/10/2022 07:30:01 - INFO - __main__ - ****************************
08/10/2022 07:30:01 - INFO - __main__ - ***********Input************
08/10/2022 07:30:01 - INFO - __main__ - <mask> is a part of <mask>.
08/10/2022 07:30:01 - INFO - __main__ - *********References*********
08/10/2022 07:30:01 - INFO - __main__ - ['<mask> make contributions to <mask>.', '<mask> applied to join <mask>.', '<mask> belongs to <mask>.']
08/10/2022 07:30:01 - INFO - __main__ - ****************************
08/10/2022 07:30:01 - INFO - __main__ - ***********Input************
08/10/2022 07:30:01 - INFO - __main__ - <mask> is a provicial capital of <mask>.
08/10/2022 07:30:01 - INFO - __main__ - *********References*********
08/10/2022 07:30:01 - INFO - __main__ - ['<mask> is a part of <mask>.', '<mask> is a regional political cneter of <mask>.', '<mask> belongs to <mask>.', '<mask> is a city of <mask>.']
08/10/2022 07:30:01 - INFO - __main__ - ****************************
08/10/2022 07:30:01 - INFO - __main__ - ***********Input************
08/10/2022 07:30:01 - INFO - __main__ - <mask> is a state or province within <mask>.
08/10/2022 07:30:01 - INFO - __main__ - *********References*********
08/10/2022 07:30:01 - INFO - __main__ - ['<mask> is a part of <mask>.', '<mask> blelongs to <mask>.']
08/10/2022 07:30:01 - INFO - __main__ - ****************************
08/10/2022 07:30:01 - INFO - __main__ - ***********Input************
08/10/2022 07:30:01 - INFO - __main__ - <mask> is advised by <mask>.
08/10/2022 07:30:01 - INFO - __main__ - *********References*********
08/10/2022 07:30:01 - INFO - __main__ - ['<mask> is influenced by <mask>.', '<mask> is one of the students of <mask>.', '<mask> is taught by <mask>.', '<mask> follows <mask>.', '<mask> receive advice from <mask>.']
08/10/2022 07:30:01 - INFO - __main__ - ****************************
08/10/2022 07:30:01 - INFO - __main__ - ***********Input************
08/10/2022 07:30:01 - INFO - __main__ - <mask> is an instance of <mask>.
08/10/2022 07:30:01 - INFO - __main__ - *********References*********
08/10/2022 07:30:01 - INFO - __main__ - ['<mask> is a kind of <mask>.', '<mask> derives from <mask>.', '<mask> is recognized as <mask>.']
08/10/2022 07:30:01 - INFO - __main__ - ****************************
08/10/2022 07:30:01 - INFO - __main__ - ***********Input************
08/10/2022 07:30:01 - INFO - __main__ - <mask> is composed by <mask>.
08/10/2022 07:30:01 - INFO - __main__ - *********References*********
08/10/2022 07:30:01 - INFO - __main__ - ['<mask> is created by <mask>.', 'the copyright of <mask> is owned by <mask>.', '<mask> was sold by <mask> to make profits.', "<mask> is used to express <mask>'s emotions."]
08/10/2022 07:30:01 - INFO - __main__ - ****************************
08/10/2022 07:30:01 - INFO - __main__ - ***********Input************
08/10/2022 07:30:01 - INFO - __main__ - <mask> is created by <mask>.
08/10/2022 07:30:01 - INFO - __main__ - *********References*********
08/10/2022 07:30:01 - INFO - __main__ - ['the copyright of <mask> belongs to <mask>.', '<mask> is sold by <mask> to make profits.']
08/10/2022 07:30:01 - INFO - __main__ - ****************************
08/10/2022 07:30:01 - INFO - __main__ - ***********Input************
08/10/2022 07:30:01 - INFO - __main__ - <mask> is designated as a <mask>.
08/10/2022 07:30:01 - INFO - __main__ - *********References*********
08/10/2022 07:30:01 - INFO - __main__ - ['<mask> needs to choose whether to become <mask>.', '<mask> knows how to work as <mask>.']
08/10/2022 07:30:01 - INFO - __main__ - ****************************
08/10/2022 07:30:02 - INFO - __main__ - ***********Input************
08/10/2022 07:30:02 - INFO - __main__ - <mask> is directed by <mask>.
08/10/2022 07:30:02 - INFO - __main__ - *********References*********
08/10/2022 07:30:02 - INFO - __main__ - ['<mask> is known for <mask>.', '<mask> is one of the works of <mask>.']
08/10/2022 07:30:02 - INFO - __main__ - ****************************
08/10/2022 07:30:02 - INFO - __main__ - ***********Input************
08/10/2022 07:30:02 - INFO - __main__ - <mask> is happened in <mask>.
08/10/2022 07:30:02 - INFO - __main__ - *********References*********
08/10/2022 07:30:02 - INFO - __main__ - ['<mask> is known by people in <mask>.', '<mask> ends in <mask>.']
08/10/2022 07:30:02 - INFO - __main__ - ****************************
08/10/2022 07:30:02 - INFO - __main__ - ***********Input************
08/10/2022 07:30:02 - INFO - __main__ - <mask> is known for <mask>.
08/10/2022 07:30:02 - INFO - __main__ - *********References*********
08/10/2022 07:30:02 - INFO - __main__ - ['<mask> makes great contribution to <mask>.', '<mask> is a member of <mask>.', '<mask> belongs to <mask>.']
08/10/2022 07:30:02 - INFO - __main__ - ****************************
08/10/2022 07:30:02 - INFO - __main__ - ***********Input************
08/10/2022 07:30:02 - INFO - __main__ - <mask> is licensed to broadcast to <mask>.
08/10/2022 07:30:02 - INFO - __main__ - *********References*********
08/10/2022 07:30:02 - INFO - __main__ - ['<mask> run business in <mask>.', '<mask> offers service in <mask>.', '<mask> distribute news in <mask>.']
08/10/2022 07:30:02 - INFO - __main__ - ****************************
08/10/2022 07:30:02 - INFO - __main__ - ***********Input************
08/10/2022 07:30:02 - INFO - __main__ - <mask> is located in <mask>.
08/10/2022 07:30:02 - INFO - __main__ - *********References*********
08/10/2022 07:30:02 - INFO - __main__ - ['<mask> lives in <mask>', '<mask> belongs to <mask>.', '<mask> is a part of <mask>.']
08/10/2022 07:30:02 - INFO - __main__ - ****************************
08/10/2022 07:30:02 - INFO - __main__ - ***********Input************
08/10/2022 07:30:02 - INFO - __main__ - <mask> is married to <mask>.
08/10/2022 07:30:02 - INFO - __main__ - *********References*********
08/10/2022 07:30:02 - INFO - __main__ - ['<mask> lives together with <mask>.', '<mask> is the partner of <mask>.', '<mask> recognizes <mask>.', '<mask> loves <mask>.', '<mask> and <mask> have children.', '<mask> is one of the family member of <mask>.']
08/10/2022 07:30:02 - INFO - __main__ - ****************************
08/10/2022 07:30:02 - INFO - __main__ - ***********Input************
08/10/2022 07:30:02 - INFO - __main__ - <mask> is nominated for <mask>.
08/10/2022 07:30:02 - INFO - __main__ - *********References*********
08/10/2022 07:30:02 - INFO - __main__ - ['<mask> competes with other to win the <mask>.', '<mask> wants to win <mask>.', '<mask> wins the <mask>.']
08/10/2022 07:30:02 - INFO - __main__ - ****************************
08/10/2022 07:30:02 - INFO - __main__ - ***********Input************
08/10/2022 07:30:02 - INFO - __main__ - <mask> is one of a mount in <mask>.
08/10/2022 07:30:02 - INFO - __main__ - *********References*********
08/10/2022 07:30:02 - INFO - __main__ - ['<mask> is a part of <mask>.', '<mask> is one of the tallest peaks in <mask>.', '<mask> is located in <mask>.', '<mask> belongs to <mask>.', '<mask> is known for <mask>.']
08/10/2022 07:30:02 - INFO - __main__ - ****************************
08/10/2022 07:30:02 - INFO - __main__ - ***********Input************
08/10/2022 07:30:02 - INFO - __main__ - <mask> operates <mask>.
08/10/2022 07:30:02 - INFO - __main__ - *********References*********
08/10/2022 07:30:02 - INFO - __main__ - ['<mask> is licensed to operates <mask>.', '<mask> operates <mask> to make profits.', '<mask> is familiar with <mask>.']
08/10/2022 07:30:02 - INFO - __main__ - ****************************
08/10/2022 07:30:02 - INFO - __main__ - ***********Input************
08/10/2022 07:30:02 - INFO - __main__ - <mask> is owned by <mask>.
08/10/2022 07:30:02 - INFO - __main__ - *********References*********
08/10/2022 07:30:02 - INFO - __main__ - ['<mask> is produced by <mask>.', 'the copyright of <mask> belongs to <mask>.', '<mask> was sold by <mask> to make profits.']
08/10/2022 07:30:02 - INFO - __main__ - ****************************
08/10/2022 07:30:02 - INFO - __main__ - ***********Input************
08/10/2022 07:30:02 - INFO - __main__ - <mask> is performed by <mask>.
08/10/2022 07:30:02 - INFO - __main__ - *********References*********
08/10/2022 07:30:02 - INFO - __main__ - ['<mask> is one of works of <mask>.', '<mask> is known for <mask>.']
08/10/2022 07:30:02 - INFO - __main__ - ****************************
08/10/2022 07:30:02 - INFO - __main__ - ***********Input************
08/10/2022 07:30:02 - INFO - __main__ - <mask> is preceded by <mask>.
08/10/2022 07:30:02 - INFO - __main__ - *********References*********
08/10/2022 07:30:02 - INFO - __main__ - ['<mask> is behind <mask>.', '<mask> happens after <mask>.']
08/10/2022 07:30:02 - INFO - __main__ - ****************************
08/10/2022 07:30:02 - INFO - __main__ - ***********Input************
08/10/2022 07:30:02 - INFO - __main__ - <mask> is produced by <mask>.
08/10/2022 07:30:02 - INFO - __main__ - *********References*********
08/10/2022 07:30:02 - INFO - __main__ - ['<mask> issold by <mask> to make profits.', '<mask> is designed by <mask>.', '<mask> is assembled by <mask>.', '<mask> belongs to <mask>.', 'the copyright of <mask> is owned by <mask>.']
08/10/2022 07:30:02 - INFO - __main__ - ****************************
08/10/2022 07:30:03 - INFO - __main__ - ***********Input************
08/10/2022 07:30:03 - INFO - __main__ - <mask> is published by <mask>.
08/10/2022 07:30:03 - INFO - __main__ - *********References*********
08/10/2022 07:30:03 - INFO - __main__ - ['the copyright of <mask> is owned by <mask>.', '<mask> is created by <mask>.']
08/10/2022 07:30:03 - INFO - __main__ - ****************************
08/10/2022 07:30:03 - INFO - __main__ - ***********Input************
08/10/2022 07:30:03 - INFO - __main__ - <mask> is same as <mask>.
08/10/2022 07:30:03 - INFO - __main__ - *********References*********
08/10/2022 07:30:03 - INFO - __main__ - ['<mask> and <mask> are hard to distinguish.', '<mask> are refered to as <mask>.']
08/10/2022 07:30:03 - INFO - __main__ - ****************************
08/10/2022 07:30:03 - INFO - __main__ - ***********Input************
08/10/2022 07:30:03 - INFO - __main__ - <mask> is spoken in <mask>.
08/10/2022 07:30:03 - INFO - __main__ - *********References*********
08/10/2022 07:30:03 - INFO - __main__ - ['<mask> is the official language in <mask>.', '<mask> is spoken by most of people in <mask>.', '<mask> is originated from <mask>.']
08/10/2022 07:30:03 - INFO - __main__ - ****************************
08/10/2022 07:30:03 - INFO - __main__ - ***********Input************
08/10/2022 07:30:03 - INFO - __main__ - <mask> is the academic advisor of <mask>.
08/10/2022 07:30:03 - INFO - __main__ - *********References*********
08/10/2022 07:30:03 - INFO - __main__ - ['<mask> influences <mask>.', '<mask> is the professor of <mask>.', '<mask> is taught by <mask>.', '<mask> leads <mask>.', '<mask> offers advice to <mask>.']
08/10/2022 07:30:03 - INFO - __main__ - ****************************
08/10/2022 07:30:03 - INFO - __main__ - ***********Input************
08/10/2022 07:30:03 - INFO - __main__ - <mask> is the advisor of <mask>.
08/10/2022 07:30:03 - INFO - __main__ - *********References*********
08/10/2022 07:30:03 - INFO - __main__ - ['<mask> influences <mask>.', '<mask> is the professor of <mask>.', '<mask> is taught by <mask>.', '<mask> leads <mask>.', '<mask> offers advice to <mask>.']
08/10/2022 07:30:03 - INFO - __main__ - ****************************
08/10/2022 07:30:03 - INFO - __main__ - ***********Input************
08/10/2022 07:30:03 - INFO - __main__ - <mask> is the antgonist of <mask>.
08/10/2022 07:30:03 - INFO - __main__ - *********References*********
08/10/2022 07:30:03 - INFO - __main__ - ['<mask> does not agree with <mask>.', '<mask> hates <mask>.', '<mask> competes against <mask>.']
08/10/2022 07:30:03 - INFO - __main__ - ****************************
08/10/2022 07:30:03 - INFO - __main__ - ***********Input************
08/10/2022 07:30:03 - INFO - __main__ - <mask> is the capital of <mask>.
08/10/2022 07:30:03 - INFO - __main__ - *********References*********
08/10/2022 07:30:03 - INFO - __main__ - ['<mask> is the largest city in <mask>.', '<mask> is the political and economic center in <mask>', '<mask> belongs to <mask>.', '<mask> is a part of <mask>.', '<mask> belongs to <mask>.']
08/10/2022 07:30:03 - INFO - __main__ - ****************************
08/10/2022 07:30:03 - INFO - __main__ - ***********Input************
08/10/2022 07:30:03 - INFO - __main__ - <mask> is the chairman of <mask>.
08/10/2022 07:30:03 - INFO - __main__ - *********References*********
08/10/2022 07:30:03 - INFO - __main__ - ['<mask> is a member of <mask>.', '<mask> is one of the founder of <mask>.', '<mask> owns <mask>.', '<mask> is the leader of <mask>.', '<mask> decides important issues in <mask>.']
08/10/2022 07:30:03 - INFO - __main__ - ****************************
08/10/2022 07:30:03 - INFO - __main__ - ***********Input************
08/10/2022 07:30:03 - INFO - __main__ - <mask> is the child of <mask>.
08/10/2022 07:30:03 - INFO - __main__ - *********References*********
08/10/2022 07:30:03 - INFO - __main__ - ['<mask> is raised by <mask>.', '<mask> lives together with <mask>.', '<mask> loves <mask>.', '<mask> is one of a family member of <mask>.', '<mask> follows <mask>.']
08/10/2022 07:30:03 - INFO - __main__ - ****************************
08/10/2022 07:30:03 - INFO - __main__ - ***********Input************
08/10/2022 07:30:03 - INFO - __main__ - <mask> is the citizen of <mask>.
08/10/2022 07:30:03 - INFO - __main__ - *********References*********
08/10/2022 07:30:03 - INFO - __main__ - ['<mask> lives in <mask>.', '<mask> is the native of <mask>.', '<mask> speaks the official langauge of <mask>.', '<mask> works in <mask>.', '<mask> is familiar with <mask>.']
08/10/2022 07:30:03 - INFO - __main__ - ****************************
08/10/2022 07:30:04 - INFO - __main__ - ***********Input************
08/10/2022 07:30:04 - INFO - __main__ - <mask> is the competition class of <mask>.
08/10/2022 07:30:04 - INFO - __main__ - *********References*********
08/10/2022 07:30:04 - INFO - __main__ - ['<mask> contains pariticipants in <mask>.', '<mask> is a group of <mask>.', '<mask> competes with other groups in <mask>.']
08/10/2022 07:30:04 - INFO - __main__ - ****************************
08/10/2022 07:30:04 - INFO - __main__ - ***********Input************
08/10/2022 07:30:04 - INFO - __main__ - <mask> is the father of <mask>.
08/10/2022 07:30:04 - INFO - __main__ - *********References*********
08/10/2022 07:30:04 - INFO - __main__ - ['<mask> lives together with <mask>.', '<mask> is one of the family members of <mask>.', '<mask> raises <mask> up.', '<mask> loves <mask>.', '<mask> protects <mask>.']
08/10/2022 07:30:04 - INFO - __main__ - ****************************
08/10/2022 07:30:04 - INFO - __main__ - ***********Input************
08/10/2022 07:30:04 - INFO - __main__ - <mask> is the following event of <mask>.
08/10/2022 07:30:04 - INFO - __main__ - *********References*********
08/10/2022 07:30:04 - INFO - __main__ - ['<mask> happens after <mask>', 'the prerequisite of <mask> is <mask>.']
08/10/2022 07:30:04 - INFO - __main__ - ****************************
08/10/2022 07:30:04 - INFO - __main__ - ***********Input************
08/10/2022 07:30:04 - INFO - __main__ - <mask> is the founder of <mask>.
08/10/2022 07:30:04 - INFO - __main__ - *********References*********
08/10/2022 07:30:04 - INFO - __main__ - ['<mask> works for <mask>.', '<mask> owns <mask>.', '<mask> is the president of <mask>.', '<mask> is an important member of <mask>.', '<mask> decides important issues in <mask>.']
08/10/2022 07:30:04 - INFO - __main__ - ****************************
08/10/2022 07:30:04 - INFO - __main__ - ***********Input************
08/10/2022 07:30:04 - INFO - __main__ - <mask> is the home of <mask>.
08/10/2022 07:30:04 - INFO - __main__ - *********References*********
08/10/2022 07:30:04 - INFO - __main__ - ['<mask> lives in <mask>.', '<mask> has bought or rented <mask>.', '<mask> pays for <mask>.']
08/10/2022 07:30:04 - INFO - __main__ - ****************************
08/10/2022 07:30:04 - INFO - __main__ - ***********Input************
08/10/2022 07:30:04 - INFO - __main__ - <mask> is the jurisdictional office of <mask>.
08/10/2022 07:30:04 - INFO - __main__ - *********References*********
08/10/2022 07:30:04 - INFO - __main__ - ['<mask> offers legal service to <mask>.', '<mask> is funded by <mask>.', '<mask> is a department of <mask>.', '<mask> obeys the requirements presented by <mask>.']
08/10/2022 07:30:04 - INFO - __main__ - ****************************
08/10/2022 07:30:04 - INFO - __main__ - ***********Input************
08/10/2022 07:30:04 - INFO - __main__ - <mask> is the last tour of <mask>.
08/10/2022 07:30:04 - INFO - __main__ - *********References*********
08/10/2022 07:30:04 - INFO - __main__ - ['<mask> is the end of <mask>.', '<mask> is a part of <mask>.']
08/10/2022 07:30:04 - INFO - __main__ - ****************************
08/10/2022 07:30:04 - INFO - __main__ - ***********Input************
08/10/2022 07:30:04 - INFO - __main__ - <mask> is the leader of <mask>.
08/10/2022 07:30:04 - INFO - __main__ - *********References*********
08/10/2022 07:30:04 - INFO - __main__ - ['<mask> is a member of <mask>.', '<mask> is one of the founder of <mask>.', '<mask> owns <mask>.', '<mask> is the leader of <mask>.', '<mask> decides important issues in <mask>.']
08/10/2022 07:30:04 - INFO - __main__ - ****************************
08/10/2022 07:30:04 - INFO - __main__ - ***********Input************
08/10/2022 07:30:04 - INFO - __main__ - <mask> is the mother of <mask>.
08/10/2022 07:30:04 - INFO - __main__ - *********References*********
08/10/2022 07:30:04 - INFO - __main__ - ['<mask> lives together with <mask>.', '<mask> is one of the family members of <mask>.', '<mask> raises <mask> up.', '<mask> loves <mask>.', '<mask> protects <mask>.']
08/10/2022 07:30:04 - INFO - __main__ - ****************************
08/10/2022 07:30:04 - INFO - __main__ - ***********Input************
08/10/2022 07:30:04 - INFO - __main__ - <mask> is the neighbor of <mask>.
08/10/2022 07:30:04 - INFO - __main__ - *********References*********
08/10/2022 07:30:04 - INFO - __main__ - ['<mask> recognizes <mask>.', '<mask> lives next to <mask>.', "there is a border between <mask> and <mask>'s house."]
08/10/2022 07:30:04 - INFO - __main__ - ****************************
08/10/2022 07:30:05 - INFO - __main__ - ***********Input************
08/10/2022 07:30:05 - INFO - __main__ - <mask> is the politician of <mask>.
08/10/2022 07:30:05 - INFO - __main__ - *********References*********
08/10/2022 07:30:05 - INFO - __main__ - ['<mask> is a citizen of <mask>.', '<mask> is <mask> by nationality.', '<mask> wants to be the president of <mask>.', '<mask> lives and works in <brazil>.']
08/10/2022 07:30:05 - INFO - __main__ - ****************************
08/10/2022 07:30:05 - INFO - __main__ - ***********Input************
08/10/2022 07:30:05 - INFO - __main__ - <mask> is the predecessor of <mask>.
08/10/2022 07:30:05 - INFO - __main__ - *********References*********
08/10/2022 07:30:05 - INFO - __main__ - ['<mask> works together with <mask>.', '<mask> is the collegue of <mask>.', '<mask> leads <mask>.', '<mask> assigns tasks to <mask>.']
08/10/2022 07:30:05 - INFO - __main__ - ****************************
08/10/2022 07:30:05 - INFO - __main__ - ***********Input************
08/10/2022 07:30:05 - INFO - __main__ - <mask> is the sibling of <mask>.
08/10/2022 07:30:05 - INFO - __main__ - *********References*********
08/10/2022 07:30:05 - INFO - __main__ - ['<mask> lives together with <mask>.', 'the parents of <mask> and <mask> are the same.', '<mask> and <mask> grow up together.']
08/10/2022 07:30:05 - INFO - __main__ - ****************************
08/10/2022 07:30:05 - INFO - __main__ - ***********Input************
08/10/2022 07:30:05 - INFO - __main__ - <mask> is the spouse of <mask>.
08/10/2022 07:30:05 - INFO - __main__ - *********References*********
08/10/2022 07:30:05 - INFO - __main__ - ['<mask> lives together with <mask>.', '<mask> is the partner of <mask>.', '<mask> recognizes <mask>.', '<mask> loves <mask>.', '<mask> and <mask> have children.', '<mask> is one of the family member of <mask>.', '<mask> is married to <mask>.']
08/10/2022 07:30:05 - INFO - __main__ - ****************************
08/10/2022 07:30:05 - INFO - __main__ - ***********Input************
08/10/2022 07:30:05 - INFO - __main__ - <mask> is voiced by <mask>.
08/10/2022 07:30:05 - INFO - __main__ - *********References*********
08/10/2022 07:30:05 - INFO - __main__ - ['<mask> is performed by <mask>.', '<mask> is one of the works of <mask>.']
08/10/2022 07:30:05 - INFO - __main__ - ****************************
08/10/2022 07:30:05 - INFO - __main__ - ***********Input************
08/10/2022 07:30:05 - INFO - __main__ - <mask> is written by <mask>.
08/10/2022 07:30:05 - INFO - __main__ - *********References*********
08/10/2022 07:30:05 - INFO - __main__ - ['<mask> is created by <mask>.', 'the author of <mask> is <mask>.', '<mask> was used by <mask> to express thought.']
08/10/2022 07:30:05 - INFO - __main__ - ****************************
08/10/2022 07:30:05 - INFO - __main__ - ***********Input************
08/10/2022 07:30:05 - INFO - __main__ - <mask> lives in <mask>.
08/10/2022 07:30:05 - INFO - __main__ - *********References*********
08/10/2022 07:30:05 - INFO - __main__ - ['<mask> is the native of <mask>.', '<mask> works in <mask>.', '<mask> is a member of <mask>.']
08/10/2022 07:30:05 - INFO - __main__ - ****************************
08/10/2022 07:30:05 - INFO - __main__ - ***********Input************
08/10/2022 07:30:05 - INFO - __main__ - <mask> participated in <mask>.
08/10/2022 07:30:05 - INFO - __main__ - *********References*********
08/10/2022 07:30:05 - INFO - __main__ - ['<mask> competed with others in <mask>.', '<mask> applied to participate in <mask>.', '<mask> enjoyed <mask>.', '<mask> has known the results of <mask>.']
08/10/2022 07:30:05 - INFO - __main__ - ****************************
08/10/2022 07:30:05 - INFO - __main__ - ***********Input************
08/10/2022 07:30:05 - INFO - __main__ - <mask> participates in <mask>.
08/10/2022 07:30:05 - INFO - __main__ - *********References*********
08/10/2022 07:30:05 - INFO - __main__ - ['<mask> competes with others in <mask>.', '<mask> applies to participate in <mask>.', '<mask> enjoys <mask>.', '<mask> wants to win in <mask>.']
08/10/2022 07:30:05 - INFO - __main__ - ****************************
08/10/2022 07:30:05 - INFO - __main__ - ***********Input************
08/10/2022 07:30:05 - INFO - __main__ - <mask> plays <mask> in the team.
08/10/2022 07:30:05 - INFO - __main__ - *********References*********
08/10/2022 07:30:05 - INFO - __main__ - ['<mask> is <mask> by profession.', '<mask> is professional in <mask>.']
08/10/2022 07:30:05 - INFO - __main__ - ****************************
08/10/2022 07:30:05 - INFO - __main__ - ***********Input************
08/10/2022 07:30:05 - INFO - __main__ - <mask> plays a notable role in <mask>.
08/10/2022 07:30:05 - INFO - __main__ - *********References*********
08/10/2022 07:30:05 - INFO - __main__ - ['<mask> is an important members of <mask>.', '<mask> makes great contributions in <mask>.', '<mask> serves in <mask>.', '<mask> works for <mask>.']
08/10/2022 07:30:05 - INFO - __main__ - ****************************
08/10/2022 07:30:06 - INFO - __main__ - ***********Input************
08/10/2022 07:30:06 - INFO - __main__ - <mask> serves in <mask>.
08/10/2022 07:30:06 - INFO - __main__ - *********References*********
08/10/2022 07:30:06 - INFO - __main__ - ['<mask> works for <mask>.', '<mask> is the member of <mask>.', '<mask> obeys the commands by <mask>.']
08/10/2022 07:30:06 - INFO - __main__ - ****************************
08/10/2022 07:30:06 - INFO - __main__ - ***********Input************
08/10/2022 07:30:06 - INFO - __main__ - <mask> was born in <mask>.
08/10/2022 07:30:06 - INFO - __main__ - *********References*********
08/10/2022 07:30:06 - INFO - __main__ - ['<mask> was grew up in <mask>.', '<mask> lived in <mask>.', '<mask> was familiar with <mask>.', '<mask> wasthe native of <mask>.', '<mask> was the citizen of <mask>.']
08/10/2022 07:30:06 - INFO - __main__ - ****************************
08/10/2022 07:30:06 - INFO - __main__ - ***********Input************
08/10/2022 07:30:06 - INFO - __main__ - <mask> was shot in <mask>.
08/10/2022 07:30:06 - INFO - __main__ - *********References*********
08/10/2022 07:30:06 - INFO - __main__ - ['the story of <mask> happens in <mask>.', '<mask> make <mask> become famous.']
08/10/2022 07:30:06 - INFO - __main__ - ****************************
08/10/2022 07:30:06 - INFO - __main__ - ***********Input************
08/10/2022 07:30:06 - INFO - __main__ - <mask> wins the prize of <mask>.
08/10/2022 07:30:06 - INFO - __main__ - *********References*********
08/10/2022 07:30:06 - INFO - __main__ - ['<mask> is known for <mask>.', '<mask> is the participants of <mask>.', '<mask> competed with other participants in <mask>.', '<mask> is outstanding in the field of <mask>.']
08/10/2022 07:30:06 - INFO - __main__ - ****************************
08/10/2022 07:30:06 - INFO - __main__ - ***********Input************
08/10/2022 07:30:06 - INFO - __main__ - <mask> works at <mask>.
08/10/2022 07:30:06 - INFO - __main__ - *********References*********
08/10/2022 07:30:06 - INFO - __main__ - ['<mask> is a member of <mask>.', '<mask> makes contribution to <mask>.']
08/10/2022 07:30:06 - INFO - __main__ - ****************************
08/10/2022 07:30:06 - INFO - __main__ - ***********Input************
08/10/2022 07:30:06 - INFO - __main__ - <mask> works in the field of <mask>.
08/10/2022 07:30:06 - INFO - __main__ - *********References*********
08/10/2022 07:30:06 - INFO - __main__ - ['<mask> makes contribution to the field of <mask>.', '<mask> is famous in the field of <mask>.', '<mask> publishes many works related to the field of <mask>.']
08/10/2022 07:30:06 - INFO - __main__ - ****************************
08/10/2022 07:30:06 - INFO - __main__ - ***********Input************
08/10/2022 07:30:06 - INFO - __main__ - One of the characters in <mask> is <mask>.
08/10/2022 07:30:06 - INFO - __main__ - *********References*********
08/10/2022 07:30:06 - INFO - __main__ - ['<mask> is one of the works of <mask>.', '<mask> is performed by <mask>.']
08/10/2022 07:30:06 - INFO - __main__ - ****************************
08/10/2022 07:30:06 - INFO - __main__ - ***********Input************
08/10/2022 07:30:06 - INFO - __main__ - <mask> was interred in <mask>.
08/10/2022 07:30:06 - INFO - __main__ - *********References*********
08/10/2022 07:30:06 - INFO - __main__ - ['<mask> died in <mask>.', '<mask> used to live in <mask>.', '<mask> is the citizen of <mask>.', '<mask> is the native of <mask>.']
08/10/2022 07:30:06 - INFO - __main__ - ****************************
08/10/2022 07:30:06 - INFO - __main__ - ***********Input************
08/10/2022 07:30:06 - INFO - __main__ - The country where <mask> is located in is <mask>.
08/10/2022 07:30:06 - INFO - __main__ - *********References*********
08/10/2022 07:30:06 - INFO - __main__ - ['the nationality of <mask> is <mask>.', '<mask> is a citizen of <mask>.', '<mask> was born in <mask>.', '<mask> works and lives in <mask>.']
08/10/2022 07:30:06 - INFO - __main__ - ****************************
08/10/2022 07:30:06 - INFO - __main__ - ***********Input************
08/10/2022 07:30:06 - INFO - __main__ - The country where <mask> is originated from is <mask>.
08/10/2022 07:30:06 - INFO - __main__ - *********References*********
08/10/2022 07:30:06 - INFO - __main__ - ['<mask> has long history in <mask>.', '<mask> is known by people in <mask>.', '<mask> is invented by people in <mask>.', '<mask> belongs to <mask>.']
08/10/2022 07:30:06 - INFO - __main__ - ****************************
08/10/2022 07:30:06 - INFO - __main__ - ***********Input************
08/10/2022 07:30:06 - INFO - __main__ - The distributor of <mask> is <mask>.
08/10/2022 07:30:06 - INFO - __main__ - *********References*********
08/10/2022 07:30:06 - INFO - __main__ - ['<mask> is sold by <mask>.', '<mask> is a product of <mask>.']
08/10/2022 07:30:06 - INFO - __main__ - ****************************
08/10/2022 07:30:06 - INFO - __main__ - ***********Input************
08/10/2022 07:30:06 - INFO - __main__ - The ethnicity of <mask> is <mask>.
08/10/2022 07:30:06 - INFO - __main__ - *********References*********
08/10/2022 07:30:06 - INFO - __main__ - ['<mask> identify themselves as <mask>.', '<mask> is a group of <mask>.']
08/10/2022 07:30:06 - INFO - __main__ - ****************************
08/10/2022 07:30:07 - INFO - __main__ - ***********Input************
08/10/2022 07:30:07 - INFO - __main__ - The head of government in <mask> is <mask>.
08/10/2022 07:30:07 - INFO - __main__ - *********References*********
08/10/2022 07:30:07 - INFO - __main__ - ['the president of <mask> is <mask>.', 'the decision maker of <mask> is <mask>.', 'one of an important politician of <mask> is <mask>.']
08/10/2022 07:30:07 - INFO - __main__ - ****************************
08/10/2022 07:30:07 - INFO - __main__ - ***********Input************
08/10/2022 07:30:07 - INFO - __main__ - The headquarter of <mask> is in <mask>.
08/10/2022 07:30:07 - INFO - __main__ - *********References*********
08/10/2022 07:30:07 - INFO - __main__ - ['<mask> is founded in <mask>.', "<mask>'s employees lives in <mask>.", '<mask> runs business in <mask>.', '<mask> make contributions to <mask>.']
08/10/2022 07:30:07 - INFO - __main__ - ****************************
08/10/2022 07:30:07 - INFO - __main__ - ***********Input************
08/10/2022 07:30:07 - INFO - __main__ - The instrument of <mask> is <mask>.
08/10/2022 07:30:07 - INFO - __main__ - *********References*********
08/10/2022 07:30:07 - INFO - __main__ - ['<mask> is trained to use <mask>.', '<mask> utilize <mask> to finish work.']
08/10/2022 07:30:07 - INFO - __main__ - ****************************
08/10/2022 07:30:07 - INFO - __main__ - ***********Input************
08/10/2022 07:30:07 - INFO - __main__ - The language used in <mask> is <mask>.
08/10/2022 07:30:07 - INFO - __main__ - *********References*********
08/10/2022 07:30:07 - INFO - __main__ - ['the official language of <mask> is <mask>.', 'most people in <mask> speak <mask> to communicates with others.', 'people in <mask> invented <mask>.']
08/10/2022 07:30:07 - INFO - __main__ - ****************************
08/10/2022 07:30:07 - INFO - __main__ - ***********Input************
08/10/2022 07:30:07 - INFO - __main__ - The main subject of <mask> is <mask>.
08/10/2022 07:30:07 - INFO - __main__ - *********References*********
08/10/2022 07:30:07 - INFO - __main__ - ['one of the representative of <mask> is <mask>.', '<mask> consists of <mask>.']
08/10/2022 07:30:07 - INFO - __main__ - ****************************
08/10/2022 07:30:07 - INFO - __main__ - ***********Input************
08/10/2022 07:30:07 - INFO - __main__ - The major shareholders of <mask> is <mask>.
08/10/2022 07:30:07 - INFO - __main__ - *********References*********
08/10/2022 07:30:07 - INFO - __main__ - ['one of the leaders of <mask> is <mask>.', '<mask> is founded by <mask>.', '<mask> is responsible to <mask>.']
08/10/2022 07:30:07 - INFO - __main__ - ****************************
08/10/2022 07:30:07 - INFO - __main__ - ***********Input************
08/10/2022 07:30:07 - INFO - __main__ - The manufacturer of <mask> is <mask>.
08/10/2022 07:30:07 - INFO - __main__ - *********References*********
08/10/2022 07:30:07 - INFO - __main__ - ['<mask> is produced by <mask>.', '<mask> is sold by <mask> to make profits.', '<mask> is designed by <mask>.']
08/10/2022 07:30:07 - INFO - __main__ - ****************************
08/10/2022 07:30:07 - INFO - __main__ - ***********Input************
08/10/2022 07:30:07 - INFO - __main__ - The military rank of <mask> is <mask>.
08/10/2022 07:30:07 - INFO - __main__ - *********References*********
08/10/2022 07:30:07 - INFO - __main__ - ['<mask> holds the position of <mask>.', '<mask> works as a <mask>.']
08/10/2022 07:30:07 - INFO - __main__ - ****************************
08/10/2022 07:30:07 - INFO - __main__ - ***********Input************
08/10/2022 07:30:07 - INFO - __main__ - The mouth of <mask> is <mask>.
08/10/2022 07:30:07 - INFO - __main__ - *********References*********
08/10/2022 07:30:07 - INFO - __main__ - ['<mask> flows into the ocean through <mask>.', '<mask> connects with the ocean through <mask>.', '<mask> passes through <mask>.', 'the entrance of <mask> is <mask>.']
08/10/2022 07:30:07 - INFO - __main__ - ****************************
08/10/2022 07:30:07 - INFO - __main__ - ***********Input************
08/10/2022 07:30:07 - INFO - __main__ - <mask> is related to movement <mask>.
08/10/2022 07:30:07 - INFO - __main__ - *********References*********
08/10/2022 07:30:07 - INFO - __main__ - ['<mask> participates in <mask>.', '<mask> presents urges through <mask>.', '<mask> is a member of <mask>.', '<mask> supports <mask>.']
08/10/2022 07:30:07 - INFO - __main__ - ****************************
08/10/2022 07:30:07 - INFO - __main__ - ***********Input************
08/10/2022 07:30:07 - INFO - __main__ - The nationality of <mask> is <mask>.
08/10/2022 07:30:07 - INFO - __main__ - *********References*********
08/10/2022 07:30:07 - INFO - __main__ - ['<mask> lives and works in <mask>.', '<mask> was born in <mask>.', '<mask> is a citizen of <mask>.', '<mask> receives education in <mask>.']
08/10/2022 07:30:07 - INFO - __main__ - ****************************
08/10/2022 07:30:07 - INFO - __main__ - ***********Input************
08/10/2022 07:30:07 - INFO - __main__ - The notable work of <mask> is <mask>.
08/10/2022 07:30:07 - INFO - __main__ - *********References*********
08/10/2022 07:30:07 - INFO - __main__ - ['<mask> is known for his <mask>.', '<mask> owns the copyright of <mask>.', '<mask> utilizes <mask> to express her thoughts.']
08/10/2022 07:30:07 - INFO - __main__ - ****************************
08/10/2022 07:30:08 - INFO - __main__ - ***********Input************
08/10/2022 07:30:08 - INFO - __main__ - The official language of <mask> is <mask>.
08/10/2022 07:30:08 - INFO - __main__ - *********References*********
08/10/2022 07:30:08 - INFO - __main__ - ['most people of <mask> communicates in <mask>.', '<mask> created <mask>.']
08/10/2022 07:30:08 - INFO - __main__ - ****************************
08/10/2022 07:30:08 - INFO - __main__ - ***********Input************
08/10/2022 07:30:08 - INFO - __main__ - <mask> based on the operating system <mask>.
08/10/2022 07:30:08 - INFO - __main__ - *********References*********
08/10/2022 07:30:08 - INFO - __main__ - ['<mask> is implemented over <mask>.', '<mask> runs on <mask>.']
08/10/2022 07:30:08 - INFO - __main__ - ****************************
08/10/2022 07:30:08 - INFO - __main__ - ***********Input************
08/10/2022 07:30:08 - INFO - __main__ - The original language of <mask> is <mask>.
08/10/2022 07:30:08 - INFO - __main__ - *********References*********
08/10/2022 07:30:08 - INFO - __main__ - ['<mask> used to speak <mask>.', '<mask> currently speak another language other than <mask>.', '<mask> invented <mask>.', '<mask> forget how to speak <mask>.']
08/10/2022 07:30:08 - INFO - __main__ - ****************************
08/10/2022 07:30:08 - INFO - __main__ - ***********Input************
08/10/2022 07:30:08 - INFO - __main__ - The place where <mask> was born is <mask>.
08/10/2022 07:30:08 - INFO - __main__ - *********References*********
08/10/2022 07:30:08 - INFO - __main__ - ['<mask> grew up in <mask>.', '<mask> lived in <mask>.', '<mask> was familiar with <mask>.', '<mask> was the native of <mask>.', '<mask> was the citizen of <mask>.']
08/10/2022 07:30:08 - INFO - __main__ - ****************************
08/10/2022 07:30:08 - INFO - __main__ - ***********Input************
08/10/2022 07:30:08 - INFO - __main__ - The place where <mask> was buried is <mask>.
08/10/2022 07:30:08 - INFO - __main__ - *********References*********
08/10/2022 07:30:08 - INFO - __main__ - ['<mask> died in <mask>.', '<mask> used to live in <mask>.', '<mask> is the citizen of <mask>.', '<mask> is the native of <mask>.']
08/10/2022 07:30:08 - INFO - __main__ - ****************************
08/10/2022 07:30:08 - INFO - __main__ - ***********Input************
08/10/2022 07:30:08 - INFO - __main__ - The place where <mask> was found is <mask>.
08/10/2022 07:30:08 - INFO - __main__ - *********References*********
08/10/2022 07:30:08 - INFO - __main__ - ['<mask> was buried in <mask>.', '<mask> was lost in <mask>.']
08/10/2022 07:30:08 - INFO - __main__ - ****************************
08/10/2022 07:30:08 - INFO - __main__ - ***********Input************
08/10/2022 07:30:08 - INFO - __main__ - The place where <mask> was founded is <mask>.
08/10/2022 07:30:08 - INFO - __main__ - *********References*********
08/10/2022 07:30:08 - INFO - __main__ - ['<mask> is currently located in <mask>.', '<mask> runs business in <mask>.', 'the founder of <mask> lives and works in <mask>.', '<mask> was a tax-payer of <mask>.']
08/10/2022 07:30:08 - INFO - __main__ - ****************************
08/10/2022 07:30:08 - INFO - __main__ - ***********Input************
08/10/2022 07:30:08 - INFO - __main__ - The place where <mask> works is <mask>.
08/10/2022 07:30:08 - INFO - __main__ - *********References*********
08/10/2022 07:30:08 - INFO - __main__ - ['<mask> lives in <mask>.', '<mask> is the citizen of <mask>.', '<mask> is the native of <mask>.', '<mask> is familiar with <mask>.']
08/10/2022 07:30:08 - INFO - __main__ - ****************************
08/10/2022 07:30:08 - INFO - __main__ - ***********Input************
08/10/2022 07:30:08 - INFO - __main__ - The platform of <mask> is <mask>.
08/10/2022 07:30:08 - INFO - __main__ - *********References*********
08/10/2022 07:30:08 - INFO - __main__ - ['<mask> runs on <mask>.', '<mask> was employed in <mask>.', '<mask> is compatible with <mask>.']
08/10/2022 07:30:08 - INFO - __main__ - ****************************
08/10/2022 07:30:08 - INFO - __main__ - ***********Input************
08/10/2022 07:30:08 - INFO - __main__ - The record label of <mask> is <mask>.
08/10/2022 07:30:08 - INFO - __main__ - *********References*********
08/10/2022 07:30:08 - INFO - __main__ - ['<mask> was released by <mask>.', '<mask> was sold by <mask> to make profits.', 'the copyright of <mask> is owned by <mask>.']
08/10/2022 07:30:08 - INFO - __main__ - ****************************
08/10/2022 07:30:08 - INFO - __main__ - ***********Input************
08/10/2022 07:30:08 - INFO - __main__ - The religion of <mask> is <mask>.
08/10/2022 07:30:08 - INFO - __main__ - *********References*********
08/10/2022 07:30:08 - INFO - __main__ - ['<mask> believe in <mask>.', '<mask> obeys the rule of <mask>.']
08/10/2022 07:30:08 - INFO - __main__ - ****************************
08/10/2022 07:30:08 - INFO - __main__ - ***********Input************
08/10/2022 07:30:08 - INFO - __main__ - The residence of <mask> is <mask>.
08/10/2022 07:30:08 - INFO - __main__ - *********References*********
08/10/2022 07:30:08 - INFO - __main__ - ['<mask> is the native of <mask>.', '<mask> bought a house in <mask>.', '<mask> works in <mask>.']
08/10/2022 07:30:08 - INFO - __main__ - ****************************
08/10/2022 07:30:08 - INFO - __main__ - ***********Input************
08/10/2022 07:30:08 - INFO - __main__ - The river that flows through <mask> is <mask>.
08/10/2022 07:30:08 - INFO - __main__ - *********References*********
08/10/2022 07:30:08 - INFO - __main__ - ['<mask> next to <mask>.', '<mask> has bridge across <mask>.', 'the water source of <mask> is <mask>.']
08/10/2022 07:30:08 - INFO - __main__ - ****************************
08/10/2022 07:30:09 - INFO - __main__ - ***********Input************
08/10/2022 07:30:09 - INFO - __main__ - The route of <mask> is <mask>.
08/10/2022 07:30:09 - INFO - __main__ - *********References*********
08/10/2022 07:30:09 - INFO - __main__ - ['<mask> must pass through <mask>.', '<mask> consists of <mask>.']
08/10/2022 07:30:09 - INFO - __main__ - ****************************
08/10/2022 07:30:09 - INFO - __main__ - ***********Input************
08/10/2022 07:30:09 - INFO - __main__ - The screenwriter of <mask> is <mask>.
08/10/2022 07:30:09 - INFO - __main__ - *********References*********
08/10/2022 07:30:09 - INFO - __main__ - ['<mask> is written by <mask>', '<mask> is one of the works of <mask>.']
08/10/2022 07:30:09 - INFO - __main__ - ****************************
08/10/2022 07:30:09 - INFO - __main__ - ***********Input************
08/10/2022 07:30:09 - INFO - __main__ - The sports <mask> plays is <mask>.
08/10/2022 07:30:09 - INFO - __main__ - *********References*********
08/10/2022 07:30:09 - INFO - __main__ - ['<mask> lives on <mask>.', '<mask> is a professional player of <mask>.', '<mask> is famous for <mask>.']
08/10/2022 07:30:09 - INFO - __main__ - ****************************
08/10/2022 07:30:09 - INFO - __main__ - ***********Input************
08/10/2022 07:30:09 - INFO - __main__ - The subsidiary of <mask> is <mask>.
08/10/2022 07:30:09 - INFO - __main__ - *********References*********
08/10/2022 07:30:09 - INFO - __main__ - ['<mask> is negligible for <mask>.', '<mask> obeys the policies made by <mask>.', '<mask> is founded by <mask>.']
08/10/2022 07:30:09 - INFO - __main__ - ****************************
08/10/2022 07:30:09 - INFO - __main__ - ***********Input************
08/10/2022 07:30:09 - INFO - __main__ - The title of <mask> is <mask>.
08/10/2022 07:30:09 - INFO - __main__ - *********References*********
08/10/2022 07:30:09 - INFO - __main__ - ['<mask> is the summary of <mask>.', '<mask> is printed in the cover of <mask>.', '<mask> is the representative of <mask>.']
08/10/2022 07:30:09 - INFO - __main__ - ****************************
08/10/2022 07:30:09 - INFO - __main__ - ***********Input************
08/10/2022 07:30:09 - INFO - __main__ - The topic of <mask> is <mask>.
08/10/2022 07:30:09 - INFO - __main__ - *********References*********
08/10/2022 07:30:09 - INFO - __main__ - ['<mask> is about <mask>.', '<mask> presents opinions over <mask>.']
08/10/2022 07:30:09 - INFO - __main__ - ****************************
08/10/2022 07:30:09 - INFO - __main__ - ***********Input************
08/10/2022 07:30:09 - INFO - __main__ - The tributary of <mask> is <mask>.
08/10/2022 07:30:09 - INFO - __main__ - *********References*********
08/10/2022 07:30:09 - INFO - __main__ - ['<mask> confluences into <mask>.', '<mask> is a part of <mask>.', '<mask> is a branch of <mask>.']
08/10/2022 07:30:09 - INFO - __main__ - ****************************
08/10/2022 07:30:09 - INFO - __main__ - ***********Input************
08/10/2022 07:30:09 - INFO - __main__ - The voice type of <mask> is <mask>.
08/10/2022 07:30:09 - INFO - __main__ - *********References*********
08/10/2022 07:30:09 - INFO - __main__ - ['<mask> sings as a <mask>.', '<mask> is known as <mask>.', '<mask> is a professional <mask>.']
08/10/2022 07:30:09 - INFO - __main__ - ****************************
08/10/2022 07:30:09 - INFO - __main__ - ***********Input************
08/10/2022 07:30:09 - INFO - __main__ - The weights level of the professional boxer <mask> is <mask>.
08/10/2022 07:30:09 - INFO - __main__ - *********References*********
08/10/2022 07:30:09 - INFO - __main__ - ['<mask> competes with other participants that is <mask>.', '<mask> participates boxing games in the level of <mask>.']
08/10/2022 07:30:09 - INFO - __main__ - ****************************
08/10/2022 07:30:09 - INFO - __main__ - ***********Input************
08/10/2022 07:30:09 - INFO - __main__ - The winner of <mask> is <mask>.
08/10/2022 07:30:09 - INFO - __main__ - *********References*********
08/10/2022 07:30:09 - INFO - __main__ - ['one of the participants of <mask> is <mask>.', '<mask> awards prize to <mask>.', '<mask> congradulates the success of <mask>.']
08/10/2022 07:30:09 - INFO - __main__ - ****************************
08/10/2022 07:30:09 - INFO - __main__ - ***********Input************
08/10/2022 07:30:09 - INFO - __main__ - The winner of the election <mask> is <mask>.
08/10/2022 07:30:09 - INFO - __main__ - *********References*********
08/10/2022 07:30:09 - INFO - __main__ - ['one of the candidates of <mask> is <mask>.']
08/10/2022 07:30:09 - INFO - __main__ - ****************************
08/10/2022 07:30:09 - INFO - __main__ - ***********Input************
08/10/2022 07:30:09 - INFO - __main__ - <mask> and <mask> are twin cities.
08/10/2022 07:30:09 - INFO - __main__ - *********References*********
08/10/2022 07:30:09 - INFO - __main__ - ['<mask> locates next to <mask>', '<mask> nears <mask>', '<mask> and <mask> locate belong to same country.', 'people in <mask> and <mask> speak same language.']
08/10/2022 07:30:09 - INFO - __main__ - ****************************
08/10/2022 07:30:09 - INFO - __main__ - ***********Input************
08/10/2022 07:30:09 - INFO - __main__ - <mask> causes <mask>.
08/10/2022 07:30:09 - INFO - __main__ - *********References*********
08/10/2022 07:30:09 - INFO - __main__ - ['<mask> is the reason of <mask>.', '<mask> is responsible to <mask>.', '<mask> leads to <mask>.', '<mask> is the prerequisite of <mask>.']
08/10/2022 07:30:09 - INFO - __main__ - ****************************
08/10/2022 07:30:09 - INFO - __main__ - ***********Input************
08/10/2022 07:30:09 - INFO - __main__ - <mask> consists of <mask>.
08/10/2022 07:30:09 - INFO - __main__ - *********References*********
08/10/2022 07:30:09 - INFO - __main__ - ['<mask> is made of <mask>.', '<mask> can be divided into <mask>.']
08/10/2022 07:30:09 - INFO - __main__ - ****************************
08/10/2022 07:30:10 - INFO - __main__ - ***********Input************
08/10/2022 07:30:10 - INFO - __main__ - <mask> is a <mask> by profession.
08/10/2022 07:30:10 - INFO - __main__ - *********References*********
08/10/2022 07:30:10 - INFO - __main__ - ['<mask> works as a <mask>.', '<mask> earns money through being <mask>.', '<mask> is known as a <mask>.']
08/10/2022 07:30:10 - INFO - __main__ - ****************************
08/10/2022 07:30:10 - INFO - __main__ - ***********Input************
08/10/2022 07:30:10 - INFO - __main__ - <mask> is a subclass of <mask>.
08/10/2022 07:30:10 - INFO - __main__ - *********References*********
08/10/2022 07:30:10 - INFO - __main__ - ['<mask> is a branch of <mask>.', '<mask> is a part of <mask>.', '<mask> derives from <mask>.']
08/10/2022 07:30:10 - INFO - __main__ - ****************************
08/10/2022 07:30:10 - INFO - __main__ - ***********Input************
08/10/2022 07:30:10 - INFO - __main__ - <mask> is affiliated with the <mask> religion.
08/10/2022 07:30:10 - INFO - __main__ - *********References*********
08/10/2022 07:30:10 - INFO - __main__ - ['<mask> is a branch of <mask>.', '<mask> is a part of <mask>.', '<mask> is similar to <mask>.', '<mask> derives from <mask>.']
08/10/2022 07:30:10 - INFO - __main__ - ****************************
08/10/2022 07:30:10 - INFO - __main__ - ***********Input************
08/10/2022 07:30:10 - INFO - __main__ - <mask> is contained in <mask>.
08/10/2022 07:30:10 - INFO - __main__ - *********References*********
08/10/2022 07:30:10 - INFO - __main__ - ['<mask> is a part of <mask>.', '<mask> cannot get out of <mask>.', '<mask> is stored in <mask>.']
08/10/2022 07:30:10 - INFO - __main__ - ****************************
08/10/2022 07:30:10 - INFO - __main__ - ***********Input************
08/10/2022 07:30:10 - INFO - __main__ - <mask> is developed by <mask>.
08/10/2022 07:30:10 - INFO - __main__ - *********References*********
08/10/2022 07:30:10 - INFO - __main__ - ['<mask> is founded by <mask>.', 'the big contributor of <mask> is <mask>.', '<mask> is known for <mask>.']
08/10/2022 07:30:10 - INFO - __main__ - ****************************
08/10/2022 07:30:10 - INFO - __main__ - ***********Input************
08/10/2022 07:30:10 - INFO - __main__ - <mask> is named after <mask>.
08/10/2022 07:30:10 - INFO - __main__ - *********References*********
08/10/2022 07:30:10 - INFO - __main__ - ['<mask> is represented by <mask>.', '<mask> is called as <mask>.', '<mask> is the object of <mask>.']
08/10/2022 07:30:10 - INFO - __main__ - ****************************
08/10/2022 07:30:10 - INFO - __main__ - ***********Input************
08/10/2022 07:30:10 - INFO - __main__ - <mask> is originated from <mask>.
08/10/2022 07:30:10 - INFO - __main__ - *********References*********
08/10/2022 07:30:10 - INFO - __main__ - ['<mask> is invented by people in <mask>.', '<mask> belongs to <mask>.', '<mask> is originally used in <mask>.']
08/10/2022 07:30:10 - INFO - __main__ - ****************************
08/10/2022 07:30:10 - INFO - __main__ - ***********Input************
08/10/2022 07:30:10 - INFO - __main__ - <mask> is professional in the field of <mask>.
08/10/2022 07:30:10 - INFO - __main__ - *********References*********
08/10/2022 07:30:10 - INFO - __main__ - ['<mask> is a pioneer in the field of <mask>.', '<mask> makes great contribution to the field of <mask>.', '<mask> is known for his outstanding ability in <mask>', '<mask> has win prize in the field of <mask>.']
08/10/2022 07:30:10 - INFO - __main__ - ****************************
08/10/2022 07:30:10 - INFO - __main__ - ***********Input************
08/10/2022 07:30:10 - INFO - __main__ - <mask> is represented by music label <mask>.
08/10/2022 07:30:10 - INFO - __main__ - *********References*********
08/10/2022 07:30:10 - INFO - __main__ - ['<mask> is classified as <mask>.', 'the style of <mask> is <mask>.', 'the author of <mask> is familiar with <mask> music.']
08/10/2022 07:30:10 - INFO - __main__ - ****************************
08/10/2022 07:30:10 - INFO - __main__ - ***********Input************
08/10/2022 07:30:10 - INFO - __main__ - <mask> is the bridge across the <mask>.
08/10/2022 07:30:10 - INFO - __main__ - *********References*********
08/10/2022 07:30:10 - INFO - __main__ - ['<mask> is built across the bridge.', 'people utlize <mask> to cross <mask>.']
08/10/2022 07:30:10 - INFO - __main__ - ****************************
08/10/2022 07:30:10 - INFO - __main__ - ***********Input************
08/10/2022 07:30:10 - INFO - __main__ - <mask> is the child of <mask>.
08/10/2022 07:30:10 - INFO - __main__ - *********References*********
08/10/2022 07:30:10 - INFO - __main__ - ['<mask> is raised by <mask>.', '<mask> lives together with <mask>.', '<mask> loves <mask>.', '<mask> is one of a family member of <mask>.', '<mask> follows <mask>.']
08/10/2022 07:30:10 - INFO - __main__ - ****************************
08/10/2022 07:30:10 - INFO - __main__ - ***********Input************
08/10/2022 07:30:10 - INFO - __main__ - <mask> is the collection of <mask>.
08/10/2022 07:30:10 - INFO - __main__ - *********References*********
08/10/2022 07:30:10 - INFO - __main__ - ['<mask> contains a lot of <mask>.', '<mask> consists of <mask>.']
08/10/2022 07:30:10 - INFO - __main__ - ****************************
08/10/2022 07:30:11 - INFO - __main__ - ***********Input************
08/10/2022 07:30:11 - INFO - __main__ - <mask> is the component of <mask>.
08/10/2022 07:30:11 - INFO - __main__ - *********References*********
08/10/2022 07:30:11 - INFO - __main__ - ['<mask> is a part of <mask>.', '<mask> is collected to make <mask>.']
08/10/2022 07:30:11 - INFO - __main__ - ****************************
08/10/2022 07:30:11 - INFO - __main__ - ***********Input************
08/10/2022 07:30:11 - INFO - __main__ - <mask> is the instrument of <mask>.
08/10/2022 07:30:11 - INFO - __main__ - *********References*********
08/10/2022 07:30:11 - INFO - __main__ - ['<mask> is used by <mask> to finish work.', '<mask> is important to <mask>.', '<mask> is the instrument that <mask> is trained to use.']
08/10/2022 07:30:11 - INFO - __main__ - ****************************
08/10/2022 07:30:11 - INFO - __main__ - ***********Input************
08/10/2022 07:30:11 - INFO - __main__ - <mask> is the number of <mask>.
08/10/2022 07:30:11 - INFO - __main__ - *********References*********
08/10/2022 07:30:11 - INFO - __main__ - ['<mask> is used to identify <mask>.', '<mask> represents <mask>.']
08/10/2022 07:30:11 - INFO - __main__ - ****************************
08/10/2022 07:30:11 - INFO - __main__ - ***********Input************
08/10/2022 07:30:11 - INFO - __main__ - <mask> is the parent of <mask>.
08/10/2022 07:30:11 - INFO - __main__ - *********References*********
08/10/2022 07:30:11 - INFO - __main__ - ['<mask> live together with <mask>.', '<mask> raises <mask> up.', '<mask> loves <mask>.', '<mask> educates <mask>.']
08/10/2022 07:30:11 - INFO - __main__ - ****************************
08/10/2022 07:30:11 - INFO - __main__ - ***********Input************
08/10/2022 07:30:11 - INFO - __main__ - <mask> is the producer of <mask>.
08/10/2022 07:30:11 - INFO - __main__ - *********References*********
08/10/2022 07:30:11 - INFO - __main__ - ['<mask> sells <mask> to make profits.', '<mask> is familiar with <mask>.', '<mask> is the designer of <mask>.']
08/10/2022 07:30:11 - INFO - __main__ - ****************************
08/10/2022 07:30:11 - INFO - __main__ - ***********Input************
08/10/2022 07:30:11 - INFO - __main__ - <mask> is the sequel of <mask>.
08/10/2022 07:30:11 - INFO - __main__ - *********References*********
08/10/2022 07:30:11 - INFO - __main__ - ['<mask> comes after <mask>.', '<mask> continues the story of <mask>.', '<mask> has the same producer as <mask>.']
08/10/2022 07:30:11 - INFO - __main__ - ****************************
08/10/2022 07:30:11 - INFO - __main__ - ***********Input************
08/10/2022 07:30:11 - INFO - __main__ - <mask> is the spouse of <mask>.
08/10/2022 07:30:11 - INFO - __main__ - *********References*********
08/10/2022 07:30:11 - INFO - __main__ - ['<mask> lives together with <mask>.', '<mask> is the partner of <mask>.', '<mask> recognizes <mask>.', '<mask> loves <mask>.', '<mask> and <mask> have children.', '<mask> is one of the family member of <mask>.', '<mask> is married to <mask>.']
08/10/2022 07:30:11 - INFO - __main__ - ****************************
08/10/2022 07:30:11 - INFO - __main__ - ***********Input************
08/10/2022 07:30:11 - INFO - __main__ - <mask> maintains diplomatic relations with <mask>.
08/10/2022 07:30:11 - INFO - __main__ - *********References*********
08/10/2022 07:30:11 - INFO - __main__ - ['<mask> deals with <mask>.', '<mask> is the business partner of <mask>.', '<mask> discuss international issues with <mask>.', '<mask> assigns ambassador to <mask>.']
08/10/2022 07:30:11 - INFO - __main__ - ****************************
08/10/2022 07:30:11 - INFO - __main__ - ***********Input************
08/10/2022 07:30:11 - INFO - __main__ - <mask> plays <mask> music.
08/10/2022 07:30:11 - INFO - __main__ - *********References*********
08/10/2022 07:30:11 - INFO - __main__ - ['<mask> loves <mask> music.', '<mask> is familiar with <mask>.']
08/10/2022 07:30:11 - INFO - __main__ - ****************************
08/10/2022 07:30:11 - INFO - __main__ - ***********Input************
08/10/2022 07:30:11 - INFO - __main__ - <mask> plays in <mask> position.
08/10/2022 07:30:11 - INFO - __main__ - *********References*********
08/10/2022 07:30:11 - INFO - __main__ - ['<mask> is familiar with <mask>.', '<mask> is famous as a <mask>.']
08/10/2022 07:30:11 - INFO - __main__ - ****************************
08/10/2022 07:30:11 - INFO - __main__ - ***********Input************
08/10/2022 07:30:11 - INFO - __main__ - <mask> plays with <mask>.
08/10/2022 07:30:11 - INFO - __main__ - *********References*********
08/10/2022 07:30:11 - INFO - __main__ - ['<mask> recognizes <mask>.', '<mask> is a friend of <mask>.', '<mask> trusts <mask>.']
08/10/2022 07:30:11 - INFO - __main__ - ****************************
08/10/2022 07:30:11 - INFO - __main__ - ***********Input************
08/10/2022 07:30:11 - INFO - __main__ - <mask> shares border with <mask>.
08/10/2022 07:30:11 - INFO - __main__ - *********References*********
08/10/2022 07:30:11 - INFO - __main__ - ['<mask> is adjacent to <mask>.', '<mask> connects with <mask>.', '<mask> next to <mask>.']
08/10/2022 07:30:11 - INFO - __main__ - ****************************
08/10/2022 07:30:12 - INFO - __main__ - ***********Input************
08/10/2022 07:30:12 - INFO - __main__ - <mask> used to communicate in <mask>.
08/10/2022 07:30:12 - INFO - __main__ - *********References*********
08/10/2022 07:30:12 - INFO - __main__ - ['the official language of <mask> used to be <mask>.', '<mask> created <mask>.', '<mask> was the native speakers of <mask>.', '<mask> currently do not use <mask>.']
08/10/2022 07:30:12 - INFO - __main__ - ****************************
08/10/2022 07:30:12 - INFO - __main__ - ***********Input************
08/10/2022 07:30:12 - INFO - __main__ - <mask> used to work in <mask>.
08/10/2022 07:30:12 - INFO - __main__ - *********References*********
08/10/2022 07:30:12 - INFO - __main__ - ['<mask> lived in <mask> before.', '<mask> has left <mask>.', "<mask>'s former company is located in <mask>.", '<mask> is familiar with <mask>.']
08/10/2022 07:30:12 - INFO - __main__ - ****************************
08/10/2022 07:30:12 - INFO - __main__ - ***********Input************
08/10/2022 07:30:12 - INFO - __main__ - <mask> was delievered to <mask>.
08/10/2022 07:30:12 - INFO - __main__ - *********References*********
08/10/2022 07:30:12 - INFO - __main__ - ['<mask> is bought by <mask>.', '<mask> is needed by <mask>.']
08/10/2022 07:30:12 - INFO - __main__ - ****************************
08/10/2022 07:30:12 - INFO - __main__ - ***********Input************
08/10/2022 07:30:12 - INFO - __main__ - <mask> was educated at the University of <mask>.
08/10/2022 07:30:12 - INFO - __main__ - *********References*********
08/10/2022 07:30:12 - INFO - __main__ - ['<mask> graduates from the university of <mask>.', '<mask> obtains degree from the unviersity of <mask>.', '<mask> is the alumni of the university of <mask>.', "<mask>'s mentor works at the university of <mask>."]
08/10/2022 07:30:12 - INFO - __main__ - ****************************
08/10/2022 07:30:12 - INFO - __main__ - ***********Input************
08/10/2022 07:30:12 - INFO - __main__ - <mask> was written in <mask>.
08/10/2022 07:30:12 - INFO - __main__ - *********References*********
08/10/2022 07:30:12 - INFO - __main__ - ['the author of <mask> speaks <mask>.', 'the main language used in <mask> is <mask>.', '<mask> records a lot of <mask>.']
08/10/2022 07:30:12 - INFO - __main__ - ****************************
08/10/2022 07:30:12 - INFO - __main__ - ***********Input************
08/10/2022 07:30:12 - INFO - __main__ - <mask> works for <mask>.
08/10/2022 07:30:12 - INFO - __main__ - *********References*********
08/10/2022 07:30:12 - INFO - __main__ - ['<mask> serves in <mask>.', '<mask> make contributions to <mask>.', '<mask> is an employee of <mask>.', '<mask> get paid from <mask>.', '<mask> concerns the development and the future of <mask>.']
08/10/2022 07:30:12 - INFO - __main__ - ****************************
08/10/2022 07:30:12 - INFO - __main__ - reference entailment score: 0.47949172806168233
